

-o 00_Data/05a_Stacks.denovo.ALL.M1n1//Catalog_ALL -s 00_Data/05a_Stacks.denovo.ALL.M1n1//S_23_00984 -n 1 -p 16
-o 00_Data/05a_Stacks.denovo.ALL.M1n1//Catalog_ALL -s 00_Data/05a_Stacks.denovo.ALL.M1n1//S_23_00993 -n 1 -p 16
-o 00_Data/05a_Stacks.denovo.ALL.M1n1//Catalog_ALL -s 00_Data/05a_Stacks.denovo.ALL.M1n1//S_23_00995 -n 1 -p 16
-o 00_Data/05a_Stacks.denovo.ALL.M1n1//Catalog_ALL -s 00_Data/05a_Stacks.denovo.ALL.M1n1//S_23_01001 -n 1 -p 16
-o 00_Data/05a_Stacks.denovo.ALL.M1n1//Catalog_ALL -s 00_Data/05a_Stacks.denovo.ALL.M1n1//S_23_01010 -n 1 -p 16
-o 00_Data/05a_Stacks.denovo.ALL.M1n1//Catalog_ALL -s 00_Data/05a_Stacks.denovo.ALL.M1n1//S_23_01043 -n 1 -p 16
-o 00_Data/05a_Stacks.denovo.ALL.M1n1//Catalog_ALL -s 00_Data/05a_Stacks.denovo.ALL.M1n1//S_23_01049 -n 1 -p 16
-o 00_Data/05a_Stacks.denovo.ALL.M1n1//Catalog_ALL -s 00_Data/05a_Stacks.denovo.ALL.M1n1//S_23_01050 -n 1 -p 16
-o 00_Data/05a_Stacks.denovo.ALL.M1n1//Catalog_ALL -s 00_Data/05a_Stacks.denovo.ALL.M1n1//S_23_01058 -n 1 -p 16
-o 00_Data/05a_Stacks.denovo.ALL.M1n1//Catalog_ALL -s 00_Data/05a_Stacks.denovo.ALL.M1n1//S_23_01061 -n 1 -p 16
-o 00_Data/05a_Stacks.denovo.ALL.M1n1//Catalog_ALL -s 00_Data/05a_Stacks.denovo.ALL.M1n1//S_23_01094 -n 1 -p 16
-o 00_Data/05a_Stacks.denovo.ALL.M1n1//Catalog_ALL -s 00_Data/05a_Stacks.denovo.ALL.M1n1//S_23_01100 -n 1 -p 16
-o 00_Data/05a_Stacks.denovo.ALL.M1n1//Catalog_ALL -s 00_Data/05a_Stacks.denovo.ALL.M1n1//S_23_01108 -n 1 -p 16
-o 00_Data/05a_Stacks.denovo.ALL.M1n1//Catalog_ALL -s 00_Data/05a_Stacks.denovo.ALL.M1n1//S_23_01109 -n 1 -p 16
-o 00_Data/05a_Stacks.denovo.ALL.M1n1//Catalog_ALL -s 00_Data/05a_Stacks.denovo.ALL.M1n1//S_23_01111 -n 1 -p 16
-o 00_Data/05a_Stacks.denovo.ALL.M1n1//Catalog_ALL -s 00_Data/05a_Stacks.denovo.ALL.M1n1//S_23_01151 -n 1 -p 16
-o 00_Data/05a_Stacks.denovo.ALL.M1n1//Catalog_ALL -s 00_Data/05a_Stacks.denovo.ALL.M1n1//S_23_01161 -n 1 -p 16
-o 00_Data/05a_Stacks.denovo.ALL.M1n1//Catalog_ALL -s 00_Data/05a_Stacks.denovo.ALL.M1n1//S_23_01168 -n 1 -p 16
-o 00_Data/05a_Stacks.denovo.ALL.M1n1//Catalog_ALL -s 00_Data/05a_Stacks.denovo.ALL.M1n1//S_23_01169 -n 1 -p 16
-o 00_Data/05a_Stacks.denovo.ALL.M1n1//Catalog_ALL -s 00_Data/05a_Stacks.denovo.ALL.M1n1//S_23_01175 -n 1 -p 16
-o 00_Data/05a_Stacks.denovo.ALL.M1n1//Catalog_ALL -s 00_Data/05a_Stacks.denovo.ALL.M1n1//S_23_01196 -n 1 -p 16
-o 00_Data/05a_Stacks.denovo.ALL.M1n1//Catalog_ALL -s 00_Data/05a_Stacks.denovo.ALL.M1n1//S_23_01201 -n 1 -p 16
-o 00_Data/05a_Stacks.denovo.ALL.M1n1//Catalog_ALL -s 00_Data/05a_Stacks.denovo.ALL.M1n1//S_23_01210 -n 1 -p 16
-o 00_Data/05a_Stacks.denovo.ALL.M1n1//Catalog_ALL -s 00_Data/05a_Stacks.denovo.ALL.M1n1//S_23_01215 -n 1 -p 16
-o 00_Data/05a_Stacks.denovo.ALL.M1n1//Catalog_ALL -s 00_Data/05a_Stacks.denovo.ALL.M1n1//S_23_01216 -n 1 -p 16
-o 00_Data/05a_Stacks.denovo.ALL.M1n1//Catalog_ALL -s 00_Data/05a_Stacks.denovo.ALL.M1n1//S_23_01245 -n 1 -p 16
-o 00_Data/05a_Stacks.denovo.ALL.M1n1//Catalog_ALL -s 00_Data/05a_Stacks.denovo.ALL.M1n1//S_23_01254 -n 1 -p 16
-o 00_Data/05a_Stacks.denovo.ALL.M1n1//Catalog_ALL -s 00_Data/05a_Stacks.denovo.ALL.M1n1//S_23_01277 -n 1 -p 16
-o 00_Data/05a_Stacks.denovo.ALL.M1n1//Catalog_ALL -s 00_Data/05a_Stacks.denovo.ALL.M1n1//S_23_01795 -n 1 -p 16
-o 00_Data/05a_Stacks.denovo.ALL.M1n1//Catalog_ALL -s 00_Data/05a_Stacks.denovo.ALL.M1n1//S_23_01800 -n 1 -p 16
-o 00_Data/05a_Stacks.denovo.ALL.M1n1//Catalog_ALL -s 00_Data/05a_Stacks.denovo.ALL.M1n1//S_23_01807 -n 1 -p 16
-o 00_Data/05a_Stacks.denovo.ALL.M1n1//Catalog_ALL -s 00_Data/05a_Stacks.denovo.ALL.M1n1//S_23_01809 -n 1 -p 16
-o 00_Data/05a_Stacks.denovo.ALL.M1n1//Catalog_ALL -s 00_Data/05a_Stacks.denovo.ALL.M1n1//S_23_01817 -n 1 -p 16
-o 00_Data/05a_Stacks.denovo.ALL.M1n1//Catalog_ALL -s 00_Data/05a_Stacks.denovo.ALL.M1n1//S_23_01844 -n 1 -p 16
-o 00_Data/05a_Stacks.denovo.ALL.M1n1//Catalog_ALL -s 00_Data/05a_Stacks.denovo.ALL.M1n1//S_23_01845 -n 1 -p 16
-o 00_Data/05a_Stacks.denovo.ALL.M1n1//Catalog_ALL -s 00_Data/05a_Stacks.denovo.ALL.M1n1//S_23_01849 -n 1 -p 16
-o 00_Data/05a_Stacks.denovo.ALL.M1n1//Catalog_ALL -s 00_Data/05a_Stacks.denovo.ALL.M1n1//S_23_01852 -n 1 -p 16
-o 00_Data/05a_Stacks.denovo.ALL.M1n1//Catalog_ALL -s 00_Data/05a_Stacks.denovo.ALL.M1n1//S_23_01878 -n 1 -p 16
-o 00_Data/05a_Stacks.denovo.ALL.M1n1//Catalog_ALL -s 00_Data/05a_Stacks.denovo.ALL.M1n1//S_23_01911 -n 1 -p 16
-o 00_Data/05a_Stacks.denovo.ALL.M1n1//Catalog_ALL -s 00_Data/05a_Stacks.denovo.ALL.M1n1//S_23_01917 -n 1 -p 16
-o 00_Data/05a_Stacks.denovo.ALL.M1n1//Catalog_ALL -s 00_Data/05a_Stacks.denovo.ALL.M1n1//S_23_01919 -n 1 -p 16
-o 00_Data/05a_Stacks.denovo.ALL.M1n1//Catalog_ALL -s 00_Data/05a_Stacks.denovo.ALL.M1n1//S_23_01921 -n 1 -p 16
-o 00_Data/05a_Stacks.denovo.ALL.M1n1//Catalog_ALL -s 00_Data/05a_Stacks.denovo.ALL.M1n1//S_23_01924 -n 1 -p 16
-o 00_Data/05a_Stacks.denovo.ALL.M1n1//Catalog_ALL -s 00_Data/05a_Stacks.denovo.ALL.M1n1//S_23_02000 -n 1 -p 16
-o 00_Data/05a_Stacks.denovo.ALL.M1n1//Catalog_ALL -s 00_Data/05a_Stacks.denovo.ALL.M1n1//S_23_02006 -n 1 -p 16
-o 00_Data/05a_Stacks.denovo.ALL.M1n1//Catalog_ALL -s 00_Data/05a_Stacks.denovo.ALL.M1n1//S_23_02008 -n 1 -p 16
-o 00_Data/05a_Stacks.denovo.ALL.M1n1//Catalog_ALL -s 00_Data/05a_Stacks.denovo.ALL.M1n1//S_23_02014 -n 1 -p 16
-o 00_Data/05a_Stacks.denovo.ALL.M1n1//Catalog_ALL -s 00_Data/05a_Stacks.denovo.ALL.M1n1//S_23_02032 -n 1 -p 16
-o 00_Data/05a_Stacks.denovo.ALL.M1n1//Catalog_ALL -s 00_Data/05a_Stacks.denovo.ALL.M1n1//S_23_02058 -n 1 -p 16
-o 00_Data/05a_Stacks.denovo.ALL.M1n1//Catalog_ALL -s 00_Data/05a_Stacks.denovo.ALL.M1n1//S_23_02064 -n 1 -p 16
-o 00_Data/05a_Stacks.denovo.ALL.M1n1//Catalog_ALL -s 00_Data/05a_Stacks.denovo.ALL.M1n1//S_23_02076 -n 1 -p 16
-o 00_Data/05a_Stacks.denovo.ALL.M1n1//Catalog_ALL -s 00_Data/05a_Stacks.denovo.ALL.M1n1//S_23_02077 -n 1 -p 16
-o 00_Data/05a_Stacks.denovo.ALL.M1n1//Catalog_ALL -s 00_Data/05a_Stacks.denovo.ALL.M1n1//S_23_02078 -n 1 -p 16
-o 00_Data/05a_Stacks.denovo.ALL.M1n1//Catalog_ALL -s 00_Data/05a_Stacks.denovo.ALL.M1n1//S_23_02079 -n 1 -p 16
-o 00_Data/05a_Stacks.denovo.ALL.M1n1//Catalog_ALL -s 00_Data/05a_Stacks.denovo.ALL.M1n1//S_23_02080 -n 1 -p 16
-o 00_Data/05a_Stacks.denovo.ALL.M1n1//Catalog_ALL -s 00_Data/05a_Stacks.denovo.ALL.M1n1//S_23_02081 -n 1 -p 16
-o 00_Data/05a_Stacks.denovo.ALL.M1n1//Catalog_ALL -s 00_Data/05a_Stacks.denovo.ALL.M1n1//S_23_02086 -n 1 -p 16
-o 00_Data/05a_Stacks.denovo.ALL.M1n1//Catalog_ALL -s 00_Data/05a_Stacks.denovo.ALL.M1n1//S_23_02087 -n 1 -p 16
-o 00_Data/05a_Stacks.denovo.ALL.M1n1//Catalog_ALL -s 00_Data/05a_Stacks.denovo.ALL.M1n1//S_23_02088 -n 1 -p 16
-o 00_Data/05a_Stacks.denovo.ALL.M1n1//Catalog_ALL -s 00_Data/05a_Stacks.denovo.ALL.M1n1//S_23_02089 -n 1 -p 16
-o 00_Data/05a_Stacks.denovo.ALL.M1n1//Catalog_ALL -s 00_Data/05a_Stacks.denovo.ALL.M1n1//S_23_02090 -n 1 -p 16
-o 00_Data/05a_Stacks.denovo.ALL.M1n1//Catalog_ALL -s 00_Data/05a_Stacks.denovo.ALL.M1n1//S_23_02093 -n 1 -p 16
-o 00_Data/05a_Stacks.denovo.ALL.M1n1//Catalog_ALL -s 00_Data/05a_Stacks.denovo.ALL.M1n1//S_23_02094 -n 1 -p 16
-o 00_Data/05a_Stacks.denovo.ALL.M1n1//Catalog_ALL -s 00_Data/05a_Stacks.denovo.ALL.M1n1//S_23_02098 -n 1 -p 16
-o 00_Data/05a_Stacks.denovo.ALL.M1n1//Catalog_ALL -s 00_Data/05a_Stacks.denovo.ALL.M1n1//S_23_02111 -n 1 -p 16
-o 00_Data/05a_Stacks.denovo.ALL.M1n1//Catalog_ALL -s 00_Data/05a_Stacks.denovo.ALL.M1n1//S_23_02113 -n 1 -p 16
-o 00_Data/05a_Stacks.denovo.ALL.M1n1//Catalog_ALL -s 00_Data/05a_Stacks.denovo.ALL.M1n1//S_23_02115 -n 1 -p 16
-o 00_Data/05a_Stacks.denovo.ALL.M1n1//Catalog_ALL -s 00_Data/05a_Stacks.denovo.ALL.M1n1//S_23_02127 -n 1 -p 16
-o 00_Data/05a_Stacks.denovo.ALL.M1n1//Catalog_ALL -s 00_Data/05a_Stacks.denovo.ALL.M1n1//S_23_02144 -n 1 -p 16
-o 00_Data/05a_Stacks.denovo.ALL.M1n1//Catalog_ALL -s 00_Data/05a_Stacks.denovo.ALL.M1n1//S_23_02146 -n 1 -p 16
-o 00_Data/05a_Stacks.denovo.ALL.M1n1//Catalog_ALL -s 00_Data/05a_Stacks.denovo.ALL.M1n1//S_23_02156 -n 1 -p 16
-o 00_Data/05a_Stacks.denovo.ALL.M1n1//Catalog_ALL -s 00_Data/05a_Stacks.denovo.ALL.M1n1//S_23_02160 -n 1 -p 16
-o 00_Data/05a_Stacks.denovo.ALL.M1n1//Catalog_ALL -s 00_Data/05a_Stacks.denovo.ALL.M1n1//S_23_02163 -n 1 -p 16
-o 00_Data/05a_Stacks.denovo.ALL.M1n1//Catalog_ALL -s 00_Data/05a_Stacks.denovo.ALL.M1n1//S_23_02166 -n 1 -p 16
-o 00_Data/05a_Stacks.denovo.ALL.M1n1//Catalog_ALL -s 00_Data/05a_Stacks.denovo.ALL.M1n1//S_23_02169 -n 1 -p 16
-o 00_Data/05a_Stacks.denovo.ALL.M1n1//Catalog_ALL -s 00_Data/05a_Stacks.denovo.ALL.M1n1//S_23_02170 -n 1 -p 16
-o 00_Data/05a_Stacks.denovo.ALL.M1n1//Catalog_ALL -s 00_Data/05a_Stacks.denovo.ALL.M1n1//S_23_02174 -n 1 -p 16
-o 00_Data/05a_Stacks.denovo.ALL.M1n1//Catalog_ALL -s 00_Data/05a_Stacks.denovo.ALL.M1n1//S_23_02176 -n 1 -p 16
-o 00_Data/05a_Stacks.denovo.ALL.M1n1//Catalog_ALL -s 00_Data/05a_Stacks.denovo.ALL.M1n1//S_23_02186 -n 1 -p 16
-o 00_Data/05a_Stacks.denovo.ALL.M1n1//Catalog_ALL -s 00_Data/05a_Stacks.denovo.ALL.M1n1//S_23_02188 -n 1 -p 16
-o 00_Data/05a_Stacks.denovo.ALL.M1n1//Catalog_ALL -s 00_Data/05a_Stacks.denovo.ALL.M1n1//S_23_02190 -n 1 -p 16
-o 00_Data/05a_Stacks.denovo.ALL.M1n1//Catalog_ALL -s 00_Data/05a_Stacks.denovo.ALL.M1n1//S_23_02199 -n 1 -p 16
-o 00_Data/05a_Stacks.denovo.ALL.M1n1//Catalog_ALL -s 00_Data/05a_Stacks.denovo.ALL.M1n1//S_23_02218 -n 1 -p 16
-o 00_Data/05a_Stacks.denovo.ALL.M1n1//Catalog_ALL -s 00_Data/05a_Stacks.denovo.ALL.M1n1//S_23_02239 -n 1 -p 16
-o 00_Data/05a_Stacks.denovo.ALL.M1n1//Catalog_ALL -s 00_Data/05a_Stacks.denovo.ALL.M1n1//S_23_02240 -n 1 -p 16
-o 00_Data/05a_Stacks.denovo.ALL.M1n1//Catalog_ALL -s 00_Data/05a_Stacks.denovo.ALL.M1n1//S_23_02261 -n 1 -p 16
-o 00_Data/05a_Stacks.denovo.ALL.M1n1//Catalog_ALL -s 00_Data/05a_Stacks.denovo.ALL.M1n1//S_23_02265 -n 1 -p 16
-o 00_Data/05a_Stacks.denovo.ALL.M1n1//Catalog_ALL -s 00_Data/05a_Stacks.denovo.ALL.M1n1//S_23_02270 -n 1 -p 16


cstacks parameters selected:
  Loci matched based on sequence identity.
  Number of mismatches allowed between stacks: 1
  Gapped alignments: enabled
Constructing catalog from 88 samples.

Initializing new catalog...
  Parsing 00_Data/05a_Stacks.denovo.ALL.M1n1//S_23_00984.tags.tsv.gz
  Parsing 00_Data/05a_Stacks.denovo.ALL.M1n1//S_23_00984.snps.tsv.gz
  Parsing 00_Data/05a_Stacks.denovo.ALL.M1n1//S_23_00984.alleles.tsv.gz
  133723 loci were newly added to the catalog.

Processing sample 00_Data/05a_Stacks.denovo.ALL.M1n1//S_23_00993 [2 of 88]
  Parsing 00_Data/05a_Stacks.denovo.ALL.M1n1//S_23_00993.tags.tsv.gz
  Parsing 00_Data/05a_Stacks.denovo.ALL.M1n1//S_23_00993.snps.tsv.gz
  Parsing 00_Data/05a_Stacks.denovo.ALL.M1n1//S_23_00993.alleles.tsv.gz
Searching for sequence matches...
  133723 loci in the catalog, 5860930 kmers in the catalog hash.
Searching for gapped alignments...
Merging matches into catalog...
  93966 loci were matched to a catalog locus.
  7841 loci were matched to a catalog locus using gapped alignments.
  33102 loci were newly added to the catalog.
  326 loci matched more than one catalog locus, linking them.
    646 linked catalog loci were merged into 320 loci.

Processing sample 00_Data/05a_Stacks.denovo.ALL.M1n1//S_23_00995 [3 of 88]
  Parsing 00_Data/05a_Stacks.denovo.ALL.M1n1//S_23_00995.tags.tsv.gz
  Parsing 00_Data/05a_Stacks.denovo.ALL.M1n1//S_23_00995.snps.tsv.gz
  Parsing 00_Data/05a_Stacks.denovo.ALL.M1n1//S_23_00995.alleles.tsv.gz
Searching for sequence matches...
  166499 loci in the catalog, 7524641 kmers in the catalog hash.
Searching for gapped alignments...
Merging matches into catalog...
  123380 loci were matched to a catalog locus.
  13627 loci were matched to a catalog locus using gapped alignments.
  45818 loci were newly added to the catalog.
  416 loci matched more than one catalog locus, linking them.
    822 linked catalog loci were merged into 402 loci.

Processing sample 00_Data/05a_Stacks.denovo.ALL.M1n1//S_23_01001 [4 of 88]
  Parsing 00_Data/05a_Stacks.denovo.ALL.M1n1//S_23_01001.tags.tsv.gz
  Parsing 00_Data/05a_Stacks.denovo.ALL.M1n1//S_23_01001.snps.tsv.gz
  Parsing 00_Data/05a_Stacks.denovo.ALL.M1n1//S_23_01001.alleles.tsv.gz
Searching for sequence matches...
  211897 loci in the catalog, 9713310 kmers in the catalog hash.
Searching for gapped alignments...
Merging matches into catalog...
  102277 loci were matched to a catalog locus.
  11299 loci were matched to a catalog locus using gapped alignments.
  9938 loci were newly added to the catalog.
  430 loci matched more than one catalog locus, linking them.
    852 linked catalog loci were merged into 414 loci.

Processing sample 00_Data/05a_Stacks.denovo.ALL.M1n1//S_23_01010 [5 of 88]
  Parsing 00_Data/05a_Stacks.denovo.ALL.M1n1//S_23_01010.tags.tsv.gz
  Parsing 00_Data/05a_Stacks.denovo.ALL.M1n1//S_23_01010.snps.tsv.gz
  Parsing 00_Data/05a_Stacks.denovo.ALL.M1n1//S_23_01010.alleles.tsv.gz
Searching for sequence matches...
  221397 loci in the catalog, 10251235 kmers in the catalog hash.
Searching for gapped alignments...
Merging matches into catalog...
  134250 loci were matched to a catalog locus.
  17698 loci were matched to a catalog locus using gapped alignments.
  21516 loci were newly added to the catalog.
  435 loci matched more than one catalog locus, linking them.
    862 linked catalog loci were merged into 419 loci.

Processing sample 00_Data/05a_Stacks.denovo.ALL.M1n1//S_23_01043 [6 of 88]
  Parsing 00_Data/05a_Stacks.denovo.ALL.M1n1//S_23_01043.tags.tsv.gz
  Parsing 00_Data/05a_Stacks.denovo.ALL.M1n1//S_23_01043.snps.tsv.gz
  Parsing 00_Data/05a_Stacks.denovo.ALL.M1n1//S_23_01043.alleles.tsv.gz
Searching for sequence matches...
  242470 loci in the catalog, 11331816 kmers in the catalog hash.
Searching for gapped alignments...
Merging matches into catalog...
  118164 loci were matched to a catalog locus.
  16127 loci were matched to a catalog locus using gapped alignments.
  10996 loci were newly added to the catalog.
  415 loci matched more than one catalog locus, linking them.
    825 linked catalog loci were merged into 404 loci.

Processing sample 00_Data/05a_Stacks.denovo.ALL.M1n1//S_23_01049 [7 of 88]
  Parsing 00_Data/05a_Stacks.denovo.ALL.M1n1//S_23_01049.tags.tsv.gz
  Parsing 00_Data/05a_Stacks.denovo.ALL.M1n1//S_23_01049.snps.tsv.gz
  Parsing 00_Data/05a_Stacks.denovo.ALL.M1n1//S_23_01049.alleles.tsv.gz
Searching for sequence matches...
  253045 loci in the catalog, 11941717 kmers in the catalog hash.
Searching for gapped alignments...
Merging matches into catalog...
  48079 loci were matched to a catalog locus.
  7298 loci were matched to a catalog locus using gapped alignments.
  3917 loci were newly added to the catalog.
  494 loci matched more than one catalog locus, linking them.
    996 linked catalog loci were merged into 488 loci.

Processing sample 00_Data/05a_Stacks.denovo.ALL.M1n1//S_23_01050 [8 of 88]
  Parsing 00_Data/05a_Stacks.denovo.ALL.M1n1//S_23_01050.tags.tsv.gz
  Parsing 00_Data/05a_Stacks.denovo.ALL.M1n1//S_23_01050.snps.tsv.gz
  Parsing 00_Data/05a_Stacks.denovo.ALL.M1n1//S_23_01050.alleles.tsv.gz
Searching for sequence matches...
  256454 loci in the catalog, 12163407 kmers in the catalog hash.
Searching for gapped alignments...
Merging matches into catalog...
  105117 loci were matched to a catalog locus.
  15127 loci were matched to a catalog locus using gapped alignments.
  9760 loci were newly added to the catalog.
  415 loci matched more than one catalog locus, linking them.
    821 linked catalog loci were merged into 404 loci.

Processing sample 00_Data/05a_Stacks.denovo.ALL.M1n1//S_23_01058 [9 of 88]
  Parsing 00_Data/05a_Stacks.denovo.ALL.M1n1//S_23_01058.tags.tsv.gz
  Parsing 00_Data/05a_Stacks.denovo.ALL.M1n1//S_23_01058.snps.tsv.gz
  Parsing 00_Data/05a_Stacks.denovo.ALL.M1n1//S_23_01058.alleles.tsv.gz
Searching for sequence matches...
  265797 loci in the catalog, 12683526 kmers in the catalog hash.
Searching for gapped alignments...
Merging matches into catalog...
  78541 loci were matched to a catalog locus.
  11993 loci were matched to a catalog locus using gapped alignments.
  4869 loci were newly added to the catalog.
  489 loci matched more than one catalog locus, linking them.
    982 linked catalog loci were merged into 481 loci.

Processing sample 00_Data/05a_Stacks.denovo.ALL.M1n1//S_23_01061 [10 of 88]
  Parsing 00_Data/05a_Stacks.denovo.ALL.M1n1//S_23_01061.tags.tsv.gz
  Parsing 00_Data/05a_Stacks.denovo.ALL.M1n1//S_23_01061.snps.tsv.gz
  Parsing 00_Data/05a_Stacks.denovo.ALL.M1n1//S_23_01061.alleles.tsv.gz
Searching for sequence matches...
  270165 loci in the catalog, 12966172 kmers in the catalog hash.
Searching for gapped alignments...
Merging matches into catalog...
  107068 loci were matched to a catalog locus.
  16451 loci were matched to a catalog locus using gapped alignments.
  7262 loci were newly added to the catalog.
  429 loci matched more than one catalog locus, linking them.
    847 linked catalog loci were merged into 410 loci.

Processing sample 00_Data/05a_Stacks.denovo.ALL.M1n1//S_23_01094 [11 of 88]
  Parsing 00_Data/05a_Stacks.denovo.ALL.M1n1//S_23_01094.tags.tsv.gz
  Parsing 00_Data/05a_Stacks.denovo.ALL.M1n1//S_23_01094.snps.tsv.gz
  Parsing 00_Data/05a_Stacks.denovo.ALL.M1n1//S_23_01094.alleles.tsv.gz
Searching for sequence matches...
  276990 loci in the catalog, 13379202 kmers in the catalog hash.
Searching for gapped alignments...
Merging matches into catalog...
  80158 loci were matched to a catalog locus.
  13000 loci were matched to a catalog locus using gapped alignments.
  4124 loci were newly added to the catalog.
  506 loci matched more than one catalog locus, linking them.
    1009 linked catalog loci were merged into 495 loci.

Processing sample 00_Data/05a_Stacks.denovo.ALL.M1n1//S_23_01100 [12 of 88]
  Parsing 00_Data/05a_Stacks.denovo.ALL.M1n1//S_23_01100.tags.tsv.gz
  Parsing 00_Data/05a_Stacks.denovo.ALL.M1n1//S_23_01100.snps.tsv.gz
  Parsing 00_Data/05a_Stacks.denovo.ALL.M1n1//S_23_01100.alleles.tsv.gz
Searching for sequence matches...
  280600 loci in the catalog, 13627687 kmers in the catalog hash.
Searching for gapped alignments...
Merging matches into catalog...
  29471 loci were matched to a catalog locus.
  5781 loci were matched to a catalog locus using gapped alignments.
  1839 loci were newly added to the catalog.
  470 loci matched more than one catalog locus, linking them.
    955 linked catalog loci were merged into 465 loci.

Processing sample 00_Data/05a_Stacks.denovo.ALL.M1n1//S_23_01108 [13 of 88]
  Parsing 00_Data/05a_Stacks.denovo.ALL.M1n1//S_23_01108.tags.tsv.gz
  Parsing 00_Data/05a_Stacks.denovo.ALL.M1n1//S_23_01108.snps.tsv.gz
  Parsing 00_Data/05a_Stacks.denovo.ALL.M1n1//S_23_01108.alleles.tsv.gz
Searching for sequence matches...
  281949 loci in the catalog, 13743025 kmers in the catalog hash.
Searching for gapped alignments...
Merging matches into catalog...
  139163 loci were matched to a catalog locus.
  24490 loci were matched to a catalog locus using gapped alignments.
  17306 loci were newly added to the catalog.
  504 loci matched more than one catalog locus, linking them.
    981 linked catalog loci were merged into 475 loci.

Processing sample 00_Data/05a_Stacks.denovo.ALL.M1n1//S_23_01109 [14 of 88]
  Parsing 00_Data/05a_Stacks.denovo.ALL.M1n1//S_23_01109.tags.tsv.gz
  Parsing 00_Data/05a_Stacks.denovo.ALL.M1n1//S_23_01109.snps.tsv.gz
  Parsing 00_Data/05a_Stacks.denovo.ALL.M1n1//S_23_01109.alleles.tsv.gz
Searching for sequence matches...
  298749 loci in the catalog, 14625095 kmers in the catalog hash.
Searching for gapped alignments...
Merging matches into catalog...
  131932 loci were matched to a catalog locus.
  23730 loci were matched to a catalog locus using gapped alignments.
  13715 loci were newly added to the catalog.
  444 loci matched more than one catalog locus, linking them.
    870 linked catalog loci were merged into 424 loci.

Processing sample 00_Data/05a_Stacks.denovo.ALL.M1n1//S_23_01111 [15 of 88]
  Parsing 00_Data/05a_Stacks.denovo.ALL.M1n1//S_23_01111.tags.tsv.gz
  Parsing 00_Data/05a_Stacks.denovo.ALL.M1n1//S_23_01111.snps.tsv.gz
  Parsing 00_Data/05a_Stacks.denovo.ALL.M1n1//S_23_01111.alleles.tsv.gz
Searching for sequence matches...
  312018 loci in the catalog, 15296712 kmers in the catalog hash.
Searching for gapped alignments...
Merging matches into catalog...
  123933 loci were matched to a catalog locus.
  22887 loci were matched to a catalog locus using gapped alignments.
  8276 loci were newly added to the catalog.
  421 loci matched more than one catalog locus, linking them.
    823 linked catalog loci were merged into 398 loci.

Processing sample 00_Data/05a_Stacks.denovo.ALL.M1n1//S_23_01151 [16 of 88]
  Parsing 00_Data/05a_Stacks.denovo.ALL.M1n1//S_23_01151.tags.tsv.gz
  Parsing 00_Data/05a_Stacks.denovo.ALL.M1n1//S_23_01151.snps.tsv.gz
  Parsing 00_Data/05a_Stacks.denovo.ALL.M1n1//S_23_01151.alleles.tsv.gz
Searching for sequence matches...
  319869 loci in the catalog, 15736138 kmers in the catalog hash.
Searching for gapped alignments...
Merging matches into catalog...
  137975 loci were matched to a catalog locus.
  27037 loci were matched to a catalog locus using gapped alignments.
  12114 loci were newly added to the catalog.
  473 loci matched more than one catalog locus, linking them.
    924 linked catalog loci were merged into 442 loci.

Processing sample 00_Data/05a_Stacks.denovo.ALL.M1n1//S_23_01161 [17 of 88]
  Parsing 00_Data/05a_Stacks.denovo.ALL.M1n1//S_23_01161.tags.tsv.gz
  Parsing 00_Data/05a_Stacks.denovo.ALL.M1n1//S_23_01161.snps.tsv.gz
  Parsing 00_Data/05a_Stacks.denovo.ALL.M1n1//S_23_01161.alleles.tsv.gz
Searching for sequence matches...
  331501 loci in the catalog, 16399862 kmers in the catalog hash.
Searching for gapped alignments...
Merging matches into catalog...
  118114 loci were matched to a catalog locus.
  23123 loci were matched to a catalog locus using gapped alignments.
  7152 loci were newly added to the catalog.
  478 loci matched more than one catalog locus, linking them.
    943 linked catalog loci were merged into 458 loci.

Processing sample 00_Data/05a_Stacks.denovo.ALL.M1n1//S_23_01168 [18 of 88]
  Parsing 00_Data/05a_Stacks.denovo.ALL.M1n1//S_23_01168.tags.tsv.gz
  Parsing 00_Data/05a_Stacks.denovo.ALL.M1n1//S_23_01168.snps.tsv.gz
  Parsing 00_Data/05a_Stacks.denovo.ALL.M1n1//S_23_01168.alleles.tsv.gz
Searching for sequence matches...
  338168 loci in the catalog, 16795571 kmers in the catalog hash.
Searching for gapped alignments...
Merging matches into catalog...
  126775 loci were matched to a catalog locus.
  26334 loci were matched to a catalog locus using gapped alignments.
  8642 loci were newly added to the catalog.
  425 loci matched more than one catalog locus, linking them.
    834 linked catalog loci were merged into 402 loci.

Processing sample 00_Data/05a_Stacks.denovo.ALL.M1n1//S_23_01169 [19 of 88]
  Parsing 00_Data/05a_Stacks.denovo.ALL.M1n1//S_23_01169.tags.tsv.gz
  Parsing 00_Data/05a_Stacks.denovo.ALL.M1n1//S_23_01169.snps.tsv.gz
  Parsing 00_Data/05a_Stacks.denovo.ALL.M1n1//S_23_01169.alleles.tsv.gz
Searching for sequence matches...
  346378 loci in the catalog, 17252902 kmers in the catalog hash.
Searching for gapped alignments...
Merging matches into catalog...
  118848 loci were matched to a catalog locus.
  25399 loci were matched to a catalog locus using gapped alignments.
  6671 loci were newly added to the catalog.
  364 loci matched more than one catalog locus, linking them.
    722 linked catalog loci were merged into 351 loci.

Processing sample 00_Data/05a_Stacks.denovo.ALL.M1n1//S_23_01175 [20 of 88]
  Parsing 00_Data/05a_Stacks.denovo.ALL.M1n1//S_23_01175.tags.tsv.gz
  Parsing 00_Data/05a_Stacks.denovo.ALL.M1n1//S_23_01175.snps.tsv.gz
  Parsing 00_Data/05a_Stacks.denovo.ALL.M1n1//S_23_01175.alleles.tsv.gz
Searching for sequence matches...
  352678 loci in the catalog, 17637714 kmers in the catalog hash.
Searching for gapped alignments...
Merging matches into catalog...
  134710 loci were matched to a catalog locus.
  29196 loci were matched to a catalog locus using gapped alignments.
  7396 loci were newly added to the catalog.
  349 loci matched more than one catalog locus, linking them.
    686 linked catalog loci were merged into 333 loci.

Processing sample 00_Data/05a_Stacks.denovo.ALL.M1n1//S_23_01196 [21 of 88]
  Parsing 00_Data/05a_Stacks.denovo.ALL.M1n1//S_23_01196.tags.tsv.gz
  Parsing 00_Data/05a_Stacks.denovo.ALL.M1n1//S_23_01196.snps.tsv.gz
  Parsing 00_Data/05a_Stacks.denovo.ALL.M1n1//S_23_01196.alleles.tsv.gz
Searching for sequence matches...
  359721 loci in the catalog, 18077214 kmers in the catalog hash.
Searching for gapped alignments...
Merging matches into catalog...
  137766 loci were matched to a catalog locus.
  31619 loci were matched to a catalog locus using gapped alignments.
  13733 loci were newly added to the catalog.
  425 loci matched more than one catalog locus, linking them.
    839 linked catalog loci were merged into 407 loci.

Processing sample 00_Data/05a_Stacks.denovo.ALL.M1n1//S_23_01201 [22 of 88]
  Parsing 00_Data/05a_Stacks.denovo.ALL.M1n1//S_23_01201.tags.tsv.gz
  Parsing 00_Data/05a_Stacks.denovo.ALL.M1n1//S_23_01201.snps.tsv.gz
  Parsing 00_Data/05a_Stacks.denovo.ALL.M1n1//S_23_01201.alleles.tsv.gz
Searching for sequence matches...
  373022 loci in the catalog, 18729534 kmers in the catalog hash.
Searching for gapped alignments...
Merging matches into catalog...
  141068 loci were matched to a catalog locus.
  33396 loci were matched to a catalog locus using gapped alignments.
  13757 loci were newly added to the catalog.
  423 loci matched more than one catalog locus, linking them.
    847 linked catalog loci were merged into 413 loci.

Processing sample 00_Data/05a_Stacks.denovo.ALL.M1n1//S_23_01210 [23 of 88]
  Parsing 00_Data/05a_Stacks.denovo.ALL.M1n1//S_23_01210.tags.tsv.gz
  Parsing 00_Data/05a_Stacks.denovo.ALL.M1n1//S_23_01210.snps.tsv.gz
  Parsing 00_Data/05a_Stacks.denovo.ALL.M1n1//S_23_01210.alleles.tsv.gz
Searching for sequence matches...
  386345 loci in the catalog, 19371749 kmers in the catalog hash.
Searching for gapped alignments...
Merging matches into catalog...
  133943 loci were matched to a catalog locus.
  32058 loci were matched to a catalog locus using gapped alignments.
  9316 loci were newly added to the catalog.
  412 loci matched more than one catalog locus, linking them.
    817 linked catalog loci were merged into 397 loci.

Processing sample 00_Data/05a_Stacks.denovo.ALL.M1n1//S_23_01215 [24 of 88]
  Parsing 00_Data/05a_Stacks.denovo.ALL.M1n1//S_23_01215.tags.tsv.gz
  Parsing 00_Data/05a_Stacks.denovo.ALL.M1n1//S_23_01215.snps.tsv.gz
  Parsing 00_Data/05a_Stacks.denovo.ALL.M1n1//S_23_01215.alleles.tsv.gz
Searching for sequence matches...
  395241 loci in the catalog, 19830071 kmers in the catalog hash.
Searching for gapped alignments...
Merging matches into catalog...
  123226 loci were matched to a catalog locus.
  30701 loci were matched to a catalog locus using gapped alignments.
  7899 loci were newly added to the catalog.
  409 loci matched more than one catalog locus, linking them.
    809 linked catalog loci were merged into 391 loci.

Processing sample 00_Data/05a_Stacks.denovo.ALL.M1n1//S_23_01216 [25 of 88]
  Parsing 00_Data/05a_Stacks.denovo.ALL.M1n1//S_23_01216.tags.tsv.gz
  Parsing 00_Data/05a_Stacks.denovo.ALL.M1n1//S_23_01216.snps.tsv.gz
  Parsing 00_Data/05a_Stacks.denovo.ALL.M1n1//S_23_01216.alleles.tsv.gz
Searching for sequence matches...
  402722 loci in the catalog, 20231252 kmers in the catalog hash.
Searching for gapped alignments...
Merging matches into catalog...
  131030 loci were matched to a catalog locus.
  33406 loci were matched to a catalog locus using gapped alignments.
  15646 loci were newly added to the catalog.
  418 loci matched more than one catalog locus, linking them.
    826 linked catalog loci were merged into 401 loci.

Processing sample 00_Data/05a_Stacks.denovo.ALL.M1n1//S_23_01245 [26 of 88]
  Parsing 00_Data/05a_Stacks.denovo.ALL.M1n1//S_23_01245.tags.tsv.gz
  Parsing 00_Data/05a_Stacks.denovo.ALL.M1n1//S_23_01245.snps.tsv.gz
  Parsing 00_Data/05a_Stacks.denovo.ALL.M1n1//S_23_01245.alleles.tsv.gz
Searching for sequence matches...
  417943 loci in the catalog, 20996813 kmers in the catalog hash.
Searching for gapped alignments...
Merging matches into catalog...
  137588 loci were matched to a catalog locus.
  35648 loci were matched to a catalog locus using gapped alignments.
  10048 loci were newly added to the catalog.
  429 loci matched more than one catalog locus, linking them.
    850 linked catalog loci were merged into 416 loci.

Processing sample 00_Data/05a_Stacks.denovo.ALL.M1n1//S_23_01254 [27 of 88]
  Parsing 00_Data/05a_Stacks.denovo.ALL.M1n1//S_23_01254.tags.tsv.gz
  Parsing 00_Data/05a_Stacks.denovo.ALL.M1n1//S_23_01254.snps.tsv.gz
  Parsing 00_Data/05a_Stacks.denovo.ALL.M1n1//S_23_01254.alleles.tsv.gz
Searching for sequence matches...
  427557 loci in the catalog, 21511689 kmers in the catalog hash.
Searching for gapped alignments...
Merging matches into catalog...
  110498 loci were matched to a catalog locus.
  29293 loci were matched to a catalog locus using gapped alignments.
  4751 loci were newly added to the catalog.
  349 loci matched more than one catalog locus, linking them.
    696 linked catalog loci were merged into 342 loci.

Processing sample 00_Data/05a_Stacks.denovo.ALL.M1n1//S_23_01277 [28 of 88]
  Parsing 00_Data/05a_Stacks.denovo.ALL.M1n1//S_23_01277.tags.tsv.gz
  Parsing 00_Data/05a_Stacks.denovo.ALL.M1n1//S_23_01277.snps.tsv.gz
  Parsing 00_Data/05a_Stacks.denovo.ALL.M1n1//S_23_01277.alleles.tsv.gz
Searching for sequence matches...
  431954 loci in the catalog, 21777648 kmers in the catalog hash.
Searching for gapped alignments...
Merging matches into catalog...
  129960 loci were matched to a catalog locus.
  35290 loci were matched to a catalog locus using gapped alignments.
  8102 loci were newly added to the catalog.
  392 loci matched more than one catalog locus, linking them.
    780 linked catalog loci were merged into 373 loci.

Processing sample 00_Data/05a_Stacks.denovo.ALL.M1n1//S_23_01795 [29 of 88]
  Parsing 00_Data/05a_Stacks.denovo.ALL.M1n1//S_23_01795.tags.tsv.gz
  Parsing 00_Data/05a_Stacks.denovo.ALL.M1n1//S_23_01795.snps.tsv.gz
  Parsing 00_Data/05a_Stacks.denovo.ALL.M1n1//S_23_01795.alleles.tsv.gz
Searching for sequence matches...
  439649 loci in the catalog, 22178095 kmers in the catalog hash.
Searching for gapped alignments...
Merging matches into catalog...
  122804 loci were matched to a catalog locus.
  33259 loci were matched to a catalog locus using gapped alignments.
  8712 loci were newly added to the catalog.
  437 loci matched more than one catalog locus, linking them.
    854 linked catalog loci were merged into 415 loci.

Processing sample 00_Data/05a_Stacks.denovo.ALL.M1n1//S_23_01800 [30 of 88]
  Parsing 00_Data/05a_Stacks.denovo.ALL.M1n1//S_23_01800.tags.tsv.gz
  Parsing 00_Data/05a_Stacks.denovo.ALL.M1n1//S_23_01800.snps.tsv.gz
  Parsing 00_Data/05a_Stacks.denovo.ALL.M1n1//S_23_01800.alleles.tsv.gz
Searching for sequence matches...
  447922 loci in the catalog, 22625995 kmers in the catalog hash.
Searching for gapped alignments...
Merging matches into catalog...
  104206 loci were matched to a catalog locus.
  28435 loci were matched to a catalog locus using gapped alignments.
  4397 loci were newly added to the catalog.
  426 loci matched more than one catalog locus, linking them.
    836 linked catalog loci were merged into 409 loci.

Processing sample 00_Data/05a_Stacks.denovo.ALL.M1n1//S_23_01807 [31 of 88]
  Parsing 00_Data/05a_Stacks.denovo.ALL.M1n1//S_23_01807.tags.tsv.gz
  Parsing 00_Data/05a_Stacks.denovo.ALL.M1n1//S_23_01807.snps.tsv.gz
  Parsing 00_Data/05a_Stacks.denovo.ALL.M1n1//S_23_01807.alleles.tsv.gz
Searching for sequence matches...
  451892 loci in the catalog, 22873474 kmers in the catalog hash.
Searching for gapped alignments...
Merging matches into catalog...
  121531 loci were matched to a catalog locus.
  34003 loci were matched to a catalog locus using gapped alignments.
  6015 loci were newly added to the catalog.
  409 loci matched more than one catalog locus, linking them.
    806 linked catalog loci were merged into 387 loci.

Processing sample 00_Data/05a_Stacks.denovo.ALL.M1n1//S_23_01809 [32 of 88]
  Parsing 00_Data/05a_Stacks.denovo.ALL.M1n1//S_23_01809.tags.tsv.gz
  Parsing 00_Data/05a_Stacks.denovo.ALL.M1n1//S_23_01809.snps.tsv.gz
  Parsing 00_Data/05a_Stacks.denovo.ALL.M1n1//S_23_01809.alleles.tsv.gz
Searching for sequence matches...
  457488 loci in the catalog, 23192645 kmers in the catalog hash.
Searching for gapped alignments...
Merging matches into catalog...
  118347 loci were matched to a catalog locus.
  34676 loci were matched to a catalog locus using gapped alignments.
  5383 loci were newly added to the catalog.
  331 loci matched more than one catalog locus, linking them.
    643 linked catalog loci were merged into 309 loci.

Processing sample 00_Data/05a_Stacks.denovo.ALL.M1n1//S_23_01817 [33 of 88]
  Parsing 00_Data/05a_Stacks.denovo.ALL.M1n1//S_23_01817.tags.tsv.gz
  Parsing 00_Data/05a_Stacks.denovo.ALL.M1n1//S_23_01817.snps.tsv.gz
  Parsing 00_Data/05a_Stacks.denovo.ALL.M1n1//S_23_01817.alleles.tsv.gz
Searching for sequence matches...
  462537 loci in the catalog, 23503113 kmers in the catalog hash.
Searching for gapped alignments...
Merging matches into catalog...
  107603 loci were matched to a catalog locus.
  30973 loci were matched to a catalog locus using gapped alignments.
  5210 loci were newly added to the catalog.
  354 loci matched more than one catalog locus, linking them.
    703 linked catalog loci were merged into 346 loci.

Processing sample 00_Data/05a_Stacks.denovo.ALL.M1n1//S_23_01844 [34 of 88]
  Parsing 00_Data/05a_Stacks.denovo.ALL.M1n1//S_23_01844.tags.tsv.gz
  Parsing 00_Data/05a_Stacks.denovo.ALL.M1n1//S_23_01844.snps.tsv.gz
  Parsing 00_Data/05a_Stacks.denovo.ALL.M1n1//S_23_01844.alleles.tsv.gz
Searching for sequence matches...
  467390 loci in the catalog, 23759207 kmers in the catalog hash.
Searching for gapped alignments...
Merging matches into catalog...
  86822 loci were matched to a catalog locus.
  25263 loci were matched to a catalog locus using gapped alignments.
  2755 loci were newly added to the catalog.
  450 loci matched more than one catalog locus, linking them.
    890 linked catalog loci were merged into 435 loci.

Processing sample 00_Data/05a_Stacks.denovo.ALL.M1n1//S_23_01845 [35 of 88]
  Parsing 00_Data/05a_Stacks.denovo.ALL.M1n1//S_23_01845.tags.tsv.gz
  Parsing 00_Data/05a_Stacks.denovo.ALL.M1n1//S_23_01845.snps.tsv.gz
  Parsing 00_Data/05a_Stacks.denovo.ALL.M1n1//S_23_01845.alleles.tsv.gz
Searching for sequence matches...
  469690 loci in the catalog, 23925979 kmers in the catalog hash.
Searching for gapped alignments...
Merging matches into catalog...
  88784 loci were matched to a catalog locus.
  25549 loci were matched to a catalog locus using gapped alignments.
  2159 loci were newly added to the catalog.
  403 loci matched more than one catalog locus, linking them.
    796 linked catalog loci were merged into 391 loci.

Processing sample 00_Data/05a_Stacks.denovo.ALL.M1n1//S_23_01849 [36 of 88]
  Parsing 00_Data/05a_Stacks.denovo.ALL.M1n1//S_23_01849.tags.tsv.gz
  Parsing 00_Data/05a_Stacks.denovo.ALL.M1n1//S_23_01849.snps.tsv.gz
  Parsing 00_Data/05a_Stacks.denovo.ALL.M1n1//S_23_01849.alleles.tsv.gz
Searching for sequence matches...
  471444 loci in the catalog, 24084284 kmers in the catalog hash.
Searching for gapped alignments...
Merging matches into catalog...
  81788 loci were matched to a catalog locus.
  23635 loci were matched to a catalog locus using gapped alignments.
  2635 loci were newly added to the catalog.
  458 loci matched more than one catalog locus, linking them.
    912 linked catalog loci were merged into 440 loci.

Processing sample 00_Data/05a_Stacks.denovo.ALL.M1n1//S_23_01852 [37 of 88]
  Parsing 00_Data/05a_Stacks.denovo.ALL.M1n1//S_23_01852.tags.tsv.gz
  Parsing 00_Data/05a_Stacks.denovo.ALL.M1n1//S_23_01852.snps.tsv.gz
  Parsing 00_Data/05a_Stacks.denovo.ALL.M1n1//S_23_01852.alleles.tsv.gz
Searching for sequence matches...
  473607 loci in the catalog, 24245714 kmers in the catalog hash.
Searching for gapped alignments...
Merging matches into catalog...
  127817 loci were matched to a catalog locus.
  37891 loci were matched to a catalog locus using gapped alignments.
  6128 loci were newly added to the catalog.
  380 loci matched more than one catalog locus, linking them.
    749 linked catalog loci were merged into 362 loci.

Processing sample 00_Data/05a_Stacks.denovo.ALL.M1n1//S_23_01878 [38 of 88]
  Parsing 00_Data/05a_Stacks.denovo.ALL.M1n1//S_23_01878.tags.tsv.gz
  Parsing 00_Data/05a_Stacks.denovo.ALL.M1n1//S_23_01878.snps.tsv.gz
  Parsing 00_Data/05a_Stacks.denovo.ALL.M1n1//S_23_01878.alleles.tsv.gz
Searching for sequence matches...
  479348 loci in the catalog, 24585684 kmers in the catalog hash.
Searching for gapped alignments...
Merging matches into catalog...
  124382 loci were matched to a catalog locus.
  37057 loci were matched to a catalog locus using gapped alignments.
  3804 loci were newly added to the catalog.
  370 loci matched more than one catalog locus, linking them.
    730 linked catalog loci were merged into 351 loci.

Processing sample 00_Data/05a_Stacks.denovo.ALL.M1n1//S_23_01911 [39 of 88]
  Parsing 00_Data/05a_Stacks.denovo.ALL.M1n1//S_23_01911.tags.tsv.gz
  Parsing 00_Data/05a_Stacks.denovo.ALL.M1n1//S_23_01911.snps.tsv.gz
  Parsing 00_Data/05a_Stacks.denovo.ALL.M1n1//S_23_01911.alleles.tsv.gz
Searching for sequence matches...
  482773 loci in the catalog, 24831516 kmers in the catalog hash.
Searching for gapped alignments...
Merging matches into catalog...
  116687 loci were matched to a catalog locus.
  35453 loci were matched to a catalog locus using gapped alignments.
  6469 loci were newly added to the catalog.
  416 loci matched more than one catalog locus, linking them.
    819 linked catalog loci were merged into 395 loci.

Processing sample 00_Data/05a_Stacks.denovo.ALL.M1n1//S_23_01917 [40 of 88]
  Parsing 00_Data/05a_Stacks.denovo.ALL.M1n1//S_23_01917.tags.tsv.gz
  Parsing 00_Data/05a_Stacks.denovo.ALL.M1n1//S_23_01917.snps.tsv.gz
  Parsing 00_Data/05a_Stacks.denovo.ALL.M1n1//S_23_01917.alleles.tsv.gz
Searching for sequence matches...
  488818 loci in the catalog, 25167599 kmers in the catalog hash.
Searching for gapped alignments...
Merging matches into catalog...
  108077 loci were matched to a catalog locus.
  33590 loci were matched to a catalog locus using gapped alignments.
  5283 loci were newly added to the catalog.
  345 loci matched more than one catalog locus, linking them.
    674 linked catalog loci were merged into 324 loci.

Processing sample 00_Data/05a_Stacks.denovo.ALL.M1n1//S_23_01919 [41 of 88]
  Parsing 00_Data/05a_Stacks.denovo.ALL.M1n1//S_23_01919.tags.tsv.gz
  Parsing 00_Data/05a_Stacks.denovo.ALL.M1n1//S_23_01919.snps.tsv.gz
  Parsing 00_Data/05a_Stacks.denovo.ALL.M1n1//S_23_01919.alleles.tsv.gz
Searching for sequence matches...
  493751 loci in the catalog, 25444624 kmers in the catalog hash.
Searching for gapped alignments...
Merging matches into catalog...
  766 loci were matched to a catalog locus.
  395 loci were matched to a catalog locus using gapped alignments.
  93 loci were newly added to the catalog.
  37 loci matched more than one catalog locus, linking them.
    79 linked catalog loci were merged into 37 loci.

Processing sample 00_Data/05a_Stacks.denovo.ALL.M1n1//S_23_01921 [42 of 88]
  Parsing 00_Data/05a_Stacks.denovo.ALL.M1n1//S_23_01921.tags.tsv.gz
  Parsing 00_Data/05a_Stacks.denovo.ALL.M1n1//S_23_01921.snps.tsv.gz
  Parsing 00_Data/05a_Stacks.denovo.ALL.M1n1//S_23_01921.alleles.tsv.gz
Searching for sequence matches...
  493802 loci in the catalog, 25451095 kmers in the catalog hash.
Searching for gapped alignments...
Merging matches into catalog...
  95356 loci were matched to a catalog locus.
  29844 loci were matched to a catalog locus using gapped alignments.
  2862 loci were newly added to the catalog.
  347 loci matched more than one catalog locus, linking them.
    693 linked catalog loci were merged into 340 loci.

Processing sample 00_Data/05a_Stacks.denovo.ALL.M1n1//S_23_01924 [43 of 88]
  Parsing 00_Data/05a_Stacks.denovo.ALL.M1n1//S_23_01924.tags.tsv.gz
  Parsing 00_Data/05a_Stacks.denovo.ALL.M1n1//S_23_01924.snps.tsv.gz
  Parsing 00_Data/05a_Stacks.denovo.ALL.M1n1//S_23_01924.alleles.tsv.gz
Searching for sequence matches...
  496311 loci in the catalog, 25631635 kmers in the catalog hash.
Searching for gapped alignments...
Merging matches into catalog...
  112144 loci were matched to a catalog locus.
  35055 loci were matched to a catalog locus using gapped alignments.
  6000 loci were newly added to the catalog.
  425 loci matched more than one catalog locus, linking them.
    837 linked catalog loci were merged into 405 loci.

Processing sample 00_Data/05a_Stacks.denovo.ALL.M1n1//S_23_02000 [44 of 88]
  Parsing 00_Data/05a_Stacks.denovo.ALL.M1n1//S_23_02000.tags.tsv.gz
  Parsing 00_Data/05a_Stacks.denovo.ALL.M1n1//S_23_02000.snps.tsv.gz
  Parsing 00_Data/05a_Stacks.denovo.ALL.M1n1//S_23_02000.alleles.tsv.gz
Searching for sequence matches...
  501879 loci in the catalog, 25927059 kmers in the catalog hash.
Searching for gapped alignments...
Merging matches into catalog...
  46273 loci were matched to a catalog locus.
  15276 loci were matched to a catalog locus using gapped alignments.
  1680 loci were newly added to the catalog.
  482 loci matched more than one catalog locus, linking them.
    954 linked catalog loci were merged into 467 loci.

Processing sample 00_Data/05a_Stacks.denovo.ALL.M1n1//S_23_02006 [45 of 88]
  Parsing 00_Data/05a_Stacks.denovo.ALL.M1n1//S_23_02006.tags.tsv.gz
  Parsing 00_Data/05a_Stacks.denovo.ALL.M1n1//S_23_02006.snps.tsv.gz
  Parsing 00_Data/05a_Stacks.denovo.ALL.M1n1//S_23_02006.alleles.tsv.gz
Searching for sequence matches...
  503072 loci in the catalog, 26034860 kmers in the catalog hash.
Searching for gapped alignments...
Merging matches into catalog...
  127805 loci were matched to a catalog locus.
  40075 loci were matched to a catalog locus using gapped alignments.
  6706 loci were newly added to the catalog.
  437 loci matched more than one catalog locus, linking them.
    855 linked catalog loci were merged into 413 loci.

Processing sample 00_Data/05a_Stacks.denovo.ALL.M1n1//S_23_02008 [46 of 88]
  Parsing 00_Data/05a_Stacks.denovo.ALL.M1n1//S_23_02008.tags.tsv.gz
  Parsing 00_Data/05a_Stacks.denovo.ALL.M1n1//S_23_02008.snps.tsv.gz
  Parsing 00_Data/05a_Stacks.denovo.ALL.M1n1//S_23_02008.alleles.tsv.gz
Searching for sequence matches...
  509336 loci in the catalog, 26378919 kmers in the catalog hash.
Searching for gapped alignments...
Merging matches into catalog...
  120407 loci were matched to a catalog locus.
  38887 loci were matched to a catalog locus using gapped alignments.
  6700 loci were newly added to the catalog.
  392 loci matched more than one catalog locus, linking them.
    770 linked catalog loci were merged into 376 loci.

Processing sample 00_Data/05a_Stacks.denovo.ALL.M1n1//S_23_02014 [47 of 88]
  Parsing 00_Data/05a_Stacks.denovo.ALL.M1n1//S_23_02014.tags.tsv.gz
  Parsing 00_Data/05a_Stacks.denovo.ALL.M1n1//S_23_02014.snps.tsv.gz
  Parsing 00_Data/05a_Stacks.denovo.ALL.M1n1//S_23_02014.alleles.tsv.gz
Searching for sequence matches...
  515642 loci in the catalog, 26690921 kmers in the catalog hash.
Searching for gapped alignments...
Merging matches into catalog...
  119528 loci were matched to a catalog locus.
  38630 loci were matched to a catalog locus using gapped alignments.
  5935 loci were newly added to the catalog.
  364 loci matched more than one catalog locus, linking them.
    715 linked catalog loci were merged into 340 loci.

Processing sample 00_Data/05a_Stacks.denovo.ALL.M1n1//S_23_02032 [48 of 88]
  Parsing 00_Data/05a_Stacks.denovo.ALL.M1n1//S_23_02032.tags.tsv.gz
  Parsing 00_Data/05a_Stacks.denovo.ALL.M1n1//S_23_02032.snps.tsv.gz
  Parsing 00_Data/05a_Stacks.denovo.ALL.M1n1//S_23_02032.alleles.tsv.gz
Searching for sequence matches...
  521202 loci in the catalog, 26989066 kmers in the catalog hash.
Searching for gapped alignments...
Merging matches into catalog...
  117257 loci were matched to a catalog locus.
  38273 loci were matched to a catalog locus using gapped alignments.
  5190 loci were newly added to the catalog.
  394 loci matched more than one catalog locus, linking them.
    778 linked catalog loci were merged into 374 loci.

Processing sample 00_Data/05a_Stacks.denovo.ALL.M1n1//S_23_02058 [49 of 88]
  Parsing 00_Data/05a_Stacks.denovo.ALL.M1n1//S_23_02058.tags.tsv.gz
  Parsing 00_Data/05a_Stacks.denovo.ALL.M1n1//S_23_02058.snps.tsv.gz
  Parsing 00_Data/05a_Stacks.denovo.ALL.M1n1//S_23_02058.alleles.tsv.gz
Searching for sequence matches...
  525988 loci in the catalog, 27275200 kmers in the catalog hash.
Searching for gapped alignments...
Merging matches into catalog...
  6687 loci were matched to a catalog locus.
  3072 loci were matched to a catalog locus using gapped alignments.
  530 loci were newly added to the catalog.
  210 loci matched more than one catalog locus, linking them.
    422 linked catalog loci were merged into 205 loci.

Processing sample 00_Data/05a_Stacks.denovo.ALL.M1n1//S_23_02064 [50 of 88]
  Parsing 00_Data/05a_Stacks.denovo.ALL.M1n1//S_23_02064.tags.tsv.gz
  Parsing 00_Data/05a_Stacks.denovo.ALL.M1n1//S_23_02064.snps.tsv.gz
  Parsing 00_Data/05a_Stacks.denovo.ALL.M1n1//S_23_02064.alleles.tsv.gz
Searching for sequence matches...
  526301 loci in the catalog, 27313053 kmers in the catalog hash.
Searching for gapped alignments...
Merging matches into catalog...
  66778 loci were matched to a catalog locus.
  22480 loci were matched to a catalog locus using gapped alignments.
  3423 loci were newly added to the catalog.
  427 loci matched more than one catalog locus, linking them.
    851 linked catalog loci were merged into 413 loci.

Processing sample 00_Data/05a_Stacks.denovo.ALL.M1n1//S_23_02076 [51 of 88]
  Parsing 00_Data/05a_Stacks.denovo.ALL.M1n1//S_23_02076.tags.tsv.gz
  Parsing 00_Data/05a_Stacks.denovo.ALL.M1n1//S_23_02076.snps.tsv.gz
  Parsing 00_Data/05a_Stacks.denovo.ALL.M1n1//S_23_02076.alleles.tsv.gz
Searching for sequence matches...
  529286 loci in the catalog, 27512334 kmers in the catalog hash.
Searching for gapped alignments...
Merging matches into catalog...
  1063 loci were matched to a catalog locus.
  748 loci were matched to a catalog locus using gapped alignments.
  2103 loci were newly added to the catalog.
  36 loci matched more than one catalog locus, linking them.
    78 linked catalog loci were merged into 36 loci.

Processing sample 00_Data/05a_Stacks.denovo.ALL.M1n1//S_23_02077 [52 of 88]
  Parsing 00_Data/05a_Stacks.denovo.ALL.M1n1//S_23_02077.tags.tsv.gz
  Parsing 00_Data/05a_Stacks.denovo.ALL.M1n1//S_23_02077.snps.tsv.gz
  Parsing 00_Data/05a_Stacks.denovo.ALL.M1n1//S_23_02077.alleles.tsv.gz
Searching for sequence matches...
  531347 loci in the catalog, 27622729 kmers in the catalog hash.
Searching for gapped alignments...
Merging matches into catalog...
  32110 loci were matched to a catalog locus.
  18955 loci were matched to a catalog locus using gapped alignments.
  69489 loci were newly added to the catalog.
  375 loci matched more than one catalog locus, linking them.
    711 linked catalog loci were merged into 331 loci.

Processing sample 00_Data/05a_Stacks.denovo.ALL.M1n1//S_23_02078 [53 of 88]
  Parsing 00_Data/05a_Stacks.denovo.ALL.M1n1//S_23_02078.tags.tsv.gz
  Parsing 00_Data/05a_Stacks.denovo.ALL.M1n1//S_23_02078.snps.tsv.gz
  Parsing 00_Data/05a_Stacks.denovo.ALL.M1n1//S_23_02078.alleles.tsv.gz
Searching for sequence matches...
  600456 loci in the catalog, 31138004 kmers in the catalog hash.
Searching for gapped alignments...
Merging matches into catalog...
  1207 loci were matched to a catalog locus.
  623 loci were matched to a catalog locus using gapped alignments.
  489 loci were newly added to the catalog.
  48 loci matched more than one catalog locus, linking them.
    100 linked catalog loci were merged into 48 loci.

Processing sample 00_Data/05a_Stacks.denovo.ALL.M1n1//S_23_02079 [54 of 88]
  Parsing 00_Data/05a_Stacks.denovo.ALL.M1n1//S_23_02079.tags.tsv.gz
  Parsing 00_Data/05a_Stacks.denovo.ALL.M1n1//S_23_02079.snps.tsv.gz
  Parsing 00_Data/05a_Stacks.denovo.ALL.M1n1//S_23_02079.alleles.tsv.gz
Searching for sequence matches...
  600893 loci in the catalog, 31165076 kmers in the catalog hash.
Searching for gapped alignments...
Merging matches into catalog...
  67870 loci were matched to a catalog locus.
  19212 loci were matched to a catalog locus using gapped alignments.
  21072 loci were newly added to the catalog.
  584 loci matched more than one catalog locus, linking them.
    1164 linked catalog loci were merged into 567 loci.

Processing sample 00_Data/05a_Stacks.denovo.ALL.M1n1//S_23_02080 [55 of 88]
  Parsing 00_Data/05a_Stacks.denovo.ALL.M1n1//S_23_02080.tags.tsv.gz
  Parsing 00_Data/05a_Stacks.denovo.ALL.M1n1//S_23_02080.snps.tsv.gz
  Parsing 00_Data/05a_Stacks.denovo.ALL.M1n1//S_23_02080.alleles.tsv.gz
Searching for sequence matches...
  621368 loci in the catalog, 32332077 kmers in the catalog hash.
Searching for gapped alignments...
Merging matches into catalog...
  108484 loci were matched to a catalog locus.
  33407 loci were matched to a catalog locus using gapped alignments.
  44832 loci were newly added to the catalog.
  979 loci matched more than one catalog locus, linking them.
    1932 linked catalog loci were merged into 939 loci.

Processing sample 00_Data/05a_Stacks.denovo.ALL.M1n1//S_23_02081 [56 of 88]
  Parsing 00_Data/05a_Stacks.denovo.ALL.M1n1//S_23_02081.tags.tsv.gz
  Parsing 00_Data/05a_Stacks.denovo.ALL.M1n1//S_23_02081.snps.tsv.gz
  Parsing 00_Data/05a_Stacks.denovo.ALL.M1n1//S_23_02081.alleles.tsv.gz
Searching for sequence matches...
  665207 loci in the catalog, 34671826 kmers in the catalog hash.
Searching for gapped alignments...
Merging matches into catalog...
  115042 loci were matched to a catalog locus.
  29639 loci were matched to a catalog locus using gapped alignments.
  11154 loci were newly added to the catalog.
  813 loci matched more than one catalog locus, linking them.
    1613 linked catalog loci were merged into 783 loci.

Processing sample 00_Data/05a_Stacks.denovo.ALL.M1n1//S_23_02086 [57 of 88]
  Parsing 00_Data/05a_Stacks.denovo.ALL.M1n1//S_23_02086.tags.tsv.gz
  Parsing 00_Data/05a_Stacks.denovo.ALL.M1n1//S_23_02086.snps.tsv.gz
  Parsing 00_Data/05a_Stacks.denovo.ALL.M1n1//S_23_02086.alleles.tsv.gz
Searching for sequence matches...
  675531 loci in the catalog, 35329978 kmers in the catalog hash.
Searching for gapped alignments...
Merging matches into catalog...
  73885 loci were matched to a catalog locus.
  35554 loci were matched to a catalog locus using gapped alignments.
  34082 loci were newly added to the catalog.
  616 loci matched more than one catalog locus, linking them.
    1205 linked catalog loci were merged into 580 loci.

Processing sample 00_Data/05a_Stacks.denovo.ALL.M1n1//S_23_02087 [58 of 88]
  Parsing 00_Data/05a_Stacks.denovo.ALL.M1n1//S_23_02087.tags.tsv.gz
  Parsing 00_Data/05a_Stacks.denovo.ALL.M1n1//S_23_02087.snps.tsv.gz
  Parsing 00_Data/05a_Stacks.denovo.ALL.M1n1//S_23_02087.alleles.tsv.gz
Searching for sequence matches...
  708988 loci in the catalog, 37286689 kmers in the catalog hash.
Searching for gapped alignments...
Merging matches into catalog...
  98191 loci were matched to a catalog locus.
  41635 loci were matched to a catalog locus using gapped alignments.
  20579 loci were newly added to the catalog.
  698 loci matched more than one catalog locus, linking them.
    1385 linked catalog loci were merged into 676 loci.

Processing sample 00_Data/05a_Stacks.denovo.ALL.M1n1//S_23_02088 [59 of 88]
  Parsing 00_Data/05a_Stacks.denovo.ALL.M1n1//S_23_02088.tags.tsv.gz
  Parsing 00_Data/05a_Stacks.denovo.ALL.M1n1//S_23_02088.snps.tsv.gz
  Parsing 00_Data/05a_Stacks.denovo.ALL.M1n1//S_23_02088.alleles.tsv.gz
Searching for sequence matches...
  728858 loci in the catalog, 38514673 kmers in the catalog hash.
Searching for gapped alignments...
Merging matches into catalog...
  108791 loci were matched to a catalog locus.
  45833 loci were matched to a catalog locus using gapped alignments.
  19824 loci were newly added to the catalog.
  785 loci matched more than one catalog locus, linking them.
    1541 linked catalog loci were merged into 745 loci.

Processing sample 00_Data/05a_Stacks.denovo.ALL.M1n1//S_23_02089 [60 of 88]
  Parsing 00_Data/05a_Stacks.denovo.ALL.M1n1//S_23_02089.tags.tsv.gz
  Parsing 00_Data/05a_Stacks.denovo.ALL.M1n1//S_23_02089.snps.tsv.gz
  Parsing 00_Data/05a_Stacks.denovo.ALL.M1n1//S_23_02089.alleles.tsv.gz
Searching for sequence matches...
  747886 loci in the catalog, 39609160 kmers in the catalog hash.
Searching for gapped alignments...
Merging matches into catalog...
  47525 loci were matched to a catalog locus.
  19036 loci were matched to a catalog locus using gapped alignments.
  3643 loci were newly added to the catalog.
  519 loci matched more than one catalog locus, linking them.
    1047 linked catalog loci were merged into 510 loci.

Processing sample 00_Data/05a_Stacks.denovo.ALL.M1n1//S_23_02090 [61 of 88]
  Parsing 00_Data/05a_Stacks.denovo.ALL.M1n1//S_23_02090.tags.tsv.gz
  Parsing 00_Data/05a_Stacks.denovo.ALL.M1n1//S_23_02090.snps.tsv.gz
  Parsing 00_Data/05a_Stacks.denovo.ALL.M1n1//S_23_02090.alleles.tsv.gz
Searching for sequence matches...
  750992 loci in the catalog, 39847126 kmers in the catalog hash.
Searching for gapped alignments...
Merging matches into catalog...
  74904 loci were matched to a catalog locus.
  29151 loci were matched to a catalog locus using gapped alignments.
  5172 loci were newly added to the catalog.
  690 loci matched more than one catalog locus, linking them.
    1377 linked catalog loci were merged into 670 loci.

Processing sample 00_Data/05a_Stacks.denovo.ALL.M1n1//S_23_02093 [62 of 88]
  Parsing 00_Data/05a_Stacks.denovo.ALL.M1n1//S_23_02093.tags.tsv.gz
  Parsing 00_Data/05a_Stacks.denovo.ALL.M1n1//S_23_02093.snps.tsv.gz
  Parsing 00_Data/05a_Stacks.denovo.ALL.M1n1//S_23_02093.alleles.tsv.gz
Searching for sequence matches...
  755457 loci in the catalog, 40147795 kmers in the catalog hash.
Searching for gapped alignments...
Merging matches into catalog...
  14380 loci were matched to a catalog locus.
  8339 loci were matched to a catalog locus using gapped alignments.
  14618 loci were newly added to the catalog.
  339 loci matched more than one catalog locus, linking them.
    680 linked catalog loci were merged into 329 loci.

Processing sample 00_Data/05a_Stacks.denovo.ALL.M1n1//S_23_02094 [63 of 88]
  Parsing 00_Data/05a_Stacks.denovo.ALL.M1n1//S_23_02094.tags.tsv.gz
  Parsing 00_Data/05a_Stacks.denovo.ALL.M1n1//S_23_02094.snps.tsv.gz
  Parsing 00_Data/05a_Stacks.denovo.ALL.M1n1//S_23_02094.alleles.tsv.gz
Searching for sequence matches...
  769724 loci in the catalog, 40961711 kmers in the catalog hash.
Searching for gapped alignments...
Merging matches into catalog...
  46691 loci were matched to a catalog locus.
  24551 loci were matched to a catalog locus using gapped alignments.
  40080 loci were newly added to the catalog.
  549 loci matched more than one catalog locus, linking them.
    1087 linked catalog loci were merged into 522 loci.

Processing sample 00_Data/05a_Stacks.denovo.ALL.M1n1//S_23_02098 [64 of 88]
  Parsing 00_Data/05a_Stacks.denovo.ALL.M1n1//S_23_02098.tags.tsv.gz
  Parsing 00_Data/05a_Stacks.denovo.ALL.M1n1//S_23_02098.snps.tsv.gz
  Parsing 00_Data/05a_Stacks.denovo.ALL.M1n1//S_23_02098.alleles.tsv.gz
Searching for sequence matches...
  809239 loci in the catalog, 43188033 kmers in the catalog hash.
Searching for gapped alignments...
Merging matches into catalog...
  90225 loci were matched to a catalog locus.
  43692 loci were matched to a catalog locus using gapped alignments.
  5273 loci were newly added to the catalog.
  531 loci matched more than one catalog locus, linking them.
    1047 linked catalog loci were merged into 508 loci.

Processing sample 00_Data/05a_Stacks.denovo.ALL.M1n1//S_23_02111 [65 of 88]
  Parsing 00_Data/05a_Stacks.denovo.ALL.M1n1//S_23_02111.tags.tsv.gz
  Parsing 00_Data/05a_Stacks.denovo.ALL.M1n1//S_23_02111.snps.tsv.gz
  Parsing 00_Data/05a_Stacks.denovo.ALL.M1n1//S_23_02111.alleles.tsv.gz
Searching for sequence matches...
  813973 loci in the catalog, 43544128 kmers in the catalog hash.
Searching for gapped alignments...
Merging matches into catalog...
  118770 loci were matched to a catalog locus.
  56808 loci were matched to a catalog locus using gapped alignments.
  10748 loci were newly added to the catalog.
  652 loci matched more than one catalog locus, linking them.
    1289 linked catalog loci were merged into 625 loci.

Processing sample 00_Data/05a_Stacks.denovo.ALL.M1n1//S_23_02113 [66 of 88]
  Parsing 00_Data/05a_Stacks.denovo.ALL.M1n1//S_23_02113.tags.tsv.gz
  Parsing 00_Data/05a_Stacks.denovo.ALL.M1n1//S_23_02113.snps.tsv.gz
  Parsing 00_Data/05a_Stacks.denovo.ALL.M1n1//S_23_02113.alleles.tsv.gz
Searching for sequence matches...
  824057 loci in the catalog, 44136773 kmers in the catalog hash.
Searching for gapped alignments...
Merging matches into catalog...
  113928 loci were matched to a catalog locus.
  55469 loci were matched to a catalog locus using gapped alignments.
  9439 loci were newly added to the catalog.
  619 loci matched more than one catalog locus, linking them.
    1223 linked catalog loci were merged into 594 loci.

Processing sample 00_Data/05a_Stacks.denovo.ALL.M1n1//S_23_02115 [67 of 88]
  Parsing 00_Data/05a_Stacks.denovo.ALL.M1n1//S_23_02115.tags.tsv.gz
  Parsing 00_Data/05a_Stacks.denovo.ALL.M1n1//S_23_02115.snps.tsv.gz
  Parsing 00_Data/05a_Stacks.denovo.ALL.M1n1//S_23_02115.alleles.tsv.gz
Searching for sequence matches...
  832867 loci in the catalog, 44633806 kmers in the catalog hash.
Searching for gapped alignments...
Merging matches into catalog...
  112310 loci were matched to a catalog locus.
  54703 loci were matched to a catalog locus using gapped alignments.
  9822 loci were newly added to the catalog.
  562 loci matched more than one catalog locus, linking them.
    1111 linked catalog loci were merged into 540 loci.

Processing sample 00_Data/05a_Stacks.denovo.ALL.M1n1//S_23_02127 [68 of 88]
  Parsing 00_Data/05a_Stacks.denovo.ALL.M1n1//S_23_02127.tags.tsv.gz
  Parsing 00_Data/05a_Stacks.denovo.ALL.M1n1//S_23_02127.snps.tsv.gz
  Parsing 00_Data/05a_Stacks.denovo.ALL.M1n1//S_23_02127.alleles.tsv.gz
Searching for sequence matches...
  842118 loci in the catalog, 45100126 kmers in the catalog hash.
Searching for gapped alignments...
Merging matches into catalog...
  102100 loci were matched to a catalog locus.
  50485 loci were matched to a catalog locus using gapped alignments.
  5971 loci were newly added to the catalog.
  437 loci matched more than one catalog locus, linking them.
    869 linked catalog loci were merged into 422 loci.

Processing sample 00_Data/05a_Stacks.denovo.ALL.M1n1//S_23_02144 [69 of 88]
  Parsing 00_Data/05a_Stacks.denovo.ALL.M1n1//S_23_02144.tags.tsv.gz
  Parsing 00_Data/05a_Stacks.denovo.ALL.M1n1//S_23_02144.snps.tsv.gz
  Parsing 00_Data/05a_Stacks.denovo.ALL.M1n1//S_23_02144.alleles.tsv.gz
Searching for sequence matches...
  847642 loci in the catalog, 45424754 kmers in the catalog hash.
Searching for gapped alignments...
Merging matches into catalog...
  120923 loci were matched to a catalog locus.
  59300 loci were matched to a catalog locus using gapped alignments.
  9107 loci were newly added to the catalog.
  584 loci matched more than one catalog locus, linking them.
    1153 linked catalog loci were merged into 560 loci.

Processing sample 00_Data/05a_Stacks.denovo.ALL.M1n1//S_23_02146 [70 of 88]
  Parsing 00_Data/05a_Stacks.denovo.ALL.M1n1//S_23_02146.tags.tsv.gz
  Parsing 00_Data/05a_Stacks.denovo.ALL.M1n1//S_23_02146.snps.tsv.gz
  Parsing 00_Data/05a_Stacks.denovo.ALL.M1n1//S_23_02146.alleles.tsv.gz
Searching for sequence matches...
  856156 loci in the catalog, 45909348 kmers in the catalog hash.
Searching for gapped alignments...
Merging matches into catalog...
  114314 loci were matched to a catalog locus.
  56920 loci were matched to a catalog locus using gapped alignments.
  6534 loci were newly added to the catalog.
  443 loci matched more than one catalog locus, linking them.
    868 linked catalog loci were merged into 422 loci.

Processing sample 00_Data/05a_Stacks.denovo.ALL.M1n1//S_23_02156 [71 of 88]
  Parsing 00_Data/05a_Stacks.denovo.ALL.M1n1//S_23_02156.tags.tsv.gz
  Parsing 00_Data/05a_Stacks.denovo.ALL.M1n1//S_23_02156.snps.tsv.gz
  Parsing 00_Data/05a_Stacks.denovo.ALL.M1n1//S_23_02156.alleles.tsv.gz
Searching for sequence matches...
  862244 loci in the catalog, 46269056 kmers in the catalog hash.
Searching for gapped alignments...
Merging matches into catalog...
  115528 loci were matched to a catalog locus.
  57795 loci were matched to a catalog locus using gapped alignments.
  5908 loci were newly added to the catalog.
  467 loci matched more than one catalog locus, linking them.
    931 linked catalog loci were merged into 452 loci.

Processing sample 00_Data/05a_Stacks.denovo.ALL.M1n1//S_23_02160 [72 of 88]
  Parsing 00_Data/05a_Stacks.denovo.ALL.M1n1//S_23_02160.tags.tsv.gz
  Parsing 00_Data/05a_Stacks.denovo.ALL.M1n1//S_23_02160.snps.tsv.gz
  Parsing 00_Data/05a_Stacks.denovo.ALL.M1n1//S_23_02160.alleles.tsv.gz
Searching for sequence matches...
  867673 loci in the catalog, 46621542 kmers in the catalog hash.
Searching for gapped alignments...
Merging matches into catalog...
  101890 loci were matched to a catalog locus.
  52798 loci were matched to a catalog locus using gapped alignments.
  4910 loci were newly added to the catalog.
  437 loci matched more than one catalog locus, linking them.
    860 linked catalog loci were merged into 412 loci.

Processing sample 00_Data/05a_Stacks.denovo.ALL.M1n1//S_23_02163 [73 of 88]
  Parsing 00_Data/05a_Stacks.denovo.ALL.M1n1//S_23_02163.tags.tsv.gz
  Parsing 00_Data/05a_Stacks.denovo.ALL.M1n1//S_23_02163.snps.tsv.gz
  Parsing 00_Data/05a_Stacks.denovo.ALL.M1n1//S_23_02163.alleles.tsv.gz
Searching for sequence matches...
  872135 loci in the catalog, 46919111 kmers in the catalog hash.
Searching for gapped alignments...
Merging matches into catalog...
  92093 loci were matched to a catalog locus.
  47716 loci were matched to a catalog locus using gapped alignments.
  5430 loci were newly added to the catalog.
  429 loci matched more than one catalog locus, linking them.
    851 linked catalog loci were merged into 411 loci.

Processing sample 00_Data/05a_Stacks.denovo.ALL.M1n1//S_23_02166 [74 of 88]
  Parsing 00_Data/05a_Stacks.denovo.ALL.M1n1//S_23_02166.tags.tsv.gz
  Parsing 00_Data/05a_Stacks.denovo.ALL.M1n1//S_23_02166.snps.tsv.gz
  Parsing 00_Data/05a_Stacks.denovo.ALL.M1n1//S_23_02166.alleles.tsv.gz
Searching for sequence matches...
  877125 loci in the catalog, 47184634 kmers in the catalog hash.
Searching for gapped alignments...
Merging matches into catalog...
  98401 loci were matched to a catalog locus.
  51725 loci were matched to a catalog locus using gapped alignments.
  4585 loci were newly added to the catalog.
  408 loci matched more than one catalog locus, linking them.
    805 linked catalog loci were merged into 387 loci.

Processing sample 00_Data/05a_Stacks.denovo.ALL.M1n1//S_23_02169 [75 of 88]
  Parsing 00_Data/05a_Stacks.denovo.ALL.M1n1//S_23_02169.tags.tsv.gz
  Parsing 00_Data/05a_Stacks.denovo.ALL.M1n1//S_23_02169.snps.tsv.gz
  Parsing 00_Data/05a_Stacks.denovo.ALL.M1n1//S_23_02169.alleles.tsv.gz
Searching for sequence matches...
  881292 loci in the catalog, 47460386 kmers in the catalog hash.
Searching for gapped alignments...
Merging matches into catalog...
  104105 loci were matched to a catalog locus.
  54043 loci were matched to a catalog locus using gapped alignments.
  7191 loci were newly added to the catalog.
  447 loci matched more than one catalog locus, linking them.
    885 linked catalog loci were merged into 427 loci.

Processing sample 00_Data/05a_Stacks.denovo.ALL.M1n1//S_23_02170 [76 of 88]
  Parsing 00_Data/05a_Stacks.denovo.ALL.M1n1//S_23_02170.tags.tsv.gz
  Parsing 00_Data/05a_Stacks.denovo.ALL.M1n1//S_23_02170.snps.tsv.gz
  Parsing 00_Data/05a_Stacks.denovo.ALL.M1n1//S_23_02170.alleles.tsv.gz
Searching for sequence matches...
  888025 loci in the catalog, 47804761 kmers in the catalog hash.
Searching for gapped alignments...
Merging matches into catalog...
  98794 loci were matched to a catalog locus.
  51535 loci were matched to a catalog locus using gapped alignments.
  5401 loci were newly added to the catalog.
  463 loci matched more than one catalog locus, linking them.
    919 linked catalog loci were merged into 453 loci.

Processing sample 00_Data/05a_Stacks.denovo.ALL.M1n1//S_23_02174 [77 of 88]
  Parsing 00_Data/05a_Stacks.denovo.ALL.M1n1//S_23_02174.tags.tsv.gz
  Parsing 00_Data/05a_Stacks.denovo.ALL.M1n1//S_23_02174.snps.tsv.gz
  Parsing 00_Data/05a_Stacks.denovo.ALL.M1n1//S_23_02174.alleles.tsv.gz
Searching for sequence matches...
  892960 loci in the catalog, 48080465 kmers in the catalog hash.
Searching for gapped alignments...
Merging matches into catalog...
  95519 loci were matched to a catalog locus.
  51044 loci were matched to a catalog locus using gapped alignments.
  3683 loci were newly added to the catalog.
  367 loci matched more than one catalog locus, linking them.
    726 linked catalog loci were merged into 351 loci.

Processing sample 00_Data/05a_Stacks.denovo.ALL.M1n1//S_23_02176 [78 of 88]
  Parsing 00_Data/05a_Stacks.denovo.ALL.M1n1//S_23_02176.tags.tsv.gz
  Parsing 00_Data/05a_Stacks.denovo.ALL.M1n1//S_23_02176.snps.tsv.gz
  Parsing 00_Data/05a_Stacks.denovo.ALL.M1n1//S_23_02176.alleles.tsv.gz
Searching for sequence matches...
  896268 loci in the catalog, 48304599 kmers in the catalog hash.
Searching for gapped alignments...
Merging matches into catalog...
  109043 loci were matched to a catalog locus.
  56860 loci were matched to a catalog locus using gapped alignments.
  4272 loci were newly added to the catalog.
  420 loci matched more than one catalog locus, linking them.
    827 linked catalog loci were merged into 400 loci.

Processing sample 00_Data/05a_Stacks.denovo.ALL.M1n1//S_23_02186 [79 of 88]
  Parsing 00_Data/05a_Stacks.denovo.ALL.M1n1//S_23_02186.tags.tsv.gz
  Parsing 00_Data/05a_Stacks.denovo.ALL.M1n1//S_23_02186.snps.tsv.gz
  Parsing 00_Data/05a_Stacks.denovo.ALL.M1n1//S_23_02186.alleles.tsv.gz
Searching for sequence matches...
  900113 loci in the catalog, 48573486 kmers in the catalog hash.
Searching for gapped alignments...
Merging matches into catalog...
  80094 loci were matched to a catalog locus.
  43187 loci were matched to a catalog locus using gapped alignments.
  4382 loci were newly added to the catalog.
  377 loci matched more than one catalog locus, linking them.
    753 linked catalog loci were merged into 364 loci.

Processing sample 00_Data/05a_Stacks.denovo.ALL.M1n1//S_23_02188 [80 of 88]
  Parsing 00_Data/05a_Stacks.denovo.ALL.M1n1//S_23_02188.tags.tsv.gz
  Parsing 00_Data/05a_Stacks.denovo.ALL.M1n1//S_23_02188.snps.tsv.gz
  Parsing 00_Data/05a_Stacks.denovo.ALL.M1n1//S_23_02188.alleles.tsv.gz
Searching for sequence matches...
  904106 loci in the catalog, 48848662 kmers in the catalog hash.
Searching for gapped alignments...
Merging matches into catalog...
  73427 loci were matched to a catalog locus.
  38448 loci were matched to a catalog locus using gapped alignments.
  10150 loci were newly added to the catalog.
  451 loci matched more than one catalog locus, linking them.
    900 linked catalog loci were merged into 440 loci.

Processing sample 00_Data/05a_Stacks.denovo.ALL.M1n1//S_23_02190 [81 of 88]
  Parsing 00_Data/05a_Stacks.denovo.ALL.M1n1//S_23_02190.tags.tsv.gz
  Parsing 00_Data/05a_Stacks.denovo.ALL.M1n1//S_23_02190.snps.tsv.gz
  Parsing 00_Data/05a_Stacks.denovo.ALL.M1n1//S_23_02190.alleles.tsv.gz
Searching for sequence matches...
  913796 loci in the catalog, 49348602 kmers in the catalog hash.
Searching for gapped alignments...
Merging matches into catalog...
  87114 loci were matched to a catalog locus.
  45182 loci were matched to a catalog locus using gapped alignments.
  4468 loci were newly added to the catalog.
  423 loci matched more than one catalog locus, linking them.
    843 linked catalog loci were merged into 410 loci.

Processing sample 00_Data/05a_Stacks.denovo.ALL.M1n1//S_23_02199 [82 of 88]
  Parsing 00_Data/05a_Stacks.denovo.ALL.M1n1//S_23_02199.tags.tsv.gz
  Parsing 00_Data/05a_Stacks.denovo.ALL.M1n1//S_23_02199.snps.tsv.gz
  Parsing 00_Data/05a_Stacks.denovo.ALL.M1n1//S_23_02199.alleles.tsv.gz
Searching for sequence matches...
  917831 loci in the catalog, 49620806 kmers in the catalog hash.
Searching for gapped alignments...
Merging matches into catalog...
  97455 loci were matched to a catalog locus.
  49801 loci were matched to a catalog locus using gapped alignments.
  7514 loci were newly added to the catalog.
  466 loci matched more than one catalog locus, linking them.
    923 linked catalog loci were merged into 453 loci.

Processing sample 00_Data/05a_Stacks.denovo.ALL.M1n1//S_23_02218 [83 of 88]
  Parsing 00_Data/05a_Stacks.denovo.ALL.M1n1//S_23_02218.tags.tsv.gz
  Parsing 00_Data/05a_Stacks.denovo.ALL.M1n1//S_23_02218.snps.tsv.gz
  Parsing 00_Data/05a_Stacks.denovo.ALL.M1n1//S_23_02218.alleles.tsv.gz
Searching for sequence matches...
  924875 loci in the catalog, 50039910 kmers in the catalog hash.
Searching for gapped alignments...
Merging matches into catalog...
  91070 loci were matched to a catalog locus.
  47232 loci were matched to a catalog locus using gapped alignments.
  4013 loci were newly added to the catalog.
  378 loci matched more than one catalog locus, linking them.
    748 linked catalog loci were merged into 362 loci.

Processing sample 00_Data/05a_Stacks.denovo.ALL.M1n1//S_23_02239 [84 of 88]
  Parsing 00_Data/05a_Stacks.denovo.ALL.M1n1//S_23_02239.tags.tsv.gz
  Parsing 00_Data/05a_Stacks.denovo.ALL.M1n1//S_23_02239.snps.tsv.gz
  Parsing 00_Data/05a_Stacks.denovo.ALL.M1n1//S_23_02239.alleles.tsv.gz
Searching for sequence matches...
  928502 loci in the catalog, 50303391 kmers in the catalog hash.
Searching for gapped alignments...
Merging matches into catalog...
  96297 loci were matched to a catalog locus.
  52475 loci were matched to a catalog locus using gapped alignments.
  5321 loci were newly added to the catalog.
  410 loci matched more than one catalog locus, linking them.
    805 linked catalog loci were merged into 391 loci.

Processing sample 00_Data/05a_Stacks.denovo.ALL.M1n1//S_23_02240 [85 of 88]
  Parsing 00_Data/05a_Stacks.denovo.ALL.M1n1//S_23_02240.tags.tsv.gz
  Parsing 00_Data/05a_Stacks.denovo.ALL.M1n1//S_23_02240.snps.tsv.gz
  Parsing 00_Data/05a_Stacks.denovo.ALL.M1n1//S_23_02240.alleles.tsv.gz
Searching for sequence matches...
  933409 loci in the catalog, 50595256 kmers in the catalog hash.
Searching for gapped alignments...
Merging matches into catalog...
  100831 loci were matched to a catalog locus.
  55607 loci were matched to a catalog locus using gapped alignments.
  6701 loci were newly added to the catalog.
  451 loci matched more than one catalog locus, linking them.
    888 linked catalog loci were merged into 429 loci.

Processing sample 00_Data/05a_Stacks.denovo.ALL.M1n1//S_23_02261 [86 of 88]
  Parsing 00_Data/05a_Stacks.denovo.ALL.M1n1//S_23_02261.tags.tsv.gz
  Parsing 00_Data/05a_Stacks.denovo.ALL.M1n1//S_23_02261.snps.tsv.gz
  Parsing 00_Data/05a_Stacks.denovo.ALL.M1n1//S_23_02261.alleles.tsv.gz
Searching for sequence matches...
  939651 loci in the catalog, 50976027 kmers in the catalog hash.
Searching for gapped alignments...
Merging matches into catalog...
  367 loci were matched to a catalog locus.
  347 loci were matched to a catalog locus using gapped alignments.
  20246 loci were newly added to the catalog.
  22 loci matched more than one catalog locus, linking them.
    49 linked catalog loci were merged into 22 loci.

Processing sample 00_Data/05a_Stacks.denovo.ALL.M1n1//S_23_02265 [87 of 88]
  Parsing 00_Data/05a_Stacks.denovo.ALL.M1n1//S_23_02265.tags.tsv.gz
  Parsing 00_Data/05a_Stacks.denovo.ALL.M1n1//S_23_02265.snps.tsv.gz
  Parsing 00_Data/05a_Stacks.denovo.ALL.M1n1//S_23_02265.alleles.tsv.gz
Searching for sequence matches...
  959870 loci in the catalog, 51917534 kmers in the catalog hash.
Searching for gapped alignments...
Merging matches into catalog...
  13706 loci were matched to a catalog locus.
  8354 loci were matched to a catalog locus using gapped alignments.
  210530 loci were newly added to the catalog.
  92 loci matched more than one catalog locus, linking them.
    161 linked catalog loci were merged into 71 loci.

Processing sample 00_Data/05a_Stacks.denovo.ALL.M1n1//S_23_02270 [88 of 88]
  Parsing 00_Data/05a_Stacks.denovo.ALL.M1n1//S_23_02270.tags.tsv.gz
  Parsing 00_Data/05a_Stacks.denovo.ALL.M1n1//S_23_02270.snps.tsv.gz
  Parsing 00_Data/05a_Stacks.denovo.ALL.M1n1//S_23_02270.alleles.tsv.gz
Searching for sequence matches...
  1170310 loci in the catalog, 61501920 kmers in the catalog hash.
Searching for gapped alignments...
Merging matches into catalog...
  7500 loci were matched to a catalog locus.
  4550 loci were matched to a catalog locus using gapped alignments.
  507 loci were newly added to the catalog.
  238 loci matched more than one catalog locus, linking them.
    488 linked catalog loci were merged into 232 loci.

Writing catalog in directory '00_Data/05a_Stacks.denovo.ALL.M1n1//Catalog_ALL/'.
Final catalog contains 1170561 loci.
cstacks is done.
