

-o 00_Data/05a_Stacks.denovo.ALL.M4n4/ -s 00_Data/05a_Stacks.denovo.ALL.M4n4//S_23_00981 -n 4 -p 16
-o 00_Data/05a_Stacks.denovo.ALL.M4n4/ -s 00_Data/05a_Stacks.denovo.ALL.M4n4//S_23_00987 -n 4 -p 16
-o 00_Data/05a_Stacks.denovo.ALL.M4n4/ -s 00_Data/05a_Stacks.denovo.ALL.M4n4//S_23_00988 -n 4 -p 16
-o 00_Data/05a_Stacks.denovo.ALL.M4n4/ -s 00_Data/05a_Stacks.denovo.ALL.M4n4//S_23_00999 -n 4 -p 16
-o 00_Data/05a_Stacks.denovo.ALL.M4n4/ -s 00_Data/05a_Stacks.denovo.ALL.M4n4//S_23_01008 -n 4 -p 16
-o 00_Data/05a_Stacks.denovo.ALL.M4n4/ -s 00_Data/05a_Stacks.denovo.ALL.M4n4//S_23_01050 -n 4 -p 16
-o 00_Data/05a_Stacks.denovo.ALL.M4n4/ -s 00_Data/05a_Stacks.denovo.ALL.M4n4//S_23_01065 -n 4 -p 16
-o 00_Data/05a_Stacks.denovo.ALL.M4n4/ -s 00_Data/05a_Stacks.denovo.ALL.M4n4//S_23_01066 -n 4 -p 16
-o 00_Data/05a_Stacks.denovo.ALL.M4n4/ -s 00_Data/05a_Stacks.denovo.ALL.M4n4//S_23_01068 -n 4 -p 16
-o 00_Data/05a_Stacks.denovo.ALL.M4n4/ -s 00_Data/05a_Stacks.denovo.ALL.M4n4//S_23_01069 -n 4 -p 16
-o 00_Data/05a_Stacks.denovo.ALL.M4n4/ -s 00_Data/05a_Stacks.denovo.ALL.M4n4//S_23_01100 -n 4 -p 16
-o 00_Data/05a_Stacks.denovo.ALL.M4n4/ -s 00_Data/05a_Stacks.denovo.ALL.M4n4//S_23_01108 -n 4 -p 16
-o 00_Data/05a_Stacks.denovo.ALL.M4n4/ -s 00_Data/05a_Stacks.denovo.ALL.M4n4//S_23_01109 -n 4 -p 16
-o 00_Data/05a_Stacks.denovo.ALL.M4n4/ -s 00_Data/05a_Stacks.denovo.ALL.M4n4//S_23_01111 -n 4 -p 16
-o 00_Data/05a_Stacks.denovo.ALL.M4n4/ -s 00_Data/05a_Stacks.denovo.ALL.M4n4//S_23_01123 -n 4 -p 16
-o 00_Data/05a_Stacks.denovo.ALL.M4n4/ -s 00_Data/05a_Stacks.denovo.ALL.M4n4//S_23_01146 -n 4 -p 16
-o 00_Data/05a_Stacks.denovo.ALL.M4n4/ -s 00_Data/05a_Stacks.denovo.ALL.M4n4//S_23_01152 -n 4 -p 16
-o 00_Data/05a_Stacks.denovo.ALL.M4n4/ -s 00_Data/05a_Stacks.denovo.ALL.M4n4//S_23_01154 -n 4 -p 16
-o 00_Data/05a_Stacks.denovo.ALL.M4n4/ -s 00_Data/05a_Stacks.denovo.ALL.M4n4//S_23_01158 -n 4 -p 16
-o 00_Data/05a_Stacks.denovo.ALL.M4n4/ -s 00_Data/05a_Stacks.denovo.ALL.M4n4//S_23_01159 -n 4 -p 16
-o 00_Data/05a_Stacks.denovo.ALL.M4n4/ -s 00_Data/05a_Stacks.denovo.ALL.M4n4//S_23_01193 -n 4 -p 16
-o 00_Data/05a_Stacks.denovo.ALL.M4n4/ -s 00_Data/05a_Stacks.denovo.ALL.M4n4//S_23_01195 -n 4 -p 16
-o 00_Data/05a_Stacks.denovo.ALL.M4n4/ -s 00_Data/05a_Stacks.denovo.ALL.M4n4//S_23_01199 -n 4 -p 16
-o 00_Data/05a_Stacks.denovo.ALL.M4n4/ -s 00_Data/05a_Stacks.denovo.ALL.M4n4//S_23_01203 -n 4 -p 16
-o 00_Data/05a_Stacks.denovo.ALL.M4n4/ -s 00_Data/05a_Stacks.denovo.ALL.M4n4//S_23_01214 -n 4 -p 16
-o 00_Data/05a_Stacks.denovo.ALL.M4n4/ -s 00_Data/05a_Stacks.denovo.ALL.M4n4//S_23_01253 -n 4 -p 16
-o 00_Data/05a_Stacks.denovo.ALL.M4n4/ -s 00_Data/05a_Stacks.denovo.ALL.M4n4//S_23_01272 -n 4 -p 16
-o 00_Data/05a_Stacks.denovo.ALL.M4n4/ -s 00_Data/05a_Stacks.denovo.ALL.M4n4//S_23_01795 -n 4 -p 16
-o 00_Data/05a_Stacks.denovo.ALL.M4n4/ -s 00_Data/05a_Stacks.denovo.ALL.M4n4//S_23_01798 -n 4 -p 16
-o 00_Data/05a_Stacks.denovo.ALL.M4n4/ -s 00_Data/05a_Stacks.denovo.ALL.M4n4//S_23_01799 -n 4 -p 16
-o 00_Data/05a_Stacks.denovo.ALL.M4n4/ -s 00_Data/05a_Stacks.denovo.ALL.M4n4//S_23_01805 -n 4 -p 16
-o 00_Data/05a_Stacks.denovo.ALL.M4n4/ -s 00_Data/05a_Stacks.denovo.ALL.M4n4//S_23_01821 -n 4 -p 16
-o 00_Data/05a_Stacks.denovo.ALL.M4n4/ -s 00_Data/05a_Stacks.denovo.ALL.M4n4//S_23_01854 -n 4 -p 16
-o 00_Data/05a_Stacks.denovo.ALL.M4n4/ -s 00_Data/05a_Stacks.denovo.ALL.M4n4//S_23_01856 -n 4 -p 16
-o 00_Data/05a_Stacks.denovo.ALL.M4n4/ -s 00_Data/05a_Stacks.denovo.ALL.M4n4//S_23_01860 -n 4 -p 16
-o 00_Data/05a_Stacks.denovo.ALL.M4n4/ -s 00_Data/05a_Stacks.denovo.ALL.M4n4//S_23_01875 -n 4 -p 16
-o 00_Data/05a_Stacks.denovo.ALL.M4n4/ -s 00_Data/05a_Stacks.denovo.ALL.M4n4//S_23_01877 -n 4 -p 16
-o 00_Data/05a_Stacks.denovo.ALL.M4n4/ -s 00_Data/05a_Stacks.denovo.ALL.M4n4//S_23_01893 -n 4 -p 16
-o 00_Data/05a_Stacks.denovo.ALL.M4n4/ -s 00_Data/05a_Stacks.denovo.ALL.M4n4//S_23_01896 -n 4 -p 16
-o 00_Data/05a_Stacks.denovo.ALL.M4n4/ -s 00_Data/05a_Stacks.denovo.ALL.M4n4//S_23_01900 -n 4 -p 16
-o 00_Data/05a_Stacks.denovo.ALL.M4n4/ -s 00_Data/05a_Stacks.denovo.ALL.M4n4//S_23_01903 -n 4 -p 16
-o 00_Data/05a_Stacks.denovo.ALL.M4n4/ -s 00_Data/05a_Stacks.denovo.ALL.M4n4//S_23_01925 -n 4 -p 16
-o 00_Data/05a_Stacks.denovo.ALL.M4n4/ -s 00_Data/05a_Stacks.denovo.ALL.M4n4//S_23_02011 -n 4 -p 16
-o 00_Data/05a_Stacks.denovo.ALL.M4n4/ -s 00_Data/05a_Stacks.denovo.ALL.M4n4//S_23_02017 -n 4 -p 16
-o 00_Data/05a_Stacks.denovo.ALL.M4n4/ -s 00_Data/05a_Stacks.denovo.ALL.M4n4//S_23_02023 -n 4 -p 16
-o 00_Data/05a_Stacks.denovo.ALL.M4n4/ -s 00_Data/05a_Stacks.denovo.ALL.M4n4//S_23_02026 -n 4 -p 16
-o 00_Data/05a_Stacks.denovo.ALL.M4n4/ -s 00_Data/05a_Stacks.denovo.ALL.M4n4//S_23_02030 -n 4 -p 16
-o 00_Data/05a_Stacks.denovo.ALL.M4n4/ -s 00_Data/05a_Stacks.denovo.ALL.M4n4//S_23_02035 -n 4 -p 16
-o 00_Data/05a_Stacks.denovo.ALL.M4n4/ -s 00_Data/05a_Stacks.denovo.ALL.M4n4//S_23_02050 -n 4 -p 16
-o 00_Data/05a_Stacks.denovo.ALL.M4n4/ -s 00_Data/05a_Stacks.denovo.ALL.M4n4//S_23_02054 -n 4 -p 16
-o 00_Data/05a_Stacks.denovo.ALL.M4n4/ -s 00_Data/05a_Stacks.denovo.ALL.M4n4//S_23_02076 -n 4 -p 16
-o 00_Data/05a_Stacks.denovo.ALL.M4n4/ -s 00_Data/05a_Stacks.denovo.ALL.M4n4//S_23_02077 -n 4 -p 16
-o 00_Data/05a_Stacks.denovo.ALL.M4n4/ -s 00_Data/05a_Stacks.denovo.ALL.M4n4//S_23_02078 -n 4 -p 16
-o 00_Data/05a_Stacks.denovo.ALL.M4n4/ -s 00_Data/05a_Stacks.denovo.ALL.M4n4//S_23_02079 -n 4 -p 16
-o 00_Data/05a_Stacks.denovo.ALL.M4n4/ -s 00_Data/05a_Stacks.denovo.ALL.M4n4//S_23_02080 -n 4 -p 16
-o 00_Data/05a_Stacks.denovo.ALL.M4n4/ -s 00_Data/05a_Stacks.denovo.ALL.M4n4//S_23_02081 -n 4 -p 16
-o 00_Data/05a_Stacks.denovo.ALL.M4n4/ -s 00_Data/05a_Stacks.denovo.ALL.M4n4//S_23_02086 -n 4 -p 16
-o 00_Data/05a_Stacks.denovo.ALL.M4n4/ -s 00_Data/05a_Stacks.denovo.ALL.M4n4//S_23_02087 -n 4 -p 16
-o 00_Data/05a_Stacks.denovo.ALL.M4n4/ -s 00_Data/05a_Stacks.denovo.ALL.M4n4//S_23_02088 -n 4 -p 16
-o 00_Data/05a_Stacks.denovo.ALL.M4n4/ -s 00_Data/05a_Stacks.denovo.ALL.M4n4//S_23_02089 -n 4 -p 16
-o 00_Data/05a_Stacks.denovo.ALL.M4n4/ -s 00_Data/05a_Stacks.denovo.ALL.M4n4//S_23_02090 -n 4 -p 16
-o 00_Data/05a_Stacks.denovo.ALL.M4n4/ -s 00_Data/05a_Stacks.denovo.ALL.M4n4//S_23_02093 -n 4 -p 16
-o 00_Data/05a_Stacks.denovo.ALL.M4n4/ -s 00_Data/05a_Stacks.denovo.ALL.M4n4//S_23_02094 -n 4 -p 16
-o 00_Data/05a_Stacks.denovo.ALL.M4n4/ -s 00_Data/05a_Stacks.denovo.ALL.M4n4//S_23_02100 -n 4 -p 16
-o 00_Data/05a_Stacks.denovo.ALL.M4n4/ -s 00_Data/05a_Stacks.denovo.ALL.M4n4//S_23_02105 -n 4 -p 16
-o 00_Data/05a_Stacks.denovo.ALL.M4n4/ -s 00_Data/05a_Stacks.denovo.ALL.M4n4//S_23_02107 -n 4 -p 16
-o 00_Data/05a_Stacks.denovo.ALL.M4n4/ -s 00_Data/05a_Stacks.denovo.ALL.M4n4//S_23_02119 -n 4 -p 16
-o 00_Data/05a_Stacks.denovo.ALL.M4n4/ -s 00_Data/05a_Stacks.denovo.ALL.M4n4//S_23_02127 -n 4 -p 16
-o 00_Data/05a_Stacks.denovo.ALL.M4n4/ -s 00_Data/05a_Stacks.denovo.ALL.M4n4//S_23_02132 -n 4 -p 16
-o 00_Data/05a_Stacks.denovo.ALL.M4n4/ -s 00_Data/05a_Stacks.denovo.ALL.M4n4//S_23_02149 -n 4 -p 16
-o 00_Data/05a_Stacks.denovo.ALL.M4n4/ -s 00_Data/05a_Stacks.denovo.ALL.M4n4//S_23_02150 -n 4 -p 16
-o 00_Data/05a_Stacks.denovo.ALL.M4n4/ -s 00_Data/05a_Stacks.denovo.ALL.M4n4//S_23_02151 -n 4 -p 16
-o 00_Data/05a_Stacks.denovo.ALL.M4n4/ -s 00_Data/05a_Stacks.denovo.ALL.M4n4//S_23_02158 -n 4 -p 16
-o 00_Data/05a_Stacks.denovo.ALL.M4n4/ -s 00_Data/05a_Stacks.denovo.ALL.M4n4//S_23_02166 -n 4 -p 16
-o 00_Data/05a_Stacks.denovo.ALL.M4n4/ -s 00_Data/05a_Stacks.denovo.ALL.M4n4//S_23_02170 -n 4 -p 16
-o 00_Data/05a_Stacks.denovo.ALL.M4n4/ -s 00_Data/05a_Stacks.denovo.ALL.M4n4//S_23_02172 -n 4 -p 16
-o 00_Data/05a_Stacks.denovo.ALL.M4n4/ -s 00_Data/05a_Stacks.denovo.ALL.M4n4//S_23_02179 -n 4 -p 16
-o 00_Data/05a_Stacks.denovo.ALL.M4n4/ -s 00_Data/05a_Stacks.denovo.ALL.M4n4//S_23_02180 -n 4 -p 16
-o 00_Data/05a_Stacks.denovo.ALL.M4n4/ -s 00_Data/05a_Stacks.denovo.ALL.M4n4//S_23_02192 -n 4 -p 16
-o 00_Data/05a_Stacks.denovo.ALL.M4n4/ -s 00_Data/05a_Stacks.denovo.ALL.M4n4//S_23_02197 -n 4 -p 16
-o 00_Data/05a_Stacks.denovo.ALL.M4n4/ -s 00_Data/05a_Stacks.denovo.ALL.M4n4//S_23_02207 -n 4 -p 16
-o 00_Data/05a_Stacks.denovo.ALL.M4n4/ -s 00_Data/05a_Stacks.denovo.ALL.M4n4//S_23_02216 -n 4 -p 16
-o 00_Data/05a_Stacks.denovo.ALL.M4n4/ -s 00_Data/05a_Stacks.denovo.ALL.M4n4//S_23_02218 -n 4 -p 16
-o 00_Data/05a_Stacks.denovo.ALL.M4n4/ -s 00_Data/05a_Stacks.denovo.ALL.M4n4//S_23_02237 -n 4 -p 16
-o 00_Data/05a_Stacks.denovo.ALL.M4n4/ -s 00_Data/05a_Stacks.denovo.ALL.M4n4//S_23_02240 -n 4 -p 16
-o 00_Data/05a_Stacks.denovo.ALL.M4n4/ -s 00_Data/05a_Stacks.denovo.ALL.M4n4//S_23_02243 -n 4 -p 16
-o 00_Data/05a_Stacks.denovo.ALL.M4n4/ -s 00_Data/05a_Stacks.denovo.ALL.M4n4//S_23_02247 -n 4 -p 16
-o 00_Data/05a_Stacks.denovo.ALL.M4n4/ -s 00_Data/05a_Stacks.denovo.ALL.M4n4//S_23_02254 -n 4 -p 16


cstacks parameters selected:
  Loci matched based on sequence identity.
  Number of mismatches allowed between stacks: 4
  Gapped alignments: enabled
Constructing catalog from 88 samples.

Initializing new catalog...
  Parsing 00_Data/05a_Stacks.denovo.ALL.M4n4//S_23_00981.tags.tsv.gz
  Parsing 00_Data/05a_Stacks.denovo.ALL.M4n4//S_23_00981.snps.tsv.gz
  Parsing 00_Data/05a_Stacks.denovo.ALL.M4n4//S_23_00981.alleles.tsv.gz
  116275 loci were newly added to the catalog.

Processing sample 00_Data/05a_Stacks.denovo.ALL.M4n4//S_23_00987 [2 of 88]
  Parsing 00_Data/05a_Stacks.denovo.ALL.M4n4//S_23_00987.tags.tsv.gz
  Parsing 00_Data/05a_Stacks.denovo.ALL.M4n4//S_23_00987.snps.tsv.gz
  Parsing 00_Data/05a_Stacks.denovo.ALL.M4n4//S_23_00987.alleles.tsv.gz
Searching for sequence matches...
  116275 loci in the catalog, 7302583 kmers in the catalog hash.
Searching for gapped alignments...
Merging matches into catalog...
  78568 loci were matched to a catalog locus.
  12807 loci were matched to a catalog locus using gapped alignments.
  24834 loci were newly added to the catalog.
  697 loci matched more than one catalog locus, linking them.
    1337 linked catalog loci were merged into 595 loci.

Processing sample 00_Data/05a_Stacks.denovo.ALL.M4n4//S_23_00988 [3 of 88]
  Parsing 00_Data/05a_Stacks.denovo.ALL.M4n4//S_23_00988.tags.tsv.gz
  Parsing 00_Data/05a_Stacks.denovo.ALL.M4n4//S_23_00988.snps.tsv.gz
  Parsing 00_Data/05a_Stacks.denovo.ALL.M4n4//S_23_00988.alleles.tsv.gz
Searching for sequence matches...
  140367 loci in the catalog, 9008426 kmers in the catalog hash.
Searching for gapped alignments...
Merging matches into catalog...
  93905 loci were matched to a catalog locus.
  17757 loci were matched to a catalog locus using gapped alignments.
  29055 loci were newly added to the catalog.
  707 loci matched more than one catalog locus, linking them.
    1304 linked catalog loci were merged into 579 loci.

Processing sample 00_Data/05a_Stacks.denovo.ALL.M4n4//S_23_00999 [4 of 88]
  Parsing 00_Data/05a_Stacks.denovo.ALL.M4n4//S_23_00999.tags.tsv.gz
  Parsing 00_Data/05a_Stacks.denovo.ALL.M4n4//S_23_00999.snps.tsv.gz
  Parsing 00_Data/05a_Stacks.denovo.ALL.M4n4//S_23_00999.alleles.tsv.gz
Searching for sequence matches...
  168697 loci in the catalog, 11002723 kmers in the catalog hash.
Searching for gapped alignments...
Merging matches into catalog...
  92704 loci were matched to a catalog locus.
  18340 loci were matched to a catalog locus using gapped alignments.
  10222 loci were newly added to the catalog.
  618 loci matched more than one catalog locus, linking them.
    1115 linked catalog loci were merged into 483 loci.

Processing sample 00_Data/05a_Stacks.denovo.ALL.M4n4//S_23_01008 [5 of 88]
  Parsing 00_Data/05a_Stacks.denovo.ALL.M4n4//S_23_01008.tags.tsv.gz
  Parsing 00_Data/05a_Stacks.denovo.ALL.M4n4//S_23_01008.snps.tsv.gz
  Parsing 00_Data/05a_Stacks.denovo.ALL.M4n4//S_23_01008.alleles.tsv.gz
Searching for sequence matches...
  178287 loci in the catalog, 11734110 kmers in the catalog hash.
Searching for gapped alignments...
Merging matches into catalog...
  100360 loci were matched to a catalog locus.
  21479 loci were matched to a catalog locus using gapped alignments.
  11965 loci were newly added to the catalog.
  657 loci matched more than one catalog locus, linking them.
    1208 linked catalog loci were merged into 520 loci.

Processing sample 00_Data/05a_Stacks.denovo.ALL.M4n4//S_23_01050 [6 of 88]
  Parsing 00_Data/05a_Stacks.denovo.ALL.M4n4//S_23_01050.tags.tsv.gz
  Parsing 00_Data/05a_Stacks.denovo.ALL.M4n4//S_23_01050.snps.tsv.gz
  Parsing 00_Data/05a_Stacks.denovo.ALL.M4n4//S_23_01050.alleles.tsv.gz
Searching for sequence matches...
  189564 loci in the catalog, 12609573 kmers in the catalog hash.
Searching for gapped alignments...
Merging matches into catalog...
  76627 loci were matched to a catalog locus.
  17628 loci were matched to a catalog locus using gapped alignments.
  6791 loci were newly added to the catalog.
  558 loci matched more than one catalog locus, linking them.
    1019 linked catalog loci were merged into 444 loci.

Processing sample 00_Data/05a_Stacks.denovo.ALL.M4n4//S_23_01065 [7 of 88]
  Parsing 00_Data/05a_Stacks.denovo.ALL.M4n4//S_23_01065.tags.tsv.gz
  Parsing 00_Data/05a_Stacks.denovo.ALL.M4n4//S_23_01065.snps.tsv.gz
  Parsing 00_Data/05a_Stacks.denovo.ALL.M4n4//S_23_01065.alleles.tsv.gz
Searching for sequence matches...
  195780 loci in the catalog, 13111547 kmers in the catalog hash.
Searching for gapped alignments...
Merging matches into catalog...
  88774 loci were matched to a catalog locus.
  21568 loci were matched to a catalog locus using gapped alignments.
  4915 loci were newly added to the catalog.
  523 loci matched more than one catalog locus, linking them.
    939 linked catalog loci were merged into 410 loci.

Processing sample 00_Data/05a_Stacks.denovo.ALL.M4n4//S_23_01066 [8 of 88]
  Parsing 00_Data/05a_Stacks.denovo.ALL.M4n4//S_23_01066.tags.tsv.gz
  Parsing 00_Data/05a_Stacks.denovo.ALL.M4n4//S_23_01066.snps.tsv.gz
  Parsing 00_Data/05a_Stacks.denovo.ALL.M4n4//S_23_01066.alleles.tsv.gz
Searching for sequence matches...
  200166 loci in the catalog, 13526045 kmers in the catalog hash.
Searching for gapped alignments...
Merging matches into catalog...
  34511 loci were matched to a catalog locus.
  10278 loci were matched to a catalog locus using gapped alignments.
  2352 loci were newly added to the catalog.
  492 loci matched more than one catalog locus, linking them.
    931 linked catalog loci were merged into 413 loci.

Processing sample 00_Data/05a_Stacks.denovo.ALL.M4n4//S_23_01068 [9 of 88]
  Parsing 00_Data/05a_Stacks.denovo.ALL.M4n4//S_23_01068.tags.tsv.gz
  Parsing 00_Data/05a_Stacks.denovo.ALL.M4n4//S_23_01068.snps.tsv.gz
  Parsing 00_Data/05a_Stacks.denovo.ALL.M4n4//S_23_01068.alleles.tsv.gz
Searching for sequence matches...
  202000 loci in the catalog, 13733784 kmers in the catalog hash.
Searching for gapped alignments...
Merging matches into catalog...
  32918 loci were matched to a catalog locus.
  9687 loci were matched to a catalog locus using gapped alignments.
  1801 loci were newly added to the catalog.
  430 loci matched more than one catalog locus, linking them.
    842 linked catalog loci were merged into 374 loci.

Processing sample 00_Data/05a_Stacks.denovo.ALL.M4n4//S_23_01069 [10 of 88]
  Parsing 00_Data/05a_Stacks.denovo.ALL.M4n4//S_23_01069.tags.tsv.gz
  Parsing 00_Data/05a_Stacks.denovo.ALL.M4n4//S_23_01069.snps.tsv.gz
  Parsing 00_Data/05a_Stacks.denovo.ALL.M4n4//S_23_01069.alleles.tsv.gz
Searching for sequence matches...
  203333 loci in the catalog, 13901350 kmers in the catalog hash.
Searching for gapped alignments...
Merging matches into catalog...
  533 loci were matched to a catalog locus.
  532 loci were matched to a catalog locus using gapped alignments.
  85 loci were newly added to the catalog.
  37 loci matched more than one catalog locus, linking them.
    81 linked catalog loci were merged into 36 loci.

Processing sample 00_Data/05a_Stacks.denovo.ALL.M4n4//S_23_01100 [11 of 88]
  Parsing 00_Data/05a_Stacks.denovo.ALL.M4n4//S_23_01100.tags.tsv.gz
  Parsing 00_Data/05a_Stacks.denovo.ALL.M4n4//S_23_01100.snps.tsv.gz
  Parsing 00_Data/05a_Stacks.denovo.ALL.M4n4//S_23_01100.alleles.tsv.gz
Searching for sequence matches...
  203373 loci in the catalog, 13910554 kmers in the catalog hash.
Searching for gapped alignments...
Merging matches into catalog...
  21063 loci were matched to a catalog locus.
  7189 loci were matched to a catalog locus using gapped alignments.
  1514 loci were newly added to the catalog.
  351 loci matched more than one catalog locus, linking them.
    687 linked catalog loci were merged into 310 loci.

Processing sample 00_Data/05a_Stacks.denovo.ALL.M4n4//S_23_01108 [12 of 88]
  Parsing 00_Data/05a_Stacks.denovo.ALL.M4n4//S_23_01108.tags.tsv.gz
  Parsing 00_Data/05a_Stacks.denovo.ALL.M4n4//S_23_01108.snps.tsv.gz
  Parsing 00_Data/05a_Stacks.denovo.ALL.M4n4//S_23_01108.alleles.tsv.gz
Searching for sequence matches...
  204510 loci in the catalog, 14046172 kmers in the catalog hash.
Searching for gapped alignments...
Merging matches into catalog...
  99688 loci were matched to a catalog locus.
  28047 loci were matched to a catalog locus using gapped alignments.
  12824 loci were newly added to the catalog.
  677 loci matched more than one catalog locus, linking them.
    1245 linked catalog loci were merged into 545 loci.

Processing sample 00_Data/05a_Stacks.denovo.ALL.M4n4//S_23_01109 [13 of 88]
  Parsing 00_Data/05a_Stacks.denovo.ALL.M4n4//S_23_01109.tags.tsv.gz
  Parsing 00_Data/05a_Stacks.denovo.ALL.M4n4//S_23_01109.snps.tsv.gz
  Parsing 00_Data/05a_Stacks.denovo.ALL.M4n4//S_23_01109.alleles.tsv.gz
Searching for sequence matches...
  216634 loci in the catalog, 14884961 kmers in the catalog hash.
Searching for gapped alignments...
Merging matches into catalog...
  95074 loci were matched to a catalog locus.
  27564 loci were matched to a catalog locus using gapped alignments.
  10345 loci were newly added to the catalog.
  668 loci matched more than one catalog locus, linking them.
    1207 linked catalog loci were merged into 523 loci.

Processing sample 00_Data/05a_Stacks.denovo.ALL.M4n4//S_23_01111 [14 of 88]
  Parsing 00_Data/05a_Stacks.denovo.ALL.M4n4//S_23_01111.tags.tsv.gz
  Parsing 00_Data/05a_Stacks.denovo.ALL.M4n4//S_23_01111.snps.tsv.gz
  Parsing 00_Data/05a_Stacks.denovo.ALL.M4n4//S_23_01111.alleles.tsv.gz
Searching for sequence matches...
  226295 loci in the catalog, 15546883 kmers in the catalog hash.
Searching for gapped alignments...
Merging matches into catalog...
  89084 loci were matched to a catalog locus.
  26258 loci were matched to a catalog locus using gapped alignments.
  6360 loci were newly added to the catalog.
  613 loci matched more than one catalog locus, linking them.
    1125 linked catalog loci were merged into 488 loci.

Processing sample 00_Data/05a_Stacks.denovo.ALL.M4n4//S_23_01123 [15 of 88]
  Parsing 00_Data/05a_Stacks.denovo.ALL.M4n4//S_23_01123.tags.tsv.gz
  Parsing 00_Data/05a_Stacks.denovo.ALL.M4n4//S_23_01123.snps.tsv.gz
  Parsing 00_Data/05a_Stacks.denovo.ALL.M4n4//S_23_01123.alleles.tsv.gz
Searching for sequence matches...
  232018 loci in the catalog, 15991522 kmers in the catalog hash.
Searching for gapped alignments...
Merging matches into catalog...
  84460 loci were matched to a catalog locus.
  25360 loci were matched to a catalog locus using gapped alignments.
  4500 loci were newly added to the catalog.
  464 loci matched more than one catalog locus, linking them.
    841 linked catalog loci were merged into 367 loci.

Processing sample 00_Data/05a_Stacks.denovo.ALL.M4n4//S_23_01146 [16 of 88]
  Parsing 00_Data/05a_Stacks.denovo.ALL.M4n4//S_23_01146.tags.tsv.gz
  Parsing 00_Data/05a_Stacks.denovo.ALL.M4n4//S_23_01146.snps.tsv.gz
  Parsing 00_Data/05a_Stacks.denovo.ALL.M4n4//S_23_01146.alleles.tsv.gz
Searching for sequence matches...
  236044 loci in the catalog, 16346924 kmers in the catalog hash.
Searching for gapped alignments...
Merging matches into catalog...
  93837 loci were matched to a catalog locus.
  30864 loci were matched to a catalog locus using gapped alignments.
  9278 loci were newly added to the catalog.
  598 loci matched more than one catalog locus, linking them.
    1088 linked catalog loci were merged into 477 loci.

Processing sample 00_Data/05a_Stacks.denovo.ALL.M4n4//S_23_01152 [17 of 88]
  Parsing 00_Data/05a_Stacks.denovo.ALL.M4n4//S_23_01152.tags.tsv.gz
  Parsing 00_Data/05a_Stacks.denovo.ALL.M4n4//S_23_01152.snps.tsv.gz
  Parsing 00_Data/05a_Stacks.denovo.ALL.M4n4//S_23_01152.alleles.tsv.gz
Searching for sequence matches...
  244711 loci in the catalog, 16951574 kmers in the catalog hash.
Searching for gapped alignments...
Merging matches into catalog...
  91720 loci were matched to a catalog locus.
  29836 loci were matched to a catalog locus using gapped alignments.
  7101 loci were newly added to the catalog.
  550 loci matched more than one catalog locus, linking them.
    984 linked catalog loci were merged into 423 loci.

Processing sample 00_Data/05a_Stacks.denovo.ALL.M4n4//S_23_01154 [18 of 88]
  Parsing 00_Data/05a_Stacks.denovo.ALL.M4n4//S_23_01154.tags.tsv.gz
  Parsing 00_Data/05a_Stacks.denovo.ALL.M4n4//S_23_01154.snps.tsv.gz
  Parsing 00_Data/05a_Stacks.denovo.ALL.M4n4//S_23_01154.alleles.tsv.gz
Searching for sequence matches...
  251251 loci in the catalog, 17446449 kmers in the catalog hash.
Searching for gapped alignments...
Merging matches into catalog...
  82698 loci were matched to a catalog locus.
  27934 loci were matched to a catalog locus using gapped alignments.
  5743 loci were newly added to the catalog.
  522 loci matched more than one catalog locus, linking them.
    959 linked catalog loci were merged into 419 loci.

Processing sample 00_Data/05a_Stacks.denovo.ALL.M4n4//S_23_01158 [19 of 88]
  Parsing 00_Data/05a_Stacks.denovo.ALL.M4n4//S_23_01158.tags.tsv.gz
  Parsing 00_Data/05a_Stacks.denovo.ALL.M4n4//S_23_01158.snps.tsv.gz
  Parsing 00_Data/05a_Stacks.denovo.ALL.M4n4//S_23_01158.alleles.tsv.gz
Searching for sequence matches...
  256454 loci in the catalog, 17833395 kmers in the catalog hash.
Searching for gapped alignments...
Merging matches into catalog...
  82691 loci were matched to a catalog locus.
  27587 loci were matched to a catalog locus using gapped alignments.
  4803 loci were newly added to the catalog.
  535 loci matched more than one catalog locus, linking them.
    1001 linked catalog loci were merged into 441 loci.

Processing sample 00_Data/05a_Stacks.denovo.ALL.M4n4//S_23_01159 [20 of 88]
  Parsing 00_Data/05a_Stacks.denovo.ALL.M4n4//S_23_01159.tags.tsv.gz
  Parsing 00_Data/05a_Stacks.denovo.ALL.M4n4//S_23_01159.snps.tsv.gz
  Parsing 00_Data/05a_Stacks.denovo.ALL.M4n4//S_23_01159.alleles.tsv.gz
Searching for sequence matches...
  260697 loci in the catalog, 18172480 kmers in the catalog hash.
Searching for gapped alignments...
Merging matches into catalog...
  95821 loci were matched to a catalog locus.
  33919 loci were matched to a catalog locus using gapped alignments.
  7856 loci were newly added to the catalog.
  606 loci matched more than one catalog locus, linking them.
    1107 linked catalog loci were merged into 489 loci.

Processing sample 00_Data/05a_Stacks.denovo.ALL.M4n4//S_23_01193 [21 of 88]
  Parsing 00_Data/05a_Stacks.denovo.ALL.M4n4//S_23_01193.tags.tsv.gz
  Parsing 00_Data/05a_Stacks.denovo.ALL.M4n4//S_23_01193.snps.tsv.gz
  Parsing 00_Data/05a_Stacks.denovo.ALL.M4n4//S_23_01193.alleles.tsv.gz
Searching for sequence matches...
  267935 loci in the catalog, 18702128 kmers in the catalog hash.
Searching for gapped alignments...
Merging matches into catalog...
  74467 loci were matched to a catalog locus.
  26388 loci were matched to a catalog locus using gapped alignments.
  3164 loci were newly added to the catalog.
  485 loci matched more than one catalog locus, linking them.
    886 linked catalog loci were merged into 384 loci.

Processing sample 00_Data/05a_Stacks.denovo.ALL.M4n4//S_23_01195 [22 of 88]
  Parsing 00_Data/05a_Stacks.denovo.ALL.M4n4//S_23_01195.tags.tsv.gz
  Parsing 00_Data/05a_Stacks.denovo.ALL.M4n4//S_23_01195.snps.tsv.gz
  Parsing 00_Data/05a_Stacks.denovo.ALL.M4n4//S_23_01195.alleles.tsv.gz
Searching for sequence matches...
  270597 loci in the catalog, 18950810 kmers in the catalog hash.
Searching for gapped alignments...
Merging matches into catalog...
  84231 loci were matched to a catalog locus.
  30895 loci were matched to a catalog locus using gapped alignments.
  5023 loci were newly added to the catalog.
  580 loci matched more than one catalog locus, linking them.
    1086 linked catalog loci were merged into 472 loci.

Processing sample 00_Data/05a_Stacks.denovo.ALL.M4n4//S_23_01199 [23 of 88]
  Parsing 00_Data/05a_Stacks.denovo.ALL.M4n4//S_23_01199.tags.tsv.gz
  Parsing 00_Data/05a_Stacks.denovo.ALL.M4n4//S_23_01199.snps.tsv.gz
  Parsing 00_Data/05a_Stacks.denovo.ALL.M4n4//S_23_01199.alleles.tsv.gz
Searching for sequence matches...
  275006 loci in the catalog, 19302287 kmers in the catalog hash.
Searching for gapped alignments...
Merging matches into catalog...
  85032 loci were matched to a catalog locus.
  31653 loci were matched to a catalog locus using gapped alignments.
  6284 loci were newly added to the catalog.
  651 loci matched more than one catalog locus, linking them.
    1166 linked catalog loci were merged into 506 loci.

Processing sample 00_Data/05a_Stacks.denovo.ALL.M4n4//S_23_01203 [24 of 88]
  Parsing 00_Data/05a_Stacks.denovo.ALL.M4n4//S_23_01203.tags.tsv.gz
  Parsing 00_Data/05a_Stacks.denovo.ALL.M4n4//S_23_01203.snps.tsv.gz
  Parsing 00_Data/05a_Stacks.denovo.ALL.M4n4//S_23_01203.alleles.tsv.gz
Searching for sequence matches...
  280630 loci in the catalog, 19705477 kmers in the catalog hash.
Searching for gapped alignments...
Merging matches into catalog...
  76383 loci were matched to a catalog locus.
  28915 loci were matched to a catalog locus using gapped alignments.
  4439 loci were newly added to the catalog.
  588 loci matched more than one catalog locus, linking them.
    1095 linked catalog loci were merged into 483 loci.

Processing sample 00_Data/05a_Stacks.denovo.ALL.M4n4//S_23_01214 [25 of 88]
  Parsing 00_Data/05a_Stacks.denovo.ALL.M4n4//S_23_01214.tags.tsv.gz
  Parsing 00_Data/05a_Stacks.denovo.ALL.M4n4//S_23_01214.snps.tsv.gz
  Parsing 00_Data/05a_Stacks.denovo.ALL.M4n4//S_23_01214.alleles.tsv.gz
Searching for sequence matches...
  284457 loci in the catalog, 20004190 kmers in the catalog hash.
Searching for gapped alignments...
Merging matches into catalog...
  85123 loci were matched to a catalog locus.
  32816 loci were matched to a catalog locus using gapped alignments.
  5870 loci were newly added to the catalog.
  586 loci matched more than one catalog locus, linking them.
    1068 linked catalog loci were merged into 470 loci.

Processing sample 00_Data/05a_Stacks.denovo.ALL.M4n4//S_23_01253 [26 of 88]
  Parsing 00_Data/05a_Stacks.denovo.ALL.M4n4//S_23_01253.tags.tsv.gz
  Parsing 00_Data/05a_Stacks.denovo.ALL.M4n4//S_23_01253.snps.tsv.gz
  Parsing 00_Data/05a_Stacks.denovo.ALL.M4n4//S_23_01253.alleles.tsv.gz
Searching for sequence matches...
  289729 loci in the catalog, 20432881 kmers in the catalog hash.
Searching for gapped alignments...
Merging matches into catalog...
  96903 loci were matched to a catalog locus.
  38315 loci were matched to a catalog locus using gapped alignments.
  9268 loci were newly added to the catalog.
  699 loci matched more than one catalog locus, linking them.
    1252 linked catalog loci were merged into 540 loci.

Processing sample 00_Data/05a_Stacks.denovo.ALL.M4n4//S_23_01272 [27 of 88]
  Parsing 00_Data/05a_Stacks.denovo.ALL.M4n4//S_23_01272.tags.tsv.gz
  Parsing 00_Data/05a_Stacks.denovo.ALL.M4n4//S_23_01272.snps.tsv.gz
  Parsing 00_Data/05a_Stacks.denovo.ALL.M4n4//S_23_01272.alleles.tsv.gz
Searching for sequence matches...
  298285 loci in the catalog, 21013982 kmers in the catalog hash.
Searching for gapped alignments...
Merging matches into catalog...
  82241 loci were matched to a catalog locus.
  32390 loci were matched to a catalog locus using gapped alignments.
  3105 loci were newly added to the catalog.
  512 loci matched more than one catalog locus, linking them.
    953 linked catalog loci were merged into 421 loci.

Processing sample 00_Data/05a_Stacks.denovo.ALL.M4n4//S_23_01795 [28 of 88]
  Parsing 00_Data/05a_Stacks.denovo.ALL.M4n4//S_23_01795.tags.tsv.gz
  Parsing 00_Data/05a_Stacks.denovo.ALL.M4n4//S_23_01795.snps.tsv.gz
  Parsing 00_Data/05a_Stacks.denovo.ALL.M4n4//S_23_01795.alleles.tsv.gz
Searching for sequence matches...
  300858 loci in the catalog, 21279318 kmers in the catalog hash.
Searching for gapped alignments...
Merging matches into catalog...
  87401 loci were matched to a catalog locus.
  35037 loci were matched to a catalog locus using gapped alignments.
  7235 loci were newly added to the catalog.
  597 loci matched more than one catalog locus, linking them.
    1118 linked catalog loci were merged into 491 loci.

Processing sample 00_Data/05a_Stacks.denovo.ALL.M4n4//S_23_01798 [29 of 88]
  Parsing 00_Data/05a_Stacks.denovo.ALL.M4n4//S_23_01798.tags.tsv.gz
  Parsing 00_Data/05a_Stacks.denovo.ALL.M4n4//S_23_01798.snps.tsv.gz
  Parsing 00_Data/05a_Stacks.denovo.ALL.M4n4//S_23_01798.alleles.tsv.gz
Searching for sequence matches...
  307466 loci in the catalog, 21755957 kmers in the catalog hash.
Searching for gapped alignments...
Merging matches into catalog...
  83272 loci were matched to a catalog locus.
  34470 loci were matched to a catalog locus using gapped alignments.
  4734 loci were newly added to the catalog.
  579 loci matched more than one catalog locus, linking them.
    1079 linked catalog loci were merged into 474 loci.

Processing sample 00_Data/05a_Stacks.denovo.ALL.M4n4//S_23_01799 [30 of 88]
  Parsing 00_Data/05a_Stacks.denovo.ALL.M4n4//S_23_01799.tags.tsv.gz
  Parsing 00_Data/05a_Stacks.denovo.ALL.M4n4//S_23_01799.snps.tsv.gz
  Parsing 00_Data/05a_Stacks.denovo.ALL.M4n4//S_23_01799.alleles.tsv.gz
Searching for sequence matches...
  311595 loci in the catalog, 22090672 kmers in the catalog hash.
Searching for gapped alignments...
Merging matches into catalog...
  71685 loci were matched to a catalog locus.
  30224 loci were matched to a catalog locus using gapped alignments.
  4179 loci were newly added to the catalog.
  543 loci matched more than one catalog locus, linking them.
    1006 linked catalog loci were merged into 446 loci.

Processing sample 00_Data/05a_Stacks.denovo.ALL.M4n4//S_23_01805 [31 of 88]
  Parsing 00_Data/05a_Stacks.denovo.ALL.M4n4//S_23_01805.tags.tsv.gz
  Parsing 00_Data/05a_Stacks.denovo.ALL.M4n4//S_23_01805.snps.tsv.gz
  Parsing 00_Data/05a_Stacks.denovo.ALL.M4n4//S_23_01805.alleles.tsv.gz
Searching for sequence matches...
  315214 loci in the catalog, 22376634 kmers in the catalog hash.
Searching for gapped alignments...
Merging matches into catalog...
  85380 loci were matched to a catalog locus.
  36270 loci were matched to a catalog locus using gapped alignments.
  5427 loci were newly added to the catalog.
  577 loci matched more than one catalog locus, linking them.
    1078 linked catalog loci were merged into 469 loci.

Processing sample 00_Data/05a_Stacks.denovo.ALL.M4n4//S_23_01821 [32 of 88]
  Parsing 00_Data/05a_Stacks.denovo.ALL.M4n4//S_23_01821.tags.tsv.gz
  Parsing 00_Data/05a_Stacks.denovo.ALL.M4n4//S_23_01821.snps.tsv.gz
  Parsing 00_Data/05a_Stacks.denovo.ALL.M4n4//S_23_01821.alleles.tsv.gz
Searching for sequence matches...
  320032 loci in the catalog, 22726801 kmers in the catalog hash.
Searching for gapped alignments...
Merging matches into catalog...
  72782 loci were matched to a catalog locus.
  30709 loci were matched to a catalog locus using gapped alignments.
  2812 loci were newly added to the catalog.
  513 loci matched more than one catalog locus, linking them.
    960 linked catalog loci were merged into 421 loci.

Processing sample 00_Data/05a_Stacks.denovo.ALL.M4n4//S_23_01854 [33 of 88]
  Parsing 00_Data/05a_Stacks.denovo.ALL.M4n4//S_23_01854.tags.tsv.gz
  Parsing 00_Data/05a_Stacks.denovo.ALL.M4n4//S_23_01854.snps.tsv.gz
  Parsing 00_Data/05a_Stacks.denovo.ALL.M4n4//S_23_01854.alleles.tsv.gz
Searching for sequence matches...
  322305 loci in the catalog, 22954952 kmers in the catalog hash.
Searching for gapped alignments...
Merging matches into catalog...
  10151 loci were matched to a catalog locus.
  6200 loci were matched to a catalog locus using gapped alignments.
  960 loci were newly added to the catalog.
  227 loci matched more than one catalog locus, linking them.
    470 linked catalog loci were merged into 212 loci.

Processing sample 00_Data/05a_Stacks.denovo.ALL.M4n4//S_23_01856 [34 of 88]
  Parsing 00_Data/05a_Stacks.denovo.ALL.M4n4//S_23_01856.tags.tsv.gz
  Parsing 00_Data/05a_Stacks.denovo.ALL.M4n4//S_23_01856.snps.tsv.gz
  Parsing 00_Data/05a_Stacks.denovo.ALL.M4n4//S_23_01856.alleles.tsv.gz
Searching for sequence matches...
  323007 loci in the catalog, 23035436 kmers in the catalog hash.
Searching for gapped alignments...
Merging matches into catalog...
  45868 loci were matched to a catalog locus.
  20680 loci were matched to a catalog locus using gapped alignments.
  2369 loci were newly added to the catalog.
  428 loci matched more than one catalog locus, linking them.
    820 linked catalog loci were merged into 366 loci.

Processing sample 00_Data/05a_Stacks.denovo.ALL.M4n4//S_23_01860 [35 of 88]
  Parsing 00_Data/05a_Stacks.denovo.ALL.M4n4//S_23_01860.tags.tsv.gz
  Parsing 00_Data/05a_Stacks.denovo.ALL.M4n4//S_23_01860.snps.tsv.gz
  Parsing 00_Data/05a_Stacks.denovo.ALL.M4n4//S_23_01860.alleles.tsv.gz
Searching for sequence matches...
  324922 loci in the catalog, 23218043 kmers in the catalog hash.
Searching for gapped alignments...
Merging matches into catalog...
  76049 loci were matched to a catalog locus.
  32567 loci were matched to a catalog locus using gapped alignments.
  3240 loci were newly added to the catalog.
  525 loci matched more than one catalog locus, linking them.
    969 linked catalog loci were merged into 422 loci.

Processing sample 00_Data/05a_Stacks.denovo.ALL.M4n4//S_23_01875 [36 of 88]
  Parsing 00_Data/05a_Stacks.denovo.ALL.M4n4//S_23_01875.tags.tsv.gz
  Parsing 00_Data/05a_Stacks.denovo.ALL.M4n4//S_23_01875.snps.tsv.gz
  Parsing 00_Data/05a_Stacks.denovo.ALL.M4n4//S_23_01875.alleles.tsv.gz
Searching for sequence matches...
  327615 loci in the catalog, 23469212 kmers in the catalog hash.
Searching for gapped alignments...
Merging matches into catalog...
  87886 loci were matched to a catalog locus.
  38339 loci were matched to a catalog locus using gapped alignments.
  6168 loci were newly added to the catalog.
  615 loci matched more than one catalog locus, linking them.
    1166 linked catalog loci were merged into 529 loci.

Processing sample 00_Data/05a_Stacks.denovo.ALL.M4n4//S_23_01877 [37 of 88]
  Parsing 00_Data/05a_Stacks.denovo.ALL.M4n4//S_23_01877.tags.tsv.gz
  Parsing 00_Data/05a_Stacks.denovo.ALL.M4n4//S_23_01877.snps.tsv.gz
  Parsing 00_Data/05a_Stacks.denovo.ALL.M4n4//S_23_01877.alleles.tsv.gz
Searching for sequence matches...
  333146 loci in the catalog, 23860888 kmers in the catalog hash.
Searching for gapped alignments...
Merging matches into catalog...
  84717 loci were matched to a catalog locus.
  38456 loci were matched to a catalog locus using gapped alignments.
  5693 loci were newly added to the catalog.
  588 loci matched more than one catalog locus, linking them.
    1102 linked catalog loci were merged into 493 loci.

Processing sample 00_Data/05a_Stacks.denovo.ALL.M4n4//S_23_01893 [38 of 88]
  Parsing 00_Data/05a_Stacks.denovo.ALL.M4n4//S_23_01893.tags.tsv.gz
  Parsing 00_Data/05a_Stacks.denovo.ALL.M4n4//S_23_01893.snps.tsv.gz
  Parsing 00_Data/05a_Stacks.denovo.ALL.M4n4//S_23_01893.alleles.tsv.gz
Searching for sequence matches...
  338230 loci in the catalog, 24196979 kmers in the catalog hash.
Searching for gapped alignments...
Merging matches into catalog...
  49371 loci were matched to a catalog locus.
  22980 loci were matched to a catalog locus using gapped alignments.
  2144 loci were newly added to the catalog.
  518 loci matched more than one catalog locus, linking them.
    975 linked catalog loci were merged into 421 loci.

Processing sample 00_Data/05a_Stacks.denovo.ALL.M4n4//S_23_01896 [39 of 88]
  Parsing 00_Data/05a_Stacks.denovo.ALL.M4n4//S_23_01896.tags.tsv.gz
  Parsing 00_Data/05a_Stacks.denovo.ALL.M4n4//S_23_01896.snps.tsv.gz
  Parsing 00_Data/05a_Stacks.denovo.ALL.M4n4//S_23_01896.alleles.tsv.gz
Searching for sequence matches...
  339820 loci in the catalog, 24375335 kmers in the catalog hash.
Searching for gapped alignments...
Merging matches into catalog...
  71422 loci were matched to a catalog locus.
  32450 loci were matched to a catalog locus using gapped alignments.
  2855 loci were newly added to the catalog.
  486 loci matched more than one catalog locus, linking them.
    910 linked catalog loci were merged into 395 loci.

Processing sample 00_Data/05a_Stacks.denovo.ALL.M4n4//S_23_01900 [40 of 88]
  Parsing 00_Data/05a_Stacks.denovo.ALL.M4n4//S_23_01900.tags.tsv.gz
  Parsing 00_Data/05a_Stacks.denovo.ALL.M4n4//S_23_01900.snps.tsv.gz
  Parsing 00_Data/05a_Stacks.denovo.ALL.M4n4//S_23_01900.alleles.tsv.gz
Searching for sequence matches...
  342160 loci in the catalog, 24597291 kmers in the catalog hash.
Searching for gapped alignments...
Merging matches into catalog...
  80068 loci were matched to a catalog locus.
  36889 loci were matched to a catalog locus using gapped alignments.
  5237 loci were newly added to the catalog.
  618 loci matched more than one catalog locus, linking them.
    1165 linked catalog loci were merged into 519 loci.

Processing sample 00_Data/05a_Stacks.denovo.ALL.M4n4//S_23_01903 [41 of 88]
  Parsing 00_Data/05a_Stacks.denovo.ALL.M4n4//S_23_01903.tags.tsv.gz
  Parsing 00_Data/05a_Stacks.denovo.ALL.M4n4//S_23_01903.snps.tsv.gz
  Parsing 00_Data/05a_Stacks.denovo.ALL.M4n4//S_23_01903.alleles.tsv.gz
Searching for sequence matches...
  346751 loci in the catalog, 24927790 kmers in the catalog hash.
Searching for gapped alignments...
Merging matches into catalog...
  27210 loci were matched to a catalog locus.
  24455 loci were matched to a catalog locus using gapped alignments.
  32989 loci were newly added to the catalog.
  558 loci matched more than one catalog locus, linking them.
    1008 linked catalog loci were merged into 426 loci.

Processing sample 00_Data/05a_Stacks.denovo.ALL.M4n4//S_23_01925 [42 of 88]
  Parsing 00_Data/05a_Stacks.denovo.ALL.M4n4//S_23_01925.tags.tsv.gz
  Parsing 00_Data/05a_Stacks.denovo.ALL.M4n4//S_23_01925.snps.tsv.gz
  Parsing 00_Data/05a_Stacks.denovo.ALL.M4n4//S_23_01925.alleles.tsv.gz
Searching for sequence matches...
  379158 loci in the catalog, 27344415 kmers in the catalog hash.
Searching for gapped alignments...
Merging matches into catalog...
  72629 loci were matched to a catalog locus.
  39697 loci were matched to a catalog locus using gapped alignments.
  3985 loci were newly added to the catalog.
  499 loci matched more than one catalog locus, linking them.
    961 linked catalog loci were merged into 424 loci.

Processing sample 00_Data/05a_Stacks.denovo.ALL.M4n4//S_23_02011 [43 of 88]
  Parsing 00_Data/05a_Stacks.denovo.ALL.M4n4//S_23_02011.tags.tsv.gz
  Parsing 00_Data/05a_Stacks.denovo.ALL.M4n4//S_23_02011.snps.tsv.gz
  Parsing 00_Data/05a_Stacks.denovo.ALL.M4n4//S_23_02011.alleles.tsv.gz
Searching for sequence matches...
  382606 loci in the catalog, 27627942 kmers in the catalog hash.
Searching for gapped alignments...
Merging matches into catalog...
  73993 loci were matched to a catalog locus.
  40505 loci were matched to a catalog locus using gapped alignments.
  3257 loci were newly added to the catalog.
  579 loci matched more than one catalog locus, linking them.
    1081 linked catalog loci were merged into 478 loci.

Processing sample 00_Data/05a_Stacks.denovo.ALL.M4n4//S_23_02017 [44 of 88]
  Parsing 00_Data/05a_Stacks.denovo.ALL.M4n4//S_23_02017.tags.tsv.gz
  Parsing 00_Data/05a_Stacks.denovo.ALL.M4n4//S_23_02017.snps.tsv.gz
  Parsing 00_Data/05a_Stacks.denovo.ALL.M4n4//S_23_02017.alleles.tsv.gz
Searching for sequence matches...
  385260 loci in the catalog, 27878988 kmers in the catalog hash.
Searching for gapped alignments...
Merging matches into catalog...
  77695 loci were matched to a catalog locus.
  41514 loci were matched to a catalog locus using gapped alignments.
  3830 loci were newly added to the catalog.
  552 loci matched more than one catalog locus, linking them.
    1043 linked catalog loci were merged into 459 loci.

Processing sample 00_Data/05a_Stacks.denovo.ALL.M4n4//S_23_02023 [45 of 88]
  Parsing 00_Data/05a_Stacks.denovo.ALL.M4n4//S_23_02023.tags.tsv.gz
  Parsing 00_Data/05a_Stacks.denovo.ALL.M4n4//S_23_02023.snps.tsv.gz
  Parsing 00_Data/05a_Stacks.denovo.ALL.M4n4//S_23_02023.alleles.tsv.gz
Searching for sequence matches...
  388506 loci in the catalog, 28153615 kmers in the catalog hash.
Searching for gapped alignments...
Merging matches into catalog...
  50312 loci were matched to a catalog locus.
  28309 loci were matched to a catalog locus using gapped alignments.
  46682 loci were newly added to the catalog.
  533 loci matched more than one catalog locus, linking them.
    1032 linked catalog loci were merged into 463 loci.

Processing sample 00_Data/05a_Stacks.denovo.ALL.M4n4//S_23_02026 [46 of 88]
  Parsing 00_Data/05a_Stacks.denovo.ALL.M4n4//S_23_02026.tags.tsv.gz
  Parsing 00_Data/05a_Stacks.denovo.ALL.M4n4//S_23_02026.snps.tsv.gz
  Parsing 00_Data/05a_Stacks.denovo.ALL.M4n4//S_23_02026.alleles.tsv.gz
Searching for sequence matches...
  434619 loci in the catalog, 31556230 kmers in the catalog hash.
Searching for gapped alignments...
Merging matches into catalog...
  74320 loci were matched to a catalog locus.
  40975 loci were matched to a catalog locus using gapped alignments.
  3150 loci were newly added to the catalog.
  548 loci matched more than one catalog locus, linking them.
    1001 linked catalog loci were merged into 431 loci.

Processing sample 00_Data/05a_Stacks.denovo.ALL.M4n4//S_23_02030 [47 of 88]
  Parsing 00_Data/05a_Stacks.denovo.ALL.M4n4//S_23_02030.tags.tsv.gz
  Parsing 00_Data/05a_Stacks.denovo.ALL.M4n4//S_23_02030.snps.tsv.gz
  Parsing 00_Data/05a_Stacks.denovo.ALL.M4n4//S_23_02030.alleles.tsv.gz
Searching for sequence matches...
  437199 loci in the catalog, 31808595 kmers in the catalog hash.
Searching for gapped alignments...
Merging matches into catalog...
  8476 loci were matched to a catalog locus.
  6321 loci were matched to a catalog locus using gapped alignments.
  539 loci were newly added to the catalog.
  220 loci matched more than one catalog locus, linking them.
    458 linked catalog loci were merged into 204 loci.

Processing sample 00_Data/05a_Stacks.denovo.ALL.M4n4//S_23_02035 [48 of 88]
  Parsing 00_Data/05a_Stacks.denovo.ALL.M4n4//S_23_02035.tags.tsv.gz
  Parsing 00_Data/05a_Stacks.denovo.ALL.M4n4//S_23_02035.snps.tsv.gz
  Parsing 00_Data/05a_Stacks.denovo.ALL.M4n4//S_23_02035.alleles.tsv.gz
Searching for sequence matches...
  437484 loci in the catalog, 31865529 kmers in the catalog hash.
Searching for gapped alignments...
Merging matches into catalog...
  66820 loci were matched to a catalog locus.
  37164 loci were matched to a catalog locus using gapped alignments.
  2336 loci were newly added to the catalog.
  525 loci matched more than one catalog locus, linking them.
    980 linked catalog loci were merged into 428 loci.

Processing sample 00_Data/05a_Stacks.denovo.ALL.M4n4//S_23_02050 [49 of 88]
  Parsing 00_Data/05a_Stacks.denovo.ALL.M4n4//S_23_02050.tags.tsv.gz
  Parsing 00_Data/05a_Stacks.denovo.ALL.M4n4//S_23_02050.snps.tsv.gz
  Parsing 00_Data/05a_Stacks.denovo.ALL.M4n4//S_23_02050.alleles.tsv.gz
Searching for sequence matches...
  439268 loci in the catalog, 32064339 kmers in the catalog hash.
Searching for gapped alignments...
Merging matches into catalog...
  2076 loci were matched to a catalog locus.
  2204 loci were matched to a catalog locus using gapped alignments.
  282 loci were newly added to the catalog.
  104 loci matched more than one catalog locus, linking them.
    226 linked catalog loci were merged into 103 loci.

Processing sample 00_Data/05a_Stacks.denovo.ALL.M4n4//S_23_02054 [50 of 88]
  Parsing 00_Data/05a_Stacks.denovo.ALL.M4n4//S_23_02054.tags.tsv.gz
  Parsing 00_Data/05a_Stacks.denovo.ALL.M4n4//S_23_02054.snps.tsv.gz
  Parsing 00_Data/05a_Stacks.denovo.ALL.M4n4//S_23_02054.alleles.tsv.gz
Searching for sequence matches...
  439427 loci in the catalog, 32090735 kmers in the catalog hash.
Searching for gapped alignments...
Merging matches into catalog...
  17547 loci were matched to a catalog locus.
  11780 loci were matched to a catalog locus using gapped alignments.
  1317 loci were newly added to the catalog.
  350 loci matched more than one catalog locus, linking them.
    683 linked catalog loci were merged into 307 loci.

Processing sample 00_Data/05a_Stacks.denovo.ALL.M4n4//S_23_02076 [51 of 88]
  Parsing 00_Data/05a_Stacks.denovo.ALL.M4n4//S_23_02076.tags.tsv.gz
  Parsing 00_Data/05a_Stacks.denovo.ALL.M4n4//S_23_02076.snps.tsv.gz
  Parsing 00_Data/05a_Stacks.denovo.ALL.M4n4//S_23_02076.alleles.tsv.gz
Searching for sequence matches...
  440368 loci in the catalog, 32210509 kmers in the catalog hash.
Searching for gapped alignments...
Merging matches into catalog...
  1039 loci were matched to a catalog locus.
  1333 loci were matched to a catalog locus using gapped alignments.
  1104 loci were newly added to the catalog.
  67 loci matched more than one catalog locus, linking them.
    141 linked catalog loci were merged into 63 loci.

Processing sample 00_Data/05a_Stacks.denovo.ALL.M4n4//S_23_02077 [52 of 88]
  Parsing 00_Data/05a_Stacks.denovo.ALL.M4n4//S_23_02077.tags.tsv.gz
  Parsing 00_Data/05a_Stacks.denovo.ALL.M4n4//S_23_02077.snps.tsv.gz
  Parsing 00_Data/05a_Stacks.denovo.ALL.M4n4//S_23_02077.alleles.tsv.gz
Searching for sequence matches...
  441394 loci in the catalog, 32295216 kmers in the catalog hash.
Searching for gapped alignments...
Merging matches into catalog...
  35327 loci were matched to a catalog locus.
  30804 loci were matched to a catalog locus using gapped alignments.
  28901 loci were newly added to the catalog.
  591 loci matched more than one catalog locus, linking them.
    1075 linked catalog loci were merged into 479 loci.

Processing sample 00_Data/05a_Stacks.denovo.ALL.M4n4//S_23_02078 [53 of 88]
  Parsing 00_Data/05a_Stacks.denovo.ALL.M4n4//S_23_02078.tags.tsv.gz
  Parsing 00_Data/05a_Stacks.denovo.ALL.M4n4//S_23_02078.snps.tsv.gz
  Parsing 00_Data/05a_Stacks.denovo.ALL.M4n4//S_23_02078.alleles.tsv.gz
Searching for sequence matches...
  469699 loci in the catalog, 34548000 kmers in the catalog hash.
Searching for gapped alignments...
Merging matches into catalog...
  796 loci were matched to a catalog locus.
  999 loci were matched to a catalog locus using gapped alignments.
  276 loci were newly added to the catalog.
  53 loci matched more than one catalog locus, linking them.
    115 linked catalog loci were merged into 53 loci.

Processing sample 00_Data/05a_Stacks.denovo.ALL.M4n4//S_23_02079 [54 of 88]
  Parsing 00_Data/05a_Stacks.denovo.ALL.M4n4//S_23_02079.tags.tsv.gz
  Parsing 00_Data/05a_Stacks.denovo.ALL.M4n4//S_23_02079.snps.tsv.gz
  Parsing 00_Data/05a_Stacks.denovo.ALL.M4n4//S_23_02079.alleles.tsv.gz
Searching for sequence matches...
  469913 loci in the catalog, 34571802 kmers in the catalog hash.
Searching for gapped alignments...
Merging matches into catalog...
  46629 loci were matched to a catalog locus.
  27640 loci were matched to a catalog locus using gapped alignments.
  10351 loci were newly added to the catalog.
  555 loci matched more than one catalog locus, linking them.
    1045 linked catalog loci were merged into 458 loci.

Processing sample 00_Data/05a_Stacks.denovo.ALL.M4n4//S_23_02080 [55 of 88]
  Parsing 00_Data/05a_Stacks.denovo.ALL.M4n4//S_23_02080.tags.tsv.gz
  Parsing 00_Data/05a_Stacks.denovo.ALL.M4n4//S_23_02080.snps.tsv.gz
  Parsing 00_Data/05a_Stacks.denovo.ALL.M4n4//S_23_02080.alleles.tsv.gz
Searching for sequence matches...
  479677 loci in the catalog, 35388383 kmers in the catalog hash.
Searching for gapped alignments...
Merging matches into catalog...
  73364 loci were matched to a catalog locus.
  46852 loci were matched to a catalog locus using gapped alignments.
  24444 loci were newly added to the catalog.
  921 loci matched more than one catalog locus, linking them.
    1720 linked catalog loci were merged into 746 loci.

Processing sample 00_Data/05a_Stacks.denovo.ALL.M4n4//S_23_02081 [56 of 88]
  Parsing 00_Data/05a_Stacks.denovo.ALL.M4n4//S_23_02081.tags.tsv.gz
  Parsing 00_Data/05a_Stacks.denovo.ALL.M4n4//S_23_02081.snps.tsv.gz
  Parsing 00_Data/05a_Stacks.denovo.ALL.M4n4//S_23_02081.alleles.tsv.gz
Searching for sequence matches...
  503147 loci in the catalog, 37110459 kmers in the catalog hash.
Searching for gapped alignments...
Merging matches into catalog...
  72611 loci were matched to a catalog locus.
  39484 loci were matched to a catalog locus using gapped alignments.
  6760 loci were newly added to the catalog.
  671 loci matched more than one catalog locus, linking them.
    1246 linked catalog loci were merged into 548 loci.

Processing sample 00_Data/05a_Stacks.denovo.ALL.M4n4//S_23_02086 [57 of 88]
  Parsing 00_Data/05a_Stacks.denovo.ALL.M4n4//S_23_02086.tags.tsv.gz
  Parsing 00_Data/05a_Stacks.denovo.ALL.M4n4//S_23_02086.snps.tsv.gz
  Parsing 00_Data/05a_Stacks.denovo.ALL.M4n4//S_23_02086.alleles.tsv.gz
Searching for sequence matches...
  509209 loci in the catalog, 37632050 kmers in the catalog hash.
Searching for gapped alignments...
Merging matches into catalog...
  51420 loci were matched to a catalog locus.
  43427 loci were matched to a catalog locus using gapped alignments.
  18413 loci were newly added to the catalog.
  830 loci matched more than one catalog locus, linking them.
    1570 linked catalog loci were merged into 694 loci.

Processing sample 00_Data/05a_Stacks.denovo.ALL.M4n4//S_23_02087 [58 of 88]
  Parsing 00_Data/05a_Stacks.denovo.ALL.M4n4//S_23_02087.tags.tsv.gz
  Parsing 00_Data/05a_Stacks.denovo.ALL.M4n4//S_23_02087.snps.tsv.gz
  Parsing 00_Data/05a_Stacks.denovo.ALL.M4n4//S_23_02087.alleles.tsv.gz
Searching for sequence matches...
  526746 loci in the catalog, 38968780 kmers in the catalog hash.
Searching for gapped alignments...
Merging matches into catalog...
  64386 loci were matched to a catalog locus.
  48845 loci were matched to a catalog locus using gapped alignments.
  12021 loci were newly added to the catalog.
  835 loci matched more than one catalog locus, linking them.
    1574 linked catalog loci were merged into 698 loci.

Processing sample 00_Data/05a_Stacks.denovo.ALL.M4n4//S_23_02088 [59 of 88]
  Parsing 00_Data/05a_Stacks.denovo.ALL.M4n4//S_23_02088.tags.tsv.gz
  Parsing 00_Data/05a_Stacks.denovo.ALL.M4n4//S_23_02088.snps.tsv.gz
  Parsing 00_Data/05a_Stacks.denovo.ALL.M4n4//S_23_02088.alleles.tsv.gz
Searching for sequence matches...
  537891 loci in the catalog, 39871685 kmers in the catalog hash.
Searching for gapped alignments...
Merging matches into catalog...
  70161 loci were matched to a catalog locus.
  53487 loci were matched to a catalog locus using gapped alignments.
  12657 loci were newly added to the catalog.
  914 loci matched more than one catalog locus, linking them.
    1738 linked catalog loci were merged into 774 loci.

Processing sample 00_Data/05a_Stacks.denovo.ALL.M4n4//S_23_02089 [60 of 88]
  Parsing 00_Data/05a_Stacks.denovo.ALL.M4n4//S_23_02089.tags.tsv.gz
  Parsing 00_Data/05a_Stacks.denovo.ALL.M4n4//S_23_02089.snps.tsv.gz
  Parsing 00_Data/05a_Stacks.denovo.ALL.M4n4//S_23_02089.alleles.tsv.gz
Searching for sequence matches...
  549584 loci in the catalog, 40699282 kmers in the catalog hash.
Searching for gapped alignments...
Merging matches into catalog...
  30350 loci were matched to a catalog locus.
  22683 loci were matched to a catalog locus using gapped alignments.
  2512 loci were newly added to the catalog.
  555 loci matched more than one catalog locus, linking them.
    1074 linked catalog loci were merged into 492 loci.

Processing sample 00_Data/05a_Stacks.denovo.ALL.M4n4//S_23_02090 [61 of 88]
  Parsing 00_Data/05a_Stacks.denovo.ALL.M4n4//S_23_02090.tags.tsv.gz
  Parsing 00_Data/05a_Stacks.denovo.ALL.M4n4//S_23_02090.snps.tsv.gz
  Parsing 00_Data/05a_Stacks.denovo.ALL.M4n4//S_23_02090.alleles.tsv.gz
Searching for sequence matches...
  551514 loci in the catalog, 40914594 kmers in the catalog hash.
Searching for gapped alignments...
Merging matches into catalog...
  47816 loci were matched to a catalog locus.
  34523 loci were matched to a catalog locus using gapped alignments.
  3900 loci were newly added to the catalog.
  672 loci matched more than one catalog locus, linking them.
    1292 linked catalog loci were merged into 581 loci.

Processing sample 00_Data/05a_Stacks.denovo.ALL.M4n4//S_23_02093 [62 of 88]
  Parsing 00_Data/05a_Stacks.denovo.ALL.M4n4//S_23_02093.tags.tsv.gz
  Parsing 00_Data/05a_Stacks.denovo.ALL.M4n4//S_23_02093.snps.tsv.gz
  Parsing 00_Data/05a_Stacks.denovo.ALL.M4n4//S_23_02093.alleles.tsv.gz
Searching for sequence matches...
  554703 loci in the catalog, 41200832 kmers in the catalog hash.
Searching for gapped alignments...
Merging matches into catalog...
  11469 loci were matched to a catalog locus.
  12441 loci were matched to a catalog locus using gapped alignments.
  6863 loci were newly added to the catalog.
  380 loci matched more than one catalog locus, linking them.
    772 linked catalog loci were merged into 337 loci.

Processing sample 00_Data/05a_Stacks.denovo.ALL.M4n4//S_23_02094 [63 of 88]
  Parsing 00_Data/05a_Stacks.denovo.ALL.M4n4//S_23_02094.tags.tsv.gz
  Parsing 00_Data/05a_Stacks.denovo.ALL.M4n4//S_23_02094.snps.tsv.gz
  Parsing 00_Data/05a_Stacks.denovo.ALL.M4n4//S_23_02094.alleles.tsv.gz
Searching for sequence matches...
  561131 loci in the catalog, 41746563 kmers in the catalog hash.
Searching for gapped alignments...
Merging matches into catalog...
  36207 loci were matched to a catalog locus.
  34410 loci were matched to a catalog locus using gapped alignments.
  17304 loci were newly added to the catalog.
  699 loci matched more than one catalog locus, linking them.
    1335 linked catalog loci were merged into 605 loci.

Processing sample 00_Data/05a_Stacks.denovo.ALL.M4n4//S_23_02100 [64 of 88]
  Parsing 00_Data/05a_Stacks.denovo.ALL.M4n4//S_23_02100.tags.tsv.gz
  Parsing 00_Data/05a_Stacks.denovo.ALL.M4n4//S_23_02100.snps.tsv.gz
  Parsing 00_Data/05a_Stacks.denovo.ALL.M4n4//S_23_02100.alleles.tsv.gz
Searching for sequence matches...
  577705 loci in the catalog, 43112747 kmers in the catalog hash.
Searching for gapped alignments...
Merging matches into catalog...
  58167 loci were matched to a catalog locus.
  49601 loci were matched to a catalog locus using gapped alignments.
  5321 loci were newly added to the catalog.
  778 loci matched more than one catalog locus, linking them.
    1488 linked catalog loci were merged into 664 loci.

Processing sample 00_Data/05a_Stacks.denovo.ALL.M4n4//S_23_02105 [65 of 88]
  Parsing 00_Data/05a_Stacks.denovo.ALL.M4n4//S_23_02105.tags.tsv.gz
  Parsing 00_Data/05a_Stacks.denovo.ALL.M4n4//S_23_02105.snps.tsv.gz
  Parsing 00_Data/05a_Stacks.denovo.ALL.M4n4//S_23_02105.alleles.tsv.gz
Searching for sequence matches...
  582202 loci in the catalog, 43526329 kmers in the catalog hash.
Searching for gapped alignments...
Merging matches into catalog...
  70234 loci were matched to a catalog locus.
  59241 loci were matched to a catalog locus using gapped alignments.
  8502 loci were newly added to the catalog.
  932 loci matched more than one catalog locus, linking them.
    1775 linked catalog loci were merged into 794 loci.

Processing sample 00_Data/05a_Stacks.denovo.ALL.M4n4//S_23_02107 [66 of 88]
  Parsing 00_Data/05a_Stacks.denovo.ALL.M4n4//S_23_02107.tags.tsv.gz
  Parsing 00_Data/05a_Stacks.denovo.ALL.M4n4//S_23_02107.snps.tsv.gz
  Parsing 00_Data/05a_Stacks.denovo.ALL.M4n4//S_23_02107.alleles.tsv.gz
Searching for sequence matches...
  589723 loci in the catalog, 44051265 kmers in the catalog hash.
Searching for gapped alignments...
Merging matches into catalog...
  72210 loci were matched to a catalog locus.
  60466 loci were matched to a catalog locus using gapped alignments.
  7751 loci were newly added to the catalog.
  853 loci matched more than one catalog locus, linking them.
    1629 linked catalog loci were merged into 722 loci.

Processing sample 00_Data/05a_Stacks.denovo.ALL.M4n4//S_23_02119 [67 of 88]
  Parsing 00_Data/05a_Stacks.denovo.ALL.M4n4//S_23_02119.tags.tsv.gz
  Parsing 00_Data/05a_Stacks.denovo.ALL.M4n4//S_23_02119.snps.tsv.gz
  Parsing 00_Data/05a_Stacks.denovo.ALL.M4n4//S_23_02119.alleles.tsv.gz
Searching for sequence matches...
  596567 loci in the catalog, 44531477 kmers in the catalog hash.
Searching for gapped alignments...
Merging matches into catalog...
  67184 loci were matched to a catalog locus.
  57508 loci were matched to a catalog locus using gapped alignments.
  5132 loci were newly added to the catalog.
  770 loci matched more than one catalog locus, linking them.
    1459 linked catalog loci were merged into 650 loci.

Processing sample 00_Data/05a_Stacks.denovo.ALL.M4n4//S_23_02127 [68 of 88]
  Parsing 00_Data/05a_Stacks.denovo.ALL.M4n4//S_23_02127.tags.tsv.gz
  Parsing 00_Data/05a_Stacks.denovo.ALL.M4n4//S_23_02127.snps.tsv.gz
  Parsing 00_Data/05a_Stacks.denovo.ALL.M4n4//S_23_02127.alleles.tsv.gz
Searching for sequence matches...
  600890 loci in the catalog, 44897848 kmers in the catalog hash.
Searching for gapped alignments...
Merging matches into catalog...
  63744 loci were matched to a catalog locus.
  55329 loci were matched to a catalog locus using gapped alignments.
  4609 loci were newly added to the catalog.
  707 loci matched more than one catalog locus, linking them.
    1365 linked catalog loci were merged into 624 loci.

Processing sample 00_Data/05a_Stacks.denovo.ALL.M4n4//S_23_02132 [69 of 88]
  Parsing 00_Data/05a_Stacks.denovo.ALL.M4n4//S_23_02132.tags.tsv.gz
  Parsing 00_Data/05a_Stacks.denovo.ALL.M4n4//S_23_02132.snps.tsv.gz
  Parsing 00_Data/05a_Stacks.denovo.ALL.M4n4//S_23_02132.alleles.tsv.gz
Searching for sequence matches...
  604758 loci in the catalog, 45216687 kmers in the catalog hash.
Searching for gapped alignments...
Merging matches into catalog...
  61309 loci were matched to a catalog locus.
  53660 loci were matched to a catalog locus using gapped alignments.
  3741 loci were newly added to the catalog.
  639 loci matched more than one catalog locus, linking them.
    1225 linked catalog loci were merged into 539 loci.

Processing sample 00_Data/05a_Stacks.denovo.ALL.M4n4//S_23_02149 [70 of 88]
  Parsing 00_Data/05a_Stacks.denovo.ALL.M4n4//S_23_02149.tags.tsv.gz
  Parsing 00_Data/05a_Stacks.denovo.ALL.M4n4//S_23_02149.snps.tsv.gz
  Parsing 00_Data/05a_Stacks.denovo.ALL.M4n4//S_23_02149.alleles.tsv.gz
Searching for sequence matches...
  607813 loci in the catalog, 45503949 kmers in the catalog hash.
Searching for gapped alignments...
Merging matches into catalog...
  60568 loci were matched to a catalog locus.
  52908 loci were matched to a catalog locus using gapped alignments.
  2568 loci were newly added to the catalog.
  546 loci matched more than one catalog locus, linking them.
    1039 linked catalog loci were merged into 460 loci.

Processing sample 00_Data/05a_Stacks.denovo.ALL.M4n4//S_23_02150 [71 of 88]
  Parsing 00_Data/05a_Stacks.denovo.ALL.M4n4//S_23_02150.tags.tsv.gz
  Parsing 00_Data/05a_Stacks.denovo.ALL.M4n4//S_23_02150.snps.tsv.gz
  Parsing 00_Data/05a_Stacks.denovo.ALL.M4n4//S_23_02150.alleles.tsv.gz
Searching for sequence matches...
  609802 loci in the catalog, 45725740 kmers in the catalog hash.
Searching for gapped alignments...
Merging matches into catalog...
  67122 loci were matched to a catalog locus.
  58752 loci were matched to a catalog locus using gapped alignments.
  5522 loci were newly added to the catalog.
  736 loci matched more than one catalog locus, linking them.
    1418 linked catalog loci were merged into 640 loci.

Processing sample 00_Data/05a_Stacks.denovo.ALL.M4n4//S_23_02151 [72 of 88]
  Parsing 00_Data/05a_Stacks.denovo.ALL.M4n4//S_23_02151.tags.tsv.gz
  Parsing 00_Data/05a_Stacks.denovo.ALL.M4n4//S_23_02151.snps.tsv.gz
  Parsing 00_Data/05a_Stacks.denovo.ALL.M4n4//S_23_02151.alleles.tsv.gz
Searching for sequence matches...
  614546 loci in the catalog, 46058553 kmers in the catalog hash.
Searching for gapped alignments...
Merging matches into catalog...
  62642 loci were matched to a catalog locus.
  56230 loci were matched to a catalog locus using gapped alignments.
  3938 loci were newly added to the catalog.
  630 loci matched more than one catalog locus, linking them.
    1202 linked catalog loci were merged into 530 loci.

Processing sample 00_Data/05a_Stacks.denovo.ALL.M4n4//S_23_02158 [73 of 88]
  Parsing 00_Data/05a_Stacks.denovo.ALL.M4n4//S_23_02158.tags.tsv.gz
  Parsing 00_Data/05a_Stacks.denovo.ALL.M4n4//S_23_02158.snps.tsv.gz
  Parsing 00_Data/05a_Stacks.denovo.ALL.M4n4//S_23_02158.alleles.tsv.gz
Searching for sequence matches...
  617812 loci in the catalog, 46353445 kmers in the catalog hash.
Searching for gapped alignments...
Merging matches into catalog...
  73289 loci were matched to a catalog locus.
  63728 loci were matched to a catalog locus using gapped alignments.
  6471 loci were newly added to the catalog.
  876 loci matched more than one catalog locus, linking them.
    1702 linked catalog loci were merged into 773 loci.

Processing sample 00_Data/05a_Stacks.denovo.ALL.M4n4//S_23_02166 [74 of 88]
  Parsing 00_Data/05a_Stacks.denovo.ALL.M4n4//S_23_02166.tags.tsv.gz
  Parsing 00_Data/05a_Stacks.denovo.ALL.M4n4//S_23_02166.snps.tsv.gz
  Parsing 00_Data/05a_Stacks.denovo.ALL.M4n4//S_23_02166.alleles.tsv.gz
Searching for sequence matches...
  623354 loci in the catalog, 46752414 kmers in the catalog hash.
Searching for gapped alignments...
Merging matches into catalog...
  60946 loci were matched to a catalog locus.
  55225 loci were matched to a catalog locus using gapped alignments.
  3704 loci were newly added to the catalog.
  599 loci matched more than one catalog locus, linking them.
    1137 linked catalog loci were merged into 513 loci.

Processing sample 00_Data/05a_Stacks.denovo.ALL.M4n4//S_23_02170 [75 of 88]
  Parsing 00_Data/05a_Stacks.denovo.ALL.M4n4//S_23_02170.tags.tsv.gz
  Parsing 00_Data/05a_Stacks.denovo.ALL.M4n4//S_23_02170.snps.tsv.gz
  Parsing 00_Data/05a_Stacks.denovo.ALL.M4n4//S_23_02170.alleles.tsv.gz
Searching for sequence matches...
  626434 loci in the catalog, 47027203 kmers in the catalog hash.
Searching for gapped alignments...
Merging matches into catalog...
  62217 loci were matched to a catalog locus.
  55754 loci were matched to a catalog locus using gapped alignments.
  4344 loci were newly added to the catalog.
  706 loci matched more than one catalog locus, linking them.
    1363 linked catalog loci were merged into 612 loci.

Processing sample 00_Data/05a_Stacks.denovo.ALL.M4n4//S_23_02172 [76 of 88]
  Parsing 00_Data/05a_Stacks.denovo.ALL.M4n4//S_23_02172.tags.tsv.gz
  Parsing 00_Data/05a_Stacks.denovo.ALL.M4n4//S_23_02172.snps.tsv.gz
  Parsing 00_Data/05a_Stacks.denovo.ALL.M4n4//S_23_02172.alleles.tsv.gz
Searching for sequence matches...
  630027 loci in the catalog, 47314411 kmers in the catalog hash.
Searching for gapped alignments...
Merging matches into catalog...
  53952 loci were matched to a catalog locus.
  49477 loci were matched to a catalog locus using gapped alignments.
  2716 loci were newly added to the catalog.
  563 loci matched more than one catalog locus, linking them.
    1086 linked catalog loci were merged into 498 loci.

Processing sample 00_Data/05a_Stacks.denovo.ALL.M4n4//S_23_02179 [77 of 88]
  Parsing 00_Data/05a_Stacks.denovo.ALL.M4n4//S_23_02179.tags.tsv.gz
  Parsing 00_Data/05a_Stacks.denovo.ALL.M4n4//S_23_02179.snps.tsv.gz
  Parsing 00_Data/05a_Stacks.denovo.ALL.M4n4//S_23_02179.alleles.tsv.gz
Searching for sequence matches...
  632155 loci in the catalog, 47501785 kmers in the catalog hash.
Searching for gapped alignments...
Merging matches into catalog...
  71044 loci were matched to a catalog locus.
  63045 loci were matched to a catalog locus using gapped alignments.
  5887 loci were newly added to the catalog.
  835 loci matched more than one catalog locus, linking them.
    1560 linked catalog loci were merged into 700 loci.

Processing sample 00_Data/05a_Stacks.denovo.ALL.M4n4//S_23_02180 [78 of 88]
  Parsing 00_Data/05a_Stacks.denovo.ALL.M4n4//S_23_02180.tags.tsv.gz
  Parsing 00_Data/05a_Stacks.denovo.ALL.M4n4//S_23_02180.snps.tsv.gz
  Parsing 00_Data/05a_Stacks.denovo.ALL.M4n4//S_23_02180.alleles.tsv.gz
Searching for sequence matches...
  637182 loci in the catalog, 47874917 kmers in the catalog hash.
Searching for gapped alignments...
Merging matches into catalog...
  73708 loci were matched to a catalog locus.
  65736 loci were matched to a catalog locus using gapped alignments.
  8309 loci were newly added to the catalog.
  864 loci matched more than one catalog locus, linking them.
    1664 linked catalog loci were merged into 750 loci.

Processing sample 00_Data/05a_Stacks.denovo.ALL.M4n4//S_23_02192 [79 of 88]
  Parsing 00_Data/05a_Stacks.denovo.ALL.M4n4//S_23_02192.tags.tsv.gz
  Parsing 00_Data/05a_Stacks.denovo.ALL.M4n4//S_23_02192.snps.tsv.gz
  Parsing 00_Data/05a_Stacks.denovo.ALL.M4n4//S_23_02192.alleles.tsv.gz
Searching for sequence matches...
  644577 loci in the catalog, 48323663 kmers in the catalog hash.
Searching for gapped alignments...
Merging matches into catalog...
  65358 loci were matched to a catalog locus.
  60462 loci were matched to a catalog locus using gapped alignments.
  12496 loci were newly added to the catalog.
  627 loci matched more than one catalog locus, linking them.
    1188 linked catalog loci were merged into 528 loci.

Processing sample 00_Data/05a_Stacks.denovo.ALL.M4n4//S_23_02197 [80 of 88]
  Parsing 00_Data/05a_Stacks.denovo.ALL.M4n4//S_23_02197.tags.tsv.gz
  Parsing 00_Data/05a_Stacks.denovo.ALL.M4n4//S_23_02197.snps.tsv.gz
  Parsing 00_Data/05a_Stacks.denovo.ALL.M4n4//S_23_02197.alleles.tsv.gz
Searching for sequence matches...
  656413 loci in the catalog, 49229411 kmers in the catalog hash.
Searching for gapped alignments...
Merging matches into catalog...
  27680 loci were matched to a catalog locus.
  22519 loci were matched to a catalog locus using gapped alignments.
  6762 loci were newly added to the catalog.
  406 loci matched more than one catalog locus, linking them.
    798 linked catalog loci were merged into 355 loci.

Processing sample 00_Data/05a_Stacks.denovo.ALL.M4n4//S_23_02207 [81 of 88]
  Parsing 00_Data/05a_Stacks.denovo.ALL.M4n4//S_23_02207.tags.tsv.gz
  Parsing 00_Data/05a_Stacks.denovo.ALL.M4n4//S_23_02207.snps.tsv.gz
  Parsing 00_Data/05a_Stacks.denovo.ALL.M4n4//S_23_02207.alleles.tsv.gz
Searching for sequence matches...
  662732 loci in the catalog, 49775271 kmers in the catalog hash.
Searching for gapped alignments...
Merging matches into catalog...
  35876 loci were matched to a catalog locus.
  29881 loci were matched to a catalog locus using gapped alignments.
  4197 loci were newly added to the catalog.
  538 loci matched more than one catalog locus, linking them.
    1066 linked catalog loci were merged into 483 loci.

Processing sample 00_Data/05a_Stacks.denovo.ALL.M4n4//S_23_02216 [82 of 88]
  Parsing 00_Data/05a_Stacks.denovo.ALL.M4n4//S_23_02216.tags.tsv.gz
  Parsing 00_Data/05a_Stacks.denovo.ALL.M4n4//S_23_02216.snps.tsv.gz
  Parsing 00_Data/05a_Stacks.denovo.ALL.M4n4//S_23_02216.alleles.tsv.gz
Searching for sequence matches...
  666346 loci in the catalog, 50116047 kmers in the catalog hash.
Searching for gapped alignments...
Merging matches into catalog...
  41029 loci were matched to a catalog locus.
  37299 loci were matched to a catalog locus using gapped alignments.
  3005 loci were newly added to the catalog.
  549 loci matched more than one catalog locus, linking them.
    1058 linked catalog loci were merged into 480 loci.

Processing sample 00_Data/05a_Stacks.denovo.ALL.M4n4//S_23_02218 [83 of 88]
  Parsing 00_Data/05a_Stacks.denovo.ALL.M4n4//S_23_02218.tags.tsv.gz
  Parsing 00_Data/05a_Stacks.denovo.ALL.M4n4//S_23_02218.snps.tsv.gz
  Parsing 00_Data/05a_Stacks.denovo.ALL.M4n4//S_23_02218.alleles.tsv.gz
Searching for sequence matches...
  668773 loci in the catalog, 50352467 kmers in the catalog hash.
Searching for gapped alignments...
Merging matches into catalog...
  57264 loci were matched to a catalog locus.
  50533 loci were matched to a catalog locus using gapped alignments.
  3087 loci were newly added to the catalog.
  543 loci matched more than one catalog locus, linking them.
    1024 linked catalog loci were merged into 457 loci.

Processing sample 00_Data/05a_Stacks.denovo.ALL.M4n4//S_23_02237 [84 of 88]
  Parsing 00_Data/05a_Stacks.denovo.ALL.M4n4//S_23_02237.tags.tsv.gz
  Parsing 00_Data/05a_Stacks.denovo.ALL.M4n4//S_23_02237.snps.tsv.gz
  Parsing 00_Data/05a_Stacks.denovo.ALL.M4n4//S_23_02237.alleles.tsv.gz
Searching for sequence matches...
  671293 loci in the catalog, 50604398 kmers in the catalog hash.
Searching for gapped alignments...
Merging matches into catalog...
  60253 loci were matched to a catalog locus.
  57269 loci were matched to a catalog locus using gapped alignments.
  4782 loci were newly added to the catalog.
  681 loci matched more than one catalog locus, linking them.
    1318 linked catalog loci were merged into 595 loci.

Processing sample 00_Data/05a_Stacks.denovo.ALL.M4n4//S_23_02240 [85 of 88]
  Parsing 00_Data/05a_Stacks.denovo.ALL.M4n4//S_23_02240.tags.tsv.gz
  Parsing 00_Data/05a_Stacks.denovo.ALL.M4n4//S_23_02240.snps.tsv.gz
  Parsing 00_Data/05a_Stacks.denovo.ALL.M4n4//S_23_02240.alleles.tsv.gz
Searching for sequence matches...
  675352 loci in the catalog, 50910515 kmers in the catalog hash.
Searching for gapped alignments...
Merging matches into catalog...
  62018 loci were matched to a catalog locus.
  59266 loci were matched to a catalog locus using gapped alignments.
  5383 loci were newly added to the catalog.
  702 loci matched more than one catalog locus, linking them.
    1339 linked catalog loci were merged into 603 loci.

Processing sample 00_Data/05a_Stacks.denovo.ALL.M4n4//S_23_02243 [86 of 88]
  Parsing 00_Data/05a_Stacks.denovo.ALL.M4n4//S_23_02243.tags.tsv.gz
  Parsing 00_Data/05a_Stacks.denovo.ALL.M4n4//S_23_02243.snps.tsv.gz
  Parsing 00_Data/05a_Stacks.denovo.ALL.M4n4//S_23_02243.alleles.tsv.gz
Searching for sequence matches...
  679999 loci in the catalog, 51289562 kmers in the catalog hash.
Searching for gapped alignments...
Merging matches into catalog...
  54482 loci were matched to a catalog locus.
  52634 loci were matched to a catalog locus using gapped alignments.
  4070 loci were newly added to the catalog.
  680 loci matched more than one catalog locus, linking them.
    1297 linked catalog loci were merged into 582 loci.

Processing sample 00_Data/05a_Stacks.denovo.ALL.M4n4//S_23_02247 [87 of 88]
  Parsing 00_Data/05a_Stacks.denovo.ALL.M4n4//S_23_02247.tags.tsv.gz
  Parsing 00_Data/05a_Stacks.denovo.ALL.M4n4//S_23_02247.snps.tsv.gz
  Parsing 00_Data/05a_Stacks.denovo.ALL.M4n4//S_23_02247.alleles.tsv.gz
Searching for sequence matches...
  683354 loci in the catalog, 51554435 kmers in the catalog hash.
Searching for gapped alignments...
Merging matches into catalog...
  53256 loci were matched to a catalog locus.
  52184 loci were matched to a catalog locus using gapped alignments.
  2899 loci were newly added to the catalog.
  528 loci matched more than one catalog locus, linking them.
    994 linked catalog loci were merged into 455 loci.

Processing sample 00_Data/05a_Stacks.denovo.ALL.M4n4//S_23_02254 [88 of 88]
  Parsing 00_Data/05a_Stacks.denovo.ALL.M4n4//S_23_02254.tags.tsv.gz
  Parsing 00_Data/05a_Stacks.denovo.ALL.M4n4//S_23_02254.snps.tsv.gz
  Parsing 00_Data/05a_Stacks.denovo.ALL.M4n4//S_23_02254.alleles.tsv.gz
Searching for sequence matches...
  685714 loci in the catalog, 51774898 kmers in the catalog hash.
Searching for gapped alignments...
Merging matches into catalog...
  63528 loci were matched to a catalog locus.
  61127 loci were matched to a catalog locus using gapped alignments.
  5168 loci were newly added to the catalog.
  641 loci matched more than one catalog locus, linking them.
    1227 linked catalog loci were merged into 549 loci.

Writing catalog in directory '00_Data/05a_Stacks.denovo.ALL.M4n4/'.
Final catalog contains 690204 loci.
cstacks is done.
