

-t gzfastq -f ./00_Data/03a_Demultiplex/S_23_02022.1.fq.gz -o 00_Data/05a_Stacks.denovo.ALL.M1n1/ -i 342 -m 3 --name S_23_02022 -M 1 -p 8


ustacks parameters selected:
  Input file: './00_Data/03a_Demultiplex/S_23_02022.1.fq.gz'
  Sample ID: 342
  Min depth of coverage to create a stack (m): 3
  Repeat removal algorithm: enabled
  Max distance allowed between stacks (M): 1
  Max distance allowed to align secondary reads: 3
  Max number of stacks allowed per de novo locus: 3
  Deleveraging algorithm: disabled
  Gapped assembly: enabled
  Minimum alignment length: 0.8
  Model type: SNP
  Alpha significance level for model: 0.05

Loading RAD-Tags...1M...2M...

Loaded 2995540 reads; formed:
  194470 stacks representing 2711602 primary reads (90.5%)
  246313 secondary stacks representing 283938 secondary reads (9.5%)

Stack coverage: mean=13.94; stdev=178.27; max=38536; n_reads=2711602(90.5%)
Removing repetitive stacks: cov > 549 (mean+3*stdev)...
  Blacklisted 9093 stacks.
Coverage after repeat removal: mean=10.37; stdev=18.44; max=546; n_reads=1923282(64.2%)

Assembling stacks (max. dist. M=1)...
  Assembled 185377 stacks into 157106; blacklisted 1799 stacks.
Coverage after assembling stacks: mean=10.03; stdev=11.66; max=565; n_reads=1555098(51.9%)

Merging secondary stacks (max. dist. N=3 from consensus)...
  Merged 100227 out of 283938 secondary reads (35.3%), 4161 merged with gapped alignments.
Coverage after merging secondary stacks: mean=10.67; stdev=12.19; max=579; n_reads=1655325(55.3%)

Assembling stacks, allowing for gaps (min. match length 80.0%)...
  Assembled 157106 stacks into 154190 stacks.
Coverage after gapped assembly: mean=10.88; stdev=12.40; max=579; n_reads=1655325(55.3%)

Merging secondary stacks, allowing for gaps (min. match length 80.0%)...
  Merged 10552 out of 183711 secondary reads (5.7%).
Coverage after merging gapped secondary stacks: mean=10.95; stdev=12.44; max=579; n_reads=1665877(55.6%)

Final number of stacks built: 154190
Final coverage: mean=10.95; stdev=12.44; max=579; n_reads=1665877(55.6%)
Calling consensus sequences and haplotypes for catalog assembly...
Writing tags, SNPs, and alleles files to '00_Data/05a_Stacks.denovo.ALL.M1n1/S_23_02022'...done.
ustacks is done.
