

-t gzfastq -f ./00_Data/03a_Demultiplex/S_23_02039.1.fq.gz -o 00_Data/05a_Stacks.denovo.ALL.M1n1/ -i 359 -m 3 --name S_23_02039 -M 1 -p 8


ustacks parameters selected:
  Input file: './00_Data/03a_Demultiplex/S_23_02039.1.fq.gz'
  Sample ID: 359
  Min depth of coverage to create a stack (m): 3
  Repeat removal algorithm: enabled
  Max distance allowed between stacks (M): 1
  Max distance allowed to align secondary reads: 3
  Max number of stacks allowed per de novo locus: 3
  Deleveraging algorithm: disabled
  Gapped assembly: enabled
  Minimum alignment length: 0.8
  Model type: SNP
  Alpha significance level for model: 0.05

Loading RAD-Tags...

Loaded 142605 reads; formed:
  10150 stacks representing 68716 primary reads (48.2%)
  60815 secondary stacks representing 73889 secondary reads (51.8%)

Stack coverage: mean=6.77; stdev=27.77; max=1541; n_reads=68716(48.2%)
Removing repetitive stacks: cov > 91 (mean+3*stdev)...
  Blacklisted 555 stacks.
Coverage after repeat removal: mean=5.19; stdev=6.32; max=89; n_reads=49829(34.9%)

Assembling stacks (max. dist. M=1)...
  Assembled 9595 stacks into 8628; blacklisted 87 stacks.
Coverage after assembling stacks: mean=5.19; stdev=6.50; max=108; n_reads=44018(30.9%)

Merging secondary stacks (max. dist. N=3 from consensus)...
  Merged 8960 out of 73889 secondary reads (12.1%), 216 merged with gapped alignments.
Coverage after merging secondary stacks: mean=6.24; stdev=8.22; max=138; n_reads=52978(37.2%)

Assembling stacks, allowing for gaps (min. match length 80.0%)...
  Assembled 8628 stacks into 8542 stacks.
Coverage after gapped assembly: mean=6.31; stdev=8.44; max=138; n_reads=52978(37.2%)

Merging secondary stacks, allowing for gaps (min. match length 80.0%)...
  Merged 1437 out of 64929 secondary reads (2.2%).
Coverage after merging gapped secondary stacks: mean=6.48; stdev=8.75; max=153; n_reads=54415(38.2%)

Final number of stacks built: 8542
Final coverage: mean=6.48; stdev=8.75; max=153; n_reads=54415(38.2%)
Calling consensus sequences and haplotypes for catalog assembly...
Writing tags, SNPs, and alleles files to '00_Data/05a_Stacks.denovo.ALL.M1n1/S_23_02039'...done.
ustacks is done.
