

-t gzfastq -f ./00_Data/03a_Demultiplex/S_23_01794.1.fq.gz -o 00_Data/05a_Stacks.denovo.ALL.M4n4/ -i 217 -m 3 --name S_23_01794 -M 4 -p 8


ustacks parameters selected:
  Input file: './00_Data/03a_Demultiplex/S_23_01794.1.fq.gz'
  Sample ID: 217
  Min depth of coverage to create a stack (m): 3
  Repeat removal algorithm: enabled
  Max distance allowed between stacks (M): 4
  Max distance allowed to align secondary reads: 6
  Max number of stacks allowed per de novo locus: 3
  Deleveraging algorithm: disabled
  Gapped assembly: enabled
  Minimum alignment length: 0.8
  Model type: SNP
  Alpha significance level for model: 0.05

Loading RAD-Tags...1M...2M...

Loaded 2282933 reads; formed:
  174875 stacks representing 2008547 primary reads (88.0%)
  233129 secondary stacks representing 274386 secondary reads (12.0%)

Stack coverage: mean=11.49; stdev=128.77; max=25784; n_reads=2008547(88.0%)
Removing repetitive stacks: cov > 398 (mean+3*stdev)...
  Blacklisted 8101 stacks.
Coverage after repeat removal: mean=8.54; stdev=14.09; max=397; n_reads=1424931(62.4%)

Assembling stacks (max. dist. M=4)...
  Assembled 166774 stacks into 117078; blacklisted 2462 stacks.
Coverage after assembling stacks: mean=8.19; stdev=8.87; max=377; n_reads=936325(41.0%)

Merging secondary stacks (max. dist. N=6 from consensus)...
  Merged 93553 out of 274386 secondary reads (34.1%), 31908 merged with gapped alignments.
Coverage after merging secondary stacks: mean=9.01; stdev=10.56; max=1130; n_reads=1029878(45.1%)

Assembling stacks, allowing for gaps (min. match length 80.0%)...
  Assembled 117078 stacks into 112624 stacks.
Coverage after gapped assembly: mean=9.37; stdev=11.10; max=1130; n_reads=1029878(45.1%)

Merging secondary stacks, allowing for gaps (min. match length 80.0%)...
  Merged 28903 out of 180833 secondary reads (16.0%).
Coverage after merging gapped secondary stacks: mean=9.63; stdev=12.31; max=1312; n_reads=1058781(46.4%)

Final number of stacks built: 112624
Final coverage: mean=9.63; stdev=12.31; max=1312; n_reads=1058781(46.4%)
Calling consensus sequences and haplotypes for catalog assembly...
Writing tags, SNPs, and alleles files to '00_Data/05a_Stacks.denovo.ALL.M4n4/S_23_01794'...done.
ustacks is done.
