

-t gzfastq -f ./00_Data/03a_Demultiplex/S_23_01113.1.fq.gz -o 00_Data/05a_Stacks.denovo.ALL.M1n1/ -i 91 -m 3 --name S_23_01113 -M 1 -p 8


ustacks parameters selected:
  Input file: './00_Data/03a_Demultiplex/S_23_01113.1.fq.gz'
  Sample ID: 91
  Min depth of coverage to create a stack (m): 3
  Repeat removal algorithm: enabled
  Max distance allowed between stacks (M): 1
  Max distance allowed to align secondary reads: 3
  Max number of stacks allowed per de novo locus: 3
  Deleveraging algorithm: disabled
  Gapped assembly: enabled
  Minimum alignment length: 0.8
  Model type: SNP
  Alpha significance level for model: 0.05

Loading RAD-Tags...1M...2M...3M...4M...5M...

Loaded 5773424 reads; formed:
  237272 stacks representing 5332534 primary reads (92.4%)
  401080 secondary stacks representing 440890 secondary reads (7.6%)

Stack coverage: mean=22.47; stdev=273.61; max=55041; n_reads=5332534(92.4%)
Removing repetitive stacks: cov > 844 (mean+3*stdev)...
  Blacklisted 13048 stacks.
Coverage after repeat removal: mean=16.75; stdev=28.84; max=843; n_reads=3756869(65.1%)

Assembling stacks (max. dist. M=1)...
  Assembled 224224 stacks into 185020; blacklisted 2278 stacks.
Coverage after assembling stacks: mean=16.62; stdev=18.38; max=800; n_reads=3031191(52.5%)

Merging secondary stacks (max. dist. N=3 from consensus)...
  Merged 200905 out of 440890 secondary reads (45.6%), 8155 merged with gapped alignments.
Coverage after merging secondary stacks: mean=17.72; stdev=19.20; max=827; n_reads=3232096(56.0%)

Assembling stacks, allowing for gaps (min. match length 80.0%)...
  Assembled 185020 stacks into 180529 stacks.
Coverage after gapped assembly: mean=18.16; stdev=19.57; max=827; n_reads=3232096(56.0%)

Merging secondary stacks, allowing for gaps (min. match length 80.0%)...
  Merged 13931 out of 239985 secondary reads (5.8%).
Coverage after merging gapped secondary stacks: mean=18.24; stdev=19.60; max=827; n_reads=3246027(56.2%)

Final number of stacks built: 180529
Final coverage: mean=18.24; stdev=19.60; max=827; n_reads=3246027(56.2%)
Calling consensus sequences and haplotypes for catalog assembly...
Writing tags, SNPs, and alleles files to '00_Data/05a_Stacks.denovo.ALL.M1n1/S_23_01113'...done.
ustacks is done.
