

-t gzfastq -f ./00_Data/03a_Demultiplex/S_23_01060.1.fq.gz -o 00_Data/05a_Stacks.denovo.ALL.M4n4/ -i 52 -m 3 --name S_23_01060 -M 4 -p 8


ustacks parameters selected:
  Input file: './00_Data/03a_Demultiplex/S_23_01060.1.fq.gz'
  Sample ID: 52
  Min depth of coverage to create a stack (m): 3
  Repeat removal algorithm: enabled
  Max distance allowed between stacks (M): 4
  Max distance allowed to align secondary reads: 6
  Max number of stacks allowed per de novo locus: 3
  Deleveraging algorithm: disabled
  Gapped assembly: enabled
  Minimum alignment length: 0.8
  Model type: SNP
  Alpha significance level for model: 0.05

Loading RAD-Tags...1M...2M...3M...4M...5M...6M...7M...8M...

Loaded 8334076 reads; formed:
  230335 stacks representing 7830131 primary reads (94.0%)
  459307 secondary stacks representing 503945 secondary reads (6.0%)

Stack coverage: mean=33.99; stdev=439.58; max=83507; n_reads=7830131(94.0%)
Removing repetitive stacks: cov > 1353 (mean+3*stdev)...
  Blacklisted 13165 stacks.
Coverage after repeat removal: mean=24.77; stdev=46.44; max=1350; n_reads=5379229(64.5%)

Assembling stacks (max. dist. M=4)...
  Assembled 217170 stacks into 142897; blacklisted 3532 stacks.
Coverage after assembling stacks: mean=24.28; stdev=27.09; max=1295; n_reads=3376368(40.5%)

Merging secondary stacks (max. dist. N=6 from consensus)...
  Merged 264169 out of 503945 secondary reads (52.4%), 87746 merged with gapped alignments.
Coverage after merging secondary stacks: mean=26.18; stdev=29.88; max=1388; n_reads=3640537(43.7%)

Assembling stacks, allowing for gaps (min. match length 80.0%)...
  Assembled 142897 stacks into 135056 stacks.
Coverage after gapped assembly: mean=27.74; stdev=31.50; max=1388; n_reads=3640537(43.7%)

Merging secondary stacks, allowing for gaps (min. match length 80.0%)...
  Merged 61741 out of 239776 secondary reads (25.7%).
Coverage after merging gapped secondary stacks: mean=28.21; stdev=33.26; max=1896; n_reads=3702278(44.4%)

Final number of stacks built: 135056
Final coverage: mean=28.21; stdev=33.26; max=1896; n_reads=3702278(44.4%)
Calling consensus sequences and haplotypes for catalog assembly...
Writing tags, SNPs, and alleles files to '00_Data/05a_Stacks.denovo.ALL.M4n4/S_23_01060'...done.
ustacks is done.
