

-t gzfastq -f ./00_Data/03a_Demultiplex/S_23_02155.1.fq.gz -o 00_Data/05a_Stacks.denovo.ALL.M1n1/ -i 464 -m 3 --name S_23_02155 -M 1 -p 8


ustacks parameters selected:
  Input file: './00_Data/03a_Demultiplex/S_23_02155.1.fq.gz'
  Sample ID: 464
  Min depth of coverage to create a stack (m): 3
  Repeat removal algorithm: enabled
  Max distance allowed between stacks (M): 1
  Max distance allowed to align secondary reads: 3
  Max number of stacks allowed per de novo locus: 3
  Deleveraging algorithm: disabled
  Gapped assembly: enabled
  Minimum alignment length: 0.8
  Model type: SNP
  Alpha significance level for model: 0.05

Loading RAD-Tags...1M...2M...3M...4M...5M...

Loaded 5661979 reads; formed:
  214093 stacks representing 5270371 primary reads (93.1%)
  358733 secondary stacks representing 391608 secondary reads (6.9%)

Stack coverage: mean=24.62; stdev=308.35; max=56081; n_reads=5270371(93.1%)
Removing repetitive stacks: cov > 950 (mean+3*stdev)...
  Blacklisted 11574 stacks.
Coverage after repeat removal: mean=18.15; stdev=31.00; max=949; n_reads=3675442(64.9%)

Assembling stacks (max. dist. M=1)...
  Assembled 202519 stacks into 166725; blacklisted 2081 stacks.
Coverage after assembling stacks: mean=18.14; stdev=19.67; max=875; n_reads=2981619(52.7%)

Merging secondary stacks (max. dist. N=3 from consensus)...
  Merged 176668 out of 391608 secondary reads (45.1%), 7475 merged with gapped alignments.
Coverage after merging secondary stacks: mean=19.21; stdev=20.44; max=894; n_reads=3158287(55.8%)

Assembling stacks, allowing for gaps (min. match length 80.0%)...
  Assembled 166725 stacks into 162574 stacks.
Coverage after gapped assembly: mean=19.71; stdev=20.85; max=903; n_reads=3158287(55.8%)

Merging secondary stacks, allowing for gaps (min. match length 80.0%)...
  Merged 13128 out of 214940 secondary reads (6.1%).
Coverage after merging gapped secondary stacks: mean=19.79; stdev=20.88; max=903; n_reads=3171415(56.0%)

Final number of stacks built: 162574
Final coverage: mean=19.79; stdev=20.88; max=903; n_reads=3171415(56.0%)
Calling consensus sequences and haplotypes for catalog assembly...
Writing tags, SNPs, and alleles files to '00_Data/05a_Stacks.denovo.ALL.M1n1/S_23_02155'...done.
ustacks is done.
