

-t gzfastq -f ./00_Data/03a_Demultiplex/S_23_02042.1.fq.gz -o 00_Data/05a_Stacks.denovo.ALL.M4n4/ -i 362 -m 3 --name S_23_02042 -M 4 -p 8


ustacks parameters selected:
  Input file: './00_Data/03a_Demultiplex/S_23_02042.1.fq.gz'
  Sample ID: 362
  Min depth of coverage to create a stack (m): 3
  Repeat removal algorithm: enabled
  Max distance allowed between stacks (M): 4
  Max distance allowed to align secondary reads: 6
  Max number of stacks allowed per de novo locus: 3
  Deleveraging algorithm: disabled
  Gapped assembly: enabled
  Minimum alignment length: 0.8
  Model type: SNP
  Alpha significance level for model: 0.05

Loading RAD-Tags...1M...2M...3M...

Loaded 3062367 reads; formed:
  189366 stacks representing 2818751 primary reads (92.0%)
  212804 secondary stacks representing 243616 secondary reads (8.0%)

Stack coverage: mean=14.89; stdev=154.24; max=26242; n_reads=2818751(92.0%)
Removing repetitive stacks: cov > 478 (mean+3*stdev)...
  Blacklisted 8806 stacks.
Coverage after repeat removal: mean=11.21; stdev=17.70; max=475; n_reads=2023657(66.1%)

Assembling stacks (max. dist. M=4)...
  Assembled 180560 stacks into 123983; blacklisted 2761 stacks.
Coverage after assembling stacks: mean=11.13; stdev=12.43; max=573; n_reads=1345738(43.9%)

Merging secondary stacks (max. dist. N=6 from consensus)...
  Merged 109357 out of 243616 secondary reads (44.9%), 34027 merged with gapped alignments.
Coverage after merging secondary stacks: mean=12.03; stdev=13.61; max=593; n_reads=1455095(47.5%)

Assembling stacks, allowing for gaps (min. match length 80.0%)...
  Assembled 123983 stacks into 118365 stacks.
Coverage after gapped assembly: mean=12.62; stdev=14.33; max=593; n_reads=1455095(47.5%)

Merging secondary stacks, allowing for gaps (min. match length 80.0%)...
  Merged 24184 out of 134259 secondary reads (18.0%).
Coverage after merging gapped secondary stacks: mean=12.83; stdev=15.10; max=603; n_reads=1479279(48.3%)

Final number of stacks built: 118365
Final coverage: mean=12.83; stdev=15.10; max=603; n_reads=1479279(48.3%)
Calling consensus sequences and haplotypes for catalog assembly...
Writing tags, SNPs, and alleles files to '00_Data/05a_Stacks.denovo.ALL.M4n4/S_23_02042'...done.
ustacks is done.
