

-t gzfastq -f ./00_Data/03a_Demultiplex/S_23_02193.1.fq.gz -o 00_Data/05a_Stacks.denovo.ALL.M4n4/ -i 501 -m 3 --name S_23_02193 -M 4 -p 8


ustacks parameters selected:
  Input file: './00_Data/03a_Demultiplex/S_23_02193.1.fq.gz'
  Sample ID: 501
  Min depth of coverage to create a stack (m): 3
  Repeat removal algorithm: enabled
  Max distance allowed between stacks (M): 4
  Max distance allowed to align secondary reads: 6
  Max number of stacks allowed per de novo locus: 3
  Deleveraging algorithm: disabled
  Gapped assembly: enabled
  Minimum alignment length: 0.8
  Model type: SNP
  Alpha significance level for model: 0.05

Loading RAD-Tags...1M...2M...

Loaded 2613517 reads; formed:
  171813 stacks representing 2355476 primary reads (90.1%)
  223566 secondary stacks representing 258041 secondary reads (9.9%)

Stack coverage: mean=13.71; stdev=167.93; max=32370; n_reads=2355476(90.1%)
Removing repetitive stacks: cov > 518 (mean+3*stdev)...
  Blacklisted 8000 stacks.
Coverage after repeat removal: mean=10.16; stdev=17.84; max=518; n_reads=1664837(63.7%)

Assembling stacks (max. dist. M=4)...
  Assembled 163813 stacks into 111980; blacklisted 2502 stacks.
Coverage after assembling stacks: mean=9.92; stdev=11.26; max=495; n_reads=1083981(41.5%)

Merging secondary stacks (max. dist. N=6 from consensus)...
  Merged 107824 out of 258041 secondary reads (41.8%), 35745 merged with gapped alignments.
Coverage after merging secondary stacks: mean=10.91; stdev=14.16; max=1733; n_reads=1191805(45.6%)

Assembling stacks, allowing for gaps (min. match length 80.0%)...
  Assembled 111980 stacks into 107406 stacks.
Coverage after gapped assembly: mean=11.38; stdev=14.92; max=1733; n_reads=1191805(45.6%)

Merging secondary stacks, allowing for gaps (min. match length 80.0%)...
  Merged 27879 out of 150217 secondary reads (18.6%).
Coverage after merging gapped secondary stacks: mean=11.65; stdev=15.82; max=1736; n_reads=1219684(46.7%)

Final number of stacks built: 107406
Final coverage: mean=11.65; stdev=15.82; max=1736; n_reads=1219684(46.7%)
Calling consensus sequences and haplotypes for catalog assembly...
Writing tags, SNPs, and alleles files to '00_Data/05a_Stacks.denovo.ALL.M4n4/S_23_02193'...done.
ustacks is done.
