

-t gzfastq -f ./00_Data/03a_Demultiplex/S_23_01865.1.fq.gz -o 00_Data/05a_Stacks.denovo.ALL.M1n1/ -i 271 -m 3 --name S_23_01865 -M 1 -p 8


ustacks parameters selected:
  Input file: './00_Data/03a_Demultiplex/S_23_01865.1.fq.gz'
  Sample ID: 271
  Min depth of coverage to create a stack (m): 3
  Repeat removal algorithm: enabled
  Max distance allowed between stacks (M): 1
  Max distance allowed to align secondary reads: 3
  Max number of stacks allowed per de novo locus: 3
  Deleveraging algorithm: disabled
  Gapped assembly: enabled
  Minimum alignment length: 0.8
  Model type: SNP
  Alpha significance level for model: 0.05

Loading RAD-Tags...1M...

Loaded 1836860 reads; formed:
  155054 stacks representing 1615089 primary reads (87.9%)
  186182 secondary stacks representing 221771 secondary reads (12.1%)

Stack coverage: mean=10.42; stdev=115.93; max=22193; n_reads=1615089(87.9%)
Removing repetitive stacks: cov > 359 (mean+3*stdev)...
  Blacklisted 6756 stacks.
Coverage after repeat removal: mean=7.84; stdev=12.45; max=359; n_reads=1163238(63.3%)

Assembling stacks (max. dist. M=1)...
  Assembled 148298 stacks into 128765; blacklisted 1228 stacks.
Coverage after assembling stacks: mean=7.62; stdev=8.46; max=353; n_reads=969871(52.8%)

Merging secondary stacks (max. dist. N=3 from consensus)...
  Merged 70566 out of 221771 secondary reads (31.8%), 2840 merged with gapped alignments.
Coverage after merging secondary stacks: mean=8.17; stdev=8.93; max=371; n_reads=1040437(56.6%)

Assembling stacks, allowing for gaps (min. match length 80.0%)...
  Assembled 128765 stacks into 126901 stacks.
Coverage after gapped assembly: mean=8.29; stdev=9.11; max=371; n_reads=1040437(56.6%)

Merging secondary stacks, allowing for gaps (min. match length 80.0%)...
  Merged 8090 out of 151205 secondary reads (5.4%).
Coverage after merging gapped secondary stacks: mean=8.36; stdev=9.15; max=371; n_reads=1048527(57.1%)

Final number of stacks built: 126901
Final coverage: mean=8.36; stdev=9.15; max=371; n_reads=1048527(57.1%)
Calling consensus sequences and haplotypes for catalog assembly...
Writing tags, SNPs, and alleles files to '00_Data/05a_Stacks.denovo.ALL.M1n1/S_23_01865'...done.
ustacks is done.
