

-t gzfastq -f ./00_Data/03a_Demultiplex/S_23_02015.1.fq.gz -o 00_Data/05a_Stacks.denovo.ALL.M1n1/ -i 335 -m 3 --name S_23_02015 -M 1 -p 8


ustacks parameters selected:
  Input file: './00_Data/03a_Demultiplex/S_23_02015.1.fq.gz'
  Sample ID: 335
  Min depth of coverage to create a stack (m): 3
  Repeat removal algorithm: enabled
  Max distance allowed between stacks (M): 1
  Max distance allowed to align secondary reads: 3
  Max number of stacks allowed per de novo locus: 3
  Deleveraging algorithm: disabled
  Gapped assembly: enabled
  Minimum alignment length: 0.8
  Model type: SNP
  Alpha significance level for model: 0.05

Loading RAD-Tags...

Loaded 528611 reads; formed:
  50040 stacks representing 363722 primary reads (68.8%)
  130223 secondary stacks representing 164889 secondary reads (31.2%)

Stack coverage: mean=7.27; stdev=45.53; max=4312; n_reads=363722(68.8%)
Removing repetitive stacks: cov > 144 (mean+3*stdev)...
  Blacklisted 2473 stacks.
Coverage after repeat removal: mean=5.54; stdev=7.75; max=144; n_reads=263390(49.8%)

Assembling stacks (max. dist. M=1)...
  Assembled 47567 stacks into 42071; blacklisted 473 stacks.
Coverage after assembling stacks: mean=5.30; stdev=6.31; max=152; n_reads=219867(41.6%)

Merging secondary stacks (max. dist. N=3 from consensus)...
  Merged 26490 out of 164889 secondary reads (16.1%), 747 merged with gapped alignments.
Coverage after merging secondary stacks: mean=5.94; stdev=7.13; max=169; n_reads=246357(46.6%)

Assembling stacks, allowing for gaps (min. match length 80.0%)...
  Assembled 42071 stacks into 41688 stacks.
Coverage after gapped assembly: mean=6.00; stdev=7.26; max=169; n_reads=246357(46.6%)

Merging secondary stacks, allowing for gaps (min. match length 80.0%)...
  Merged 4754 out of 138399 secondary reads (3.4%).
Coverage after merging gapped secondary stacks: mean=6.11; stdev=7.46; max=169; n_reads=251111(47.5%)

Final number of stacks built: 41688
Final coverage: mean=6.11; stdev=7.46; max=169; n_reads=251111(47.5%)
Calling consensus sequences and haplotypes for catalog assembly...
Writing tags, SNPs, and alleles files to '00_Data/05a_Stacks.denovo.ALL.M1n1/S_23_02015'...done.
ustacks is done.
