

-t gzfastq -f ./00_Data/03a_Demultiplex/S_23_01218.1.fq.gz -o 00_Data/05a_Stacks.denovo.ALL.M4n4/ -i 168 -m 3 --name S_23_01218 -M 4 -p 8


ustacks parameters selected:
  Input file: './00_Data/03a_Demultiplex/S_23_01218.1.fq.gz'
  Sample ID: 168
  Min depth of coverage to create a stack (m): 3
  Repeat removal algorithm: enabled
  Max distance allowed between stacks (M): 4
  Max distance allowed to align secondary reads: 6
  Max number of stacks allowed per de novo locus: 3
  Deleveraging algorithm: disabled
  Gapped assembly: enabled
  Minimum alignment length: 0.8
  Model type: SNP
  Alpha significance level for model: 0.05

Loading RAD-Tags...1M...2M...3M...4M...5M...6M...7M...8M...9M...

Loaded 9536259 reads; formed:
  225858 stacks representing 9002985 primary reads (94.4%)
  492699 secondary stacks representing 533274 secondary reads (5.6%)

Stack coverage: mean=39.86; stdev=515.94; max=100383; n_reads=9002985(94.4%)
Removing repetitive stacks: cov > 1588 (mean+3*stdev)...
  Blacklisted 13079 stacks.
Coverage after repeat removal: mean=29.74; stdev=50.86; max=1588; n_reads=6328390(66.4%)

Assembling stacks (max. dist. M=4)...
  Assembled 212779 stacks into 138553; blacklisted 3473 stacks.
Coverage after assembling stacks: mean=30.40; stdev=29.61; max=1280; n_reads=4097855(43.0%)

Merging secondary stacks (max. dist. N=6 from consensus)...
  Merged 287233 out of 533274 secondary reads (53.9%), 87277 merged with gapped alignments.
Coverage after merging secondary stacks: mean=32.53; stdev=32.11; max=1384; n_reads=4385088(46.0%)

Assembling stacks, allowing for gaps (min. match length 80.0%)...
  Assembled 138553 stacks into 130561 stacks.
Coverage after gapped assembly: mean=34.58; stdev=33.73; max=1384; n_reads=4385088(46.0%)

Merging secondary stacks, allowing for gaps (min. match length 80.0%)...
  Merged 56468 out of 246041 secondary reads (23.0%).
Coverage after merging gapped secondary stacks: mean=35.02; stdev=36.01; max=2848; n_reads=4441556(46.6%)

Final number of stacks built: 130561
Final coverage: mean=35.02; stdev=36.01; max=2848; n_reads=4441556(46.6%)
Calling consensus sequences and haplotypes for catalog assembly...
Writing tags, SNPs, and alleles files to '00_Data/05a_Stacks.denovo.ALL.M4n4/S_23_01218'...done.
ustacks is done.
