

-t gzfastq -f ./00_Data/03a_Demultiplex/S_23_00983.1.fq.gz -o 00_Data/05a_Stacks.denovo.ALL.M1n1/ -i 5 -m 3 --name S_23_00983 -M 1 -p 8


ustacks parameters selected:
  Input file: './00_Data/03a_Demultiplex/S_23_00983.1.fq.gz'
  Sample ID: 5
  Min depth of coverage to create a stack (m): 3
  Repeat removal algorithm: enabled
  Max distance allowed between stacks (M): 1
  Max distance allowed to align secondary reads: 3
  Max number of stacks allowed per de novo locus: 3
  Deleveraging algorithm: disabled
  Gapped assembly: enabled
  Minimum alignment length: 0.8
  Model type: SNP
  Alpha significance level for model: 0.05

Loading RAD-Tags...1M...2M...3M...4M...5M...

Loaded 5953203 reads; formed:
  226852 stacks representing 5562069 primary reads (93.4%)
  360500 secondary stacks representing 391134 secondary reads (6.6%)

Stack coverage: mean=24.52; stdev=306.07; max=63470; n_reads=5562069(93.4%)
Removing repetitive stacks: cov > 943 (mean+3*stdev)...
  Blacklisted 12340 stacks.
Coverage after repeat removal: mean=18.17; stdev=31.91; max=941; n_reads=3897300(65.5%)

Assembling stacks (max. dist. M=1)...
  Assembled 214512 stacks into 176105; blacklisted 2231 stacks.
Coverage after assembling stacks: mean=18.05; stdev=19.77; max=883; n_reads=3132795(52.6%)

Merging secondary stacks (max. dist. N=3 from consensus)...
  Merged 194831 out of 391134 secondary reads (49.8%), 8206 merged with gapped alignments.
Coverage after merging secondary stacks: mean=19.17; stdev=20.61; max=912; n_reads=3327626(55.9%)

Assembling stacks, allowing for gaps (min. match length 80.0%)...
  Assembled 176105 stacks into 171778 stacks.
Coverage after gapped assembly: mean=19.66; stdev=21.06; max=912; n_reads=3327626(55.9%)

Merging secondary stacks, allowing for gaps (min. match length 80.0%)...
  Merged 13327 out of 196303 secondary reads (6.8%).
Coverage after merging gapped secondary stacks: mean=19.74; stdev=21.09; max=912; n_reads=3340953(56.1%)

Final number of stacks built: 171778
Final coverage: mean=19.74; stdev=21.09; max=912; n_reads=3340953(56.1%)
Calling consensus sequences and haplotypes for catalog assembly...
Writing tags, SNPs, and alleles files to '00_Data/05a_Stacks.denovo.ALL.M1n1/S_23_00983'...done.
ustacks is done.
