

-t gzfastq -f ./00_Data/03a_Demultiplex/S_23_01177.1.fq.gz -o 00_Data/05a_Stacks.denovo.ALL.M4n4/ -i 140 -m 3 --name S_23_01177 -M 4 -p 8


ustacks parameters selected:
  Input file: './00_Data/03a_Demultiplex/S_23_01177.1.fq.gz'
  Sample ID: 140
  Min depth of coverage to create a stack (m): 3
  Repeat removal algorithm: enabled
  Max distance allowed between stacks (M): 4
  Max distance allowed to align secondary reads: 6
  Max number of stacks allowed per de novo locus: 3
  Deleveraging algorithm: disabled
  Gapped assembly: enabled
  Minimum alignment length: 0.8
  Model type: SNP
  Alpha significance level for model: 0.05

Loading RAD-Tags...1M...2M...3M...

Loaded 3812812 reads; formed:
  214100 stacks representing 3470726 primary reads (91.0%)
  307656 secondary stacks representing 342086 secondary reads (9.0%)

Stack coverage: mean=16.21; stdev=197.29; max=41071; n_reads=3470726(91.0%)
Removing repetitive stacks: cov > 609 (mean+3*stdev)...
  Blacklisted 10778 stacks.
Coverage after repeat removal: mean=12.04; stdev=20.56; max=608; n_reads=2448342(64.2%)

Assembling stacks (max. dist. M=4)...
  Assembled 203322 stacks into 138040; blacklisted 3032 stacks.
Coverage after assembling stacks: mean=11.74; stdev=12.40; max=459; n_reads=1582365(41.5%)

Merging secondary stacks (max. dist. N=6 from consensus)...
  Merged 159682 out of 342086 secondary reads (46.7%), 52406 merged with gapped alignments.
Coverage after merging secondary stacks: mean=12.93; stdev=15.23; max=1925; n_reads=1742047(45.7%)

Assembling stacks, allowing for gaps (min. match length 80.0%)...
  Assembled 138040 stacks into 131495 stacks.
Coverage after gapped assembly: mean=13.59; stdev=16.02; max=1925; n_reads=1742047(45.7%)

Merging secondary stacks, allowing for gaps (min. match length 80.0%)...
  Merged 35187 out of 182404 secondary reads (19.3%).
Coverage after merging gapped secondary stacks: mean=13.86; stdev=17.18; max=2008; n_reads=1777234(46.6%)

Final number of stacks built: 131495
Final coverage: mean=13.86; stdev=17.18; max=2008; n_reads=1777234(46.6%)
Calling consensus sequences and haplotypes for catalog assembly...
Writing tags, SNPs, and alleles files to '00_Data/05a_Stacks.denovo.ALL.M4n4/S_23_01177'...done.
ustacks is done.
