

-t gzfastq -f ./00_Data/03a_Demultiplex/S_23_01921.1.fq.gz -o 00_Data/05a_Stacks.denovo.ALL.M4n4/ -i 311 -m 3 --name S_23_01921 -M 4 -p 8


ustacks parameters selected:
  Input file: './00_Data/03a_Demultiplex/S_23_01921.1.fq.gz'
  Sample ID: 311
  Min depth of coverage to create a stack (m): 3
  Repeat removal algorithm: enabled
  Max distance allowed between stacks (M): 4
  Max distance allowed to align secondary reads: 6
  Max number of stacks allowed per de novo locus: 3
  Deleveraging algorithm: disabled
  Gapped assembly: enabled
  Minimum alignment length: 0.8
  Model type: SNP
  Alpha significance level for model: 0.05

Loading RAD-Tags...1M...2M...

Loaded 2449733 reads; formed:
  163502 stacks representing 2243646 primary reads (91.6%)
  178041 secondary stacks representing 206087 secondary reads (8.4%)

Stack coverage: mean=13.72; stdev=167.92; max=32216; n_reads=2243646(91.6%)
Removing repetitive stacks: cov > 518 (mean+3*stdev)...
  Blacklisted 7666 stacks.
Coverage after repeat removal: mean=10.12; stdev=17.76; max=514; n_reads=1576880(64.4%)

Assembling stacks (max. dist. M=4)...
  Assembled 155836 stacks into 106442; blacklisted 2326 stacks.
Coverage after assembling stacks: mean=9.78; stdev=11.07; max=502; n_reads=1016219(41.5%)

Merging secondary stacks (max. dist. N=6 from consensus)...
  Merged 84074 out of 206087 secondary reads (40.8%), 28629 merged with gapped alignments.
Coverage after merging secondary stacks: mean=10.59; stdev=13.54; max=1940; n_reads=1100293(44.9%)

Assembling stacks, allowing for gaps (min. match length 80.0%)...
  Assembled 106442 stacks into 102061 stacks.
Coverage after gapped assembly: mean=11.06; stdev=14.12; max=1940; n_reads=1100293(44.9%)

Merging secondary stacks, allowing for gaps (min. match length 80.0%)...
  Merged 24953 out of 122013 secondary reads (20.5%).
Coverage after merging gapped secondary stacks: mean=11.31; stdev=15.03; max=2009; n_reads=1125246(45.9%)

Final number of stacks built: 102061
Final coverage: mean=11.31; stdev=15.03; max=2009; n_reads=1125246(45.9%)
Calling consensus sequences and haplotypes for catalog assembly...
Writing tags, SNPs, and alleles files to '00_Data/05a_Stacks.denovo.ALL.M4n4/S_23_01921'...done.
ustacks is done.
