

-t gzfastq -f ./00_Data/03a_Demultiplex/S_23_01918.1.fq.gz -o 00_Data/05a_Stacks.denovo.ALL.M4n4/ -i 308 -m 3 --name S_23_01918 -M 4 -p 8


ustacks parameters selected:
  Input file: './00_Data/03a_Demultiplex/S_23_01918.1.fq.gz'
  Sample ID: 308
  Min depth of coverage to create a stack (m): 3
  Repeat removal algorithm: enabled
  Max distance allowed between stacks (M): 4
  Max distance allowed to align secondary reads: 6
  Max number of stacks allowed per de novo locus: 3
  Deleveraging algorithm: disabled
  Gapped assembly: enabled
  Minimum alignment length: 0.8
  Model type: SNP
  Alpha significance level for model: 0.05

Loading RAD-Tags...1M...2M...3M...4M...

Loaded 4241671 reads; formed:
  217464 stacks representing 3917445 primary reads (92.4%)
  296040 secondary stacks representing 324226 secondary reads (7.6%)

Stack coverage: mean=18.01; stdev=227.45; max=50347; n_reads=3917445(92.4%)
Removing repetitive stacks: cov > 701 (mean+3*stdev)...
  Blacklisted 10867 stacks.
Coverage after repeat removal: mean=13.63; stdev=22.87; max=694; n_reads=2815396(66.4%)

Assembling stacks (max. dist. M=4)...
  Assembled 206597 stacks into 138037; blacklisted 3123 stacks.
Coverage after assembling stacks: mean=13.64; stdev=13.66; max=572; n_reads=1836973(43.3%)

Merging secondary stacks (max. dist. N=6 from consensus)...
  Merged 170123 out of 324226 secondary reads (52.5%), 53774 merged with gapped alignments.
Coverage after merging secondary stacks: mean=14.90; stdev=15.97; max=1369; n_reads=2007096(47.3%)

Assembling stacks, allowing for gaps (min. match length 80.0%)...
  Assembled 138037 stacks into 131057 stacks.
Coverage after gapped assembly: mean=15.72; stdev=16.80; max=1369; n_reads=2007096(47.3%)

Merging secondary stacks, allowing for gaps (min. match length 80.0%)...
  Merged 34072 out of 154103 secondary reads (22.1%).
Coverage after merging gapped secondary stacks: mean=15.99; stdev=18.19; max=1453; n_reads=2041168(48.1%)

Final number of stacks built: 131057
Final coverage: mean=15.99; stdev=18.19; max=1453; n_reads=2041168(48.1%)
Calling consensus sequences and haplotypes for catalog assembly...
Writing tags, SNPs, and alleles files to '00_Data/05a_Stacks.denovo.ALL.M4n4/S_23_01918'...done.
ustacks is done.
