

-t gzfastq -f ./00_Data/03a_Demultiplex/S_23_02115.1.fq.gz -o 00_Data/05a_Stacks.denovo.ALL.M4n4/ -i 424 -m 3 --name S_23_02115 -M 4 -p 8


ustacks parameters selected:
  Input file: './00_Data/03a_Demultiplex/S_23_02115.1.fq.gz'
  Sample ID: 424
  Min depth of coverage to create a stack (m): 3
  Repeat removal algorithm: enabled
  Max distance allowed between stacks (M): 4
  Max distance allowed to align secondary reads: 6
  Max number of stacks allowed per de novo locus: 3
  Deleveraging algorithm: disabled
  Gapped assembly: enabled
  Minimum alignment length: 0.8
  Model type: SNP
  Alpha significance level for model: 0.05

Loading RAD-Tags...1M...2M...3M...4M...5M...

Loaded 5046038 reads; formed:
  231406 stacks representing 4614102 primary reads (91.4%)
  385919 secondary stacks representing 431936 secondary reads (8.6%)

Stack coverage: mean=19.94; stdev=254.73; max=57762; n_reads=4614102(91.4%)
Removing repetitive stacks: cov > 785 (mean+3*stdev)...
  Blacklisted 10910 stacks.
Coverage after repeat removal: mean=14.83; stdev=25.65; max=782; n_reads=3269236(64.8%)

Assembling stacks (max. dist. M=4)...
  Assembled 220496 stacks into 149252; blacklisted 3324 stacks.
Coverage after assembling stacks: mean=14.59; stdev=16.20; max=712; n_reads=2125488(42.1%)

Merging secondary stacks (max. dist. N=6 from consensus)...
  Merged 178895 out of 431936 secondary reads (41.4%), 61365 merged with gapped alignments.
Coverage after merging secondary stacks: mean=15.82; stdev=18.09; max=1199; n_reads=2304383(45.7%)

Assembling stacks, allowing for gaps (min. match length 80.0%)...
  Assembled 149252 stacks into 141583 stacks.
Coverage after gapped assembly: mean=16.70; stdev=19.12; max=1199; n_reads=2304383(45.7%)

Merging secondary stacks, allowing for gaps (min. match length 80.0%)...
  Merged 36959 out of 253041 secondary reads (14.6%).
Coverage after merging gapped secondary stacks: mean=16.97; stdev=19.70; max=1200; n_reads=2341342(46.4%)

Final number of stacks built: 141583
Final coverage: mean=16.97; stdev=19.70; max=1200; n_reads=2341342(46.4%)
Calling consensus sequences and haplotypes for catalog assembly...
Writing tags, SNPs, and alleles files to '00_Data/05a_Stacks.denovo.ALL.M4n4/S_23_02115'...done.
ustacks is done.
