

-t gzfastq -f ./00_Data/03a_Demultiplex/S_23_02167.1.fq.gz -o 00_Data/05a_Stacks.denovo.ALL.M4n4/ -i 477 -m 3 --name S_23_02167 -M 4 -p 8


ustacks parameters selected:
  Input file: './00_Data/03a_Demultiplex/S_23_02167.1.fq.gz'
  Sample ID: 477
  Min depth of coverage to create a stack (m): 3
  Repeat removal algorithm: enabled
  Max distance allowed between stacks (M): 4
  Max distance allowed to align secondary reads: 6
  Max number of stacks allowed per de novo locus: 3
  Deleveraging algorithm: disabled
  Gapped assembly: enabled
  Minimum alignment length: 0.8
  Model type: SNP
  Alpha significance level for model: 0.05

Loading RAD-Tags...1M...2M...3M...4M...

Loaded 4687991 reads; formed:
  212163 stacks representing 4345247 primary reads (92.7%)
  310179 secondary stacks representing 342744 secondary reads (7.3%)

Stack coverage: mean=20.48; stdev=277.94; max=62195; n_reads=4345247(92.7%)
Removing repetitive stacks: cov > 855 (mean+3*stdev)...
  Blacklisted 9773 stacks.
Coverage after repeat removal: mean=15.15; stdev=27.85; max=851; n_reads=3066483(65.4%)

Assembling stacks (max. dist. M=4)...
  Assembled 202390 stacks into 135492; blacklisted 3057 stacks.
Coverage after assembling stacks: mean=14.81; stdev=16.58; max=772; n_reads=1957356(41.8%)

Merging secondary stacks (max. dist. N=6 from consensus)...
  Merged 153338 out of 342744 secondary reads (44.7%), 47532 merged with gapped alignments.
Coverage after merging secondary stacks: mean=15.97; stdev=18.08; max=841; n_reads=2110694(45.0%)

Assembling stacks, allowing for gaps (min. match length 80.0%)...
  Assembled 135492 stacks into 128734 stacks.
Coverage after gapped assembly: mean=16.83; stdev=18.91; max=841; n_reads=2110694(45.0%)

Merging secondary stacks, allowing for gaps (min. match length 80.0%)...
  Merged 35488 out of 189406 secondary reads (18.7%).
Coverage after merging gapped secondary stacks: mean=17.11; stdev=20.15; max=1197; n_reads=2146182(45.8%)

Final number of stacks built: 128734
Final coverage: mean=17.11; stdev=20.15; max=1197; n_reads=2146182(45.8%)
Calling consensus sequences and haplotypes for catalog assembly...
Writing tags, SNPs, and alleles files to '00_Data/05a_Stacks.denovo.ALL.M4n4/S_23_02167'...done.
ustacks is done.
