

-t gzfastq -f ./00_Data/03a_Demultiplex/S_23_02155.1.fq.gz -o 00_Data/05a_Stacks.denovo.ALL.M4n4/ -i 464 -m 3 --name S_23_02155 -M 4 -p 8


ustacks parameters selected:
  Input file: './00_Data/03a_Demultiplex/S_23_02155.1.fq.gz'
  Sample ID: 464
  Min depth of coverage to create a stack (m): 3
  Repeat removal algorithm: enabled
  Max distance allowed between stacks (M): 4
  Max distance allowed to align secondary reads: 6
  Max number of stacks allowed per de novo locus: 3
  Deleveraging algorithm: disabled
  Gapped assembly: enabled
  Minimum alignment length: 0.8
  Model type: SNP
  Alpha significance level for model: 0.05

Loading RAD-Tags...1M...2M...3M...4M...5M...

Loaded 5661979 reads; formed:
  214093 stacks representing 5270371 primary reads (93.1%)
  358733 secondary stacks representing 391608 secondary reads (6.9%)

Stack coverage: mean=24.62; stdev=308.35; max=56081; n_reads=5270371(93.1%)
Removing repetitive stacks: cov > 950 (mean+3*stdev)...
  Blacklisted 11574 stacks.
Coverage after repeat removal: mean=18.15; stdev=31.00; max=949; n_reads=3675442(64.9%)

Assembling stacks (max. dist. M=4)...
  Assembled 202519 stacks into 134941; blacklisted 3082 stacks.
Coverage after assembling stacks: mean=18.16; stdev=19.67; max=727; n_reads=2389776(42.2%)

Merging secondary stacks (max. dist. N=6 from consensus)...
  Merged 192585 out of 391608 secondary reads (49.2%), 61366 merged with gapped alignments.
Coverage after merging secondary stacks: mean=19.63; stdev=21.61; max=999; n_reads=2582361(45.6%)

Assembling stacks, allowing for gaps (min. match length 80.0%)...
  Assembled 134941 stacks into 127703 stacks.
Coverage after gapped assembly: mean=20.77; stdev=22.67; max=999; n_reads=2582361(45.6%)

Merging secondary stacks, allowing for gaps (min. match length 80.0%)...
  Merged 40196 out of 199023 secondary reads (20.2%).
Coverage after merging gapped secondary stacks: mean=21.09; stdev=23.74; max=1010; n_reads=2622557(46.3%)

Final number of stacks built: 127703
Final coverage: mean=21.09; stdev=23.74; max=1010; n_reads=2622557(46.3%)
Calling consensus sequences and haplotypes for catalog assembly...
Writing tags, SNPs, and alleles files to '00_Data/05a_Stacks.denovo.ALL.M4n4/S_23_02155'...done.
ustacks is done.
