

-t gzfastq -f ./00_Data/03a_Demultiplex/S_23_02121.1.fq.gz -o 00_Data/05a_Stacks.denovo.ALL.M1n1/ -i 430 -m 3 --name S_23_02121 -M 1 -p 8


ustacks parameters selected:
  Input file: './00_Data/03a_Demultiplex/S_23_02121.1.fq.gz'
  Sample ID: 430
  Min depth of coverage to create a stack (m): 3
  Repeat removal algorithm: enabled
  Max distance allowed between stacks (M): 1
  Max distance allowed to align secondary reads: 3
  Max number of stacks allowed per de novo locus: 3
  Deleveraging algorithm: disabled
  Gapped assembly: enabled
  Minimum alignment length: 0.8
  Model type: SNP
  Alpha significance level for model: 0.05

Loading RAD-Tags...1M...2M...3M...4M...

Loaded 4813842 reads; formed:
  223679 stacks representing 4442361 primary reads (92.3%)
  335766 secondary stacks representing 371481 secondary reads (7.7%)

Stack coverage: mean=19.86; stdev=255.61; max=57276; n_reads=4442361(92.3%)
Removing repetitive stacks: cov > 787 (mean+3*stdev)...
  Blacklisted 11000 stacks.
Coverage after repeat removal: mean=14.72; stdev=25.83; max=782; n_reads=3129621(65.0%)

Assembling stacks (max. dist. M=1)...
  Assembled 212679 stacks into 175798; blacklisted 2137 stacks.
Coverage after assembling stacks: mean=14.56; stdev=16.33; max=774; n_reads=2525000(52.5%)

Merging secondary stacks (max. dist. N=3 from consensus)...
  Merged 153939 out of 371481 secondary reads (41.4%), 6611 merged with gapped alignments.
Coverage after merging secondary stacks: mean=15.45; stdev=16.98; max=809; n_reads=2678939(55.7%)

Assembling stacks, allowing for gaps (min. match length 80.0%)...
  Assembled 175798 stacks into 171687 stacks.
Coverage after gapped assembly: mean=15.83; stdev=17.38; max=937; n_reads=2678939(55.7%)

Merging secondary stacks, allowing for gaps (min. match length 80.0%)...
  Merged 12801 out of 217542 secondary reads (5.9%).
Coverage after merging gapped secondary stacks: mean=15.90; stdev=17.41; max=938; n_reads=2691740(55.9%)

Final number of stacks built: 171687
Final coverage: mean=15.90; stdev=17.41; max=938; n_reads=2691740(55.9%)
Calling consensus sequences and haplotypes for catalog assembly...
Writing tags, SNPs, and alleles files to '00_Data/05a_Stacks.denovo.ALL.M1n1/S_23_02121'...done.
ustacks is done.
