

-t gzfastq -f ./00_Data/03a_Demultiplex/S_23_01172.1.fq.gz -o 00_Data/05a_Stacks.denovo.ALL.M1n1/ -i 135 -m 3 --name S_23_01172 -M 1 -p 8


ustacks parameters selected:
  Input file: './00_Data/03a_Demultiplex/S_23_01172.1.fq.gz'
  Sample ID: 135
  Min depth of coverage to create a stack (m): 3
  Repeat removal algorithm: enabled
  Max distance allowed between stacks (M): 1
  Max distance allowed to align secondary reads: 3
  Max number of stacks allowed per de novo locus: 3
  Deleveraging algorithm: disabled
  Gapped assembly: enabled
  Minimum alignment length: 0.8
  Model type: SNP
  Alpha significance level for model: 0.05

Loading RAD-Tags...1M...2M...3M...4M...

Loaded 4039754 reads; formed:
  196126 stacks representing 3775302 primary reads (93.5%)
  240097 secondary stacks representing 264452 secondary reads (6.5%)

Stack coverage: mean=19.25; stdev=242.02; max=46162; n_reads=3775302(93.5%)
Removing repetitive stacks: cov > 746 (mean+3*stdev)...
  Blacklisted 9776 stacks.
Coverage after repeat removal: mean=14.23; stdev=25.17; max=740; n_reads=2651700(65.6%)

Assembling stacks (max. dist. M=1)...
  Assembled 186350 stacks into 154261; blacklisted 1872 stacks.
Coverage after assembling stacks: mean=14.00; stdev=15.29; max=662; n_reads=2130456(52.7%)

Merging secondary stacks (max. dist. N=3 from consensus)...
  Merged 127016 out of 264452 secondary reads (48.0%), 5301 merged with gapped alignments.
Coverage after merging secondary stacks: mean=14.84; stdev=15.90; max=693; n_reads=2257472(55.9%)

Assembling stacks, allowing for gaps (min. match length 80.0%)...
  Assembled 154261 stacks into 150844 stacks.
Coverage after gapped assembly: mean=15.18; stdev=16.20; max=693; n_reads=2257472(55.9%)

Merging secondary stacks, allowing for gaps (min. match length 80.0%)...
  Merged 9558 out of 137436 secondary reads (7.0%).
Coverage after merging gapped secondary stacks: mean=15.24; stdev=16.23; max=693; n_reads=2267030(56.1%)

Final number of stacks built: 150844
Final coverage: mean=15.24; stdev=16.23; max=693; n_reads=2267030(56.1%)
Calling consensus sequences and haplotypes for catalog assembly...
Writing tags, SNPs, and alleles files to '00_Data/05a_Stacks.denovo.ALL.M1n1/S_23_01172'...done.
ustacks is done.
