

-t gzfastq -f ./00_Data/03a_Demultiplex/S_23_01261.1.fq.gz -o 00_Data/05a_Stacks.denovo.ALL.M1n1/ -i 195 -m 3 --name S_23_01261 -M 1 -p 8


ustacks parameters selected:
  Input file: './00_Data/03a_Demultiplex/S_23_01261.1.fq.gz'
  Sample ID: 195
  Min depth of coverage to create a stack (m): 3
  Repeat removal algorithm: enabled
  Max distance allowed between stacks (M): 1
  Max distance allowed to align secondary reads: 3
  Max number of stacks allowed per de novo locus: 3
  Deleveraging algorithm: disabled
  Gapped assembly: enabled
  Minimum alignment length: 0.8
  Model type: SNP
  Alpha significance level for model: 0.05

Loading RAD-Tags...1M...2M...3M...4M...5M...6M...

Loaded 6934380 reads; formed:
  236151 stacks representing 6447094 primary reads (93.0%)
  439773 secondary stacks representing 487286 secondary reads (7.0%)

Stack coverage: mean=27.30; stdev=358.77; max=81114; n_reads=6447094(93.0%)
Removing repetitive stacks: cov > 1104 (mean+3*stdev)...
  Blacklisted 11905 stacks.
Coverage after repeat removal: mean=20.35; stdev=36.32; max=1104; n_reads=4563954(65.8%)

Assembling stacks (max. dist. M=1)...
  Assembled 224246 stacks into 182108; blacklisted 2392 stacks.
Coverage after assembling stacks: mean=20.38; stdev=22.58; max=1102; n_reads=3656734(52.7%)

Merging secondary stacks (max. dist. N=3 from consensus)...
  Merged 215917 out of 487286 secondary reads (44.3%), 9131 merged with gapped alignments.
Coverage after merging secondary stacks: mean=21.58; stdev=23.41; max=1125; n_reads=3872651(55.8%)

Assembling stacks, allowing for gaps (min. match length 80.0%)...
  Assembled 182108 stacks into 177415 stacks.
Coverage after gapped assembly: mean=22.16; stdev=23.85; max=1125; n_reads=3872651(55.8%)

Merging secondary stacks, allowing for gaps (min. match length 80.0%)...
  Merged 18138 out of 271369 secondary reads (6.7%).
Coverage after merging gapped secondary stacks: mean=22.27; stdev=23.87; max=1125; n_reads=3890789(56.1%)

Final number of stacks built: 177415
Final coverage: mean=22.27; stdev=23.87; max=1125; n_reads=3890789(56.1%)
Calling consensus sequences and haplotypes for catalog assembly...
Writing tags, SNPs, and alleles files to '00_Data/05a_Stacks.denovo.ALL.M1n1/S_23_01261'...done.
ustacks is done.
