

-t gzfastq -f ./00_Data/03a_Demultiplex/S_23_02161_rep.1.fq.gz -o 00_Data/05a_Stacks.denovo.ALL.M1n1/ -i 470 -m 3 --name S_23_02161_rep -M 1 -p 8


ustacks parameters selected:
  Input file: './00_Data/03a_Demultiplex/S_23_02161_rep.1.fq.gz'
  Sample ID: 470
  Min depth of coverage to create a stack (m): 3
  Repeat removal algorithm: enabled
  Max distance allowed between stacks (M): 1
  Max distance allowed to align secondary reads: 3
  Max number of stacks allowed per de novo locus: 3
  Deleveraging algorithm: disabled
  Gapped assembly: enabled
  Minimum alignment length: 0.8
  Model type: SNP
  Alpha significance level for model: 0.05

Loading RAD-Tags...1M...2M...3M...4M...

Loaded 4962473 reads; formed:
  220891 stacks representing 4599991 primary reads (92.7%)
  327693 secondary stacks representing 362482 secondary reads (7.3%)

Stack coverage: mean=20.82; stdev=265.68; max=56110; n_reads=4599991(92.7%)
Removing repetitive stacks: cov > 818 (mean+3*stdev)...
  Blacklisted 10590 stacks.
Coverage after repeat removal: mean=15.45; stdev=26.74; max=816; n_reads=3249588(65.5%)

Assembling stacks (max. dist. M=1)...
  Assembled 210301 stacks into 174420; blacklisted 2077 stacks.
Coverage after assembling stacks: mean=15.29; stdev=16.68; max=687; n_reads=2630887(53.0%)

Merging secondary stacks (max. dist. N=3 from consensus)...
  Merged 148744 out of 362482 secondary reads (41.0%), 6756 merged with gapped alignments.
Coverage after merging secondary stacks: mean=16.15; stdev=17.30; max=717; n_reads=2779631(56.0%)

Assembling stacks, allowing for gaps (min. match length 80.0%)...
  Assembled 174420 stacks into 170341 stacks.
Coverage after gapped assembly: mean=16.55; stdev=17.69; max=774; n_reads=2779631(56.0%)

Merging secondary stacks, allowing for gaps (min. match length 80.0%)...
  Merged 12376 out of 213738 secondary reads (5.8%).
Coverage after merging gapped secondary stacks: mean=16.62; stdev=17.72; max=774; n_reads=2792007(56.3%)

Final number of stacks built: 170341
Final coverage: mean=16.62; stdev=17.72; max=774; n_reads=2792007(56.3%)
Calling consensus sequences and haplotypes for catalog assembly...
Writing tags, SNPs, and alleles files to '00_Data/05a_Stacks.denovo.ALL.M1n1/S_23_02161_rep'...done.
ustacks is done.
