

-t gzfastq -f ./00_Data/03a_Demultiplex/S_23_01788.1.fq.gz -o 00_Data/05a_Stacks.denovo.ALL.M4n4/ -i 213 -m 3 --name S_23_01788 -M 4 -p 8


ustacks parameters selected:
  Input file: './00_Data/03a_Demultiplex/S_23_01788.1.fq.gz'
  Sample ID: 213
  Min depth of coverage to create a stack (m): 3
  Repeat removal algorithm: enabled
  Max distance allowed between stacks (M): 4
  Max distance allowed to align secondary reads: 6
  Max number of stacks allowed per de novo locus: 3
  Deleveraging algorithm: disabled
  Gapped assembly: enabled
  Minimum alignment length: 0.8
  Model type: SNP
  Alpha significance level for model: 0.05

Loading RAD-Tags...

Loaded 343879 reads; formed:
  31509 stacks representing 224608 primary reads (65.3%)
  93862 secondary stacks representing 119271 secondary reads (34.7%)

Stack coverage: mean=7.13; stdev=42.01; max=2609; n_reads=224608(65.3%)
Removing repetitive stacks: cov > 134 (mean+3*stdev)...
  Blacklisted 1753 stacks.
Coverage after repeat removal: mean=5.39; stdev=7.45; max=134; n_reads=160239(46.6%)

Assembling stacks (max. dist. M=4)...
  Assembled 29756 stacks into 21999; blacklisted 514 stacks.
Coverage after assembling stacks: mean=5.25; stdev=6.72; max=207; n_reads=112284(32.7%)

Merging secondary stacks (max. dist. N=6 from consensus)...
  Merged 24597 out of 119271 secondary reads (20.6%), 11000 merged with gapped alignments.
Coverage after merging secondary stacks: mean=6.40; stdev=12.97; max=947; n_reads=136881(39.8%)

Assembling stacks, allowing for gaps (min. match length 80.0%)...
  Assembled 21999 stacks into 21373 stacks.
Coverage after gapped assembly: mean=6.59; stdev=13.53; max=947; n_reads=136881(39.8%)

Merging secondary stacks, allowing for gaps (min. match length 80.0%)...
  Merged 10520 out of 94674 secondary reads (11.1%).
Coverage after merging gapped secondary stacks: mean=7.10; stdev=16.93; max=994; n_reads=147401(42.9%)

Final number of stacks built: 21373
Final coverage: mean=7.10; stdev=16.93; max=994; n_reads=147401(42.9%)
Calling consensus sequences and haplotypes for catalog assembly...
Writing tags, SNPs, and alleles files to '00_Data/05a_Stacks.denovo.ALL.M4n4/S_23_01788'...done.
ustacks is done.
