

-t gzfastq -f ./00_Data/03a_Demultiplex/S_23_02156.1.fq.gz -o 00_Data/05a_Stacks.denovo.ALL.M4n4/ -i 465 -m 3 --name S_23_02156 -M 4 -p 8


ustacks parameters selected:
  Input file: './00_Data/03a_Demultiplex/S_23_02156.1.fq.gz'
  Sample ID: 465
  Min depth of coverage to create a stack (m): 3
  Repeat removal algorithm: enabled
  Max distance allowed between stacks (M): 4
  Max distance allowed to align secondary reads: 6
  Max number of stacks allowed per de novo locus: 3
  Deleveraging algorithm: disabled
  Gapped assembly: enabled
  Minimum alignment length: 0.8
  Model type: SNP
  Alpha significance level for model: 0.05

Loading RAD-Tags...1M...2M...3M...4M...5M...6M...7M...

Loaded 7223340 reads; formed:
  241470 stacks representing 6768975 primary reads (93.7%)
  418162 secondary stacks representing 454365 secondary reads (6.3%)

Stack coverage: mean=28.03; stdev=359.77; max=77099; n_reads=6768975(93.7%)
Removing repetitive stacks: cov > 1108 (mean+3*stdev)...
  Blacklisted 13534 stacks.
Coverage after repeat removal: mean=20.67; stdev=36.25; max=1107; n_reads=4710676(65.2%)

Assembling stacks (max. dist. M=4)...
  Assembled 227936 stacks into 150054; blacklisted 3527 stacks.
Coverage after assembling stacks: mean=20.68; stdev=21.88; max=1080; n_reads=3023390(41.9%)

Merging secondary stacks (max. dist. N=6 from consensus)...
  Merged 237850 out of 454365 secondary reads (52.3%), 77700 merged with gapped alignments.
Coverage after merging secondary stacks: mean=22.30; stdev=25.27; max=3054; n_reads=3261240(45.1%)

Assembling stacks, allowing for gaps (min. match length 80.0%)...
  Assembled 150054 stacks into 141612 stacks.
Coverage after gapped assembly: mean=23.67; stdev=26.60; max=3054; n_reads=3261240(45.1%)

Merging secondary stacks, allowing for gaps (min. match length 80.0%)...
  Merged 47354 out of 216515 secondary reads (21.9%).
Coverage after merging gapped secondary stacks: mean=24.01; stdev=27.72; max=3054; n_reads=3308594(45.8%)

Final number of stacks built: 141612
Final coverage: mean=24.01; stdev=27.72; max=3054; n_reads=3308594(45.8%)
Calling consensus sequences and haplotypes for catalog assembly...
Writing tags, SNPs, and alleles files to '00_Data/05a_Stacks.denovo.ALL.M4n4/S_23_02156'...done.
ustacks is done.
