

-t gzfastq -f ./00_Data/03a_Demultiplex/S_23_02216.1.fq.gz -o 00_Data/05a_Stacks.denovo.ALL.M1n1/ -i 523 -m 3 --name S_23_02216 -M 1 -p 8


ustacks parameters selected:
  Input file: './00_Data/03a_Demultiplex/S_23_02216.1.fq.gz'
  Sample ID: 523
  Min depth of coverage to create a stack (m): 3
  Repeat removal algorithm: enabled
  Max distance allowed between stacks (M): 1
  Max distance allowed to align secondary reads: 3
  Max number of stacks allowed per de novo locus: 3
  Deleveraging algorithm: disabled
  Gapped assembly: enabled
  Minimum alignment length: 0.8
  Model type: SNP
  Alpha significance level for model: 0.05

Loading RAD-Tags...1M...

Loaded 1435948 reads; formed:
  124407 stacks representing 1215312 primary reads (84.6%)
  178136 secondary stacks representing 220636 secondary reads (15.4%)

Stack coverage: mean=9.77; stdev=114.62; max=20505; n_reads=1215312(84.6%)
Removing repetitive stacks: cov > 354 (mean+3*stdev)...
  Blacklisted 5110 stacks.
Coverage after repeat removal: mean=7.29; stdev=12.85; max=354; n_reads=869441(60.5%)

Assembling stacks (max. dist. M=1)...
  Assembled 119297 stacks into 103643; blacklisted 1052 stacks.
Coverage after assembling stacks: mean=7.02; stdev=9.02; max=601; n_reads=719584(50.1%)

Merging secondary stacks (max. dist. N=3 from consensus)...
  Merged 54384 out of 220636 secondary reads (24.6%), 1954 merged with gapped alignments.
Coverage after merging secondary stacks: mean=7.56; stdev=9.54; max=617; n_reads=773968(53.9%)

Assembling stacks, allowing for gaps (min. match length 80.0%)...
  Assembled 103643 stacks into 102395 stacks.
Coverage after gapped assembly: mean=7.65; stdev=9.68; max=617; n_reads=773968(53.9%)

Merging secondary stacks, allowing for gaps (min. match length 80.0%)...
  Merged 7231 out of 166252 secondary reads (4.3%).
Coverage after merging gapped secondary stacks: mean=7.72; stdev=9.73; max=617; n_reads=781199(54.4%)

Final number of stacks built: 102395
Final coverage: mean=7.72; stdev=9.73; max=617; n_reads=781199(54.4%)
Calling consensus sequences and haplotypes for catalog assembly...
Writing tags, SNPs, and alleles files to '00_Data/05a_Stacks.denovo.ALL.M1n1/S_23_02216'...done.
ustacks is done.
