

-t gzfastq -f ./00_Data/03a_Demultiplex/S_23_01811.1.fq.gz -o 00_Data/05a_Stacks.denovo.ALL.M4n4/ -i 235 -m 3 --name S_23_01811 -M 4 -p 8


ustacks parameters selected:
  Input file: './00_Data/03a_Demultiplex/S_23_01811.1.fq.gz'
  Sample ID: 235
  Min depth of coverage to create a stack (m): 3
  Repeat removal algorithm: enabled
  Max distance allowed between stacks (M): 4
  Max distance allowed to align secondary reads: 6
  Max number of stacks allowed per de novo locus: 3
  Deleveraging algorithm: disabled
  Gapped assembly: enabled
  Minimum alignment length: 0.8
  Model type: SNP
  Alpha significance level for model: 0.05

Loading RAD-Tags...1M...2M...3M...4M...5M...6M...

Loaded 6472366 reads; formed:
  235182 stacks representing 6061616 primary reads (93.7%)
  375497 secondary stacks representing 410750 secondary reads (6.3%)

Stack coverage: mean=25.77; stdev=339.50; max=76095; n_reads=6061616(93.7%)
Removing repetitive stacks: cov > 1045 (mean+3*stdev)...
  Blacklisted 12223 stacks.
Coverage after repeat removal: mean=19.18; stdev=34.49; max=1043; n_reads=4276876(66.1%)

Assembling stacks (max. dist. M=4)...
  Assembled 222959 stacks into 147164; blacklisted 3457 stacks.
Coverage after assembling stacks: mean=18.93; stdev=20.18; max=1026; n_reads=2715028(41.9%)

Merging secondary stacks (max. dist. N=6 from consensus)...
  Merged 205049 out of 410750 secondary reads (49.9%), 65321 merged with gapped alignments.
Coverage after merging secondary stacks: mean=20.36; stdev=22.32; max=1113; n_reads=2920077(45.1%)

Assembling stacks, allowing for gaps (min. match length 80.0%)...
  Assembled 147164 stacks into 139029 stacks.
Coverage after gapped assembly: mean=21.58; stdev=23.55; max=1233; n_reads=2920077(45.1%)

Merging secondary stacks, allowing for gaps (min. match length 80.0%)...
  Merged 41545 out of 205701 secondary reads (20.2%).
Coverage after merging gapped secondary stacks: mean=21.89; stdev=24.84; max=1573; n_reads=2961622(45.8%)

Final number of stacks built: 139029
Final coverage: mean=21.89; stdev=24.84; max=1573; n_reads=2961622(45.8%)
Calling consensus sequences and haplotypes for catalog assembly...
Writing tags, SNPs, and alleles files to '00_Data/05a_Stacks.denovo.ALL.M4n4/S_23_01811'...done.
ustacks is done.
