

-t gzfastq -f ./00_Data/03a_Demultiplex/S_23_01112.1.fq.gz -o 00_Data/05a_Stacks.denovo.ALL.M1n1/ -i 90 -m 3 --name S_23_01112 -M 1 -p 8


ustacks parameters selected:
  Input file: './00_Data/03a_Demultiplex/S_23_01112.1.fq.gz'
  Sample ID: 90
  Min depth of coverage to create a stack (m): 3
  Repeat removal algorithm: enabled
  Max distance allowed between stacks (M): 1
  Max distance allowed to align secondary reads: 3
  Max number of stacks allowed per de novo locus: 3
  Deleveraging algorithm: disabled
  Gapped assembly: enabled
  Minimum alignment length: 0.8
  Model type: SNP
  Alpha significance level for model: 0.05

Loading RAD-Tags...1M...

Loaded 1746333 reads; formed:
  148043 stacks representing 1515370 primary reads (86.8%)
  190544 secondary stacks representing 230963 secondary reads (13.2%)

Stack coverage: mean=10.24; stdev=113.42; max=21215; n_reads=1515370(86.8%)
Removing repetitive stacks: cov > 351 (mean+3*stdev)...
  Blacklisted 6686 stacks.
Coverage after repeat removal: mean=7.61; stdev=12.91; max=350; n_reads=1076232(61.6%)

Assembling stacks (max. dist. M=1)...
  Assembled 141357 stacks into 122631; blacklisted 1292 stacks.
Coverage after assembling stacks: mean=7.27; stdev=8.74; max=376; n_reads=880182(50.4%)

Merging secondary stacks (max. dist. N=3 from consensus)...
  Merged 63360 out of 230963 secondary reads (27.4%), 2327 merged with gapped alignments.
Coverage after merging secondary stacks: mean=7.79; stdev=9.23; max=402; n_reads=943542(54.0%)

Assembling stacks, allowing for gaps (min. match length 80.0%)...
  Assembled 122631 stacks into 121032 stacks.
Coverage after gapped assembly: mean=7.89; stdev=9.44; max=547; n_reads=943542(54.0%)

Merging secondary stacks, allowing for gaps (min. match length 80.0%)...
  Merged 8731 out of 167603 secondary reads (5.2%).
Coverage after merging gapped secondary stacks: mean=7.97; stdev=9.50; max=549; n_reads=952273(54.5%)

Final number of stacks built: 121032
Final coverage: mean=7.97; stdev=9.50; max=549; n_reads=952273(54.5%)
Calling consensus sequences and haplotypes for catalog assembly...
Writing tags, SNPs, and alleles files to '00_Data/05a_Stacks.denovo.ALL.M1n1/S_23_01112'...done.
ustacks is done.
