

-t gzfastq -f ./00_Data/03a_Demultiplex/S_23_01064.1.fq.gz -o 00_Data/05a_Stacks.denovo.ALL.M1n1/ -i 56 -m 3 --name S_23_01064 -M 1 -p 8


ustacks parameters selected:
  Input file: './00_Data/03a_Demultiplex/S_23_01064.1.fq.gz'
  Sample ID: 56
  Min depth of coverage to create a stack (m): 3
  Repeat removal algorithm: enabled
  Max distance allowed between stacks (M): 1
  Max distance allowed to align secondary reads: 3
  Max number of stacks allowed per de novo locus: 3
  Deleveraging algorithm: disabled
  Gapped assembly: enabled
  Minimum alignment length: 0.8
  Model type: SNP
  Alpha significance level for model: 0.05

Loading RAD-Tags...1M...2M...3M...4M...

Loaded 4108281 reads; formed:
  218625 stacks representing 3776160 primary reads (91.9%)
  296319 secondary stacks representing 332121 secondary reads (8.1%)

Stack coverage: mean=17.27; stdev=208.19; max=42244; n_reads=3776160(91.9%)
Removing repetitive stacks: cov > 642 (mean+3*stdev)...
  Blacklisted 11161 stacks.
Coverage after repeat removal: mean=12.78; stdev=22.21; max=637; n_reads=2651918(64.6%)

Assembling stacks (max. dist. M=1)...
  Assembled 207464 stacks into 173919; blacklisted 1997 stacks.
Coverage after assembling stacks: mean=12.52; stdev=14.24; max=640; n_reads=2148232(52.3%)

Merging secondary stacks (max. dist. N=3 from consensus)...
  Merged 134511 out of 332121 secondary reads (40.5%), 5633 merged with gapped alignments.
Coverage after merging secondary stacks: mean=13.30; stdev=14.84; max=655; n_reads=2282743(55.6%)

Assembling stacks, allowing for gaps (min. match length 80.0%)...
  Assembled 173919 stacks into 170265 stacks.
Coverage after gapped assembly: mean=13.59; stdev=15.14; max=655; n_reads=2282743(55.6%)

Merging secondary stacks, allowing for gaps (min. match length 80.0%)...
  Merged 12273 out of 197610 secondary reads (6.2%).
Coverage after merging gapped secondary stacks: mean=13.66; stdev=15.17; max=655; n_reads=2295016(55.9%)

Final number of stacks built: 170265
Final coverage: mean=13.66; stdev=15.17; max=655; n_reads=2295016(55.9%)
Calling consensus sequences and haplotypes for catalog assembly...
Writing tags, SNPs, and alleles files to '00_Data/05a_Stacks.denovo.ALL.M1n1/S_23_01064'...done.
ustacks is done.
