

-t gzfastq -f ./00_Data/03a_Demultiplex/S_23_01110.1.fq.gz -o 00_Data/05a_Stacks.denovo.ALL.M1n1/ -i 88 -m 3 --name S_23_01110 -M 1 -p 8


ustacks parameters selected:
  Input file: './00_Data/03a_Demultiplex/S_23_01110.1.fq.gz'
  Sample ID: 88
  Min depth of coverage to create a stack (m): 3
  Repeat removal algorithm: enabled
  Max distance allowed between stacks (M): 1
  Max distance allowed to align secondary reads: 3
  Max number of stacks allowed per de novo locus: 3
  Deleveraging algorithm: disabled
  Gapped assembly: enabled
  Minimum alignment length: 0.8
  Model type: SNP
  Alpha significance level for model: 0.05

Loading RAD-Tags...

Loaded 547688 reads; formed:
  53314 stacks representing 397118 primary reads (72.5%)
  117813 secondary stacks representing 150570 secondary reads (27.5%)

Stack coverage: mean=7.45; stdev=48.34; max=3700; n_reads=397118(72.5%)
Removing repetitive stacks: cov > 153 (mean+3*stdev)...
  Blacklisted 2703 stacks.
Coverage after repeat removal: mean=5.65; stdev=7.83; max=153; n_reads=285739(52.2%)

Assembling stacks (max. dist. M=1)...
  Assembled 50611 stacks into 44880; blacklisted 477 stacks.
Coverage after assembling stacks: mean=5.44; stdev=6.58; max=179; n_reads=240858(44.0%)

Merging secondary stacks (max. dist. N=3 from consensus)...
  Merged 26783 out of 150570 secondary reads (17.8%), 709 merged with gapped alignments.
Coverage after merging secondary stacks: mean=6.05; stdev=7.31; max=197; n_reads=267641(48.9%)

Assembling stacks, allowing for gaps (min. match length 80.0%)...
  Assembled 44880 stacks into 44442 stacks.
Coverage after gapped assembly: mean=6.11; stdev=7.44; max=197; n_reads=267641(48.9%)

Merging secondary stacks, allowing for gaps (min. match length 80.0%)...
  Merged 4268 out of 123787 secondary reads (3.4%).
Coverage after merging gapped secondary stacks: mean=6.21; stdev=7.57; max=200; n_reads=271909(49.6%)

Final number of stacks built: 44442
Final coverage: mean=6.21; stdev=7.57; max=200; n_reads=271909(49.6%)
Calling consensus sequences and haplotypes for catalog assembly...
Writing tags, SNPs, and alleles files to '00_Data/05a_Stacks.denovo.ALL.M1n1/S_23_01110'...done.
ustacks is done.
