

-t gzfastq -f ./00_Data/03a_Demultiplex/S_23_01822.1.fq.gz -o 00_Data/05a_Stacks.denovo.ALL.M4n4/ -i 245 -m 3 --name S_23_01822 -M 4 -p 8


ustacks parameters selected:
  Input file: './00_Data/03a_Demultiplex/S_23_01822.1.fq.gz'
  Sample ID: 245
  Min depth of coverage to create a stack (m): 3
  Repeat removal algorithm: enabled
  Max distance allowed between stacks (M): 4
  Max distance allowed to align secondary reads: 6
  Max number of stacks allowed per de novo locus: 3
  Deleveraging algorithm: disabled
  Gapped assembly: enabled
  Minimum alignment length: 0.8
  Model type: SNP
  Alpha significance level for model: 0.05

Loading RAD-Tags...

Loaded 197925 reads; formed:
  15078 stacks representing 112641 primary reads (56.9%)
  68443 secondary stacks representing 85284 secondary reads (43.1%)

Stack coverage: mean=7.47; stdev=39.84; max=2535; n_reads=112641(56.9%)
Removing repetitive stacks: cov > 127 (mean+3*stdev)...
  Blacklisted 831 stacks.
Coverage after repeat removal: mean=5.71; stdev=9.05; max=127; n_reads=81323(41.1%)

Assembling stacks (max. dist. M=4)...
  Assembled 14247 stacks into 10788; blacklisted 291 stacks.
Coverage after assembling stacks: mean=5.59; stdev=8.94; max=191; n_reads=58347(29.5%)

Merging secondary stacks (max. dist. N=6 from consensus)...
  Merged 16071 out of 85284 secondary reads (18.8%), 6910 merged with gapped alignments.
Coverage after merging secondary stacks: mean=7.13; stdev=15.46; max=687; n_reads=74418(37.6%)

Assembling stacks, allowing for gaps (min. match length 80.0%)...
  Assembled 10788 stacks into 10476 stacks.
Coverage after gapped assembly: mean=7.35; stdev=16.26; max=687; n_reads=74418(37.6%)

Merging secondary stacks, allowing for gaps (min. match length 80.0%)...
  Merged 6641 out of 69213 secondary reads (9.6%).
Coverage after merging gapped secondary stacks: mean=8.00; stdev=20.29; max=776; n_reads=81059(41.0%)

Final number of stacks built: 10476
Final coverage: mean=8.00; stdev=20.29; max=776; n_reads=81059(41.0%)
Calling consensus sequences and haplotypes for catalog assembly...
Writing tags, SNPs, and alleles files to '00_Data/05a_Stacks.denovo.ALL.M4n4/S_23_01822'...done.
ustacks is done.
