

-t gzfastq -f ./00_Data/03a_Demultiplex/S_23_01895.1.fq.gz -o 00_Data/05a_Stacks.denovo.ALL.M4n4/ -i 288 -m 3 --name S_23_01895 -M 4 -p 8


ustacks parameters selected:
  Input file: './00_Data/03a_Demultiplex/S_23_01895.1.fq.gz'
  Sample ID: 288
  Min depth of coverage to create a stack (m): 3
  Repeat removal algorithm: enabled
  Max distance allowed between stacks (M): 4
  Max distance allowed to align secondary reads: 6
  Max number of stacks allowed per de novo locus: 3
  Deleveraging algorithm: disabled
  Gapped assembly: enabled
  Minimum alignment length: 0.8
  Model type: SNP
  Alpha significance level for model: 0.05

Loading RAD-Tags...1M...2M...3M...

Loaded 3152047 reads; formed:
  170693 stacks representing 2931235 primary reads (93.0%)
  197210 secondary stacks representing 220812 secondary reads (7.0%)

Stack coverage: mean=17.17; stdev=223.49; max=42958; n_reads=2931235(93.0%)
Removing repetitive stacks: cov > 688 (mean+3*stdev)...
  Blacklisted 8050 stacks.
Coverage after repeat removal: mean=12.54; stdev=22.22; max=684; n_reads=2039613(64.7%)

Assembling stacks (max. dist. M=4)...
  Assembled 162643 stacks into 108982; blacklisted 2487 stacks.
Coverage after assembling stacks: mean=12.24; stdev=13.14; max=595; n_reads=1301476(41.3%)

Merging secondary stacks (max. dist. N=6 from consensus)...
  Merged 99838 out of 220812 secondary reads (45.2%), 31992 merged with gapped alignments.
Coverage after merging secondary stacks: mean=13.18; stdev=14.70; max=763; n_reads=1401314(44.5%)

Assembling stacks, allowing for gaps (min. match length 80.0%)...
  Assembled 108982 stacks into 104087 stacks.
Coverage after gapped assembly: mean=13.82; stdev=15.38; max=763; n_reads=1401314(44.5%)

Merging secondary stacks, allowing for gaps (min. match length 80.0%)...
  Merged 23394 out of 120974 secondary reads (19.3%).
Coverage after merging gapped secondary stacks: mean=14.05; stdev=16.52; max=851; n_reads=1424708(45.2%)

Final number of stacks built: 104087
Final coverage: mean=14.05; stdev=16.52; max=851; n_reads=1424708(45.2%)
Calling consensus sequences and haplotypes for catalog assembly...
Writing tags, SNPs, and alleles files to '00_Data/05a_Stacks.denovo.ALL.M4n4/S_23_01895'...done.
ustacks is done.
