

-t gzfastq -f ./00_Data/03a_Demultiplex/S_23_02028.1.fq.gz -o 00_Data/05a_Stacks.denovo.ALL.M4n4/ -i 348 -m 3 --name S_23_02028 -M 4 -p 8


ustacks parameters selected:
  Input file: './00_Data/03a_Demultiplex/S_23_02028.1.fq.gz'
  Sample ID: 348
  Min depth of coverage to create a stack (m): 3
  Repeat removal algorithm: enabled
  Max distance allowed between stacks (M): 4
  Max distance allowed to align secondary reads: 6
  Max number of stacks allowed per de novo locus: 3
  Deleveraging algorithm: disabled
  Gapped assembly: enabled
  Minimum alignment length: 0.8
  Model type: SNP
  Alpha significance level for model: 0.05

Loading RAD-Tags...1M...2M...3M...4M...5M...

Loaded 5969752 reads; formed:
  213266 stacks representing 5587795 primary reads (93.6%)
  348535 secondary stacks representing 381957 secondary reads (6.4%)

Stack coverage: mean=26.20; stdev=339.41; max=68785; n_reads=5587795(93.6%)
Removing repetitive stacks: cov > 1045 (mean+3*stdev)...
  Blacklisted 11021 stacks.
Coverage after repeat removal: mean=19.35; stdev=33.90; max=1030; n_reads=3912662(65.5%)

Assembling stacks (max. dist. M=4)...
  Assembled 202245 stacks into 134420; blacklisted 3125 stacks.
Coverage after assembling stacks: mean=19.18; stdev=20.22; max=916; n_reads=2513532(42.1%)

Merging secondary stacks (max. dist. N=6 from consensus)...
  Merged 192405 out of 381957 secondary reads (50.4%), 60733 merged with gapped alignments.
Coverage after merging secondary stacks: mean=20.65; stdev=23.62; max=3186; n_reads=2705937(45.3%)

Assembling stacks, allowing for gaps (min. match length 80.0%)...
  Assembled 134420 stacks into 127374 stacks.
Coverage after gapped assembly: mean=21.82; stdev=24.72; max=3186; n_reads=2705937(45.3%)

Merging secondary stacks, allowing for gaps (min. match length 80.0%)...
  Merged 38852 out of 189552 secondary reads (20.5%).
Coverage after merging gapped secondary stacks: mean=22.14; stdev=25.52; max=3186; n_reads=2744789(46.0%)

Final number of stacks built: 127374
Final coverage: mean=22.14; stdev=25.52; max=3186; n_reads=2744789(46.0%)
Calling consensus sequences and haplotypes for catalog assembly...
Writing tags, SNPs, and alleles files to '00_Data/05a_Stacks.denovo.ALL.M4n4/S_23_02028'...done.
ustacks is done.
