

-t gzfastq -f ./00_Data/03a_Demultiplex/S_23_02253.1.fq.gz -o 00_Data/05a_Stacks.denovo.ALL.M1n1/ -i 544 -m 3 --name S_23_02253 -M 1 -p 8


ustacks parameters selected:
  Input file: './00_Data/03a_Demultiplex/S_23_02253.1.fq.gz'
  Sample ID: 544
  Min depth of coverage to create a stack (m): 3
  Repeat removal algorithm: enabled
  Max distance allowed between stacks (M): 1
  Max distance allowed to align secondary reads: 3
  Max number of stacks allowed per de novo locus: 3
  Deleveraging algorithm: disabled
  Gapped assembly: enabled
  Minimum alignment length: 0.8
  Model type: SNP
  Alpha significance level for model: 0.05

Loading RAD-Tags...1M...

Loaded 1687025 reads; formed:
  138841 stacks representing 1481659 primary reads (87.8%)
  169466 secondary stacks representing 205366 secondary reads (12.2%)

Stack coverage: mean=10.67; stdev=120.95; max=24080; n_reads=1481659(87.8%)
Removing repetitive stacks: cov > 374 (mean+3*stdev)...
  Blacklisted 6032 stacks.
Coverage after repeat removal: mean=7.97; stdev=13.56; max=374; n_reads=1059125(62.8%)

Assembling stacks (max. dist. M=1)...
  Assembled 132809 stacks into 114687; blacklisted 1199 stacks.
Coverage after assembling stacks: mean=7.68; stdev=9.19; max=383; n_reads=869886(51.6%)

Merging secondary stacks (max. dist. N=3 from consensus)...
  Merged 58315 out of 205366 secondary reads (28.4%), 2411 merged with gapped alignments.
Coverage after merging secondary stacks: mean=8.19; stdev=9.64; max=403; n_reads=928201(55.0%)

Assembling stacks, allowing for gaps (min. match length 80.0%)...
  Assembled 114687 stacks into 113053 stacks.
Coverage after gapped assembly: mean=8.31; stdev=9.84; max=461; n_reads=928201(55.0%)

Merging secondary stacks, allowing for gaps (min. match length 80.0%)...
  Merged 7478 out of 147051 secondary reads (5.1%).
Coverage after merging gapped secondary stacks: mean=8.38; stdev=9.90; max=461; n_reads=935679(55.5%)

Final number of stacks built: 113053
Final coverage: mean=8.38; stdev=9.90; max=461; n_reads=935679(55.5%)
Calling consensus sequences and haplotypes for catalog assembly...
Writing tags, SNPs, and alleles files to '00_Data/05a_Stacks.denovo.ALL.M1n1/S_23_02253'...done.
ustacks is done.
