

-t gzfastq -f ./00_Data/03a_Demultiplex/S_23_02240.1.fq.gz -o 00_Data/05a_Stacks.denovo.ALL.M4n4/ -i 530 -m 3 --name S_23_02240 -M 4 -p 8


ustacks parameters selected:
  Input file: './00_Data/03a_Demultiplex/S_23_02240.1.fq.gz'
  Sample ID: 530
  Min depth of coverage to create a stack (m): 3
  Repeat removal algorithm: enabled
  Max distance allowed between stacks (M): 4
  Max distance allowed to align secondary reads: 6
  Max number of stacks allowed per de novo locus: 3
  Deleveraging algorithm: disabled
  Gapped assembly: enabled
  Minimum alignment length: 0.8
  Model type: SNP
  Alpha significance level for model: 0.05

Loading RAD-Tags...1M...2M...3M...4M...5M...6M...7M...8M...

Loaded 8254159 reads; formed:
  222228 stacks representing 7739633 primary reads (93.8%)
  470973 secondary stacks representing 514526 secondary reads (6.2%)

Stack coverage: mean=34.83; stdev=493.04; max=106225; n_reads=7739633(93.8%)
Removing repetitive stacks: cov > 1514 (mean+3*stdev)...
  Blacklisted 12025 stacks.
Coverage after repeat removal: mean=25.44; stdev=47.17; max=1497; n_reads=5347414(64.8%)

Assembling stacks (max. dist. M=4)...
  Assembled 210203 stacks into 137296; blacklisted 3347 stacks.
Coverage after assembling stacks: mean=25.21; stdev=27.02; max=1483; n_reads=3370681(40.8%)

Merging secondary stacks (max. dist. N=6 from consensus)...
  Merged 243800 out of 514526 secondary reads (47.4%), 77685 merged with gapped alignments.
Coverage after merging secondary stacks: mean=27.03; stdev=29.28; max=1549; n_reads=3614481(43.8%)

Assembling stacks, allowing for gaps (min. match length 80.0%)...
  Assembled 137296 stacks into 129509 stacks.
Coverage after gapped assembly: mean=28.71; stdev=30.83; max=1549; n_reads=3614481(43.8%)

Merging secondary stacks, allowing for gaps (min. match length 80.0%)...
  Merged 52090 out of 270726 secondary reads (19.2%).
Coverage after merging gapped secondary stacks: mean=29.12; stdev=32.44; max=1902; n_reads=3666571(44.4%)

Final number of stacks built: 129509
Final coverage: mean=29.12; stdev=32.44; max=1902; n_reads=3666571(44.4%)
Calling consensus sequences and haplotypes for catalog assembly...
Writing tags, SNPs, and alleles files to '00_Data/05a_Stacks.denovo.ALL.M4n4/S_23_02240'...done.
ustacks is done.
