

-t gzfastq -f ./00_Data/03a_Demultiplex/S_23_02047.1.fq.gz -o 00_Data/05a_Stacks.denovo.ALL.M1n1/ -i 367 -m 3 --name S_23_02047 -M 1 -p 8


ustacks parameters selected:
  Input file: './00_Data/03a_Demultiplex/S_23_02047.1.fq.gz'
  Sample ID: 367
  Min depth of coverage to create a stack (m): 3
  Repeat removal algorithm: enabled
  Max distance allowed between stacks (M): 1
  Max distance allowed to align secondary reads: 3
  Max number of stacks allowed per de novo locus: 3
  Deleveraging algorithm: disabled
  Gapped assembly: enabled
  Minimum alignment length: 0.8
  Model type: SNP
  Alpha significance level for model: 0.05

Loading RAD-Tags...

Loaded 589854 reads; formed:
  55871 stacks representing 421813 primary reads (71.5%)
  132454 secondary stacks representing 168041 secondary reads (28.5%)

Stack coverage: mean=7.55; stdev=53.31; max=4714; n_reads=421813(71.5%)
Removing repetitive stacks: cov > 168 (mean+3*stdev)...
  Blacklisted 2886 stacks.
Coverage after repeat removal: mean=5.62; stdev=8.14; max=168; n_reads=297942(50.5%)

Assembling stacks (max. dist. M=1)...
  Assembled 52985 stacks into 47173; blacklisted 470 stacks.
Coverage after assembling stacks: mean=5.41; stdev=6.73; max=235; n_reads=252090(42.7%)

Merging secondary stacks (max. dist. N=3 from consensus)...
  Merged 28842 out of 168041 secondary reads (17.2%), 787 merged with gapped alignments.
Coverage after merging secondary stacks: mean=6.03; stdev=7.49; max=250; n_reads=280932(47.6%)

Assembling stacks, allowing for gaps (min. match length 80.0%)...
  Assembled 47173 stacks into 46693 stacks.
Coverage after gapped assembly: mean=6.10; stdev=7.65; max=250; n_reads=280932(47.6%)

Merging secondary stacks, allowing for gaps (min. match length 80.0%)...
  Merged 4836 out of 139199 secondary reads (3.5%).
Coverage after merging gapped secondary stacks: mean=6.20; stdev=7.80; max=250; n_reads=285768(48.4%)

Final number of stacks built: 46693
Final coverage: mean=6.20; stdev=7.80; max=250; n_reads=285768(48.4%)
Calling consensus sequences and haplotypes for catalog assembly...
Writing tags, SNPs, and alleles files to '00_Data/05a_Stacks.denovo.ALL.M1n1/S_23_02047'...done.
ustacks is done.
