

-t gzfastq -f ./00_Data/03a_Demultiplex/S_23_02041.1.fq.gz -o 00_Data/05a_Stacks.denovo.ALL.M4n4/ -i 361 -m 3 --name S_23_02041 -M 4 -p 8


ustacks parameters selected:
  Input file: './00_Data/03a_Demultiplex/S_23_02041.1.fq.gz'
  Sample ID: 361
  Min depth of coverage to create a stack (m): 3
  Repeat removal algorithm: enabled
  Max distance allowed between stacks (M): 4
  Max distance allowed to align secondary reads: 6
  Max number of stacks allowed per de novo locus: 3
  Deleveraging algorithm: disabled
  Gapped assembly: enabled
  Minimum alignment length: 0.8
  Model type: SNP
  Alpha significance level for model: 0.05

Loading RAD-Tags...

Loaded 781052 reads; formed:
  75141 stacks representing 605221 primary reads (77.5%)
  139210 secondary stacks representing 175831 secondary reads (22.5%)

Stack coverage: mean=8.05; stdev=66.55; max=8448; n_reads=605221(77.5%)
Removing repetitive stacks: cov > 208 (mean+3*stdev)...
  Blacklisted 3613 stacks.
Coverage after repeat removal: mean=6.05; stdev=9.13; max=207; n_reads=432632(55.4%)

Assembling stacks (max. dist. M=4)...
  Assembled 71528 stacks into 52046; blacklisted 1127 stacks.
Coverage after assembling stacks: mean=5.79; stdev=6.88; max=204; n_reads=293815(37.6%)

Merging secondary stacks (max. dist. N=6 from consensus)...
  Merged 46739 out of 175831 secondary reads (26.6%), 20077 merged with gapped alignments.
Coverage after merging secondary stacks: mean=6.71; stdev=11.95; max=1246; n_reads=340554(43.6%)

Assembling stacks, allowing for gaps (min. match length 80.0%)...
  Assembled 52046 stacks into 50589 stacks.
Coverage after gapped assembly: mean=6.91; stdev=12.38; max=1246; n_reads=340554(43.6%)

Merging secondary stacks, allowing for gaps (min. match length 80.0%)...
  Merged 16184 out of 129092 secondary reads (12.5%).
Coverage after merging gapped secondary stacks: mean=7.24; stdev=14.10; max=1280; n_reads=356738(45.7%)

Final number of stacks built: 50589
Final coverage: mean=7.24; stdev=14.10; max=1280; n_reads=356738(45.7%)
Calling consensus sequences and haplotypes for catalog assembly...
Writing tags, SNPs, and alleles files to '00_Data/05a_Stacks.denovo.ALL.M4n4/S_23_02041'...done.
ustacks is done.
