

-t gzfastq -f ./00_Data/03a_Demultiplex/S_23_02106.1.fq.gz -o 00_Data/05a_Stacks.denovo.ALL.M1n1/ -i 415 -m 3 --name S_23_02106 -M 1 -p 8


ustacks parameters selected:
  Input file: './00_Data/03a_Demultiplex/S_23_02106.1.fq.gz'
  Sample ID: 415
  Min depth of coverage to create a stack (m): 3
  Repeat removal algorithm: enabled
  Max distance allowed between stacks (M): 1
  Max distance allowed to align secondary reads: 3
  Max number of stacks allowed per de novo locus: 3
  Deleveraging algorithm: disabled
  Gapped assembly: enabled
  Minimum alignment length: 0.8
  Model type: SNP
  Alpha significance level for model: 0.05

Loading RAD-Tags...1M...2M...3M...4M...

Loaded 4691730 reads; formed:
  230488 stacks representing 4290320 primary reads (91.4%)
  355889 secondary stacks representing 401410 secondary reads (8.6%)

Stack coverage: mean=18.61; stdev=228.29; max=47948; n_reads=4290320(91.4%)
Removing repetitive stacks: cov > 704 (mean+3*stdev)...
  Blacklisted 11699 stacks.
Coverage after repeat removal: mean=13.69; stdev=24.53; max=699; n_reads=2994571(63.8%)

Assembling stacks (max. dist. M=1)...
  Assembled 218789 stacks into 182413; blacklisted 2201 stacks.
Coverage after assembling stacks: mean=13.40; stdev=16.35; max=719; n_reads=2410984(51.4%)

Merging secondary stacks (max. dist. N=3 from consensus)...
  Merged 153545 out of 401410 secondary reads (38.3%), 7196 merged with gapped alignments.
Coverage after merging secondary stacks: mean=14.25; stdev=17.02; max=749; n_reads=2564529(54.7%)

Assembling stacks, allowing for gaps (min. match length 80.0%)...
  Assembled 182413 stacks into 178436 stacks.
Coverage after gapped assembly: mean=14.58; stdev=17.39; max=749; n_reads=2564529(54.7%)

Merging secondary stacks, allowing for gaps (min. match length 80.0%)...
  Merged 15083 out of 247865 secondary reads (6.1%).
Coverage after merging gapped secondary stacks: mean=14.66; stdev=17.43; max=749; n_reads=2579612(55.0%)

Final number of stacks built: 178436
Final coverage: mean=14.66; stdev=17.43; max=749; n_reads=2579612(55.0%)
Calling consensus sequences and haplotypes for catalog assembly...
Writing tags, SNPs, and alleles files to '00_Data/05a_Stacks.denovo.ALL.M1n1/S_23_02106'...done.
ustacks is done.
