

-t gzfastq -f ./00_Data/03a_Demultiplex/S_23_01096.1.fq.gz -o 00_Data/05a_Stacks.denovo.ALL.M1n1/ -i 74 -m 3 --name S_23_01096 -M 1 -p 8


ustacks parameters selected:
  Input file: './00_Data/03a_Demultiplex/S_23_01096.1.fq.gz'
  Sample ID: 74
  Min depth of coverage to create a stack (m): 3
  Repeat removal algorithm: enabled
  Max distance allowed between stacks (M): 1
  Max distance allowed to align secondary reads: 3
  Max number of stacks allowed per de novo locus: 3
  Deleveraging algorithm: disabled
  Gapped assembly: enabled
  Minimum alignment length: 0.8
  Model type: SNP
  Alpha significance level for model: 0.05

Loading RAD-Tags...1M...2M...3M...4M...5M...6M...7M...

Loaded 7171918 reads; formed:
  228969 stacks representing 6662172 primary reads (92.9%)
  462338 secondary stacks representing 509746 secondary reads (7.1%)

Stack coverage: mean=29.10; stdev=382.32; max=75209; n_reads=6662172(92.9%)
Removing repetitive stacks: cov > 1177 (mean+3*stdev)...
  Blacklisted 12574 stacks.
Coverage after repeat removal: mean=21.45; stdev=38.68; max=1168; n_reads=4640911(64.7%)

Assembling stacks (max. dist. M=1)...
  Assembled 216395 stacks into 176156; blacklisted 2361 stacks.
Coverage after assembling stacks: mean=21.33; stdev=23.41; max=1075; n_reads=3700614(51.6%)

Merging secondary stacks (max. dist. N=3 from consensus)...
  Merged 236020 out of 509746 secondary reads (46.3%), 11182 merged with gapped alignments.
Coverage after merging secondary stacks: mean=22.69; stdev=24.37; max=1109; n_reads=3936634(54.9%)

Assembling stacks, allowing for gaps (min. match length 80.0%)...
  Assembled 176156 stacks into 171756 stacks.
Coverage after gapped assembly: mean=23.28; stdev=24.89; max=1109; n_reads=3936634(54.9%)

Merging secondary stacks, allowing for gaps (min. match length 80.0%)...
  Merged 17094 out of 273726 secondary reads (6.2%).
Coverage after merging gapped secondary stacks: mean=23.38; stdev=24.91; max=1111; n_reads=3953728(55.1%)

Final number of stacks built: 171756
Final coverage: mean=23.38; stdev=24.91; max=1111; n_reads=3953728(55.1%)
Calling consensus sequences and haplotypes for catalog assembly...
Writing tags, SNPs, and alleles files to '00_Data/05a_Stacks.denovo.ALL.M1n1/S_23_01096'...done.
ustacks is done.
