

-t gzfastq -f ./00_Data/03a_Demultiplex/S_23_01147.1.fq.gz -o 00_Data/05a_Stacks.denovo.ALL.M1n1/ -i 110 -m 3 --name S_23_01147 -M 1 -p 8


ustacks parameters selected:
  Input file: './00_Data/03a_Demultiplex/S_23_01147.1.fq.gz'
  Sample ID: 110
  Min depth of coverage to create a stack (m): 3
  Repeat removal algorithm: enabled
  Max distance allowed between stacks (M): 1
  Max distance allowed to align secondary reads: 3
  Max number of stacks allowed per de novo locus: 3
  Deleveraging algorithm: disabled
  Gapped assembly: enabled
  Minimum alignment length: 0.8
  Model type: SNP
  Alpha significance level for model: 0.05

Loading RAD-Tags...1M...2M...3M...4M...

Loaded 4224298 reads; formed:
  191303 stacks representing 3951915 primary reads (93.6%)
  247457 secondary stacks representing 272383 secondary reads (6.4%)

Stack coverage: mean=20.66; stdev=265.74; max=50305; n_reads=3951915(93.6%)
Removing repetitive stacks: cov > 818 (mean+3*stdev)...
  Blacklisted 9472 stacks.
Coverage after repeat removal: mean=15.21; stdev=27.41; max=809; n_reads=2765511(65.5%)

Assembling stacks (max. dist. M=1)...
  Assembled 181831 stacks into 150550; blacklisted 1845 stacks.
Coverage after assembling stacks: mean=14.91; stdev=16.57; max=677; n_reads=2214050(52.4%)

Merging secondary stacks (max. dist. N=3 from consensus)...
  Merged 121626 out of 272383 secondary reads (44.7%), 5185 merged with gapped alignments.
Coverage after merging secondary stacks: mean=15.73; stdev=17.17; max=695; n_reads=2335676(55.3%)

Assembling stacks, allowing for gaps (min. match length 80.0%)...
  Assembled 150550 stacks into 147174 stacks.
Coverage after gapped assembly: mean=16.10; stdev=17.47; max=695; n_reads=2335676(55.3%)

Merging secondary stacks, allowing for gaps (min. match length 80.0%)...
  Merged 9632 out of 150757 secondary reads (6.4%).
Coverage after merging gapped secondary stacks: mean=16.16; stdev=17.50; max=695; n_reads=2345308(55.5%)

Final number of stacks built: 147174
Final coverage: mean=16.16; stdev=17.50; max=695; n_reads=2345308(55.5%)
Calling consensus sequences and haplotypes for catalog assembly...
Writing tags, SNPs, and alleles files to '00_Data/05a_Stacks.denovo.ALL.M1n1/S_23_01147'...done.
ustacks is done.
