

-t gzfastq -f ./00_Data/03a_Demultiplex/S_23_01043.1.fq.gz -o 00_Data/05a_Stacks.denovo.ALL.M1n1/ -i 36 -m 3 --name S_23_01043 -M 1 -p 8


ustacks parameters selected:
  Input file: './00_Data/03a_Demultiplex/S_23_01043.1.fq.gz'
  Sample ID: 36
  Min depth of coverage to create a stack (m): 3
  Repeat removal algorithm: enabled
  Max distance allowed between stacks (M): 1
  Max distance allowed to align secondary reads: 3
  Max number of stacks allowed per de novo locus: 3
  Deleveraging algorithm: disabled
  Gapped assembly: enabled
  Minimum alignment length: 0.8
  Model type: SNP
  Alpha significance level for model: 0.05

Loading RAD-Tags...1M...2M...3M...4M...

Loaded 4046000 reads; formed:
  192831 stacks representing 3779566 primary reads (93.4%)
  238587 secondary stacks representing 266434 secondary reads (6.6%)

Stack coverage: mean=19.60; stdev=237.18; max=38828; n_reads=3779566(93.4%)
Removing repetitive stacks: cov > 732 (mean+3*stdev)...
  Blacklisted 10062 stacks.
Coverage after repeat removal: mean=14.27; stdev=25.48; max=731; n_reads=2607598(64.4%)

Assembling stacks (max. dist. M=1)...
  Assembled 182769 stacks into 150451; blacklisted 1905 stacks.
Coverage after assembling stacks: mean=14.06; stdev=16.37; max=748; n_reads=2084942(51.5%)

Merging secondary stacks (max. dist. N=3 from consensus)...
  Merged 119206 out of 266434 secondary reads (44.7%), 5146 merged with gapped alignments.
Coverage after merging secondary stacks: mean=14.86; stdev=16.98; max=767; n_reads=2204148(54.5%)

Assembling stacks, allowing for gaps (min. match length 80.0%)...
  Assembled 150451 stacks into 147033 stacks.
Coverage after gapped assembly: mean=15.22; stdev=17.34; max=767; n_reads=2204148(54.5%)

Merging secondary stacks, allowing for gaps (min. match length 80.0%)...
  Merged 10562 out of 147228 secondary reads (7.2%).
Coverage after merging gapped secondary stacks: mean=15.29; stdev=17.38; max=770; n_reads=2214710(54.7%)

Final number of stacks built: 147033
Final coverage: mean=15.29; stdev=17.38; max=770; n_reads=2214710(54.7%)
Calling consensus sequences and haplotypes for catalog assembly...
Writing tags, SNPs, and alleles files to '00_Data/05a_Stacks.denovo.ALL.M1n1/S_23_01043'...done.
ustacks is done.
