

-t gzfastq -f ./00_Data/03a_Demultiplex/S_23_02010.1.fq.gz -o 00_Data/05a_Stacks.denovo.ALL.M4n4/ -i 330 -m 3 --name S_23_02010 -M 4 -p 8


ustacks parameters selected:
  Input file: './00_Data/03a_Demultiplex/S_23_02010.1.fq.gz'
  Sample ID: 330
  Min depth of coverage to create a stack (m): 3
  Repeat removal algorithm: enabled
  Max distance allowed between stacks (M): 4
  Max distance allowed to align secondary reads: 6
  Max number of stacks allowed per de novo locus: 3
  Deleveraging algorithm: disabled
  Gapped assembly: enabled
  Minimum alignment length: 0.8
  Model type: SNP
  Alpha significance level for model: 0.05

Loading RAD-Tags...1M...2M...

Loaded 2057292 reads; formed:
  158755 stacks representing 1816954 primary reads (88.3%)
  203660 secondary stacks representing 240338 secondary reads (11.7%)

Stack coverage: mean=11.45; stdev=114.73; max=19581; n_reads=1816954(88.3%)
Removing repetitive stacks: cov > 356 (mean+3*stdev)...
  Blacklisted 7284 stacks.
Coverage after repeat removal: mean=8.66; stdev=13.34; max=356; n_reads=1311081(63.7%)

Assembling stacks (max. dist. M=4)...
  Assembled 151471 stacks into 106373; blacklisted 2303 stacks.
Coverage after assembling stacks: mean=8.45; stdev=9.31; max=342; n_reads=877127(42.6%)

Merging secondary stacks (max. dist. N=6 from consensus)...
  Merged 87555 out of 240338 secondary reads (36.4%), 29147 merged with gapped alignments.
Coverage after merging secondary stacks: mean=9.29; stdev=11.04; max=981; n_reads=964682(46.9%)

Assembling stacks, allowing for gaps (min. match length 80.0%)...
  Assembled 106373 stacks into 102248 stacks.
Coverage after gapped assembly: mean=9.68; stdev=11.61; max=981; n_reads=964682(46.9%)

Merging secondary stacks, allowing for gaps (min. match length 80.0%)...
  Merged 27207 out of 152783 secondary reads (17.8%).
Coverage after merging gapped secondary stacks: mean=9.95; stdev=13.10; max=1101; n_reads=991889(48.2%)

Final number of stacks built: 102248
Final coverage: mean=9.95; stdev=13.10; max=1101; n_reads=991889(48.2%)
Calling consensus sequences and haplotypes for catalog assembly...
Writing tags, SNPs, and alleles files to '00_Data/05a_Stacks.denovo.ALL.M4n4/S_23_02010'...done.
ustacks is done.
