

-t gzfastq -f ./00_Data/03a_Demultiplex/S_23_02035.1.fq.gz -o 00_Data/05a_Stacks.denovo.ALL.M4n4/ -i 355 -m 3 --name S_23_02035 -M 4 -p 8


ustacks parameters selected:
  Input file: './00_Data/03a_Demultiplex/S_23_02035.1.fq.gz'
  Sample ID: 355
  Min depth of coverage to create a stack (m): 3
  Repeat removal algorithm: enabled
  Max distance allowed between stacks (M): 4
  Max distance allowed to align secondary reads: 6
  Max number of stacks allowed per de novo locus: 3
  Deleveraging algorithm: disabled
  Gapped assembly: enabled
  Minimum alignment length: 0.8
  Model type: SNP
  Alpha significance level for model: 0.05

Loading RAD-Tags...1M...2M...

Loaded 2700809 reads; formed:
  173776 stacks representing 2480737 primary reads (91.9%)
  190938 secondary stacks representing 220072 secondary reads (8.1%)

Stack coverage: mean=14.28; stdev=168.74; max=32526; n_reads=2480737(91.9%)
Removing repetitive stacks: cov > 521 (mean+3*stdev)...
  Blacklisted 7969 stacks.
Coverage after repeat removal: mean=10.63; stdev=18.41; max=520; n_reads=1761914(65.2%)

Assembling stacks (max. dist. M=4)...
  Assembled 165807 stacks into 113311; blacklisted 2522 stacks.
Coverage after assembling stacks: mean=10.29; stdev=11.57; max=493; n_reads=1137408(42.1%)

Merging secondary stacks (max. dist. N=6 from consensus)...
  Merged 95695 out of 220072 secondary reads (43.5%), 31703 merged with gapped alignments.
Coverage after merging secondary stacks: mean=11.15; stdev=12.95; max=539; n_reads=1233103(45.7%)

Assembling stacks, allowing for gaps (min. match length 80.0%)...
  Assembled 113311 stacks into 108502 stacks.
Coverage after gapped assembly: mean=11.66; stdev=13.59; max=549; n_reads=1233103(45.7%)

Merging secondary stacks, allowing for gaps (min. match length 80.0%)...
  Merged 26561 out of 124377 secondary reads (21.4%).
Coverage after merging gapped secondary stacks: mean=11.91; stdev=14.89; max=1028; n_reads=1259664(46.6%)

Final number of stacks built: 108502
Final coverage: mean=11.91; stdev=14.89; max=1028; n_reads=1259664(46.6%)
Calling consensus sequences and haplotypes for catalog assembly...
Writing tags, SNPs, and alleles files to '00_Data/05a_Stacks.denovo.ALL.M4n4/S_23_02035'...done.
ustacks is done.
