

-t gzfastq -f ./00_Data/03a_Demultiplex/S_23_02255.1.fq.gz -o 00_Data/05a_Stacks.denovo.ALL.M4n4/ -i 546 -m 3 --name S_23_02255 -M 4 -p 8


ustacks parameters selected:
  Input file: './00_Data/03a_Demultiplex/S_23_02255.1.fq.gz'
  Sample ID: 546
  Min depth of coverage to create a stack (m): 3
  Repeat removal algorithm: enabled
  Max distance allowed between stacks (M): 4
  Max distance allowed to align secondary reads: 6
  Max number of stacks allowed per de novo locus: 3
  Deleveraging algorithm: disabled
  Gapped assembly: enabled
  Minimum alignment length: 0.8
  Model type: SNP
  Alpha significance level for model: 0.05

Loading RAD-Tags...1M...2M...3M...

Loaded 3881368 reads; formed:
  217924 stacks representing 3546600 primary reads (91.4%)
  296621 secondary stacks representing 334768 secondary reads (8.6%)

Stack coverage: mean=16.27; stdev=200.42; max=43078; n_reads=3546600(91.4%)
Removing repetitive stacks: cov > 618 (mean+3*stdev)...
  Blacklisted 10712 stacks.
Coverage after repeat removal: mean=12.07; stdev=21.04; max=618; n_reads=2501923(64.5%)

Assembling stacks (max. dist. M=4)...
  Assembled 207212 stacks into 141161; blacklisted 3102 stacks.
Coverage after assembling stacks: mean=11.74; stdev=13.44; max=696; n_reads=1617676(41.7%)

Merging secondary stacks (max. dist. N=6 from consensus)...
  Merged 140157 out of 334768 secondary reads (41.9%), 47528 merged with gapped alignments.
Coverage after merging secondary stacks: mean=12.76; stdev=16.01; max=1917; n_reads=1757833(45.3%)

Assembling stacks, allowing for gaps (min. match length 80.0%)...
  Assembled 141161 stacks into 134455 stacks.
Coverage after gapped assembly: mean=13.41; stdev=16.79; max=1917; n_reads=1757833(45.3%)

Merging secondary stacks, allowing for gaps (min. match length 80.0%)...
  Merged 35069 out of 194611 secondary reads (18.0%).
Coverage after merging gapped secondary stacks: mean=13.68; stdev=17.90; max=2258; n_reads=1792902(46.2%)

Final number of stacks built: 134455
Final coverage: mean=13.68; stdev=17.90; max=2258; n_reads=1792902(46.2%)
Calling consensus sequences and haplotypes for catalog assembly...
Writing tags, SNPs, and alleles files to '00_Data/05a_Stacks.denovo.ALL.M4n4/S_23_02255'...done.
ustacks is done.
