

-t gzfastq -f ./00_Data/03a_Demultiplex/S_23_01207.1.fq.gz -o 00_Data/05a_Stacks.denovo.ALL.M1n1/ -i 157 -m 3 --name S_23_01207 -M 1 -p 8


ustacks parameters selected:
  Input file: './00_Data/03a_Demultiplex/S_23_01207.1.fq.gz'
  Sample ID: 157
  Min depth of coverage to create a stack (m): 3
  Repeat removal algorithm: enabled
  Max distance allowed between stacks (M): 1
  Max distance allowed to align secondary reads: 3
  Max number of stacks allowed per de novo locus: 3
  Deleveraging algorithm: disabled
  Gapped assembly: enabled
  Minimum alignment length: 0.8
  Model type: SNP
  Alpha significance level for model: 0.05

Loading RAD-Tags...1M...2M...3M...4M...5M...6M...7M...8M...9M...10M...

Loaded 10955030 reads; formed:
  260927 stacks representing 10261920 primary reads (93.7%)
  635391 secondary stacks representing 693110 secondary reads (6.3%)

Stack coverage: mean=39.33; stdev=519.44; max=115457; n_reads=10261920(93.7%)
Removing repetitive stacks: cov > 1598 (mean+3*stdev)...
  Blacklisted 15705 stacks.
Coverage after repeat removal: mean=29.37; stdev=51.84; max=1595; n_reads=7202493(65.7%)

Assembling stacks (max. dist. M=1)...
  Assembled 245222 stacks into 197352; blacklisted 2885 stacks.
Coverage after assembling stacks: mean=29.49; stdev=30.88; max=1376; n_reads=5726270(52.3%)

Merging secondary stacks (max. dist. N=3 from consensus)...
  Merged 338883 out of 693110 secondary reads (48.9%), 15047 merged with gapped alignments.
Coverage after merging secondary stacks: mean=31.24; stdev=32.01; max=1431; n_reads=6065153(55.4%)

Assembling stacks, allowing for gaps (min. match length 80.0%)...
  Assembled 197352 stacks into 192074 stacks.
Coverage after gapped assembly: mean=32.11; stdev=32.73; max=1431; n_reads=6065153(55.4%)

Merging secondary stacks, allowing for gaps (min. match length 80.0%)...
  Merged 21947 out of 354227 secondary reads (6.2%).
Coverage after merging gapped secondary stacks: mean=32.23; stdev=32.75; max=1431; n_reads=6087100(55.6%)

Final number of stacks built: 192074
Final coverage: mean=32.23; stdev=32.75; max=1431; n_reads=6087100(55.6%)
Calling consensus sequences and haplotypes for catalog assembly...
Writing tags, SNPs, and alleles files to '00_Data/05a_Stacks.denovo.ALL.M1n1/S_23_01207'...done.
ustacks is done.
