

-t gzfastq -f ./00_Data/03a_Demultiplex/S_23_02211.1.fq.gz -o 00_Data/05a_Stacks.denovo.ALL.M1n1/ -i 518 -m 3 --name S_23_02211 -M 1 -p 8


ustacks parameters selected:
  Input file: './00_Data/03a_Demultiplex/S_23_02211.1.fq.gz'
  Sample ID: 518
  Min depth of coverage to create a stack (m): 3
  Repeat removal algorithm: enabled
  Max distance allowed between stacks (M): 1
  Max distance allowed to align secondary reads: 3
  Max number of stacks allowed per de novo locus: 3
  Deleveraging algorithm: disabled
  Gapped assembly: enabled
  Minimum alignment length: 0.8
  Model type: SNP
  Alpha significance level for model: 0.05

Loading RAD-Tags...1M...2M...3M...4M...

Loaded 4168870 reads; formed:
  206497 stacks representing 3834912 primary reads (92.0%)
  295834 secondary stacks representing 333958 secondary reads (8.0%)

Stack coverage: mean=18.57; stdev=208.03; max=40473; n_reads=3834912(92.0%)
Removing repetitive stacks: cov > 643 (mean+3*stdev)...
  Blacklisted 10140 stacks.
Coverage after repeat removal: mean=13.85; stdev=28.99; max=642; n_reads=2719466(65.2%)

Assembling stacks (max. dist. M=1)...
  Assembled 196357 stacks into 160381; blacklisted 2601 stacks.
Coverage after assembling stacks: mean=13.21; stdev=20.83; max=819; n_reads=2080070(49.9%)

Merging secondary stacks (max. dist. N=3 from consensus)...
  Merged 138591 out of 333958 secondary reads (41.5%), 5460 merged with gapped alignments.
Coverage after merging secondary stacks: mean=14.10; stdev=21.77; max=846; n_reads=2218661(53.2%)

Assembling stacks, allowing for gaps (min. match length 80.0%)...
  Assembled 160381 stacks into 157361 stacks.
Coverage after gapped assembly: mean=14.37; stdev=22.10; max=846; n_reads=2218661(53.2%)

Merging secondary stacks, allowing for gaps (min. match length 80.0%)...
  Merged 10759 out of 195367 secondary reads (5.5%).
Coverage after merging gapped secondary stacks: mean=14.44; stdev=22.11; max=846; n_reads=2229420(53.5%)

Final number of stacks built: 157361
Final coverage: mean=14.44; stdev=22.11; max=846; n_reads=2229420(53.5%)
Calling consensus sequences and haplotypes for catalog assembly...
Writing tags, SNPs, and alleles files to '00_Data/05a_Stacks.denovo.ALL.M1n1/S_23_02211'...done.
ustacks is done.
