

-t gzfastq -f ./00_Data/03a_Demultiplex/S_23_01123.1.fq.gz -o 00_Data/05a_Stacks.denovo.ALL.M1n1/ -i 101 -m 3 --name S_23_01123 -M 1 -p 8


ustacks parameters selected:
  Input file: './00_Data/03a_Demultiplex/S_23_01123.1.fq.gz'
  Sample ID: 101
  Min depth of coverage to create a stack (m): 3
  Repeat removal algorithm: enabled
  Max distance allowed between stacks (M): 1
  Max distance allowed to align secondary reads: 3
  Max number of stacks allowed per de novo locus: 3
  Deleveraging algorithm: disabled
  Gapped assembly: enabled
  Minimum alignment length: 0.8
  Model type: SNP
  Alpha significance level for model: 0.05

Loading RAD-Tags...1M...2M...3M...4M...5M...

Loaded 5156739 reads; formed:
  196822 stacks representing 4835522 primary reads (93.8%)
  295126 secondary stacks representing 321217 secondary reads (6.2%)

Stack coverage: mean=24.57; stdev=321.55; max=60129; n_reads=4835522(93.8%)
Removing repetitive stacks: cov > 990 (mean+3*stdev)...
  Blacklisted 10448 stacks.
Coverage after repeat removal: mean=17.99; stdev=32.62; max=990; n_reads=3352354(65.0%)

Assembling stacks (max. dist. M=1)...
  Assembled 186374 stacks into 153104; blacklisted 1912 stacks.
Coverage after assembling stacks: mean=17.76; stdev=19.85; max=1082; n_reads=2681251(52.0%)

Merging secondary stacks (max. dist. N=3 from consensus)...
  Merged 155520 out of 321217 secondary reads (48.4%), 6474 merged with gapped alignments.
Coverage after merging secondary stacks: mean=18.79; stdev=20.62; max=1117; n_reads=2836771(55.0%)

Assembling stacks, allowing for gaps (min. match length 80.0%)...
  Assembled 153104 stacks into 149480 stacks.
Coverage after gapped assembly: mean=19.25; stdev=20.98; max=1117; n_reads=2836771(55.0%)

Merging secondary stacks, allowing for gaps (min. match length 80.0%)...
  Merged 11478 out of 165697 secondary reads (6.9%).
Coverage after merging gapped secondary stacks: mean=19.33; stdev=21.02; max=1117; n_reads=2848249(55.2%)

Final number of stacks built: 149480
Final coverage: mean=19.33; stdev=21.02; max=1117; n_reads=2848249(55.2%)
Calling consensus sequences and haplotypes for catalog assembly...
Writing tags, SNPs, and alleles files to '00_Data/05a_Stacks.denovo.ALL.M1n1/S_23_01123'...done.
ustacks is done.
