

-t gzfastq -f ./00_Data/03a_Demultiplex/S_23_01873.1.fq.gz -o 00_Data/05a_Stacks.denovo.ALL.M4n4/ -i 278 -m 3 --name S_23_01873 -M 4 -p 8


ustacks parameters selected:
  Input file: './00_Data/03a_Demultiplex/S_23_01873.1.fq.gz'
  Sample ID: 278
  Min depth of coverage to create a stack (m): 3
  Repeat removal algorithm: enabled
  Max distance allowed between stacks (M): 4
  Max distance allowed to align secondary reads: 6
  Max number of stacks allowed per de novo locus: 3
  Deleveraging algorithm: disabled
  Gapped assembly: enabled
  Minimum alignment length: 0.8
  Model type: SNP
  Alpha significance level for model: 0.05

Loading RAD-Tags...1M...2M...3M...4M...

Loaded 4656182 reads; formed:
  200056 stacks representing 4327701 primary reads (92.9%)
  302265 secondary stacks representing 328481 secondary reads (7.1%)

Stack coverage: mean=21.63; stdev=268.30; max=49939; n_reads=4327701(92.9%)
Removing repetitive stacks: cov > 827 (mean+3*stdev)...
  Blacklisted 10336 stacks.
Coverage after repeat removal: mean=16.06; stdev=26.91; max=825; n_reads=3046379(65.4%)

Assembling stacks (max. dist. M=4)...
  Assembled 189720 stacks into 126614; blacklisted 2896 stacks.
Coverage after assembling stacks: mean=16.12; stdev=16.36; max=795; n_reads=1990529(42.8%)

Merging secondary stacks (max. dist. N=6 from consensus)...
  Merged 167894 out of 328481 secondary reads (51.1%), 52064 merged with gapped alignments.
Coverage after merging secondary stacks: mean=17.48; stdev=18.38; max=954; n_reads=2158423(46.4%)

Assembling stacks, allowing for gaps (min. match length 80.0%)...
  Assembled 126614 stacks into 120071 stacks.
Coverage after gapped assembly: mean=18.46; stdev=19.27; max=954; n_reads=2158423(46.4%)

Merging secondary stacks, allowing for gaps (min. match length 80.0%)...
  Merged 33261 out of 160587 secondary reads (20.7%).
Coverage after merging gapped secondary stacks: mean=18.75; stdev=20.55; max=956; n_reads=2191684(47.1%)

Final number of stacks built: 120071
Final coverage: mean=18.75; stdev=20.55; max=956; n_reads=2191684(47.1%)
Calling consensus sequences and haplotypes for catalog assembly...
Writing tags, SNPs, and alleles files to '00_Data/05a_Stacks.denovo.ALL.M4n4/S_23_01873'...done.
ustacks is done.
