

-t gzfastq -f ./00_Data/03a_Demultiplex/S_23_02115.1.fq.gz -o 00_Data/05a_Stacks.denovo.ALL.M1n1/ -i 424 -m 3 --name S_23_02115 -M 1 -p 8


ustacks parameters selected:
  Input file: './00_Data/03a_Demultiplex/S_23_02115.1.fq.gz'
  Sample ID: 424
  Min depth of coverage to create a stack (m): 3
  Repeat removal algorithm: enabled
  Max distance allowed between stacks (M): 1
  Max distance allowed to align secondary reads: 3
  Max number of stacks allowed per de novo locus: 3
  Deleveraging algorithm: disabled
  Gapped assembly: enabled
  Minimum alignment length: 0.8
  Model type: SNP
  Alpha significance level for model: 0.05

Loading RAD-Tags...1M...2M...3M...4M...5M...

Loaded 5046038 reads; formed:
  231406 stacks representing 4614102 primary reads (91.4%)
  385919 secondary stacks representing 431936 secondary reads (8.6%)

Stack coverage: mean=19.94; stdev=254.73; max=57762; n_reads=4614102(91.4%)
Removing repetitive stacks: cov > 785 (mean+3*stdev)...
  Blacklisted 10910 stacks.
Coverage after repeat removal: mean=14.83; stdev=25.65; max=782; n_reads=3269236(64.8%)

Assembling stacks (max. dist. M=1)...
  Assembled 220496 stacks into 183022; blacklisted 2189 stacks.
Coverage after assembling stacks: mean=14.69; stdev=16.60; max=835; n_reads=2652185(52.6%)

Merging secondary stacks (max. dist. N=3 from consensus)...
  Merged 159391 out of 431936 secondary reads (36.9%), 7401 merged with gapped alignments.
Coverage after merging secondary stacks: mean=15.57; stdev=17.25; max=854; n_reads=2811576(55.7%)

Assembling stacks, allowing for gaps (min. match length 80.0%)...
  Assembled 183022 stacks into 178730 stacks.
Coverage after gapped assembly: mean=15.95; stdev=17.64; max=949; n_reads=2811576(55.7%)

Merging secondary stacks, allowing for gaps (min. match length 80.0%)...
  Merged 15087 out of 272545 secondary reads (5.5%).
Coverage after merging gapped secondary stacks: mean=16.04; stdev=17.67; max=949; n_reads=2826663(56.0%)

Final number of stacks built: 178730
Final coverage: mean=16.04; stdev=17.67; max=949; n_reads=2826663(56.0%)
Calling consensus sequences and haplotypes for catalog assembly...
Writing tags, SNPs, and alleles files to '00_Data/05a_Stacks.denovo.ALL.M1n1/S_23_02115'...done.
ustacks is done.
