

-t gzfastq -f ./00_Data/03a_Demultiplex/S_23_01048.1.fq.gz -o 00_Data/05a_Stacks.denovo.ALL.M1n1/ -i 40 -m 3 --name S_23_01048 -M 1 -p 8


ustacks parameters selected:
  Input file: './00_Data/03a_Demultiplex/S_23_01048.1.fq.gz'
  Sample ID: 40
  Min depth of coverage to create a stack (m): 3
  Repeat removal algorithm: enabled
  Max distance allowed between stacks (M): 1
  Max distance allowed to align secondary reads: 3
  Max number of stacks allowed per de novo locus: 3
  Deleveraging algorithm: disabled
  Gapped assembly: enabled
  Minimum alignment length: 0.8
  Model type: SNP
  Alpha significance level for model: 0.05

Loading RAD-Tags...1M...2M...3M...4M...

Loaded 4514564 reads; formed:
  219851 stacks representing 4182890 primary reads (92.7%)
  298419 secondary stacks representing 331674 secondary reads (7.3%)

Stack coverage: mean=19.03; stdev=199.37; max=36329; n_reads=4182890(92.7%)
Removing repetitive stacks: cov > 618 (mean+3*stdev)...
  Blacklisted 11348 stacks.
Coverage after repeat removal: mean=14.31; stdev=23.21; max=617; n_reads=2984240(66.1%)

Assembling stacks (max. dist. M=1)...
  Assembled 208503 stacks into 174258; blacklisted 2065 stacks.
Coverage after assembling stacks: mean=14.18; stdev=16.44; max=618; n_reads=2437835(54.0%)

Merging secondary stacks (max. dist. N=3 from consensus)...
  Merged 152984 out of 331674 secondary reads (46.1%), 6384 merged with gapped alignments.
Coverage after merging secondary stacks: mean=15.07; stdev=17.16; max=647; n_reads=2590819(57.4%)

Assembling stacks, allowing for gaps (min. match length 80.0%)...
  Assembled 174258 stacks into 170348 stacks.
Coverage after gapped assembly: mean=15.42; stdev=17.53; max=647; n_reads=2590819(57.4%)

Merging secondary stacks, allowing for gaps (min. match length 80.0%)...
  Merged 11871 out of 178690 secondary reads (6.6%).
Coverage after merging gapped secondary stacks: mean=15.50; stdev=17.56; max=649; n_reads=2602690(57.7%)

Final number of stacks built: 170348
Final coverage: mean=15.50; stdev=17.56; max=649; n_reads=2602690(57.7%)
Calling consensus sequences and haplotypes for catalog assembly...
Writing tags, SNPs, and alleles files to '00_Data/05a_Stacks.denovo.ALL.M1n1/S_23_01048'...done.
ustacks is done.
