

-t gzfastq -f ./00_Data/03a_Demultiplex/S_23_02237.1.fq.gz -o 00_Data/05a_Stacks.denovo.ALL.M4n4/ -i 527 -m 3 --name S_23_02237 -M 4 -p 8


ustacks parameters selected:
  Input file: './00_Data/03a_Demultiplex/S_23_02237.1.fq.gz'
  Sample ID: 527
  Min depth of coverage to create a stack (m): 3
  Repeat removal algorithm: enabled
  Max distance allowed between stacks (M): 4
  Max distance allowed to align secondary reads: 6
  Max number of stacks allowed per de novo locus: 3
  Deleveraging algorithm: disabled
  Gapped assembly: enabled
  Minimum alignment length: 0.8
  Model type: SNP
  Alpha significance level for model: 0.05

Loading RAD-Tags...1M...2M...3M...4M...5M...

Loaded 5136103 reads; formed:
  207400 stacks representing 4759206 primary reads (92.7%)
  338687 secondary stacks representing 376897 secondary reads (7.3%)

Stack coverage: mean=22.95; stdev=318.63; max=66944; n_reads=4759206(92.7%)
Removing repetitive stacks: cov > 979 (mean+3*stdev)...
  Blacklisted 10291 stacks.
Coverage after repeat removal: mean=16.81; stdev=31.52; max=977; n_reads=3314152(64.5%)

Assembling stacks (max. dist. M=4)...
  Assembled 197109 stacks into 131455; blacklisted 3043 stacks.
Coverage after assembling stacks: mean=16.36; stdev=18.69; max=1044; n_reads=2096545(40.8%)

Merging secondary stacks (max. dist. N=6 from consensus)...
  Merged 177677 out of 376897 secondary reads (47.1%), 62514 merged with gapped alignments.
Coverage after merging secondary stacks: mean=17.74; stdev=22.67; max=3158; n_reads=2274222(44.3%)

Assembling stacks, allowing for gaps (min. match length 80.0%)...
  Assembled 131455 stacks into 124848 stacks.
Coverage after gapped assembly: mean=18.71; stdev=23.71; max=3158; n_reads=2274222(44.3%)

Merging secondary stacks, allowing for gaps (min. match length 80.0%)...
  Merged 38383 out of 199220 secondary reads (19.3%).
Coverage after merging gapped secondary stacks: mean=19.02; stdev=24.55; max=3159; n_reads=2312605(45.0%)

Final number of stacks built: 124848
Final coverage: mean=19.02; stdev=24.55; max=3159; n_reads=2312605(45.0%)
Calling consensus sequences and haplotypes for catalog assembly...
Writing tags, SNPs, and alleles files to '00_Data/05a_Stacks.denovo.ALL.M4n4/S_23_02237'...done.
ustacks is done.
