

-t gzfastq -f ./00_Data/03a_Demultiplex/S_23_02251.1.fq.gz -o 00_Data/05a_Stacks.denovo.ALL.M1n1/ -i 542 -m 3 --name S_23_02251 -M 1 -p 8


ustacks parameters selected:
  Input file: './00_Data/03a_Demultiplex/S_23_02251.1.fq.gz'
  Sample ID: 542
  Min depth of coverage to create a stack (m): 3
  Repeat removal algorithm: enabled
  Max distance allowed between stacks (M): 1
  Max distance allowed to align secondary reads: 3
  Max number of stacks allowed per de novo locus: 3
  Deleveraging algorithm: disabled
  Gapped assembly: enabled
  Minimum alignment length: 0.8
  Model type: SNP
  Alpha significance level for model: 0.05

Loading RAD-Tags...1M...2M...3M...4M...

Loaded 4638369 reads; formed:
  218920 stacks representing 4277081 primary reads (92.2%)
  323650 secondary stacks representing 361288 secondary reads (7.8%)

Stack coverage: mean=19.54; stdev=276.79; max=65015; n_reads=4277081(92.2%)
Removing repetitive stacks: cov > 850 (mean+3*stdev)...
  Blacklisted 9828 stacks.
Coverage after repeat removal: mean=14.44; stdev=26.55; max=846; n_reads=3019625(65.1%)

Assembling stacks (max. dist. M=1)...
  Assembled 209092 stacks into 173141; blacklisted 2100 stacks.
Coverage after assembling stacks: mean=14.16; stdev=15.90; max=715; n_reads=2417999(52.1%)

Merging secondary stacks (max. dist. N=3 from consensus)...
  Merged 140850 out of 361288 secondary reads (39.0%), 6004 merged with gapped alignments.
Coverage after merging secondary stacks: mean=14.98; stdev=16.50; max=739; n_reads=2558849(55.2%)

Assembling stacks, allowing for gaps (min. match length 80.0%)...
  Assembled 173141 stacks into 169288 stacks.
Coverage after gapped assembly: mean=15.33; stdev=16.78; max=739; n_reads=2558849(55.2%)

Merging secondary stacks, allowing for gaps (min. match length 80.0%)...
  Merged 12274 out of 220438 secondary reads (5.6%).
Coverage after merging gapped secondary stacks: mean=15.40; stdev=16.80; max=739; n_reads=2571123(55.4%)

Final number of stacks built: 169288
Final coverage: mean=15.40; stdev=16.80; max=739; n_reads=2571123(55.4%)
Calling consensus sequences and haplotypes for catalog assembly...
Writing tags, SNPs, and alleles files to '00_Data/05a_Stacks.denovo.ALL.M1n1/S_23_02251'...done.
ustacks is done.
