

-t gzfastq -f ./00_Data/03a_Demultiplex/S_23_02217.1.fq.gz -o 00_Data/05a_Stacks.denovo.ALL.M1n1/ -i 524 -m 3 --name S_23_02217 -M 1 -p 8


ustacks parameters selected:
  Input file: './00_Data/03a_Demultiplex/S_23_02217.1.fq.gz'
  Sample ID: 524
  Min depth of coverage to create a stack (m): 3
  Repeat removal algorithm: enabled
  Max distance allowed between stacks (M): 1
  Max distance allowed to align secondary reads: 3
  Max number of stacks allowed per de novo locus: 3
  Deleveraging algorithm: disabled
  Gapped assembly: enabled
  Minimum alignment length: 0.8
  Model type: SNP
  Alpha significance level for model: 0.05

Loading RAD-Tags...1M...2M...

Loaded 2152581 reads; formed:
  140633 stacks representing 1919441 primary reads (89.2%)
  197874 secondary stacks representing 233140 secondary reads (10.8%)

Stack coverage: mean=13.65; stdev=167.62; max=32911; n_reads=1919441(89.2%)
Removing repetitive stacks: cov > 517 (mean+3*stdev)...
  Blacklisted 6019 stacks.
Coverage after repeat removal: mean=10.34; stdev=21.31; max=515; n_reads=1391990(64.7%)

Assembling stacks (max. dist. M=1)...
  Assembled 134614 stacks into 113307; blacklisted 1506 stacks.
Coverage after assembling stacks: mean=9.96; stdev=16.67; max=526; n_reads=1112170(51.7%)

Merging secondary stacks (max. dist. N=3 from consensus)...
  Merged 73908 out of 233140 secondary reads (31.7%), 2758 merged with gapped alignments.
Coverage after merging secondary stacks: mean=10.62; stdev=17.43; max=561; n_reads=1186078(55.1%)

Assembling stacks, allowing for gaps (min. match length 80.0%)...
  Assembled 113307 stacks into 111596 stacks.
Coverage after gapped assembly: mean=10.79; stdev=17.67; max=584; n_reads=1186078(55.1%)

Merging secondary stacks, allowing for gaps (min. match length 80.0%)...
  Merged 7554 out of 159232 secondary reads (4.7%).
Coverage after merging gapped secondary stacks: mean=10.86; stdev=17.69; max=584; n_reads=1193632(55.5%)

Final number of stacks built: 111596
Final coverage: mean=10.86; stdev=17.69; max=584; n_reads=1193632(55.5%)
Calling consensus sequences and haplotypes for catalog assembly...
Writing tags, SNPs, and alleles files to '00_Data/05a_Stacks.denovo.ALL.M1n1/S_23_02217'...done.
ustacks is done.
