

-t gzfastq -f ./00_Data/03a_Demultiplex/S_23_01901.1.fq.gz -o 00_Data/05a_Stacks.denovo.ALL.M1n1/ -i 293 -m 3 --name S_23_01901 -M 1 -p 8


ustacks parameters selected:
  Input file: './00_Data/03a_Demultiplex/S_23_01901.1.fq.gz'
  Sample ID: 293
  Min depth of coverage to create a stack (m): 3
  Repeat removal algorithm: enabled
  Max distance allowed between stacks (M): 1
  Max distance allowed to align secondary reads: 3
  Max number of stacks allowed per de novo locus: 3
  Deleveraging algorithm: disabled
  Gapped assembly: enabled
  Minimum alignment length: 0.8
  Model type: SNP
  Alpha significance level for model: 0.05

Loading RAD-Tags...

Loaded 308522 reads; formed:
  22413 stacks representing 194748 primary reads (63.1%)
  91274 secondary stacks representing 113774 secondary reads (36.9%)

Stack coverage: mean=8.69; stdev=40.93; max=3096; n_reads=194748(63.1%)
Removing repetitive stacks: cov > 132 (mean+3*stdev)...
  Blacklisted 1979 stacks.
Coverage after repeat removal: mean=6.18; stdev=10.39; max=132; n_reads=126322(40.9%)

Assembling stacks (max. dist. M=1)...
  Assembled 20434 stacks into 17380; blacklisted 316 stacks.
Coverage after assembling stacks: mean=5.57; stdev=8.77; max=246; n_reads=94382(30.6%)

Merging secondary stacks (max. dist. N=3 from consensus)...
  Merged 17650 out of 113774 secondary reads (15.5%), 420 merged with gapped alignments.
Coverage after merging secondary stacks: mean=6.61; stdev=10.34; max=256; n_reads=112032(36.3%)

Assembling stacks, allowing for gaps (min. match length 80.0%)...
  Assembled 17380 stacks into 17153 stacks.
Coverage after gapped assembly: mean=6.70; stdev=10.56; max=256; n_reads=112032(36.3%)

Merging secondary stacks, allowing for gaps (min. match length 80.0%)...
  Merged 3572 out of 96124 secondary reads (3.7%).
Coverage after merging gapped secondary stacks: mean=6.92; stdev=10.86; max=256; n_reads=115604(37.5%)

Final number of stacks built: 17153
Final coverage: mean=6.92; stdev=10.86; max=256; n_reads=115604(37.5%)
Calling consensus sequences and haplotypes for catalog assembly...
Writing tags, SNPs, and alleles files to '00_Data/05a_Stacks.denovo.ALL.M1n1/S_23_01901'...done.
ustacks is done.
