

-t gzfastq -f ./00_Data/03a_Demultiplex/S_23_02045.1.fq.gz -o 00_Data/05a_Stacks.denovo.ALL.M1n1/ -i 365 -m 3 --name S_23_02045 -M 1 -p 8


ustacks parameters selected:
  Input file: './00_Data/03a_Demultiplex/S_23_02045.1.fq.gz'
  Sample ID: 365
  Min depth of coverage to create a stack (m): 3
  Repeat removal algorithm: enabled
  Max distance allowed between stacks (M): 1
  Max distance allowed to align secondary reads: 3
  Max number of stacks allowed per de novo locus: 3
  Deleveraging algorithm: disabled
  Gapped assembly: enabled
  Minimum alignment length: 0.8
  Model type: SNP
  Alpha significance level for model: 0.05

Loading RAD-Tags...

Loaded 400435 reads; formed:
  36353 stacks representing 257166 primary reads (64.2%)
  113963 secondary stacks representing 143269 secondary reads (35.8%)

Stack coverage: mean=7.07; stdev=38.51; max=3178; n_reads=257166(64.2%)
Removing repetitive stacks: cov > 123 (mean+3*stdev)...
  Blacklisted 2001 stacks.
Coverage after repeat removal: mean=5.40; stdev=7.26; max=122; n_reads=185334(46.3%)

Assembling stacks (max. dist. M=1)...
  Assembled 34352 stacks into 30512; blacklisted 369 stacks.
Coverage after assembling stacks: mean=5.18; stdev=6.16; max=193; n_reads=155416(38.8%)

Merging secondary stacks (max. dist. N=3 from consensus)...
  Merged 22025 out of 143269 secondary reads (15.4%), 610 merged with gapped alignments.
Coverage after merging secondary stacks: mean=5.91; stdev=7.12; max=201; n_reads=177441(44.3%)

Assembling stacks, allowing for gaps (min. match length 80.0%)...
  Assembled 30512 stacks into 30220 stacks.
Coverage after gapped assembly: mean=5.97; stdev=7.29; max=204; n_reads=177441(44.3%)

Merging secondary stacks, allowing for gaps (min. match length 80.0%)...
  Merged 3614 out of 121244 secondary reads (3.0%).
Coverage after merging gapped secondary stacks: mean=6.09; stdev=7.49; max=226; n_reads=181055(45.2%)

Final number of stacks built: 30220
Final coverage: mean=6.09; stdev=7.49; max=226; n_reads=181055(45.2%)
Calling consensus sequences and haplotypes for catalog assembly...
Writing tags, SNPs, and alleles files to '00_Data/05a_Stacks.denovo.ALL.M1n1/S_23_02045'...done.
ustacks is done.
