

-t gzfastq -f ./00_Data/03a_Demultiplex/S_23_01800.1.fq.gz -o 00_Data/05a_Stacks.denovo.ALL.M4n4/ -i 223 -m 3 --name S_23_01800 -M 4 -p 8


ustacks parameters selected:
  Input file: './00_Data/03a_Demultiplex/S_23_01800.1.fq.gz'
  Sample ID: 223
  Min depth of coverage to create a stack (m): 3
  Repeat removal algorithm: enabled
  Max distance allowed between stacks (M): 4
  Max distance allowed to align secondary reads: 6
  Max number of stacks allowed per de novo locus: 3
  Deleveraging algorithm: disabled
  Gapped assembly: enabled
  Minimum alignment length: 0.8
  Model type: SNP
  Alpha significance level for model: 0.05

Loading RAD-Tags...1M...2M...

Loaded 2177699 reads; formed:
  170812 stacks representing 1935585 primary reads (88.9%)
  203389 secondary stacks representing 242114 secondary reads (11.1%)

Stack coverage: mean=11.33; stdev=128.64; max=24587; n_reads=1935585(88.9%)
Removing repetitive stacks: cov > 398 (mean+3*stdev)...
  Blacklisted 7676 stacks.
Coverage after repeat removal: mean=8.45; stdev=14.27; max=398; n_reads=1378412(63.3%)

Assembling stacks (max. dist. M=4)...
  Assembled 163136 stacks into 114788; blacklisted 2406 stacks.
Coverage after assembling stacks: mean=8.05; stdev=9.14; max=404; n_reads=903163(41.5%)

Merging secondary stacks (max. dist. N=6 from consensus)...
  Merged 85833 out of 242114 secondary reads (35.5%), 30097 merged with gapped alignments.
Coverage after merging secondary stacks: mean=8.82; stdev=11.24; max=1409; n_reads=988996(45.4%)

Assembling stacks, allowing for gaps (min. match length 80.0%)...
  Assembled 114788 stacks into 110488 stacks.
Coverage after gapped assembly: mean=9.17; stdev=11.71; max=1409; n_reads=988996(45.4%)

Merging secondary stacks, allowing for gaps (min. match length 80.0%)...
  Merged 27910 out of 156281 secondary reads (17.9%).
Coverage after merging gapped secondary stacks: mean=9.43; stdev=12.70; max=1469; n_reads=1016906(46.7%)

Final number of stacks built: 110488
Final coverage: mean=9.43; stdev=12.70; max=1469; n_reads=1016906(46.7%)
Calling consensus sequences and haplotypes for catalog assembly...
Writing tags, SNPs, and alleles files to '00_Data/05a_Stacks.denovo.ALL.M4n4/S_23_01800'...done.
ustacks is done.
