

-t gzfastq -f ./00_Data/03a_Demultiplex/S_23_01851.1.fq.gz -o 00_Data/05a_Stacks.denovo.ALL.M1n1/ -i 258 -m 3 --name S_23_01851 -M 1 -p 8


ustacks parameters selected:
  Input file: './00_Data/03a_Demultiplex/S_23_01851.1.fq.gz'
  Sample ID: 258
  Min depth of coverage to create a stack (m): 3
  Repeat removal algorithm: enabled
  Max distance allowed between stacks (M): 1
  Max distance allowed to align secondary reads: 3
  Max number of stacks allowed per de novo locus: 3
  Deleveraging algorithm: disabled
  Gapped assembly: enabled
  Minimum alignment length: 0.8
  Model type: SNP
  Alpha significance level for model: 0.05

Loading RAD-Tags...1M...2M...3M...

Loaded 3042389 reads; formed:
  190499 stacks representing 2731574 primary reads (89.8%)
  272853 secondary stacks representing 310815 secondary reads (10.2%)

Stack coverage: mean=14.34; stdev=182.84; max=40437; n_reads=2731574(89.8%)
Removing repetitive stacks: cov > 563 (mean+3*stdev)...
  Blacklisted 8345 stacks.
Coverage after repeat removal: mean=10.69; stdev=18.80; max=563; n_reads=1946370(64.0%)

Assembling stacks (max. dist. M=1)...
  Assembled 182154 stacks into 153778; blacklisted 1715 stacks.
Coverage after assembling stacks: mean=10.36; stdev=11.39; max=532; n_reads=1573037(51.7%)

Merging secondary stacks (max. dist. N=3 from consensus)...
  Merged 108661 out of 310815 secondary reads (35.0%), 4574 merged with gapped alignments.
Coverage after merging secondary stacks: mean=11.08; stdev=11.94; max=554; n_reads=1681698(55.3%)

Assembling stacks, allowing for gaps (min. match length 80.0%)...
  Assembled 153778 stacks into 150916 stacks.
Coverage after gapped assembly: mean=11.29; stdev=12.20; max=554; n_reads=1681698(55.3%)

Merging secondary stacks, allowing for gaps (min. match length 80.0%)...
  Merged 10904 out of 202154 secondary reads (5.4%).
Coverage after merging gapped secondary stacks: mean=11.36; stdev=12.24; max=554; n_reads=1692602(55.6%)

Final number of stacks built: 150916
Final coverage: mean=11.36; stdev=12.24; max=554; n_reads=1692602(55.6%)
Calling consensus sequences and haplotypes for catalog assembly...
Writing tags, SNPs, and alleles files to '00_Data/05a_Stacks.denovo.ALL.M1n1/S_23_01851'...done.
ustacks is done.
