

-t gzfastq -f ./00_Data/03a_Demultiplex/S_23_02247.1.fq.gz -o 00_Data/05a_Stacks.denovo.ALL.M1n1/ -i 538 -m 3 --name S_23_02247 -M 1 -p 8


ustacks parameters selected:
  Input file: './00_Data/03a_Demultiplex/S_23_02247.1.fq.gz'
  Sample ID: 538
  Min depth of coverage to create a stack (m): 3
  Repeat removal algorithm: enabled
  Max distance allowed between stacks (M): 1
  Max distance allowed to align secondary reads: 3
  Max number of stacks allowed per de novo locus: 3
  Deleveraging algorithm: disabled
  Gapped assembly: enabled
  Minimum alignment length: 0.8
  Model type: SNP
  Alpha significance level for model: 0.05

Loading RAD-Tags...1M...2M...3M...

Loaded 3019545 reads; formed:
  179498 stacks representing 2779841 primary reads (92.1%)
  212175 secondary stacks representing 239704 secondary reads (7.9%)

Stack coverage: mean=15.49; stdev=190.92; max=37697; n_reads=2779841(92.1%)
Removing repetitive stacks: cov > 589 (mean+3*stdev)...
  Blacklisted 8362 stacks.
Coverage after repeat removal: mean=11.44; stdev=19.91; max=584; n_reads=1957929(64.8%)

Assembling stacks (max. dist. M=1)...
  Assembled 171136 stacks into 143327; blacklisted 1623 stacks.
Coverage after assembling stacks: mean=11.19; stdev=11.94; max=564; n_reads=1583216(52.4%)

Merging secondary stacks (max. dist. N=3 from consensus)...
  Merged 92773 out of 239704 secondary reads (38.7%), 3794 merged with gapped alignments.
Coverage after merging secondary stacks: mean=11.85; stdev=12.41; max=587; n_reads=1675989(55.5%)

Assembling stacks, allowing for gaps (min. match length 80.0%)...
  Assembled 143327 stacks into 140518 stacks.
Coverage after gapped assembly: mean=12.09; stdev=12.67; max=587; n_reads=1675989(55.5%)

Merging secondary stacks, allowing for gaps (min. match length 80.0%)...
  Merged 9307 out of 146931 secondary reads (6.3%).
Coverage after merging gapped secondary stacks: mean=12.15; stdev=12.71; max=587; n_reads=1685296(55.8%)

Final number of stacks built: 140518
Final coverage: mean=12.15; stdev=12.71; max=587; n_reads=1685296(55.8%)
Calling consensus sequences and haplotypes for catalog assembly...
Writing tags, SNPs, and alleles files to '00_Data/05a_Stacks.denovo.ALL.M1n1/S_23_02247'...done.
ustacks is done.
