

-t gzfastq -f ./00_Data/03a_Demultiplex/S_23_02140.1.fq.gz -o 00_Data/05a_Stacks.denovo.ALL.M1n1/ -i 449 -m 3 --name S_23_02140 -M 1 -p 8


ustacks parameters selected:
  Input file: './00_Data/03a_Demultiplex/S_23_02140.1.fq.gz'
  Sample ID: 449
  Min depth of coverage to create a stack (m): 3
  Repeat removal algorithm: enabled
  Max distance allowed between stacks (M): 1
  Max distance allowed to align secondary reads: 3
  Max number of stacks allowed per de novo locus: 3
  Deleveraging algorithm: disabled
  Gapped assembly: enabled
  Minimum alignment length: 0.8
  Model type: SNP
  Alpha significance level for model: 0.05

Loading RAD-Tags...1M...2M...3M...4M...5M...6M...7M...8M...

Loaded 8530472 reads; formed:
  238809 stacks representing 8008071 primary reads (93.9%)
  475490 secondary stacks representing 522401 secondary reads (6.1%)

Stack coverage: mean=33.53; stdev=442.02; max=99644; n_reads=8008071(93.9%)
Removing repetitive stacks: cov > 1360 (mean+3*stdev)...
  Blacklisted 12585 stacks.
Coverage after repeat removal: mean=24.76; stdev=45.24; max=1352; n_reads=5601887(65.7%)

Assembling stacks (max. dist. M=1)...
  Assembled 226224 stacks into 183907; blacklisted 2452 stacks.
Coverage after assembling stacks: mean=24.67; stdev=28.75; max=1349; n_reads=4469231(52.4%)

Merging secondary stacks (max. dist. N=3 from consensus)...
  Merged 234874 out of 522401 secondary reads (45.0%), 9977 merged with gapped alignments.
Coverage after merging secondary stacks: mean=25.97; stdev=29.66; max=1372; n_reads=4704105(55.1%)

Assembling stacks, allowing for gaps (min. match length 80.0%)...
  Assembled 183907 stacks into 179133 stacks.
Coverage after gapped assembly: mean=26.67; stdev=30.38; max=1705; n_reads=4704105(55.1%)

Merging secondary stacks, allowing for gaps (min. match length 80.0%)...
  Merged 17871 out of 287527 secondary reads (6.2%).
Coverage after merging gapped secondary stacks: mean=26.77; stdev=30.41; max=1705; n_reads=4721976(55.4%)

Final number of stacks built: 179133
Final coverage: mean=26.77; stdev=30.41; max=1705; n_reads=4721976(55.4%)
Calling consensus sequences and haplotypes for catalog assembly...
Writing tags, SNPs, and alleles files to '00_Data/05a_Stacks.denovo.ALL.M1n1/S_23_02140'...done.
ustacks is done.
