

-t gzfastq -f ./00_Data/03a_Demultiplex/S_23_01065.1.fq.gz -o 00_Data/05a_Stacks.denovo.ALL.M1n1/ -i 57 -m 3 --name S_23_01065 -M 1 -p 8


ustacks parameters selected:
  Input file: './00_Data/03a_Demultiplex/S_23_01065.1.fq.gz'
  Sample ID: 57
  Min depth of coverage to create a stack (m): 3
  Repeat removal algorithm: enabled
  Max distance allowed between stacks (M): 1
  Max distance allowed to align secondary reads: 3
  Max number of stacks allowed per de novo locus: 3
  Deleveraging algorithm: disabled
  Gapped assembly: enabled
  Minimum alignment length: 0.8
  Model type: SNP
  Alpha significance level for model: 0.05

Loading RAD-Tags...1M...2M...3M...4M...

Loaded 4735074 reads; formed:
  196867 stacks representing 4433169 primary reads (93.6%)
  279098 secondary stacks representing 301905 secondary reads (6.4%)

Stack coverage: mean=22.52; stdev=279.33; max=50076; n_reads=4433169(93.6%)
Removing repetitive stacks: cov > 861 (mean+3*stdev)...
  Blacklisted 10348 stacks.
Coverage after repeat removal: mean=16.66; stdev=29.25; max=855; n_reads=3107518(65.6%)

Assembling stacks (max. dist. M=1)...
  Assembled 186519 stacks into 153755; blacklisted 1875 stacks.
Coverage after assembling stacks: mean=16.52; stdev=18.27; max=771; n_reads=2505156(52.9%)

Merging secondary stacks (max. dist. N=3 from consensus)...
  Merged 149999 out of 301905 secondary reads (49.7%), 6028 merged with gapped alignments.
Coverage after merging secondary stacks: mean=17.51; stdev=19.01; max=801; n_reads=2655155(56.1%)

Assembling stacks, allowing for gaps (min. match length 80.0%)...
  Assembled 153755 stacks into 150124 stacks.
Coverage after gapped assembly: mean=17.94; stdev=19.41; max=801; n_reads=2655155(56.1%)

Merging secondary stacks, allowing for gaps (min. match length 80.0%)...
  Merged 9929 out of 151906 secondary reads (6.5%).
Coverage after merging gapped secondary stacks: mean=18.01; stdev=19.43; max=801; n_reads=2665084(56.3%)

Final number of stacks built: 150124
Final coverage: mean=18.01; stdev=19.43; max=801; n_reads=2665084(56.3%)
Calling consensus sequences and haplotypes for catalog assembly...
Writing tags, SNPs, and alleles files to '00_Data/05a_Stacks.denovo.ALL.M1n1/S_23_01065'...done.
ustacks is done.
