

-t gzfastq -f ./00_Data/03a_Demultiplex/S_23_02044.1.fq.gz -o 00_Data/05a_Stacks.denovo.ALL.M4n4/ -i 364 -m 3 --name S_23_02044 -M 4 -p 8


ustacks parameters selected:
  Input file: './00_Data/03a_Demultiplex/S_23_02044.1.fq.gz'
  Sample ID: 364
  Min depth of coverage to create a stack (m): 3
  Repeat removal algorithm: enabled
  Max distance allowed between stacks (M): 4
  Max distance allowed to align secondary reads: 6
  Max number of stacks allowed per de novo locus: 3
  Deleveraging algorithm: disabled
  Gapped assembly: enabled
  Minimum alignment length: 0.8
  Model type: SNP
  Alpha significance level for model: 0.05

Loading RAD-Tags...

Loaded 371482 reads; formed:
  34653 stacks representing 243075 primary reads (65.4%)
  101366 secondary stacks representing 128407 secondary reads (34.6%)

Stack coverage: mean=7.01; stdev=38.29; max=2579; n_reads=243075(65.4%)
Removing repetitive stacks: cov > 122 (mean+3*stdev)...
  Blacklisted 1830 stacks.
Coverage after repeat removal: mean=5.42; stdev=7.17; max=120; n_reads=177960(47.9%)

Assembling stacks (max. dist. M=4)...
  Assembled 32823 stacks into 24374; blacklisted 565 stacks.
Coverage after assembling stacks: mean=5.29; stdev=6.25; max=147; n_reads=125468(33.8%)

Merging secondary stacks (max. dist. N=6 from consensus)...
  Merged 26156 out of 128407 secondary reads (20.4%), 10760 merged with gapped alignments.
Coverage after merging secondary stacks: mean=6.40; stdev=10.84; max=564; n_reads=151624(40.8%)

Assembling stacks, allowing for gaps (min. match length 80.0%)...
  Assembled 24374 stacks into 23638 stacks.
Coverage after gapped assembly: mean=6.60; stdev=11.32; max=564; n_reads=151624(40.8%)

Merging secondary stacks, allowing for gaps (min. match length 80.0%)...
  Merged 11112 out of 102251 secondary reads (10.9%).
Coverage after merging gapped secondary stacks: mean=7.09; stdev=13.68; max=632; n_reads=162736(43.8%)

Final number of stacks built: 23638
Final coverage: mean=7.09; stdev=13.68; max=632; n_reads=162736(43.8%)
Calling consensus sequences and haplotypes for catalog assembly...
Writing tags, SNPs, and alleles files to '00_Data/05a_Stacks.denovo.ALL.M4n4/S_23_02044'...done.
ustacks is done.
