

-t gzfastq -f ./00_Data/03a_Demultiplex/S_23_01910.1.fq.gz -o 00_Data/05a_Stacks.denovo.ALL.M1n1/ -i 301 -m 3 --name S_23_01910 -M 1 -p 8


ustacks parameters selected:
  Input file: './00_Data/03a_Demultiplex/S_23_01910.1.fq.gz'
  Sample ID: 301
  Min depth of coverage to create a stack (m): 3
  Repeat removal algorithm: enabled
  Max distance allowed between stacks (M): 1
  Max distance allowed to align secondary reads: 3
  Max number of stacks allowed per de novo locus: 3
  Deleveraging algorithm: disabled
  Gapped assembly: enabled
  Minimum alignment length: 0.8
  Model type: SNP
  Alpha significance level for model: 0.05

Loading RAD-Tags...1M...2M...3M...4M...5M...6M...

Loaded 6385775 reads; formed:
  235624 stacks representing 5947167 primary reads (93.1%)
  389478 secondary stacks representing 438608 secondary reads (6.9%)

Stack coverage: mean=25.24; stdev=327.73; max=79663; n_reads=5947167(93.1%)
Removing repetitive stacks: cov > 1009 (mean+3*stdev)...
  Blacklisted 20420 stacks.
Coverage after repeat removal: mean=15.49; stdev=34.75; max=1008; n_reads=3333181(52.2%)

Assembling stacks (max. dist. M=1)...
  Assembled 215204 stacks into 177258; blacklisted 2416 stacks.
Coverage after assembling stacks: mean=14.06; stdev=16.57; max=1009; n_reads=2453436(38.4%)

Merging secondary stacks (max. dist. N=3 from consensus)...
  Merged 154053 out of 438608 secondary reads (35.1%), 6499 merged with gapped alignments.
Coverage after merging secondary stacks: mean=14.95; stdev=17.24; max=1053; n_reads=2607489(40.8%)

Assembling stacks, allowing for gaps (min. match length 80.0%)...
  Assembled 177258 stacks into 173840 stacks.
Coverage after gapped assembly: mean=15.25; stdev=17.58; max=1058; n_reads=2607489(40.8%)

Merging secondary stacks, allowing for gaps (min. match length 80.0%)...
  Merged 18888 out of 284555 secondary reads (6.6%).
Coverage after merging gapped secondary stacks: mean=15.36; stdev=17.67; max=1060; n_reads=2626377(41.1%)

Final number of stacks built: 173840
Final coverage: mean=15.36; stdev=17.67; max=1060; n_reads=2626377(41.1%)
Calling consensus sequences and haplotypes for catalog assembly...
Writing tags, SNPs, and alleles files to '00_Data/05a_Stacks.denovo.ALL.M1n1/S_23_01910'...done.
ustacks is done.
