

-t gzfastq -f ./00_Data/03a_Demultiplex/S_23_02110.1.fq.gz -o 00_Data/05a_Stacks.denovo.ALL.M1n1/ -i 419 -m 3 --name S_23_02110 -M 1 -p 8


ustacks parameters selected:
  Input file: './00_Data/03a_Demultiplex/S_23_02110.1.fq.gz'
  Sample ID: 419
  Min depth of coverage to create a stack (m): 3
  Repeat removal algorithm: enabled
  Max distance allowed between stacks (M): 1
  Max distance allowed to align secondary reads: 3
  Max number of stacks allowed per de novo locus: 3
  Deleveraging algorithm: disabled
  Gapped assembly: enabled
  Minimum alignment length: 0.8
  Model type: SNP
  Alpha significance level for model: 0.05

Loading RAD-Tags...1M...2M...3M...

Loaded 3261846 reads; formed:
  187787 stacks representing 2970736 primary reads (91.1%)
  259233 secondary stacks representing 291110 secondary reads (8.9%)

Stack coverage: mean=15.82; stdev=184.05; max=30500; n_reads=2970736(91.1%)
Removing repetitive stacks: cov > 568 (mean+3*stdev)...
  Blacklisted 9746 stacks.
Coverage after repeat removal: mean=11.61; stdev=19.73; max=560; n_reads=2066390(63.4%)

Assembling stacks (max. dist. M=1)...
  Assembled 178041 stacks into 149525; blacklisted 1757 stacks.
Coverage after assembling stacks: mean=11.36; stdev=12.92; max=486; n_reads=1675167(51.4%)

Merging secondary stacks (max. dist. N=3 from consensus)...
  Merged 117630 out of 291110 secondary reads (40.4%), 4926 merged with gapped alignments.
Coverage after merging secondary stacks: mean=12.15; stdev=13.55; max=498; n_reads=1792797(55.0%)

Assembling stacks, allowing for gaps (min. match length 80.0%)...
  Assembled 149525 stacks into 146502 stacks.
Coverage after gapped assembly: mean=12.41; stdev=13.85; max=620; n_reads=1792797(55.0%)

Merging secondary stacks, allowing for gaps (min. match length 80.0%)...
  Merged 10164 out of 173480 secondary reads (5.9%).
Coverage after merging gapped secondary stacks: mean=12.48; stdev=13.88; max=620; n_reads=1802961(55.3%)

Final number of stacks built: 146502
Final coverage: mean=12.48; stdev=13.88; max=620; n_reads=1802961(55.3%)
Calling consensus sequences and haplotypes for catalog assembly...
Writing tags, SNPs, and alleles files to '00_Data/05a_Stacks.denovo.ALL.M1n1/S_23_02110'...done.
ustacks is done.
