

-t gzfastq -f ./00_Data/03a_Demultiplex/S_23_01218.1.fq.gz -o 00_Data/05a_Stacks.denovo.ALL.M1n1/ -i 168 -m 3 --name S_23_01218 -M 1 -p 8


ustacks parameters selected:
  Input file: './00_Data/03a_Demultiplex/S_23_01218.1.fq.gz'
  Sample ID: 168
  Min depth of coverage to create a stack (m): 3
  Repeat removal algorithm: enabled
  Max distance allowed between stacks (M): 1
  Max distance allowed to align secondary reads: 3
  Max number of stacks allowed per de novo locus: 3
  Deleveraging algorithm: disabled
  Gapped assembly: enabled
  Minimum alignment length: 0.8
  Model type: SNP
  Alpha significance level for model: 0.05

Loading RAD-Tags...1M...2M...3M...4M...5M...6M...7M...8M...9M...

Loaded 9536259 reads; formed:
  225858 stacks representing 9002985 primary reads (94.4%)
  492699 secondary stacks representing 533274 secondary reads (5.6%)

Stack coverage: mean=39.86; stdev=515.94; max=100383; n_reads=9002985(94.4%)
Removing repetitive stacks: cov > 1588 (mean+3*stdev)...
  Blacklisted 13079 stacks.
Coverage after repeat removal: mean=29.74; stdev=50.86; max=1588; n_reads=6328390(66.4%)

Assembling stacks (max. dist. M=1)...
  Assembled 212779 stacks into 171148; blacklisted 2485 stacks.
Coverage after assembling stacks: mean=30.24; stdev=30.03; max=1280; n_reads=5092608(53.4%)

Merging secondary stacks (max. dist. N=3 from consensus)...
  Merged 269965 out of 533274 secondary reads (50.6%), 11523 merged with gapped alignments.
Coverage after merging secondary stacks: mean=31.85; stdev=31.02; max=1331; n_reads=5362573(56.2%)

Assembling stacks, allowing for gaps (min. match length 80.0%)...
  Assembled 171148 stacks into 166523 stacks.
Coverage after gapped assembly: mean=32.75; stdev=31.66; max=1331; n_reads=5362573(56.2%)

Merging secondary stacks, allowing for gaps (min. match length 80.0%)...
  Merged 16676 out of 263309 secondary reads (6.3%).
Coverage after merging gapped secondary stacks: mean=32.85; stdev=31.68; max=1331; n_reads=5379249(56.4%)

Final number of stacks built: 166523
Final coverage: mean=32.85; stdev=31.68; max=1331; n_reads=5379249(56.4%)
Calling consensus sequences and haplotypes for catalog assembly...
Writing tags, SNPs, and alleles files to '00_Data/05a_Stacks.denovo.ALL.M1n1/S_23_01218'...done.
ustacks is done.
