

-t gzfastq -f ./00_Data/03a_Demultiplex/S_23_01057.1.fq.gz -o 00_Data/05a_Stacks.denovo.ALL.M4n4/ -i 49 -m 3 --name S_23_01057 -M 4 -p 8


ustacks parameters selected:
  Input file: './00_Data/03a_Demultiplex/S_23_01057.1.fq.gz'
  Sample ID: 49
  Min depth of coverage to create a stack (m): 3
  Repeat removal algorithm: enabled
  Max distance allowed between stacks (M): 4
  Max distance allowed to align secondary reads: 6
  Max number of stacks allowed per de novo locus: 3
  Deleveraging algorithm: disabled
  Gapped assembly: enabled
  Minimum alignment length: 0.8
  Model type: SNP
  Alpha significance level for model: 0.05

Loading RAD-Tags...

Loaded 654832 reads; formed:
  61624 stacks representing 476952 primary reads (72.8%)
  141328 secondary stacks representing 177880 secondary reads (27.2%)

Stack coverage: mean=7.74; stdev=51.58; max=5420; n_reads=476952(72.8%)
Removing repetitive stacks: cov > 163 (mean+3*stdev)...
  Blacklisted 3357 stacks.
Coverage after repeat removal: mean=5.81; stdev=8.32; max=163; n_reads=338278(51.7%)

Assembling stacks (max. dist. M=4)...
  Assembled 58267 stacks into 42250; blacklisted 981 stacks.
Coverage after assembling stacks: mean=5.58; stdev=6.62; max=200; n_reads=229412(35.0%)

Merging secondary stacks (max. dist. N=6 from consensus)...
  Merged 41673 out of 177880 secondary reads (23.4%), 15763 merged with gapped alignments.
Coverage after merging secondary stacks: mean=6.60; stdev=9.41; max=580; n_reads=271085(41.4%)

Assembling stacks, allowing for gaps (min. match length 80.0%)...
  Assembled 42250 stacks into 40974 stacks.
Coverage after gapped assembly: mean=6.81; stdev=9.87; max=580; n_reads=271085(41.4%)

Merging secondary stacks, allowing for gaps (min. match length 80.0%)...
  Merged 20012 out of 136207 secondary reads (14.7%).
Coverage after merging gapped secondary stacks: mean=7.31; stdev=13.65; max=937; n_reads=291097(44.5%)

Final number of stacks built: 40974
Final coverage: mean=7.31; stdev=13.65; max=937; n_reads=291097(44.5%)
Calling consensus sequences and haplotypes for catalog assembly...
Writing tags, SNPs, and alleles files to '00_Data/05a_Stacks.denovo.ALL.M4n4/S_23_01057'...done.
ustacks is done.
