

-t gzfastq -f ./00_Data/03a_Demultiplex/S_23_01890.1.fq.gz -o 00_Data/05a_Stacks.denovo.ALL.M1n1/ -i 284 -m 3 --name S_23_01890 -M 1 -p 8


ustacks parameters selected:
  Input file: './00_Data/03a_Demultiplex/S_23_01890.1.fq.gz'
  Sample ID: 284
  Min depth of coverage to create a stack (m): 3
  Repeat removal algorithm: enabled
  Max distance allowed between stacks (M): 1
  Max distance allowed to align secondary reads: 3
  Max number of stacks allowed per de novo locus: 3
  Deleveraging algorithm: disabled
  Gapped assembly: enabled
  Minimum alignment length: 0.8
  Model type: SNP
  Alpha significance level for model: 0.05

Loading RAD-Tags...1M...2M...

Loaded 2769120 reads; formed:
  171495 stacks representing 2515581 primary reads (90.8%)
  224909 secondary stacks representing 253539 secondary reads (9.2%)

Stack coverage: mean=14.67; stdev=186.36; max=37113; n_reads=2515581(90.8%)
Removing repetitive stacks: cov > 574 (mean+3*stdev)...
  Blacklisted 8150 stacks.
Coverage after repeat removal: mean=10.83; stdev=19.00; max=573; n_reads=1768547(63.9%)

Assembling stacks (max. dist. M=1)...
  Assembled 163345 stacks into 137385; blacklisted 1545 stacks.
Coverage after assembling stacks: mean=10.54; stdev=11.95; max=659; n_reads=1429013(51.6%)

Merging secondary stacks (max. dist. N=3 from consensus)...
  Merged 101807 out of 253539 secondary reads (40.2%), 4167 merged with gapped alignments.
Coverage after merging secondary stacks: mean=11.29; stdev=12.53; max=674; n_reads=1530820(55.3%)

Assembling stacks, allowing for gaps (min. match length 80.0%)...
  Assembled 137385 stacks into 134889 stacks.
Coverage after gapped assembly: mean=11.50; stdev=12.77; max=674; n_reads=1530820(55.3%)

Merging secondary stacks, allowing for gaps (min. match length 80.0%)...
  Merged 8860 out of 151732 secondary reads (5.8%).
Coverage after merging gapped secondary stacks: mean=11.56; stdev=12.83; max=674; n_reads=1539680(55.6%)

Final number of stacks built: 134889
Final coverage: mean=11.56; stdev=12.83; max=674; n_reads=1539680(55.6%)
Calling consensus sequences and haplotypes for catalog assembly...
Writing tags, SNPs, and alleles files to '00_Data/05a_Stacks.denovo.ALL.M1n1/S_23_01890'...done.
ustacks is done.
