

-t gzfastq -f ./00_Data/03a_Demultiplex/S_23_02201.1.fq.gz -o 00_Data/05a_Stacks.denovo.ALL.M1n1/ -i 509 -m 3 --name S_23_02201 -M 1 -p 8


ustacks parameters selected:
  Input file: './00_Data/03a_Demultiplex/S_23_02201.1.fq.gz'
  Sample ID: 509
  Min depth of coverage to create a stack (m): 3
  Repeat removal algorithm: enabled
  Max distance allowed between stacks (M): 1
  Max distance allowed to align secondary reads: 3
  Max number of stacks allowed per de novo locus: 3
  Deleveraging algorithm: disabled
  Gapped assembly: enabled
  Minimum alignment length: 0.8
  Model type: SNP
  Alpha significance level for model: 0.05

Loading RAD-Tags...1M...

Loaded 1962629 reads; formed:
  152580 stacks representing 1716722 primary reads (87.5%)
  203594 secondary stacks representing 245907 secondary reads (12.5%)

Stack coverage: mean=11.25; stdev=129.85; max=26615; n_reads=1716722(87.5%)
Removing repetitive stacks: cov > 401 (mean+3*stdev)...
  Blacklisted 6467 stacks.
Coverage after repeat removal: mean=8.58; stdev=16.53; max=400; n_reads=1253157(63.9%)

Assembling stacks (max. dist. M=1)...
  Assembled 146113 stacks into 125023; blacklisted 1484 stacks.
Coverage after assembling stacks: mean=8.27; stdev=13.47; max=401; n_reads=1020084(52.0%)

Merging secondary stacks (max. dist. N=3 from consensus)...
  Merged 73507 out of 245907 secondary reads (29.9%), 2867 merged with gapped alignments.
Coverage after merging secondary stacks: mean=8.87; stdev=14.14; max=412; n_reads=1093591(55.7%)

Assembling stacks, allowing for gaps (min. match length 80.0%)...
  Assembled 125023 stacks into 123346 stacks.
Coverage after gapped assembly: mean=8.99; stdev=14.30; max=412; n_reads=1093591(55.7%)

Merging secondary stacks, allowing for gaps (min. match length 80.0%)...
  Merged 8563 out of 172400 secondary reads (5.0%).
Coverage after merging gapped secondary stacks: mean=9.06; stdev=14.33; max=412; n_reads=1102154(56.2%)

Final number of stacks built: 123346
Final coverage: mean=9.06; stdev=14.33; max=412; n_reads=1102154(56.2%)
Calling consensus sequences and haplotypes for catalog assembly...
Writing tags, SNPs, and alleles files to '00_Data/05a_Stacks.denovo.ALL.M1n1/S_23_02201'...done.
ustacks is done.
