

-t gzfastq -f ./00_Data/03a_Demultiplex/S_23_01264.1.fq.gz -o 00_Data/05a_Stacks.denovo.ALL.M4n4/ -i 198 -m 3 --name S_23_01264 -M 4 -p 8


ustacks parameters selected:
  Input file: './00_Data/03a_Demultiplex/S_23_01264.1.fq.gz'
  Sample ID: 198
  Min depth of coverage to create a stack (m): 3
  Repeat removal algorithm: enabled
  Max distance allowed between stacks (M): 4
  Max distance allowed to align secondary reads: 6
  Max number of stacks allowed per de novo locus: 3
  Deleveraging algorithm: disabled
  Gapped assembly: enabled
  Minimum alignment length: 0.8
  Model type: SNP
  Alpha significance level for model: 0.05

Loading RAD-Tags...1M...2M...

Loaded 2893821 reads; formed:
  186087 stacks representing 2645121 primary reads (91.4%)
  215712 secondary stacks representing 248700 secondary reads (8.6%)

Stack coverage: mean=14.21; stdev=170.88; max=36048; n_reads=2645121(91.4%)
Removing repetitive stacks: cov > 527 (mean+3*stdev)...
  Blacklisted 8404 stacks.
Coverage after repeat removal: mean=10.59; stdev=17.73; max=525; n_reads=1881137(65.0%)

Assembling stacks (max. dist. M=4)...
  Assembled 177683 stacks into 122327; blacklisted 2598 stacks.
Coverage after assembling stacks: mean=10.29; stdev=11.22; max=509; n_reads=1229920(42.5%)

Merging secondary stacks (max. dist. N=6 from consensus)...
  Merged 101782 out of 248700 secondary reads (40.9%), 33676 merged with gapped alignments.
Coverage after merging secondary stacks: mean=11.15; stdev=12.94; max=1164; n_reads=1331702(46.0%)

Assembling stacks, allowing for gaps (min. match length 80.0%)...
  Assembled 122327 stacks into 116994 stacks.
Coverage after gapped assembly: mean=11.67; stdev=13.59; max=1164; n_reads=1331702(46.0%)

Merging secondary stacks, allowing for gaps (min. match length 80.0%)...
  Merged 29237 out of 146918 secondary reads (19.9%).
Coverage after merging gapped secondary stacks: mean=11.92; stdev=14.85; max=1171; n_reads=1360939(47.0%)

Final number of stacks built: 116994
Final coverage: mean=11.92; stdev=14.85; max=1171; n_reads=1360939(47.0%)
Calling consensus sequences and haplotypes for catalog assembly...
Writing tags, SNPs, and alleles files to '00_Data/05a_Stacks.denovo.ALL.M4n4/S_23_01264'...done.
ustacks is done.
