

-t gzfastq -f ./00_Data/03a_Demultiplex/S_23_02017.1.fq.gz -o 00_Data/05a_Stacks.denovo.ALL.M1n1/ -i 337 -m 3 --name S_23_02017 -M 1 -p 8


ustacks parameters selected:
  Input file: './00_Data/03a_Demultiplex/S_23_02017.1.fq.gz'
  Sample ID: 337
  Min depth of coverage to create a stack (m): 3
  Repeat removal algorithm: enabled
  Max distance allowed between stacks (M): 1
  Max distance allowed to align secondary reads: 3
  Max number of stacks allowed per de novo locus: 3
  Deleveraging algorithm: disabled
  Gapped assembly: enabled
  Minimum alignment length: 0.8
  Model type: SNP
  Alpha significance level for model: 0.05

Loading RAD-Tags...1M...2M...3M...

Loaded 3354222 reads; formed:
  202601 stacks representing 3063163 primary reads (91.3%)
  256627 secondary stacks representing 291059 secondary reads (8.7%)

Stack coverage: mean=15.12; stdev=190.42; max=39332; n_reads=3063163(91.3%)
Removing repetitive stacks: cov > 587 (mean+3*stdev)...
  Blacklisted 9445 stacks.
Coverage after repeat removal: mean=11.23; stdev=19.51; max=583; n_reads=2169302(64.7%)

Assembling stacks (max. dist. M=1)...
  Assembled 193156 stacks into 162393; blacklisted 1896 stacks.
Coverage after assembling stacks: mean=10.96; stdev=12.10; max=547; n_reads=1756020(52.4%)

Merging secondary stacks (max. dist. N=3 from consensus)...
  Merged 115139 out of 291059 secondary reads (39.6%), 4700 merged with gapped alignments.
Coverage after merging secondary stacks: mean=11.68; stdev=12.64; max=569; n_reads=1871159(55.8%)

Assembling stacks, allowing for gaps (min. match length 80.0%)...
  Assembled 162393 stacks into 159227 stacks.
Coverage after gapped assembly: mean=11.91; stdev=12.86; max=569; n_reads=1871159(55.8%)

Merging secondary stacks, allowing for gaps (min. match length 80.0%)...
  Merged 10658 out of 175920 secondary reads (6.1%).
Coverage after merging gapped secondary stacks: mean=11.98; stdev=12.90; max=569; n_reads=1881817(56.1%)

Final number of stacks built: 159227
Final coverage: mean=11.98; stdev=12.90; max=569; n_reads=1881817(56.1%)
Calling consensus sequences and haplotypes for catalog assembly...
Writing tags, SNPs, and alleles files to '00_Data/05a_Stacks.denovo.ALL.M1n1/S_23_02017'...done.
ustacks is done.
