

-t gzfastq -f ./00_Data/03a_Demultiplex/S_23_00996.1.fq.gz -o 00_Data/05a_Stacks.denovo.ALL.M4n4/ -i 18 -m 3 --name S_23_00996 -M 4 -p 8


ustacks parameters selected:
  Input file: './00_Data/03a_Demultiplex/S_23_00996.1.fq.gz'
  Sample ID: 18
  Min depth of coverage to create a stack (m): 3
  Repeat removal algorithm: enabled
  Max distance allowed between stacks (M): 4
  Max distance allowed to align secondary reads: 6
  Max number of stacks allowed per de novo locus: 3
  Deleveraging algorithm: disabled
  Gapped assembly: enabled
  Minimum alignment length: 0.8
  Model type: SNP
  Alpha significance level for model: 0.05

Loading RAD-Tags...1M...2M...

Loaded 2680513 reads; formed:
  187036 stacks representing 2389262 primary reads (89.1%)
  251130 secondary stacks representing 291251 secondary reads (10.9%)

Stack coverage: mean=12.77; stdev=144.26; max=27229; n_reads=2389262(89.1%)
Removing repetitive stacks: cov > 446 (mean+3*stdev)...
  Blacklisted 8624 stacks.
Coverage after repeat removal: mean=9.56; stdev=15.98; max=443; n_reads=1704827(63.6%)

Assembling stacks (max. dist. M=4)...
  Assembled 178412 stacks into 123653; blacklisted 2696 stacks.
Coverage after assembling stacks: mean=9.21; stdev=10.10; max=546; n_reads=1112164(41.5%)

Merging secondary stacks (max. dist. N=6 from consensus)...
  Merged 110738 out of 291251 secondary reads (38.0%), 38761 merged with gapped alignments.
Coverage after merging secondary stacks: mean=10.13; stdev=12.08; max=1010; n_reads=1222902(45.6%)

Assembling stacks, allowing for gaps (min. match length 80.0%)...
  Assembled 123653 stacks into 118567 stacks.
Coverage after gapped assembly: mean=10.58; stdev=12.72; max=1010; n_reads=1222902(45.6%)

Merging secondary stacks, allowing for gaps (min. match length 80.0%)...
  Merged 29284 out of 180513 secondary reads (16.2%).
Coverage after merging gapped secondary stacks: mean=10.83; stdev=13.93; max=1154; n_reads=1252186(46.7%)

Final number of stacks built: 118567
Final coverage: mean=10.83; stdev=13.93; max=1154; n_reads=1252186(46.7%)
Calling consensus sequences and haplotypes for catalog assembly...
Writing tags, SNPs, and alleles files to '00_Data/05a_Stacks.denovo.ALL.M4n4/S_23_00996'...done.
ustacks is done.
