

-t gzfastq -f ./00_Data/03a_Demultiplex/S_23_00986.1.fq.gz -o 00_Data/05a_Stacks.denovo.ALL.M4n4/ -i 8 -m 3 --name S_23_00986 -M 4 -p 8


ustacks parameters selected:
  Input file: './00_Data/03a_Demultiplex/S_23_00986.1.fq.gz'
  Sample ID: 8
  Min depth of coverage to create a stack (m): 3
  Repeat removal algorithm: enabled
  Max distance allowed between stacks (M): 4
  Max distance allowed to align secondary reads: 6
  Max number of stacks allowed per de novo locus: 3
  Deleveraging algorithm: disabled
  Gapped assembly: enabled
  Minimum alignment length: 0.8
  Model type: SNP
  Alpha significance level for model: 0.05

Loading RAD-Tags...1M...2M...3M...

Loaded 3919998 reads; formed:
  189583 stacks representing 3640639 primary reads (92.9%)
  254574 secondary stacks representing 279359 secondary reads (7.1%)

Stack coverage: mean=19.20; stdev=236.67; max=40890; n_reads=3640639(92.9%)
Removing repetitive stacks: cov > 730 (mean+3*stdev)...
  Blacklisted 9878 stacks.
Coverage after repeat removal: mean=14.08; stdev=25.05; max=730; n_reads=2530464(64.6%)

Assembling stacks (max. dist. M=4)...
  Assembled 179705 stacks into 119957; blacklisted 2752 stacks.
Coverage after assembling stacks: mean=13.73; stdev=14.76; max=547; n_reads=1605669(41.0%)

Merging secondary stacks (max. dist. N=6 from consensus)...
  Merged 143601 out of 279359 secondary reads (51.4%), 47682 merged with gapped alignments.
Coverage after merging secondary stacks: mean=14.96; stdev=18.26; max=2481; n_reads=1749270(44.6%)

Assembling stacks, allowing for gaps (min. match length 80.0%)...
  Assembled 119957 stacks into 114222 stacks.
Coverage after gapped assembly: mean=15.73; stdev=19.25; max=2481; n_reads=1749270(44.6%)

Merging secondary stacks, allowing for gaps (min. match length 80.0%)...
  Merged 28124 out of 135758 secondary reads (20.7%).
Coverage after merging gapped secondary stacks: mean=15.98; stdev=20.24; max=2482; n_reads=1777394(45.3%)

Final number of stacks built: 114222
Final coverage: mean=15.98; stdev=20.24; max=2482; n_reads=1777394(45.3%)
Calling consensus sequences and haplotypes for catalog assembly...
Writing tags, SNPs, and alleles files to '00_Data/05a_Stacks.denovo.ALL.M4n4/S_23_00986'...done.
ustacks is done.
