

-t gzfastq -f ./00_Data/03a_Demultiplex/S_23_01065.1.fq.gz -o 00_Data/05a_Stacks.denovo.ALL.M4n4/ -i 57 -m 3 --name S_23_01065 -M 4 -p 8


ustacks parameters selected:
  Input file: './00_Data/03a_Demultiplex/S_23_01065.1.fq.gz'
  Sample ID: 57
  Min depth of coverage to create a stack (m): 3
  Repeat removal algorithm: enabled
  Max distance allowed between stacks (M): 4
  Max distance allowed to align secondary reads: 6
  Max number of stacks allowed per de novo locus: 3
  Deleveraging algorithm: disabled
  Gapped assembly: enabled
  Minimum alignment length: 0.8
  Model type: SNP
  Alpha significance level for model: 0.05

Loading RAD-Tags...1M...2M...3M...4M...

Loaded 4735074 reads; formed:
  196867 stacks representing 4433169 primary reads (93.6%)
  279098 secondary stacks representing 301905 secondary reads (6.4%)

Stack coverage: mean=22.52; stdev=279.33; max=50076; n_reads=4433169(93.6%)
Removing repetitive stacks: cov > 861 (mean+3*stdev)...
  Blacklisted 10348 stacks.
Coverage after repeat removal: mean=16.66; stdev=29.25; max=855; n_reads=3107518(65.6%)

Assembling stacks (max. dist. M=4)...
  Assembled 186519 stacks into 124024; blacklisted 2839 stacks.
Coverage after assembling stacks: mean=16.46; stdev=17.85; max=811; n_reads=1990842(42.0%)

Merging secondary stacks (max. dist. N=6 from consensus)...
  Merged 161149 out of 301905 secondary reads (53.4%), 50645 merged with gapped alignments.
Coverage after merging secondary stacks: mean=17.79; stdev=21.06; max=2846; n_reads=2151991(45.4%)

Assembling stacks, allowing for gaps (min. match length 80.0%)...
  Assembled 124024 stacks into 117786 stacks.
Coverage after gapped assembly: mean=18.76; stdev=22.08; max=2846; n_reads=2151991(45.4%)

Merging secondary stacks, allowing for gaps (min. match length 80.0%)...
  Merged 29315 out of 140756 secondary reads (20.8%).
Coverage after merging gapped secondary stacks: mean=19.02; stdev=23.02; max=2846; n_reads=2181306(46.1%)

Final number of stacks built: 117786
Final coverage: mean=19.02; stdev=23.02; max=2846; n_reads=2181306(46.1%)
Calling consensus sequences and haplotypes for catalog assembly...
Writing tags, SNPs, and alleles files to '00_Data/05a_Stacks.denovo.ALL.M4n4/S_23_01065'...done.
ustacks is done.
