

-t gzfastq -f ./00_Data/03a_Demultiplex/S_23_02053.1.fq.gz -o 00_Data/05a_Stacks.denovo.ALL.M1n1/ -i 373 -m 3 --name S_23_02053 -M 1 -p 8


ustacks parameters selected:
  Input file: './00_Data/03a_Demultiplex/S_23_02053.1.fq.gz'
  Sample ID: 373
  Min depth of coverage to create a stack (m): 3
  Repeat removal algorithm: enabled
  Max distance allowed between stacks (M): 1
  Max distance allowed to align secondary reads: 3
  Max number of stacks allowed per de novo locus: 3
  Deleveraging algorithm: disabled
  Gapped assembly: enabled
  Minimum alignment length: 0.8
  Model type: SNP
  Alpha significance level for model: 0.05

Loading RAD-Tags...1M...

Loaded 1122085 reads; formed:
  100992 stacks representing 926578 primary reads (82.6%)
  157278 secondary stacks representing 195507 secondary reads (17.4%)

Stack coverage: mean=9.17; stdev=69.69; max=8946; n_reads=926578(82.6%)
Removing repetitive stacks: cov > 219 (mean+3*stdev)...
  Blacklisted 5122 stacks.
Coverage after repeat removal: mean=6.90; stdev=9.71; max=218; n_reads=661450(58.9%)

Assembling stacks (max. dist. M=1)...
  Assembled 95870 stacks into 83797; blacklisted 933 stacks.
Coverage after assembling stacks: mean=6.67; stdev=7.61; max=267; n_reads=551227(49.1%)

Merging secondary stacks (max. dist. N=3 from consensus)...
  Merged 47629 out of 195507 secondary reads (24.4%), 1600 merged with gapped alignments.
Coverage after merging secondary stacks: mean=7.25; stdev=8.15; max=277; n_reads=598856(53.4%)

Assembling stacks, allowing for gaps (min. match length 80.0%)...
  Assembled 83797 stacks into 82759 stacks.
Coverage after gapped assembly: mean=7.34; stdev=8.28; max=277; n_reads=598856(53.4%)

Merging secondary stacks, allowing for gaps (min. match length 80.0%)...
  Merged 6775 out of 147878 secondary reads (4.6%).
Coverage after merging gapped secondary stacks: mean=7.42; stdev=8.35; max=277; n_reads=605631(54.0%)

Final number of stacks built: 82759
Final coverage: mean=7.42; stdev=8.35; max=277; n_reads=605631(54.0%)
Calling consensus sequences and haplotypes for catalog assembly...
Writing tags, SNPs, and alleles files to '00_Data/05a_Stacks.denovo.ALL.M1n1/S_23_02053'...done.
ustacks is done.
