

-t gzfastq -f ./00_Data/03a_Demultiplex/S_23_02127.1.fq.gz -o 00_Data/05a_Stacks.denovo.ALL.M4n4/ -i 437 -m 3 --name S_23_02127 -M 4 -p 8


ustacks parameters selected:
  Input file: './00_Data/03a_Demultiplex/S_23_02127.1.fq.gz'
  Sample ID: 437
  Min depth of coverage to create a stack (m): 3
  Repeat removal algorithm: enabled
  Max distance allowed between stacks (M): 4
  Max distance allowed to align secondary reads: 6
  Max number of stacks allowed per de novo locus: 3
  Deleveraging algorithm: disabled
  Gapped assembly: enabled
  Minimum alignment length: 0.8
  Model type: SNP
  Alpha significance level for model: 0.05

Loading RAD-Tags...1M...2M...3M...4M...

Loaded 4705643 reads; formed:
  208523 stacks representing 4374888 primary reads (93.0%)
  297249 secondary stacks representing 330755 secondary reads (7.0%)

Stack coverage: mean=20.98; stdev=262.62; max=49256; n_reads=4374888(93.0%)
Removing repetitive stacks: cov > 809 (mean+3*stdev)...
  Blacklisted 10628 stacks.
Coverage after repeat removal: mean=15.38; stdev=26.56; max=807; n_reads=3043241(64.7%)

Assembling stacks (max. dist. M=4)...
  Assembled 197895 stacks into 133159; blacklisted 3102 stacks.
Coverage after assembling stacks: mean=15.18; stdev=16.51; max=662; n_reads=1969734(41.9%)

Merging secondary stacks (max. dist. N=6 from consensus)...
  Merged 148615 out of 330755 secondary reads (44.9%), 51255 merged with gapped alignments.
Coverage after merging secondary stacks: mean=16.32; stdev=19.07; max=2158; n_reads=2118349(45.0%)

Assembling stacks, allowing for gaps (min. match length 80.0%)...
  Assembled 133159 stacks into 126301 stacks.
Coverage after gapped assembly: mean=17.23; stdev=20.05; max=2158; n_reads=2118349(45.0%)

Merging secondary stacks, allowing for gaps (min. match length 80.0%)...
  Merged 38597 out of 182140 secondary reads (21.2%).
Coverage after merging gapped secondary stacks: mean=17.55; stdev=21.07; max=2158; n_reads=2156946(45.8%)

Final number of stacks built: 126301
Final coverage: mean=17.55; stdev=21.07; max=2158; n_reads=2156946(45.8%)
Calling consensus sequences and haplotypes for catalog assembly...
Writing tags, SNPs, and alleles files to '00_Data/05a_Stacks.denovo.ALL.M4n4/S_23_02127'...done.
ustacks is done.
