

-t gzfastq -f ./00_Data/03a_Demultiplex/S_23_01907.1.fq.gz -o 00_Data/05a_Stacks.denovo.ALL.M4n4/ -i 298 -m 3 --name S_23_01907 -M 4 -p 8


ustacks parameters selected:
  Input file: './00_Data/03a_Demultiplex/S_23_01907.1.fq.gz'
  Sample ID: 298
  Min depth of coverage to create a stack (m): 3
  Repeat removal algorithm: enabled
  Max distance allowed between stacks (M): 4
  Max distance allowed to align secondary reads: 6
  Max number of stacks allowed per de novo locus: 3
  Deleveraging algorithm: disabled
  Gapped assembly: enabled
  Minimum alignment length: 0.8
  Model type: SNP
  Alpha significance level for model: 0.05

Loading RAD-Tags...1M...2M...3M...

Loaded 3580305 reads; formed:
  195938 stacks representing 3272861 primary reads (91.4%)
  267983 secondary stacks representing 307444 secondary reads (8.6%)

Stack coverage: mean=16.70; stdev=229.04; max=51119; n_reads=3272861(91.4%)
Removing repetitive stacks: cov > 704 (mean+3*stdev)...
  Blacklisted 8138 stacks.
Coverage after repeat removal: mean=12.41; stdev=22.62; max=703; n_reads=2331021(65.1%)

Assembling stacks (max. dist. M=4)...
  Assembled 187800 stacks into 127944; blacklisted 2847 stacks.
Coverage after assembling stacks: mean=11.95; stdev=13.44; max=676; n_reads=1492758(41.7%)

Merging secondary stacks (max. dist. N=6 from consensus)...
  Merged 117255 out of 307444 secondary reads (38.1%), 40012 merged with gapped alignments.
Coverage after merging secondary stacks: mean=12.89; stdev=16.12; max=2099; n_reads=1610013(45.0%)

Assembling stacks, allowing for gaps (min. match length 80.0%)...
  Assembled 127944 stacks into 122171 stacks.
Coverage after gapped assembly: mean=13.52; stdev=16.87; max=2099; n_reads=1610013(45.0%)

Merging secondary stacks, allowing for gaps (min. match length 80.0%)...
  Merged 33656 out of 190189 secondary reads (17.7%).
Coverage after merging gapped secondary stacks: mean=13.80; stdev=18.49; max=2634; n_reads=1643669(45.9%)

Final number of stacks built: 122171
Final coverage: mean=13.80; stdev=18.49; max=2634; n_reads=1643669(45.9%)
Calling consensus sequences and haplotypes for catalog assembly...
Writing tags, SNPs, and alleles files to '00_Data/05a_Stacks.denovo.ALL.M4n4/S_23_01907'...done.
ustacks is done.
