

-t gzfastq -f ./00_Data/03a_Demultiplex/S_23_01245.1.fq.gz -o 00_Data/05a_Stacks.denovo.ALL.M1n1/ -i 179 -m 3 --name S_23_01245 -M 1 -p 8


ustacks parameters selected:
  Input file: './00_Data/03a_Demultiplex/S_23_01245.1.fq.gz'
  Sample ID: 179
  Min depth of coverage to create a stack (m): 3
  Repeat removal algorithm: enabled
  Max distance allowed between stacks (M): 1
  Max distance allowed to align secondary reads: 3
  Max number of stacks allowed per de novo locus: 3
  Deleveraging algorithm: disabled
  Gapped assembly: enabled
  Minimum alignment length: 0.8
  Model type: SNP
  Alpha significance level for model: 0.05

Loading RAD-Tags...1M...2M...3M...4M...5M...6M...7M...

Loaded 7876100 reads; formed:
  246702 stacks representing 7384112 primary reads (93.8%)
  450015 secondary stacks representing 491988 secondary reads (6.2%)

Stack coverage: mean=29.93; stdev=378.98; max=79990; n_reads=7384112(93.8%)
Removing repetitive stacks: cov > 1167 (mean+3*stdev)...
  Blacklisted 13862 stacks.
Coverage after repeat removal: mean=22.34; stdev=38.59; max=1163; n_reads=5202769(66.1%)

Assembling stacks (max. dist. M=1)...
  Assembled 232840 stacks into 190587; blacklisted 2510 stacks.
Coverage after assembling stacks: mean=22.29; stdev=24.11; max=1158; n_reads=4186138(53.1%)

Merging secondary stacks (max. dist. N=3 from consensus)...
  Merged 231258 out of 491988 secondary reads (47.0%), 9932 merged with gapped alignments.
Coverage after merging secondary stacks: mean=23.53; stdev=24.98; max=1187; n_reads=4417396(56.1%)

Assembling stacks, allowing for gaps (min. match length 80.0%)...
  Assembled 190587 stacks into 185668 stacks.
Coverage after gapped assembly: mean=24.16; stdev=25.44; max=1187; n_reads=4417396(56.1%)

Merging secondary stacks, allowing for gaps (min. match length 80.0%)...
  Merged 16003 out of 260730 secondary reads (6.1%).
Coverage after merging gapped secondary stacks: mean=24.25; stdev=25.46; max=1187; n_reads=4433399(56.3%)

Final number of stacks built: 185668
Final coverage: mean=24.25; stdev=25.46; max=1187; n_reads=4433399(56.3%)
Calling consensus sequences and haplotypes for catalog assembly...
Writing tags, SNPs, and alleles files to '00_Data/05a_Stacks.denovo.ALL.M1n1/S_23_01245'...done.
ustacks is done.
