

-t gzfastq -f ./00_Data/03a_Demultiplex/S_23_02158.1.fq.gz -o 00_Data/05a_Stacks.denovo.ALL.M4n4/ -i 467 -m 3 --name S_23_02158 -M 4 -p 8


ustacks parameters selected:
  Input file: './00_Data/03a_Demultiplex/S_23_02158.1.fq.gz'
  Sample ID: 467
  Min depth of coverage to create a stack (m): 3
  Repeat removal algorithm: enabled
  Max distance allowed between stacks (M): 4
  Max distance allowed to align secondary reads: 6
  Max number of stacks allowed per de novo locus: 3
  Deleveraging algorithm: disabled
  Gapped assembly: enabled
  Minimum alignment length: 0.8
  Model type: SNP
  Alpha significance level for model: 0.05

Loading RAD-Tags...1M...2M...3M...4M...5M...6M...

Loaded 6359348 reads; formed:
  244843 stacks representing 5897321 primary reads (92.7%)
  419092 secondary stacks representing 462027 secondary reads (7.3%)

Stack coverage: mean=24.09; stdev=306.54; max=66023; n_reads=5897321(92.7%)
Removing repetitive stacks: cov > 944 (mean+3*stdev)...
  Blacklisted 13071 stacks.
Coverage after repeat removal: mean=17.88; stdev=31.21; max=937; n_reads=4144820(65.2%)

Assembling stacks (max. dist. M=4)...
  Assembled 231772 stacks into 154731; blacklisted 3538 stacks.
Coverage after assembling stacks: mean=17.75; stdev=19.23; max=723; n_reads=2677860(42.1%)

Merging secondary stacks (max. dist. N=6 from consensus)...
  Merged 217077 out of 462027 secondary reads (47.0%), 69957 merged with gapped alignments.
Coverage after merging secondary stacks: mean=19.18; stdev=21.24; max=1011; n_reads=2894937(45.5%)

Assembling stacks, allowing for gaps (min. match length 80.0%)...
  Assembled 154731 stacks into 146376 stacks.
Coverage after gapped assembly: mean=20.31; stdev=22.44; max=1141; n_reads=2894937(45.5%)

Merging secondary stacks, allowing for gaps (min. match length 80.0%)...
  Merged 54605 out of 244950 secondary reads (22.3%).
Coverage after merging gapped secondary stacks: mean=20.69; stdev=23.78; max=1141; n_reads=2949542(46.4%)

Final number of stacks built: 146376
Final coverage: mean=20.69; stdev=23.78; max=1141; n_reads=2949542(46.4%)
Calling consensus sequences and haplotypes for catalog assembly...
Writing tags, SNPs, and alleles files to '00_Data/05a_Stacks.denovo.ALL.M4n4/S_23_02158'...done.
ustacks is done.
