

-t gzfastq -f ./00_Data/03a_Demultiplex/S_23_01900.1.fq.gz -o 00_Data/05a_Stacks.denovo.ALL.M1n1/ -i 292 -m 3 --name S_23_01900 -M 1 -p 8


ustacks parameters selected:
  Input file: './00_Data/03a_Demultiplex/S_23_01900.1.fq.gz'
  Sample ID: 292
  Min depth of coverage to create a stack (m): 3
  Repeat removal algorithm: enabled
  Max distance allowed between stacks (M): 1
  Max distance allowed to align secondary reads: 3
  Max number of stacks allowed per de novo locus: 3
  Deleveraging algorithm: disabled
  Gapped assembly: enabled
  Minimum alignment length: 0.8
  Model type: SNP
  Alpha significance level for model: 0.05

Loading RAD-Tags...1M...2M...

Loaded 2999935 reads; formed:
  197970 stacks representing 2695927 primary reads (89.9%)
  264507 secondary stacks representing 304008 secondary reads (10.1%)

Stack coverage: mean=13.62; stdev=165.50; max=33849; n_reads=2695927(89.9%)
Removing repetitive stacks: cov > 511 (mean+3*stdev)...
  Blacklisted 9210 stacks.
Coverage after repeat removal: mean=10.12; stdev=17.55; max=510; n_reads=1911090(63.7%)

Assembling stacks (max. dist. M=1)...
  Assembled 188760 stacks into 160144; blacklisted 1845 stacks.
Coverage after assembling stacks: mean=9.80; stdev=11.05; max=499; n_reads=1548470(51.6%)

Merging secondary stacks (max. dist. N=3 from consensus)...
  Merged 104418 out of 304008 secondary reads (34.3%), 4353 merged with gapped alignments.
Coverage after merging secondary stacks: mean=10.46; stdev=11.58; max=527; n_reads=1652888(55.1%)

Assembling stacks, allowing for gaps (min. match length 80.0%)...
  Assembled 160144 stacks into 157162 stacks.
Coverage after gapped assembly: mean=10.66; stdev=11.83; max=527; n_reads=1652888(55.1%)

Merging secondary stacks, allowing for gaps (min. match length 80.0%)...
  Merged 11563 out of 199590 secondary reads (5.8%).
Coverage after merging gapped secondary stacks: mean=10.73; stdev=11.89; max=527; n_reads=1664451(55.5%)

Final number of stacks built: 157162
Final coverage: mean=10.73; stdev=11.89; max=527; n_reads=1664451(55.5%)
Calling consensus sequences and haplotypes for catalog assembly...
Writing tags, SNPs, and alleles files to '00_Data/05a_Stacks.denovo.ALL.M1n1/S_23_01900'...done.
ustacks is done.
