

-t gzfastq -f ./00_Data/03a_Demultiplex/S_23_02125_rep.1.fq.gz -o 00_Data/05a_Stacks.denovo.ALL.M4n4/ -i 434 -m 3 --name S_23_02125_rep -M 4 -p 8


ustacks parameters selected:
  Input file: './00_Data/03a_Demultiplex/S_23_02125_rep.1.fq.gz'
  Sample ID: 434
  Min depth of coverage to create a stack (m): 3
  Repeat removal algorithm: enabled
  Max distance allowed between stacks (M): 4
  Max distance allowed to align secondary reads: 6
  Max number of stacks allowed per de novo locus: 3
  Deleveraging algorithm: disabled
  Gapped assembly: enabled
  Minimum alignment length: 0.8
  Model type: SNP
  Alpha significance level for model: 0.05

Loading RAD-Tags...1M...2M...3M...4M...5M...6M...7M...8M...9M...

Loaded 9098059 reads; formed:
  223748 stacks representing 8539603 primary reads (93.9%)
  514484 secondary stacks representing 558456 secondary reads (6.1%)

Stack coverage: mean=38.17; stdev=507.29; max=100261; n_reads=8539603(93.9%)
Removing repetitive stacks: cov > 1561 (mean+3*stdev)...
  Blacklisted 12865 stacks.
Coverage after repeat removal: mean=28.14; stdev=50.57; max=1556; n_reads=5934842(65.2%)

Assembling stacks (max. dist. M=4)...
  Assembled 210883 stacks into 137972; blacklisted 3356 stacks.
Coverage after assembling stacks: mean=28.18; stdev=30.24; max=1429; n_reads=3786349(41.6%)

Merging secondary stacks (max. dist. N=6 from consensus)...
  Merged 283495 out of 558456 secondary reads (50.8%), 92331 merged with gapped alignments.
Coverage after merging secondary stacks: mean=30.29; stdev=33.09; max=1538; n_reads=4069844(44.7%)

Assembling stacks, allowing for gaps (min. match length 80.0%)...
  Assembled 137972 stacks into 130130 stacks.
Coverage after gapped assembly: mean=32.17; stdev=34.78; max=1538; n_reads=4069844(44.7%)

Merging secondary stacks, allowing for gaps (min. match length 80.0%)...
  Merged 57146 out of 274961 secondary reads (20.8%).
Coverage after merging gapped secondary stacks: mean=32.62; stdev=36.42; max=1538; n_reads=4126990(45.4%)

Final number of stacks built: 130130
Final coverage: mean=32.62; stdev=36.42; max=1538; n_reads=4126990(45.4%)
Calling consensus sequences and haplotypes for catalog assembly...
Writing tags, SNPs, and alleles files to '00_Data/05a_Stacks.denovo.ALL.M4n4/S_23_02125_rep'...done.
ustacks is done.
