

-t gzfastq -f ./00_Data/03a_Demultiplex/S_23_01803_rep.1.fq.gz -o 00_Data/05a_Stacks.denovo.ALL.M4n4/ -i 226 -m 3 --name S_23_01803_rep -M 4 -p 8


ustacks parameters selected:
  Input file: './00_Data/03a_Demultiplex/S_23_01803_rep.1.fq.gz'
  Sample ID: 226
  Min depth of coverage to create a stack (m): 3
  Repeat removal algorithm: enabled
  Max distance allowed between stacks (M): 4
  Max distance allowed to align secondary reads: 6
  Max number of stacks allowed per de novo locus: 3
  Deleveraging algorithm: disabled
  Gapped assembly: enabled
  Minimum alignment length: 0.8
  Model type: SNP
  Alpha significance level for model: 0.05

Loading RAD-Tags...1M...2M...3M...4M...

Loaded 4090867 reads; formed:
  197297 stacks representing 3810863 primary reads (93.2%)
  252132 secondary stacks representing 280004 secondary reads (6.8%)

Stack coverage: mean=19.32; stdev=244.83; max=47441; n_reads=3810863(93.2%)
Removing repetitive stacks: cov > 754 (mean+3*stdev)...
  Blacklisted 9731 stacks.
Coverage after repeat removal: mean=14.24; stdev=24.99; max=743; n_reads=2670105(65.3%)

Assembling stacks (max. dist. M=4)...
  Assembled 187566 stacks into 125534; blacklisted 2842 stacks.
Coverage after assembling stacks: mean=14.00; stdev=15.29; max=750; n_reads=1714598(41.9%)

Merging secondary stacks (max. dist. N=6 from consensus)...
  Merged 134155 out of 280004 secondary reads (47.9%), 43074 merged with gapped alignments.
Coverage after merging secondary stacks: mean=15.10; stdev=16.85; max=780; n_reads=1848753(45.2%)

Assembling stacks, allowing for gaps (min. match length 80.0%)...
  Assembled 125534 stacks into 119458 stacks.
Coverage after gapped assembly: mean=15.89; stdev=17.66; max=780; n_reads=1848753(45.2%)

Merging secondary stacks, allowing for gaps (min. match length 80.0%)...
  Merged 29191 out of 145849 secondary reads (20.0%).
Coverage after merging gapped secondary stacks: mean=16.14; stdev=18.65; max=837; n_reads=1877944(45.9%)

Final number of stacks built: 119458
Final coverage: mean=16.14; stdev=18.65; max=837; n_reads=1877944(45.9%)
Calling consensus sequences and haplotypes for catalog assembly...
Writing tags, SNPs, and alleles files to '00_Data/05a_Stacks.denovo.ALL.M4n4/S_23_01803_rep'...done.
ustacks is done.
