

-t gzfastq -f ./00_Data/03a_Demultiplex/S_23_02107.1.fq.gz -o 00_Data/05a_Stacks.denovo.ALL.M4n4/ -i 416 -m 3 --name S_23_02107 -M 4 -p 8


ustacks parameters selected:
  Input file: './00_Data/03a_Demultiplex/S_23_02107.1.fq.gz'
  Sample ID: 416
  Min depth of coverage to create a stack (m): 3
  Repeat removal algorithm: enabled
  Max distance allowed between stacks (M): 4
  Max distance allowed to align secondary reads: 6
  Max number of stacks allowed per de novo locus: 3
  Deleveraging algorithm: disabled
  Gapped assembly: enabled
  Minimum alignment length: 0.8
  Model type: SNP
  Alpha significance level for model: 0.05

Loading RAD-Tags...1M...2M...3M...4M...5M...

Loaded 5220291 reads; formed:
  235943 stacks representing 4797975 primary reads (91.9%)
  379597 secondary stacks representing 422316 secondary reads (8.1%)

Stack coverage: mean=20.34; stdev=257.25; max=57736; n_reads=4797975(91.9%)
Removing repetitive stacks: cov > 793 (mean+3*stdev)...
  Blacklisted 12053 stacks.
Coverage after repeat removal: mean=15.16; stdev=25.99; max=790; n_reads=3393127(65.0%)

Assembling stacks (max. dist. M=4)...
  Assembled 223890 stacks into 151054; blacklisted 3371 stacks.
Coverage after assembling stacks: mean=14.97; stdev=16.23; max=742; n_reads=2206386(42.3%)

Merging secondary stacks (max. dist. N=6 from consensus)...
  Merged 184628 out of 422316 secondary reads (43.7%), 60457 merged with gapped alignments.
Coverage after merging secondary stacks: mean=16.22; stdev=17.92; max=815; n_reads=2391014(45.8%)

Assembling stacks, allowing for gaps (min. match length 80.0%)...
  Assembled 151054 stacks into 143167 stacks.
Coverage after gapped assembly: mean=17.14; stdev=18.93; max=843; n_reads=2391014(45.8%)

Merging secondary stacks, allowing for gaps (min. match length 80.0%)...
  Merged 48289 out of 237688 secondary reads (20.3%).
Coverage after merging gapped secondary stacks: mean=17.48; stdev=20.65; max=1748; n_reads=2439303(46.7%)

Final number of stacks built: 143167
Final coverage: mean=17.48; stdev=20.65; max=1748; n_reads=2439303(46.7%)
Calling consensus sequences and haplotypes for catalog assembly...
Writing tags, SNPs, and alleles files to '00_Data/05a_Stacks.denovo.ALL.M4n4/S_23_02107'...done.
ustacks is done.
