

-t gzfastq -f ./00_Data/03a_Demultiplex/S_23_02271.1.fq.gz -o 00_Data/05a_Stacks.denovo.ALL.M4n4/ -i 562 -m 3 --name S_23_02271 -M 4 -p 8


ustacks parameters selected:
  Input file: './00_Data/03a_Demultiplex/S_23_02271.1.fq.gz'
  Sample ID: 562
  Min depth of coverage to create a stack (m): 3
  Repeat removal algorithm: enabled
  Max distance allowed between stacks (M): 4
  Max distance allowed to align secondary reads: 6
  Max number of stacks allowed per de novo locus: 3
  Deleveraging algorithm: disabled
  Gapped assembly: enabled
  Minimum alignment length: 0.8
  Model type: SNP
  Alpha significance level for model: 0.05

Loading RAD-Tags...1M...2M...3M...

Loaded 3748983 reads; formed:
  247699 stacks representing 3376355 primary reads (90.1%)
  324674 secondary stacks representing 372628 secondary reads (9.9%)

Stack coverage: mean=13.63; stdev=108.77; max=26089; n_reads=3376355(90.1%)
Removing repetitive stacks: cov > 340 (mean+3*stdev)...
  Blacklisted 16100 stacks.
Coverage after repeat removal: mean=10.32; stdev=14.50; max=340; n_reads=2389325(63.7%)

Assembling stacks (max. dist. M=4)...
  Assembled 231599 stacks into 156261; blacklisted 3865 stacks.
Coverage after assembling stacks: mean=10.10; stdev=8.16; max=439; n_reads=1534814(40.9%)

Merging secondary stacks (max. dist. N=6 from consensus)...
  Merged 150333 out of 372628 secondary reads (40.3%), 55729 merged with gapped alignments.
Coverage after merging secondary stacks: mean=11.09; stdev=9.71; max=458; n_reads=1685147(44.9%)

Assembling stacks, allowing for gaps (min. match length 80.0%)...
  Assembled 156261 stacks into 147951 stacks.
Coverage after gapped assembly: mean=11.73; stdev=10.40; max=458; n_reads=1685147(44.9%)

Merging secondary stacks, allowing for gaps (min. match length 80.0%)...
  Merged 42431 out of 222295 secondary reads (19.1%).
Coverage after merging gapped secondary stacks: mean=12.03; stdev=11.60; max=688; n_reads=1727578(46.1%)

Final number of stacks built: 147951
Final coverage: mean=12.03; stdev=11.60; max=688; n_reads=1727578(46.1%)
Calling consensus sequences and haplotypes for catalog assembly...
Writing tags, SNPs, and alleles files to '00_Data/05a_Stacks.denovo.ALL.M4n4/S_23_02271'...done.
ustacks is done.
