

-t gzfastq -f ./00_Data/03a_Demultiplex/S_23_02002.1.fq.gz -o 00_Data/05a_Stacks.denovo.ALL.M4n4/ -i 322 -m 3 --name S_23_02002 -M 4 -p 8


ustacks parameters selected:
  Input file: './00_Data/03a_Demultiplex/S_23_02002.1.fq.gz'
  Sample ID: 322
  Min depth of coverage to create a stack (m): 3
  Repeat removal algorithm: enabled
  Max distance allowed between stacks (M): 4
  Max distance allowed to align secondary reads: 6
  Max number of stacks allowed per de novo locus: 3
  Deleveraging algorithm: disabled
  Gapped assembly: enabled
  Minimum alignment length: 0.8
  Model type: SNP
  Alpha significance level for model: 0.05

Loading RAD-Tags...1M...

Loaded 1901590 reads; formed:
  154963 stacks representing 1649801 primary reads (86.8%)
  210072 secondary stacks representing 251789 secondary reads (13.2%)

Stack coverage: mean=10.65; stdev=124.58; max=22959; n_reads=1649801(86.8%)
Removing repetitive stacks: cov > 385 (mean+3*stdev)...
  Blacklisted 6681 stacks.
Coverage after repeat removal: mean=7.92; stdev=13.56; max=385; n_reads=1173998(61.7%)

Assembling stacks (max. dist. M=4)...
  Assembled 148282 stacks into 104356; blacklisted 2196 stacks.
Coverage after assembling stacks: mean=7.50; stdev=8.40; max=370; n_reads=764347(40.2%)

Merging secondary stacks (max. dist. N=6 from consensus)...
  Merged 83652 out of 251789 secondary reads (33.2%), 29541 merged with gapped alignments.
Coverage after merging secondary stacks: mean=8.32; stdev=10.54; max=990; n_reads=847999(44.6%)

Assembling stacks, allowing for gaps (min. match length 80.0%)...
  Assembled 104356 stacks into 100679 stacks.
Coverage after gapped assembly: mean=8.63; stdev=11.16; max=1123; n_reads=847999(44.6%)

Merging secondary stacks, allowing for gaps (min. match length 80.0%)...
  Merged 29040 out of 168137 secondary reads (17.3%).
Coverage after merging gapped secondary stacks: mean=8.92; stdev=12.51; max=1312; n_reads=877039(46.1%)

Final number of stacks built: 100679
Final coverage: mean=8.92; stdev=12.51; max=1312; n_reads=877039(46.1%)
Calling consensus sequences and haplotypes for catalog assembly...
Writing tags, SNPs, and alleles files to '00_Data/05a_Stacks.denovo.ALL.M4n4/S_23_02002'...done.
ustacks is done.
