

-t gzfastq -f ./00_Data/03a_Demultiplex/S_23_00995.1.fq.gz -o 00_Data/05a_Stacks.denovo.ALL.M1n1/ -i 17 -m 3 --name S_23_00995 -M 1 -p 8


ustacks parameters selected:
  Input file: './00_Data/03a_Demultiplex/S_23_00995.1.fq.gz'
  Sample ID: 17
  Min depth of coverage to create a stack (m): 3
  Repeat removal algorithm: enabled
  Max distance allowed between stacks (M): 1
  Max distance allowed to align secondary reads: 3
  Max number of stacks allowed per de novo locus: 3
  Deleveraging algorithm: disabled
  Gapped assembly: enabled
  Minimum alignment length: 0.8
  Model type: SNP
  Alpha significance level for model: 0.05

Loading RAD-Tags...1M...2M...3M...4M...5M...

Loaded 5186243 reads; formed:
  239726 stacks representing 4750250 primary reads (91.6%)
  387380 secondary stacks representing 435993 secondary reads (8.4%)

Stack coverage: mean=19.82; stdev=252.21; max=56064; n_reads=4750250(91.6%)
Removing repetitive stacks: cov > 777 (mean+3*stdev)...
  Blacklisted 11722 stacks.
Coverage after repeat removal: mean=14.71; stdev=26.02; max=777; n_reads=3353323(64.7%)

Assembling stacks (max. dist. M=1)...
  Assembled 228004 stacks into 189393; blacklisted 2330 stacks.
Coverage after assembling stacks: mean=14.46; stdev=16.69; max=744; n_reads=2700876(52.1%)

Merging secondary stacks (max. dist. N=3 from consensus)...
  Merged 164508 out of 435993 secondary reads (37.7%), 7420 merged with gapped alignments.
Coverage after merging secondary stacks: mean=15.34; stdev=17.36; max=773; n_reads=2865384(55.2%)

Assembling stacks, allowing for gaps (min. match length 80.0%)...
  Assembled 189393 stacks into 185027 stacks.
Coverage after gapped assembly: mean=15.71; stdev=17.74; max=773; n_reads=2865384(55.2%)

Merging secondary stacks, allowing for gaps (min. match length 80.0%)...
  Merged 16669 out of 271485 secondary reads (6.1%).
Coverage after merging gapped secondary stacks: mean=15.80; stdev=17.77; max=773; n_reads=2882053(55.6%)

Final number of stacks built: 185027
Final coverage: mean=15.80; stdev=17.77; max=773; n_reads=2882053(55.6%)
Calling consensus sequences and haplotypes for catalog assembly...
Writing tags, SNPs, and alleles files to '00_Data/05a_Stacks.denovo.ALL.M1n1/S_23_00995'...done.
ustacks is done.
