

-t gzfastq -f ./00_Data/03a_Demultiplex/S_23_01160.1.fq.gz -o 00_Data/05a_Stacks.denovo.ALL.M1n1/ -i 123 -m 3 --name S_23_01160 -M 1 -p 8


ustacks parameters selected:
  Input file: './00_Data/03a_Demultiplex/S_23_01160.1.fq.gz'
  Sample ID: 123
  Min depth of coverage to create a stack (m): 3
  Repeat removal algorithm: enabled
  Max distance allowed between stacks (M): 1
  Max distance allowed to align secondary reads: 3
  Max number of stacks allowed per de novo locus: 3
  Deleveraging algorithm: disabled
  Gapped assembly: enabled
  Minimum alignment length: 0.8
  Model type: SNP
  Alpha significance level for model: 0.05

Loading RAD-Tags...1M...2M...3M...4M...

Loaded 4168477 reads; formed:
  193887 stacks representing 3878232 primary reads (93.0%)
  263080 secondary stacks representing 290245 secondary reads (7.0%)

Stack coverage: mean=20.00; stdev=255.51; max=50366; n_reads=3878232(93.0%)
Removing repetitive stacks: cov > 787 (mean+3*stdev)...
  Blacklisted 9234 stacks.
Coverage after repeat removal: mean=14.77; stdev=25.91; max=785; n_reads=2727564(65.4%)

Assembling stacks (max. dist. M=1)...
  Assembled 184653 stacks into 153025; blacklisted 1844 stacks.
Coverage after assembling stacks: mean=14.57; stdev=16.42; max=763; n_reads=2198997(52.8%)

Merging secondary stacks (max. dist. N=3 from consensus)...
  Merged 124145 out of 290245 secondary reads (42.8%), 5384 merged with gapped alignments.
Coverage after merging secondary stacks: mean=15.39; stdev=17.03; max=779; n_reads=2323142(55.7%)

Assembling stacks, allowing for gaps (min. match length 80.0%)...
  Assembled 153025 stacks into 149633 stacks.
Coverage after gapped assembly: mean=15.74; stdev=17.36; max=779; n_reads=2323142(55.7%)

Merging secondary stacks, allowing for gaps (min. match length 80.0%)...
  Merged 10088 out of 166100 secondary reads (6.1%).
Coverage after merging gapped secondary stacks: mean=15.81; stdev=17.38; max=779; n_reads=2333230(56.0%)

Final number of stacks built: 149633
Final coverage: mean=15.81; stdev=17.38; max=779; n_reads=2333230(56.0%)
Calling consensus sequences and haplotypes for catalog assembly...
Writing tags, SNPs, and alleles files to '00_Data/05a_Stacks.denovo.ALL.M1n1/S_23_01160'...done.
ustacks is done.
