

-t gzfastq -f ./00_Data/03a_Demultiplex/S_23_02000.1.fq.gz -o 00_Data/05a_Stacks.denovo.ALL.M1n1/ -i 320 -m 3 --name S_23_02000 -M 1 -p 8


ustacks parameters selected:
  Input file: './00_Data/03a_Demultiplex/S_23_02000.1.fq.gz'
  Sample ID: 320
  Min depth of coverage to create a stack (m): 3
  Repeat removal algorithm: enabled
  Max distance allowed between stacks (M): 1
  Max distance allowed to align secondary reads: 3
  Max number of stacks allowed per de novo locus: 3
  Deleveraging algorithm: disabled
  Gapped assembly: enabled
  Minimum alignment length: 0.8
  Model type: SNP
  Alpha significance level for model: 0.05

Loading RAD-Tags...

Loaded 792399 reads; formed:
  76416 stacks representing 607052 primary reads (76.6%)
  145831 secondary stacks representing 185347 secondary reads (23.4%)

Stack coverage: mean=7.94; stdev=61.60; max=7658; n_reads=607052(76.6%)
Removing repetitive stacks: cov > 193 (mean+3*stdev)...
  Blacklisted 3724 stacks.
Coverage after repeat removal: mean=5.96; stdev=8.75; max=192; n_reads=433049(54.7%)

Assembling stacks (max. dist. M=1)...
  Assembled 72692 stacks into 64247; blacklisted 653 stacks.
Coverage after assembling stacks: mean=5.69; stdev=6.82; max=198; n_reads=360927(45.5%)

Merging secondary stacks (max. dist. N=3 from consensus)...
  Merged 35986 out of 185347 secondary reads (19.4%), 1108 merged with gapped alignments.
Coverage after merging secondary stacks: mean=6.26; stdev=7.45; max=210; n_reads=396913(50.1%)

Assembling stacks, allowing for gaps (min. match length 80.0%)...
  Assembled 64247 stacks into 63572 stacks.
Coverage after gapped assembly: mean=6.33; stdev=7.57; max=210; n_reads=396913(50.1%)

Merging secondary stacks, allowing for gaps (min. match length 80.0%)...
  Merged 5702 out of 149361 secondary reads (3.8%).
Coverage after merging gapped secondary stacks: mean=6.42; stdev=7.66; max=210; n_reads=402615(50.8%)

Final number of stacks built: 63572
Final coverage: mean=6.42; stdev=7.66; max=210; n_reads=402615(50.8%)
Calling consensus sequences and haplotypes for catalog assembly...
Writing tags, SNPs, and alleles files to '00_Data/05a_Stacks.denovo.ALL.M1n1/S_23_02000'...done.
ustacks is done.
