

-t gzfastq -f ./00_Data/03a_Demultiplex/S_23_02093.1.fq.gz -o 00_Data/05a_Stacks.denovo.ALL.M4n4/ -i 402 -m 3 --name S_23_02093 -M 4 -p 8


ustacks parameters selected:
  Input file: './00_Data/03a_Demultiplex/S_23_02093.1.fq.gz'
  Sample ID: 402
  Min depth of coverage to create a stack (m): 3
  Repeat removal algorithm: enabled
  Max distance allowed between stacks (M): 4
  Max distance allowed to align secondary reads: 6
  Max number of stacks allowed per de novo locus: 3
  Deleveraging algorithm: disabled
  Gapped assembly: enabled
  Minimum alignment length: 0.8
  Model type: SNP
  Alpha significance level for model: 0.05

Loading RAD-Tags...

Loaded 518197 reads; formed:
  45776 stacks representing 340764 primary reads (65.8%)
  141914 secondary stacks representing 177433 secondary reads (34.2%)

Stack coverage: mean=7.44; stdev=57.35; max=7629; n_reads=340764(65.8%)
Removing repetitive stacks: cov > 180 (mean+3*stdev)...
  Blacklisted 2830 stacks.
Coverage after repeat removal: mean=5.67; stdev=9.24; max=180; n_reads=243702(47.0%)

Assembling stacks (max. dist. M=4)...
  Assembled 42946 stacks into 32109; blacklisted 705 stacks.
Coverage after assembling stacks: mean=5.33; stdev=7.13; max=196; n_reads=166830(32.2%)

Merging secondary stacks (max. dist. N=6 from consensus)...
  Merged 35419 out of 177433 secondary reads (20.0%), 15399 merged with gapped alignments.
Coverage after merging secondary stacks: mean=6.46; stdev=12.95; max=1024; n_reads=202249(39.0%)

Assembling stacks, allowing for gaps (min. match length 80.0%)...
  Assembled 32109 stacks into 31147 stacks.
Coverage after gapped assembly: mean=6.67; stdev=13.49; max=1024; n_reads=202249(39.0%)

Merging secondary stacks, allowing for gaps (min. match length 80.0%)...
  Merged 15903 out of 142014 secondary reads (11.2%).
Coverage after merging gapped secondary stacks: mean=7.19; stdev=15.92; max=1115; n_reads=218152(42.1%)

Final number of stacks built: 31147
Final coverage: mean=7.19; stdev=15.92; max=1115; n_reads=218152(42.1%)
Calling consensus sequences and haplotypes for catalog assembly...
Writing tags, SNPs, and alleles files to '00_Data/05a_Stacks.denovo.ALL.M4n4/S_23_02093'...done.
ustacks is done.
