

-t gzfastq -f ./00_Data/03a_Demultiplex/S_23_01855.1.fq.gz -o 00_Data/05a_Stacks.denovo.ALL.M1n1/ -i 262 -m 3 --name S_23_01855 -M 1 -p 8


ustacks parameters selected:
  Input file: './00_Data/03a_Demultiplex/S_23_01855.1.fq.gz'
  Sample ID: 262
  Min depth of coverage to create a stack (m): 3
  Repeat removal algorithm: enabled
  Max distance allowed between stacks (M): 1
  Max distance allowed to align secondary reads: 3
  Max number of stacks allowed per de novo locus: 3
  Deleveraging algorithm: disabled
  Gapped assembly: enabled
  Minimum alignment length: 0.8
  Model type: SNP
  Alpha significance level for model: 0.05

Loading RAD-Tags...1M...2M...3M...4M...

Loaded 4936242 reads; formed:
  225691 stacks representing 4546919 primary reads (92.1%)
  351530 secondary stacks representing 389323 secondary reads (7.9%)

Stack coverage: mean=20.15; stdev=258.32; max=58236; n_reads=4546919(92.1%)
Removing repetitive stacks: cov > 796 (mean+3*stdev)...
  Blacklisted 11051 stacks.
Coverage after repeat removal: mean=15.01; stdev=25.82; max=793; n_reads=3222341(65.3%)

Assembling stacks (max. dist. M=1)...
  Assembled 214640 stacks into 178061; blacklisted 2148 stacks.
Coverage after assembling stacks: mean=14.87; stdev=16.49; max=875; n_reads=2612333(52.9%)

Merging secondary stacks (max. dist. N=3 from consensus)...
  Merged 161614 out of 389323 secondary reads (41.5%), 7421 merged with gapped alignments.
Coverage after merging secondary stacks: mean=15.79; stdev=17.16; max=903; n_reads=2773947(56.2%)

Assembling stacks, allowing for gaps (min. match length 80.0%)...
  Assembled 178061 stacks into 173963 stacks.
Coverage after gapped assembly: mean=16.17; stdev=17.53; max=903; n_reads=2773947(56.2%)

Merging secondary stacks, allowing for gaps (min. match length 80.0%)...
  Merged 12822 out of 227709 secondary reads (5.6%).
Coverage after merging gapped secondary stacks: mean=16.25; stdev=17.55; max=903; n_reads=2786769(56.5%)

Final number of stacks built: 173963
Final coverage: mean=16.25; stdev=17.55; max=903; n_reads=2786769(56.5%)
Calling consensus sequences and haplotypes for catalog assembly...
Writing tags, SNPs, and alleles files to '00_Data/05a_Stacks.denovo.ALL.M1n1/S_23_01855'...done.
ustacks is done.
