

-t gzfastq -f ./00_Data/03a_Demultiplex/S_23_01850.1.fq.gz -o 00_Data/05a_Stacks.denovo.ALL.M1n1/ -i 257 -m 3 --name S_23_01850 -M 1 -p 8


ustacks parameters selected:
  Input file: './00_Data/03a_Demultiplex/S_23_01850.1.fq.gz'
  Sample ID: 257
  Min depth of coverage to create a stack (m): 3
  Repeat removal algorithm: enabled
  Max distance allowed between stacks (M): 1
  Max distance allowed to align secondary reads: 3
  Max number of stacks allowed per de novo locus: 3
  Deleveraging algorithm: disabled
  Gapped assembly: enabled
  Minimum alignment length: 0.8
  Model type: SNP
  Alpha significance level for model: 0.05

Loading RAD-Tags...1M...2M...

Loaded 2061191 reads; formed:
  164087 stacks representing 1809735 primary reads (87.8%)
  211774 secondary stacks representing 251456 secondary reads (12.2%)

Stack coverage: mean=11.03; stdev=128.18; max=26142; n_reads=1809735(87.8%)
Removing repetitive stacks: cov > 396 (mean+3*stdev)...
  Blacklisted 7253 stacks.
Coverage after repeat removal: mean=8.24; stdev=13.87; max=395; n_reads=1292557(62.7%)

Assembling stacks (max. dist. M=1)...
  Assembled 156834 stacks into 135252; blacklisted 1429 stacks.
Coverage after assembling stacks: mean=7.93; stdev=8.86; max=398; n_reads=1059599(51.4%)

Merging secondary stacks (max. dist. N=3 from consensus)...
  Merged 76516 out of 251456 secondary reads (30.4%), 3121 merged with gapped alignments.
Coverage after merging secondary stacks: mean=8.50; stdev=9.34; max=409; n_reads=1136115(55.1%)

Assembling stacks, allowing for gaps (min. match length 80.0%)...
  Assembled 135252 stacks into 133276 stacks.
Coverage after gapped assembly: mean=8.63; stdev=9.54; max=409; n_reads=1136115(55.1%)

Merging secondary stacks, allowing for gaps (min. match length 80.0%)...
  Merged 9469 out of 174940 secondary reads (5.4%).
Coverage after merging gapped secondary stacks: mean=8.70; stdev=9.59; max=409; n_reads=1145584(55.6%)

Final number of stacks built: 133276
Final coverage: mean=8.70; stdev=9.59; max=409; n_reads=1145584(55.6%)
Calling consensus sequences and haplotypes for catalog assembly...
Writing tags, SNPs, and alleles files to '00_Data/05a_Stacks.denovo.ALL.M1n1/S_23_01850'...done.
ustacks is done.
