

-t gzfastq -f ./00_Data/03a_Demultiplex/S_23_02061.1.fq.gz -o 00_Data/05a_Stacks.denovo.ALL.M4n4/ -i 381 -m 3 --name S_23_02061 -M 4 -p 8


ustacks parameters selected:
  Input file: './00_Data/03a_Demultiplex/S_23_02061.1.fq.gz'
  Sample ID: 381
  Min depth of coverage to create a stack (m): 3
  Repeat removal algorithm: enabled
  Max distance allowed between stacks (M): 4
  Max distance allowed to align secondary reads: 6
  Max number of stacks allowed per de novo locus: 3
  Deleveraging algorithm: disabled
  Gapped assembly: enabled
  Minimum alignment length: 0.8
  Model type: SNP
  Alpha significance level for model: 0.05

Loading RAD-Tags...

Loaded 257149 reads; formed:
  21602 stacks representing 150265 primary reads (58.4%)
  85557 secondary stacks representing 106884 secondary reads (41.6%)

Stack coverage: mean=6.96; stdev=35.46; max=2163; n_reads=150265(58.4%)
Removing repetitive stacks: cov > 114 (mean+3*stdev)...
  Blacklisted 1222 stacks.
Coverage after repeat removal: mean=5.32; stdev=7.16; max=113; n_reads=108520(42.2%)

Assembling stacks (max. dist. M=4)...
  Assembled 20380 stacks into 15414; blacklisted 368 stacks.
Coverage after assembling stacks: mean=5.25; stdev=6.93; max=218; n_reads=78592(30.6%)

Merging secondary stacks (max. dist. N=6 from consensus)...
  Merged 21604 out of 106884 secondary reads (20.2%), 10055 merged with gapped alignments.
Coverage after merging secondary stacks: mean=6.70; stdev=15.41; max=874; n_reads=100196(39.0%)

Assembling stacks, allowing for gaps (min. match length 80.0%)...
  Assembled 15414 stacks into 14972 stacks.
Coverage after gapped assembly: mean=6.90; stdev=15.98; max=874; n_reads=100196(39.0%)

Merging secondary stacks, allowing for gaps (min. match length 80.0%)...
  Merged 7063 out of 85280 secondary reads (8.3%).
Coverage after merging gapped secondary stacks: mean=7.39; stdev=18.33; max=998; n_reads=107259(41.7%)

Final number of stacks built: 14972
Final coverage: mean=7.39; stdev=18.33; max=998; n_reads=107259(41.7%)
Calling consensus sequences and haplotypes for catalog assembly...
Writing tags, SNPs, and alleles files to '00_Data/05a_Stacks.denovo.ALL.M4n4/S_23_02061'...done.
ustacks is done.
