

-t gzfastq -f ./00_Data/03a_Demultiplex/S_23_01057.1.fq.gz -o 00_Data/05a_Stacks.denovo.ALL.M1n1/ -i 49 -m 3 --name S_23_01057 -M 1 -p 8


ustacks parameters selected:
  Input file: './00_Data/03a_Demultiplex/S_23_01057.1.fq.gz'
  Sample ID: 49
  Min depth of coverage to create a stack (m): 3
  Repeat removal algorithm: enabled
  Max distance allowed between stacks (M): 1
  Max distance allowed to align secondary reads: 3
  Max number of stacks allowed per de novo locus: 3
  Deleveraging algorithm: disabled
  Gapped assembly: enabled
  Minimum alignment length: 0.8
  Model type: SNP
  Alpha significance level for model: 0.05

Loading RAD-Tags...

Loaded 654832 reads; formed:
  61624 stacks representing 476952 primary reads (72.8%)
  141328 secondary stacks representing 177880 secondary reads (27.2%)

Stack coverage: mean=7.74; stdev=51.58; max=5420; n_reads=476952(72.8%)
Removing repetitive stacks: cov > 163 (mean+3*stdev)...
  Blacklisted 3357 stacks.
Coverage after repeat removal: mean=5.81; stdev=8.32; max=163; n_reads=338278(51.7%)

Assembling stacks (max. dist. M=1)...
  Assembled 58267 stacks into 51370; blacklisted 564 stacks.
Coverage after assembling stacks: mean=5.56; stdev=6.75; max=200; n_reads=281706(43.0%)

Merging secondary stacks (max. dist. N=3 from consensus)...
  Merged 34479 out of 177880 secondary reads (19.4%), 1055 merged with gapped alignments.
Coverage after merging secondary stacks: mean=6.25; stdev=7.54; max=215; n_reads=316185(48.3%)

Assembling stacks, allowing for gaps (min. match length 80.0%)...
  Assembled 51370 stacks into 50833 stacks.
Coverage after gapped assembly: mean=6.31; stdev=7.67; max=215; n_reads=316185(48.3%)

Merging secondary stacks, allowing for gaps (min. match length 80.0%)...
  Merged 5274 out of 143401 secondary reads (3.7%).
Coverage after merging gapped secondary stacks: mean=6.42; stdev=7.80; max=215; n_reads=321459(49.1%)

Final number of stacks built: 50833
Final coverage: mean=6.42; stdev=7.80; max=215; n_reads=321459(49.1%)
Calling consensus sequences and haplotypes for catalog assembly...
Writing tags, SNPs, and alleles files to '00_Data/05a_Stacks.denovo.ALL.M1n1/S_23_01057'...done.
ustacks is done.
