

-t gzfastq -f ./00_Data/03a_Demultiplex/S_23_01228.1.fq.gz -o 00_Data/05a_Stacks.denovo.ALL.M4n4/ -i 177 -m 3 --name S_23_01228 -M 4 -p 8


ustacks parameters selected:
  Input file: './00_Data/03a_Demultiplex/S_23_01228.1.fq.gz'
  Sample ID: 177
  Min depth of coverage to create a stack (m): 3
  Repeat removal algorithm: enabled
  Max distance allowed between stacks (M): 4
  Max distance allowed to align secondary reads: 6
  Max number of stacks allowed per de novo locus: 3
  Deleveraging algorithm: disabled
  Gapped assembly: enabled
  Minimum alignment length: 0.8
  Model type: SNP
  Alpha significance level for model: 0.05

Loading RAD-Tags...1M...2M...3M...

Loaded 3895080 reads; formed:
  201663 stacks representing 3597599 primary reads (92.4%)
  263882 secondary stacks representing 297481 secondary reads (7.6%)

Stack coverage: mean=17.84; stdev=218.98; max=45887; n_reads=3597599(92.4%)
Removing repetitive stacks: cov > 675 (mean+3*stdev)...
  Blacklisted 9285 stacks.
Coverage after repeat removal: mean=13.25; stdev=23.75; max=672; n_reads=2549492(65.5%)

Assembling stacks (max. dist. M=4)...
  Assembled 192378 stacks into 130587; blacklisted 2924 stacks.
Coverage after assembling stacks: mean=12.83; stdev=15.37; max=623; n_reads=1634525(42.0%)

Merging secondary stacks (max. dist. N=6 from consensus)...
  Merged 127794 out of 297481 secondary reads (43.0%), 42215 merged with gapped alignments.
Coverage after merging secondary stacks: mean=13.83; stdev=17.58; max=2107; n_reads=1762319(45.2%)

Assembling stacks, allowing for gaps (min. match length 80.0%)...
  Assembled 130587 stacks into 124364 stacks.
Coverage after gapped assembly: mean=14.54; stdev=18.40; max=2107; n_reads=1762319(45.2%)

Merging secondary stacks, allowing for gaps (min. match length 80.0%)...
  Merged 32145 out of 169687 secondary reads (18.9%).
Coverage after merging gapped secondary stacks: mean=14.81; stdev=19.38; max=2113; n_reads=1794464(46.1%)

Final number of stacks built: 124364
Final coverage: mean=14.81; stdev=19.38; max=2113; n_reads=1794464(46.1%)
Calling consensus sequences and haplotypes for catalog assembly...
Writing tags, SNPs, and alleles files to '00_Data/05a_Stacks.denovo.ALL.M4n4/S_23_01228'...done.
ustacks is done.
