

-t gzfastq -f ./00_Data/03a_Demultiplex/S_23_01055.1.fq.gz -o 00_Data/05a_Stacks.denovo.ALL.M1n1/ -i 47 -m 3 --name S_23_01055 -M 1 -p 8


ustacks parameters selected:
  Input file: './00_Data/03a_Demultiplex/S_23_01055.1.fq.gz'
  Sample ID: 47
  Min depth of coverage to create a stack (m): 3
  Repeat removal algorithm: enabled
  Max distance allowed between stacks (M): 1
  Max distance allowed to align secondary reads: 3
  Max number of stacks allowed per de novo locus: 3
  Deleveraging algorithm: disabled
  Gapped assembly: enabled
  Minimum alignment length: 0.8
  Model type: SNP
  Alpha significance level for model: 0.05

Loading RAD-Tags...

Loaded 827360 reads; formed:
  79141 stacks representing 639283 primary reads (77.3%)
  148837 secondary stacks representing 188077 secondary reads (22.7%)

Stack coverage: mean=8.08; stdev=57.65; max=6386; n_reads=639283(77.3%)
Removing repetitive stacks: cov > 182 (mean+3*stdev)...
  Blacklisted 4156 stacks.
Coverage after repeat removal: mean=6.08; stdev=8.72; max=181; n_reads=456159(55.1%)

Assembling stacks (max. dist. M=1)...
  Assembled 74985 stacks into 66042; blacklisted 715 stacks.
Coverage after assembling stacks: mean=5.88; stdev=7.30; max=216; n_reads=382861(46.3%)

Merging secondary stacks (max. dist. N=3 from consensus)...
  Merged 38802 out of 188077 secondary reads (20.6%), 1188 merged with gapped alignments.
Coverage after merging secondary stacks: mean=6.47; stdev=7.99; max=227; n_reads=421663(51.0%)

Assembling stacks, allowing for gaps (min. match length 80.0%)...
  Assembled 66042 stacks into 65369 stacks.
Coverage after gapped assembly: mean=6.54; stdev=8.12; max=227; n_reads=421663(51.0%)

Merging secondary stacks, allowing for gaps (min. match length 80.0%)...
  Merged 6057 out of 149275 secondary reads (4.1%).
Coverage after merging gapped secondary stacks: mean=6.64; stdev=8.23; max=229; n_reads=427720(51.7%)

Final number of stacks built: 65369
Final coverage: mean=6.64; stdev=8.23; max=229; n_reads=427720(51.7%)
Calling consensus sequences and haplotypes for catalog assembly...
Writing tags, SNPs, and alleles files to '00_Data/05a_Stacks.denovo.ALL.M1n1/S_23_01055'...done.
ustacks is done.
