

-t gzfastq -f ./00_Data/03a_Demultiplex/S_23_01206.1.fq.gz -o 00_Data/05a_Stacks.denovo.ALL.M1n1/ -i 156 -m 3 --name S_23_01206 -M 1 -p 8


ustacks parameters selected:
  Input file: './00_Data/03a_Demultiplex/S_23_01206.1.fq.gz'
  Sample ID: 156
  Min depth of coverage to create a stack (m): 3
  Repeat removal algorithm: enabled
  Max distance allowed between stacks (M): 1
  Max distance allowed to align secondary reads: 3
  Max number of stacks allowed per de novo locus: 3
  Deleveraging algorithm: disabled
  Gapped assembly: enabled
  Minimum alignment length: 0.8
  Model type: SNP
  Alpha significance level for model: 0.05

Loading RAD-Tags...1M...2M...3M...

Loaded 3333938 reads; formed:
  196175 stacks representing 3036326 primary reads (91.1%)
  263555 secondary stacks representing 297612 secondary reads (8.9%)

Stack coverage: mean=15.48; stdev=194.52; max=40994; n_reads=3036326(91.1%)
Removing repetitive stacks: cov > 600 (mean+3*stdev)...
  Blacklisted 8866 stacks.
Coverage after repeat removal: mean=11.55; stdev=19.99; max=593; n_reads=2163925(64.9%)

Assembling stacks (max. dist. M=1)...
  Assembled 187309 stacks into 157581; blacklisted 1793 stacks.
Coverage after assembling stacks: mean=11.29; stdev=12.58; max=610; n_reads=1756099(52.7%)

Merging secondary stacks (max. dist. N=3 from consensus)...
  Merged 111019 out of 297612 secondary reads (37.3%), 4934 merged with gapped alignments.
Coverage after merging secondary stacks: mean=12.00; stdev=13.15; max=666; n_reads=1867118(56.0%)

Assembling stacks, allowing for gaps (min. match length 80.0%)...
  Assembled 157581 stacks into 154410 stacks.
Coverage after gapped assembly: mean=12.25; stdev=13.43; max=666; n_reads=1867118(56.0%)

Merging secondary stacks, allowing for gaps (min. match length 80.0%)...
  Merged 10806 out of 186593 secondary reads (5.8%).
Coverage after merging gapped secondary stacks: mean=12.32; stdev=13.46; max=666; n_reads=1877924(56.3%)

Final number of stacks built: 154410
Final coverage: mean=12.32; stdev=13.46; max=666; n_reads=1877924(56.3%)
Calling consensus sequences and haplotypes for catalog assembly...
Writing tags, SNPs, and alleles files to '00_Data/05a_Stacks.denovo.ALL.M1n1/S_23_01206'...done.
ustacks is done.
