

-t gzfastq -f ./00_Data/03a_Demultiplex/S_23_02262.1.fq.gz -o 00_Data/05a_Stacks.denovo.ALL.M4n4/ -i 553 -m 3 --name S_23_02262 -M 4 -p 8


ustacks parameters selected:
  Input file: './00_Data/03a_Demultiplex/S_23_02262.1.fq.gz'
  Sample ID: 553
  Min depth of coverage to create a stack (m): 3
  Repeat removal algorithm: enabled
  Max distance allowed between stacks (M): 4
  Max distance allowed to align secondary reads: 6
  Max number of stacks allowed per de novo locus: 3
  Deleveraging algorithm: disabled
  Gapped assembly: enabled
  Minimum alignment length: 0.8
  Model type: SNP
  Alpha significance level for model: 0.05

Loading RAD-Tags...1M...2M...3M...4M...

Loaded 4303734 reads; formed:
  206176 stacks representing 3975628 primary reads (92.4%)
  294355 secondary stacks representing 328106 secondary reads (7.6%)

Stack coverage: mean=19.28; stdev=248.67; max=50486; n_reads=3975628(92.4%)
Removing repetitive stacks: cov > 766 (mean+3*stdev)...
  Blacklisted 10107 stacks.
Coverage after repeat removal: mean=14.22; stdev=25.58; max=764; n_reads=2788465(64.8%)

Assembling stacks (max. dist. M=4)...
  Assembled 196069 stacks into 131089; blacklisted 3050 stacks.
Coverage after assembling stacks: mean=13.88; stdev=15.00; max=705; n_reads=1774038(41.2%)

Merging secondary stacks (max. dist. N=6 from consensus)...
  Merged 147251 out of 328106 secondary reads (44.9%), 47622 merged with gapped alignments.
Coverage after merging secondary stacks: mean=15.03; stdev=16.73; max=1152; n_reads=1921289(44.6%)

Assembling stacks, allowing for gaps (min. match length 80.0%)...
  Assembled 131089 stacks into 124588 stacks.
Coverage after gapped assembly: mean=15.84; stdev=17.66; max=1152; n_reads=1921289(44.6%)

Merging secondary stacks, allowing for gaps (min. match length 80.0%)...
  Merged 38285 out of 180855 secondary reads (21.2%).
Coverage after merging gapped secondary stacks: mean=16.16; stdev=19.16; max=1363; n_reads=1959574(45.5%)

Final number of stacks built: 124588
Final coverage: mean=16.16; stdev=19.16; max=1363; n_reads=1959574(45.5%)
Calling consensus sequences and haplotypes for catalog assembly...
Writing tags, SNPs, and alleles files to '00_Data/05a_Stacks.denovo.ALL.M4n4/S_23_02262'...done.
ustacks is done.
