

-t gzfastq -f ./00_Data/03a_Demultiplex/S_23_02162.1.fq.gz -o 00_Data/05a_Stacks.denovo.ALL.M1n1/ -i 472 -m 3 --name S_23_02162 -M 1 -p 8


ustacks parameters selected:
  Input file: './00_Data/03a_Demultiplex/S_23_02162.1.fq.gz'
  Sample ID: 472
  Min depth of coverage to create a stack (m): 3
  Repeat removal algorithm: enabled
  Max distance allowed between stacks (M): 1
  Max distance allowed to align secondary reads: 3
  Max number of stacks allowed per de novo locus: 3
  Deleveraging algorithm: disabled
  Gapped assembly: enabled
  Minimum alignment length: 0.8
  Model type: SNP
  Alpha significance level for model: 0.05

Loading RAD-Tags...1M...2M...3M...4M...5M...

Loaded 5831722 reads; formed:
  208394 stacks representing 5437877 primary reads (93.2%)
  361714 secondary stacks representing 393845 secondary reads (6.8%)

Stack coverage: mean=26.09; stdev=337.40; max=64223; n_reads=5437877(93.2%)
Removing repetitive stacks: cov > 1039 (mean+3*stdev)...
  Blacklisted 11236 stacks.
Coverage after repeat removal: mean=19.19; stdev=33.62; max=1035; n_reads=3783020(64.9%)

Assembling stacks (max. dist. M=1)...
  Assembled 197158 stacks into 161623; blacklisted 2015 stacks.
Coverage after assembling stacks: mean=19.14; stdev=21.42; max=970; n_reads=3049725(52.3%)

Merging secondary stacks (max. dist. N=3 from consensus)...
  Merged 180201 out of 393845 secondary reads (45.8%), 7807 merged with gapped alignments.
Coverage after merging secondary stacks: mean=20.27; stdev=22.22; max=1057; n_reads=3229926(55.4%)

Assembling stacks, allowing for gaps (min. match length 80.0%)...
  Assembled 161623 stacks into 157654 stacks.
Coverage after gapped assembly: mean=20.79; stdev=22.65; max=1057; n_reads=3229926(55.4%)

Merging secondary stacks, allowing for gaps (min. match length 80.0%)...
  Merged 12837 out of 213644 secondary reads (6.0%).
Coverage after merging gapped secondary stacks: mean=20.87; stdev=22.67; max=1057; n_reads=3242763(55.6%)

Final number of stacks built: 157654
Final coverage: mean=20.87; stdev=22.67; max=1057; n_reads=3242763(55.6%)
Calling consensus sequences and haplotypes for catalog assembly...
Writing tags, SNPs, and alleles files to '00_Data/05a_Stacks.denovo.ALL.M1n1/S_23_02162'...done.
ustacks is done.
