

-t gzfastq -f ./00_Data/03a_Demultiplex/S_23_01904.1.fq.gz -o 00_Data/05a_Stacks.denovo.ALL.M1n1/ -i 295 -m 3 --name S_23_01904 -M 1 -p 8


ustacks parameters selected:
  Input file: './00_Data/03a_Demultiplex/S_23_01904.1.fq.gz'
  Sample ID: 295
  Min depth of coverage to create a stack (m): 3
  Repeat removal algorithm: enabled
  Max distance allowed between stacks (M): 1
  Max distance allowed to align secondary reads: 3
  Max number of stacks allowed per de novo locus: 3
  Deleveraging algorithm: disabled
  Gapped assembly: enabled
  Minimum alignment length: 0.8
  Model type: SNP
  Alpha significance level for model: 0.05

Loading RAD-Tags...1M...2M...3M...4M...5M...

Loaded 5610820 reads; formed:
  195237 stacks representing 5270548 primary reads (93.9%)
  313574 secondary stacks representing 340272 secondary reads (6.1%)

Stack coverage: mean=27.00; stdev=350.19; max=68227; n_reads=5270548(93.9%)
Removing repetitive stacks: cov > 1078 (mean+3*stdev)...
  Blacklisted 10666 stacks.
Coverage after repeat removal: mean=19.68; stdev=34.68; max=1069; n_reads=3633094(64.8%)

Assembling stacks (max. dist. M=1)...
  Assembled 184571 stacks into 151096; blacklisted 1969 stacks.
Coverage after assembling stacks: mean=19.67; stdev=22.50; max=994; n_reads=2929158(52.2%)

Merging secondary stacks (max. dist. N=3 from consensus)...
  Merged 159077 out of 340272 secondary reads (46.7%), 7144 merged with gapped alignments.
Coverage after merging secondary stacks: mean=20.74; stdev=23.26; max=1016; n_reads=3088235(55.0%)

Assembling stacks, allowing for gaps (min. match length 80.0%)...
  Assembled 151096 stacks into 147407 stacks.
Coverage after gapped assembly: mean=21.27; stdev=23.75; max=1058; n_reads=3088235(55.0%)

Merging secondary stacks, allowing for gaps (min. match length 80.0%)...
  Merged 11430 out of 181195 secondary reads (6.3%).
Coverage after merging gapped secondary stacks: mean=21.35; stdev=23.77; max=1059; n_reads=3099665(55.2%)

Final number of stacks built: 147407
Final coverage: mean=21.35; stdev=23.77; max=1059; n_reads=3099665(55.2%)
Calling consensus sequences and haplotypes for catalog assembly...
Writing tags, SNPs, and alleles files to '00_Data/05a_Stacks.denovo.ALL.M1n1/S_23_01904'...done.
ustacks is done.
