

-t gzfastq -f ./00_Data/03a_Demultiplex/S_23_01095.1.fq.gz -o 00_Data/05a_Stacks.denovo.ALL.M4n4/ -i 73 -m 3 --name S_23_01095 -M 4 -p 8


ustacks parameters selected:
  Input file: './00_Data/03a_Demultiplex/S_23_01095.1.fq.gz'
  Sample ID: 73
  Min depth of coverage to create a stack (m): 3
  Repeat removal algorithm: enabled
  Max distance allowed between stacks (M): 4
  Max distance allowed to align secondary reads: 6
  Max number of stacks allowed per de novo locus: 3
  Deleveraging algorithm: disabled
  Gapped assembly: enabled
  Minimum alignment length: 0.8
  Model type: SNP
  Alpha significance level for model: 0.05

Loading RAD-Tags...

Loaded 620004 reads; formed:
  59042 stacks representing 466945 primary reads (75.3%)
  120330 secondary stacks representing 153059 secondary reads (24.7%)

Stack coverage: mean=7.91; stdev=52.99; max=5968; n_reads=466945(75.3%)
Removing repetitive stacks: cov > 167 (mean+3*stdev)...
  Blacklisted 3122 stacks.
Coverage after repeat removal: mean=5.96; stdev=8.32; max=166; n_reads=333303(53.8%)

Assembling stacks (max. dist. M=4)...
  Assembled 55920 stacks into 40430; blacklisted 970 stacks.
Coverage after assembling stacks: mean=5.79; stdev=6.72; max=175; n_reads=227367(36.7%)

Merging secondary stacks (max. dist. N=6 from consensus)...
  Merged 38268 out of 153059 secondary reads (25.0%), 15946 merged with gapped alignments.
Coverage after merging secondary stacks: mean=6.76; stdev=11.21; max=940; n_reads=265635(42.8%)

Assembling stacks, allowing for gaps (min. match length 80.0%)...
  Assembled 40430 stacks into 39178 stacks.
Coverage after gapped assembly: mean=6.98; stdev=11.70; max=940; n_reads=265635(42.8%)

Merging secondary stacks, allowing for gaps (min. match length 80.0%)...
  Merged 15230 out of 114791 secondary reads (13.3%).
Coverage after merging gapped secondary stacks: mean=7.38; stdev=14.10; max=943; n_reads=280865(45.3%)

Final number of stacks built: 39178
Final coverage: mean=7.38; stdev=14.10; max=943; n_reads=280865(45.3%)
Calling consensus sequences and haplotypes for catalog assembly...
Writing tags, SNPs, and alleles files to '00_Data/05a_Stacks.denovo.ALL.M4n4/S_23_01095'...done.
ustacks is done.
