

-t gzfastq -f ./00_Data/03a_Demultiplex/S_23_01210.1.fq.gz -o 00_Data/05a_Stacks.denovo.ALL.M1n1/ -i 160 -m 3 --name S_23_01210 -M 1 -p 8


ustacks parameters selected:
  Input file: './00_Data/03a_Demultiplex/S_23_01210.1.fq.gz'
  Sample ID: 160
  Min depth of coverage to create a stack (m): 3
  Repeat removal algorithm: enabled
  Max distance allowed between stacks (M): 1
  Max distance allowed to align secondary reads: 3
  Max number of stacks allowed per de novo locus: 3
  Deleveraging algorithm: disabled
  Gapped assembly: enabled
  Minimum alignment length: 0.8
  Model type: SNP
  Alpha significance level for model: 0.05

Loading RAD-Tags...1M...2M...3M...4M...

Loaded 4828465 reads; formed:
  229324 stacks representing 4454018 primary reads (92.2%)
  336411 secondary stacks representing 374447 secondary reads (7.8%)

Stack coverage: mean=19.42; stdev=244.17; max=51541; n_reads=4454018(92.2%)
Removing repetitive stacks: cov > 752 (mean+3*stdev)...
  Blacklisted 11181 stacks.
Coverage after repeat removal: mean=14.52; stdev=25.36; max=746; n_reads=3167956(65.6%)

Assembling stacks (max. dist. M=1)...
  Assembled 218143 stacks into 181437; blacklisted 2165 stacks.
Coverage after assembling stacks: mean=14.34; stdev=16.04; max=744; n_reads=2567734(53.2%)

Merging secondary stacks (max. dist. N=3 from consensus)...
  Merged 152056 out of 374447 secondary reads (40.6%), 6555 merged with gapped alignments.
Coverage after merging secondary stacks: mean=15.19; stdev=16.65; max=762; n_reads=2719790(56.3%)

Assembling stacks, allowing for gaps (min. match length 80.0%)...
  Assembled 181437 stacks into 177334 stacks.
Coverage after gapped assembly: mean=15.55; stdev=16.96; max=762; n_reads=2719790(56.3%)

Merging secondary stacks, allowing for gaps (min. match length 80.0%)...
  Merged 13447 out of 222391 secondary reads (6.0%).
Coverage after merging gapped secondary stacks: mean=15.63; stdev=16.99; max=762; n_reads=2733237(56.6%)

Final number of stacks built: 177334
Final coverage: mean=15.63; stdev=16.99; max=762; n_reads=2733237(56.6%)
Calling consensus sequences and haplotypes for catalog assembly...
Writing tags, SNPs, and alleles files to '00_Data/05a_Stacks.denovo.ALL.M1n1/S_23_01210'...done.
ustacks is done.
