

-t gzfastq -f ./00_Data/03a_Demultiplex/S_23_02102.1.fq.gz -o 00_Data/05a_Stacks.denovo.ALL.M1n1/ -i 411 -m 3 --name S_23_02102 -M 1 -p 8


ustacks parameters selected:
  Input file: './00_Data/03a_Demultiplex/S_23_02102.1.fq.gz'
  Sample ID: 411
  Min depth of coverage to create a stack (m): 3
  Repeat removal algorithm: enabled
  Max distance allowed between stacks (M): 1
  Max distance allowed to align secondary reads: 3
  Max number of stacks allowed per de novo locus: 3
  Deleveraging algorithm: disabled
  Gapped assembly: enabled
  Minimum alignment length: 0.8
  Model type: SNP
  Alpha significance level for model: 0.05

Loading RAD-Tags...1M...2M...3M...4M...

Loaded 4525458 reads; formed:
  218711 stacks representing 4158337 primary reads (91.9%)
  329962 secondary stacks representing 367121 secondary reads (8.1%)

Stack coverage: mean=19.01; stdev=235.97; max=49609; n_reads=4158337(91.9%)
Removing repetitive stacks: cov > 727 (mean+3*stdev)...
  Blacklisted 10743 stacks.
Coverage after repeat removal: mean=14.10; stdev=24.01; max=727; n_reads=2931754(64.8%)

Assembling stacks (max. dist. M=1)...
  Assembled 207968 stacks into 173030; blacklisted 2070 stacks.
Coverage after assembling stacks: mean=13.95; stdev=15.16; max=734; n_reads=2381770(52.6%)

Merging secondary stacks (max. dist. N=3 from consensus)...
  Merged 145445 out of 367121 secondary reads (39.6%), 6691 merged with gapped alignments.
Coverage after merging secondary stacks: mean=14.81; stdev=15.78; max=778; n_reads=2527215(55.8%)

Assembling stacks, allowing for gaps (min. match length 80.0%)...
  Assembled 173030 stacks into 169074 stacks.
Coverage after gapped assembly: mean=15.16; stdev=16.18; max=892; n_reads=2527215(55.8%)

Merging secondary stacks, allowing for gaps (min. match length 80.0%)...
  Merged 13092 out of 221676 secondary reads (5.9%).
Coverage after merging gapped secondary stacks: mean=15.24; stdev=16.21; max=892; n_reads=2540307(56.1%)

Final number of stacks built: 169074
Final coverage: mean=15.24; stdev=16.21; max=892; n_reads=2540307(56.1%)
Calling consensus sequences and haplotypes for catalog assembly...
Writing tags, SNPs, and alleles files to '00_Data/05a_Stacks.denovo.ALL.M1n1/S_23_02102'...done.
ustacks is done.
