

-t gzfastq -f ./00_Data/03a_Demultiplex/S_23_01824.1.fq.gz -o 00_Data/05a_Stacks.denovo.ALL.M4n4/ -i 247 -m 3 --name S_23_01824 -M 4 -p 8


ustacks parameters selected:
  Input file: './00_Data/03a_Demultiplex/S_23_01824.1.fq.gz'
  Sample ID: 247
  Min depth of coverage to create a stack (m): 3
  Repeat removal algorithm: enabled
  Max distance allowed between stacks (M): 4
  Max distance allowed to align secondary reads: 6
  Max number of stacks allowed per de novo locus: 3
  Deleveraging algorithm: disabled
  Gapped assembly: enabled
  Minimum alignment length: 0.8
  Model type: SNP
  Alpha significance level for model: 0.05

Loading RAD-Tags...1M...2M...3M...

Loaded 3966611 reads; formed:
  208244 stacks representing 3622105 primary reads (91.3%)
  308351 secondary stacks representing 344506 secondary reads (8.7%)

Stack coverage: mean=17.39; stdev=233.29; max=52378; n_reads=3622105(91.3%)
Removing repetitive stacks: cov > 718 (mean+3*stdev)...
  Blacklisted 9961 stacks.
Coverage after repeat removal: mean=12.93; stdev=23.58; max=715; n_reads=2563360(64.6%)

Assembling stacks (max. dist. M=4)...
  Assembled 198283 stacks into 133566; blacklisted 2980 stacks.
Coverage after assembling stacks: mean=12.50; stdev=13.71; max=629; n_reads=1629121(41.1%)

Merging secondary stacks (max. dist. N=6 from consensus)...
  Merged 151969 out of 344506 secondary reads (44.1%), 50619 merged with gapped alignments.
Coverage after merging secondary stacks: mean=13.66; stdev=15.92; max=1287; n_reads=1781090(44.9%)

Assembling stacks, allowing for gaps (min. match length 80.0%)...
  Assembled 133566 stacks into 127476 stacks.
Coverage after gapped assembly: mean=14.33; stdev=16.83; max=1287; n_reads=1781090(44.9%)

Merging secondary stacks, allowing for gaps (min. match length 80.0%)...
  Merged 34102 out of 192537 secondary reads (17.7%).
Coverage after merging gapped secondary stacks: mean=14.61; stdev=18.09; max=1287; n_reads=1815192(45.8%)

Final number of stacks built: 127476
Final coverage: mean=14.61; stdev=18.09; max=1287; n_reads=1815192(45.8%)
Calling consensus sequences and haplotypes for catalog assembly...
Writing tags, SNPs, and alleles files to '00_Data/05a_Stacks.denovo.ALL.M4n4/S_23_01824'...done.
ustacks is done.
