

-t gzfastq -f ./00_Data/03a_Demultiplex/S_23_02184.1.fq.gz -o 00_Data/05a_Stacks.denovo.ALL.M1n1/ -i 492 -m 3 --name S_23_02184 -M 1 -p 8


ustacks parameters selected:
  Input file: './00_Data/03a_Demultiplex/S_23_02184.1.fq.gz'
  Sample ID: 492
  Min depth of coverage to create a stack (m): 3
  Repeat removal algorithm: enabled
  Max distance allowed between stacks (M): 1
  Max distance allowed to align secondary reads: 3
  Max number of stacks allowed per de novo locus: 3
  Deleveraging algorithm: disabled
  Gapped assembly: enabled
  Minimum alignment length: 0.8
  Model type: SNP
  Alpha significance level for model: 0.05

Loading RAD-Tags...1M...

Loaded 1455265 reads; formed:
  123863 stacks representing 1200283 primary reads (82.5%)
  208374 secondary stacks representing 254982 secondary reads (17.5%)

Stack coverage: mean=9.69; stdev=106.18; max=19301; n_reads=1200283(82.5%)
Removing repetitive stacks: cov > 329 (mean+3*stdev)...
  Blacklisted 5170 stacks.
Coverage after repeat removal: mean=7.44; stdev=13.48; max=328; n_reads=883333(60.7%)

Assembling stacks (max. dist. M=1)...
  Assembled 118693 stacks into 102758; blacklisted 1165 stacks.
Coverage after assembling stacks: mean=7.18; stdev=10.97; max=312; n_reads=728267(50.0%)

Merging secondary stacks (max. dist. N=3 from consensus)...
  Merged 63863 out of 254982 secondary reads (25.0%), 2339 merged with gapped alignments.
Coverage after merging secondary stacks: mean=7.81; stdev=11.67; max=321; n_reads=792130(54.4%)

Assembling stacks, allowing for gaps (min. match length 80.0%)...
  Assembled 102758 stacks into 101653 stacks.
Coverage after gapped assembly: mean=7.90; stdev=11.81; max=321; n_reads=792130(54.4%)

Merging secondary stacks, allowing for gaps (min. match length 80.0%)...
  Merged 8168 out of 191119 secondary reads (4.3%).
Coverage after merging gapped secondary stacks: mean=7.98; stdev=11.86; max=321; n_reads=800298(55.0%)

Final number of stacks built: 101653
Final coverage: mean=7.98; stdev=11.86; max=321; n_reads=800298(55.0%)
Calling consensus sequences and haplotypes for catalog assembly...
Writing tags, SNPs, and alleles files to '00_Data/05a_Stacks.denovo.ALL.M1n1/S_23_02184'...done.
ustacks is done.
