

-t gzfastq -f ./00_Data/03a_Demultiplex/S_23_02208.1.fq.gz -o 00_Data/05a_Stacks.denovo.ALL.M1n1/ -i 516 -m 3 --name S_23_02208 -M 1 -p 8


ustacks parameters selected:
  Input file: './00_Data/03a_Demultiplex/S_23_02208.1.fq.gz'
  Sample ID: 516
  Min depth of coverage to create a stack (m): 3
  Repeat removal algorithm: enabled
  Max distance allowed between stacks (M): 1
  Max distance allowed to align secondary reads: 3
  Max number of stacks allowed per de novo locus: 3
  Deleveraging algorithm: disabled
  Gapped assembly: enabled
  Minimum alignment length: 0.8
  Model type: SNP
  Alpha significance level for model: 0.05

Loading RAD-Tags...1M...2M...

Loaded 2754153 reads; formed:
  175885 stacks representing 2447815 primary reads (88.9%)
  262504 secondary stacks representing 306338 secondary reads (11.1%)

Stack coverage: mean=13.92; stdev=197.81; max=43588; n_reads=2447815(88.9%)
Removing repetitive stacks: cov > 608 (mean+3*stdev)...
  Blacklisted 7141 stacks.
Coverage after repeat removal: mean=10.30; stdev=19.25; max=604; n_reads=1737962(63.1%)

Assembling stacks (max. dist. M=1)...
  Assembled 168744 stacks into 142210; blacklisted 1608 stacks.
Coverage after assembling stacks: mean=10.01; stdev=12.35; max=693; n_reads=1405543(51.0%)

Merging secondary stacks (max. dist. N=3 from consensus)...
  Merged 93995 out of 306338 secondary reads (30.7%), 3800 merged with gapped alignments.
Coverage after merging secondary stacks: mean=10.68; stdev=12.92; max=717; n_reads=1499538(54.4%)

Assembling stacks, allowing for gaps (min. match length 80.0%)...
  Assembled 142210 stacks into 139835 stacks.
Coverage after gapped assembly: mean=10.86; stdev=13.12; max=717; n_reads=1499538(54.4%)

Merging secondary stacks, allowing for gaps (min. match length 80.0%)...
  Merged 10142 out of 212343 secondary reads (4.8%).
Coverage after merging gapped secondary stacks: mean=10.94; stdev=13.15; max=717; n_reads=1509680(54.8%)

Final number of stacks built: 139835
Final coverage: mean=10.94; stdev=13.15; max=717; n_reads=1509680(54.8%)
Calling consensus sequences and haplotypes for catalog assembly...
Writing tags, SNPs, and alleles files to '00_Data/05a_Stacks.denovo.ALL.M1n1/S_23_02208'...done.
ustacks is done.
