

-t gzfastq -f ./00_Data/03a_Demultiplex/S_23_02122.1.fq.gz -o 00_Data/05a_Stacks.denovo.ALL.M4n4/ -i 431 -m 3 --name S_23_02122 -M 4 -p 8


ustacks parameters selected:
  Input file: './00_Data/03a_Demultiplex/S_23_02122.1.fq.gz'
  Sample ID: 431
  Min depth of coverage to create a stack (m): 3
  Repeat removal algorithm: enabled
  Max distance allowed between stacks (M): 4
  Max distance allowed to align secondary reads: 6
  Max number of stacks allowed per de novo locus: 3
  Deleveraging algorithm: disabled
  Gapped assembly: enabled
  Minimum alignment length: 0.8
  Model type: SNP
  Alpha significance level for model: 0.05

Loading RAD-Tags...1M...2M...3M...4M...5M...6M...7M...8M...

Loaded 8304064 reads; formed:
  234582 stacks representing 7766697 primary reads (93.5%)
  490852 secondary stacks representing 537367 secondary reads (6.5%)

Stack coverage: mean=33.11; stdev=434.64; max=100222; n_reads=7766697(93.5%)
Removing repetitive stacks: cov > 1338 (mean+3*stdev)...
  Blacklisted 12358 stacks.
Coverage after repeat removal: mean=24.63; stdev=43.99; max=1331; n_reads=5472471(65.9%)

Assembling stacks (max. dist. M=4)...
  Assembled 222224 stacks into 146969; blacklisted 3451 stacks.
Coverage after assembling stacks: mean=24.56; stdev=26.87; max=1296; n_reads=3518017(42.4%)

Merging secondary stacks (max. dist. N=6 from consensus)...
  Merged 264926 out of 537367 secondary reads (49.3%), 84425 merged with gapped alignments.
Coverage after merging secondary stacks: mean=26.41; stdev=29.34; max=1491; n_reads=3782943(45.6%)

Assembling stacks, allowing for gaps (min. match length 80.0%)...
  Assembled 146969 stacks into 138766 stacks.
Coverage after gapped assembly: mean=28.01; stdev=31.09; max=2013; n_reads=3782943(45.6%)

Merging secondary stacks, allowing for gaps (min. match length 80.0%)...
  Merged 50747 out of 272441 secondary reads (18.6%).
Coverage after merging gapped secondary stacks: mean=28.39; stdev=32.40; max=2014; n_reads=3833690(46.2%)

Final number of stacks built: 138766
Final coverage: mean=28.39; stdev=32.40; max=2014; n_reads=3833690(46.2%)
Calling consensus sequences and haplotypes for catalog assembly...
Writing tags, SNPs, and alleles files to '00_Data/05a_Stacks.denovo.ALL.M4n4/S_23_02122'...done.
ustacks is done.
