

-t gzfastq -f ./00_Data/03a_Demultiplex/S_23_01875.1.fq.gz -o 00_Data/05a_Stacks.denovo.ALL.M4n4/ -i 280 -m 3 --name S_23_01875 -M 4 -p 8


ustacks parameters selected:
  Input file: './00_Data/03a_Demultiplex/S_23_01875.1.fq.gz'
  Sample ID: 280
  Min depth of coverage to create a stack (m): 3
  Repeat removal algorithm: enabled
  Max distance allowed between stacks (M): 4
  Max distance allowed to align secondary reads: 6
  Max number of stacks allowed per de novo locus: 3
  Deleveraging algorithm: disabled
  Gapped assembly: enabled
  Minimum alignment length: 0.8
  Model type: SNP
  Alpha significance level for model: 0.05

Loading RAD-Tags...1M...2M...3M...4M...5M...

Loaded 5654349 reads; formed:
  224356 stacks representing 5279153 primary reads (93.4%)
  338045 secondary stacks representing 375196 secondary reads (6.6%)

Stack coverage: mean=23.53; stdev=273.59; max=51001; n_reads=5279153(93.4%)
Removing repetitive stacks: cov > 845 (mean+3*stdev)...
  Blacklisted 11468 stacks.
Coverage after repeat removal: mean=17.64; stdev=28.18; max=844; n_reads=3755035(66.4%)

Assembling stacks (max. dist. M=4)...
  Assembled 212888 stacks into 142990; blacklisted 3282 stacks.
Coverage after assembling stacks: mean=17.81; stdev=18.80; max=821; n_reads=2482597(43.9%)

Merging secondary stacks (max. dist. N=6 from consensus)...
  Merged 184023 out of 375196 secondary reads (49.0%), 55777 merged with gapped alignments.
Coverage after merging secondary stacks: mean=19.13; stdev=20.26; max=924; n_reads=2666620(47.2%)

Assembling stacks, allowing for gaps (min. match length 80.0%)...
  Assembled 142990 stacks into 135320 stacks.
Coverage after gapped assembly: mean=20.24; stdev=21.30; max=924; n_reads=2666620(47.2%)

Merging secondary stacks, allowing for gaps (min. match length 80.0%)...
  Merged 39805 out of 191173 secondary reads (20.8%).
Coverage after merging gapped secondary stacks: mean=20.54; stdev=22.21; max=933; n_reads=2706425(47.9%)

Final number of stacks built: 135320
Final coverage: mean=20.54; stdev=22.21; max=933; n_reads=2706425(47.9%)
Calling consensus sequences and haplotypes for catalog assembly...
Writing tags, SNPs, and alleles files to '00_Data/05a_Stacks.denovo.ALL.M4n4/S_23_01875'...done.
ustacks is done.
