

-t gzfastq -f ./00_Data/03a_Demultiplex/S_23_01857.1.fq.gz -o 00_Data/05a_Stacks.denovo.ALL.M1n1/ -i 264 -m 3 --name S_23_01857 -M 1 -p 8


ustacks parameters selected:
  Input file: './00_Data/03a_Demultiplex/S_23_01857.1.fq.gz'
  Sample ID: 264
  Min depth of coverage to create a stack (m): 3
  Repeat removal algorithm: enabled
  Max distance allowed between stacks (M): 1
  Max distance allowed to align secondary reads: 3
  Max number of stacks allowed per de novo locus: 3
  Deleveraging algorithm: disabled
  Gapped assembly: enabled
  Minimum alignment length: 0.8
  Model type: SNP
  Alpha significance level for model: 0.05

Loading RAD-Tags...1M...2M...3M...4M...5M...6M...

Loaded 6671651 reads; formed:
  214892 stacks representing 6230090 primary reads (93.4%)
  407555 secondary stacks representing 441561 secondary reads (6.6%)

Stack coverage: mean=28.99; stdev=375.90; max=73690; n_reads=6230090(93.4%)
Removing repetitive stacks: cov > 1157 (mean+3*stdev)...
  Blacklisted 12156 stacks.
Coverage after repeat removal: mean=21.38; stdev=37.94; max=1152; n_reads=4335073(65.0%)

Assembling stacks (max. dist. M=1)...
  Assembled 202736 stacks into 165134; blacklisted 2233 stacks.
Coverage after assembling stacks: mean=21.18; stdev=22.37; max=1175; n_reads=3444641(51.6%)

Merging secondary stacks (max. dist. N=3 from consensus)...
  Merged 227399 out of 441561 secondary reads (51.5%), 9550 merged with gapped alignments.
Coverage after merging secondary stacks: mean=22.58; stdev=23.32; max=1216; n_reads=3672040(55.0%)

Assembling stacks, allowing for gaps (min. match length 80.0%)...
  Assembled 165134 stacks into 161126 stacks.
Coverage after gapped assembly: mean=23.15; stdev=23.80; max=1216; n_reads=3672040(55.0%)

Merging secondary stacks, allowing for gaps (min. match length 80.0%)...
  Merged 13455 out of 214162 secondary reads (6.3%).
Coverage after merging gapped secondary stacks: mean=23.23; stdev=23.83; max=1216; n_reads=3685495(55.2%)

Final number of stacks built: 161126
Final coverage: mean=23.23; stdev=23.83; max=1216; n_reads=3685495(55.2%)
Calling consensus sequences and haplotypes for catalog assembly...
Writing tags, SNPs, and alleles files to '00_Data/05a_Stacks.denovo.ALL.M1n1/S_23_01857'...done.
ustacks is done.
