

-t gzfastq -f ./00_Data/03a_Demultiplex/S_23_01916.1.fq.gz -o 00_Data/05a_Stacks.denovo.ALL.M4n4/ -i 306 -m 3 --name S_23_01916 -M 4 -p 8


ustacks parameters selected:
  Input file: './00_Data/03a_Demultiplex/S_23_01916.1.fq.gz'
  Sample ID: 306
  Min depth of coverage to create a stack (m): 3
  Repeat removal algorithm: enabled
  Max distance allowed between stacks (M): 4
  Max distance allowed to align secondary reads: 6
  Max number of stacks allowed per de novo locus: 3
  Deleveraging algorithm: disabled
  Gapped assembly: enabled
  Minimum alignment length: 0.8
  Model type: SNP
  Alpha significance level for model: 0.05

Loading RAD-Tags...1M...2M...3M...4M...5M...

Loaded 5223539 reads; formed:
  210867 stacks representing 4878447 primary reads (93.4%)
  316107 secondary stacks representing 345092 secondary reads (6.6%)

Stack coverage: mean=23.14; stdev=302.95; max=67594; n_reads=4878447(93.4%)
Removing repetitive stacks: cov > 932 (mean+3*stdev)...
  Blacklisted 10061 stacks.
Coverage after repeat removal: mean=17.28; stdev=30.31; max=932; n_reads=3469103(66.4%)

Assembling stacks (max. dist. M=4)...
  Assembled 200806 stacks into 133371; blacklisted 3074 stacks.
Coverage after assembling stacks: mean=17.05; stdev=18.42; max=906; n_reads=2217038(42.4%)

Merging secondary stacks (max. dist. N=6 from consensus)...
  Merged 173170 out of 345092 secondary reads (50.2%), 52656 merged with gapped alignments.
Coverage after merging secondary stacks: mean=18.38; stdev=20.14; max=933; n_reads=2390208(45.8%)

Assembling stacks, allowing for gaps (min. match length 80.0%)...
  Assembled 133371 stacks into 126399 stacks.
Coverage after gapped assembly: mean=19.42; stdev=21.26; max=1036; n_reads=2390208(45.8%)

Merging secondary stacks, allowing for gaps (min. match length 80.0%)...
  Merged 35430 out of 171922 secondary reads (20.6%).
Coverage after merging gapped secondary stacks: mean=19.71; stdev=22.68; max=1121; n_reads=2425638(46.4%)

Final number of stacks built: 126399
Final coverage: mean=19.71; stdev=22.68; max=1121; n_reads=2425638(46.4%)
Calling consensus sequences and haplotypes for catalog assembly...
Writing tags, SNPs, and alleles files to '00_Data/05a_Stacks.denovo.ALL.M4n4/S_23_01916'...done.
ustacks is done.
