

-t gzfastq -f ./00_Data/03a_Demultiplex/S_23_01053.1.fq.gz -o 00_Data/05a_Stacks.denovo.ALL.M4n4/ -i 45 -m 3 --name S_23_01053 -M 4 -p 8


ustacks parameters selected:
  Input file: './00_Data/03a_Demultiplex/S_23_01053.1.fq.gz'
  Sample ID: 45
  Min depth of coverage to create a stack (m): 3
  Repeat removal algorithm: enabled
  Max distance allowed between stacks (M): 4
  Max distance allowed to align secondary reads: 6
  Max number of stacks allowed per de novo locus: 3
  Deleveraging algorithm: disabled
  Gapped assembly: enabled
  Minimum alignment length: 0.8
  Model type: SNP
  Alpha significance level for model: 0.05

Loading RAD-Tags...1M...2M...3M...4M...

Loaded 4489591 reads; formed:
  216974 stacks representing 4149444 primary reads (92.4%)
  311062 secondary stacks representing 340147 secondary reads (7.6%)

Stack coverage: mean=19.12; stdev=231.42; max=47197; n_reads=4149444(92.4%)
Removing repetitive stacks: cov > 714 (mean+3*stdev)...
  Blacklisted 11577 stacks.
Coverage after repeat removal: mean=14.19; stdev=24.20; max=711; n_reads=2914102(64.9%)

Assembling stacks (max. dist. M=4)...
  Assembled 205397 stacks into 137601; blacklisted 3085 stacks.
Coverage after assembling stacks: mean=14.00; stdev=14.95; max=665; n_reads=1879368(41.9%)

Merging secondary stacks (max. dist. N=6 from consensus)...
  Merged 177593 out of 340147 secondary reads (52.2%), 56538 merged with gapped alignments.
Coverage after merging secondary stacks: mean=15.32; stdev=17.13; max=911; n_reads=2056961(45.8%)

Assembling stacks, allowing for gaps (min. match length 80.0%)...
  Assembled 137601 stacks into 130836 stacks.
Coverage after gapped assembly: mean=16.14; stdev=18.11; max=915; n_reads=2056961(45.8%)

Merging secondary stacks, allowing for gaps (min. match length 80.0%)...
  Merged 43214 out of 162554 secondary reads (26.6%).
Coverage after merging gapped secondary stacks: mean=16.48; stdev=20.02; max=1493; n_reads=2100175(46.8%)

Final number of stacks built: 130836
Final coverage: mean=16.48; stdev=20.02; max=1493; n_reads=2100175(46.8%)
Calling consensus sequences and haplotypes for catalog assembly...
Writing tags, SNPs, and alleles files to '00_Data/05a_Stacks.denovo.ALL.M4n4/S_23_01053'...done.
ustacks is done.
