

-t gzfastq -f ./00_Data/03a_Demultiplex/S_23_01158.1.fq.gz -o 00_Data/05a_Stacks.denovo.ALL.M1n1/ -i 121 -m 3 --name S_23_01158 -M 1 -p 8


ustacks parameters selected:
  Input file: './00_Data/03a_Demultiplex/S_23_01158.1.fq.gz'
  Sample ID: 121
  Min depth of coverage to create a stack (m): 3
  Repeat removal algorithm: enabled
  Max distance allowed between stacks (M): 1
  Max distance allowed to align secondary reads: 3
  Max number of stacks allowed per de novo locus: 3
  Deleveraging algorithm: disabled
  Gapped assembly: enabled
  Minimum alignment length: 0.8
  Model type: SNP
  Alpha significance level for model: 0.05

Loading RAD-Tags...1M...2M...

Loaded 2797073 reads; formed:
  186455 stacks representing 2533494 primary reads (90.6%)
  228334 secondary stacks representing 263579 secondary reads (9.4%)

Stack coverage: mean=13.59; stdev=171.13; max=36041; n_reads=2533494(90.6%)
Removing repetitive stacks: cov > 527 (mean+3*stdev)...
  Blacklisted 8181 stacks.
Coverage after repeat removal: mean=10.16; stdev=17.97; max=526; n_reads=1811701(64.8%)

Assembling stacks (max. dist. M=1)...
  Assembled 178274 stacks into 150882; blacklisted 1656 stacks.
Coverage after assembling stacks: mean=9.83; stdev=10.86; max=522; n_reads=1464330(52.4%)

Merging secondary stacks (max. dist. N=3 from consensus)...
  Merged 94180 out of 263579 secondary reads (35.7%), 3959 merged with gapped alignments.
Coverage after merging secondary stacks: mean=10.46; stdev=11.33; max=537; n_reads=1558510(55.7%)

Assembling stacks, allowing for gaps (min. match length 80.0%)...
  Assembled 150882 stacks into 148213 stacks.
Coverage after gapped assembly: mean=10.65; stdev=11.53; max=537; n_reads=1558510(55.7%)

Merging secondary stacks, allowing for gaps (min. match length 80.0%)...
  Merged 9837 out of 169399 secondary reads (5.8%).
Coverage after merging gapped secondary stacks: mean=10.72; stdev=11.56; max=537; n_reads=1568347(56.1%)

Final number of stacks built: 148213
Final coverage: mean=10.72; stdev=11.56; max=537; n_reads=1568347(56.1%)
Calling consensus sequences and haplotypes for catalog assembly...
Writing tags, SNPs, and alleles files to '00_Data/05a_Stacks.denovo.ALL.M1n1/S_23_01158'...done.
ustacks is done.
