

-t gzfastq -f ./00_Data/03a_Demultiplex/S_23_02064.1.fq.gz -o 00_Data/05a_Stacks.denovo.ALL.M1n1/ -i 384 -m 3 --name S_23_02064 -M 1 -p 8


ustacks parameters selected:
  Input file: './00_Data/03a_Demultiplex/S_23_02064.1.fq.gz'
  Sample ID: 384
  Min depth of coverage to create a stack (m): 3
  Repeat removal algorithm: enabled
  Max distance allowed between stacks (M): 1
  Max distance allowed to align secondary reads: 3
  Max number of stacks allowed per de novo locus: 3
  Deleveraging algorithm: disabled
  Gapped assembly: enabled
  Minimum alignment length: 0.8
  Model type: SNP
  Alpha significance level for model: 0.05

Loading RAD-Tags...1M...

Loaded 1300244 reads; formed:
  114124 stacks representing 1093892 primary reads (84.1%)
  167336 secondary stacks representing 206352 secondary reads (15.9%)

Stack coverage: mean=9.59; stdev=76.36; max=8863; n_reads=1093892(84.1%)
Removing repetitive stacks: cov > 239 (mean+3*stdev)...
  Blacklisted 5498 stacks.
Coverage after repeat removal: mean=7.29; stdev=10.51; max=238; n_reads=792068(60.9%)

Assembling stacks (max. dist. M=1)...
  Assembled 108626 stacks into 94811; blacklisted 999 stacks.
Coverage after assembling stacks: mean=7.10; stdev=8.44; max=293; n_reads=664445(51.1%)

Merging secondary stacks (max. dist. N=3 from consensus)...
  Merged 52124 out of 206352 secondary reads (25.3%), 1941 merged with gapped alignments.
Coverage after merging secondary stacks: mean=7.66; stdev=8.96; max=319; n_reads=716569(55.1%)

Assembling stacks, allowing for gaps (min. match length 80.0%)...
  Assembled 94811 stacks into 93470 stacks.
Coverage after gapped assembly: mean=7.77; stdev=9.12; max=319; n_reads=716569(55.1%)

Merging secondary stacks, allowing for gaps (min. match length 80.0%)...
  Merged 6866 out of 154228 secondary reads (4.5%).
Coverage after merging gapped secondary stacks: mean=7.84; stdev=9.19; max=319; n_reads=723435(55.6%)

Final number of stacks built: 93470
Final coverage: mean=7.84; stdev=9.19; max=319; n_reads=723435(55.6%)
Calling consensus sequences and haplotypes for catalog assembly...
Writing tags, SNPs, and alleles files to '00_Data/05a_Stacks.denovo.ALL.M1n1/S_23_02064'...done.
ustacks is done.
