

-t gzfastq -f ./00_Data/03a_Demultiplex/S_23_02036.1.fq.gz -o 00_Data/05a_Stacks.denovo.ALL.M4n4/ -i 356 -m 3 --name S_23_02036 -M 4 -p 8


ustacks parameters selected:
  Input file: './00_Data/03a_Demultiplex/S_23_02036.1.fq.gz'
  Sample ID: 356
  Min depth of coverage to create a stack (m): 3
  Repeat removal algorithm: enabled
  Max distance allowed between stacks (M): 4
  Max distance allowed to align secondary reads: 6
  Max number of stacks allowed per de novo locus: 3
  Deleveraging algorithm: disabled
  Gapped assembly: enabled
  Minimum alignment length: 0.8
  Model type: SNP
  Alpha significance level for model: 0.05

Loading RAD-Tags...

Loaded 726663 reads; formed:
  70263 stacks representing 537444 primary reads (74.0%)
  148869 secondary stacks representing 189219 secondary reads (26.0%)

Stack coverage: mean=7.65; stdev=56.04; max=5531; n_reads=537444(74.0%)
Removing repetitive stacks: cov > 176 (mean+3*stdev)...
  Blacklisted 3447 stacks.
Coverage after repeat removal: mean=5.73; stdev=8.33; max=176; n_reads=382673(52.7%)

Assembling stacks (max. dist. M=4)...
  Assembled 66816 stacks into 49021; blacklisted 1072 stacks.
Coverage after assembling stacks: mean=5.48; stdev=6.38; max=176; n_reads=261828(36.0%)

Merging secondary stacks (max. dist. N=6 from consensus)...
  Merged 46048 out of 189219 secondary reads (24.3%), 18890 merged with gapped alignments.
Coverage after merging secondary stacks: mean=6.44; stdev=11.16; max=1254; n_reads=307876(42.4%)

Assembling stacks, allowing for gaps (min. match length 80.0%)...
  Assembled 49021 stacks into 47699 stacks.
Coverage after gapped assembly: mean=6.63; stdev=11.61; max=1254; n_reads=307876(42.4%)

Merging secondary stacks, allowing for gaps (min. match length 80.0%)...
  Merged 19186 out of 143171 secondary reads (13.4%).
Coverage after merging gapped secondary stacks: mean=7.04; stdev=13.54; max=1262; n_reads=327062(45.0%)

Final number of stacks built: 47699
Final coverage: mean=7.04; stdev=13.54; max=1262; n_reads=327062(45.0%)
Calling consensus sequences and haplotypes for catalog assembly...
Writing tags, SNPs, and alleles files to '00_Data/05a_Stacks.denovo.ALL.M4n4/S_23_02036'...done.
ustacks is done.
