

-t gzfastq -f ./00_Data/03a_Demultiplex/S_23_01863.1.fq.gz -o 00_Data/05a_Stacks.denovo.ALL.M1n1/ -i 269 -m 3 --name S_23_01863 -M 1 -p 8


ustacks parameters selected:
  Input file: './00_Data/03a_Demultiplex/S_23_01863.1.fq.gz'
  Sample ID: 269
  Min depth of coverage to create a stack (m): 3
  Repeat removal algorithm: enabled
  Max distance allowed between stacks (M): 1
  Max distance allowed to align secondary reads: 3
  Max number of stacks allowed per de novo locus: 3
  Deleveraging algorithm: disabled
  Gapped assembly: enabled
  Minimum alignment length: 0.8
  Model type: SNP
  Alpha significance level for model: 0.05

Loading RAD-Tags...1M...2M...

Loaded 2185962 reads; formed:
  162586 stacks representing 1960882 primary reads (89.7%)
  191508 secondary stacks representing 225080 secondary reads (10.3%)

Stack coverage: mean=12.06; stdev=138.02; max=27155; n_reads=1960882(89.7%)
Removing repetitive stacks: cov > 427 (mean+3*stdev)...
  Blacklisted 7369 stacks.
Coverage after repeat removal: mean=8.97; stdev=15.14; max=427; n_reads=1392958(63.7%)

Assembling stacks (max. dist. M=1)...
  Assembled 155217 stacks into 133094; blacklisted 1417 stacks.
Coverage after assembling stacks: mean=8.68; stdev=10.02; max=413; n_reads=1140371(52.2%)

Merging secondary stacks (max. dist. N=3 from consensus)...
  Merged 77558 out of 225080 secondary reads (34.5%), 3080 merged with gapped alignments.
Coverage after merging secondary stacks: mean=9.27; stdev=10.51; max=447; n_reads=1217929(55.7%)

Assembling stacks, allowing for gaps (min. match length 80.0%)...
  Assembled 133094 stacks into 130974 stacks.
Coverage after gapped assembly: mean=9.42; stdev=10.72; max=447; n_reads=1217929(55.7%)

Merging secondary stacks, allowing for gaps (min. match length 80.0%)...
  Merged 8649 out of 147522 secondary reads (5.9%).
Coverage after merging gapped secondary stacks: mean=9.48; stdev=10.77; max=447; n_reads=1226578(56.1%)

Final number of stacks built: 130974
Final coverage: mean=9.48; stdev=10.77; max=447; n_reads=1226578(56.1%)
Calling consensus sequences and haplotypes for catalog assembly...
Writing tags, SNPs, and alleles files to '00_Data/05a_Stacks.denovo.ALL.M1n1/S_23_01863'...done.
ustacks is done.
