

-t gzfastq -f ./00_Data/03a_Demultiplex/S_23_02118.1.fq.gz -o 00_Data/05a_Stacks.denovo.ALL.M4n4/ -i 427 -m 3 --name S_23_02118 -M 4 -p 8


ustacks parameters selected:
  Input file: './00_Data/03a_Demultiplex/S_23_02118.1.fq.gz'
  Sample ID: 427
  Min depth of coverage to create a stack (m): 3
  Repeat removal algorithm: enabled
  Max distance allowed between stacks (M): 4
  Max distance allowed to align secondary reads: 6
  Max number of stacks allowed per de novo locus: 3
  Deleveraging algorithm: disabled
  Gapped assembly: enabled
  Minimum alignment length: 0.8
  Model type: SNP
  Alpha significance level for model: 0.05

Loading RAD-Tags...1M...2M...3M...4M...5M...6M...7M...8M...9M...10M...11M...

Loaded 11246403 reads; formed:
  276938 stacks representing 10511993 primary reads (93.5%)
  665227 secondary stacks representing 734410 secondary reads (6.5%)

Stack coverage: mean=37.96; stdev=507.91; max=118003; n_reads=10511993(93.5%)
Removing repetitive stacks: cov > 1562 (mean+3*stdev)...
  Blacklisted 16003 stacks.
Coverage after repeat removal: mean=28.27; stdev=50.94; max=1561; n_reads=7375449(65.6%)

Assembling stacks (max. dist. M=4)...
  Assembled 260935 stacks into 172496; blacklisted 4212 stacks.
Coverage after assembling stacks: mean=28.03; stdev=30.19; max=1299; n_reads=4707529(41.9%)

Merging secondary stacks (max. dist. N=6 from consensus)...
  Merged 351372 out of 734410 secondary reads (47.8%), 114319 merged with gapped alignments.
Coverage after merging secondary stacks: mean=30.12; stdev=32.69; max=1612; n_reads=5058901(45.0%)

Assembling stacks, allowing for gaps (min. match length 80.0%)...
  Assembled 172496 stacks into 162236 stacks.
Coverage after gapped assembly: mean=32.08; stdev=34.60; max=1989; n_reads=5058901(45.0%)

Merging secondary stacks, allowing for gaps (min. match length 80.0%)...
  Merged 78928 out of 383038 secondary reads (20.6%).
Coverage after merging gapped secondary stacks: mean=32.58; stdev=36.44; max=2351; n_reads=5137829(45.7%)

Final number of stacks built: 162236
Final coverage: mean=32.58; stdev=36.44; max=2351; n_reads=5137829(45.7%)
Calling consensus sequences and haplotypes for catalog assembly...
Writing tags, SNPs, and alleles files to '00_Data/05a_Stacks.denovo.ALL.M4n4/S_23_02118'...done.
ustacks is done.
