

-t gzfastq -f ./00_Data/03a_Demultiplex/S_23_01820.1.fq.gz -o 00_Data/05a_Stacks.denovo.ALL.M4n4/ -i 243 -m 3 --name S_23_01820 -M 4 -p 8


ustacks parameters selected:
  Input file: './00_Data/03a_Demultiplex/S_23_01820.1.fq.gz'
  Sample ID: 243
  Min depth of coverage to create a stack (m): 3
  Repeat removal algorithm: enabled
  Max distance allowed between stacks (M): 4
  Max distance allowed to align secondary reads: 6
  Max number of stacks allowed per de novo locus: 3
  Deleveraging algorithm: disabled
  Gapped assembly: enabled
  Minimum alignment length: 0.8
  Model type: SNP
  Alpha significance level for model: 0.05

Loading RAD-Tags...1M...

Loaded 1936967 reads; formed:
  150418 stacks representing 1727600 primary reads (89.2%)
  175273 secondary stacks representing 209367 secondary reads (10.8%)

Stack coverage: mean=11.49; stdev=115.73; max=17201; n_reads=1727600(89.2%)
Removing repetitive stacks: cov > 359 (mean+3*stdev)...
  Blacklisted 6915 stacks.
Coverage after repeat removal: mean=8.63; stdev=13.71; max=358; n_reads=1237826(63.9%)

Assembling stacks (max. dist. M=4)...
  Assembled 143503 stacks into 99096; blacklisted 2240 stacks.
Coverage after assembling stacks: mean=8.33; stdev=9.53; max=466; n_reads=804644(41.5%)

Merging secondary stacks (max. dist. N=6 from consensus)...
  Merged 80103 out of 209367 secondary reads (38.3%), 27087 merged with gapped alignments.
Coverage after merging secondary stacks: mean=9.16; stdev=12.33; max=1580; n_reads=884747(45.7%)

Assembling stacks, allowing for gaps (min. match length 80.0%)...
  Assembled 99096 stacks into 95328 stacks.
Coverage after gapped assembly: mean=9.53; stdev=12.87; max=1580; n_reads=884747(45.7%)

Merging secondary stacks, allowing for gaps (min. match length 80.0%)...
  Merged 24338 out of 129264 secondary reads (18.8%).
Coverage after merging gapped secondary stacks: mean=9.79; stdev=13.83; max=1581; n_reads=909085(46.9%)

Final number of stacks built: 95328
Final coverage: mean=9.79; stdev=13.83; max=1581; n_reads=909085(46.9%)
Calling consensus sequences and haplotypes for catalog assembly...
Writing tags, SNPs, and alleles files to '00_Data/05a_Stacks.denovo.ALL.M4n4/S_23_01820'...done.
ustacks is done.
