

-t gzfastq -f ./00_Data/03a_Demultiplex/S_23_01855.1.fq.gz -o 00_Data/05a_Stacks.denovo.ALL.M4n4/ -i 262 -m 3 --name S_23_01855 -M 4 -p 8


ustacks parameters selected:
  Input file: './00_Data/03a_Demultiplex/S_23_01855.1.fq.gz'
  Sample ID: 262
  Min depth of coverage to create a stack (m): 3
  Repeat removal algorithm: enabled
  Max distance allowed between stacks (M): 4
  Max distance allowed to align secondary reads: 6
  Max number of stacks allowed per de novo locus: 3
  Deleveraging algorithm: disabled
  Gapped assembly: enabled
  Minimum alignment length: 0.8
  Model type: SNP
  Alpha significance level for model: 0.05

Loading RAD-Tags...1M...2M...3M...4M...

Loaded 4936242 reads; formed:
  225691 stacks representing 4546919 primary reads (92.1%)
  351530 secondary stacks representing 389323 secondary reads (7.9%)

Stack coverage: mean=20.15; stdev=258.32; max=58236; n_reads=4546919(92.1%)
Removing repetitive stacks: cov > 796 (mean+3*stdev)...
  Blacklisted 11051 stacks.
Coverage after repeat removal: mean=15.01; stdev=25.82; max=793; n_reads=3222341(65.3%)

Assembling stacks (max. dist. M=4)...
  Assembled 214640 stacks into 144698; blacklisted 3251 stacks.
Coverage after assembling stacks: mean=14.83; stdev=15.69; max=875; n_reads=2092929(42.4%)

Merging secondary stacks (max. dist. N=6 from consensus)...
  Merged 174985 out of 389323 secondary reads (44.9%), 56210 merged with gapped alignments.
Coverage after merging secondary stacks: mean=16.06; stdev=18.31; max=2530; n_reads=2267914(45.9%)

Assembling stacks, allowing for gaps (min. match length 80.0%)...
  Assembled 144698 stacks into 137414 stacks.
Coverage after gapped assembly: mean=16.94; stdev=19.26; max=2530; n_reads=2267914(45.9%)

Merging secondary stacks, allowing for gaps (min. match length 80.0%)...
  Merged 39710 out of 214338 secondary reads (18.5%).
Coverage after merging gapped secondary stacks: mean=17.24; stdev=20.40; max=2530; n_reads=2307624(46.7%)

Final number of stacks built: 137414
Final coverage: mean=17.24; stdev=20.40; max=2530; n_reads=2307624(46.7%)
Calling consensus sequences and haplotypes for catalog assembly...
Writing tags, SNPs, and alleles files to '00_Data/05a_Stacks.denovo.ALL.M4n4/S_23_01855'...done.
ustacks is done.
