

-t gzfastq -f ./00_Data/03a_Demultiplex/S_23_01073.1.fq.gz -o 00_Data/05a_Stacks.denovo.ALL.M1n1/ -i 65 -m 3 --name S_23_01073 -M 1 -p 8


ustacks parameters selected:
  Input file: './00_Data/03a_Demultiplex/S_23_01073.1.fq.gz'
  Sample ID: 65
  Min depth of coverage to create a stack (m): 3
  Repeat removal algorithm: enabled
  Max distance allowed between stacks (M): 1
  Max distance allowed to align secondary reads: 3
  Max number of stacks allowed per de novo locus: 3
  Deleveraging algorithm: disabled
  Gapped assembly: enabled
  Minimum alignment length: 0.8
  Model type: SNP
  Alpha significance level for model: 0.05

Loading RAD-Tags...1M...2M...3M...4M...5M...

Loaded 5768867 reads; formed:
  219894 stacks representing 5363527 primary reads (93.0%)
  371197 secondary stacks representing 405340 secondary reads (7.0%)

Stack coverage: mean=24.39; stdev=314.45; max=64167; n_reads=5363527(93.0%)
Removing repetitive stacks: cov > 968 (mean+3*stdev)...
  Blacklisted 11093 stacks.
Coverage after repeat removal: mean=18.01; stdev=32.04; max=960; n_reads=3761153(65.2%)

Assembling stacks (max. dist. M=1)...
  Assembled 208801 stacks into 171627; blacklisted 2089 stacks.
Coverage after assembling stacks: mean=17.81; stdev=19.12; max=922; n_reads=3014678(52.3%)

Merging secondary stacks (max. dist. N=3 from consensus)...
  Merged 181057 out of 405340 secondary reads (44.7%), 8006 merged with gapped alignments.
Coverage after merging secondary stacks: mean=18.88; stdev=19.86; max=953; n_reads=3195735(55.4%)

Assembling stacks, allowing for gaps (min. match length 80.0%)...
  Assembled 171627 stacks into 167434 stacks.
Coverage after gapped assembly: mean=19.36; stdev=20.28; max=953; n_reads=3195735(55.4%)

Merging secondary stacks, allowing for gaps (min. match length 80.0%)...
  Merged 13071 out of 224283 secondary reads (5.8%).
Coverage after merging gapped secondary stacks: mean=19.44; stdev=20.31; max=953; n_reads=3208806(55.6%)

Final number of stacks built: 167434
Final coverage: mean=19.44; stdev=20.31; max=953; n_reads=3208806(55.6%)
Calling consensus sequences and haplotypes for catalog assembly...
Writing tags, SNPs, and alleles files to '00_Data/05a_Stacks.denovo.ALL.M1n1/S_23_01073'...done.
ustacks is done.
