

-t gzfastq -f ./00_Data/03a_Demultiplex/S_23_01999.1.fq.gz -o 00_Data/05a_Stacks.denovo.ALL.M4n4/ -i 319 -m 3 --name S_23_01999 -M 4 -p 8


ustacks parameters selected:
  Input file: './00_Data/03a_Demultiplex/S_23_01999.1.fq.gz'
  Sample ID: 319
  Min depth of coverage to create a stack (m): 3
  Repeat removal algorithm: enabled
  Max distance allowed between stacks (M): 4
  Max distance allowed to align secondary reads: 6
  Max number of stacks allowed per de novo locus: 3
  Deleveraging algorithm: disabled
  Gapped assembly: enabled
  Minimum alignment length: 0.8
  Model type: SNP
  Alpha significance level for model: 0.05

Loading RAD-Tags...1M...2M...3M...4M...5M...

Loaded 5893645 reads; formed:
  223119 stacks representing 5477630 primary reads (92.9%)
  378696 secondary stacks representing 416015 secondary reads (7.1%)

Stack coverage: mean=24.55; stdev=330.51; max=75398; n_reads=5477630(92.9%)
Removing repetitive stacks: cov > 1017 (mean+3*stdev)...
  Blacklisted 10577 stacks.
Coverage after repeat removal: mean=18.29; stdev=33.16; max=1007; n_reads=3887258(66.0%)

Assembling stacks (max. dist. M=4)...
  Assembled 212542 stacks into 141705; blacklisted 3277 stacks.
Coverage after assembling stacks: mean=17.85; stdev=19.04; max=844; n_reads=2466121(41.8%)

Merging secondary stacks (max. dist. N=6 from consensus)...
  Merged 187167 out of 416015 secondary reads (45.0%), 59578 merged with gapped alignments.
Coverage after merging secondary stacks: mean=19.20; stdev=20.76; max=994; n_reads=2653288(45.0%)

Assembling stacks, allowing for gaps (min. match length 80.0%)...
  Assembled 141705 stacks into 134341 stacks.
Coverage after gapped assembly: mean=20.28; stdev=21.87; max=994; n_reads=2653288(45.0%)

Merging secondary stacks, allowing for gaps (min. match length 80.0%)...
  Merged 40308 out of 228848 secondary reads (17.6%).
Coverage after merging gapped secondary stacks: mean=20.59; stdev=23.04; max=1323; n_reads=2693596(45.7%)

Final number of stacks built: 134341
Final coverage: mean=20.59; stdev=23.04; max=1323; n_reads=2693596(45.7%)
Calling consensus sequences and haplotypes for catalog assembly...
Writing tags, SNPs, and alleles files to '00_Data/05a_Stacks.denovo.ALL.M4n4/S_23_01999'...done.
ustacks is done.
