

-t gzfastq -f ./00_Data/03a_Demultiplex/S_23_01006.1.fq.gz -o 00_Data/05a_Stacks.denovo.ALL.M4n4/ -i 28 -m 3 --name S_23_01006 -M 4 -p 8


ustacks parameters selected:
  Input file: './00_Data/03a_Demultiplex/S_23_01006.1.fq.gz'
  Sample ID: 28
  Min depth of coverage to create a stack (m): 3
  Repeat removal algorithm: enabled
  Max distance allowed between stacks (M): 4
  Max distance allowed to align secondary reads: 6
  Max number of stacks allowed per de novo locus: 3
  Deleveraging algorithm: disabled
  Gapped assembly: enabled
  Minimum alignment length: 0.8
  Model type: SNP
  Alpha significance level for model: 0.05

Loading RAD-Tags...1M...2M...3M...4M...5M...6M...

Loaded 6178364 reads; formed:
  208141 stacks representing 5774157 primary reads (93.5%)
  366941 secondary stacks representing 404207 secondary reads (6.5%)

Stack coverage: mean=27.74; stdev=373.86; max=74933; n_reads=5774157(93.5%)
Removing repetitive stacks: cov > 1150 (mean+3*stdev)...
  Blacklisted 11229 stacks.
Coverage after repeat removal: mean=20.16; stdev=36.61; max=1144; n_reads=3969805(64.3%)

Assembling stacks (max. dist. M=4)...
  Assembled 196912 stacks into 129588; blacklisted 3122 stacks.
Coverage after assembling stacks: mean=19.80; stdev=21.30; max=904; n_reads=2498776(40.4%)

Merging secondary stacks (max. dist. N=6 from consensus)...
  Merged 200565 out of 404207 secondary reads (49.6%), 65151 merged with gapped alignments.
Coverage after merging secondary stacks: mean=21.38; stdev=23.58; max=1167; n_reads=2699341(43.7%)

Assembling stacks, allowing for gaps (min. match length 80.0%)...
  Assembled 129588 stacks into 122839 stacks.
Coverage after gapped assembly: mean=22.59; stdev=24.98; max=1167; n_reads=2699341(43.7%)

Merging secondary stacks, allowing for gaps (min. match length 80.0%)...
  Merged 50764 out of 203642 secondary reads (24.9%).
Coverage after merging gapped secondary stacks: mean=23.02; stdev=27.29; max=1903; n_reads=2750105(44.5%)

Final number of stacks built: 122839
Final coverage: mean=23.02; stdev=27.29; max=1903; n_reads=2750105(44.5%)
Calling consensus sequences and haplotypes for catalog assembly...
Writing tags, SNPs, and alleles files to '00_Data/05a_Stacks.denovo.ALL.M4n4/S_23_01006'...done.
ustacks is done.
