

-t gzfastq -f ./00_Data/03a_Demultiplex/S_23_01843.1.fq.gz -o 00_Data/05a_Stacks.denovo.ALL.M1n1/ -i 250 -m 3 --name S_23_01843 -M 1 -p 8


ustacks parameters selected:
  Input file: './00_Data/03a_Demultiplex/S_23_01843.1.fq.gz'
  Sample ID: 250
  Min depth of coverage to create a stack (m): 3
  Repeat removal algorithm: enabled
  Max distance allowed between stacks (M): 1
  Max distance allowed to align secondary reads: 3
  Max number of stacks allowed per de novo locus: 3
  Deleveraging algorithm: disabled
  Gapped assembly: enabled
  Minimum alignment length: 0.8
  Model type: SNP
  Alpha significance level for model: 0.05

Loading RAD-Tags...1M...2M...

Loaded 2568594 reads; formed:
  187059 stacks representing 2294490 primary reads (89.3%)
  234460 secondary stacks representing 274104 secondary reads (10.7%)

Stack coverage: mean=12.27; stdev=140.10; max=26916; n_reads=2294490(89.3%)
Removing repetitive stacks: cov > 433 (mean+3*stdev)...
  Blacklisted 8695 stacks.
Coverage after repeat removal: mean=9.16; stdev=15.19; max=433; n_reads=1633245(63.6%)

Assembling stacks (max. dist. M=1)...
  Assembled 178364 stacks into 152817; blacklisted 1616 stacks.
Coverage after assembling stacks: mean=8.89; stdev=10.19; max=501; n_reads=1341968(52.2%)

Merging secondary stacks (max. dist. N=3 from consensus)...
  Merged 92875 out of 274104 secondary reads (33.9%), 4084 merged with gapped alignments.
Coverage after merging secondary stacks: mean=9.51; stdev=10.70; max=513; n_reads=1434843(55.9%)

Assembling stacks, allowing for gaps (min. match length 80.0%)...
  Assembled 152817 stacks into 150338 stacks.
Coverage after gapped assembly: mean=9.67; stdev=10.89; max=513; n_reads=1434843(55.9%)

Merging secondary stacks, allowing for gaps (min. match length 80.0%)...
  Merged 10461 out of 181229 secondary reads (5.8%).
Coverage after merging gapped secondary stacks: mean=9.74; stdev=10.92; max=513; n_reads=1445304(56.3%)

Final number of stacks built: 150338
Final coverage: mean=9.74; stdev=10.92; max=513; n_reads=1445304(56.3%)
Calling consensus sequences and haplotypes for catalog assembly...
Writing tags, SNPs, and alleles files to '00_Data/05a_Stacks.denovo.ALL.M1n1/S_23_01843'...done.
ustacks is done.
