

-t gzfastq -f ./00_Data/03a_Demultiplex/S_23_01854.1.fq.gz -o 00_Data/05a_Stacks.denovo.ALL.M4n4/ -i 261 -m 3 --name S_23_01854 -M 4 -p 8


ustacks parameters selected:
  Input file: './00_Data/03a_Demultiplex/S_23_01854.1.fq.gz'
  Sample ID: 261
  Min depth of coverage to create a stack (m): 3
  Repeat removal algorithm: enabled
  Max distance allowed between stacks (M): 4
  Max distance allowed to align secondary reads: 6
  Max number of stacks allowed per de novo locus: 3
  Deleveraging algorithm: disabled
  Gapped assembly: enabled
  Minimum alignment length: 0.8
  Model type: SNP
  Alpha significance level for model: 0.05

Loading RAD-Tags...

Loaded 295295 reads; formed:
  25005 stacks representing 173351 primary reads (58.7%)
  97552 secondary stacks representing 121944 secondary reads (41.3%)

Stack coverage: mean=6.93; stdev=36.38; max=2513; n_reads=173351(58.7%)
Removing repetitive stacks: cov > 117 (mean+3*stdev)...
  Blacklisted 1384 stacks.
Coverage after repeat removal: mean=5.31; stdev=7.31; max=116; n_reads=125381(42.5%)

Assembling stacks (max. dist. M=4)...
  Assembled 23621 stacks into 18033; blacklisted 399 stacks.
Coverage after assembling stacks: mean=5.21; stdev=6.65; max=185; n_reads=91310(30.9%)

Merging secondary stacks (max. dist. N=6 from consensus)...
  Merged 22396 out of 121944 secondary reads (18.4%), 9100 merged with gapped alignments.
Coverage after merging secondary stacks: mean=6.48; stdev=11.53; max=562; n_reads=113706(38.5%)

Assembling stacks, allowing for gaps (min. match length 80.0%)...
  Assembled 18033 stacks into 17545 stacks.
Coverage after gapped assembly: mean=6.67; stdev=12.08; max=562; n_reads=113706(38.5%)

Merging secondary stacks, allowing for gaps (min. match length 80.0%)...
  Merged 9871 out of 99548 secondary reads (9.9%).
Coverage after merging gapped secondary stacks: mean=7.25; stdev=14.67; max=608; n_reads=123577(41.8%)

Final number of stacks built: 17545
Final coverage: mean=7.25; stdev=14.67; max=608; n_reads=123577(41.8%)
Calling consensus sequences and haplotypes for catalog assembly...
Writing tags, SNPs, and alleles files to '00_Data/05a_Stacks.denovo.ALL.M4n4/S_23_01854'...done.
ustacks is done.
