

-t gzfastq -f ./00_Data/03a_Demultiplex/S_23_01214.1.fq.gz -o 00_Data/05a_Stacks.denovo.ALL.M4n4/ -i 164 -m 3 --name S_23_01214 -M 4 -p 8


ustacks parameters selected:
  Input file: './00_Data/03a_Demultiplex/S_23_01214.1.fq.gz'
  Sample ID: 164
  Min depth of coverage to create a stack (m): 3
  Repeat removal algorithm: enabled
  Max distance allowed between stacks (M): 4
  Max distance allowed to align secondary reads: 6
  Max number of stacks allowed per de novo locus: 3
  Deleveraging algorithm: disabled
  Gapped assembly: enabled
  Minimum alignment length: 0.8
  Model type: SNP
  Alpha significance level for model: 0.05

Loading RAD-Tags...1M...2M...3M...4M...5M...

Loaded 5271469 reads; formed:
  210896 stacks representing 4904576 primary reads (93.0%)
  332846 secondary stacks representing 366893 secondary reads (7.0%)

Stack coverage: mean=23.26; stdev=299.82; max=59845; n_reads=4904576(93.0%)
Removing repetitive stacks: cov > 923 (mean+3*stdev)...
  Blacklisted 10753 stacks.
Coverage after repeat removal: mean=17.08; stdev=29.88; max=923; n_reads=3418474(64.8%)

Assembling stacks (max. dist. M=4)...
  Assembled 200143 stacks into 133317; blacklisted 3019 stacks.
Coverage after assembling stacks: mean=16.90; stdev=18.01; max=772; n_reads=2198303(41.7%)

Merging secondary stacks (max. dist. N=6 from consensus)...
  Merged 175872 out of 366893 secondary reads (47.9%), 55728 merged with gapped alignments.
Coverage after merging secondary stacks: mean=18.26; stdev=19.82; max=963; n_reads=2374175(45.0%)

Assembling stacks, allowing for gaps (min. match length 80.0%)...
  Assembled 133317 stacks into 126458 stacks.
Coverage after gapped assembly: mean=19.27; stdev=20.86; max=963; n_reads=2374175(45.0%)

Merging secondary stacks, allowing for gaps (min. match length 80.0%)...
  Merged 37547 out of 191021 secondary reads (19.7%).
Coverage after merging gapped secondary stacks: mean=19.58; stdev=21.97; max=1064; n_reads=2411722(45.8%)

Final number of stacks built: 126458
Final coverage: mean=19.58; stdev=21.97; max=1064; n_reads=2411722(45.8%)
Calling consensus sequences and haplotypes for catalog assembly...
Writing tags, SNPs, and alleles files to '00_Data/05a_Stacks.denovo.ALL.M4n4/S_23_01214'...done.
ustacks is done.
