

-t gzfastq -f ./00_Data/03a_Demultiplex/S_23_02200.1.fq.gz -o 00_Data/05a_Stacks.denovo.ALL.M1n1/ -i 508 -m 3 --name S_23_02200 -M 1 -p 8


ustacks parameters selected:
  Input file: './00_Data/03a_Demultiplex/S_23_02200.1.fq.gz'
  Sample ID: 508
  Min depth of coverage to create a stack (m): 3
  Repeat removal algorithm: enabled
  Max distance allowed between stacks (M): 1
  Max distance allowed to align secondary reads: 3
  Max number of stacks allowed per de novo locus: 3
  Deleveraging algorithm: disabled
  Gapped assembly: enabled
  Minimum alignment length: 0.8
  Model type: SNP
  Alpha significance level for model: 0.05

Loading RAD-Tags...1M...2M...3M...

Loaded 3495962 reads; formed:
  203438 stacks representing 3189446 primary reads (91.2%)
  267241 secondary stacks representing 306516 secondary reads (8.8%)

Stack coverage: mean=15.68; stdev=209.34; max=49676; n_reads=3189446(91.2%)
Removing repetitive stacks: cov > 644 (mean+3*stdev)...
  Blacklisted 8340 stacks.
Coverage after repeat removal: mean=11.86; stdev=21.94; max=640; n_reads=2313002(66.2%)

Assembling stacks (max. dist. M=1)...
  Assembled 195098 stacks into 162377; blacklisted 2109 stacks.
Coverage after assembling stacks: mean=11.64; stdev=15.95; max=638; n_reads=1863305(53.3%)

Merging secondary stacks (max. dist. N=3 from consensus)...
  Merged 111703 out of 306516 secondary reads (36.4%), 4761 merged with gapped alignments.
Coverage after merging secondary stacks: mean=12.34; stdev=16.61; max=671; n_reads=1975008(56.5%)

Assembling stacks, allowing for gaps (min. match length 80.0%)...
  Assembled 162377 stacks into 159378 stacks.
Coverage after gapped assembly: mean=12.58; stdev=16.88; max=671; n_reads=1975008(56.5%)

Merging secondary stacks, allowing for gaps (min. match length 80.0%)...
  Merged 10292 out of 194813 secondary reads (5.3%).
Coverage after merging gapped secondary stacks: mean=12.64; stdev=16.90; max=671; n_reads=1985300(56.8%)

Final number of stacks built: 159378
Final coverage: mean=12.64; stdev=16.90; max=671; n_reads=1985300(56.8%)
Calling consensus sequences and haplotypes for catalog assembly...
Writing tags, SNPs, and alleles files to '00_Data/05a_Stacks.denovo.ALL.M1n1/S_23_02200'...done.
ustacks is done.
