

-t gzfastq -f ./00_Data/03a_Demultiplex/S_23_01846.1.fq.gz -o 00_Data/05a_Stacks.denovo.ALL.M1n1/ -i 253 -m 3 --name S_23_01846 -M 1 -p 8


ustacks parameters selected:
  Input file: './00_Data/03a_Demultiplex/S_23_01846.1.fq.gz'
  Sample ID: 253
  Min depth of coverage to create a stack (m): 3
  Repeat removal algorithm: enabled
  Max distance allowed between stacks (M): 1
  Max distance allowed to align secondary reads: 3
  Max number of stacks allowed per de novo locus: 3
  Deleveraging algorithm: disabled
  Gapped assembly: enabled
  Minimum alignment length: 0.8
  Model type: SNP
  Alpha significance level for model: 0.05

Loading RAD-Tags...1M...2M...

Loaded 2933446 reads; formed:
  185647 stacks representing 2672533 primary reads (91.1%)
  227396 secondary stacks representing 260913 secondary reads (8.9%)

Stack coverage: mean=14.40; stdev=172.85; max=30348; n_reads=2672533(91.1%)
Removing repetitive stacks: cov > 533 (mean+3*stdev)...
  Blacklisted 8792 stacks.
Coverage after repeat removal: mean=10.68; stdev=18.13; max=530; n_reads=1888091(64.4%)

Assembling stacks (max. dist. M=1)...
  Assembled 176855 stacks into 149225; blacklisted 1697 stacks.
Coverage after assembling stacks: mean=10.43; stdev=12.03; max=562; n_reads=1536436(52.4%)

Merging secondary stacks (max. dist. N=3 from consensus)...
  Merged 99902 out of 260913 secondary reads (38.3%), 4472 merged with gapped alignments.
Coverage after merging secondary stacks: mean=11.11; stdev=12.55; max=579; n_reads=1636338(55.8%)

Assembling stacks, allowing for gaps (min. match length 80.0%)...
  Assembled 149225 stacks into 146496 stacks.
Coverage after gapped assembly: mean=11.32; stdev=12.77; max=579; n_reads=1636338(55.8%)

Merging secondary stacks, allowing for gaps (min. match length 80.0%)...
  Merged 10358 out of 161011 secondary reads (6.4%).
Coverage after merging gapped secondary stacks: mean=11.39; stdev=12.81; max=579; n_reads=1646696(56.1%)

Final number of stacks built: 146496
Final coverage: mean=11.39; stdev=12.81; max=579; n_reads=1646696(56.1%)
Calling consensus sequences and haplotypes for catalog assembly...
Writing tags, SNPs, and alleles files to '00_Data/05a_Stacks.denovo.ALL.M1n1/S_23_01846'...done.
ustacks is done.
