

-t gzfastq -f ./00_Data/03a_Demultiplex/S_23_02097.1.fq.gz -o 00_Data/05a_Stacks.denovo.ALL.M4n4/ -i 406 -m 3 --name S_23_02097 -M 4 -p 8


ustacks parameters selected:
  Input file: './00_Data/03a_Demultiplex/S_23_02097.1.fq.gz'
  Sample ID: 406
  Min depth of coverage to create a stack (m): 3
  Repeat removal algorithm: enabled
  Max distance allowed between stacks (M): 4
  Max distance allowed to align secondary reads: 6
  Max number of stacks allowed per de novo locus: 3
  Deleveraging algorithm: disabled
  Gapped assembly: enabled
  Minimum alignment length: 0.8
  Model type: SNP
  Alpha significance level for model: 0.05

Loading RAD-Tags...

Loaded 191496 reads; formed:
  14262 stacks representing 97234 primary reads (50.8%)
  76887 secondary stacks representing 94262 secondary reads (49.2%)

Stack coverage: mean=6.82; stdev=30.71; max=1468; n_reads=97234(50.8%)
Removing repetitive stacks: cov > 99 (mean+3*stdev)...
  Blacklisted 867 stacks.
Coverage after repeat removal: mean=5.23; stdev=7.03; max=96; n_reads=70071(36.6%)

Assembling stacks (max. dist. M=4)...
  Assembled 13395 stacks into 10542; blacklisted 226 stacks.
Coverage after assembling stacks: mean=5.24; stdev=7.14; max=128; n_reads=53667(28.0%)

Merging secondary stacks (max. dist. N=6 from consensus)...
  Merged 17354 out of 94262 secondary reads (18.4%), 7613 merged with gapped alignments.
Coverage after merging secondary stacks: mean=6.93; stdev=15.46; max=614; n_reads=71021(37.1%)

Assembling stacks, allowing for gaps (min. match length 80.0%)...
  Assembled 10542 stacks into 10272 stacks.
Coverage after gapped assembly: mean=7.12; stdev=16.03; max=614; n_reads=71021(37.1%)

Merging secondary stacks, allowing for gaps (min. match length 80.0%)...
  Merged 5974 out of 76908 secondary reads (7.8%).
Coverage after merging gapped secondary stacks: mean=7.72; stdev=19.13; max=641; n_reads=76995(40.2%)

Final number of stacks built: 10272
Final coverage: mean=7.72; stdev=19.13; max=641; n_reads=76995(40.2%)
Calling consensus sequences and haplotypes for catalog assembly...
Writing tags, SNPs, and alleles files to '00_Data/05a_Stacks.denovo.ALL.M4n4/S_23_02097'...done.
ustacks is done.
