

-t gzfastq -f ./00_Data/03a_Demultiplex/S_23_02094.1.fq.gz -o 00_Data/05a_Stacks.denovo.ALL.M4n4/ -i 403 -m 3 --name S_23_02094 -M 4 -p 8


ustacks parameters selected:
  Input file: './00_Data/03a_Demultiplex/S_23_02094.1.fq.gz'
  Sample ID: 403
  Min depth of coverage to create a stack (m): 3
  Repeat removal algorithm: enabled
  Max distance allowed between stacks (M): 4
  Max distance allowed to align secondary reads: 6
  Max number of stacks allowed per de novo locus: 3
  Deleveraging algorithm: disabled
  Gapped assembly: enabled
  Minimum alignment length: 0.8
  Model type: SNP
  Alpha significance level for model: 0.05

Loading RAD-Tags...1M...

Loaded 1841050 reads; formed:
  138454 stacks representing 1593242 primary reads (86.5%)
  208235 secondary stacks representing 247808 secondary reads (13.5%)

Stack coverage: mean=11.51; stdev=181.02; max=41531; n_reads=1593242(86.5%)
Removing repetitive stacks: cov > 555 (mean+3*stdev)...
  Blacklisted 5430 stacks.
Coverage after repeat removal: mean=8.73; stdev=16.13; max=550; n_reads=1161848(63.1%)

Assembling stacks (max. dist. M=4)...
  Assembled 133024 stacks into 92450; blacklisted 1805 stacks.
Coverage after assembling stacks: mean=8.33; stdev=9.29; max=485; n_reads=754456(41.0%)

Merging secondary stacks (max. dist. N=6 from consensus)...
  Merged 77136 out of 247808 secondary reads (31.1%), 27525 merged with gapped alignments.
Coverage after merging secondary stacks: mean=9.18; stdev=11.11; max=681; n_reads=831592(45.2%)

Assembling stacks, allowing for gaps (min. match length 80.0%)...
  Assembled 92450 stacks into 89081 stacks.
Coverage after gapped assembly: mean=9.54; stdev=11.61; max=681; n_reads=831592(45.2%)

Merging secondary stacks, allowing for gaps (min. match length 80.0%)...
  Merged 30091 out of 170672 secondary reads (17.6%).
Coverage after merging gapped secondary stacks: mean=9.88; stdev=14.17; max=1419; n_reads=861683(46.8%)

Final number of stacks built: 89081
Final coverage: mean=9.88; stdev=14.17; max=1419; n_reads=861683(46.8%)
Calling consensus sequences and haplotypes for catalog assembly...
Writing tags, SNPs, and alleles files to '00_Data/05a_Stacks.denovo.ALL.M4n4/S_23_02094'...done.
ustacks is done.
