

-t gzfastq -f ./00_Data/03a_Demultiplex/S_23_02165.1.fq.gz -o 00_Data/05a_Stacks.denovo.ALL.M1n1/ -i 475 -m 3 --name S_23_02165 -M 1 -p 8


ustacks parameters selected:
  Input file: './00_Data/03a_Demultiplex/S_23_02165.1.fq.gz'
  Sample ID: 475
  Min depth of coverage to create a stack (m): 3
  Repeat removal algorithm: enabled
  Max distance allowed between stacks (M): 1
  Max distance allowed to align secondary reads: 3
  Max number of stacks allowed per de novo locus: 3
  Deleveraging algorithm: disabled
  Gapped assembly: enabled
  Minimum alignment length: 0.8
  Model type: SNP
  Alpha significance level for model: 0.05

Loading RAD-Tags...1M...2M...3M...

Loaded 3538515 reads; formed:
  197432 stacks representing 3226357 primary reads (91.2%)
  274320 secondary stacks representing 312158 secondary reads (8.8%)

Stack coverage: mean=16.34; stdev=212.92; max=49183; n_reads=3226357(91.2%)
Removing repetitive stacks: cov > 656 (mean+3*stdev)...
  Blacklisted 8787 stacks.
Coverage after repeat removal: mean=12.16; stdev=21.67; max=654; n_reads=2293476(64.8%)

Assembling stacks (max. dist. M=1)...
  Assembled 188645 stacks into 158271; blacklisted 1813 stacks.
Coverage after assembling stacks: mean=11.90; stdev=13.84; max=663; n_reads=1858571(52.5%)

Merging secondary stacks (max. dist. N=3 from consensus)...
  Merged 112880 out of 312158 secondary reads (36.2%), 4761 merged with gapped alignments.
Coverage after merging secondary stacks: mean=12.62; stdev=14.39; max=694; n_reads=1971451(55.7%)

Assembling stacks, allowing for gaps (min. match length 80.0%)...
  Assembled 158271 stacks into 155098 stacks.
Coverage after gapped assembly: mean=12.88; stdev=14.63; max=694; n_reads=1971451(55.7%)

Merging secondary stacks, allowing for gaps (min. match length 80.0%)...
  Merged 10262 out of 199278 secondary reads (5.1%).
Coverage after merging gapped secondary stacks: mean=12.95; stdev=14.66; max=694; n_reads=1981713(56.0%)

Final number of stacks built: 155098
Final coverage: mean=12.95; stdev=14.66; max=694; n_reads=1981713(56.0%)
Calling consensus sequences and haplotypes for catalog assembly...
Writing tags, SNPs, and alleles files to '00_Data/05a_Stacks.denovo.ALL.M1n1/S_23_02165'...done.
ustacks is done.
