

-t gzfastq -f ./00_Data/03a_Demultiplex/S_23_02184.1.fq.gz -o 00_Data/05a_Stacks.denovo.ALL.M4n4/ -i 492 -m 3 --name S_23_02184 -M 4 -p 8


ustacks parameters selected:
  Input file: './00_Data/03a_Demultiplex/S_23_02184.1.fq.gz'
  Sample ID: 492
  Min depth of coverage to create a stack (m): 3
  Repeat removal algorithm: enabled
  Max distance allowed between stacks (M): 4
  Max distance allowed to align secondary reads: 6
  Max number of stacks allowed per de novo locus: 3
  Deleveraging algorithm: disabled
  Gapped assembly: enabled
  Minimum alignment length: 0.8
  Model type: SNP
  Alpha significance level for model: 0.05

Loading RAD-Tags...1M...

Loaded 1455265 reads; formed:
  123863 stacks representing 1200283 primary reads (82.5%)
  208374 secondary stacks representing 254982 secondary reads (17.5%)

Stack coverage: mean=9.69; stdev=106.18; max=19301; n_reads=1200283(82.5%)
Removing repetitive stacks: cov > 329 (mean+3*stdev)...
  Blacklisted 5170 stacks.
Coverage after repeat removal: mean=7.44; stdev=13.48; max=328; n_reads=883333(60.7%)

Assembling stacks (max. dist. M=4)...
  Assembled 118693 stacks into 84360; blacklisted 1893 stacks.
Coverage after assembling stacks: mean=7.23; stdev=11.37; max=320; n_reads=595117(40.9%)

Merging secondary stacks (max. dist. N=6 from consensus)...
  Merged 75496 out of 254982 secondary reads (29.6%), 27486 merged with gapped alignments.
Coverage after merging secondary stacks: mean=8.15; stdev=14.39; max=1546; n_reads=670613(46.1%)

Assembling stacks, allowing for gaps (min. match length 80.0%)...
  Assembled 84360 stacks into 81877 stacks.
Coverage after gapped assembly: mean=8.40; stdev=14.85; max=1546; n_reads=670613(46.1%)

Merging secondary stacks, allowing for gaps (min. match length 80.0%)...
  Merged 22253 out of 179486 secondary reads (12.4%).
Coverage after merging gapped secondary stacks: mean=8.68; stdev=15.58; max=1551; n_reads=692866(47.6%)

Final number of stacks built: 81877
Final coverage: mean=8.68; stdev=15.58; max=1551; n_reads=692866(47.6%)
Calling consensus sequences and haplotypes for catalog assembly...
Writing tags, SNPs, and alleles files to '00_Data/05a_Stacks.denovo.ALL.M4n4/S_23_02184'...done.
ustacks is done.
