

-t gzfastq -f ./00_Data/03a_Demultiplex/S_23_01818.1.fq.gz -o 00_Data/05a_Stacks.denovo.ALL.M1n1/ -i 241 -m 3 --name S_23_01818 -M 1 -p 8


ustacks parameters selected:
  Input file: './00_Data/03a_Demultiplex/S_23_01818.1.fq.gz'
  Sample ID: 241
  Min depth of coverage to create a stack (m): 3
  Repeat removal algorithm: enabled
  Max distance allowed between stacks (M): 1
  Max distance allowed to align secondary reads: 3
  Max number of stacks allowed per de novo locus: 3
  Deleveraging algorithm: disabled
  Gapped assembly: enabled
  Minimum alignment length: 0.8
  Model type: SNP
  Alpha significance level for model: 0.05

Loading RAD-Tags...1M...2M...3M...

Loaded 3559305 reads; formed:
  166311 stacks representing 3309087 primary reads (93.0%)
  224442 secondary stacks representing 250218 secondary reads (7.0%)

Stack coverage: mean=19.90; stdev=283.38; max=60135; n_reads=3309087(93.0%)
Removing repetitive stacks: cov > 871 (mean+3*stdev)...
  Blacklisted 7862 stacks.
Coverage after repeat removal: mean=14.32; stdev=27.30; max=858; n_reads=2268676(63.7%)

Assembling stacks (max. dist. M=1)...
  Assembled 158449 stacks into 131510; blacklisted 1597 stacks.
Coverage after assembling stacks: mean=13.97; stdev=15.74; max=687; n_reads=1812162(50.9%)

Merging secondary stacks (max. dist. N=3 from consensus)...
  Merged 102242 out of 250218 secondary reads (40.9%), 4555 merged with gapped alignments.
Coverage after merging secondary stacks: mean=14.76; stdev=16.29; max=696; n_reads=1914404(53.8%)

Assembling stacks, allowing for gaps (min. match length 80.0%)...
  Assembled 131510 stacks into 128879 stacks.
Coverage after gapped assembly: mean=15.06; stdev=16.59; max=696; n_reads=1914404(53.8%)

Merging secondary stacks, allowing for gaps (min. match length 80.0%)...
  Merged 8942 out of 147976 secondary reads (6.0%).
Coverage after merging gapped secondary stacks: mean=15.13; stdev=16.61; max=696; n_reads=1923346(54.0%)

Final number of stacks built: 128879
Final coverage: mean=15.13; stdev=16.61; max=696; n_reads=1923346(54.0%)
Calling consensus sequences and haplotypes for catalog assembly...
Writing tags, SNPs, and alleles files to '00_Data/05a_Stacks.denovo.ALL.M1n1/S_23_01818'...done.
ustacks is done.
