

-t gzfastq -f ./00_Data/03a_Demultiplex/S_23_02147.1.fq.gz -o 00_Data/05a_Stacks.denovo.ALL.M4n4/ -i 456 -m 3 --name S_23_02147 -M 4 -p 8


ustacks parameters selected:
  Input file: './00_Data/03a_Demultiplex/S_23_02147.1.fq.gz'
  Sample ID: 456
  Min depth of coverage to create a stack (m): 3
  Repeat removal algorithm: enabled
  Max distance allowed between stacks (M): 4
  Max distance allowed to align secondary reads: 6
  Max number of stacks allowed per de novo locus: 3
  Deleveraging algorithm: disabled
  Gapped assembly: enabled
  Minimum alignment length: 0.8
  Model type: SNP
  Alpha significance level for model: 0.05

Loading RAD-Tags...1M...2M...3M...

Loaded 3837048 reads; formed:
  210264 stacks representing 3513516 primary reads (91.6%)
  288570 secondary stacks representing 323532 secondary reads (8.4%)

Stack coverage: mean=16.71; stdev=203.02; max=42778; n_reads=3513516(91.6%)
Removing repetitive stacks: cov > 626 (mean+3*stdev)...
  Blacklisted 9970 stacks.
Coverage after repeat removal: mean=12.39; stdev=21.37; max=622; n_reads=2482104(64.7%)

Assembling stacks (max. dist. M=4)...
  Assembled 200294 stacks into 136612; blacklisted 2955 stacks.
Coverage after assembling stacks: mean=12.17; stdev=13.65; max=631; n_reads=1623219(42.3%)

Merging secondary stacks (max. dist. N=6 from consensus)...
  Merged 138250 out of 323532 secondary reads (42.7%), 44417 merged with gapped alignments.
Coverage after merging secondary stacks: mean=13.21; stdev=15.12; max=658; n_reads=1761469(45.9%)

Assembling stacks, allowing for gaps (min. match length 80.0%)...
  Assembled 136612 stacks into 130073 stacks.
Coverage after gapped assembly: mean=13.89; stdev=15.90; max=735; n_reads=1761469(45.9%)

Merging secondary stacks, allowing for gaps (min. match length 80.0%)...
  Merged 32015 out of 185282 secondary reads (17.3%).
Coverage after merging gapped secondary stacks: mean=14.14; stdev=16.71; max=735; n_reads=1793484(46.7%)

Final number of stacks built: 130073
Final coverage: mean=14.14; stdev=16.71; max=735; n_reads=1793484(46.7%)
Calling consensus sequences and haplotypes for catalog assembly...
Writing tags, SNPs, and alleles files to '00_Data/05a_Stacks.denovo.ALL.M4n4/S_23_02147'...done.
ustacks is done.
