

-t gzfastq -f ./00_Data/03a_Demultiplex/S_23_02058.1.fq.gz -o 00_Data/05a_Stacks.denovo.ALL.M1n1/ -i 378 -m 3 --name S_23_02058 -M 1 -p 8


ustacks parameters selected:
  Input file: './00_Data/03a_Demultiplex/S_23_02058.1.fq.gz'
  Sample ID: 378
  Min depth of coverage to create a stack (m): 3
  Repeat removal algorithm: enabled
  Max distance allowed between stacks (M): 1
  Max distance allowed to align secondary reads: 3
  Max number of stacks allowed per de novo locus: 3
  Deleveraging algorithm: disabled
  Gapped assembly: enabled
  Minimum alignment length: 0.8
  Model type: SNP
  Alpha significance level for model: 0.05

Loading RAD-Tags...

Loaded 161594 reads; formed:
  12149 stacks representing 81858 primary reads (50.7%)
  64913 secondary stacks representing 79736 secondary reads (49.3%)

Stack coverage: mean=6.74; stdev=28.51; max=1542; n_reads=81858(50.7%)
Removing repetitive stacks: cov > 93 (mean+3*stdev)...
  Blacklisted 670 stacks.
Coverage after repeat removal: mean=5.23; stdev=6.72; max=93; n_reads=60023(37.1%)

Assembling stacks (max. dist. M=1)...
  Assembled 11479 stacks into 10322; blacklisted 100 stacks.
Coverage after assembling stacks: mean=5.20; stdev=6.77; max=118; n_reads=52863(32.7%)

Merging secondary stacks (max. dist. N=3 from consensus)...
  Merged 9793 out of 79736 secondary reads (12.3%), 235 merged with gapped alignments.
Coverage after merging secondary stacks: mean=6.16; stdev=8.12; max=120; n_reads=62656(38.8%)

Assembling stacks, allowing for gaps (min. match length 80.0%)...
  Assembled 10322 stacks into 10227 stacks.
Coverage after gapped assembly: mean=6.22; stdev=8.37; max=129; n_reads=62656(38.8%)

Merging secondary stacks, allowing for gaps (min. match length 80.0%)...
  Merged 1513 out of 69943 secondary reads (2.2%).
Coverage after merging gapped secondary stacks: mean=6.37; stdev=8.57; max=130; n_reads=64169(39.7%)

Final number of stacks built: 10227
Final coverage: mean=6.37; stdev=8.57; max=130; n_reads=64169(39.7%)
Calling consensus sequences and haplotypes for catalog assembly...
Writing tags, SNPs, and alleles files to '00_Data/05a_Stacks.denovo.ALL.M1n1/S_23_02058'...done.
ustacks is done.
