

-t gzfastq -f ./00_Data/03a_Demultiplex/S_23_02047.1.fq.gz -o 00_Data/05a_Stacks.denovo.ALL.M4n4/ -i 367 -m 3 --name S_23_02047 -M 4 -p 8


ustacks parameters selected:
  Input file: './00_Data/03a_Demultiplex/S_23_02047.1.fq.gz'
  Sample ID: 367
  Min depth of coverage to create a stack (m): 3
  Repeat removal algorithm: enabled
  Max distance allowed between stacks (M): 4
  Max distance allowed to align secondary reads: 6
  Max number of stacks allowed per de novo locus: 3
  Deleveraging algorithm: disabled
  Gapped assembly: enabled
  Minimum alignment length: 0.8
  Model type: SNP
  Alpha significance level for model: 0.05

Loading RAD-Tags...

Loaded 589854 reads; formed:
  55871 stacks representing 421813 primary reads (71.5%)
  132454 secondary stacks representing 168041 secondary reads (28.5%)

Stack coverage: mean=7.55; stdev=53.31; max=4714; n_reads=421813(71.5%)
Removing repetitive stacks: cov > 168 (mean+3*stdev)...
  Blacklisted 2886 stacks.
Coverage after repeat removal: mean=5.62; stdev=8.14; max=168; n_reads=297942(50.5%)

Assembling stacks (max. dist. M=4)...
  Assembled 52985 stacks into 39166; blacklisted 855 stacks.
Coverage after assembling stacks: mean=5.43; stdev=6.69; max=233; n_reads=207150(35.1%)

Merging secondary stacks (max. dist. N=6 from consensus)...
  Merged 36511 out of 168041 secondary reads (21.7%), 14203 merged with gapped alignments.
Coverage after merging secondary stacks: mean=6.38; stdev=9.99; max=711; n_reads=243661(41.3%)

Assembling stacks, allowing for gaps (min. match length 80.0%)...
  Assembled 39166 stacks into 38082 stacks.
Coverage after gapped assembly: mean=6.57; stdev=10.46; max=711; n_reads=243661(41.3%)

Merging secondary stacks, allowing for gaps (min. match length 80.0%)...
  Merged 17238 out of 131530 secondary reads (13.1%).
Coverage after merging gapped secondary stacks: mean=7.04; stdev=13.53; max=779; n_reads=260899(44.2%)

Final number of stacks built: 38082
Final coverage: mean=7.04; stdev=13.53; max=779; n_reads=260899(44.2%)
Calling consensus sequences and haplotypes for catalog assembly...
Writing tags, SNPs, and alleles files to '00_Data/05a_Stacks.denovo.ALL.M4n4/S_23_02047'...done.
ustacks is done.
