

-t gzfastq -f ./00_Data/03a_Demultiplex/S_23_01118.1.fq.gz -o 00_Data/05a_Stacks.denovo.ALL.M1n1/ -i 96 -m 3 --name S_23_01118 -M 1 -p 8


ustacks parameters selected:
  Input file: './00_Data/03a_Demultiplex/S_23_01118.1.fq.gz'
  Sample ID: 96
  Min depth of coverage to create a stack (m): 3
  Repeat removal algorithm: enabled
  Max distance allowed between stacks (M): 1
  Max distance allowed to align secondary reads: 3
  Max number of stacks allowed per de novo locus: 3
  Deleveraging algorithm: disabled
  Gapped assembly: enabled
  Minimum alignment length: 0.8
  Model type: SNP
  Alpha significance level for model: 0.05

Loading RAD-Tags...1M...2M...3M...4M...

Loaded 4152361 reads; formed:
  221331 stacks representing 3769496 primary reads (90.8%)
  339471 secondary stacks representing 382865 secondary reads (9.2%)

Stack coverage: mean=17.03; stdev=217.76; max=47947; n_reads=3769496(90.8%)
Removing repetitive stacks: cov > 671 (mean+3*stdev)...
  Blacklisted 10615 stacks.
Coverage after repeat removal: mean=12.67; stdev=22.21; max=670; n_reads=2669133(64.3%)

Assembling stacks (max. dist. M=1)...
  Assembled 210716 stacks into 176600; blacklisted 2051 stacks.
Coverage after assembling stacks: mean=12.38; stdev=13.99; max=632; n_reads=2158328(52.0%)

Merging secondary stacks (max. dist. N=3 from consensus)...
  Merged 140200 out of 382865 secondary reads (36.6%), 6057 merged with gapped alignments.
Coverage after merging secondary stacks: mean=13.19; stdev=14.60; max=694; n_reads=2298528(55.4%)

Assembling stacks, allowing for gaps (min. match length 80.0%)...
  Assembled 176600 stacks into 172821 stacks.
Coverage after gapped assembly: mean=13.48; stdev=14.89; max=694; n_reads=2298528(55.4%)

Merging secondary stacks, allowing for gaps (min. match length 80.0%)...
  Merged 13410 out of 242665 secondary reads (5.5%).
Coverage after merging gapped secondary stacks: mean=13.56; stdev=14.93; max=694; n_reads=2311938(55.7%)

Final number of stacks built: 172821
Final coverage: mean=13.56; stdev=14.93; max=694; n_reads=2311938(55.7%)
Calling consensus sequences and haplotypes for catalog assembly...
Writing tags, SNPs, and alleles files to '00_Data/05a_Stacks.denovo.ALL.M1n1/S_23_01118'...done.
ustacks is done.
