

-t gzfastq -f ./00_Data/03a_Demultiplex/S_23_02065.1.fq.gz -o 00_Data/05a_Stacks.denovo.ALL.M4n4/ -i 385 -m 3 --name S_23_02065 -M 4 -p 8


ustacks parameters selected:
  Input file: './00_Data/03a_Demultiplex/S_23_02065.1.fq.gz'
  Sample ID: 385
  Min depth of coverage to create a stack (m): 3
  Repeat removal algorithm: enabled
  Max distance allowed between stacks (M): 4
  Max distance allowed to align secondary reads: 6
  Max number of stacks allowed per de novo locus: 3
  Deleveraging algorithm: disabled
  Gapped assembly: enabled
  Minimum alignment length: 0.8
  Model type: SNP
  Alpha significance level for model: 0.05

Loading RAD-Tags...

Loaded 788483 reads; formed:
  74291 stacks representing 617621 primary reads (78.3%)
  135754 secondary stacks representing 170862 secondary reads (21.7%)

Stack coverage: mean=8.31; stdev=58.23; max=7224; n_reads=617621(78.3%)
Removing repetitive stacks: cov > 183 (mean+3*stdev)...
  Blacklisted 3776 stacks.
Coverage after repeat removal: mean=6.29; stdev=8.74; max=182; n_reads=443251(56.2%)

Assembling stacks (max. dist. M=4)...
  Assembled 70515 stacks into 50882; blacklisted 1115 stacks.
Coverage after assembling stacks: mean=6.12; stdev=7.05; max=203; n_reads=303662(38.5%)

Merging secondary stacks (max. dist. N=6 from consensus)...
  Merged 46071 out of 170862 secondary reads (27.0%), 18652 merged with gapped alignments.
Coverage after merging secondary stacks: mean=7.05; stdev=10.81; max=811; n_reads=349733(44.4%)

Assembling stacks, allowing for gaps (min. match length 80.0%)...
  Assembled 50882 stacks into 49245 stacks.
Coverage after gapped assembly: mean=7.29; stdev=11.27; max=811; n_reads=349733(44.4%)

Merging secondary stacks, allowing for gaps (min. match length 80.0%)...
  Merged 17142 out of 124791 secondary reads (13.7%).
Coverage after merging gapped secondary stacks: mean=7.65; stdev=13.08; max=911; n_reads=366875(46.5%)

Final number of stacks built: 49245
Final coverage: mean=7.65; stdev=13.08; max=911; n_reads=366875(46.5%)
Calling consensus sequences and haplotypes for catalog assembly...
Writing tags, SNPs, and alleles files to '00_Data/05a_Stacks.denovo.ALL.M4n4/S_23_02065'...done.
ustacks is done.
