

-t gzfastq -f ./00_Data/03a_Demultiplex/S_23_01872.1.fq.gz -o 00_Data/05a_Stacks.denovo.ALL.M1n1/ -i 277 -m 3 --name S_23_01872 -M 1 -p 8


ustacks parameters selected:
  Input file: './00_Data/03a_Demultiplex/S_23_01872.1.fq.gz'
  Sample ID: 277
  Min depth of coverage to create a stack (m): 3
  Repeat removal algorithm: enabled
  Max distance allowed between stacks (M): 1
  Max distance allowed to align secondary reads: 3
  Max number of stacks allowed per de novo locus: 3
  Deleveraging algorithm: disabled
  Gapped assembly: enabled
  Minimum alignment length: 0.8
  Model type: SNP
  Alpha significance level for model: 0.05

Loading RAD-Tags...1M...2M...3M...4M...5M...

Loaded 5652187 reads; formed:
  227057 stacks representing 5271389 primary reads (93.3%)
  350789 secondary stacks representing 380798 secondary reads (6.7%)

Stack coverage: mean=23.22; stdev=290.80; max=63426; n_reads=5271389(93.3%)
Removing repetitive stacks: cov > 896 (mean+3*stdev)...
  Blacklisted 10932 stacks.
Coverage after repeat removal: mean=17.68; stdev=29.33; max=896; n_reads=3821941(67.6%)

Assembling stacks (max. dist. M=1)...
  Assembled 216125 stacks into 178029; blacklisted 2091 stacks.
Coverage after assembling stacks: mean=17.82; stdev=18.54; max=884; n_reads=3130672(55.4%)

Merging secondary stacks (max. dist. N=3 from consensus)...
  Merged 183748 out of 380798 secondary reads (48.3%), 8062 merged with gapped alignments.
Coverage after merging secondary stacks: mean=18.87; stdev=19.24; max=917; n_reads=3314420(58.6%)

Assembling stacks, allowing for gaps (min. match length 80.0%)...
  Assembled 178029 stacks into 173493 stacks.
Coverage after gapped assembly: mean=19.37; stdev=19.60; max=948; n_reads=3314420(58.6%)

Merging secondary stacks, allowing for gaps (min. match length 80.0%)...
  Merged 12669 out of 197050 secondary reads (6.4%).
Coverage after merging gapped secondary stacks: mean=19.44; stdev=19.63; max=952; n_reads=3327089(58.9%)

Final number of stacks built: 173493
Final coverage: mean=19.44; stdev=19.63; max=952; n_reads=3327089(58.9%)
Calling consensus sequences and haplotypes for catalog assembly...
Writing tags, SNPs, and alleles files to '00_Data/05a_Stacks.denovo.ALL.M1n1/S_23_01872'...done.
ustacks is done.
