

-t gzfastq -f ./00_Data/03a_Demultiplex/S_23_02054.1.fq.gz -o 00_Data/05a_Stacks.denovo.ALL.M4n4/ -i 374 -m 3 --name S_23_02054 -M 4 -p 8


ustacks parameters selected:
  Input file: './00_Data/03a_Demultiplex/S_23_02054.1.fq.gz'
  Sample ID: 374
  Min depth of coverage to create a stack (m): 3
  Repeat removal algorithm: enabled
  Max distance allowed between stacks (M): 4
  Max distance allowed to align secondary reads: 6
  Max number of stacks allowed per de novo locus: 3
  Deleveraging algorithm: disabled
  Gapped assembly: enabled
  Minimum alignment length: 0.8
  Model type: SNP
  Alpha significance level for model: 0.05

Loading RAD-Tags...

Loaded 487081 reads; formed:
  45716 stacks representing 331225 primary reads (68.0%)
  122859 secondary stacks representing 155856 secondary reads (32.0%)

Stack coverage: mean=7.25; stdev=45.33; max=4939; n_reads=331225(68.0%)
Removing repetitive stacks: cov > 144 (mean+3*stdev)...
  Blacklisted 2390 stacks.
Coverage after repeat removal: mean=5.54; stdev=7.76; max=144; n_reads=239926(49.3%)

Assembling stacks (max. dist. M=4)...
  Assembled 43326 stacks into 32030; blacklisted 713 stacks.
Coverage after assembling stacks: mean=5.37; stdev=6.56; max=270; n_reads=167458(34.4%)

Merging secondary stacks (max. dist. N=6 from consensus)...
  Merged 32008 out of 155856 secondary reads (20.5%), 13026 merged with gapped alignments.
Coverage after merging secondary stacks: mean=6.40; stdev=11.31; max=1054; n_reads=199466(41.0%)

Assembling stacks, allowing for gaps (min. match length 80.0%)...
  Assembled 32030 stacks into 31113 stacks.
Coverage after gapped assembly: mean=6.59; stdev=11.98; max=1132; n_reads=199466(41.0%)

Merging secondary stacks, allowing for gaps (min. match length 80.0%)...
  Merged 15211 out of 123848 secondary reads (12.3%).
Coverage after merging gapped secondary stacks: mean=7.09; stdev=15.29; max=1306; n_reads=214677(44.1%)

Final number of stacks built: 31113
Final coverage: mean=7.09; stdev=15.29; max=1306; n_reads=214677(44.1%)
Calling consensus sequences and haplotypes for catalog assembly...
Writing tags, SNPs, and alleles files to '00_Data/05a_Stacks.denovo.ALL.M4n4/S_23_02054'...done.
ustacks is done.
