

-t gzfastq -f ./00_Data/03a_Demultiplex/S_23_01246.1.fq.gz -o 00_Data/05a_Stacks.denovo.ALL.M1n1/ -i 180 -m 3 --name S_23_01246 -M 1 -p 8


ustacks parameters selected:
  Input file: './00_Data/03a_Demultiplex/S_23_01246.1.fq.gz'
  Sample ID: 180
  Min depth of coverage to create a stack (m): 3
  Repeat removal algorithm: enabled
  Max distance allowed between stacks (M): 1
  Max distance allowed to align secondary reads: 3
  Max number of stacks allowed per de novo locus: 3
  Deleveraging algorithm: disabled
  Gapped assembly: enabled
  Minimum alignment length: 0.8
  Model type: SNP
  Alpha significance level for model: 0.05

Loading RAD-Tags...1M...2M...3M...4M...5M...6M...7M...8M...9M...

Loaded 9209463 reads; formed:
  251484 stacks representing 8644050 primary reads (93.9%)
  517659 secondary stacks representing 565413 secondary reads (6.1%)

Stack coverage: mean=34.37; stdev=449.05; max=98093; n_reads=8644050(93.9%)
Removing repetitive stacks: cov > 1382 (mean+3*stdev)...
  Blacklisted 13997 stacks.
Coverage after repeat removal: mean=25.64; stdev=44.92; max=1369; n_reads=6088188(66.1%)

Assembling stacks (max. dist. M=1)...
  Assembled 237487 stacks into 192912; blacklisted 2592 stacks.
Coverage after assembling stacks: mean=25.72; stdev=26.79; max=1436; n_reads=4886836(53.1%)

Merging secondary stacks (max. dist. N=3 from consensus)...
  Merged 265284 out of 565413 secondary reads (46.9%), 11890 merged with gapped alignments.
Coverage after merging secondary stacks: mean=27.11; stdev=27.73; max=1471; n_reads=5152120(55.9%)

Assembling stacks, allowing for gaps (min. match length 80.0%)...
  Assembled 192912 stacks into 187661 stacks.
Coverage after gapped assembly: mean=27.88; stdev=28.38; max=1471; n_reads=5152120(55.9%)

Merging secondary stacks, allowing for gaps (min. match length 80.0%)...
  Merged 18807 out of 300129 secondary reads (6.3%).
Coverage after merging gapped secondary stacks: mean=27.99; stdev=28.40; max=1471; n_reads=5170927(56.1%)

Final number of stacks built: 187661
Final coverage: mean=27.99; stdev=28.40; max=1471; n_reads=5170927(56.1%)
Calling consensus sequences and haplotypes for catalog assembly...
Writing tags, SNPs, and alleles files to '00_Data/05a_Stacks.denovo.ALL.M1n1/S_23_01246'...done.
ustacks is done.
