

-t gzfastq -f ./00_Data/03a_Demultiplex/S_23_01853.1.fq.gz -o 00_Data/05a_Stacks.denovo.ALL.M4n4/ -i 260 -m 3 --name S_23_01853 -M 4 -p 8


ustacks parameters selected:
  Input file: './00_Data/03a_Demultiplex/S_23_01853.1.fq.gz'
  Sample ID: 260
  Min depth of coverage to create a stack (m): 3
  Repeat removal algorithm: enabled
  Max distance allowed between stacks (M): 4
  Max distance allowed to align secondary reads: 6
  Max number of stacks allowed per de novo locus: 3
  Deleveraging algorithm: disabled
  Gapped assembly: enabled
  Minimum alignment length: 0.8
  Model type: SNP
  Alpha significance level for model: 0.05

Loading RAD-Tags...

Loaded 986539 reads; formed:
  93688 stacks representing 811185 primary reads (82.2%)
  139379 secondary stacks representing 175354 secondary reads (17.8%)

Stack coverage: mean=8.66; stdev=78.48; max=10365; n_reads=811185(82.2%)
Removing repetitive stacks: cov > 245 (mean+3*stdev)...
  Blacklisted 4282 stacks.
Coverage after repeat removal: mean=6.46; stdev=9.89; max=245; n_reads=577833(58.6%)

Assembling stacks (max. dist. M=4)...
  Assembled 89406 stacks into 64252; blacklisted 1369 stacks.
Coverage after assembling stacks: mean=6.23; stdev=7.19; max=276; n_reads=390475(39.6%)

Merging secondary stacks (max. dist. N=6 from consensus)...
  Merged 49127 out of 175354 secondary reads (28.0%), 19326 merged with gapped alignments.
Coverage after merging secondary stacks: mean=7.01; stdev=10.91; max=1056; n_reads=439602(44.6%)

Assembling stacks, allowing for gaps (min. match length 80.0%)...
  Assembled 64252 stacks into 62222 stacks.
Coverage after gapped assembly: mean=7.24; stdev=11.32; max=1056; n_reads=439602(44.6%)

Merging secondary stacks, allowing for gaps (min. match length 80.0%)...
  Merged 18502 out of 126227 secondary reads (14.7%).
Coverage after merging gapped secondary stacks: mean=7.55; stdev=12.91; max=1081; n_reads=458104(46.4%)

Final number of stacks built: 62222
Final coverage: mean=7.55; stdev=12.91; max=1081; n_reads=458104(46.4%)
Calling consensus sequences and haplotypes for catalog assembly...
Writing tags, SNPs, and alleles files to '00_Data/05a_Stacks.denovo.ALL.M4n4/S_23_01853'...done.
ustacks is done.
