

-t gzfastq -f ./00_Data/03a_Demultiplex/S_23_02257.1.fq.gz -o 00_Data/05a_Stacks.denovo.ALL.M1n1/ -i 548 -m 3 --name S_23_02257 -M 1 -p 8


ustacks parameters selected:
  Input file: './00_Data/03a_Demultiplex/S_23_02257.1.fq.gz'
  Sample ID: 548
  Min depth of coverage to create a stack (m): 3
  Repeat removal algorithm: enabled
  Max distance allowed between stacks (M): 1
  Max distance allowed to align secondary reads: 3
  Max number of stacks allowed per de novo locus: 3
  Deleveraging algorithm: disabled
  Gapped assembly: enabled
  Minimum alignment length: 0.8
  Model type: SNP
  Alpha significance level for model: 0.05

Loading RAD-Tags...1M...2M...3M...

Loaded 3862936 reads; formed:
  219839 stacks representing 3522737 primary reads (91.2%)
  299449 secondary stacks representing 340199 secondary reads (8.8%)

Stack coverage: mean=16.02; stdev=199.02; max=41961; n_reads=3522737(91.2%)
Removing repetitive stacks: cov > 614 (mean+3*stdev)...
  Blacklisted 10184 stacks.
Coverage after repeat removal: mean=11.94; stdev=20.94; max=613; n_reads=2503087(64.8%)

Assembling stacks (max. dist. M=1)...
  Assembled 209655 stacks into 175382; blacklisted 2099 stacks.
Coverage after assembling stacks: mean=11.63; stdev=12.86; max=526; n_reads=2012211(52.1%)

Merging secondary stacks (max. dist. N=3 from consensus)...
  Merged 120898 out of 340199 secondary reads (35.5%), 5621 merged with gapped alignments.
Coverage after merging secondary stacks: mean=12.33; stdev=13.37; max=543; n_reads=2133109(55.2%)

Assembling stacks, allowing for gaps (min. match length 80.0%)...
  Assembled 175382 stacks into 171683 stacks.
Coverage after gapped assembly: mean=12.60; stdev=13.66; max=543; n_reads=2133109(55.2%)

Merging secondary stacks, allowing for gaps (min. match length 80.0%)...
  Merged 12459 out of 219301 secondary reads (5.7%).
Coverage after merging gapped secondary stacks: mean=12.67; stdev=13.69; max=543; n_reads=2145568(55.5%)

Final number of stacks built: 171683
Final coverage: mean=12.67; stdev=13.69; max=543; n_reads=2145568(55.5%)
Calling consensus sequences and haplotypes for catalog assembly...
Writing tags, SNPs, and alleles files to '00_Data/05a_Stacks.denovo.ALL.M1n1/S_23_02257'...done.
ustacks is done.
