

-t gzfastq -f ./00_Data/03a_Demultiplex/S_23_02027.1.fq.gz -o 00_Data/05a_Stacks.denovo.ALL.M1n1/ -i 347 -m 3 --name S_23_02027 -M 1 -p 8


ustacks parameters selected:
  Input file: './00_Data/03a_Demultiplex/S_23_02027.1.fq.gz'
  Sample ID: 347
  Min depth of coverage to create a stack (m): 3
  Repeat removal algorithm: enabled
  Max distance allowed between stacks (M): 1
  Max distance allowed to align secondary reads: 3
  Max number of stacks allowed per de novo locus: 3
  Deleveraging algorithm: disabled
  Gapped assembly: enabled
  Minimum alignment length: 0.8
  Model type: SNP
  Alpha significance level for model: 0.05

Loading RAD-Tags...1M...2M...

Loaded 2133873 reads; formed:
  164641 stacks representing 1901944 primary reads (89.1%)
  195578 secondary stacks representing 231929 secondary reads (10.9%)

Stack coverage: mean=11.55; stdev=141.78; max=28818; n_reads=1901944(89.1%)
Removing repetitive stacks: cov > 437 (mean+3*stdev)...
  Blacklisted 7063 stacks.
Coverage after repeat removal: mean=8.64; stdev=14.87; max=432; n_reads=1361563(63.8%)

Assembling stacks (max. dist. M=1)...
  Assembled 157578 stacks into 135306; blacklisted 1449 stacks.
Coverage after assembling stacks: mean=8.31; stdev=9.53; max=442; n_reads=1110520(52.0%)

Merging secondary stacks (max. dist. N=3 from consensus)...
  Merged 74301 out of 231929 secondary reads (32.0%), 3134 merged with gapped alignments.
Coverage after merging secondary stacks: mean=8.86; stdev=9.99; max=452; n_reads=1184821(55.5%)

Assembling stacks, allowing for gaps (min. match length 80.0%)...
  Assembled 135306 stacks into 133197 stacks.
Coverage after gapped assembly: mean=9.01; stdev=10.19; max=457; n_reads=1184821(55.5%)

Merging secondary stacks, allowing for gaps (min. match length 80.0%)...
  Merged 9037 out of 157628 secondary reads (5.7%).
Coverage after merging gapped secondary stacks: mean=9.08; stdev=10.23; max=457; n_reads=1193858(55.9%)

Final number of stacks built: 133197
Final coverage: mean=9.08; stdev=10.23; max=457; n_reads=1193858(55.9%)
Calling consensus sequences and haplotypes for catalog assembly...
Writing tags, SNPs, and alleles files to '00_Data/05a_Stacks.denovo.ALL.M1n1/S_23_02027'...done.
ustacks is done.
