

-t gzfastq -f ./00_Data/03a_Demultiplex/S_23_01047.1.fq.gz -o 00_Data/05a_Stacks.denovo.ALL.M4n4/ -i 39 -m 3 --name S_23_01047 -M 4 -p 8


ustacks parameters selected:
  Input file: './00_Data/03a_Demultiplex/S_23_01047.1.fq.gz'
  Sample ID: 39
  Min depth of coverage to create a stack (m): 3
  Repeat removal algorithm: enabled
  Max distance allowed between stacks (M): 4
  Max distance allowed to align secondary reads: 6
  Max number of stacks allowed per de novo locus: 3
  Deleveraging algorithm: disabled
  Gapped assembly: enabled
  Minimum alignment length: 0.8
  Model type: SNP
  Alpha significance level for model: 0.05

Loading RAD-Tags...1M...2M...3M...4M...

Loaded 4557151 reads; formed:
  220606 stacks representing 4221519 primary reads (92.6%)
  300928 secondary stacks representing 335632 secondary reads (7.4%)

Stack coverage: mean=19.14; stdev=233.11; max=48223; n_reads=4221519(92.6%)
Removing repetitive stacks: cov > 719 (mean+3*stdev)...
  Blacklisted 11372 stacks.
Coverage after repeat removal: mean=14.16; stdev=24.54; max=716; n_reads=2963730(65.0%)

Assembling stacks (max. dist. M=4)...
  Assembled 209234 stacks into 141620; blacklisted 3155 stacks.
Coverage after assembling stacks: mean=13.82; stdev=15.54; max=668; n_reads=1910034(41.9%)

Merging secondary stacks (max. dist. N=6 from consensus)...
  Merged 153315 out of 335632 secondary reads (45.7%), 49614 merged with gapped alignments.
Coverage after merging secondary stacks: mean=14.93; stdev=17.97; max=2300; n_reads=2063349(45.3%)

Assembling stacks, allowing for gaps (min. match length 80.0%)...
  Assembled 141620 stacks into 134642 stacks.
Coverage after gapped assembly: mean=15.73; stdev=18.89; max=2300; n_reads=2063349(45.3%)

Merging secondary stacks, allowing for gaps (min. match length 80.0%)...
  Merged 38460 out of 182317 secondary reads (21.1%).
Coverage after merging gapped secondary stacks: mean=16.02; stdev=19.86; max=2300; n_reads=2101809(46.1%)

Final number of stacks built: 134642
Final coverage: mean=16.02; stdev=19.86; max=2300; n_reads=2101809(46.1%)
Calling consensus sequences and haplotypes for catalog assembly...
Writing tags, SNPs, and alleles files to '00_Data/05a_Stacks.denovo.ALL.M4n4/S_23_01047'...done.
ustacks is done.
