

-t gzfastq -f ./00_Data/03a_Demultiplex/S_23_01255.1.fq.gz -o 00_Data/05a_Stacks.denovo.ALL.M4n4/ -i 189 -m 3 --name S_23_01255 -M 4 -p 8


ustacks parameters selected:
  Input file: './00_Data/03a_Demultiplex/S_23_01255.1.fq.gz'
  Sample ID: 189
  Min depth of coverage to create a stack (m): 3
  Repeat removal algorithm: enabled
  Max distance allowed between stacks (M): 4
  Max distance allowed to align secondary reads: 6
  Max number of stacks allowed per de novo locus: 3
  Deleveraging algorithm: disabled
  Gapped assembly: enabled
  Minimum alignment length: 0.8
  Model type: SNP
  Alpha significance level for model: 0.05

Loading RAD-Tags...1M...2M...3M...

Loaded 3233717 reads; formed:
  183717 stacks representing 2510272 primary reads (77.6%)
  663296 secondary stacks representing 723445 secondary reads (22.4%)

Stack coverage: mean=13.66; stdev=170.57; max=41100; n_reads=2510272(77.6%)
Removing repetitive stacks: cov > 526 (mean+3*stdev)...
  Blacklisted 10954 stacks.
Coverage after repeat removal: mean=10.01; stdev=17.56; max=525; n_reads=1729991(53.5%)

Assembling stacks (max. dist. M=4)...
  Assembled 172763 stacks into 110776; blacklisted 2864 stacks.
Coverage after assembling stacks: mean=9.79; stdev=8.98; max=333; n_reads=1053763(32.6%)

Merging secondary stacks (max. dist. N=6 from consensus)...
  Merged 368092 out of 723445 secondary reads (50.9%), 113869 merged with gapped alignments.
Coverage after merging secondary stacks: mean=13.20; stdev=19.93; max=3587; n_reads=1421855(44.0%)

Assembling stacks, allowing for gaps (min. match length 80.0%)...
  Assembled 110776 stacks into 106134 stacks.
Coverage after gapped assembly: mean=13.80; stdev=20.82; max=3587; n_reads=1421855(44.0%)

Merging secondary stacks, allowing for gaps (min. match length 80.0%)...
  Merged 73802 out of 355353 secondary reads (20.8%).
Coverage after merging gapped secondary stacks: mean=14.52; stdev=28.15; max=3587; n_reads=1495657(46.3%)

Final number of stacks built: 106134
Final coverage: mean=14.52; stdev=28.15; max=3587; n_reads=1495657(46.3%)
Calling consensus sequences and haplotypes for catalog assembly...
Writing tags, SNPs, and alleles files to '00_Data/05a_Stacks.denovo.ALL.M4n4/S_23_01255'...done.
ustacks is done.
