

-t gzfastq -f ./00_Data/03a_Demultiplex/S_23_00997.1.fq.gz -o 00_Data/05a_Stacks.denovo.ALL.M1n1/ -i 19 -m 3 --name S_23_00997 -M 1 -p 8


ustacks parameters selected:
  Input file: './00_Data/03a_Demultiplex/S_23_00997.1.fq.gz'
  Sample ID: 19
  Min depth of coverage to create a stack (m): 3
  Repeat removal algorithm: enabled
  Max distance allowed between stacks (M): 1
  Max distance allowed to align secondary reads: 3
  Max number of stacks allowed per de novo locus: 3
  Deleveraging algorithm: disabled
  Gapped assembly: enabled
  Minimum alignment length: 0.8
  Model type: SNP
  Alpha significance level for model: 0.05

Loading RAD-Tags...1M...2M...3M...4M...

Loaded 4693239 reads; formed:
  211840 stacks representing 4308014 primary reads (91.8%)
  342873 secondary stacks representing 385225 secondary reads (8.2%)

Stack coverage: mean=20.34; stdev=261.38; max=57885; n_reads=4308014(91.8%)
Removing repetitive stacks: cov > 805 (mean+3*stdev)...
  Blacklisted 10003 stacks.
Coverage after repeat removal: mean=15.04; stdev=27.12; max=804; n_reads=3036378(64.7%)

Assembling stacks (max. dist. M=1)...
  Assembled 201837 stacks into 166850; blacklisted 2081 stacks.
Coverage after assembling stacks: mean=14.74; stdev=17.14; max=782; n_reads=2424124(51.7%)

Merging secondary stacks (max. dist. N=3 from consensus)...
  Merged 151966 out of 385225 secondary reads (39.4%), 6507 merged with gapped alignments.
Coverage after merging secondary stacks: mean=15.66; stdev=17.85; max=809; n_reads=2576090(54.9%)

Assembling stacks, allowing for gaps (min. match length 80.0%)...
  Assembled 166850 stacks into 163134 stacks.
Coverage after gapped assembly: mean=16.02; stdev=18.25; max=809; n_reads=2576090(54.9%)

Merging secondary stacks, allowing for gaps (min. match length 80.0%)...
  Merged 13786 out of 233259 secondary reads (5.9%).
Coverage after merging gapped secondary stacks: mean=16.11; stdev=18.29; max=809; n_reads=2589876(55.2%)

Final number of stacks built: 163134
Final coverage: mean=16.11; stdev=18.29; max=809; n_reads=2589876(55.2%)
Calling consensus sequences and haplotypes for catalog assembly...
Writing tags, SNPs, and alleles files to '00_Data/05a_Stacks.denovo.ALL.M1n1/S_23_00997'...done.
ustacks is done.
