

-t gzfastq -f ./00_Data/03a_Demultiplex/S_23_01259.1.fq.gz -o 00_Data/05a_Stacks.denovo.ALL.M1n1/ -i 193 -m 3 --name S_23_01259 -M 1 -p 8


ustacks parameters selected:
  Input file: './00_Data/03a_Demultiplex/S_23_01259.1.fq.gz'
  Sample ID: 193
  Min depth of coverage to create a stack (m): 3
  Repeat removal algorithm: enabled
  Max distance allowed between stacks (M): 1
  Max distance allowed to align secondary reads: 3
  Max number of stacks allowed per de novo locus: 3
  Deleveraging algorithm: disabled
  Gapped assembly: enabled
  Minimum alignment length: 0.8
  Model type: SNP
  Alpha significance level for model: 0.05

Loading RAD-Tags...1M...2M...3M...4M...5M...6M...7M...

Loaded 7443761 reads; formed:
  238284 stacks representing 6934646 primary reads (93.2%)
  464243 secondary stacks representing 509115 secondary reads (6.8%)

Stack coverage: mean=29.10; stdev=382.54; max=80008; n_reads=6934646(93.2%)
Removing repetitive stacks: cov > 1177 (mean+3*stdev)...
  Blacklisted 12985 stacks.
Coverage after repeat removal: mean=21.52; stdev=38.71; max=1172; n_reads=4847741(65.1%)

Assembling stacks (max. dist. M=1)...
  Assembled 225299 stacks into 183502; blacklisted 2394 stacks.
Coverage after assembling stacks: mean=21.46; stdev=23.59; max=849; n_reads=3880377(52.1%)

Merging secondary stacks (max. dist. N=3 from consensus)...
  Merged 235932 out of 509115 secondary reads (46.3%), 9849 merged with gapped alignments.
Coverage after merging secondary stacks: mean=22.77; stdev=24.54; max=916; n_reads=4116309(55.3%)

Assembling stacks, allowing for gaps (min. match length 80.0%)...
  Assembled 183502 stacks into 178629 stacks.
Coverage after gapped assembly: mean=23.40; stdev=25.04; max=916; n_reads=4116309(55.3%)

Merging secondary stacks, allowing for gaps (min. match length 80.0%)...
  Merged 18169 out of 273183 secondary reads (6.7%).
Coverage after merging gapped secondary stacks: mean=23.50; stdev=25.07; max=916; n_reads=4134478(55.5%)

Final number of stacks built: 178629
Final coverage: mean=23.50; stdev=25.07; max=916; n_reads=4134478(55.5%)
Calling consensus sequences and haplotypes for catalog assembly...
Writing tags, SNPs, and alleles files to '00_Data/05a_Stacks.denovo.ALL.M1n1/S_23_01259'...done.
ustacks is done.
