

-t gzfastq -f ./00_Data/03a_Demultiplex/S_23_02118.1.fq.gz -o 00_Data/05a_Stacks.denovo.ALL.M1n1/ -i 427 -m 3 --name S_23_02118 -M 1 -p 8


ustacks parameters selected:
  Input file: './00_Data/03a_Demultiplex/S_23_02118.1.fq.gz'
  Sample ID: 427
  Min depth of coverage to create a stack (m): 3
  Repeat removal algorithm: enabled
  Max distance allowed between stacks (M): 1
  Max distance allowed to align secondary reads: 3
  Max number of stacks allowed per de novo locus: 3
  Deleveraging algorithm: disabled
  Gapped assembly: enabled
  Minimum alignment length: 0.8
  Model type: SNP
  Alpha significance level for model: 0.05

Loading RAD-Tags...1M...2M...3M...4M...5M...6M...7M...8M...9M...10M...11M...

Loaded 11246403 reads; formed:
  276938 stacks representing 10511993 primary reads (93.5%)
  665227 secondary stacks representing 734410 secondary reads (6.5%)

Stack coverage: mean=37.96; stdev=507.91; max=118003; n_reads=10511993(93.5%)
Removing repetitive stacks: cov > 1562 (mean+3*stdev)...
  Blacklisted 16003 stacks.
Coverage after repeat removal: mean=28.27; stdev=50.94; max=1561; n_reads=7375449(65.6%)

Assembling stacks (max. dist. M=1)...
  Assembled 260935 stacks into 211793; blacklisted 2897 stacks.
Coverage after assembling stacks: mean=28.30; stdev=30.80; max=1445; n_reads=5903019(52.5%)

Merging secondary stacks (max. dist. N=3 from consensus)...
  Merged 322755 out of 734410 secondary reads (43.9%), 14679 merged with gapped alignments.
Coverage after merging secondary stacks: mean=29.85; stdev=31.85; max=1489; n_reads=6225774(55.4%)

Assembling stacks, allowing for gaps (min. match length 80.0%)...
  Assembled 211793 stacks into 206212 stacks.
Coverage after gapped assembly: mean=30.67; stdev=32.63; max=1987; n_reads=6225774(55.4%)

Merging secondary stacks, allowing for gaps (min. match length 80.0%)...
  Merged 24647 out of 411655 secondary reads (6.0%).
Coverage after merging gapped secondary stacks: mean=30.79; stdev=32.64; max=1987; n_reads=6250421(55.6%)

Final number of stacks built: 206212
Final coverage: mean=30.79; stdev=32.64; max=1987; n_reads=6250421(55.6%)
Calling consensus sequences and haplotypes for catalog assembly...
Writing tags, SNPs, and alleles files to '00_Data/05a_Stacks.denovo.ALL.M1n1/S_23_02118'...done.
ustacks is done.
