

-t gzfastq -f ./00_Data/03a_Demultiplex/S_23_01209.1.fq.gz -o 00_Data/05a_Stacks.denovo.ALL.M4n4/ -i 159 -m 3 --name S_23_01209 -M 4 -p 8


ustacks parameters selected:
  Input file: './00_Data/03a_Demultiplex/S_23_01209.1.fq.gz'
  Sample ID: 159
  Min depth of coverage to create a stack (m): 3
  Repeat removal algorithm: enabled
  Max distance allowed between stacks (M): 4
  Max distance allowed to align secondary reads: 6
  Max number of stacks allowed per de novo locus: 3
  Deleveraging algorithm: disabled
  Gapped assembly: enabled
  Minimum alignment length: 0.8
  Model type: SNP
  Alpha significance level for model: 0.05

Loading RAD-Tags...1M...2M...3M...4M...5M...6M...

Loaded 6957799 reads; formed:
  211476 stacks representing 6551626 primary reads (94.2%)
  377414 secondary stacks representing 406173 secondary reads (5.8%)

Stack coverage: mean=30.98; stdev=391.61; max=70073; n_reads=6551626(94.2%)
Removing repetitive stacks: cov > 1206 (mean+3*stdev)...
  Blacklisted 11790 stacks.
Coverage after repeat removal: mean=22.90; stdev=39.82; max=1204; n_reads=4573048(65.7%)

Assembling stacks (max. dist. M=4)...
  Assembled 199686 stacks into 130661; blacklisted 3164 stacks.
Coverage after assembling stacks: mean=23.00; stdev=24.08; max=1039; n_reads=2925967(42.1%)

Merging secondary stacks (max. dist. N=6 from consensus)...
  Merged 219981 out of 406173 secondary reads (54.2%), 66548 merged with gapped alignments.
Coverage after merging secondary stacks: mean=24.73; stdev=26.05; max=1115; n_reads=3145948(45.2%)

Assembling stacks, allowing for gaps (min. match length 80.0%)...
  Assembled 130661 stacks into 123555 stacks.
Coverage after gapped assembly: mean=26.19; stdev=27.41; max=1115; n_reads=3145948(45.2%)

Merging secondary stacks, allowing for gaps (min. match length 80.0%)...
  Merged 40988 out of 186192 secondary reads (22.0%).
Coverage after merging gapped secondary stacks: mean=26.53; stdev=28.69; max=1345; n_reads=3186936(45.8%)

Final number of stacks built: 123555
Final coverage: mean=26.53; stdev=28.69; max=1345; n_reads=3186936(45.8%)
Calling consensus sequences and haplotypes for catalog assembly...
Writing tags, SNPs, and alleles files to '00_Data/05a_Stacks.denovo.ALL.M4n4/S_23_01209'...done.
ustacks is done.
