

-t gzfastq -f ./00_Data/03a_Demultiplex/S_23_02239.1.fq.gz -o 00_Data/05a_Stacks.denovo.ALL.M1n1/ -i 529 -m 3 --name S_23_02239 -M 1 -p 8


ustacks parameters selected:
  Input file: './00_Data/03a_Demultiplex/S_23_02239.1.fq.gz'
  Sample ID: 529
  Min depth of coverage to create a stack (m): 3
  Repeat removal algorithm: enabled
  Max distance allowed between stacks (M): 1
  Max distance allowed to align secondary reads: 3
  Max number of stacks allowed per de novo locus: 3
  Deleveraging algorithm: disabled
  Gapped assembly: enabled
  Minimum alignment length: 0.8
  Model type: SNP
  Alpha significance level for model: 0.05

Loading RAD-Tags...1M...2M...

Loaded 2875055 reads; formed:
  196276 stacks representing 2595605 primary reads (90.3%)
  241636 secondary stacks representing 279450 secondary reads (9.7%)

Stack coverage: mean=13.22; stdev=159.05; max=33190; n_reads=2595605(90.3%)
Removing repetitive stacks: cov > 491 (mean+3*stdev)...
  Blacklisted 8890 stacks.
Coverage after repeat removal: mean=9.88; stdev=17.14; max=488; n_reads=1851334(64.4%)

Assembling stacks (max. dist. M=1)...
  Assembled 187386 stacks into 158589; blacklisted 1815 stacks.
Coverage after assembling stacks: mean=9.56; stdev=10.69; max=478; n_reads=1496961(52.1%)

Merging secondary stacks (max. dist. N=3 from consensus)...
  Merged 97326 out of 279450 secondary reads (34.8%), 4228 merged with gapped alignments.
Coverage after merging secondary stacks: mean=10.19; stdev=11.17; max=494; n_reads=1594287(55.5%)

Assembling stacks, allowing for gaps (min. match length 80.0%)...
  Assembled 158589 stacks into 155745 stacks.
Coverage after gapped assembly: mean=10.37; stdev=11.37; max=494; n_reads=1594287(55.5%)

Merging secondary stacks, allowing for gaps (min. match length 80.0%)...
  Merged 10887 out of 182124 secondary reads (6.0%).
Coverage after merging gapped secondary stacks: mean=10.45; stdev=11.41; max=494; n_reads=1605174(55.8%)

Final number of stacks built: 155745
Final coverage: mean=10.45; stdev=11.41; max=494; n_reads=1605174(55.8%)
Calling consensus sequences and haplotypes for catalog assembly...
Writing tags, SNPs, and alleles files to '00_Data/05a_Stacks.denovo.ALL.M1n1/S_23_02239'...done.
ustacks is done.
