

-t gzfastq -f ./00_Data/03a_Demultiplex/S_23_02116.1.fq.gz -o 00_Data/05a_Stacks.denovo.ALL.M4n4/ -i 425 -m 3 --name S_23_02116 -M 4 -p 8


ustacks parameters selected:
  Input file: './00_Data/03a_Demultiplex/S_23_02116.1.fq.gz'
  Sample ID: 425
  Min depth of coverage to create a stack (m): 3
  Repeat removal algorithm: enabled
  Max distance allowed between stacks (M): 4
  Max distance allowed to align secondary reads: 6
  Max number of stacks allowed per de novo locus: 3
  Deleveraging algorithm: disabled
  Gapped assembly: enabled
  Minimum alignment length: 0.8
  Model type: SNP
  Alpha significance level for model: 0.05

Loading RAD-Tags...1M...2M...3M...4M...5M...6M...7M...8M...9M...10M...

Loaded 10600967 reads; formed:
  276328 stacks representing 9855462 primary reads (93.0%)
  675883 secondary stacks representing 745505 secondary reads (7.0%)

Stack coverage: mean=35.67; stdev=489.10; max=114730; n_reads=9855462(93.0%)
Removing repetitive stacks: cov > 1503 (mean+3*stdev)...
  Blacklisted 15370 stacks.
Coverage after repeat removal: mean=26.43; stdev=47.94; max=1499; n_reads=6896900(65.1%)

Assembling stacks (max. dist. M=4)...
  Assembled 260958 stacks into 172653; blacklisted 4166 stacks.
Coverage after assembling stacks: mean=26.30; stdev=29.22; max=1465; n_reads=4423388(41.7%)

Merging secondary stacks (max. dist. N=6 from consensus)...
  Merged 346009 out of 745505 secondary reads (46.4%), 112586 merged with gapped alignments.
Coverage after merging secondary stacks: mean=28.36; stdev=31.53; max=1667; n_reads=4769397(45.0%)

Assembling stacks, allowing for gaps (min. match length 80.0%)...
  Assembled 172653 stacks into 162406 stacks.
Coverage after gapped assembly: mean=30.20; stdev=33.29; max=1667; n_reads=4769397(45.0%)

Merging secondary stacks, allowing for gaps (min. match length 80.0%)...
  Merged 79686 out of 399496 secondary reads (19.9%).
Coverage after merging gapped secondary stacks: mean=30.70; stdev=35.52; max=2731; n_reads=4849083(45.7%)

Final number of stacks built: 162406
Final coverage: mean=30.70; stdev=35.52; max=2731; n_reads=4849083(45.7%)
Calling consensus sequences and haplotypes for catalog assembly...
Writing tags, SNPs, and alleles files to '00_Data/05a_Stacks.denovo.ALL.M4n4/S_23_02116'...done.
ustacks is done.
