

-t gzfastq -f ./00_Data/03a_Demultiplex/S_23_01913.1.fq.gz -o 00_Data/05a_Stacks.denovo.ALL.M4n4/ -i 304 -m 3 --name S_23_01913 -M 4 -p 8


ustacks parameters selected:
  Input file: './00_Data/03a_Demultiplex/S_23_01913.1.fq.gz'
  Sample ID: 304
  Min depth of coverage to create a stack (m): 3
  Repeat removal algorithm: enabled
  Max distance allowed between stacks (M): 4
  Max distance allowed to align secondary reads: 6
  Max number of stacks allowed per de novo locus: 3
  Deleveraging algorithm: disabled
  Gapped assembly: enabled
  Minimum alignment length: 0.8
  Model type: SNP
  Alpha significance level for model: 0.05

Loading RAD-Tags...1M...2M...3M...4M...

Loaded 4365297 reads; formed:
  188826 stacks representing 4085137 primary reads (93.6%)
  251833 secondary stacks representing 280160 secondary reads (6.4%)

Stack coverage: mean=21.63; stdev=463.94; max=143970; n_reads=4085137(93.6%)
Removing repetitive stacks: cov > 1414 (mean+3*stdev)...
  Blacklisted 9789 stacks.
Coverage after repeat removal: mean=15.08; stdev=37.73; max=1413; n_reads=2700188(61.9%)

Assembling stacks (max. dist. M=4)...
  Assembled 179037 stacks into 119653; blacklisted 2673 stacks.
Coverage after assembling stacks: mean=13.48; stdev=15.72; max=891; n_reads=1574828(36.1%)

Merging secondary stacks (max. dist. N=6 from consensus)...
  Merged 129395 out of 280160 secondary reads (46.2%), 44514 merged with gapped alignments.
Coverage after merging secondary stacks: mean=14.59; stdev=17.31; max=920; n_reads=1704223(39.0%)

Assembling stacks, allowing for gaps (min. match length 80.0%)...
  Assembled 119653 stacks into 115031 stacks.
Coverage after gapped assembly: mean=15.19; stdev=18.09; max=920; n_reads=1704223(39.0%)

Merging secondary stacks, allowing for gaps (min. match length 80.0%)...
  Merged 43726 out of 150765 secondary reads (29.0%).
Coverage after merging gapped secondary stacks: mean=15.58; stdev=20.99; max=2426; n_reads=1747949(40.0%)

Final number of stacks built: 115031
Final coverage: mean=15.58; stdev=20.99; max=2426; n_reads=1747949(40.0%)
Calling consensus sequences and haplotypes for catalog assembly...
Writing tags, SNPs, and alleles files to '00_Data/05a_Stacks.denovo.ALL.M4n4/S_23_01913'...done.
ustacks is done.
