

-t gzfastq -f ./00_Data/03a_Demultiplex/S_23_02181.1.fq.gz -o 00_Data/05a_Stacks.denovo.ALL.M4n4/ -i 491 -m 3 --name S_23_02181 -M 4 -p 8


ustacks parameters selected:
  Input file: './00_Data/03a_Demultiplex/S_23_02181.1.fq.gz'
  Sample ID: 491
  Min depth of coverage to create a stack (m): 3
  Repeat removal algorithm: enabled
  Max distance allowed between stacks (M): 4
  Max distance allowed to align secondary reads: 6
  Max number of stacks allowed per de novo locus: 3
  Deleveraging algorithm: disabled
  Gapped assembly: enabled
  Minimum alignment length: 0.8
  Model type: SNP
  Alpha significance level for model: 0.05

Loading RAD-Tags...1M...2M...3M...4M...

Loaded 4981530 reads; formed:
  200005 stacks representing 4680561 primary reads (94.0%)
  274500 secondary stacks representing 300969 secondary reads (6.0%)

Stack coverage: mean=23.40; stdev=307.74; max=61632; n_reads=4680561(94.0%)
Removing repetitive stacks: cov > 947 (mean+3*stdev)...
  Blacklisted 10200 stacks.
Coverage after repeat removal: mean=17.21; stdev=30.59; max=944; n_reads=3265862(65.6%)

Assembling stacks (max. dist. M=4)...
  Assembled 189805 stacks into 125322; blacklisted 2928 stacks.
Coverage after assembling stacks: mean=17.03; stdev=18.72; max=870; n_reads=2079883(41.8%)

Merging secondary stacks (max. dist. N=6 from consensus)...
  Merged 155096 out of 300969 secondary reads (51.5%), 50776 merged with gapped alignments.
Coverage after merging secondary stacks: mean=18.30; stdev=22.65; max=3400; n_reads=2234979(44.9%)

Assembling stacks, allowing for gaps (min. match length 80.0%)...
  Assembled 125322 stacks into 118867 stacks.
Coverage after gapped assembly: mean=19.32; stdev=23.88; max=3400; n_reads=2234979(44.9%)

Merging secondary stacks, allowing for gaps (min. match length 80.0%)...
  Merged 34642 out of 145873 secondary reads (23.7%).
Coverage after merging gapped secondary stacks: mean=19.62; stdev=24.76; max=3400; n_reads=2269621(45.6%)

Final number of stacks built: 118867
Final coverage: mean=19.62; stdev=24.76; max=3400; n_reads=2269621(45.6%)
Calling consensus sequences and haplotypes for catalog assembly...
Writing tags, SNPs, and alleles files to '00_Data/05a_Stacks.denovo.ALL.M4n4/S_23_02181'...done.
ustacks is done.
