

-t gzfastq -f ./00_Data/03a_Demultiplex/S_23_02067.1.fq.gz -o 00_Data/05a_Stacks.denovo.ALL.M4n4/ -i 387 -m 3 --name S_23_02067 -M 4 -p 8


ustacks parameters selected:
  Input file: './00_Data/03a_Demultiplex/S_23_02067.1.fq.gz'
  Sample ID: 387
  Min depth of coverage to create a stack (m): 3
  Repeat removal algorithm: enabled
  Max distance allowed between stacks (M): 4
  Max distance allowed to align secondary reads: 6
  Max number of stacks allowed per de novo locus: 3
  Deleveraging algorithm: disabled
  Gapped assembly: enabled
  Minimum alignment length: 0.8
  Model type: SNP
  Alpha significance level for model: 0.05

Loading RAD-Tags...

Loaded 224077 reads; formed:
  18087 stacks representing 125131 primary reads (55.8%)
  79584 secondary stacks representing 98946 secondary reads (44.2%)

Stack coverage: mean=6.92; stdev=34.05; max=2278; n_reads=125131(55.8%)
Removing repetitive stacks: cov > 110 (mean+3*stdev)...
  Blacklisted 1079 stacks.
Coverage after repeat removal: mean=5.26; stdev=7.23; max=109; n_reads=89381(39.9%)

Assembling stacks (max. dist. M=4)...
  Assembled 17008 stacks into 12962; blacklisted 302 stacks.
Coverage after assembling stacks: mean=5.18; stdev=6.91; max=140; n_reads=65184(29.1%)

Merging secondary stacks (max. dist. N=6 from consensus)...
  Merged 18755 out of 98946 secondary reads (19.0%), 8299 merged with gapped alignments.
Coverage after merging secondary stacks: mean=6.67; stdev=14.19; max=614; n_reads=83939(37.5%)

Assembling stacks, allowing for gaps (min. match length 80.0%)...
  Assembled 12962 stacks into 12614 stacks.
Coverage after gapped assembly: mean=6.86; stdev=14.88; max=614; n_reads=83939(37.5%)

Merging secondary stacks, allowing for gaps (min. match length 80.0%)...
  Merged 7309 out of 80191 secondary reads (9.1%).
Coverage after merging gapped secondary stacks: mean=7.46; stdev=17.48; max=626; n_reads=91248(40.7%)

Final number of stacks built: 12614
Final coverage: mean=7.46; stdev=17.48; max=626; n_reads=91248(40.7%)
Calling consensus sequences and haplotypes for catalog assembly...
Writing tags, SNPs, and alleles files to '00_Data/05a_Stacks.denovo.ALL.M4n4/S_23_02067'...done.
ustacks is done.
