

-t gzfastq -f ./00_Data/03a_Demultiplex/S_23_01220.1.fq.gz -o 00_Data/05a_Stacks.denovo.ALL.M4n4/ -i 170 -m 3 --name S_23_01220 -M 4 -p 8


ustacks parameters selected:
  Input file: './00_Data/03a_Demultiplex/S_23_01220.1.fq.gz'
  Sample ID: 170
  Min depth of coverage to create a stack (m): 3
  Repeat removal algorithm: enabled
  Max distance allowed between stacks (M): 4
  Max distance allowed to align secondary reads: 6
  Max number of stacks allowed per de novo locus: 3
  Deleveraging algorithm: disabled
  Gapped assembly: enabled
  Minimum alignment length: 0.8
  Model type: SNP
  Alpha significance level for model: 0.05

Loading RAD-Tags...1M...2M...

Loaded 2540169 reads; formed:
  175419 stacks representing 2313658 primary reads (91.1%)
  194267 secondary stacks representing 226511 secondary reads (8.9%)

Stack coverage: mean=13.19; stdev=154.28; max=31693; n_reads=2313658(91.1%)
Removing repetitive stacks: cov > 477 (mean+3*stdev)...
  Blacklisted 7559 stacks.
Coverage after repeat removal: mean=9.92; stdev=16.68; max=477; n_reads=1664917(65.5%)

Assembling stacks (max. dist. M=4)...
  Assembled 167860 stacks into 116110; blacklisted 2445 stacks.
Coverage after assembling stacks: mean=9.63; stdev=10.69; max=618; n_reads=1092391(43.0%)

Merging secondary stacks (max. dist. N=6 from consensus)...
  Merged 86507 out of 226511 secondary reads (38.2%), 27820 merged with gapped alignments.
Coverage after merging secondary stacks: mean=10.39; stdev=12.09; max=1062; n_reads=1178898(46.4%)

Assembling stacks, allowing for gaps (min. match length 80.0%)...
  Assembled 116110 stacks into 111306 stacks.
Coverage after gapped assembly: mean=10.85; stdev=12.63; max=1062; n_reads=1178898(46.4%)

Merging secondary stacks, allowing for gaps (min. match length 80.0%)...
  Merged 22448 out of 140004 secondary reads (16.0%).
Coverage after merging gapped secondary stacks: mean=11.06; stdev=13.40; max=1188; n_reads=1201346(47.3%)

Final number of stacks built: 111306
Final coverage: mean=11.06; stdev=13.40; max=1188; n_reads=1201346(47.3%)
Calling consensus sequences and haplotypes for catalog assembly...
Writing tags, SNPs, and alleles files to '00_Data/05a_Stacks.denovo.ALL.M4n4/S_23_01220'...done.
ustacks is done.
