

-t gzfastq -f ./00_Data/03a_Demultiplex/S_23_01203.1.fq.gz -o 00_Data/05a_Stacks.denovo.ALL.M4n4/ -i 153 -m 3 --name S_23_01203 -M 4 -p 8


ustacks parameters selected:
  Input file: './00_Data/03a_Demultiplex/S_23_01203.1.fq.gz'
  Sample ID: 153
  Min depth of coverage to create a stack (m): 3
  Repeat removal algorithm: enabled
  Max distance allowed between stacks (M): 4
  Max distance allowed to align secondary reads: 6
  Max number of stacks allowed per de novo locus: 3
  Deleveraging algorithm: disabled
  Gapped assembly: enabled
  Minimum alignment length: 0.8
  Model type: SNP
  Alpha significance level for model: 0.05

Loading RAD-Tags...1M...2M...

Loaded 2205652 reads; formed:
  172854 stacks representing 1953754 primary reads (88.6%)
  212512 secondary stacks representing 251898 secondary reads (11.4%)

Stack coverage: mean=11.30; stdev=130.35; max=26491; n_reads=1953754(88.6%)
Removing repetitive stacks: cov > 403 (mean+3*stdev)...
  Blacklisted 7719 stacks.
Coverage after repeat removal: mean=8.46; stdev=13.71; max=402; n_reads=1397747(63.4%)

Assembling stacks (max. dist. M=4)...
  Assembled 165135 stacks into 116292; blacklisted 2388 stacks.
Coverage after assembling stacks: mean=8.20; stdev=8.87; max=429; n_reads=932238(42.3%)

Merging secondary stacks (max. dist. N=6 from consensus)...
  Merged 93413 out of 251898 secondary reads (37.1%), 33469 merged with gapped alignments.
Coverage after merging secondary stacks: mean=9.02; stdev=11.21; max=1173; n_reads=1025651(46.5%)

Assembling stacks, allowing for gaps (min. match length 80.0%)...
  Assembled 116292 stacks into 111729 stacks.
Coverage after gapped assembly: mean=9.40; stdev=11.74; max=1173; n_reads=1025651(46.5%)

Merging secondary stacks, allowing for gaps (min. match length 80.0%)...
  Merged 28421 out of 158485 secondary reads (17.9%).
Coverage after merging gapped secondary stacks: mean=9.66; stdev=13.00; max=1344; n_reads=1054072(47.8%)

Final number of stacks built: 111729
Final coverage: mean=9.66; stdev=13.00; max=1344; n_reads=1054072(47.8%)
Calling consensus sequences and haplotypes for catalog assembly...
Writing tags, SNPs, and alleles files to '00_Data/05a_Stacks.denovo.ALL.M4n4/S_23_01203'...done.
ustacks is done.
