

-t gzfastq -f ./00_Data/03a_Demultiplex/S_23_02006.1.fq.gz -o 00_Data/05a_Stacks.denovo.ALL.M1n1/ -i 326 -m 3 --name S_23_02006 -M 1 -p 8


ustacks parameters selected:
  Input file: './00_Data/03a_Demultiplex/S_23_02006.1.fq.gz'
  Sample ID: 326
  Min depth of coverage to create a stack (m): 3
  Repeat removal algorithm: enabled
  Max distance allowed between stacks (M): 1
  Max distance allowed to align secondary reads: 3
  Max number of stacks allowed per de novo locus: 3
  Deleveraging algorithm: disabled
  Gapped assembly: enabled
  Minimum alignment length: 0.8
  Model type: SNP
  Alpha significance level for model: 0.05

Loading RAD-Tags...1M...2M...3M...4M...5M...

Loaded 5470385 reads; formed:
  231504 stacks representing 5039065 primary reads (92.1%)
  390813 secondary stacks representing 431320 secondary reads (7.9%)

Stack coverage: mean=21.77; stdev=281.15; max=62802; n_reads=5039065(92.1%)
Removing repetitive stacks: cov > 866 (mean+3*stdev)...
  Blacklisted 11779 stacks.
Coverage after repeat removal: mean=16.27; stdev=28.32; max=864; n_reads=3575150(65.4%)

Assembling stacks (max. dist. M=1)...
  Assembled 219725 stacks into 180950; blacklisted 2247 stacks.
Coverage after assembling stacks: mean=16.15; stdev=17.45; max=868; n_reads=2882264(52.7%)

Merging secondary stacks (max. dist. N=3 from consensus)...
  Merged 191299 out of 431320 secondary reads (44.4%), 8692 merged with gapped alignments.
Coverage after merging secondary stacks: mean=17.23; stdev=18.21; max=883; n_reads=3073563(56.2%)

Assembling stacks, allowing for gaps (min. match length 80.0%)...
  Assembled 180950 stacks into 176665 stacks.
Coverage after gapped assembly: mean=17.65; stdev=18.56; max=883; n_reads=3073563(56.2%)

Merging secondary stacks, allowing for gaps (min. match length 80.0%)...
  Merged 14353 out of 240021 secondary reads (6.0%).
Coverage after merging gapped secondary stacks: mean=17.73; stdev=18.59; max=883; n_reads=3087916(56.4%)

Final number of stacks built: 176665
Final coverage: mean=17.73; stdev=18.59; max=883; n_reads=3087916(56.4%)
Calling consensus sequences and haplotypes for catalog assembly...
Writing tags, SNPs, and alleles files to '00_Data/05a_Stacks.denovo.ALL.M1n1/S_23_02006'...done.
ustacks is done.
