

-t gzfastq -f ./00_Data/03a_Demultiplex/S_23_02148.1.fq.gz -o 00_Data/05a_Stacks.denovo.ALL.M1n1/ -i 457 -m 3 --name S_23_02148 -M 1 -p 8


ustacks parameters selected:
  Input file: './00_Data/03a_Demultiplex/S_23_02148.1.fq.gz'
  Sample ID: 457
  Min depth of coverage to create a stack (m): 3
  Repeat removal algorithm: enabled
  Max distance allowed between stacks (M): 1
  Max distance allowed to align secondary reads: 3
  Max number of stacks allowed per de novo locus: 3
  Deleveraging algorithm: disabled
  Gapped assembly: enabled
  Minimum alignment length: 0.8
  Model type: SNP
  Alpha significance level for model: 0.05

Loading RAD-Tags...1M...2M...3M...4M...

Loaded 4021988 reads; formed:
  204004 stacks representing 3724423 primary reads (92.6%)
  266108 secondary stacks representing 297565 secondary reads (7.4%)

Stack coverage: mean=18.26; stdev=228.35; max=49508; n_reads=3724423(92.6%)
Removing repetitive stacks: cov > 704 (mean+3*stdev)...
  Blacklisted 9654 stacks.
Coverage after repeat removal: mean=13.56; stdev=23.52; max=703; n_reads=2636047(65.5%)

Assembling stacks (max. dist. M=1)...
  Assembled 194350 stacks into 162243; blacklisted 1873 stacks.
Coverage after assembling stacks: mean=13.38; stdev=15.24; max=723; n_reads=2142534(53.3%)

Merging secondary stacks (max. dist. N=3 from consensus)...
  Merged 123528 out of 297565 secondary reads (41.5%), 5204 merged with gapped alignments.
Coverage after merging secondary stacks: mean=14.15; stdev=15.81; max=747; n_reads=2266062(56.3%)

Assembling stacks, allowing for gaps (min. match length 80.0%)...
  Assembled 162243 stacks into 158819 stacks.
Coverage after gapped assembly: mean=14.46; stdev=16.18; max=840; n_reads=2266062(56.3%)

Merging secondary stacks, allowing for gaps (min. match length 80.0%)...
  Merged 10564 out of 174037 secondary reads (6.1%).
Coverage after merging gapped secondary stacks: mean=14.53; stdev=16.20; max=840; n_reads=2276626(56.6%)

Final number of stacks built: 158819
Final coverage: mean=14.53; stdev=16.20; max=840; n_reads=2276626(56.6%)
Calling consensus sequences and haplotypes for catalog assembly...
Writing tags, SNPs, and alleles files to '00_Data/05a_Stacks.denovo.ALL.M1n1/S_23_02148'...done.
ustacks is done.
