

-t gzfastq -f ./00_Data/03a_Demultiplex/S_23_01178.1.fq.gz -o 00_Data/05a_Stacks.denovo.ALL.M4n4/ -i 141 -m 3 --name S_23_01178 -M 4 -p 8


ustacks parameters selected:
  Input file: './00_Data/03a_Demultiplex/S_23_01178.1.fq.gz'
  Sample ID: 141
  Min depth of coverage to create a stack (m): 3
  Repeat removal algorithm: enabled
  Max distance allowed between stacks (M): 4
  Max distance allowed to align secondary reads: 6
  Max number of stacks allowed per de novo locus: 3
  Deleveraging algorithm: disabled
  Gapped assembly: enabled
  Minimum alignment length: 0.8
  Model type: SNP
  Alpha significance level for model: 0.05

Loading RAD-Tags...1M...2M...3M...

Loaded 3962667 reads; formed:
  194386 stacks representing 3682507 primary reads (92.9%)
  254543 secondary stacks representing 280160 secondary reads (7.1%)

Stack coverage: mean=18.94; stdev=238.55; max=45712; n_reads=3682507(92.9%)
Removing repetitive stacks: cov > 735 (mean+3*stdev)...
  Blacklisted 9903 stacks.
Coverage after repeat removal: mean=13.91; stdev=24.18; max=733; n_reads=2566590(64.8%)

Assembling stacks (max. dist. M=4)...
  Assembled 184483 stacks into 123548; blacklisted 2831 stacks.
Coverage after assembling stacks: mean=13.61; stdev=14.67; max=730; n_reads=1639499(41.4%)

Merging secondary stacks (max. dist. N=6 from consensus)...
  Merged 139294 out of 280160 secondary reads (49.7%), 41769 merged with gapped alignments.
Coverage after merging secondary stacks: mean=14.77; stdev=16.20; max=779; n_reads=1778793(44.9%)

Assembling stacks, allowing for gaps (min. match length 80.0%)...
  Assembled 123548 stacks into 117592 stacks.
Coverage after gapped assembly: mean=15.53; stdev=17.03; max=779; n_reads=1778793(44.9%)

Merging secondary stacks, allowing for gaps (min. match length 80.0%)...
  Merged 33540 out of 140866 secondary reads (23.8%).
Coverage after merging gapped secondary stacks: mean=15.83; stdev=18.32; max=820; n_reads=1812333(45.7%)

Final number of stacks built: 117592
Final coverage: mean=15.83; stdev=18.32; max=820; n_reads=1812333(45.7%)
Calling consensus sequences and haplotypes for catalog assembly...
Writing tags, SNPs, and alleles files to '00_Data/05a_Stacks.denovo.ALL.M4n4/S_23_01178'...done.
ustacks is done.
