

-t gzfastq -f ./00_Data/03a_Demultiplex/S_23_02267.1.fq.gz -o 00_Data/05a_Stacks.denovo.ALL.M1n1/ -i 558 -m 3 --name S_23_02267 -M 1 -p 8


ustacks parameters selected:
  Input file: './00_Data/03a_Demultiplex/S_23_02267.1.fq.gz'
  Sample ID: 558
  Min depth of coverage to create a stack (m): 3
  Repeat removal algorithm: enabled
  Max distance allowed between stacks (M): 1
  Max distance allowed to align secondary reads: 3
  Max number of stacks allowed per de novo locus: 3
  Deleveraging algorithm: disabled
  Gapped assembly: enabled
  Minimum alignment length: 0.8
  Model type: SNP
  Alpha significance level for model: 0.05

Loading RAD-Tags...1M...2M...3M...4M...

Loaded 4637966 reads; formed:
  224694 stacks representing 4224272 primary reads (91.1%)
  369288 secondary stacks representing 413694 secondary reads (8.9%)

Stack coverage: mean=18.80; stdev=238.61; max=56711; n_reads=4224272(91.1%)
Removing repetitive stacks: cov > 735 (mean+3*stdev)...
  Blacklisted 10266 stacks.
Coverage after repeat removal: mean=14.09; stdev=24.25; max=724; n_reads=3020685(65.1%)

Assembling stacks (max. dist. M=1)...
  Assembled 214428 stacks into 177776; blacklisted 2216 stacks.
Coverage after assembling stacks: mean=13.98; stdev=15.60; max=700; n_reads=2451121(52.8%)

Merging secondary stacks (max. dist. N=3 from consensus)...
  Merged 154723 out of 413694 secondary reads (37.4%), 6837 merged with gapped alignments.
Coverage after merging secondary stacks: mean=14.87; stdev=16.24; max=721; n_reads=2605844(56.2%)

Assembling stacks, allowing for gaps (min. match length 80.0%)...
  Assembled 177776 stacks into 173656 stacks.
Coverage after gapped assembly: mean=15.22; stdev=16.57; max=721; n_reads=2605844(56.2%)

Merging secondary stacks, allowing for gaps (min. match length 80.0%)...
  Merged 14056 out of 258971 secondary reads (5.4%).
Coverage after merging gapped secondary stacks: mean=15.31; stdev=16.59; max=721; n_reads=2619900(56.5%)

Final number of stacks built: 173656
Final coverage: mean=15.31; stdev=16.59; max=721; n_reads=2619900(56.5%)
Calling consensus sequences and haplotypes for catalog assembly...
Writing tags, SNPs, and alleles files to '00_Data/05a_Stacks.denovo.ALL.M1n1/S_23_02267'...done.
ustacks is done.
