

-t gzfastq -f ./00_Data/03a_Demultiplex/S_23_02254.1.fq.gz -o 00_Data/05a_Stacks.denovo.ALL.M4n4/ -i 545 -m 3 --name S_23_02254 -M 4 -p 8


ustacks parameters selected:
  Input file: './00_Data/03a_Demultiplex/S_23_02254.1.fq.gz'
  Sample ID: 545
  Min depth of coverage to create a stack (m): 3
  Repeat removal algorithm: enabled
  Max distance allowed between stacks (M): 4
  Max distance allowed to align secondary reads: 6
  Max number of stacks allowed per de novo locus: 3
  Deleveraging algorithm: disabled
  Gapped assembly: enabled
  Minimum alignment length: 0.8
  Model type: SNP
  Alpha significance level for model: 0.05

Loading RAD-Tags...1M...2M...3M...4M...

Loaded 4571257 reads; formed:
  217674 stacks representing 4209364 primary reads (92.1%)
  325256 secondary stacks representing 361893 secondary reads (7.9%)

Stack coverage: mean=19.34; stdev=266.03; max=63586; n_reads=4209364(92.1%)
Removing repetitive stacks: cov > 818 (mean+3*stdev)...
  Blacklisted 10176 stacks.
Coverage after repeat removal: mean=14.32; stdev=26.18; max=818; n_reads=2971217(65.0%)

Assembling stacks (max. dist. M=4)...
  Assembled 207498 stacks into 139334; blacklisted 3066 stacks.
Coverage after assembling stacks: mean=13.92; stdev=15.60; max=804; n_reads=1893500(41.4%)

Merging secondary stacks (max. dist. N=6 from consensus)...
  Merged 157714 out of 361893 secondary reads (43.6%), 52533 merged with gapped alignments.
Coverage after merging secondary stacks: mean=15.08; stdev=18.92; max=2988; n_reads=2051214(44.9%)

Assembling stacks, allowing for gaps (min. match length 80.0%)...
  Assembled 139334 stacks into 132434 stacks.
Coverage after gapped assembly: mean=15.89; stdev=19.83; max=2988; n_reads=2051214(44.9%)

Merging secondary stacks, allowing for gaps (min. match length 80.0%)...
  Merged 38211 out of 204179 secondary reads (18.7%).
Coverage after merging gapped secondary stacks: mean=16.18; stdev=20.84; max=2989; n_reads=2089425(45.7%)

Final number of stacks built: 132434
Final coverage: mean=16.18; stdev=20.84; max=2989; n_reads=2089425(45.7%)
Calling consensus sequences and haplotypes for catalog assembly...
Writing tags, SNPs, and alleles files to '00_Data/05a_Stacks.denovo.ALL.M4n4/S_23_02254'...done.
ustacks is done.
