

-t gzfastq -f ./00_Data/03a_Demultiplex/S_23_01906.1.fq.gz -o 00_Data/05a_Stacks.denovo.ALL.M1n1/ -i 297 -m 3 --name S_23_01906 -M 1 -p 8


ustacks parameters selected:
  Input file: './00_Data/03a_Demultiplex/S_23_01906.1.fq.gz'
  Sample ID: 297
  Min depth of coverage to create a stack (m): 3
  Repeat removal algorithm: enabled
  Max distance allowed between stacks (M): 1
  Max distance allowed to align secondary reads: 3
  Max number of stacks allowed per de novo locus: 3
  Deleveraging algorithm: disabled
  Gapped assembly: enabled
  Minimum alignment length: 0.8
  Model type: SNP
  Alpha significance level for model: 0.05

Loading RAD-Tags...1M...

Loaded 1188005 reads; formed:
  110883 stacks representing 975912 primary reads (82.1%)
  170901 secondary stacks representing 212093 secondary reads (17.9%)

Stack coverage: mean=8.80; stdev=90.62; max=14968; n_reads=975912(82.1%)
Removing repetitive stacks: cov > 281 (mean+3*stdev)...
  Blacklisted 4938 stacks.
Coverage after repeat removal: mean=6.60; stdev=11.03; max=279; n_reads=699692(58.9%)

Assembling stacks (max. dist. M=1)...
  Assembled 105945 stacks into 92812; blacklisted 960 stacks.
Coverage after assembling stacks: mean=6.24; stdev=7.27; max=292; n_reads=572217(48.2%)

Merging secondary stacks (max. dist. N=3 from consensus)...
  Merged 51361 out of 212093 secondary reads (24.2%), 1790 merged with gapped alignments.
Coverage after merging secondary stacks: mean=6.80; stdev=7.83; max=309; n_reads=623578(52.5%)

Assembling stacks, allowing for gaps (min. match length 80.0%)...
  Assembled 92812 stacks into 91774 stacks.
Coverage after gapped assembly: mean=6.88; stdev=7.97; max=309; n_reads=623578(52.5%)

Merging secondary stacks, allowing for gaps (min. match length 80.0%)...
  Merged 7318 out of 160732 secondary reads (4.6%).
Coverage after merging gapped secondary stacks: mean=6.96; stdev=8.04; max=310; n_reads=630896(53.1%)

Final number of stacks built: 91774
Final coverage: mean=6.96; stdev=8.04; max=310; n_reads=630896(53.1%)
Calling consensus sequences and haplotypes for catalog assembly...
Writing tags, SNPs, and alleles files to '00_Data/05a_Stacks.denovo.ALL.M1n1/S_23_01906'...done.
ustacks is done.
