

-t gzfastq -f ./00_Data/03a_Demultiplex/S_23_01077.1.fq.gz -o 00_Data/05a_Stacks.denovo.ALL.M1n1/ -i 70 -m 3 --name S_23_01077 -M 1 -p 8


ustacks parameters selected:
  Input file: './00_Data/03a_Demultiplex/S_23_01077.1.fq.gz'
  Sample ID: 70
  Min depth of coverage to create a stack (m): 3
  Repeat removal algorithm: enabled
  Max distance allowed between stacks (M): 1
  Max distance allowed to align secondary reads: 3
  Max number of stacks allowed per de novo locus: 3
  Deleveraging algorithm: disabled
  Gapped assembly: enabled
  Minimum alignment length: 0.8
  Model type: SNP
  Alpha significance level for model: 0.05

Loading RAD-Tags...1M...2M...

Loaded 2934130 reads; formed:
  183998 stacks representing 2673492 primary reads (91.1%)
  228227 secondary stacks representing 260638 secondary reads (8.9%)

Stack coverage: mean=14.53; stdev=169.47; max=33606; n_reads=2673492(91.1%)
Removing repetitive stacks: cov > 523 (mean+3*stdev)...
  Blacklisted 8530 stacks.
Coverage after repeat removal: mean=10.79; stdev=18.64; max=523; n_reads=1893730(64.5%)

Assembling stacks (max. dist. M=1)...
  Assembled 175468 stacks into 148579; blacklisted 1639 stacks.
Coverage after assembling stacks: mean=10.50; stdev=12.53; max=539; n_reads=1539867(52.5%)

Merging secondary stacks (max. dist. N=3 from consensus)...
  Merged 100593 out of 260638 secondary reads (38.6%), 4105 merged with gapped alignments.
Coverage after merging secondary stacks: mean=11.18; stdev=13.09; max=553; n_reads=1640460(55.9%)

Assembling stacks, allowing for gaps (min. match length 80.0%)...
  Assembled 148579 stacks into 145818 stacks.
Coverage after gapped assembly: mean=11.40; stdev=13.36; max=553; n_reads=1640460(55.9%)

Merging secondary stacks, allowing for gaps (min. match length 80.0%)...
  Merged 9597 out of 160045 secondary reads (6.0%).
Coverage after merging gapped secondary stacks: mean=11.46; stdev=13.39; max=553; n_reads=1650057(56.2%)

Final number of stacks built: 145818
Final coverage: mean=11.46; stdev=13.39; max=553; n_reads=1650057(56.2%)
Calling consensus sequences and haplotypes for catalog assembly...
Writing tags, SNPs, and alleles files to '00_Data/05a_Stacks.denovo.ALL.M1n1/S_23_01077'...done.
ustacks is done.
