

-t gzfastq -f ./00_Data/03a_Demultiplex/S_23_00981.1.fq.gz -o 00_Data/05a_Stacks.denovo.ALL.M4n4/ -i 3 -m 3 --name S_23_00981 -M 4 -p 8


ustacks parameters selected:
  Input file: './00_Data/03a_Demultiplex/S_23_00981.1.fq.gz'
  Sample ID: 3
  Min depth of coverage to create a stack (m): 3
  Repeat removal algorithm: enabled
  Max distance allowed between stacks (M): 4
  Max distance allowed to align secondary reads: 6
  Max number of stacks allowed per de novo locus: 3
  Deleveraging algorithm: disabled
  Gapped assembly: enabled
  Minimum alignment length: 0.8
  Model type: SNP
  Alpha significance level for model: 0.05

Loading RAD-Tags...1M...2M...3M...

Loaded 3895561 reads; formed:
  196196 stacks representing 3611974 primary reads (92.7%)
  253028 secondary stacks representing 283587 secondary reads (7.3%)

Stack coverage: mean=18.41; stdev=229.25; max=42916; n_reads=3611974(92.7%)
Removing repetitive stacks: cov > 707 (mean+3*stdev)...
  Blacklisted 9815 stacks.
Coverage after repeat removal: mean=13.49; stdev=23.86; max=693; n_reads=2513886(64.5%)

Assembling stacks (max. dist. M=4)...
  Assembled 186381 stacks into 125436; blacklisted 2886 stacks.
Coverage after assembling stacks: mean=13.15; stdev=15.51; max=707; n_reads=1608735(41.3%)

Merging secondary stacks (max. dist. N=6 from consensus)...
  Merged 132645 out of 283587 secondary reads (46.8%), 44432 merged with gapped alignments.
Coverage after merging secondary stacks: mean=14.24; stdev=18.05; max=2270; n_reads=1741380(44.7%)

Assembling stacks, allowing for gaps (min. match length 80.0%)...
  Assembled 125436 stacks into 119414 stacks.
Coverage after gapped assembly: mean=14.98; stdev=18.98; max=2270; n_reads=1741380(44.7%)

Merging secondary stacks, allowing for gaps (min. match length 80.0%)...
  Merged 35588 out of 150942 secondary reads (23.6%).
Coverage after merging gapped secondary stacks: mean=15.28; stdev=20.11; max=2363; n_reads=1776968(45.6%)

Final number of stacks built: 119414
Final coverage: mean=15.28; stdev=20.11; max=2363; n_reads=1776968(45.6%)
Calling consensus sequences and haplotypes for catalog assembly...
Writing tags, SNPs, and alleles files to '00_Data/05a_Stacks.denovo.ALL.M4n4/S_23_00981'...done.
ustacks is done.
