

-t gzfastq -f ./00_Data/03a_Demultiplex/S_23_01104.1.fq.gz -o 00_Data/05a_Stacks.denovo.ALL.M4n4/ -i 82 -m 3 --name S_23_01104 -M 4 -p 8


ustacks parameters selected:
  Input file: './00_Data/03a_Demultiplex/S_23_01104.1.fq.gz'
  Sample ID: 82
  Min depth of coverage to create a stack (m): 3
  Repeat removal algorithm: enabled
  Max distance allowed between stacks (M): 4
  Max distance allowed to align secondary reads: 6
  Max number of stacks allowed per de novo locus: 3
  Deleveraging algorithm: disabled
  Gapped assembly: enabled
  Minimum alignment length: 0.8
  Model type: SNP
  Alpha significance level for model: 0.05

Loading RAD-Tags...1M...2M...

Loaded 2739820 reads; formed:
  190117 stacks representing 2463481 primary reads (89.9%)
  236778 secondary stacks representing 276339 secondary reads (10.1%)

Stack coverage: mean=12.96; stdev=154.72; max=32227; n_reads=2463481(89.9%)
Removing repetitive stacks: cov > 478 (mean+3*stdev)...
  Blacklisted 8588 stacks.
Coverage after repeat removal: mean=9.63; stdev=16.63; max=478; n_reads=1748419(63.8%)

Assembling stacks (max. dist. M=4)...
  Assembled 181529 stacks into 126179; blacklisted 2697 stacks.
Coverage after assembling stacks: mean=9.19; stdev=10.45; max=468; n_reads=1132494(41.3%)

Merging secondary stacks (max. dist. N=6 from consensus)...
  Merged 99036 out of 276339 secondary reads (35.8%), 34034 merged with gapped alignments.
Coverage after merging secondary stacks: mean=9.99; stdev=12.00; max=1058; n_reads=1231530(44.9%)

Assembling stacks, allowing for gaps (min. match length 80.0%)...
  Assembled 126179 stacks into 120910 stacks.
Coverage after gapped assembly: mean=10.44; stdev=12.58; max=1058; n_reads=1231530(44.9%)

Merging secondary stacks, allowing for gaps (min. match length 80.0%)...
  Merged 32704 out of 177303 secondary reads (18.4%).
Coverage after merging gapped secondary stacks: mean=10.72; stdev=13.70; max=1200; n_reads=1264234(46.1%)

Final number of stacks built: 120910
Final coverage: mean=10.72; stdev=13.70; max=1200; n_reads=1264234(46.1%)
Calling consensus sequences and haplotypes for catalog assembly...
Writing tags, SNPs, and alleles files to '00_Data/05a_Stacks.denovo.ALL.M4n4/S_23_01104'...done.
ustacks is done.
