

-t gzfastq -f ./00_Data/03a_Demultiplex/S_23_01828.1.fq.gz -o 00_Data/05a_Stacks.denovo.ALL.M1n1/ -i 248 -m 3 --name S_23_01828 -M 1 -p 8


ustacks parameters selected:
  Input file: './00_Data/03a_Demultiplex/S_23_01828.1.fq.gz'
  Sample ID: 248
  Min depth of coverage to create a stack (m): 3
  Repeat removal algorithm: enabled
  Max distance allowed between stacks (M): 1
  Max distance allowed to align secondary reads: 3
  Max number of stacks allowed per de novo locus: 3
  Deleveraging algorithm: disabled
  Gapped assembly: enabled
  Minimum alignment length: 0.8
  Model type: SNP
  Alpha significance level for model: 0.05

Loading RAD-Tags...1M...2M...

Loaded 2882698 reads; formed:
  176541 stacks representing 2641344 primary reads (91.6%)
  211817 secondary stacks representing 241354 secondary reads (8.4%)

Stack coverage: mean=14.96; stdev=186.13; max=36751; n_reads=2641344(91.6%)
Removing repetitive stacks: cov > 574 (mean+3*stdev)...
  Blacklisted 8376 stacks.
Coverage after repeat removal: mean=11.04; stdev=19.20; max=573; n_reads=1857286(64.4%)

Assembling stacks (max. dist. M=1)...
  Assembled 168165 stacks into 141531; blacklisted 1606 stacks.
Coverage after assembling stacks: mean=10.76; stdev=12.45; max=627; n_reads=1502790(52.1%)

Merging secondary stacks (max. dist. N=3 from consensus)...
  Merged 94829 out of 241354 secondary reads (39.3%), 3955 merged with gapped alignments.
Coverage after merging secondary stacks: mean=11.44; stdev=12.97; max=636; n_reads=1597619(55.4%)

Assembling stacks, allowing for gaps (min. match length 80.0%)...
  Assembled 141531 stacks into 138942 stacks.
Coverage after gapped assembly: mean=11.65; stdev=13.20; max=636; n_reads=1597619(55.4%)

Merging secondary stacks, allowing for gaps (min. match length 80.0%)...
  Merged 9154 out of 146525 secondary reads (6.2%).
Coverage after merging gapped secondary stacks: mean=11.72; stdev=13.28; max=656; n_reads=1606773(55.7%)

Final number of stacks built: 138942
Final coverage: mean=11.72; stdev=13.28; max=656; n_reads=1606773(55.7%)
Calling consensus sequences and haplotypes for catalog assembly...
Writing tags, SNPs, and alleles files to '00_Data/05a_Stacks.denovo.ALL.M1n1/S_23_01828'...done.
ustacks is done.
