

-t gzfastq -f ./00_Data/03a_Demultiplex/S_23_01200.1.fq.gz -o 00_Data/05a_Stacks.denovo.ALL.M1n1/ -i 150 -m 3 --name S_23_01200 -M 1 -p 8


ustacks parameters selected:
  Input file: './00_Data/03a_Demultiplex/S_23_01200.1.fq.gz'
  Sample ID: 150
  Min depth of coverage to create a stack (m): 3
  Repeat removal algorithm: enabled
  Max distance allowed between stacks (M): 1
  Max distance allowed to align secondary reads: 3
  Max number of stacks allowed per de novo locus: 3
  Deleveraging algorithm: disabled
  Gapped assembly: enabled
  Minimum alignment length: 0.8
  Model type: SNP
  Alpha significance level for model: 0.05

Loading RAD-Tags...1M...2M...3M...4M...5M...

Loaded 5000541 reads; formed:
  226391 stacks representing 4625055 primary reads (92.5%)
  339297 secondary stacks representing 375486 secondary reads (7.5%)

Stack coverage: mean=20.43; stdev=256.35; max=56213; n_reads=4625055(92.5%)
Removing repetitive stacks: cov > 790 (mean+3*stdev)...
  Blacklisted 10944 stacks.
Coverage after repeat removal: mean=15.29; stdev=26.19; max=790; n_reads=3294860(65.9%)

Assembling stacks (max. dist. M=1)...
  Assembled 215447 stacks into 178710; blacklisted 2113 stacks.
Coverage after assembling stacks: mean=15.15; stdev=16.18; max=782; n_reads=2671296(53.4%)

Merging secondary stacks (max. dist. N=3 from consensus)...
  Merged 154359 out of 375486 secondary reads (41.1%), 7002 merged with gapped alignments.
Coverage after merging secondary stacks: mean=16.03; stdev=16.81; max=801; n_reads=2825655(56.5%)

Assembling stacks, allowing for gaps (min. match length 80.0%)...
  Assembled 178710 stacks into 174519 stacks.
Coverage after gapped assembly: mean=16.42; stdev=17.13; max=825; n_reads=2825655(56.5%)

Merging secondary stacks, allowing for gaps (min. match length 80.0%)...
  Merged 12730 out of 221127 secondary reads (5.8%).
Coverage after merging gapped secondary stacks: mean=16.49; stdev=17.16; max=825; n_reads=2838385(56.8%)

Final number of stacks built: 174519
Final coverage: mean=16.49; stdev=17.16; max=825; n_reads=2838385(56.8%)
Calling consensus sequences and haplotypes for catalog assembly...
Writing tags, SNPs, and alleles files to '00_Data/05a_Stacks.denovo.ALL.M1n1/S_23_01200'...done.
ustacks is done.
