

-t gzfastq -f ./00_Data/03a_Demultiplex/S_23_01146.1.fq.gz -o 00_Data/05a_Stacks.denovo.ALL.M4n4/ -i 109 -m 3 --name S_23_01146 -M 4 -p 8


ustacks parameters selected:
  Input file: './00_Data/03a_Demultiplex/S_23_01146.1.fq.gz'
  Sample ID: 109
  Min depth of coverage to create a stack (m): 3
  Repeat removal algorithm: enabled
  Max distance allowed between stacks (M): 4
  Max distance allowed to align secondary reads: 6
  Max number of stacks allowed per de novo locus: 3
  Deleveraging algorithm: disabled
  Gapped assembly: enabled
  Minimum alignment length: 0.8
  Model type: SNP
  Alpha significance level for model: 0.05

Loading RAD-Tags...1M...2M...3M...4M...5M...6M...7M...

Loaded 7805655 reads; formed:
  230676 stacks representing 7321329 primary reads (93.8%)
  442537 secondary stacks representing 484326 secondary reads (6.2%)

Stack coverage: mean=31.74; stdev=431.74; max=102036; n_reads=7321329(93.8%)
Removing repetitive stacks: cov > 1327 (mean+3*stdev)...
  Blacklisted 11412 stacks.
Coverage after repeat removal: mean=23.74; stdev=43.55; max=1319; n_reads=5205076(66.7%)

Assembling stacks (max. dist. M=4)...
  Assembled 219264 stacks into 145150; blacklisted 3446 stacks.
Coverage after assembling stacks: mean=23.52; stdev=25.69; max=1174; n_reads=3326465(42.6%)

Merging secondary stacks (max. dist. N=6 from consensus)...
  Merged 238547 out of 484326 secondary reads (49.3%), 74795 merged with gapped alignments.
Coverage after merging secondary stacks: mean=25.20; stdev=27.85; max=1264; n_reads=3565012(45.7%)

Assembling stacks, allowing for gaps (min. match length 80.0%)...
  Assembled 145150 stacks into 137044 stacks.
Coverage after gapped assembly: mean=26.74; stdev=29.32; max=1264; n_reads=3565012(45.7%)

Merging secondary stacks, allowing for gaps (min. match length 80.0%)...
  Merged 47841 out of 245779 secondary reads (19.5%).
Coverage after merging gapped secondary stacks: mean=27.09; stdev=31.11; max=2440; n_reads=3612853(46.3%)

Final number of stacks built: 137044
Final coverage: mean=27.09; stdev=31.11; max=2440; n_reads=3612853(46.3%)
Calling consensus sequences and haplotypes for catalog assembly...
Writing tags, SNPs, and alleles files to '00_Data/05a_Stacks.denovo.ALL.M4n4/S_23_01146'...done.
ustacks is done.
