

-t gzfastq -f ./00_Data/03a_Demultiplex/S_23_02205.1.fq.gz -o 00_Data/05a_Stacks.denovo.ALL.M1n1/ -i 513 -m 3 --name S_23_02205 -M 1 -p 8


ustacks parameters selected:
  Input file: './00_Data/03a_Demultiplex/S_23_02205.1.fq.gz'
  Sample ID: 513
  Min depth of coverage to create a stack (m): 3
  Repeat removal algorithm: enabled
  Max distance allowed between stacks (M): 1
  Max distance allowed to align secondary reads: 3
  Max number of stacks allowed per de novo locus: 3
  Deleveraging algorithm: disabled
  Gapped assembly: enabled
  Minimum alignment length: 0.8
  Model type: SNP
  Alpha significance level for model: 0.05

Loading RAD-Tags...1M...2M...3M...

Loaded 3794326 reads; formed:
  213413 stacks representing 3444327 primary reads (90.8%)
  306605 secondary stacks representing 349999 secondary reads (9.2%)

Stack coverage: mean=16.14; stdev=224.40; max=55435; n_reads=3444327(90.8%)
Removing repetitive stacks: cov > 690 (mean+3*stdev)...
  Blacklisted 9517 stacks.
Coverage after repeat removal: mean=11.95; stdev=21.56; max=689; n_reads=2436158(64.2%)

Assembling stacks (max. dist. M=1)...
  Assembled 203896 stacks into 170217; blacklisted 2007 stacks.
Coverage after assembling stacks: mean=11.72; stdev=13.74; max=673; n_reads=1968046(51.9%)

Merging secondary stacks (max. dist. N=3 from consensus)...
  Merged 125961 out of 349999 secondary reads (36.0%), 5429 merged with gapped alignments.
Coverage after merging secondary stacks: mean=12.47; stdev=14.31; max=691; n_reads=2094007(55.2%)

Assembling stacks, allowing for gaps (min. match length 80.0%)...
  Assembled 170217 stacks into 166795 stacks.
Coverage after gapped assembly: mean=12.72; stdev=14.59; max=691; n_reads=2094007(55.2%)

Merging secondary stacks, allowing for gaps (min. match length 80.0%)...
  Merged 12298 out of 224038 secondary reads (5.5%).
Coverage after merging gapped secondary stacks: mean=12.80; stdev=14.62; max=691; n_reads=2106305(55.5%)

Final number of stacks built: 166795
Final coverage: mean=12.80; stdev=14.62; max=691; n_reads=2106305(55.5%)
Calling consensus sequences and haplotypes for catalog assembly...
Writing tags, SNPs, and alleles files to '00_Data/05a_Stacks.denovo.ALL.M1n1/S_23_02205'...done.
ustacks is done.
