

-t gzfastq -f ./00_Data/03a_Demultiplex/S_23_02191.1.fq.gz -o 00_Data/05a_Stacks.denovo.ALL.M1n1/ -i 499 -m 3 --name S_23_02191 -M 1 -p 8


ustacks parameters selected:
  Input file: './00_Data/03a_Demultiplex/S_23_02191.1.fq.gz'
  Sample ID: 499
  Min depth of coverage to create a stack (m): 3
  Repeat removal algorithm: enabled
  Max distance allowed between stacks (M): 1
  Max distance allowed to align secondary reads: 3
  Max number of stacks allowed per de novo locus: 3
  Deleveraging algorithm: disabled
  Gapped assembly: enabled
  Minimum alignment length: 0.8
  Model type: SNP
  Alpha significance level for model: 0.05

Loading RAD-Tags...1M...

Loaded 1794098 reads; formed:
  145282 stacks representing 1548171 primary reads (86.3%)
  203739 secondary stacks representing 245927 secondary reads (13.7%)

Stack coverage: mean=10.66; stdev=129.46; max=25206; n_reads=1548171(86.3%)
Removing repetitive stacks: cov > 400 (mean+3*stdev)...
  Blacklisted 6386 stacks.
Coverage after repeat removal: mean=7.90; stdev=13.92; max=396; n_reads=1096805(61.1%)

Assembling stacks (max. dist. M=1)...
  Assembled 138896 stacks into 119814; blacklisted 1309 stacks.
Coverage after assembling stacks: mean=7.56; stdev=9.47; max=460; n_reads=894995(49.9%)

Merging secondary stacks (max. dist. N=3 from consensus)...
  Merged 65651 out of 245927 secondary reads (26.7%), 2557 merged with gapped alignments.
Coverage after merging secondary stacks: mean=8.12; stdev=9.98; max=470; n_reads=960646(53.5%)

Assembling stacks, allowing for gaps (min. match length 80.0%)...
  Assembled 119814 stacks into 118186 stacks.
Coverage after gapped assembly: mean=8.23; stdev=10.14; max=470; n_reads=960646(53.5%)

Merging secondary stacks, allowing for gaps (min. match length 80.0%)...
  Merged 8880 out of 180276 secondary reads (4.9%).
Coverage after merging gapped secondary stacks: mean=8.31; stdev=10.20; max=470; n_reads=969526(54.0%)

Final number of stacks built: 118186
Final coverage: mean=8.31; stdev=10.20; max=470; n_reads=969526(54.0%)
Calling consensus sequences and haplotypes for catalog assembly...
Writing tags, SNPs, and alleles files to '00_Data/05a_Stacks.denovo.ALL.M1n1/S_23_02191'...done.
ustacks is done.
