

-t gzfastq -f ./00_Data/03a_Demultiplex/S_23_01123.1.fq.gz -o 00_Data/05a_Stacks.denovo.ALL.M4n4/ -i 101 -m 3 --name S_23_01123 -M 4 -p 8


ustacks parameters selected:
  Input file: './00_Data/03a_Demultiplex/S_23_01123.1.fq.gz'
  Sample ID: 101
  Min depth of coverage to create a stack (m): 3
  Repeat removal algorithm: enabled
  Max distance allowed between stacks (M): 4
  Max distance allowed to align secondary reads: 6
  Max number of stacks allowed per de novo locus: 3
  Deleveraging algorithm: disabled
  Gapped assembly: enabled
  Minimum alignment length: 0.8
  Model type: SNP
  Alpha significance level for model: 0.05

Loading RAD-Tags...1M...2M...3M...4M...5M...

Loaded 5156739 reads; formed:
  196822 stacks representing 4835522 primary reads (93.8%)
  295126 secondary stacks representing 321217 secondary reads (6.2%)

Stack coverage: mean=24.57; stdev=321.55; max=60129; n_reads=4835522(93.8%)
Removing repetitive stacks: cov > 990 (mean+3*stdev)...
  Blacklisted 10448 stacks.
Coverage after repeat removal: mean=17.99; stdev=32.62; max=990; n_reads=3352354(65.0%)

Assembling stacks (max. dist. M=4)...
  Assembled 186374 stacks into 123385; blacklisted 2855 stacks.
Coverage after assembling stacks: mean=17.65; stdev=19.06; max=1082; n_reads=2123430(41.2%)

Merging secondary stacks (max. dist. N=6 from consensus)...
  Merged 166536 out of 321217 secondary reads (51.8%), 53031 merged with gapped alignments.
Coverage after merging secondary stacks: mean=19.04; stdev=21.07; max=1118; n_reads=2289966(44.4%)

Assembling stacks, allowing for gaps (min. match length 80.0%)...
  Assembled 123385 stacks into 116922 stacks.
Coverage after gapped assembly: mean=20.12; stdev=22.14; max=1118; n_reads=2289966(44.4%)

Merging secondary stacks, allowing for gaps (min. match length 80.0%)...
  Merged 39631 out of 154681 secondary reads (25.6%).
Coverage after merging gapped secondary stacks: mean=20.47; stdev=23.54; max=1118; n_reads=2329597(45.2%)

Final number of stacks built: 116922
Final coverage: mean=20.47; stdev=23.54; max=1118; n_reads=2329597(45.2%)
Calling consensus sequences and haplotypes for catalog assembly...
Writing tags, SNPs, and alleles files to '00_Data/05a_Stacks.denovo.ALL.M4n4/S_23_01123'...done.
ustacks is done.
