

-t gzfastq -f ./00_Data/03a_Demultiplex/S_23_02148.1.fq.gz -o 00_Data/05a_Stacks.denovo.ALL.M4n4/ -i 457 -m 3 --name S_23_02148 -M 4 -p 8


ustacks parameters selected:
  Input file: './00_Data/03a_Demultiplex/S_23_02148.1.fq.gz'
  Sample ID: 457
  Min depth of coverage to create a stack (m): 3
  Repeat removal algorithm: enabled
  Max distance allowed between stacks (M): 4
  Max distance allowed to align secondary reads: 6
  Max number of stacks allowed per de novo locus: 3
  Deleveraging algorithm: disabled
  Gapped assembly: enabled
  Minimum alignment length: 0.8
  Model type: SNP
  Alpha significance level for model: 0.05

Loading RAD-Tags...1M...2M...3M...4M...

Loaded 4021988 reads; formed:
  204004 stacks representing 3724423 primary reads (92.6%)
  266108 secondary stacks representing 297565 secondary reads (7.4%)

Stack coverage: mean=18.26; stdev=228.35; max=49508; n_reads=3724423(92.6%)
Removing repetitive stacks: cov > 704 (mean+3*stdev)...
  Blacklisted 9654 stacks.
Coverage after repeat removal: mean=13.56; stdev=23.52; max=703; n_reads=2636047(65.5%)

Assembling stacks (max. dist. M=4)...
  Assembled 194350 stacks into 131825; blacklisted 2922 stacks.
Coverage after assembling stacks: mean=13.31; stdev=14.97; max=654; n_reads=1712104(42.6%)

Merging secondary stacks (max. dist. N=6 from consensus)...
  Merged 133603 out of 297565 secondary reads (44.9%), 42469 merged with gapped alignments.
Coverage after merging secondary stacks: mean=14.35; stdev=17.22; max=2130; n_reads=1845707(45.9%)

Assembling stacks, allowing for gaps (min. match length 80.0%)...
  Assembled 131825 stacks into 125494 stacks.
Coverage after gapped assembly: mean=15.09; stdev=18.09; max=2130; n_reads=1845707(45.9%)

Merging secondary stacks, allowing for gaps (min. match length 80.0%)...
  Merged 35196 out of 163962 secondary reads (21.5%).
Coverage after merging gapped secondary stacks: mean=15.38; stdev=19.04; max=2136; n_reads=1880903(46.8%)

Final number of stacks built: 125494
Final coverage: mean=15.38; stdev=19.04; max=2136; n_reads=1880903(46.8%)
Calling consensus sequences and haplotypes for catalog assembly...
Writing tags, SNPs, and alleles files to '00_Data/05a_Stacks.denovo.ALL.M4n4/S_23_02148'...done.
ustacks is done.
