

-t gzfastq -f ./00_Data/03a_Demultiplex/S_23_02193.1.fq.gz -o 00_Data/05a_Stacks.denovo.ALL.M1n1/ -i 501 -m 3 --name S_23_02193 -M 1 -p 8


ustacks parameters selected:
  Input file: './00_Data/03a_Demultiplex/S_23_02193.1.fq.gz'
  Sample ID: 501
  Min depth of coverage to create a stack (m): 3
  Repeat removal algorithm: enabled
  Max distance allowed between stacks (M): 1
  Max distance allowed to align secondary reads: 3
  Max number of stacks allowed per de novo locus: 3
  Deleveraging algorithm: disabled
  Gapped assembly: enabled
  Minimum alignment length: 0.8
  Model type: SNP
  Alpha significance level for model: 0.05

Loading RAD-Tags...1M...2M...

Loaded 2613517 reads; formed:
  171813 stacks representing 2355476 primary reads (90.1%)
  223566 secondary stacks representing 258041 secondary reads (9.9%)

Stack coverage: mean=13.71; stdev=167.93; max=32370; n_reads=2355476(90.1%)
Removing repetitive stacks: cov > 518 (mean+3*stdev)...
  Blacklisted 8000 stacks.
Coverage after repeat removal: mean=10.16; stdev=17.84; max=518; n_reads=1664837(63.7%)

Assembling stacks (max. dist. M=1)...
  Assembled 163813 stacks into 138176; blacklisted 1595 stacks.
Coverage after assembling stacks: mean=9.90; stdev=11.37; max=495; n_reads=1349698(51.6%)

Merging secondary stacks (max. dist. N=3 from consensus)...
  Merged 95583 out of 258041 secondary reads (37.0%), 3787 merged with gapped alignments.
Coverage after merging secondary stacks: mean=10.60; stdev=11.94; max=518; n_reads=1445281(55.3%)

Assembling stacks, allowing for gaps (min. match length 80.0%)...
  Assembled 138176 stacks into 135846 stacks.
Coverage after gapped assembly: mean=10.78; stdev=12.25; max=776; n_reads=1445281(55.3%)

Merging secondary stacks, allowing for gaps (min. match length 80.0%)...
  Merged 9307 out of 162458 secondary reads (5.7%).
Coverage after merging gapped secondary stacks: mean=10.85; stdev=12.28; max=776; n_reads=1454588(55.7%)

Final number of stacks built: 135846
Final coverage: mean=10.85; stdev=12.28; max=776; n_reads=1454588(55.7%)
Calling consensus sequences and haplotypes for catalog assembly...
Writing tags, SNPs, and alleles files to '00_Data/05a_Stacks.denovo.ALL.M1n1/S_23_02193'...done.
ustacks is done.
