

-t gzfastq -f ./00_Data/03a_Demultiplex/S_23_01173.1.fq.gz -o 00_Data/05a_Stacks.denovo.ALL.M1n1/ -i 136 -m 3 --name S_23_01173 -M 1 -p 8


ustacks parameters selected:
  Input file: './00_Data/03a_Demultiplex/S_23_01173.1.fq.gz'
  Sample ID: 136
  Min depth of coverage to create a stack (m): 3
  Repeat removal algorithm: enabled
  Max distance allowed between stacks (M): 1
  Max distance allowed to align secondary reads: 3
  Max number of stacks allowed per de novo locus: 3
  Deleveraging algorithm: disabled
  Gapped assembly: enabled
  Minimum alignment length: 0.8
  Model type: SNP
  Alpha significance level for model: 0.05

Loading RAD-Tags...1M...2M...3M...

Loaded 3589337 reads; formed:
  203173 stacks representing 3298530 primary reads (91.9%)
  259424 secondary stacks representing 290807 secondary reads (8.1%)

Stack coverage: mean=16.24; stdev=199.58; max=39834; n_reads=3298530(91.9%)
Removing repetitive stacks: cov > 615 (mean+3*stdev)...
  Blacklisted 9469 stacks.
Coverage after repeat removal: mean=12.09; stdev=20.95; max=615; n_reads=2341216(65.2%)

Assembling stacks (max. dist. M=1)...
  Assembled 193704 stacks into 162203; blacklisted 1903 stacks.
Coverage after assembling stacks: mean=11.79; stdev=12.96; max=578; n_reads=1886440(52.6%)

Merging secondary stacks (max. dist. N=3 from consensus)...
  Merged 117349 out of 290807 secondary reads (40.4%), 5256 merged with gapped alignments.
Coverage after merging secondary stacks: mean=12.52; stdev=13.50; max=598; n_reads=2003789(55.8%)

Assembling stacks, allowing for gaps (min. match length 80.0%)...
  Assembled 162203 stacks into 158877 stacks.
Coverage after gapped assembly: mean=12.79; stdev=13.79; max=602; n_reads=2003789(55.8%)

Merging secondary stacks, allowing for gaps (min. match length 80.0%)...
  Merged 10629 out of 173458 secondary reads (6.1%).
Coverage after merging gapped secondary stacks: mean=12.85; stdev=13.83; max=602; n_reads=2014418(56.1%)

Final number of stacks built: 158877
Final coverage: mean=12.85; stdev=13.83; max=602; n_reads=2014418(56.1%)
Calling consensus sequences and haplotypes for catalog assembly...
Writing tags, SNPs, and alleles files to '00_Data/05a_Stacks.denovo.ALL.M1n1/S_23_01173'...done.
ustacks is done.
