

-t gzfastq -f ./00_Data/03a_Demultiplex/S_23_01246.1.fq.gz -o 00_Data/05a_Stacks.denovo.ALL.M4n4/ -i 180 -m 3 --name S_23_01246 -M 4 -p 8


ustacks parameters selected:
  Input file: './00_Data/03a_Demultiplex/S_23_01246.1.fq.gz'
  Sample ID: 180
  Min depth of coverage to create a stack (m): 3
  Repeat removal algorithm: enabled
  Max distance allowed between stacks (M): 4
  Max distance allowed to align secondary reads: 6
  Max number of stacks allowed per de novo locus: 3
  Deleveraging algorithm: disabled
  Gapped assembly: enabled
  Minimum alignment length: 0.8
  Model type: SNP
  Alpha significance level for model: 0.05

Loading RAD-Tags...1M...2M...3M...4M...5M...6M...7M...8M...9M...

Loaded 9209463 reads; formed:
  251484 stacks representing 8644050 primary reads (93.9%)
  517659 secondary stacks representing 565413 secondary reads (6.1%)

Stack coverage: mean=34.37; stdev=449.05; max=98093; n_reads=8644050(93.9%)
Removing repetitive stacks: cov > 1382 (mean+3*stdev)...
  Blacklisted 13997 stacks.
Coverage after repeat removal: mean=25.64; stdev=44.92; max=1369; n_reads=6088188(66.1%)

Assembling stacks (max. dist. M=4)...
  Assembled 237487 stacks into 156135; blacklisted 3767 stacks.
Coverage after assembling stacks: mean=25.65; stdev=26.29; max=1436; n_reads=3901106(42.4%)

Merging secondary stacks (max. dist. N=6 from consensus)...
  Merged 284461 out of 565413 secondary reads (50.3%), 90002 merged with gapped alignments.
Coverage after merging secondary stacks: mean=27.52; stdev=29.65; max=3713; n_reads=4185567(45.4%)

Assembling stacks, allowing for gaps (min. match length 80.0%)...
  Assembled 156135 stacks into 147056 stacks.
Coverage after gapped assembly: mean=29.27; stdev=31.31; max=3713; n_reads=4185567(45.4%)

Merging secondary stacks, allowing for gaps (min. match length 80.0%)...
  Merged 58204 out of 280952 secondary reads (20.7%).
Coverage after merging gapped secondary stacks: mean=29.68; stdev=32.63; max=3713; n_reads=4243771(46.1%)

Final number of stacks built: 147056
Final coverage: mean=29.68; stdev=32.63; max=3713; n_reads=4243771(46.1%)
Calling consensus sequences and haplotypes for catalog assembly...
Writing tags, SNPs, and alleles files to '00_Data/05a_Stacks.denovo.ALL.M4n4/S_23_01246'...done.
ustacks is done.
