

-t gzfastq -f ./00_Data/03a_Demultiplex/S_23_02086.1.fq.gz -o 00_Data/05a_Stacks.denovo.ALL.M4n4/ -i 395 -m 3 --name S_23_02086 -M 4 -p 8


ustacks parameters selected:
  Input file: './00_Data/03a_Demultiplex/S_23_02086.1.fq.gz'
  Sample ID: 395
  Min depth of coverage to create a stack (m): 3
  Repeat removal algorithm: enabled
  Max distance allowed between stacks (M): 4
  Max distance allowed to align secondary reads: 6
  Max number of stacks allowed per de novo locus: 3
  Deleveraging algorithm: disabled
  Gapped assembly: enabled
  Minimum alignment length: 0.8
  Model type: SNP
  Alpha significance level for model: 0.05

Loading RAD-Tags...1M...2M...

Loaded 2807772 reads; formed:
  183587 stacks representing 2460717 primary reads (87.6%)
  297582 secondary stacks representing 347055 secondary reads (12.4%)

Stack coverage: mean=13.40; stdev=224.41; max=46326; n_reads=2460717(87.6%)
Removing repetitive stacks: cov > 687 (mean+3*stdev)...
  Blacklisted 7571 stacks.
Coverage after repeat removal: mean=9.67; stdev=20.50; max=687; n_reads=1702392(60.6%)

Assembling stacks (max. dist. M=4)...
  Assembled 176016 stacks into 120269; blacklisted 2631 stacks.
Coverage after assembling stacks: mean=8.99; stdev=10.92; max=590; n_reads=1056238(37.6%)

Merging secondary stacks (max. dist. N=6 from consensus)...
  Merged 115671 out of 347055 secondary reads (33.3%), 42871 merged with gapped alignments.
Coverage after merging secondary stacks: mean=9.97; stdev=12.85; max=958; n_reads=1171909(41.7%)

Assembling stacks, allowing for gaps (min. match length 80.0%)...
  Assembled 120269 stacks into 115154 stacks.
Coverage after gapped assembly: mean=10.43; stdev=13.53; max=958; n_reads=1171909(41.7%)

Merging secondary stacks, allowing for gaps (min. match length 80.0%)...
  Merged 38680 out of 231384 secondary reads (16.7%).
Coverage after merging gapped secondary stacks: mean=10.77; stdev=14.98; max=975; n_reads=1210589(43.1%)

Final number of stacks built: 115154
Final coverage: mean=10.77; stdev=14.98; max=975; n_reads=1210589(43.1%)
Calling consensus sequences and haplotypes for catalog assembly...
Writing tags, SNPs, and alleles files to '00_Data/05a_Stacks.denovo.ALL.M4n4/S_23_02086'...done.
ustacks is done.
