

-t gzfastq -f ./00_Data/03a_Demultiplex/S_23_02026.1.fq.gz -o 00_Data/05a_Stacks.denovo.ALL.M1n1/ -i 346 -m 3 --name S_23_02026 -M 1 -p 8


ustacks parameters selected:
  Input file: './00_Data/03a_Demultiplex/S_23_02026.1.fq.gz'
  Sample ID: 346
  Min depth of coverage to create a stack (m): 3
  Repeat removal algorithm: enabled
  Max distance allowed between stacks (M): 1
  Max distance allowed to align secondary reads: 3
  Max number of stacks allowed per de novo locus: 3
  Deleveraging algorithm: disabled
  Gapped assembly: enabled
  Minimum alignment length: 0.8
  Model type: SNP
  Alpha significance level for model: 0.05

Loading RAD-Tags...1M...2M...3M...4M...

Loaded 4835335 reads; formed:
  202947 stacks representing 4514629 primary reads (93.4%)
  292184 secondary stacks representing 320706 secondary reads (6.6%)

Stack coverage: mean=22.25; stdev=281.76; max=53288; n_reads=4514629(93.4%)
Removing repetitive stacks: cov > 868 (mean+3*stdev)...
  Blacklisted 10416 stacks.
Coverage after repeat removal: mean=16.42; stdev=28.52; max=868; n_reads=3160677(65.4%)

Assembling stacks (max. dist. M=1)...
  Assembled 192531 stacks into 158339; blacklisted 1982 stacks.
Coverage after assembling stacks: mean=16.32; stdev=17.73; max=828; n_reads=2547533(52.7%)

Merging secondary stacks (max. dist. N=3 from consensus)...
  Merged 151303 out of 320706 secondary reads (47.2%), 6662 merged with gapped alignments.
Coverage after merging secondary stacks: mean=17.29; stdev=18.40; max=862; n_reads=2698836(55.8%)

Assembling stacks, allowing for gaps (min. match length 80.0%)...
  Assembled 158339 stacks into 154612 stacks.
Coverage after gapped assembly: mean=17.71; stdev=18.77; max=862; n_reads=2698836(55.8%)

Merging secondary stacks, allowing for gaps (min. match length 80.0%)...
  Merged 10933 out of 169403 secondary reads (6.5%).
Coverage after merging gapped secondary stacks: mean=17.78; stdev=18.80; max=862; n_reads=2709769(56.0%)

Final number of stacks built: 154612
Final coverage: mean=17.78; stdev=18.80; max=862; n_reads=2709769(56.0%)
Calling consensus sequences and haplotypes for catalog assembly...
Writing tags, SNPs, and alleles files to '00_Data/05a_Stacks.denovo.ALL.M1n1/S_23_02026'...done.
ustacks is done.
