

-t gzfastq -f ./00_Data/03a_Demultiplex/S_23_01804.1.fq.gz -o 00_Data/05a_Stacks.denovo.ALL.M4n4/ -i 228 -m 3 --name S_23_01804 -M 4 -p 8


ustacks parameters selected:
  Input file: './00_Data/03a_Demultiplex/S_23_01804.1.fq.gz'
  Sample ID: 228
  Min depth of coverage to create a stack (m): 3
  Repeat removal algorithm: enabled
  Max distance allowed between stacks (M): 4
  Max distance allowed to align secondary reads: 6
  Max number of stacks allowed per de novo locus: 3
  Deleveraging algorithm: disabled
  Gapped assembly: enabled
  Minimum alignment length: 0.8
  Model type: SNP
  Alpha significance level for model: 0.05

Loading RAD-Tags...1M...2M...3M...4M...5M...6M...7M...

Loaded 7540004 reads; formed:
  230550 stacks representing 7059738 primary reads (93.6%)
  439603 secondary stacks representing 480266 secondary reads (6.4%)

Stack coverage: mean=30.62; stdev=427.81; max=97677; n_reads=7059738(93.6%)
Removing repetitive stacks: cov > 1315 (mean+3*stdev)...
  Blacklisted 11524 stacks.
Coverage after repeat removal: mean=22.71; stdev=41.64; max=1314; n_reads=4973286(66.0%)

Assembling stacks (max. dist. M=4)...
  Assembled 219026 stacks into 144463; blacklisted 3450 stacks.
Coverage after assembling stacks: mean=22.32; stdev=23.48; max=1091; n_reads=3142414(41.7%)

Merging secondary stacks (max. dist. N=6 from consensus)...
  Merged 233953 out of 480266 secondary reads (48.7%), 75616 merged with gapped alignments.
Coverage after merging secondary stacks: mean=23.99; stdev=27.51; max=3870; n_reads=3376367(44.8%)

Assembling stacks, allowing for gaps (min. match length 80.0%)...
  Assembled 144463 stacks into 136435 stacks.
Coverage after gapped assembly: mean=25.44; stdev=28.92; max=3870; n_reads=3376367(44.8%)

Merging secondary stacks, allowing for gaps (min. match length 80.0%)...
  Merged 49767 out of 246313 secondary reads (20.2%).
Coverage after merging gapped secondary stacks: mean=25.81; stdev=30.53; max=4037; n_reads=3426134(45.4%)

Final number of stacks built: 136435
Final coverage: mean=25.81; stdev=30.53; max=4037; n_reads=3426134(45.4%)
Calling consensus sequences and haplotypes for catalog assembly...
Writing tags, SNPs, and alleles files to '00_Data/05a_Stacks.denovo.ALL.M4n4/S_23_01804'...done.
ustacks is done.
