

-t gzfastq -f ./00_Data/03a_Demultiplex/S_23_02057.1.fq.gz -o 00_Data/05a_Stacks.denovo.ALL.M1n1/ -i 377 -m 3 --name S_23_02057 -M 1 -p 8


ustacks parameters selected:
  Input file: './00_Data/03a_Demultiplex/S_23_02057.1.fq.gz'
  Sample ID: 377
  Min depth of coverage to create a stack (m): 3
  Repeat removal algorithm: enabled
  Max distance allowed between stacks (M): 1
  Max distance allowed to align secondary reads: 3
  Max number of stacks allowed per de novo locus: 3
  Deleveraging algorithm: disabled
  Gapped assembly: enabled
  Minimum alignment length: 0.8
  Model type: SNP
  Alpha significance level for model: 0.05

Loading RAD-Tags...1M...2M...3M...4M...5M...

Loaded 5059605 reads; formed:
  240111 stacks representing 4647367 primary reads (91.9%)
  367182 secondary stacks representing 412238 secondary reads (8.1%)

Stack coverage: mean=19.36; stdev=224.97; max=42294; n_reads=4647367(91.9%)
Removing repetitive stacks: cov > 695 (mean+3*stdev)...
  Blacklisted 11945 stacks.
Coverage after repeat removal: mean=14.54; stdev=23.93; max=695; n_reads=3317206(65.6%)

Assembling stacks (max. dist. M=1)...
  Assembled 228166 stacks into 189788; blacklisted 2268 stacks.
Coverage after assembling stacks: mean=14.47; stdev=16.23; max=795; n_reads=2709522(53.6%)

Merging secondary stacks (max. dist. N=3 from consensus)...
  Merged 165193 out of 412238 secondary reads (40.1%), 7557 merged with gapped alignments.
Coverage after merging secondary stacks: mean=15.36; stdev=16.86; max=814; n_reads=2874715(56.8%)

Assembling stacks, allowing for gaps (min. match length 80.0%)...
  Assembled 189788 stacks into 185307 stacks.
Coverage after gapped assembly: mean=15.73; stdev=17.19; max=814; n_reads=2874715(56.8%)

Merging secondary stacks, allowing for gaps (min. match length 80.0%)...
  Merged 14521 out of 247045 secondary reads (5.9%).
Coverage after merging gapped secondary stacks: mean=15.81; stdev=17.22; max=814; n_reads=2889236(57.1%)

Final number of stacks built: 185307
Final coverage: mean=15.81; stdev=17.22; max=814; n_reads=2889236(57.1%)
Calling consensus sequences and haplotypes for catalog assembly...
Writing tags, SNPs, and alleles files to '00_Data/05a_Stacks.denovo.ALL.M1n1/S_23_02057'...done.
ustacks is done.
