

-t gzfastq -f ./00_Data/03a_Demultiplex/S_23_02044.1.fq.gz -o 00_Data/05a_Stacks.denovo.ALL.M1n1/ -i 364 -m 3 --name S_23_02044 -M 1 -p 8


ustacks parameters selected:
  Input file: './00_Data/03a_Demultiplex/S_23_02044.1.fq.gz'
  Sample ID: 364
  Min depth of coverage to create a stack (m): 3
  Repeat removal algorithm: enabled
  Max distance allowed between stacks (M): 1
  Max distance allowed to align secondary reads: 3
  Max number of stacks allowed per de novo locus: 3
  Deleveraging algorithm: disabled
  Gapped assembly: enabled
  Minimum alignment length: 0.8
  Model type: SNP
  Alpha significance level for model: 0.05

Loading RAD-Tags...

Loaded 371482 reads; formed:
  34653 stacks representing 243075 primary reads (65.4%)
  101366 secondary stacks representing 128407 secondary reads (34.6%)

Stack coverage: mean=7.01; stdev=38.29; max=2579; n_reads=243075(65.4%)
Removing repetitive stacks: cov > 122 (mean+3*stdev)...
  Blacklisted 1830 stacks.
Coverage after repeat removal: mean=5.42; stdev=7.17; max=120; n_reads=177960(47.9%)

Assembling stacks (max. dist. M=1)...
  Assembled 32823 stacks into 29080; blacklisted 328 stacks.
Coverage after assembling stacks: mean=5.22; stdev=6.14; max=147; n_reads=149568(40.3%)

Merging secondary stacks (max. dist. N=3 from consensus)...
  Merged 19344 out of 128407 secondary reads (15.1%), 534 merged with gapped alignments.
Coverage after merging secondary stacks: mean=5.90; stdev=6.98; max=157; n_reads=168912(45.5%)

Assembling stacks, allowing for gaps (min. match length 80.0%)...
  Assembled 29080 stacks into 28793 stacks.
Coverage after gapped assembly: mean=5.96; stdev=7.09; max=163; n_reads=168912(45.5%)

Merging secondary stacks, allowing for gaps (min. match length 80.0%)...
  Merged 3073 out of 109063 secondary reads (2.8%).
Coverage after merging gapped secondary stacks: mean=6.07; stdev=7.21; max=163; n_reads=171985(46.3%)

Final number of stacks built: 28793
Final coverage: mean=6.07; stdev=7.21; max=163; n_reads=171985(46.3%)
Calling consensus sequences and haplotypes for catalog assembly...
Writing tags, SNPs, and alleles files to '00_Data/05a_Stacks.denovo.ALL.M1n1/S_23_02044'...done.
ustacks is done.
