

-t gzfastq -f ./00_Data/03a_Demultiplex/S_23_01197.1.fq.gz -o 00_Data/05a_Stacks.denovo.ALL.M1n1/ -i 147 -m 3 --name S_23_01197 -M 1 -p 8


ustacks parameters selected:
  Input file: './00_Data/03a_Demultiplex/S_23_01197.1.fq.gz'
  Sample ID: 147
  Min depth of coverage to create a stack (m): 3
  Repeat removal algorithm: enabled
  Max distance allowed between stacks (M): 1
  Max distance allowed to align secondary reads: 3
  Max number of stacks allowed per de novo locus: 3
  Deleveraging algorithm: disabled
  Gapped assembly: enabled
  Minimum alignment length: 0.8
  Model type: SNP
  Alpha significance level for model: 0.05

Loading RAD-Tags...1M...2M...3M...4M...

Loaded 4390319 reads; formed:
  228304 stacks representing 4004549 primary reads (91.2%)
  342430 secondary stacks representing 385770 secondary reads (8.8%)

Stack coverage: mean=17.54; stdev=217.47; max=48295; n_reads=4004549(91.2%)
Removing repetitive stacks: cov > 670 (mean+3*stdev)...
  Blacklisted 11147 stacks.
Coverage after repeat removal: mean=13.05; stdev=22.53; max=666; n_reads=2834952(64.6%)

Assembling stacks (max. dist. M=1)...
  Assembled 217157 stacks into 182026; blacklisted 2098 stacks.
Coverage after assembling stacks: mean=12.85; stdev=14.65; max=653; n_reads=2307610(52.6%)

Merging secondary stacks (max. dist. N=3 from consensus)...
  Merged 141217 out of 385770 secondary reads (36.6%), 6280 merged with gapped alignments.
Coverage after merging secondary stacks: mean=13.63; stdev=15.25; max=675; n_reads=2448827(55.8%)

Assembling stacks, allowing for gaps (min. match length 80.0%)...
  Assembled 182026 stacks into 178021 stacks.
Coverage after gapped assembly: mean=13.94; stdev=15.55; max=675; n_reads=2448827(55.8%)

Merging secondary stacks, allowing for gaps (min. match length 80.0%)...
  Merged 13439 out of 244553 secondary reads (5.5%).
Coverage after merging gapped secondary stacks: mean=14.02; stdev=15.58; max=675; n_reads=2462266(56.1%)

Final number of stacks built: 178021
Final coverage: mean=14.02; stdev=15.58; max=675; n_reads=2462266(56.1%)
Calling consensus sequences and haplotypes for catalog assembly...
Writing tags, SNPs, and alleles files to '00_Data/05a_Stacks.denovo.ALL.M1n1/S_23_01197'...done.
ustacks is done.
