

-t gzfastq -f ./00_Data/03a_Demultiplex/S_23_01075.1.fq.gz -o 00_Data/05a_Stacks.denovo.ALL.M4n4/ -i 67 -m 3 --name S_23_01075 -M 4 -p 8


ustacks parameters selected:
  Input file: './00_Data/03a_Demultiplex/S_23_01075.1.fq.gz'
  Sample ID: 67
  Min depth of coverage to create a stack (m): 3
  Repeat removal algorithm: enabled
  Max distance allowed between stacks (M): 4
  Max distance allowed to align secondary reads: 6
  Max number of stacks allowed per de novo locus: 3
  Deleveraging algorithm: disabled
  Gapped assembly: enabled
  Minimum alignment length: 0.8
  Model type: SNP
  Alpha significance level for model: 0.05

Loading RAD-Tags...1M...2M...

Loaded 2111643 reads; formed:
  170784 stacks representing 1865792 primary reads (88.4%)
  206574 secondary stacks representing 245851 secondary reads (11.6%)

Stack coverage: mean=10.92; stdev=112.78; max=18146; n_reads=1865792(88.4%)
Removing repetitive stacks: cov > 350 (mean+3*stdev)...
  Blacklisted 7995 stacks.
Coverage after repeat removal: mean=8.24; stdev=12.84; max=349; n_reads=1341041(63.5%)

Assembling stacks (max. dist. M=4)...
  Assembled 162789 stacks into 115298; blacklisted 2400 stacks.
Coverage after assembling stacks: mean=8.01; stdev=9.12; max=358; n_reads=901968(42.7%)

Merging secondary stacks (max. dist. N=6 from consensus)...
  Merged 90714 out of 245851 secondary reads (36.9%), 31510 merged with gapped alignments.
Coverage after merging secondary stacks: mean=8.81; stdev=10.99; max=1126; n_reads=992682(47.0%)

Assembling stacks, allowing for gaps (min. match length 80.0%)...
  Assembled 115298 stacks into 111005 stacks.
Coverage after gapped assembly: mean=9.16; stdev=11.53; max=1126; n_reads=992682(47.0%)

Merging secondary stacks, allowing for gaps (min. match length 80.0%)...
  Merged 28242 out of 155137 secondary reads (18.2%).
Coverage after merging gapped secondary stacks: mean=9.42; stdev=12.79; max=1126; n_reads=1020924(48.3%)

Final number of stacks built: 111005
Final coverage: mean=9.42; stdev=12.79; max=1126; n_reads=1020924(48.3%)
Calling consensus sequences and haplotypes for catalog assembly...
Writing tags, SNPs, and alleles files to '00_Data/05a_Stacks.denovo.ALL.M4n4/S_23_01075'...done.
ustacks is done.
