

-t gzfastq -f ./00_Data/03a_Demultiplex/S_23_01162.1.fq.gz -o 00_Data/05a_Stacks.denovo.ALL.M1n1/ -i 125 -m 3 --name S_23_01162 -M 1 -p 8


ustacks parameters selected:
  Input file: './00_Data/03a_Demultiplex/S_23_01162.1.fq.gz'
  Sample ID: 125
  Min depth of coverage to create a stack (m): 3
  Repeat removal algorithm: enabled
  Max distance allowed between stacks (M): 1
  Max distance allowed to align secondary reads: 3
  Max number of stacks allowed per de novo locus: 3
  Deleveraging algorithm: disabled
  Gapped assembly: enabled
  Minimum alignment length: 0.8
  Model type: SNP
  Alpha significance level for model: 0.05

Loading RAD-Tags...1M...2M...3M...4M...5M...6M...

Loaded 6329277 reads; formed:
  208955 stacks representing 5969990 primary reads (94.3%)
  329912 secondary stacks representing 359287 secondary reads (5.7%)

Stack coverage: mean=28.57; stdev=367.39; max=69807; n_reads=5969990(94.3%)
Removing repetitive stacks: cov > 1131 (mean+3*stdev)...
  Blacklisted 11287 stacks.
Coverage after repeat removal: mean=21.03; stdev=37.52; max=1131; n_reads=4157828(65.7%)

Assembling stacks (max. dist. M=1)...
  Assembled 197668 stacks into 161588; blacklisted 2149 stacks.
Coverage after assembling stacks: mean=20.91; stdev=22.68; max=1142; n_reads=3327982(52.6%)

Merging secondary stacks (max. dist. N=3 from consensus)...
  Merged 179753 out of 359287 secondary reads (50.0%), 7549 merged with gapped alignments.
Coverage after merging secondary stacks: mean=22.04; stdev=23.48; max=1166; n_reads=3507735(55.4%)

Assembling stacks, allowing for gaps (min. match length 80.0%)...
  Assembled 161588 stacks into 157733 stacks.
Coverage after gapped assembly: mean=22.58; stdev=23.92; max=1166; n_reads=3507735(55.4%)

Merging secondary stacks, allowing for gaps (min. match length 80.0%)...
  Merged 12211 out of 179534 secondary reads (6.8%).
Coverage after merging gapped secondary stacks: mean=22.66; stdev=23.95; max=1166; n_reads=3519946(55.6%)

Final number of stacks built: 157733
Final coverage: mean=22.66; stdev=23.95; max=1166; n_reads=3519946(55.6%)
Calling consensus sequences and haplotypes for catalog assembly...
Writing tags, SNPs, and alleles files to '00_Data/05a_Stacks.denovo.ALL.M1n1/S_23_01162'...done.
ustacks is done.
