

-t gzfastq -f ./00_Data/03a_Demultiplex/S_23_02175.1.fq.gz -o 00_Data/05a_Stacks.denovo.ALL.M1n1/ -i 485 -m 3 --name S_23_02175 -M 1 -p 8


ustacks parameters selected:
  Input file: './00_Data/03a_Demultiplex/S_23_02175.1.fq.gz'
  Sample ID: 485
  Min depth of coverage to create a stack (m): 3
  Repeat removal algorithm: enabled
  Max distance allowed between stacks (M): 1
  Max distance allowed to align secondary reads: 3
  Max number of stacks allowed per de novo locus: 3
  Deleveraging algorithm: disabled
  Gapped assembly: enabled
  Minimum alignment length: 0.8
  Model type: SNP
  Alpha significance level for model: 0.05

Loading RAD-Tags...1M...2M...3M...

Loaded 3865717 reads; formed:
  212892 stacks representing 3514762 primary reads (90.9%)
  310711 secondary stacks representing 350955 secondary reads (9.1%)

Stack coverage: mean=16.51; stdev=206.66; max=43788; n_reads=3514762(90.9%)
Removing repetitive stacks: cov > 637 (mean+3*stdev)...
  Blacklisted 9729 stacks.
Coverage after repeat removal: mean=12.24; stdev=21.49; max=637; n_reads=2487256(64.3%)

Assembling stacks (max. dist. M=1)...
  Assembled 203163 stacks into 169902; blacklisted 1994 stacks.
Coverage after assembling stacks: mean=12.01; stdev=13.91; max=637; n_reads=2013999(52.1%)

Merging secondary stacks (max. dist. N=3 from consensus)...
  Merged 129181 out of 350955 secondary reads (36.8%), 5834 merged with gapped alignments.
Coverage after merging secondary stacks: mean=12.78; stdev=14.51; max=699; n_reads=2143180(55.4%)

Assembling stacks, allowing for gaps (min. match length 80.0%)...
  Assembled 169902 stacks into 166329 stacks.
Coverage after gapped assembly: mean=13.06; stdev=14.83; max=838; n_reads=2143180(55.4%)

Merging secondary stacks, allowing for gaps (min. match length 80.0%)...
  Merged 13216 out of 221774 secondary reads (6.0%).
Coverage after merging gapped secondary stacks: mean=13.14; stdev=14.87; max=838; n_reads=2156396(55.8%)

Final number of stacks built: 166329
Final coverage: mean=13.14; stdev=14.87; max=838; n_reads=2156396(55.8%)
Calling consensus sequences and haplotypes for catalog assembly...
Writing tags, SNPs, and alleles files to '00_Data/05a_Stacks.denovo.ALL.M1n1/S_23_02175'...done.
ustacks is done.
