

-t gzfastq -f ./00_Data/03a_Demultiplex/S_23_01802.1.fq.gz -o 00_Data/05a_Stacks.denovo.ALL.M1n1/ -i 225 -m 3 --name S_23_01802 -M 1 -p 8


ustacks parameters selected:
  Input file: './00_Data/03a_Demultiplex/S_23_01802.1.fq.gz'
  Sample ID: 225
  Min depth of coverage to create a stack (m): 3
  Repeat removal algorithm: enabled
  Max distance allowed between stacks (M): 1
  Max distance allowed to align secondary reads: 3
  Max number of stacks allowed per de novo locus: 3
  Deleveraging algorithm: disabled
  Gapped assembly: enabled
  Minimum alignment length: 0.8
  Model type: SNP
  Alpha significance level for model: 0.05

Loading RAD-Tags...1M...2M...3M...4M...

Loaded 4604814 reads; formed:
  219635 stacks representing 4217487 primary reads (91.6%)
  348551 secondary stacks representing 387327 secondary reads (8.4%)

Stack coverage: mean=19.20; stdev=243.04; max=52818; n_reads=4217487(91.6%)
Removing repetitive stacks: cov > 749 (mean+3*stdev)...
  Blacklisted 10574 stacks.
Coverage after repeat removal: mean=14.22; stdev=24.97; max=749; n_reads=2973350(64.6%)

Assembling stacks (max. dist. M=1)...
  Assembled 209061 stacks into 173680; blacklisted 2084 stacks.
Coverage after assembling stacks: mean=13.97; stdev=15.28; max=817; n_reads=2392920(52.0%)

Merging secondary stacks (max. dist. N=3 from consensus)...
  Merged 152759 out of 387327 secondary reads (39.4%), 6538 merged with gapped alignments.
Coverage after merging secondary stacks: mean=14.86; stdev=15.95; max=847; n_reads=2545679(55.3%)

Assembling stacks, allowing for gaps (min. match length 80.0%)...
  Assembled 173680 stacks into 169746 stacks.
Coverage after gapped assembly: mean=15.21; stdev=16.32; max=847; n_reads=2545679(55.3%)

Merging secondary stacks, allowing for gaps (min. match length 80.0%)...
  Merged 13173 out of 234568 secondary reads (5.6%).
Coverage after merging gapped secondary stacks: mean=15.29; stdev=16.35; max=847; n_reads=2558852(55.6%)

Final number of stacks built: 169746
Final coverage: mean=15.29; stdev=16.35; max=847; n_reads=2558852(55.6%)
Calling consensus sequences and haplotypes for catalog assembly...
Writing tags, SNPs, and alleles files to '00_Data/05a_Stacks.denovo.ALL.M1n1/S_23_01802'...done.
ustacks is done.
