

-t gzfastq -f ./00_Data/03a_Demultiplex/S_23_02157.1.fq.gz -o 00_Data/05a_Stacks.denovo.ALL.M4n4/ -i 466 -m 3 --name S_23_02157 -M 4 -p 8


ustacks parameters selected:
  Input file: './00_Data/03a_Demultiplex/S_23_02157.1.fq.gz'
  Sample ID: 466
  Min depth of coverage to create a stack (m): 3
  Repeat removal algorithm: enabled
  Max distance allowed between stacks (M): 4
  Max distance allowed to align secondary reads: 6
  Max number of stacks allowed per de novo locus: 3
  Deleveraging algorithm: disabled
  Gapped assembly: enabled
  Minimum alignment length: 0.8
  Model type: SNP
  Alpha significance level for model: 0.05

Loading RAD-Tags...1M...2M...3M...

Loaded 3388800 reads; formed:
  211970 stacks representing 3094620 primary reads (91.3%)
  257847 secondary stacks representing 294180 secondary reads (8.7%)

Stack coverage: mean=14.60; stdev=148.30; max=26990; n_reads=3094620(91.3%)
Removing repetitive stacks: cov > 460 (mean+3*stdev)...
  Blacklisted 10915 stacks.
Coverage after repeat removal: mean=10.99; stdev=16.60; max=458; n_reads=2208616(65.2%)

Assembling stacks (max. dist. M=4)...
  Assembled 201055 stacks into 138744; blacklisted 3006 stacks.
Coverage after assembling stacks: mean=10.98; stdev=11.83; max=571; n_reads=1486388(43.9%)

Merging secondary stacks (max. dist. N=6 from consensus)...
  Merged 129096 out of 294180 secondary reads (43.9%), 40478 merged with gapped alignments.
Coverage after merging secondary stacks: mean=11.93; stdev=13.55; max=1360; n_reads=1615484(47.7%)

Assembling stacks, allowing for gaps (min. match length 80.0%)...
  Assembled 138744 stacks into 132423 stacks.
Coverage after gapped assembly: mean=12.51; stdev=14.25; max=1360; n_reads=1615484(47.7%)

Merging secondary stacks, allowing for gaps (min. match length 80.0%)...
  Merged 30351 out of 165084 secondary reads (18.4%).
Coverage after merging gapped secondary stacks: mean=12.75; stdev=15.17; max=1364; n_reads=1645835(48.6%)

Final number of stacks built: 132423
Final coverage: mean=12.75; stdev=15.17; max=1364; n_reads=1645835(48.6%)
Calling consensus sequences and haplotypes for catalog assembly...
Writing tags, SNPs, and alleles files to '00_Data/05a_Stacks.denovo.ALL.M4n4/S_23_02157'...done.
ustacks is done.
