

-t gzfastq -f ./00_Data/03a_Demultiplex/S_23_01271.1.fq.gz -o 00_Data/05a_Stacks.denovo.ALL.M1n1/ -i 205 -m 3 --name S_23_01271 -M 1 -p 8


ustacks parameters selected:
  Input file: './00_Data/03a_Demultiplex/S_23_01271.1.fq.gz'
  Sample ID: 205
  Min depth of coverage to create a stack (m): 3
  Repeat removal algorithm: enabled
  Max distance allowed between stacks (M): 1
  Max distance allowed to align secondary reads: 3
  Max number of stacks allowed per de novo locus: 3
  Deleveraging algorithm: disabled
  Gapped assembly: enabled
  Minimum alignment length: 0.8
  Model type: SNP
  Alpha significance level for model: 0.05

Loading RAD-Tags...1M...

Loaded 1769350 reads; formed:
  150941 stacks representing 1553187 primary reads (87.8%)
  179342 secondary stacks representing 216163 secondary reads (12.2%)

Stack coverage: mean=10.29; stdev=111.47; max=20270; n_reads=1553187(87.8%)
Removing repetitive stacks: cov > 345 (mean+3*stdev)...
  Blacklisted 6851 stacks.
Coverage after repeat removal: mean=7.67; stdev=12.57; max=345; n_reads=1104619(62.4%)

Assembling stacks (max. dist. M=1)...
  Assembled 144090 stacks into 124828; blacklisted 1276 stacks.
Coverage after assembling stacks: mean=7.39; stdev=8.76; max=375; n_reads=910966(51.5%)

Merging secondary stacks (max. dist. N=3 from consensus)...
  Merged 65692 out of 216163 secondary reads (30.4%), 2668 merged with gapped alignments.
Coverage after merging secondary stacks: mean=7.92; stdev=9.24; max=396; n_reads=976658(55.2%)

Assembling stacks, allowing for gaps (min. match length 80.0%)...
  Assembled 124828 stacks into 123170 stacks.
Coverage after gapped assembly: mean=8.03; stdev=9.40; max=396; n_reads=976658(55.2%)

Merging secondary stacks, allowing for gaps (min. match length 80.0%)...
  Merged 8352 out of 150471 secondary reads (5.6%).
Coverage after merging gapped secondary stacks: mean=8.10; stdev=9.47; max=396; n_reads=985010(55.7%)

Final number of stacks built: 123170
Final coverage: mean=8.10; stdev=9.47; max=396; n_reads=985010(55.7%)
Calling consensus sequences and haplotypes for catalog assembly...
Writing tags, SNPs, and alleles files to '00_Data/05a_Stacks.denovo.ALL.M1n1/S_23_01271'...done.
ustacks is done.
