

-t gzfastq -f ./00_Data/03a_Demultiplex/S_23_02241.1.fq.gz -o 00_Data/05a_Stacks.denovo.ALL.M4n4/ -i 531 -m 3 --name S_23_02241 -M 4 -p 8


ustacks parameters selected:
  Input file: './00_Data/03a_Demultiplex/S_23_02241.1.fq.gz'
  Sample ID: 531
  Min depth of coverage to create a stack (m): 3
  Repeat removal algorithm: enabled
  Max distance allowed between stacks (M): 4
  Max distance allowed to align secondary reads: 6
  Max number of stacks allowed per de novo locus: 3
  Deleveraging algorithm: disabled
  Gapped assembly: enabled
  Minimum alignment length: 0.8
  Model type: SNP
  Alpha significance level for model: 0.05

Loading RAD-Tags...1M...2M...3M...

Loaded 3562582 reads; formed:
  194579 stacks representing 3272073 primary reads (91.8%)
  256925 secondary stacks representing 290509 secondary reads (8.2%)

Stack coverage: mean=16.82; stdev=212.65; max=47147; n_reads=3272073(91.8%)
Removing repetitive stacks: cov > 655 (mean+3*stdev)...
  Blacklisted 8848 stacks.
Coverage after repeat removal: mean=12.51; stdev=21.96; max=655; n_reads=2322569(65.2%)

Assembling stacks (max. dist. M=4)...
  Assembled 185731 stacks into 126155; blacklisted 2774 stacks.
Coverage after assembling stacks: mean=12.14; stdev=14.01; max=651; n_reads=1495053(42.0%)

Merging secondary stacks (max. dist. N=6 from consensus)...
  Merged 120897 out of 290509 secondary reads (41.6%), 39660 merged with gapped alignments.
Coverage after merging secondary stacks: mean=13.12; stdev=15.28; max=675; n_reads=1615950(45.4%)

Assembling stacks, allowing for gaps (min. match length 80.0%)...
  Assembled 126155 stacks into 120326 stacks.
Coverage after gapped assembly: mean=13.77; stdev=16.07; max=689; n_reads=1615950(45.4%)

Merging secondary stacks, allowing for gaps (min. match length 80.0%)...
  Merged 34469 out of 169612 secondary reads (20.3%).
Coverage after merging gapped secondary stacks: mean=14.07; stdev=17.22; max=696; n_reads=1650419(46.3%)

Final number of stacks built: 120326
Final coverage: mean=14.07; stdev=17.22; max=696; n_reads=1650419(46.3%)
Calling consensus sequences and haplotypes for catalog assembly...
Writing tags, SNPs, and alleles files to '00_Data/05a_Stacks.denovo.ALL.M4n4/S_23_02241'...done.
ustacks is done.
