

-t gzfastq -f ./00_Data/03a_Demultiplex/S_23_01275.1.fq.gz -o 00_Data/05a_Stacks.denovo.ALL.M4n4/ -i 209 -m 3 --name S_23_01275 -M 4 -p 8


ustacks parameters selected:
  Input file: './00_Data/03a_Demultiplex/S_23_01275.1.fq.gz'
  Sample ID: 209
  Min depth of coverage to create a stack (m): 3
  Repeat removal algorithm: enabled
  Max distance allowed between stacks (M): 4
  Max distance allowed to align secondary reads: 6
  Max number of stacks allowed per de novo locus: 3
  Deleveraging algorithm: disabled
  Gapped assembly: enabled
  Minimum alignment length: 0.8
  Model type: SNP
  Alpha significance level for model: 0.05

Loading RAD-Tags...1M...2M...

Loaded 2655840 reads; formed:
  189042 stacks representing 2391847 primary reads (90.1%)
  226136 secondary stacks representing 263993 secondary reads (9.9%)

Stack coverage: mean=12.65; stdev=144.41; max=27334; n_reads=2391847(90.1%)
Removing repetitive stacks: cov > 446 (mean+3*stdev)...
  Blacklisted 8765 stacks.
Coverage after repeat removal: mean=9.39; stdev=15.48; max=446; n_reads=1692540(63.7%)

Assembling stacks (max. dist. M=4)...
  Assembled 180277 stacks into 125773; blacklisted 2664 stacks.
Coverage after assembling stacks: mean=9.10; stdev=10.10; max=482; n_reads=1117852(42.1%)

Merging secondary stacks (max. dist. N=6 from consensus)...
  Merged 101474 out of 263993 secondary reads (38.4%), 34943 merged with gapped alignments.
Coverage after merging secondary stacks: mean=9.93; stdev=11.70; max=962; n_reads=1219326(45.9%)

Assembling stacks, allowing for gaps (min. match length 80.0%)...
  Assembled 125773 stacks into 120567 stacks.
Coverage after gapped assembly: mean=10.37; stdev=12.29; max=962; n_reads=1219326(45.9%)

Merging secondary stacks, allowing for gaps (min. match length 80.0%)...
  Merged 27179 out of 162519 secondary reads (16.7%).
Coverage after merging gapped secondary stacks: mean=10.60; stdev=13.05; max=987; n_reads=1246505(46.9%)

Final number of stacks built: 120567
Final coverage: mean=10.60; stdev=13.05; max=987; n_reads=1246505(46.9%)
Calling consensus sequences and haplotypes for catalog assembly...
Writing tags, SNPs, and alleles files to '00_Data/05a_Stacks.denovo.ALL.M4n4/S_23_01275'...done.
ustacks is done.
