

-t gzfastq -f ./00_Data/03a_Demultiplex/S_23_01255.1.fq.gz -o 00_Data/05a_Stacks.denovo.ALL.M1n1/ -i 189 -m 3 --name S_23_01255 -M 1 -p 8


ustacks parameters selected:
  Input file: './00_Data/03a_Demultiplex/S_23_01255.1.fq.gz'
  Sample ID: 189
  Min depth of coverage to create a stack (m): 3
  Repeat removal algorithm: enabled
  Max distance allowed between stacks (M): 1
  Max distance allowed to align secondary reads: 3
  Max number of stacks allowed per de novo locus: 3
  Deleveraging algorithm: disabled
  Gapped assembly: enabled
  Minimum alignment length: 0.8
  Model type: SNP
  Alpha significance level for model: 0.05

Loading RAD-Tags...1M...2M...3M...

Loaded 3233717 reads; formed:
  183717 stacks representing 2510272 primary reads (77.6%)
  663296 secondary stacks representing 723445 secondary reads (22.4%)

Stack coverage: mean=13.66; stdev=170.57; max=41100; n_reads=2510272(77.6%)
Removing repetitive stacks: cov > 526 (mean+3*stdev)...
  Blacklisted 10954 stacks.
Coverage after repeat removal: mean=10.01; stdev=17.56; max=525; n_reads=1729991(53.5%)

Assembling stacks (max. dist. M=1)...
  Assembled 172763 stacks into 138197; blacklisted 2030 stacks.
Coverage after assembling stacks: mean=9.80; stdev=9.19; max=425; n_reads=1332524(41.2%)

Merging secondary stacks (max. dist. N=3 from consensus)...
  Merged 341047 out of 723445 secondary reads (47.1%), 11263 merged with gapped alignments.
Coverage after merging secondary stacks: mean=12.31; stdev=10.50; max=441; n_reads=1673571(51.8%)

Assembling stacks, allowing for gaps (min. match length 80.0%)...
  Assembled 138197 stacks into 135813 stacks.
Coverage after gapped assembly: mean=12.53; stdev=10.70; max=441; n_reads=1673571(51.8%)

Merging secondary stacks, allowing for gaps (min. match length 80.0%)...
  Merged 14825 out of 382398 secondary reads (3.9%).
Coverage after merging gapped secondary stacks: mean=12.64; stdev=10.77; max=441; n_reads=1688396(52.2%)

Final number of stacks built: 135813
Final coverage: mean=12.64; stdev=10.77; max=441; n_reads=1688396(52.2%)
Calling consensus sequences and haplotypes for catalog assembly...
Writing tags, SNPs, and alleles files to '00_Data/05a_Stacks.denovo.ALL.M1n1/S_23_01255'...done.
ustacks is done.
