

-t gzfastq -f ./00_Data/03a_Demultiplex/S_23_01157.1.fq.gz -o 00_Data/05a_Stacks.denovo.ALL.M1n1/ -i 120 -m 3 --name S_23_01157 -M 1 -p 8


ustacks parameters selected:
  Input file: './00_Data/03a_Demultiplex/S_23_01157.1.fq.gz'
  Sample ID: 120
  Min depth of coverage to create a stack (m): 3
  Repeat removal algorithm: enabled
  Max distance allowed between stacks (M): 1
  Max distance allowed to align secondary reads: 3
  Max number of stacks allowed per de novo locus: 3
  Deleveraging algorithm: disabled
  Gapped assembly: enabled
  Minimum alignment length: 0.8
  Model type: SNP
  Alpha significance level for model: 0.05

Loading RAD-Tags...1M...2M...3M...4M...5M...6M...

Loaded 6988079 reads; formed:
  221933 stacks representing 6471715 primary reads (92.6%)
  471854 secondary stacks representing 516364 secondary reads (7.4%)

Stack coverage: mean=29.16; stdev=404.25; max=86351; n_reads=6471715(92.6%)
Removing repetitive stacks: cov > 1242 (mean+3*stdev)...
  Blacklisted 12166 stacks.
Coverage after repeat removal: mean=21.43; stdev=40.41; max=1242; n_reads=4495589(64.3%)

Assembling stacks (max. dist. M=1)...
  Assembled 209767 stacks into 170587; blacklisted 2277 stacks.
Coverage after assembling stacks: mean=21.08; stdev=23.52; max=1109; n_reads=3541870(50.7%)

Merging secondary stacks (max. dist. N=3 from consensus)...
  Merged 247795 out of 516364 secondary reads (48.0%), 10741 merged with gapped alignments.
Coverage after merging secondary stacks: mean=22.55; stdev=24.58; max=1190; n_reads=3789665(54.2%)

Assembling stacks, allowing for gaps (min. match length 80.0%)...
  Assembled 170587 stacks into 166502 stacks.
Coverage after gapped assembly: mean=23.11; stdev=25.17; max=1366; n_reads=3789665(54.2%)

Merging secondary stacks, allowing for gaps (min. match length 80.0%)...
  Merged 16234 out of 268569 secondary reads (6.0%).
Coverage after merging gapped secondary stacks: mean=23.21; stdev=25.20; max=1366; n_reads=3805899(54.5%)

Final number of stacks built: 166502
Final coverage: mean=23.21; stdev=25.20; max=1366; n_reads=3805899(54.5%)
Calling consensus sequences and haplotypes for catalog assembly...
Writing tags, SNPs, and alleles files to '00_Data/05a_Stacks.denovo.ALL.M1n1/S_23_01157'...done.
ustacks is done.
