

-t gzfastq -f ./00_Data/03a_Demultiplex/S_23_00994.1.fq.gz -o 00_Data/05a_Stacks.denovo.ALL.M1n1/ -i 16 -m 3 --name S_23_00994 -M 1 -p 8


ustacks parameters selected:
  Input file: './00_Data/03a_Demultiplex/S_23_00994.1.fq.gz'
  Sample ID: 16
  Min depth of coverage to create a stack (m): 3
  Repeat removal algorithm: enabled
  Max distance allowed between stacks (M): 1
  Max distance allowed to align secondary reads: 3
  Max number of stacks allowed per de novo locus: 3
  Deleveraging algorithm: disabled
  Gapped assembly: enabled
  Minimum alignment length: 0.8
  Model type: SNP
  Alpha significance level for model: 0.05

Loading RAD-Tags...1M...2M...3M...4M...5M...6M...7M...

Loaded 7035485 reads; formed:
  220508 stacks representing 6601414 primary reads (93.8%)
  395606 secondary stacks representing 434071 secondary reads (6.2%)

Stack coverage: mean=29.94; stdev=393.05; max=78870; n_reads=6601414(93.8%)
Removing repetitive stacks: cov > 1210 (mean+3*stdev)...
  Blacklisted 11779 stacks.
Coverage after repeat removal: mean=22.06; stdev=40.04; max=1209; n_reads=4604752(65.5%)

Assembling stacks (max. dist. M=1)...
  Assembled 208729 stacks into 169878; blacklisted 2267 stacks.
Coverage after assembling stacks: mean=21.91; stdev=24.73; max=1208; n_reads=3666894(52.1%)

Merging secondary stacks (max. dist. N=3 from consensus)...
  Merged 206147 out of 434071 secondary reads (47.5%), 9148 merged with gapped alignments.
Coverage after merging secondary stacks: mean=23.14; stdev=25.60; max=1234; n_reads=3873041(55.1%)

Assembling stacks, allowing for gaps (min. match length 80.0%)...
  Assembled 169878 stacks into 165754 stacks.
Coverage after gapped assembly: mean=23.73; stdev=26.07; max=1234; n_reads=3873041(55.1%)

Merging secondary stacks, allowing for gaps (min. match length 80.0%)...
  Merged 15154 out of 227924 secondary reads (6.6%).
Coverage after merging gapped secondary stacks: mean=23.82; stdev=26.09; max=1234; n_reads=3888195(55.3%)

Final number of stacks built: 165754
Final coverage: mean=23.82; stdev=26.09; max=1234; n_reads=3888195(55.3%)
Calling consensus sequences and haplotypes for catalog assembly...
Writing tags, SNPs, and alleles files to '00_Data/05a_Stacks.denovo.ALL.M1n1/S_23_00994'...done.
ustacks is done.
