

-t gzfastq -f ./00_Data/03a_Demultiplex/S_23_01127.1.fq.gz -o 00_Data/05a_Stacks.denovo.ALL.M1n1/ -i 105 -m 3 --name S_23_01127 -M 1 -p 8


ustacks parameters selected:
  Input file: './00_Data/03a_Demultiplex/S_23_01127.1.fq.gz'
  Sample ID: 105
  Min depth of coverage to create a stack (m): 3
  Repeat removal algorithm: enabled
  Max distance allowed between stacks (M): 1
  Max distance allowed to align secondary reads: 3
  Max number of stacks allowed per de novo locus: 3
  Deleveraging algorithm: disabled
  Gapped assembly: enabled
  Minimum alignment length: 0.8
  Model type: SNP
  Alpha significance level for model: 0.05

Loading RAD-Tags...

Loaded 334376 reads; formed:
  29688 stacks representing 208298 primary reads (62.3%)
  100615 secondary stacks representing 126078 secondary reads (37.7%)

Stack coverage: mean=7.02; stdev=38.24; max=3563; n_reads=208298(62.3%)
Removing repetitive stacks: cov > 122 (mean+3*stdev)...
  Blacklisted 1692 stacks.
Coverage after repeat removal: mean=5.37; stdev=7.17; max=122; n_reads=150388(45.0%)

Assembling stacks (max. dist. M=1)...
  Assembled 27996 stacks into 24799; blacklisted 274 stacks.
Coverage after assembling stacks: mean=5.23; stdev=6.57; max=203; n_reads=127588(38.2%)

Merging secondary stacks (max. dist. N=3 from consensus)...
  Merged 18760 out of 126078 secondary reads (14.9%), 481 merged with gapped alignments.
Coverage after merging secondary stacks: mean=5.99; stdev=7.60; max=210; n_reads=146348(43.8%)

Assembling stacks, allowing for gaps (min. match length 80.0%)...
  Assembled 24799 stacks into 24529 stacks.
Coverage after gapped assembly: mean=6.06; stdev=7.81; max=229; n_reads=146348(43.8%)

Merging secondary stacks, allowing for gaps (min. match length 80.0%)...
  Merged 3010 out of 107318 secondary reads (2.8%).
Coverage after merging gapped secondary stacks: mean=6.19; stdev=8.01; max=229; n_reads=149358(44.7%)

Final number of stacks built: 24529
Final coverage: mean=6.19; stdev=8.01; max=229; n_reads=149358(44.7%)
Calling consensus sequences and haplotypes for catalog assembly...
Writing tags, SNPs, and alleles files to '00_Data/05a_Stacks.denovo.ALL.M1n1/S_23_01127'...done.
ustacks is done.
