

-t gzfastq -f ./00_Data/03a_Demultiplex/S_23_01894.1.fq.gz -o 00_Data/05a_Stacks.denovo.ALL.M4n4/ -i 287 -m 3 --name S_23_01894 -M 4 -p 8


ustacks parameters selected:
  Input file: './00_Data/03a_Demultiplex/S_23_01894.1.fq.gz'
  Sample ID: 287
  Min depth of coverage to create a stack (m): 3
  Repeat removal algorithm: enabled
  Max distance allowed between stacks (M): 4
  Max distance allowed to align secondary reads: 6
  Max number of stacks allowed per de novo locus: 3
  Deleveraging algorithm: disabled
  Gapped assembly: enabled
  Minimum alignment length: 0.8
  Model type: SNP
  Alpha significance level for model: 0.05

Loading RAD-Tags...1M...2M...3M...4M...5M...

Loaded 5626804 reads; formed:
  240566 stacks representing 5172896 primary reads (91.9%)
  405465 secondary stacks representing 453908 secondary reads (8.1%)

Stack coverage: mean=21.50; stdev=273.96; max=61337; n_reads=5172896(91.9%)
Removing repetitive stacks: cov > 844 (mean+3*stdev)...
  Blacklisted 11429 stacks.
Coverage after repeat removal: mean=16.01; stdev=28.40; max=841; n_reads=3668383(65.2%)

Assembling stacks (max. dist. M=4)...
  Assembled 229137 stacks into 154482; blacklisted 3585 stacks.
Coverage after assembling stacks: mean=15.73; stdev=17.69; max=832; n_reads=2368468(42.1%)

Merging secondary stacks (max. dist. N=6 from consensus)...
  Merged 194340 out of 453908 secondary reads (42.8%), 68604 merged with gapped alignments.
Coverage after merging secondary stacks: mean=17.02; stdev=20.37; max=2421; n_reads=2562808(45.5%)

Assembling stacks, allowing for gaps (min. match length 80.0%)...
  Assembled 154482 stacks into 146139 stacks.
Coverage after gapped assembly: mean=18.02; stdev=21.38; max=2421; n_reads=2562808(45.5%)

Merging secondary stacks, allowing for gaps (min. match length 80.0%)...
  Merged 48995 out of 259568 secondary reads (18.9%).
Coverage after merging gapped secondary stacks: mean=18.36; stdev=22.41; max=2421; n_reads=2611803(46.4%)

Final number of stacks built: 146139
Final coverage: mean=18.36; stdev=22.41; max=2421; n_reads=2611803(46.4%)
Calling consensus sequences and haplotypes for catalog assembly...
Writing tags, SNPs, and alleles files to '00_Data/05a_Stacks.denovo.ALL.M4n4/S_23_01894'...done.
ustacks is done.
