

-t gzfastq -f ./00_Data/03a_Demultiplex/S_23_01272.1.fq.gz -o 00_Data/05a_Stacks.denovo.ALL.M1n1/ -i 206 -m 3 --name S_23_01272 -M 1 -p 8


ustacks parameters selected:
  Input file: './00_Data/03a_Demultiplex/S_23_01272.1.fq.gz'
  Sample ID: 206
  Min depth of coverage to create a stack (m): 3
  Repeat removal algorithm: enabled
  Max distance allowed between stacks (M): 1
  Max distance allowed to align secondary reads: 3
  Max number of stacks allowed per de novo locus: 3
  Deleveraging algorithm: disabled
  Gapped assembly: enabled
  Minimum alignment length: 0.8
  Model type: SNP
  Alpha significance level for model: 0.05

Loading RAD-Tags...1M...2M...3M...4M...

Loaded 4703667 reads; formed:
  201758 stacks representing 4424475 primary reads (94.1%)
  255893 secondary stacks representing 279192 secondary reads (5.9%)

Stack coverage: mean=21.93; stdev=271.55; max=49596; n_reads=4424475(94.1%)
Removing repetitive stacks: cov > 837 (mean+3*stdev)...
  Blacklisted 10322 stacks.
Coverage after repeat removal: mean=16.23; stdev=28.48; max=830; n_reads=3107155(66.1%)

Assembling stacks (max. dist. M=1)...
  Assembled 191436 stacks into 157425; blacklisted 1937 stacks.
Coverage after assembling stacks: mean=16.11; stdev=17.76; max=867; n_reads=2500496(53.2%)

Merging secondary stacks (max. dist. N=3 from consensus)...
  Merged 141022 out of 279192 secondary reads (50.5%), 5818 merged with gapped alignments.
Coverage after merging secondary stacks: mean=17.02; stdev=18.43; max=889; n_reads=2641518(56.2%)

Assembling stacks, allowing for gaps (min. match length 80.0%)...
  Assembled 157425 stacks into 153728 stacks.
Coverage after gapped assembly: mean=17.43; stdev=18.78; max=889; n_reads=2641518(56.2%)

Merging secondary stacks, allowing for gaps (min. match length 80.0%)...
  Merged 9713 out of 138170 secondary reads (7.0%).
Coverage after merging gapped secondary stacks: mean=17.50; stdev=18.81; max=890; n_reads=2651231(56.4%)

Final number of stacks built: 153728
Final coverage: mean=17.50; stdev=18.81; max=890; n_reads=2651231(56.4%)
Calling consensus sequences and haplotypes for catalog assembly...
Writing tags, SNPs, and alleles files to '00_Data/05a_Stacks.denovo.ALL.M1n1/S_23_01272'...done.
ustacks is done.
