

-t gzfastq -f ./00_Data/03a_Demultiplex/S_23_01166.1.fq.gz -o 00_Data/05a_Stacks.denovo.ALL.M4n4/ -i 129 -m 3 --name S_23_01166 -M 4 -p 8


ustacks parameters selected:
  Input file: './00_Data/03a_Demultiplex/S_23_01166.1.fq.gz'
  Sample ID: 129
  Min depth of coverage to create a stack (m): 3
  Repeat removal algorithm: enabled
  Max distance allowed between stacks (M): 4
  Max distance allowed to align secondary reads: 6
  Max number of stacks allowed per de novo locus: 3
  Deleveraging algorithm: disabled
  Gapped assembly: enabled
  Minimum alignment length: 0.8
  Model type: SNP
  Alpha significance level for model: 0.05

Loading RAD-Tags...1M...2M...

Loaded 2504654 reads; formed:
  168949 stacks representing 2257918 primary reads (90.1%)
  211872 secondary stacks representing 246736 secondary reads (9.9%)

Stack coverage: mean=13.36; stdev=167.41; max=36282; n_reads=2257918(90.1%)
Removing repetitive stacks: cov > 516 (mean+3*stdev)...
  Blacklisted 7484 stacks.
Coverage after repeat removal: mean=9.96; stdev=17.56; max=516; n_reads=1607455(64.2%)

Assembling stacks (max. dist. M=4)...
  Assembled 161465 stacks into 111495; blacklisted 2405 stacks.
Coverage after assembling stacks: mean=9.46; stdev=10.63; max=522; n_reads=1030395(41.1%)

Merging secondary stacks (max. dist. N=6 from consensus)...
  Merged 92534 out of 246736 secondary reads (37.5%), 30863 merged with gapped alignments.
Coverage after merging secondary stacks: mean=10.31; stdev=12.20; max=672; n_reads=1122929(44.8%)

Assembling stacks, allowing for gaps (min. match length 80.0%)...
  Assembled 111495 stacks into 107016 stacks.
Coverage after gapped assembly: mean=10.76; stdev=12.78; max=672; n_reads=1122929(44.8%)

Merging secondary stacks, allowing for gaps (min. match length 80.0%)...
  Merged 25650 out of 154202 secondary reads (16.6%).
Coverage after merging gapped secondary stacks: mean=11.00; stdev=13.80; max=898; n_reads=1148579(45.9%)

Final number of stacks built: 107016
Final coverage: mean=11.00; stdev=13.80; max=898; n_reads=1148579(45.9%)
Calling consensus sequences and haplotypes for catalog assembly...
Writing tags, SNPs, and alleles files to '00_Data/05a_Stacks.denovo.ALL.M4n4/S_23_01166'...done.
ustacks is done.
