

-t gzfastq -f ./00_Data/03a_Demultiplex/S_23_01122.1.fq.gz -o 00_Data/05a_Stacks.denovo.ALL.M1n1/ -i 100 -m 3 --name S_23_01122 -M 1 -p 8


ustacks parameters selected:
  Input file: './00_Data/03a_Demultiplex/S_23_01122.1.fq.gz'
  Sample ID: 100
  Min depth of coverage to create a stack (m): 3
  Repeat removal algorithm: enabled
  Max distance allowed between stacks (M): 1
  Max distance allowed to align secondary reads: 3
  Max number of stacks allowed per de novo locus: 3
  Deleveraging algorithm: disabled
  Gapped assembly: enabled
  Minimum alignment length: 0.8
  Model type: SNP
  Alpha significance level for model: 0.05

Loading RAD-Tags...1M...2M...3M...4M...5M...

Loaded 5215477 reads; formed:
  203355 stacks representing 4884951 primary reads (93.7%)
  301342 secondary stacks representing 330526 secondary reads (6.3%)

Stack coverage: mean=24.02; stdev=312.76; max=61296; n_reads=4884951(93.7%)
Removing repetitive stacks: cov > 963 (mean+3*stdev)...
  Blacklisted 10626 stacks.
Coverage after repeat removal: mean=17.68; stdev=31.41; max=963; n_reads=3407343(65.3%)

Assembling stacks (max. dist. M=1)...
  Assembled 192729 stacks into 158685; blacklisted 1955 stacks.
Coverage after assembling stacks: mean=17.56; stdev=19.14; max=953; n_reads=2747330(52.7%)

Merging secondary stacks (max. dist. N=3 from consensus)...
  Merged 150759 out of 330526 secondary reads (45.6%), 6445 merged with gapped alignments.
Coverage after merging secondary stacks: mean=18.52; stdev=19.82; max=1020; n_reads=2898089(55.6%)

Assembling stacks, allowing for gaps (min. match length 80.0%)...
  Assembled 158685 stacks into 154861 stacks.
Coverage after gapped assembly: mean=18.98; stdev=20.22; max=1020; n_reads=2898089(55.6%)

Merging secondary stacks, allowing for gaps (min. match length 80.0%)...
  Merged 11271 out of 179767 secondary reads (6.3%).
Coverage after merging gapped secondary stacks: mean=19.06; stdev=20.25; max=1020; n_reads=2909360(55.8%)

Final number of stacks built: 154861
Final coverage: mean=19.06; stdev=20.25; max=1020; n_reads=2909360(55.8%)
Calling consensus sequences and haplotypes for catalog assembly...
Writing tags, SNPs, and alleles files to '00_Data/05a_Stacks.denovo.ALL.M1n1/S_23_01122'...done.
ustacks is done.
