

-t gzfastq -f ./00_Data/03a_Demultiplex/S_23_01069.1.fq.gz -o 00_Data/05a_Stacks.denovo.ALL.M1n1/ -i 61 -m 3 --name S_23_01069 -M 1 -p 8


ustacks parameters selected:
  Input file: './00_Data/03a_Demultiplex/S_23_01069.1.fq.gz'
  Sample ID: 61
  Min depth of coverage to create a stack (m): 3
  Repeat removal algorithm: enabled
  Max distance allowed between stacks (M): 1
  Max distance allowed to align secondary reads: 3
  Max number of stacks allowed per de novo locus: 3
  Deleveraging algorithm: disabled
  Gapped assembly: enabled
  Minimum alignment length: 0.8
  Model type: SNP
  Alpha significance level for model: 0.05

Loading RAD-Tags...

Loaded 20402 reads; formed:
  1413 stacks representing 8055 primary reads (39.5%)
  10269 secondary stacks representing 12347 secondary reads (60.5%)

Stack coverage: mean=5.70; stdev=10.56; max=196; n_reads=8055(39.5%)
Removing repetitive stacks: cov > 38 (mean+3*stdev)...
  Blacklisted 57 stacks.
Coverage after repeat removal: mean=4.74; stdev=3.72; max=38; n_reads=6427(31.5%)

Assembling stacks (max. dist. M=1)...
  Assembled 1356 stacks into 1273; blacklisted 7 stacks.
Coverage after assembling stacks: mean=4.89; stdev=4.24; max=39; n_reads=6114(30.0%)

Merging secondary stacks (max. dist. N=3 from consensus)...
  Merged 1288 out of 12347 secondary reads (10.4%), 22 merged with gapped alignments.
Coverage after merging secondary stacks: mean=5.92; stdev=6.12; max=63; n_reads=7402(36.3%)

Assembling stacks, allowing for gaps (min. match length 80.0%)...
  Assembled 1273 stacks into 1265 stacks.
Coverage after gapped assembly: mean=5.96; stdev=6.33; max=73; n_reads=7402(36.3%)

Merging secondary stacks, allowing for gaps (min. match length 80.0%)...
  Merged 166 out of 11059 secondary reads (1.5%).
Coverage after merging gapped secondary stacks: mean=6.09; stdev=6.70; max=73; n_reads=7568(37.1%)

Final number of stacks built: 1265
Final coverage: mean=6.09; stdev=6.70; max=73; n_reads=7568(37.1%)
Calling consensus sequences and haplotypes for catalog assembly...
Writing tags, SNPs, and alleles files to '00_Data/05a_Stacks.denovo.ALL.M1n1/S_23_01069'...done.
ustacks is done.
