

-t gzfastq -f ./00_Data/03a_Demultiplex/S_23_01076.1.fq.gz -o 00_Data/05a_Stacks.denovo.ALL.M4n4/ -i 69 -m 3 --name S_23_01076 -M 4 -p 8


ustacks parameters selected:
  Input file: './00_Data/03a_Demultiplex/S_23_01076.1.fq.gz'
  Sample ID: 69
  Min depth of coverage to create a stack (m): 3
  Repeat removal algorithm: enabled
  Max distance allowed between stacks (M): 4
  Max distance allowed to align secondary reads: 6
  Max number of stacks allowed per de novo locus: 3
  Deleveraging algorithm: disabled
  Gapped assembly: enabled
  Minimum alignment length: 0.8
  Model type: SNP
  Alpha significance level for model: 0.05

Loading RAD-Tags...1M...2M...3M...4M...

Loaded 4396226 reads; formed:
  195041 stacks representing 4132872 primary reads (94.0%)
  242525 secondary stacks representing 263354 secondary reads (6.0%)

Stack coverage: mean=21.19; stdev=265.06; max=47100; n_reads=4132872(94.0%)
Removing repetitive stacks: cov > 817 (mean+3*stdev)...
  Blacklisted 9766 stacks.
Coverage after repeat removal: mean=15.69; stdev=26.71; max=817; n_reads=2907331(66.1%)

Assembling stacks (max. dist. M=4)...
  Assembled 185275 stacks into 123695; blacklisted 2782 stacks.
Coverage after assembling stacks: mean=15.73; stdev=16.18; max=628; n_reads=1897884(43.2%)

Merging secondary stacks (max. dist. N=6 from consensus)...
  Merged 140488 out of 263354 secondary reads (53.3%), 44288 merged with gapped alignments.
Coverage after merging secondary stacks: mean=16.89; stdev=18.09; max=1137; n_reads=2038372(46.4%)

Assembling stacks, allowing for gaps (min. match length 80.0%)...
  Assembled 123695 stacks into 117563 stacks.
Coverage after gapped assembly: mean=17.80; stdev=18.97; max=1137; n_reads=2038372(46.4%)

Merging secondary stacks, allowing for gaps (min. match length 80.0%)...
  Merged 26785 out of 122866 secondary reads (21.8%).
Coverage after merging gapped secondary stacks: mean=18.03; stdev=20.07; max=1137; n_reads=2065157(47.0%)

Final number of stacks built: 117563
Final coverage: mean=18.03; stdev=20.07; max=1137; n_reads=2065157(47.0%)
Calling consensus sequences and haplotypes for catalog assembly...
Writing tags, SNPs, and alleles files to '00_Data/05a_Stacks.denovo.ALL.M4n4/S_23_01076'...done.
ustacks is done.
