

-t gzfastq -f ./00_Data/03a_Demultiplex/S_23_02077.1.fq.gz -o 00_Data/05a_Stacks.denovo.ALL.M4n4/ -i 390 -m 3 --name S_23_02077 -M 4 -p 8


ustacks parameters selected:
  Input file: './00_Data/03a_Demultiplex/S_23_02077.1.fq.gz'
  Sample ID: 390
  Min depth of coverage to create a stack (m): 3
  Repeat removal algorithm: enabled
  Max distance allowed between stacks (M): 4
  Max distance allowed to align secondary reads: 6
  Max number of stacks allowed per de novo locus: 3
  Deleveraging algorithm: disabled
  Gapped assembly: enabled
  Minimum alignment length: 0.8
  Model type: SNP
  Alpha significance level for model: 0.05

Loading RAD-Tags...1M...

Loaded 1906890 reads; formed:
  149752 stacks representing 1684044 primary reads (88.3%)
  187772 secondary stacks representing 222846 secondary reads (11.7%)

Stack coverage: mean=11.25; stdev=161.82; max=29321; n_reads=1684044(88.3%)
Removing repetitive stacks: cov > 497 (mean+3*stdev)...
  Blacklisted 6148 stacks.
Coverage after repeat removal: mean=8.59; stdev=14.68; max=496; n_reads=1232872(64.7%)

Assembling stacks (max. dist. M=4)...
  Assembled 143604 stacks into 100219; blacklisted 1923 stacks.
Coverage after assembling stacks: mean=8.34; stdev=9.20; max=487; n_reads=818722(42.9%)

Merging secondary stacks (max. dist. N=6 from consensus)...
  Merged 74372 out of 222846 secondary reads (33.4%), 24221 merged with gapped alignments.
Coverage after merging secondary stacks: mean=9.10; stdev=10.55; max=941; n_reads=893094(46.8%)

Assembling stacks, allowing for gaps (min. match length 80.0%)...
  Assembled 100219 stacks into 96468 stacks.
Coverage after gapped assembly: mean=9.46; stdev=11.02; max=941; n_reads=893094(46.8%)

Merging secondary stacks, allowing for gaps (min. match length 80.0%)...
  Merged 28490 out of 148474 secondary reads (19.2%).
Coverage after merging gapped secondary stacks: mean=9.76; stdev=13.10; max=1154; n_reads=921584(48.3%)

Final number of stacks built: 96468
Final coverage: mean=9.76; stdev=13.10; max=1154; n_reads=921584(48.3%)
Calling consensus sequences and haplotypes for catalog assembly...
Writing tags, SNPs, and alleles files to '00_Data/05a_Stacks.denovo.ALL.M4n4/S_23_02077'...done.
ustacks is done.
