

-t gzfastq -f ./00_Data/03a_Demultiplex/S_23_01915.1.fq.gz -o 00_Data/05a_Stacks.denovo.ALL.M4n4/ -i 305 -m 3 --name S_23_01915 -M 4 -p 8


ustacks parameters selected:
  Input file: './00_Data/03a_Demultiplex/S_23_01915.1.fq.gz'
  Sample ID: 305
  Min depth of coverage to create a stack (m): 3
  Repeat removal algorithm: enabled
  Max distance allowed between stacks (M): 4
  Max distance allowed to align secondary reads: 6
  Max number of stacks allowed per de novo locus: 3
  Deleveraging algorithm: disabled
  Gapped assembly: enabled
  Minimum alignment length: 0.8
  Model type: SNP
  Alpha significance level for model: 0.05

Loading RAD-Tags...1M...2M...3M...4M...5M...6M...

Loaded 6436052 reads; formed:
  232667 stacks representing 6022046 primary reads (93.6%)
  376377 secondary stacks representing 414006 secondary reads (6.4%)

Stack coverage: mean=25.88; stdev=374.30; max=88833; n_reads=6022046(93.6%)
Removing repetitive stacks: cov > 1149 (mean+3*stdev)...
  Blacklisted 11185 stacks.
Coverage after repeat removal: mean=19.03; stdev=35.69; max=1148; n_reads=4215286(65.5%)

Assembling stacks (max. dist. M=4)...
  Assembled 221482 stacks into 146483; blacklisted 3365 stacks.
Coverage after assembling stacks: mean=18.54; stdev=19.39; max=744; n_reads=2648187(41.1%)

Merging secondary stacks (max. dist. N=6 from consensus)...
  Merged 193747 out of 414006 secondary reads (46.8%), 62288 merged with gapped alignments.
Coverage after merging secondary stacks: mean=19.89; stdev=21.27; max=1010; n_reads=2841934(44.2%)

Assembling stacks, allowing for gaps (min. match length 80.0%)...
  Assembled 146483 stacks into 138637 stacks.
Coverage after gapped assembly: mean=21.05; stdev=22.48; max=1010; n_reads=2841934(44.2%)

Merging secondary stacks, allowing for gaps (min. match length 80.0%)...
  Merged 41810 out of 220259 secondary reads (19.0%).
Coverage after merging gapped secondary stacks: mean=21.36; stdev=23.94; max=1787; n_reads=2883744(44.8%)

Final number of stacks built: 138637
Final coverage: mean=21.36; stdev=23.94; max=1787; n_reads=2883744(44.8%)
Calling consensus sequences and haplotypes for catalog assembly...
Writing tags, SNPs, and alleles files to '00_Data/05a_Stacks.denovo.ALL.M4n4/S_23_01915'...done.
ustacks is done.
