

-t gzfastq -f ./00_Data/03a_Demultiplex/S_23_01874.1.fq.gz -o 00_Data/05a_Stacks.denovo.ALL.M1n1/ -i 279 -m 3 --name S_23_01874 -M 1 -p 8


ustacks parameters selected:
  Input file: './00_Data/03a_Demultiplex/S_23_01874.1.fq.gz'
  Sample ID: 279
  Min depth of coverage to create a stack (m): 3
  Repeat removal algorithm: enabled
  Max distance allowed between stacks (M): 1
  Max distance allowed to align secondary reads: 3
  Max number of stacks allowed per de novo locus: 3
  Deleveraging algorithm: disabled
  Gapped assembly: enabled
  Minimum alignment length: 0.8
  Model type: SNP
  Alpha significance level for model: 0.05

Loading RAD-Tags...1M...2M...3M...4M...

Loaded 4701374 reads; formed:
  200145 stacks representing 4386760 primary reads (93.3%)
  286621 secondary stacks representing 314614 secondary reads (6.7%)

Stack coverage: mean=21.92; stdev=287.37; max=58770; n_reads=4386760(93.3%)
Removing repetitive stacks: cov > 885 (mean+3*stdev)...
  Blacklisted 9993 stacks.
Coverage after repeat removal: mean=16.17; stdev=28.37; max=885; n_reads=3073871(65.4%)

Assembling stacks (max. dist. M=1)...
  Assembled 190152 stacks into 156873; blacklisted 1933 stacks.
Coverage after assembling stacks: mean=15.97; stdev=16.83; max=774; n_reads=2470227(52.5%)

Merging secondary stacks (max. dist. N=3 from consensus)...
  Merged 146280 out of 314614 secondary reads (46.5%), 6531 merged with gapped alignments.
Coverage after merging secondary stacks: mean=16.91; stdev=17.50; max=867; n_reads=2616507(55.7%)

Assembling stacks, allowing for gaps (min. match length 80.0%)...
  Assembled 156873 stacks into 153387 stacks.
Coverage after gapped assembly: mean=17.30; stdev=17.86; max=867; n_reads=2616507(55.7%)

Merging secondary stacks, allowing for gaps (min. match length 80.0%)...
  Merged 10614 out of 168334 secondary reads (6.3%).
Coverage after merging gapped secondary stacks: mean=17.37; stdev=17.88; max=867; n_reads=2627121(55.9%)

Final number of stacks built: 153387
Final coverage: mean=17.37; stdev=17.88; max=867; n_reads=2627121(55.9%)
Calling consensus sequences and haplotypes for catalog assembly...
Writing tags, SNPs, and alleles files to '00_Data/05a_Stacks.denovo.ALL.M1n1/S_23_01874'...done.
ustacks is done.
