

-t gzfastq -f ./00_Data/03a_Demultiplex/S_23_02068.1.fq.gz -o 00_Data/05a_Stacks.denovo.ALL.M4n4/ -i 388 -m 3 --name S_23_02068 -M 4 -p 8


ustacks parameters selected:
  Input file: './00_Data/03a_Demultiplex/S_23_02068.1.fq.gz'
  Sample ID: 388
  Min depth of coverage to create a stack (m): 3
  Repeat removal algorithm: enabled
  Max distance allowed between stacks (M): 4
  Max distance allowed to align secondary reads: 6
  Max number of stacks allowed per de novo locus: 3
  Deleveraging algorithm: disabled
  Gapped assembly: enabled
  Minimum alignment length: 0.8
  Model type: SNP
  Alpha significance level for model: 0.05

Loading RAD-Tags...

Loaded 60426 reads; formed:
  3810 stacks representing 24244 primary reads (40.1%)
  30390 secondary stacks representing 36182 secondary reads (59.9%)

Stack coverage: mean=6.36; stdev=17.21; max=575; n_reads=24244(40.1%)
Removing repetitive stacks: cov > 58 (mean+3*stdev)...
  Blacklisted 199 stacks.
Coverage after repeat removal: mean=5.12; stdev=5.48; max=56; n_reads=18502(30.6%)

Assembling stacks (max. dist. M=4)...
  Assembled 3611 stacks into 2970; blacklisted 63 stacks.
Coverage after assembling stacks: mean=5.24; stdev=5.60; max=63; n_reads=15067(24.9%)

Merging secondary stacks (max. dist. N=6 from consensus)...
  Merged 5823 out of 36182 secondary reads (16.1%), 1987 merged with gapped alignments.
Coverage after merging secondary stacks: mean=7.26; stdev=11.82; max=360; n_reads=20890(34.6%)

Assembling stacks, allowing for gaps (min. match length 80.0%)...
  Assembled 2970 stacks into 2878 stacks.
Coverage after gapped assembly: mean=7.50; stdev=12.64; max=386; n_reads=20890(34.6%)

Merging secondary stacks, allowing for gaps (min. match length 80.0%)...
  Merged 1876 out of 30359 secondary reads (6.2%).
Coverage after merging gapped secondary stacks: mean=8.17; stdev=15.56; max=459; n_reads=22766(37.7%)

Final number of stacks built: 2878
Final coverage: mean=8.17; stdev=15.56; max=459; n_reads=22766(37.7%)
Calling consensus sequences and haplotypes for catalog assembly...
Writing tags, SNPs, and alleles files to '00_Data/05a_Stacks.denovo.ALL.M4n4/S_23_02068'...done.
ustacks is done.
