

-t gzfastq -f ./00_Data/03a_Demultiplex/S_23_02141.1.fq.gz -o 00_Data/05a_Stacks.denovo.ALL.M1n1/ -i 450 -m 3 --name S_23_02141 -M 1 -p 8


ustacks parameters selected:
  Input file: './00_Data/03a_Demultiplex/S_23_02141.1.fq.gz'
  Sample ID: 450
  Min depth of coverage to create a stack (m): 3
  Repeat removal algorithm: enabled
  Max distance allowed between stacks (M): 1
  Max distance allowed to align secondary reads: 3
  Max number of stacks allowed per de novo locus: 3
  Deleveraging algorithm: disabled
  Gapped assembly: enabled
  Minimum alignment length: 0.8
  Model type: SNP
  Alpha significance level for model: 0.05

Loading RAD-Tags...1M...2M...3M...4M...5M...

Loaded 5167256 reads; formed:
  198510 stacks representing 4862342 primary reads (94.1%)
  279773 secondary stacks representing 304914 secondary reads (5.9%)

Stack coverage: mean=24.49; stdev=305.58; max=54741; n_reads=4862342(94.1%)
Removing repetitive stacks: cov > 942 (mean+3*stdev)...
  Blacklisted 10484 stacks.
Coverage after repeat removal: mean=18.02; stdev=31.82; max=938; n_reads=3388740(65.6%)

Assembling stacks (max. dist. M=1)...
  Assembled 188026 stacks into 155000; blacklisted 1921 stacks.
Coverage after assembling stacks: mean=17.88; stdev=20.31; max=924; n_reads=2732931(52.9%)

Merging secondary stacks (max. dist. N=3 from consensus)...
  Merged 141519 out of 304914 secondary reads (46.4%), 6424 merged with gapped alignments.
Coverage after merging secondary stacks: mean=18.81; stdev=21.00; max=993; n_reads=2874450(55.6%)

Assembling stacks, allowing for gaps (min. match length 80.0%)...
  Assembled 155000 stacks into 151247 stacks.
Coverage after gapped assembly: mean=19.28; stdev=21.49; max=993; n_reads=2874450(55.6%)

Merging secondary stacks, allowing for gaps (min. match length 80.0%)...
  Merged 10806 out of 163395 secondary reads (6.6%).
Coverage after merging gapped secondary stacks: mean=19.36; stdev=21.51; max=993; n_reads=2885256(55.8%)

Final number of stacks built: 151247
Final coverage: mean=19.36; stdev=21.51; max=993; n_reads=2885256(55.8%)
Calling consensus sequences and haplotypes for catalog assembly...
Writing tags, SNPs, and alleles files to '00_Data/05a_Stacks.denovo.ALL.M1n1/S_23_02141'...done.
ustacks is done.
