

-t gzfastq -f ./00_Data/03a_Demultiplex/S_23_02214.1.fq.gz -o 00_Data/05a_Stacks.denovo.ALL.M1n1/ -i 521 -m 3 --name S_23_02214 -M 1 -p 8


ustacks parameters selected:
  Input file: './00_Data/03a_Demultiplex/S_23_02214.1.fq.gz'
  Sample ID: 521
  Min depth of coverage to create a stack (m): 3
  Repeat removal algorithm: enabled
  Max distance allowed between stacks (M): 1
  Max distance allowed to align secondary reads: 3
  Max number of stacks allowed per de novo locus: 3
  Deleveraging algorithm: disabled
  Gapped assembly: enabled
  Minimum alignment length: 0.8
  Model type: SNP
  Alpha significance level for model: 0.05

Loading RAD-Tags...1M...2M...3M...4M...5M...

Loaded 5419570 reads; formed:
  240002 stacks representing 4989540 primary reads (92.1%)
  383988 secondary stacks representing 430030 secondary reads (7.9%)

Stack coverage: mean=20.79; stdev=295.20; max=74783; n_reads=4989540(92.1%)
Removing repetitive stacks: cov > 907 (mean+3*stdev)...
  Blacklisted 10691 stacks.
Coverage after repeat removal: mean=15.54; stdev=29.37; max=903; n_reads=3562603(65.7%)

Assembling stacks (max. dist. M=1)...
  Assembled 229311 stacks into 187623; blacklisted 2575 stacks.
Coverage after assembling stacks: mean=15.38; stdev=20.05; max=799; n_reads=2843144(52.5%)

Merging secondary stacks (max. dist. N=3 from consensus)...
  Merged 174315 out of 430030 secondary reads (40.5%), 7160 merged with gapped alignments.
Coverage after merging secondary stacks: mean=16.33; stdev=20.89; max=834; n_reads=3017459(55.7%)

Assembling stacks, allowing for gaps (min. match length 80.0%)...
  Assembled 187623 stacks into 183537 stacks.
Coverage after gapped assembly: mean=16.70; stdev=21.29; max=881; n_reads=3017459(55.7%)

Merging secondary stacks, allowing for gaps (min. match length 80.0%)...
  Merged 13915 out of 255715 secondary reads (5.4%).
Coverage after merging gapped secondary stacks: mean=16.77; stdev=21.32; max=881; n_reads=3031374(55.9%)

Final number of stacks built: 183537
Final coverage: mean=16.77; stdev=21.32; max=881; n_reads=3031374(55.9%)
Calling consensus sequences and haplotypes for catalog assembly...
Writing tags, SNPs, and alleles files to '00_Data/05a_Stacks.denovo.ALL.M1n1/S_23_02214'...done.
ustacks is done.
