

-t gzfastq -f ./00_Data/03a_Demultiplex/S_23_01245.1.fq.gz -o 00_Data/05a_Stacks.denovo.ALL.M4n4/ -i 179 -m 3 --name S_23_01245 -M 4 -p 8


ustacks parameters selected:
  Input file: './00_Data/03a_Demultiplex/S_23_01245.1.fq.gz'
  Sample ID: 179
  Min depth of coverage to create a stack (m): 3
  Repeat removal algorithm: enabled
  Max distance allowed between stacks (M): 4
  Max distance allowed to align secondary reads: 6
  Max number of stacks allowed per de novo locus: 3
  Deleveraging algorithm: disabled
  Gapped assembly: enabled
  Minimum alignment length: 0.8
  Model type: SNP
  Alpha significance level for model: 0.05

Loading RAD-Tags...1M...2M...3M...4M...5M...6M...7M...

Loaded 7876100 reads; formed:
  246702 stacks representing 7384112 primary reads (93.8%)
  450015 secondary stacks representing 491988 secondary reads (6.2%)

Stack coverage: mean=29.93; stdev=378.98; max=79990; n_reads=7384112(93.8%)
Removing repetitive stacks: cov > 1167 (mean+3*stdev)...
  Blacklisted 13862 stacks.
Coverage after repeat removal: mean=22.34; stdev=38.59; max=1163; n_reads=5202769(66.1%)

Assembling stacks (max. dist. M=4)...
  Assembled 232840 stacks into 154398; blacklisted 3599 stacks.
Coverage after assembling stacks: mean=22.25; stdev=23.53; max=1032; n_reads=3348689(42.5%)

Merging secondary stacks (max. dist. N=6 from consensus)...
  Merged 245976 out of 491988 secondary reads (50.0%), 75353 merged with gapped alignments.
Coverage after merging secondary stacks: mean=23.89; stdev=25.50; max=1175; n_reads=3594665(45.6%)

Assembling stacks, allowing for gaps (min. match length 80.0%)...
  Assembled 154398 stacks into 145756 stacks.
Coverage after gapped assembly: mean=25.34; stdev=26.82; max=1175; n_reads=3594665(45.6%)

Merging secondary stacks, allowing for gaps (min. match length 80.0%)...
  Merged 49630 out of 246012 secondary reads (20.2%).
Coverage after merging gapped secondary stacks: mean=25.69; stdev=27.93; max=1199; n_reads=3644295(46.3%)

Final number of stacks built: 145756
Final coverage: mean=25.69; stdev=27.93; max=1199; n_reads=3644295(46.3%)
Calling consensus sequences and haplotypes for catalog assembly...
Writing tags, SNPs, and alleles files to '00_Data/05a_Stacks.denovo.ALL.M4n4/S_23_01245'...done.
ustacks is done.
