

-t gzfastq -f ./00_Data/03a_Demultiplex/S_23_01010.1.fq.gz -o 00_Data/05a_Stacks.denovo.ALL.M4n4/ -i 31 -m 3 --name S_23_01010 -M 4 -p 8


ustacks parameters selected:
  Input file: './00_Data/03a_Demultiplex/S_23_01010.1.fq.gz'
  Sample ID: 31
  Min depth of coverage to create a stack (m): 3
  Repeat removal algorithm: enabled
  Max distance allowed between stacks (M): 4
  Max distance allowed to align secondary reads: 6
  Max number of stacks allowed per de novo locus: 3
  Deleveraging algorithm: disabled
  Gapped assembly: enabled
  Minimum alignment length: 0.8
  Model type: SNP
  Alpha significance level for model: 0.05

Loading RAD-Tags...1M...2M...3M...4M...5M...6M...

Loaded 6176005 reads; formed:
  229904 stacks representing 5716950 primary reads (92.6%)
  416107 secondary stacks representing 459055 secondary reads (7.4%)

Stack coverage: mean=24.87; stdev=326.19; max=70566; n_reads=5716950(92.6%)
Removing repetitive stacks: cov > 1004 (mean+3*stdev)...
  Blacklisted 11484 stacks.
Coverage after repeat removal: mean=18.41; stdev=33.39; max=999; n_reads=4020099(65.1%)

Assembling stacks (max. dist. M=4)...
  Assembled 218420 stacks into 145933; blacklisted 3370 stacks.
Coverage after assembling stacks: mean=17.92; stdev=19.52; max=746; n_reads=2550308(41.3%)

Merging secondary stacks (max. dist. N=6 from consensus)...
  Merged 207941 out of 459055 secondary reads (45.3%), 67651 merged with gapped alignments.
Coverage after merging secondary stacks: mean=19.38; stdev=21.32; max=832; n_reads=2758249(44.7%)

Assembling stacks, allowing for gaps (min. match length 80.0%)...
  Assembled 145933 stacks into 138188 stacks.
Coverage after gapped assembly: mean=20.50; stdev=22.58; max=1052; n_reads=2758249(44.7%)

Merging secondary stacks, allowing for gaps (min. match length 80.0%)...
  Merged 48937 out of 251114 secondary reads (19.5%).
Coverage after merging gapped secondary stacks: mean=20.86; stdev=24.07; max=1588; n_reads=2807186(45.5%)

Final number of stacks built: 138188
Final coverage: mean=20.86; stdev=24.07; max=1588; n_reads=2807186(45.5%)
Calling consensus sequences and haplotypes for catalog assembly...
Writing tags, SNPs, and alleles files to '00_Data/05a_Stacks.denovo.ALL.M4n4/S_23_01010'...done.
ustacks is done.
