

-t gzfastq -f ./00_Data/03a_Demultiplex/S_23_02237.1.fq.gz -o 00_Data/05a_Stacks.denovo.ALL.M1n1/ -i 527 -m 3 --name S_23_02237 -M 1 -p 8


ustacks parameters selected:
  Input file: './00_Data/03a_Demultiplex/S_23_02237.1.fq.gz'
  Sample ID: 527
  Min depth of coverage to create a stack (m): 3
  Repeat removal algorithm: enabled
  Max distance allowed between stacks (M): 1
  Max distance allowed to align secondary reads: 3
  Max number of stacks allowed per de novo locus: 3
  Deleveraging algorithm: disabled
  Gapped assembly: enabled
  Minimum alignment length: 0.8
  Model type: SNP
  Alpha significance level for model: 0.05

Loading RAD-Tags...1M...2M...3M...4M...5M...

Loaded 5136103 reads; formed:
  207400 stacks representing 4759206 primary reads (92.7%)
  338687 secondary stacks representing 376897 secondary reads (7.3%)

Stack coverage: mean=22.95; stdev=318.63; max=66944; n_reads=4759206(92.7%)
Removing repetitive stacks: cov > 979 (mean+3*stdev)...
  Blacklisted 10291 stacks.
Coverage after repeat removal: mean=16.81; stdev=31.52; max=977; n_reads=3314152(64.5%)

Assembling stacks (max. dist. M=1)...
  Assembled 197109 stacks into 162087; blacklisted 2124 stacks.
Coverage after assembling stacks: mean=16.48; stdev=19.07; max=928; n_reads=2632906(51.3%)

Merging secondary stacks (max. dist. N=3 from consensus)...
  Merged 158841 out of 376897 secondary reads (42.1%), 7521 merged with gapped alignments.
Coverage after merging secondary stacks: mean=17.48; stdev=19.80; max=967; n_reads=2791747(54.4%)

Assembling stacks, allowing for gaps (min. match length 80.0%)...
  Assembled 162087 stacks into 158463 stacks.
Coverage after gapped assembly: mean=17.88; stdev=20.23; max=967; n_reads=2791747(54.4%)

Merging secondary stacks, allowing for gaps (min. match length 80.0%)...
  Merged 13643 out of 218056 secondary reads (6.3%).
Coverage after merging gapped secondary stacks: mean=17.97; stdev=20.26; max=967; n_reads=2805390(54.6%)

Final number of stacks built: 158463
Final coverage: mean=17.97; stdev=20.26; max=967; n_reads=2805390(54.6%)
Calling consensus sequences and haplotypes for catalog assembly...
Writing tags, SNPs, and alleles files to '00_Data/05a_Stacks.denovo.ALL.M1n1/S_23_02237'...done.
ustacks is done.
