

-t gzfastq -f ./00_Data/03a_Demultiplex/S_23_01199.1.fq.gz -o 00_Data/05a_Stacks.denovo.ALL.M4n4/ -i 149 -m 3 --name S_23_01199 -M 4 -p 8


ustacks parameters selected:
  Input file: './00_Data/03a_Demultiplex/S_23_01199.1.fq.gz'
  Sample ID: 149
  Min depth of coverage to create a stack (m): 3
  Repeat removal algorithm: enabled
  Max distance allowed between stacks (M): 4
  Max distance allowed to align secondary reads: 6
  Max number of stacks allowed per de novo locus: 3
  Deleveraging algorithm: disabled
  Gapped assembly: enabled
  Minimum alignment length: 0.8
  Model type: SNP
  Alpha significance level for model: 0.05

Loading RAD-Tags...1M...2M...

Loaded 2886580 reads; formed:
  198003 stacks representing 2598622 primary reads (90.0%)
  247619 secondary stacks representing 287958 secondary reads (10.0%)

Stack coverage: mean=13.12; stdev=157.35; max=33325; n_reads=2598622(90.0%)
Removing repetitive stacks: cov > 486 (mean+3*stdev)...
  Blacklisted 8966 stacks.
Coverage after repeat removal: mean=9.80; stdev=16.59; max=486; n_reads=1852862(64.2%)

Assembling stacks (max. dist. M=4)...
  Assembled 189037 stacks into 130874; blacklisted 2799 stacks.
Coverage after assembling stacks: mean=9.43; stdev=10.57; max=514; n_reads=1204773(41.7%)

Merging secondary stacks (max. dist. N=6 from consensus)...
  Merged 108977 out of 287958 secondary reads (37.8%), 37328 merged with gapped alignments.
Coverage after merging secondary stacks: mean=10.28; stdev=12.01; max=914; n_reads=1313750(45.5%)

Assembling stacks, allowing for gaps (min. match length 80.0%)...
  Assembled 130874 stacks into 125331 stacks.
Coverage after gapped assembly: mean=10.74; stdev=12.64; max=914; n_reads=1313750(45.5%)

Merging secondary stacks, allowing for gaps (min. match length 80.0%)...
  Merged 35375 out of 178981 secondary reads (19.8%).
Coverage after merging gapped secondary stacks: mean=11.03; stdev=13.83; max=1080; n_reads=1349125(46.7%)

Final number of stacks built: 125331
Final coverage: mean=11.03; stdev=13.83; max=1080; n_reads=1349125(46.7%)
Calling consensus sequences and haplotypes for catalog assembly...
Writing tags, SNPs, and alleles files to '00_Data/05a_Stacks.denovo.ALL.M4n4/S_23_01199'...done.
ustacks is done.
