

-t gzfastq -f ./00_Data/03a_Demultiplex/S_23_01824.1.fq.gz -o 00_Data/05a_Stacks.denovo.ALL.M1n1/ -i 247 -m 3 --name S_23_01824 -M 1 -p 8


ustacks parameters selected:
  Input file: './00_Data/03a_Demultiplex/S_23_01824.1.fq.gz'
  Sample ID: 247
  Min depth of coverage to create a stack (m): 3
  Repeat removal algorithm: enabled
  Max distance allowed between stacks (M): 1
  Max distance allowed to align secondary reads: 3
  Max number of stacks allowed per de novo locus: 3
  Deleveraging algorithm: disabled
  Gapped assembly: enabled
  Minimum alignment length: 0.8
  Model type: SNP
  Alpha significance level for model: 0.05

Loading RAD-Tags...1M...2M...3M...

Loaded 3966611 reads; formed:
  208244 stacks representing 3622105 primary reads (91.3%)
  308351 secondary stacks representing 344506 secondary reads (8.7%)

Stack coverage: mean=17.39; stdev=233.29; max=52378; n_reads=3622105(91.3%)
Removing repetitive stacks: cov > 718 (mean+3*stdev)...
  Blacklisted 9961 stacks.
Coverage after repeat removal: mean=12.93; stdev=23.58; max=715; n_reads=2563360(64.6%)

Assembling stacks (max. dist. M=1)...
  Assembled 198283 stacks into 165227; blacklisted 1977 stacks.
Coverage after assembling stacks: mean=12.61; stdev=14.15; max=760; n_reads=2054953(51.8%)

Merging secondary stacks (max. dist. N=3 from consensus)...
  Merged 139546 out of 344506 secondary reads (40.5%), 5713 merged with gapped alignments.
Coverage after merging secondary stacks: mean=13.46; stdev=14.78; max=770; n_reads=2194499(55.3%)

Assembling stacks, allowing for gaps (min. match length 80.0%)...
  Assembled 165227 stacks into 161838 stacks.
Coverage after gapped assembly: mean=13.75; stdev=15.11; max=823; n_reads=2194499(55.3%)

Merging secondary stacks, allowing for gaps (min. match length 80.0%)...
  Merged 11448 out of 204960 secondary reads (5.6%).
Coverage after merging gapped secondary stacks: mean=13.82; stdev=15.14; max=823; n_reads=2205947(55.6%)

Final number of stacks built: 161838
Final coverage: mean=13.82; stdev=15.14; max=823; n_reads=2205947(55.6%)
Calling consensus sequences and haplotypes for catalog assembly...
Writing tags, SNPs, and alleles files to '00_Data/05a_Stacks.denovo.ALL.M1n1/S_23_01824'...done.
ustacks is done.
