

-t gzfastq -f ./00_Data/03a_Demultiplex/S_23_02090.1.fq.gz -o 00_Data/05a_Stacks.denovo.ALL.M1n1/ -i 399 -m 3 --name S_23_02090 -M 1 -p 8


ustacks parameters selected:
  Input file: './00_Data/03a_Demultiplex/S_23_02090.1.fq.gz'
  Sample ID: 399
  Min depth of coverage to create a stack (m): 3
  Repeat removal algorithm: enabled
  Max distance allowed between stacks (M): 1
  Max distance allowed to align secondary reads: 3
  Max number of stacks allowed per de novo locus: 3
  Deleveraging algorithm: disabled
  Gapped assembly: enabled
  Minimum alignment length: 0.8
  Model type: SNP
  Alpha significance level for model: 0.05

Loading RAD-Tags...1M...

Loaded 1805616 reads; formed:
  138235 stacks representing 1513647 primary reads (83.8%)
  239929 secondary stacks representing 291969 secondary reads (16.2%)

Stack coverage: mean=10.95; stdev=175.76; max=31577; n_reads=1513647(83.8%)
Removing repetitive stacks: cov > 539 (mean+3*stdev)...
  Blacklisted 5662 stacks.
Coverage after repeat removal: mean=7.80; stdev=16.23; max=539; n_reads=1033750(57.3%)

Assembling stacks (max. dist. M=1)...
  Assembled 132573 stacks into 111722; blacklisted 1327 stacks.
Coverage after assembling stacks: mean=7.25; stdev=8.96; max=480; n_reads=799751(44.3%)

Merging secondary stacks (max. dist. N=3 from consensus)...
  Merged 73082 out of 291969 secondary reads (25.0%), 2762 merged with gapped alignments.
Coverage after merging secondary stacks: mean=7.92; stdev=9.57; max=490; n_reads=872833(48.3%)

Assembling stacks, allowing for gaps (min. match length 80.0%)...
  Assembled 111722 stacks into 109980 stacks.
Coverage after gapped assembly: mean=8.04; stdev=9.75; max=496; n_reads=872833(48.3%)

Merging secondary stacks, allowing for gaps (min. match length 80.0%)...
  Merged 12109 out of 218887 secondary reads (5.5%).
Coverage after merging gapped secondary stacks: mean=8.15; stdev=9.84; max=496; n_reads=884942(49.0%)

Final number of stacks built: 109980
Final coverage: mean=8.15; stdev=9.84; max=496; n_reads=884942(49.0%)
Calling consensus sequences and haplotypes for catalog assembly...
Writing tags, SNPs, and alleles files to '00_Data/05a_Stacks.denovo.ALL.M1n1/S_23_02090'...done.
ustacks is done.
