

-t gzfastq -f ./00_Data/03a_Demultiplex/S_23_02101.1.fq.gz -o 00_Data/05a_Stacks.denovo.ALL.M1n1/ -i 410 -m 3 --name S_23_02101 -M 1 -p 8


ustacks parameters selected:
  Input file: './00_Data/03a_Demultiplex/S_23_02101.1.fq.gz'
  Sample ID: 410
  Min depth of coverage to create a stack (m): 3
  Repeat removal algorithm: enabled
  Max distance allowed between stacks (M): 1
  Max distance allowed to align secondary reads: 3
  Max number of stacks allowed per de novo locus: 3
  Deleveraging algorithm: disabled
  Gapped assembly: enabled
  Minimum alignment length: 0.8
  Model type: SNP
  Alpha significance level for model: 0.05

Loading RAD-Tags...1M...2M...3M...4M...

Loaded 4020034 reads; formed:
  220161 stacks representing 3677396 primary reads (91.5%)
  303737 secondary stacks representing 342638 secondary reads (8.5%)

Stack coverage: mean=16.70; stdev=204.05; max=43850; n_reads=3677396(91.5%)
Removing repetitive stacks: cov > 629 (mean+3*stdev)...
  Blacklisted 10729 stacks.
Coverage after repeat removal: mean=12.42; stdev=21.19; max=618; n_reads=2600505(64.7%)

Assembling stacks (max. dist. M=1)...
  Assembled 209432 stacks into 175973; blacklisted 1994 stacks.
Coverage after assembling stacks: mean=12.27; stdev=14.27; max=631; n_reads=2130816(53.0%)

Merging secondary stacks (max. dist. N=3 from consensus)...
  Merged 127090 out of 342638 secondary reads (37.1%), 5719 merged with gapped alignments.
Coverage after merging secondary stacks: mean=13.00; stdev=14.84; max=653; n_reads=2257906(56.2%)

Assembling stacks, allowing for gaps (min. match length 80.0%)...
  Assembled 175973 stacks into 172277 stacks.
Coverage after gapped assembly: mean=13.28; stdev=15.18; max=811; n_reads=2257906(56.2%)

Merging secondary stacks, allowing for gaps (min. match length 80.0%)...
  Merged 12381 out of 215548 secondary reads (5.7%).
Coverage after merging gapped secondary stacks: mean=13.35; stdev=15.21; max=811; n_reads=2270287(56.5%)

Final number of stacks built: 172277
Final coverage: mean=13.35; stdev=15.21; max=811; n_reads=2270287(56.5%)
Calling consensus sequences and haplotypes for catalog assembly...
Writing tags, SNPs, and alleles files to '00_Data/05a_Stacks.denovo.ALL.M1n1/S_23_02101'...done.
ustacks is done.
