

-t gzfastq -f ./00_Data/03a_Demultiplex/S_23_01144.1.fq.gz -o 00_Data/05a_Stacks.denovo.ALL.M4n4/ -i 107 -m 3 --name S_23_01144 -M 4 -p 8


ustacks parameters selected:
  Input file: './00_Data/03a_Demultiplex/S_23_01144.1.fq.gz'
  Sample ID: 107
  Min depth of coverage to create a stack (m): 3
  Repeat removal algorithm: enabled
  Max distance allowed between stacks (M): 4
  Max distance allowed to align secondary reads: 6
  Max number of stacks allowed per de novo locus: 3
  Deleveraging algorithm: disabled
  Gapped assembly: enabled
  Minimum alignment length: 0.8
  Model type: SNP
  Alpha significance level for model: 0.05

Loading RAD-Tags...1M...2M...3M...4M...

Loaded 4463189 reads; formed:
  199455 stacks representing 4152194 primary reads (93.0%)
  280274 secondary stacks representing 310995 secondary reads (7.0%)

Stack coverage: mean=20.82; stdev=275.65; max=56730; n_reads=4152194(93.0%)
Removing repetitive stacks: cov > 848 (mean+3*stdev)...
  Blacklisted 9988 stacks.
Coverage after repeat removal: mean=15.26; stdev=27.92; max=844; n_reads=2892106(64.8%)

Assembling stacks (max. dist. M=4)...
  Assembled 189467 stacks into 126029; blacklisted 2954 stacks.
Coverage after assembling stacks: mean=14.79; stdev=17.03; max=816; n_reads=1816831(40.7%)

Merging secondary stacks (max. dist. N=6 from consensus)...
  Merged 144651 out of 310995 secondary reads (46.5%), 44857 merged with gapped alignments.
Coverage after merging secondary stacks: mean=15.97; stdev=18.42; max=935; n_reads=1961482(43.9%)

Assembling stacks, allowing for gaps (min. match length 80.0%)...
  Assembled 126029 stacks into 119824 stacks.
Coverage after gapped assembly: mean=16.82; stdev=19.32; max=935; n_reads=1961482(43.9%)

Merging secondary stacks, allowing for gaps (min. match length 80.0%)...
  Merged 40160 out of 166344 secondary reads (24.1%).
Coverage after merging gapped secondary stacks: mean=17.16; stdev=20.90; max=971; n_reads=2001642(44.8%)

Final number of stacks built: 119824
Final coverage: mean=17.16; stdev=20.90; max=971; n_reads=2001642(44.8%)
Calling consensus sequences and haplotypes for catalog assembly...
Writing tags, SNPs, and alleles files to '00_Data/05a_Stacks.denovo.ALL.M4n4/S_23_01144'...done.
ustacks is done.
