

-t gzfastq -f ./00_Data/03a_Demultiplex/S_23_01007.1.fq.gz -o 00_Data/05a_Stacks.denovo.ALL.M4n4/ -i 29 -m 3 --name S_23_01007 -M 4 -p 8


ustacks parameters selected:
  Input file: './00_Data/03a_Demultiplex/S_23_01007.1.fq.gz'
  Sample ID: 29
  Min depth of coverage to create a stack (m): 3
  Repeat removal algorithm: enabled
  Max distance allowed between stacks (M): 4
  Max distance allowed to align secondary reads: 6
  Max number of stacks allowed per de novo locus: 3
  Deleveraging algorithm: disabled
  Gapped assembly: enabled
  Minimum alignment length: 0.8
  Model type: SNP
  Alpha significance level for model: 0.05

Loading RAD-Tags...1M...2M...3M...4M...5M...

Loaded 5921256 reads; formed:
  214571 stacks representing 5500412 primary reads (92.9%)
  383384 secondary stacks representing 420844 secondary reads (7.1%)

Stack coverage: mean=25.63; stdev=337.50; max=66462; n_reads=5500412(92.9%)
Removing repetitive stacks: cov > 1039 (mean+3*stdev)...
  Blacklisted 11393 stacks.
Coverage after repeat removal: mean=18.90; stdev=33.58; max=1037; n_reads=3839921(64.8%)

Assembling stacks (max. dist. M=4)...
  Assembled 203178 stacks into 133720; blacklisted 3141 stacks.
Coverage after assembling stacks: mean=18.73; stdev=19.80; max=841; n_reads=2440741(41.2%)

Merging secondary stacks (max. dist. N=6 from consensus)...
  Merged 210104 out of 420844 secondary reads (49.9%), 66193 merged with gapped alignments.
Coverage after merging secondary stacks: mean=20.34; stdev=22.17; max=1335; n_reads=2650845(44.8%)

Assembling stacks, allowing for gaps (min. match length 80.0%)...
  Assembled 133720 stacks into 126626 stacks.
Coverage after gapped assembly: mean=21.51; stdev=23.32; max=1335; n_reads=2650845(44.8%)

Merging secondary stacks, allowing for gaps (min. match length 80.0%)...
  Merged 52878 out of 210740 secondary reads (25.1%).
Coverage after merging gapped secondary stacks: mean=21.94; stdev=25.77; max=2196; n_reads=2703723(45.7%)

Final number of stacks built: 126626
Final coverage: mean=21.94; stdev=25.77; max=2196; n_reads=2703723(45.7%)
Calling consensus sequences and haplotypes for catalog assembly...
Writing tags, SNPs, and alleles files to '00_Data/05a_Stacks.denovo.ALL.M4n4/S_23_01007'...done.
ustacks is done.
