

-t gzfastq -f ./00_Data/03a_Demultiplex/S_23_01220.1.fq.gz -o 00_Data/05a_Stacks.denovo.ALL.M1n1/ -i 170 -m 3 --name S_23_01220 -M 1 -p 8


ustacks parameters selected:
  Input file: './00_Data/03a_Demultiplex/S_23_01220.1.fq.gz'
  Sample ID: 170
  Min depth of coverage to create a stack (m): 3
  Repeat removal algorithm: enabled
  Max distance allowed between stacks (M): 1
  Max distance allowed to align secondary reads: 3
  Max number of stacks allowed per de novo locus: 3
  Deleveraging algorithm: disabled
  Gapped assembly: enabled
  Minimum alignment length: 0.8
  Model type: SNP
  Alpha significance level for model: 0.05

Loading RAD-Tags...1M...2M...

Loaded 2540169 reads; formed:
  175419 stacks representing 2313658 primary reads (91.1%)
  194267 secondary stacks representing 226511 secondary reads (8.9%)

Stack coverage: mean=13.19; stdev=154.28; max=31693; n_reads=2313658(91.1%)
Removing repetitive stacks: cov > 477 (mean+3*stdev)...
  Blacklisted 7559 stacks.
Coverage after repeat removal: mean=9.92; stdev=16.68; max=477; n_reads=1664917(65.5%)

Assembling stacks (max. dist. M=1)...
  Assembled 167860 stacks into 142535; blacklisted 1563 stacks.
Coverage after assembling stacks: mean=9.64; stdev=10.91; max=618; n_reads=1357141(53.4%)

Merging secondary stacks (max. dist. N=3 from consensus)...
  Merged 79512 out of 226511 secondary reads (35.1%), 3402 merged with gapped alignments.
Coverage after merging secondary stacks: mean=10.21; stdev=11.31; max=650; n_reads=1436653(56.6%)

Assembling stacks, allowing for gaps (min. match length 80.0%)...
  Assembled 142535 stacks into 139972 stacks.
Coverage after gapped assembly: mean=10.40; stdev=11.51; max=650; n_reads=1436653(56.6%)

Merging secondary stacks, allowing for gaps (min. match length 80.0%)...
  Merged 8781 out of 146999 secondary reads (6.0%).
Coverage after merging gapped secondary stacks: mean=10.46; stdev=11.54; max=650; n_reads=1445434(56.9%)

Final number of stacks built: 139972
Final coverage: mean=10.46; stdev=11.54; max=650; n_reads=1445434(56.9%)
Calling consensus sequences and haplotypes for catalog assembly...
Writing tags, SNPs, and alleles files to '00_Data/05a_Stacks.denovo.ALL.M1n1/S_23_01220'...done.
ustacks is done.
