

-t gzfastq -f ./00_Data/03a_Demultiplex/S_23_02048.1.fq.gz -o 00_Data/05a_Stacks.denovo.ALL.M1n1/ -i 368 -m 3 --name S_23_02048 -M 1 -p 8


ustacks parameters selected:
  Input file: './00_Data/03a_Demultiplex/S_23_02048.1.fq.gz'
  Sample ID: 368
  Min depth of coverage to create a stack (m): 3
  Repeat removal algorithm: enabled
  Max distance allowed between stacks (M): 1
  Max distance allowed to align secondary reads: 3
  Max number of stacks allowed per de novo locus: 3
  Deleveraging algorithm: disabled
  Gapped assembly: enabled
  Minimum alignment length: 0.8
  Model type: SNP
  Alpha significance level for model: 0.05

Loading RAD-Tags...1M...2M...3M...

Loaded 3510665 reads; formed:
  197362 stacks representing 3235607 primary reads (92.2%)
  241450 secondary stacks representing 275058 secondary reads (7.8%)

Stack coverage: mean=16.39; stdev=194.40; max=40342; n_reads=3235607(92.2%)
Removing repetitive stacks: cov > 600 (mean+3*stdev)...
  Blacklisted 9220 stacks.
Coverage after repeat removal: mean=12.14; stdev=21.11; max=600; n_reads=2284578(65.1%)

Assembling stacks (max. dist. M=1)...
  Assembled 188142 stacks into 157791; blacklisted 1848 stacks.
Coverage after assembling stacks: mean=11.88; stdev=13.90; max=606; n_reads=1849513(52.7%)

Merging secondary stacks (max. dist. N=3 from consensus)...
  Merged 105480 out of 275058 secondary reads (38.3%), 4471 merged with gapped alignments.
Coverage after merging secondary stacks: mean=12.56; stdev=14.39; max=621; n_reads=1954993(55.7%)

Assembling stacks, allowing for gaps (min. match length 80.0%)...
  Assembled 157791 stacks into 154624 stacks.
Coverage after gapped assembly: mean=12.82; stdev=14.71; max=621; n_reads=1954993(55.7%)

Merging secondary stacks, allowing for gaps (min. match length 80.0%)...
  Merged 10564 out of 169578 secondary reads (6.2%).
Coverage after merging gapped secondary stacks: mean=12.89; stdev=14.73; max=621; n_reads=1965557(56.0%)

Final number of stacks built: 154624
Final coverage: mean=12.89; stdev=14.73; max=621; n_reads=1965557(56.0%)
Calling consensus sequences and haplotypes for catalog assembly...
Writing tags, SNPs, and alleles files to '00_Data/05a_Stacks.denovo.ALL.M1n1/S_23_02048'...done.
ustacks is done.
