

-t gzfastq -f ./00_Data/03a_Demultiplex/S_23_02114.1.fq.gz -o 00_Data/05a_Stacks.denovo.ALL.M1n1/ -i 423 -m 3 --name S_23_02114 -M 1 -p 8


ustacks parameters selected:
  Input file: './00_Data/03a_Demultiplex/S_23_02114.1.fq.gz'
  Sample ID: 423
  Min depth of coverage to create a stack (m): 3
  Repeat removal algorithm: enabled
  Max distance allowed between stacks (M): 1
  Max distance allowed to align secondary reads: 3
  Max number of stacks allowed per de novo locus: 3
  Deleveraging algorithm: disabled
  Gapped assembly: enabled
  Minimum alignment length: 0.8
  Model type: SNP
  Alpha significance level for model: 0.05

Loading RAD-Tags...1M...2M...3M...

Loaded 3457517 reads; formed:
  210916 stacks representing 3107497 primary reads (89.9%)
  307815 secondary stacks representing 350020 secondary reads (10.1%)

Stack coverage: mean=14.73; stdev=179.99; max=38799; n_reads=3107497(89.9%)
Removing repetitive stacks: cov > 555 (mean+3*stdev)...
  Blacklisted 9873 stacks.
Coverage after repeat removal: mean=10.95; stdev=18.71; max=550; n_reads=2200614(63.6%)

Assembling stacks (max. dist. M=1)...
  Assembled 201043 stacks into 169638; blacklisted 1939 stacks.
Coverage after assembling stacks: mean=10.70; stdev=11.97; max=548; n_reads=1792134(51.8%)

Merging secondary stacks (max. dist. N=3 from consensus)...
  Merged 123158 out of 350020 secondary reads (35.2%), 5690 merged with gapped alignments.
Coverage after merging secondary stacks: mean=11.44; stdev=12.52; max=570; n_reads=1915292(55.4%)

Assembling stacks, allowing for gaps (min. match length 80.0%)...
  Assembled 169638 stacks into 166286 stacks.
Coverage after gapped assembly: mean=11.67; stdev=12.77; max=570; n_reads=1915292(55.4%)

Merging secondary stacks, allowing for gaps (min. match length 80.0%)...
  Merged 12998 out of 226862 secondary reads (5.7%).
Coverage after merging gapped secondary stacks: mean=11.75; stdev=12.81; max=570; n_reads=1928290(55.8%)

Final number of stacks built: 166286
Final coverage: mean=11.75; stdev=12.81; max=570; n_reads=1928290(55.8%)
Calling consensus sequences and haplotypes for catalog assembly...
Writing tags, SNPs, and alleles files to '00_Data/05a_Stacks.denovo.ALL.M1n1/S_23_02114'...done.
ustacks is done.
