

-t gzfastq -f ./00_Data/03a_Demultiplex/S_23_02166.1.fq.gz -o 00_Data/05a_Stacks.denovo.ALL.M1n1/ -i 476 -m 3 --name S_23_02166 -M 1 -p 8


ustacks parameters selected:
  Input file: './00_Data/03a_Demultiplex/S_23_02166.1.fq.gz'
  Sample ID: 476
  Min depth of coverage to create a stack (m): 3
  Repeat removal algorithm: enabled
  Max distance allowed between stacks (M): 1
  Max distance allowed to align secondary reads: 3
  Max number of stacks allowed per de novo locus: 3
  Deleveraging algorithm: disabled
  Gapped assembly: enabled
  Minimum alignment length: 0.8
  Model type: SNP
  Alpha significance level for model: 0.05

Loading RAD-Tags...1M...2M...3M...4M...5M...

Loaded 5114362 reads; formed:
  205123 stacks representing 4765012 primary reads (93.2%)
  318571 secondary stacks representing 349350 secondary reads (6.8%)

Stack coverage: mean=23.23; stdev=310.58; max=64157; n_reads=4765012(93.2%)
Removing repetitive stacks: cov > 955 (mean+3*stdev)...
  Blacklisted 10218 stacks.
Coverage after repeat removal: mean=17.06; stdev=30.72; max=955; n_reads=3324471(65.0%)

Assembling stacks (max. dist. M=1)...
  Assembled 194905 stacks into 160202; blacklisted 1996 stacks.
Coverage after assembling stacks: mean=16.94; stdev=19.24; max=948; n_reads=2676651(52.3%)

Merging secondary stacks (max. dist. N=3 from consensus)...
  Merged 159215 out of 349350 secondary reads (45.6%), 6950 merged with gapped alignments.
Coverage after merging secondary stacks: mean=17.95; stdev=19.98; max=974; n_reads=2835866(55.4%)

Assembling stacks, allowing for gaps (min. match length 80.0%)...
  Assembled 160202 stacks into 156522 stacks.
Coverage after gapped assembly: mean=18.38; stdev=20.34; max=974; n_reads=2835866(55.4%)

Merging secondary stacks, allowing for gaps (min. match length 80.0%)...
  Merged 11701 out of 190135 secondary reads (6.2%).
Coverage after merging gapped secondary stacks: mean=18.46; stdev=20.37; max=974; n_reads=2847567(55.7%)

Final number of stacks built: 156522
Final coverage: mean=18.46; stdev=20.37; max=974; n_reads=2847567(55.7%)
Calling consensus sequences and haplotypes for catalog assembly...
Writing tags, SNPs, and alleles files to '00_Data/05a_Stacks.denovo.ALL.M1n1/S_23_02166'...done.
ustacks is done.
