

-t gzfastq -f ./00_Data/03a_Demultiplex/S_23_01820.1.fq.gz -o 00_Data/05a_Stacks.denovo.ALL.M1n1/ -i 243 -m 3 --name S_23_01820 -M 1 -p 8


ustacks parameters selected:
  Input file: './00_Data/03a_Demultiplex/S_23_01820.1.fq.gz'
  Sample ID: 243
  Min depth of coverage to create a stack (m): 3
  Repeat removal algorithm: enabled
  Max distance allowed between stacks (M): 1
  Max distance allowed to align secondary reads: 3
  Max number of stacks allowed per de novo locus: 3
  Deleveraging algorithm: disabled
  Gapped assembly: enabled
  Minimum alignment length: 0.8
  Model type: SNP
  Alpha significance level for model: 0.05

Loading RAD-Tags...1M...

Loaded 1936967 reads; formed:
  150418 stacks representing 1727600 primary reads (89.2%)
  175273 secondary stacks representing 209367 secondary reads (10.8%)

Stack coverage: mean=11.49; stdev=115.73; max=17201; n_reads=1727600(89.2%)
Removing repetitive stacks: cov > 359 (mean+3*stdev)...
  Blacklisted 6915 stacks.
Coverage after repeat removal: mean=8.63; stdev=13.71; max=358; n_reads=1237826(63.9%)

Assembling stacks (max. dist. M=1)...
  Assembled 143503 stacks into 122741; blacklisted 1390 stacks.
Coverage after assembling stacks: mean=8.34; stdev=9.64; max=387; n_reads=1010409(52.2%)

Merging secondary stacks (max. dist. N=3 from consensus)...
  Merged 71745 out of 209367 secondary reads (34.3%), 2634 merged with gapped alignments.
Coverage after merging secondary stacks: mean=8.94; stdev=10.14; max=403; n_reads=1082154(55.9%)

Assembling stacks, allowing for gaps (min. match length 80.0%)...
  Assembled 122741 stacks into 120784 stacks.
Coverage after gapped assembly: mean=9.08; stdev=10.34; max=403; n_reads=1082154(55.9%)

Merging secondary stacks, allowing for gaps (min. match length 80.0%)...
  Merged 8448 out of 137622 secondary reads (6.1%).
Coverage after merging gapped secondary stacks: mean=9.15; stdev=10.39; max=403; n_reads=1090602(56.3%)

Final number of stacks built: 120784
Final coverage: mean=9.15; stdev=10.39; max=403; n_reads=1090602(56.3%)
Calling consensus sequences and haplotypes for catalog assembly...
Writing tags, SNPs, and alleles files to '00_Data/05a_Stacks.denovo.ALL.M1n1/S_23_01820'...done.
ustacks is done.
