

-t gzfastq -f ./00_Data/03a_Demultiplex/S_23_01215.1.fq.gz -o 00_Data/05a_Stacks.denovo.ALL.M4n4/ -i 165 -m 3 --name S_23_01215 -M 4 -p 8


ustacks parameters selected:
  Input file: './00_Data/03a_Demultiplex/S_23_01215.1.fq.gz'
  Sample ID: 165
  Min depth of coverage to create a stack (m): 3
  Repeat removal algorithm: enabled
  Max distance allowed between stacks (M): 4
  Max distance allowed to align secondary reads: 6
  Max number of stacks allowed per de novo locus: 3
  Deleveraging algorithm: disabled
  Gapped assembly: enabled
  Minimum alignment length: 0.8
  Model type: SNP
  Alpha significance level for model: 0.05

Loading RAD-Tags...1M...2M...3M...4M...

Loaded 4952670 reads; formed:
  212314 stacks representing 4586529 primary reads (92.6%)
  328830 secondary stacks representing 366141 secondary reads (7.4%)

Stack coverage: mean=21.60; stdev=287.80; max=69000; n_reads=4586529(92.6%)
Removing repetitive stacks: cov > 886 (mean+3*stdev)...
  Blacklisted 9786 stacks.
Coverage after repeat removal: mean=16.06; stdev=28.23; max=873; n_reads=3252768(65.7%)

Assembling stacks (max. dist. M=4)...
  Assembled 202528 stacks into 136630; blacklisted 3037 stacks.
Coverage after assembling stacks: mean=15.82; stdev=16.97; max=768; n_reads=2109506(42.6%)

Merging secondary stacks (max. dist. N=6 from consensus)...
  Merged 161985 out of 366141 secondary reads (44.2%), 51668 merged with gapped alignments.
Coverage after merging secondary stacks: mean=17.03; stdev=18.66; max=999; n_reads=2271491(45.9%)

Assembling stacks, allowing for gaps (min. match length 80.0%)...
  Assembled 136630 stacks into 129763 stacks.
Coverage after gapped assembly: mean=17.96; stdev=19.58; max=999; n_reads=2271491(45.9%)

Merging secondary stacks, allowing for gaps (min. match length 80.0%)...
  Merged 35825 out of 204156 secondary reads (17.5%).
Coverage after merging gapped secondary stacks: mean=18.24; stdev=20.58; max=1065; n_reads=2307316(46.6%)

Final number of stacks built: 129763
Final coverage: mean=18.24; stdev=20.58; max=1065; n_reads=2307316(46.6%)
Calling consensus sequences and haplotypes for catalog assembly...
Writing tags, SNPs, and alleles files to '00_Data/05a_Stacks.denovo.ALL.M4n4/S_23_01215'...done.
ustacks is done.
