

-t gzfastq -f ./00_Data/03a_Demultiplex/S_23_02263.1.fq.gz -o 00_Data/05a_Stacks.denovo.ALL.M1n1/ -i 554 -m 3 --name S_23_02263 -M 1 -p 8


ustacks parameters selected:
  Input file: './00_Data/03a_Demultiplex/S_23_02263.1.fq.gz'
  Sample ID: 554
  Min depth of coverage to create a stack (m): 3
  Repeat removal algorithm: enabled
  Max distance allowed between stacks (M): 1
  Max distance allowed to align secondary reads: 3
  Max number of stacks allowed per de novo locus: 3
  Deleveraging algorithm: disabled
  Gapped assembly: enabled
  Minimum alignment length: 0.8
  Model type: SNP
  Alpha significance level for model: 0.05

Loading RAD-Tags...1M...2M...3M...

Loaded 3404904 reads; formed:
  185901 stacks representing 3160638 primary reads (92.8%)
  219836 secondary stacks representing 244266 secondary reads (7.2%)

Stack coverage: mean=17.00; stdev=213.94; max=42080; n_reads=3160638(92.8%)
Removing repetitive stacks: cov > 659 (mean+3*stdev)...
  Blacklisted 8854 stacks.
Coverage after repeat removal: mean=12.51; stdev=21.95; max=658; n_reads=2215300(65.1%)

Assembling stacks (max. dist. M=1)...
  Assembled 177047 stacks into 147305; blacklisted 1756 stacks.
Coverage after assembling stacks: mean=12.33; stdev=13.67; max=590; n_reads=1791555(52.6%)

Merging secondary stacks (max. dist. N=3 from consensus)...
  Merged 105080 out of 244266 secondary reads (43.0%), 4345 merged with gapped alignments.
Coverage after merging secondary stacks: mean=13.05; stdev=14.21; max=654; n_reads=1896635(55.7%)

Assembling stacks, allowing for gaps (min. match length 80.0%)...
  Assembled 147305 stacks into 144192 stacks.
Coverage after gapped assembly: mean=13.34; stdev=14.52; max=654; n_reads=1896635(55.7%)

Merging secondary stacks, allowing for gaps (min. match length 80.0%)...
  Merged 8833 out of 139186 secondary reads (6.3%).
Coverage after merging gapped secondary stacks: mean=13.40; stdev=14.55; max=654; n_reads=1905468(56.0%)

Final number of stacks built: 144192
Final coverage: mean=13.40; stdev=14.55; max=654; n_reads=1905468(56.0%)
Calling consensus sequences and haplotypes for catalog assembly...
Writing tags, SNPs, and alleles files to '00_Data/05a_Stacks.denovo.ALL.M1n1/S_23_02263'...done.
ustacks is done.
