

-t gzfastq -f ./00_Data/03a_Demultiplex/S_23_01217.1.fq.gz -o 00_Data/05a_Stacks.denovo.ALL.M4n4/ -i 167 -m 3 --name S_23_01217 -M 4 -p 8


ustacks parameters selected:
  Input file: './00_Data/03a_Demultiplex/S_23_01217.1.fq.gz'
  Sample ID: 167
  Min depth of coverage to create a stack (m): 3
  Repeat removal algorithm: enabled
  Max distance allowed between stacks (M): 4
  Max distance allowed to align secondary reads: 6
  Max number of stacks allowed per de novo locus: 3
  Deleveraging algorithm: disabled
  Gapped assembly: enabled
  Minimum alignment length: 0.8
  Model type: SNP
  Alpha significance level for model: 0.05

Loading RAD-Tags...1M...2M...3M...4M...5M...

Loaded 5367760 reads; formed:
  223250 stacks representing 4941702 primary reads (92.1%)
  387281 secondary stacks representing 426058 secondary reads (7.9%)

Stack coverage: mean=22.14; stdev=286.92; max=62839; n_reads=4941702(92.1%)
Removing repetitive stacks: cov > 883 (mean+3*stdev)...
  Blacklisted 11076 stacks.
Coverage after repeat removal: mean=16.48; stdev=29.15; max=883; n_reads=3495905(65.1%)

Assembling stacks (max. dist. M=4)...
  Assembled 212174 stacks into 142037; blacklisted 3246 stacks.
Coverage after assembling stacks: mean=16.17; stdev=17.63; max=861; n_reads=2240691(41.7%)

Merging secondary stacks (max. dist. N=6 from consensus)...
  Merged 198461 out of 426058 secondary reads (46.6%), 63608 merged with gapped alignments.
Coverage after merging secondary stacks: mean=17.61; stdev=19.70; max=989; n_reads=2439152(45.4%)

Assembling stacks, allowing for gaps (min. match length 80.0%)...
  Assembled 142037 stacks into 134683 stacks.
Coverage after gapped assembly: mean=18.59; stdev=20.73; max=989; n_reads=2439152(45.4%)

Merging secondary stacks, allowing for gaps (min. match length 80.0%)...
  Merged 42976 out of 227597 secondary reads (18.9%).
Coverage after merging gapped secondary stacks: mean=18.92; stdev=21.93; max=989; n_reads=2482128(46.2%)

Final number of stacks built: 134683
Final coverage: mean=18.92; stdev=21.93; max=989; n_reads=2482128(46.2%)
Calling consensus sequences and haplotypes for catalog assembly...
Writing tags, SNPs, and alleles files to '00_Data/05a_Stacks.denovo.ALL.M4n4/S_23_01217'...done.
ustacks is done.
