

-t gzfastq -f ./00_Data/03a_Demultiplex/S_23_01126.1.fq.gz -o 00_Data/05a_Stacks.denovo.ALL.M1n1/ -i 104 -m 3 --name S_23_01126 -M 1 -p 8


ustacks parameters selected:
  Input file: './00_Data/03a_Demultiplex/S_23_01126.1.fq.gz'
  Sample ID: 104
  Min depth of coverage to create a stack (m): 3
  Repeat removal algorithm: enabled
  Max distance allowed between stacks (M): 1
  Max distance allowed to align secondary reads: 3
  Max number of stacks allowed per de novo locus: 3
  Deleveraging algorithm: disabled
  Gapped assembly: enabled
  Minimum alignment length: 0.8
  Model type: SNP
  Alpha significance level for model: 0.05

Loading RAD-Tags...1M...2M...3M...4M...

Loaded 4180267 reads; formed:
  194184 stacks representing 3857671 primary reads (92.3%)
  289934 secondary stacks representing 322596 secondary reads (7.7%)

Stack coverage: mean=19.87; stdev=265.85; max=53785; n_reads=3857671(92.3%)
Removing repetitive stacks: cov > 818 (mean+3*stdev)...
  Blacklisted 9753 stacks.
Coverage after repeat removal: mean=14.50; stdev=26.93; max=814; n_reads=2674290(64.0%)

Assembling stacks (max. dist. M=1)...
  Assembled 184431 stacks into 153045; blacklisted 1878 stacks.
Coverage after assembling stacks: mean=14.12; stdev=16.25; max=799; n_reads=2131525(51.0%)

Merging secondary stacks (max. dist. N=3 from consensus)...
  Merged 137852 out of 322596 secondary reads (42.7%), 5796 merged with gapped alignments.
Coverage after merging secondary stacks: mean=15.04; stdev=16.96; max=877; n_reads=2269377(54.3%)

Assembling stacks, allowing for gaps (min. match length 80.0%)...
  Assembled 153045 stacks into 149884 stacks.
Coverage after gapped assembly: mean=15.36; stdev=17.29; max=877; n_reads=2269377(54.3%)

Merging secondary stacks, allowing for gaps (min. match length 80.0%)...
  Merged 11092 out of 184744 secondary reads (6.0%).
Coverage after merging gapped secondary stacks: mean=15.43; stdev=17.31; max=877; n_reads=2280469(54.6%)

Final number of stacks built: 149884
Final coverage: mean=15.43; stdev=17.31; max=877; n_reads=2280469(54.6%)
Calling consensus sequences and haplotypes for catalog assembly...
Writing tags, SNPs, and alleles files to '00_Data/05a_Stacks.denovo.ALL.M1n1/S_23_01126'...done.
ustacks is done.
