

-t gzfastq -f ./00_Data/03a_Demultiplex/S_23_01923.1.fq.gz -o 00_Data/05a_Stacks.denovo.ALL.M4n4/ -i 313 -m 3 --name S_23_01923 -M 4 -p 8


ustacks parameters selected:
  Input file: './00_Data/03a_Demultiplex/S_23_01923.1.fq.gz'
  Sample ID: 313
  Min depth of coverage to create a stack (m): 3
  Repeat removal algorithm: enabled
  Max distance allowed between stacks (M): 4
  Max distance allowed to align secondary reads: 6
  Max number of stacks allowed per de novo locus: 3
  Deleveraging algorithm: disabled
  Gapped assembly: enabled
  Minimum alignment length: 0.8
  Model type: SNP
  Alpha significance level for model: 0.05

Loading RAD-Tags...1M...2M...3M...

Loaded 3648113 reads; formed:
  202889 stacks representing 3331561 primary reads (91.3%)
  280375 secondary stacks representing 316552 secondary reads (8.7%)

Stack coverage: mean=16.42; stdev=208.75; max=45109; n_reads=3331561(91.3%)
Removing repetitive stacks: cov > 643 (mean+3*stdev)...
  Blacklisted 9052 stacks.
Coverage after repeat removal: mean=12.23; stdev=21.42; max=643; n_reads=2370423(65.0%)

Assembling stacks (max. dist. M=4)...
  Assembled 193837 stacks into 132358; blacklisted 2881 stacks.
Coverage after assembling stacks: mean=11.88; stdev=12.84; max=626; n_reads=1535235(42.1%)

Merging secondary stacks (max. dist. N=6 from consensus)...
  Merged 125537 out of 316552 secondary reads (39.7%), 41253 merged with gapped alignments.
Coverage after merging secondary stacks: mean=12.85; stdev=14.24; max=644; n_reads=1660772(45.5%)

Assembling stacks, allowing for gaps (min. match length 80.0%)...
  Assembled 132358 stacks into 126116 stacks.
Coverage after gapped assembly: mean=13.50; stdev=15.00; max=710; n_reads=1660772(45.5%)

Merging secondary stacks, allowing for gaps (min. match length 80.0%)...
  Merged 31835 out of 191015 secondary reads (16.7%).
Coverage after merging gapped secondary stacks: mean=13.76; stdev=16.08; max=810; n_reads=1692607(46.4%)

Final number of stacks built: 126116
Final coverage: mean=13.76; stdev=16.08; max=810; n_reads=1692607(46.4%)
Calling consensus sequences and haplotypes for catalog assembly...
Writing tags, SNPs, and alleles files to '00_Data/05a_Stacks.denovo.ALL.M4n4/S_23_01923'...done.
ustacks is done.
