

-t gzfastq -f ./00_Data/03a_Demultiplex/S_23_02105.1.fq.gz -o 00_Data/05a_Stacks.denovo.ALL.M4n4/ -i 414 -m 3 --name S_23_02105 -M 4 -p 8


ustacks parameters selected:
  Input file: './00_Data/03a_Demultiplex/S_23_02105.1.fq.gz'
  Sample ID: 414
  Min depth of coverage to create a stack (m): 3
  Repeat removal algorithm: enabled
  Max distance allowed between stacks (M): 4
  Max distance allowed to align secondary reads: 6
  Max number of stacks allowed per de novo locus: 3
  Deleveraging algorithm: disabled
  Gapped assembly: enabled
  Minimum alignment length: 0.8
  Model type: SNP
  Alpha significance level for model: 0.05

Loading RAD-Tags...1M...2M...3M...4M...5M...6M...7M...8M...

Loaded 8561737 reads; formed:
  239865 stacks representing 8003801 primary reads (93.5%)
  506785 secondary stacks representing 557936 secondary reads (6.5%)

Stack coverage: mean=33.37; stdev=442.18; max=93130; n_reads=8003801(93.5%)
Removing repetitive stacks: cov > 1360 (mean+3*stdev)...
  Blacklisted 13008 stacks.
Coverage after repeat removal: mean=24.69; stdev=44.81; max=1359; n_reads=5600047(65.4%)

Assembling stacks (max. dist. M=4)...
  Assembled 226857 stacks into 149478; blacklisted 3713 stacks.
Coverage after assembling stacks: mean=24.45; stdev=26.89; max=1380; n_reads=3556940(41.5%)

Merging secondary stacks (max. dist. N=6 from consensus)...
  Merged 272874 out of 557936 secondary reads (48.9%), 87511 merged with gapped alignments.
Coverage after merging secondary stacks: mean=26.32; stdev=29.14; max=1578; n_reads=3829814(44.7%)

Assembling stacks, allowing for gaps (min. match length 80.0%)...
  Assembled 149478 stacks into 140965 stacks.
Coverage after gapped assembly: mean=27.96; stdev=30.79; max=1693; n_reads=3829814(44.7%)

Merging secondary stacks, allowing for gaps (min. match length 80.0%)...
  Merged 60780 out of 285062 secondary reads (21.3%).
Coverage after merging gapped secondary stacks: mean=28.40; stdev=32.27; max=1693; n_reads=3890594(45.4%)

Final number of stacks built: 140965
Final coverage: mean=28.40; stdev=32.27; max=1693; n_reads=3890594(45.4%)
Calling consensus sequences and haplotypes for catalog assembly...
Writing tags, SNPs, and alleles files to '00_Data/05a_Stacks.denovo.ALL.M4n4/S_23_02105'...done.
ustacks is done.
