

-t gzfastq -f ./00_Data/03a_Demultiplex/S_23_01871.1.fq.gz -o 00_Data/05a_Stacks.denovo.ALL.M1n1/ -i 276 -m 3 --name S_23_01871 -M 1 -p 8


ustacks parameters selected:
  Input file: './00_Data/03a_Demultiplex/S_23_01871.1.fq.gz'
  Sample ID: 276
  Min depth of coverage to create a stack (m): 3
  Repeat removal algorithm: enabled
  Max distance allowed between stacks (M): 1
  Max distance allowed to align secondary reads: 3
  Max number of stacks allowed per de novo locus: 3
  Deleveraging algorithm: disabled
  Gapped assembly: enabled
  Minimum alignment length: 0.8
  Model type: SNP
  Alpha significance level for model: 0.05

Loading RAD-Tags...1M...2M...3M...

Loaded 3189315 reads; formed:
  202350 stacks representing 2892478 primary reads (90.7%)
  259840 secondary stacks representing 296837 secondary reads (9.3%)

Stack coverage: mean=14.29; stdev=157.54; max=28140; n_reads=2892478(90.7%)
Removing repetitive stacks: cov > 487 (mean+3*stdev)...
  Blacklisted 9444 stacks.
Coverage after repeat removal: mean=10.75; stdev=16.33; max=485; n_reads=2074311(65.0%)

Assembling stacks (max. dist. M=1)...
  Assembled 192906 stacks into 163682; blacklisted 1764 stacks.
Coverage after assembling stacks: mean=10.68; stdev=11.33; max=450; n_reads=1726450(54.1%)

Merging secondary stacks (max. dist. N=3 from consensus)...
  Merged 109431 out of 296837 secondary reads (36.9%), 4656 merged with gapped alignments.
Coverage after merging secondary stacks: mean=11.36; stdev=11.83; max=467; n_reads=1835881(57.6%)

Assembling stacks, allowing for gaps (min. match length 80.0%)...
  Assembled 163682 stacks into 160372 stacks.
Coverage after gapped assembly: mean=11.60; stdev=12.08; max=467; n_reads=1835881(57.6%)

Merging secondary stacks, allowing for gaps (min. match length 80.0%)...
  Merged 10818 out of 187406 secondary reads (5.8%).
Coverage after merging gapped secondary stacks: mean=11.66; stdev=12.11; max=467; n_reads=1846699(57.9%)

Final number of stacks built: 160372
Final coverage: mean=11.66; stdev=12.11; max=467; n_reads=1846699(57.9%)
Calling consensus sequences and haplotypes for catalog assembly...
Writing tags, SNPs, and alleles files to '00_Data/05a_Stacks.denovo.ALL.M1n1/S_23_01871'...done.
ustacks is done.
