

-t gzfastq -f ./00_Data/03a_Demultiplex/S_23_01012.1.fq.gz -o 00_Data/05a_Stacks.denovo.ALL.M4n4/ -i 33 -m 3 --name S_23_01012 -M 4 -p 8


ustacks parameters selected:
  Input file: './00_Data/03a_Demultiplex/S_23_01012.1.fq.gz'
  Sample ID: 33
  Min depth of coverage to create a stack (m): 3
  Repeat removal algorithm: enabled
  Max distance allowed between stacks (M): 4
  Max distance allowed to align secondary reads: 6
  Max number of stacks allowed per de novo locus: 3
  Deleveraging algorithm: disabled
  Gapped assembly: enabled
  Minimum alignment length: 0.8
  Model type: SNP
  Alpha significance level for model: 0.05

Loading RAD-Tags...1M...

Loaded 1899187 reads; formed:
  148080 stacks representing 1685696 primary reads (88.8%)
  178518 secondary stacks representing 213491 secondary reads (11.2%)

Stack coverage: mean=11.38; stdev=117.96; max=17605; n_reads=1685696(88.8%)
Removing repetitive stacks: cov > 366 (mean+3*stdev)...
  Blacklisted 7342 stacks.
Coverage after repeat removal: mean=8.41; stdev=13.58; max=365; n_reads=1183706(62.3%)

Assembling stacks (max. dist. M=4)...
  Assembled 140738 stacks into 98338; blacklisted 2150 stacks.
Coverage after assembling stacks: mean=8.12; stdev=9.12; max=385; n_reads=779418(41.0%)

Merging secondary stacks (max. dist. N=6 from consensus)...
  Merged 83587 out of 213491 secondary reads (39.2%), 29972 merged with gapped alignments.
Coverage after merging secondary stacks: mean=8.99; stdev=11.99; max=1228; n_reads=863005(45.4%)

Assembling stacks, allowing for gaps (min. match length 80.0%)...
  Assembled 98338 stacks into 94768 stacks.
Coverage after gapped assembly: mean=9.34; stdev=12.52; max=1228; n_reads=863005(45.4%)

Merging secondary stacks, allowing for gaps (min. match length 80.0%)...
  Merged 25181 out of 129904 secondary reads (19.4%).
Coverage after merging gapped secondary stacks: mean=9.61; stdev=13.81; max=1231; n_reads=888186(46.8%)

Final number of stacks built: 94768
Final coverage: mean=9.61; stdev=13.81; max=1231; n_reads=888186(46.8%)
Calling consensus sequences and haplotypes for catalog assembly...
Writing tags, SNPs, and alleles files to '00_Data/05a_Stacks.denovo.ALL.M4n4/S_23_01012'...done.
ustacks is done.
