

-t gzfastq -f ./00_Data/03a_Demultiplex/S_23_02266.1.fq.gz -o 00_Data/05a_Stacks.denovo.ALL.M4n4/ -i 557 -m 3 --name S_23_02266 -M 4 -p 8


ustacks parameters selected:
  Input file: './00_Data/03a_Demultiplex/S_23_02266.1.fq.gz'
  Sample ID: 557
  Min depth of coverage to create a stack (m): 3
  Repeat removal algorithm: enabled
  Max distance allowed between stacks (M): 4
  Max distance allowed to align secondary reads: 6
  Max number of stacks allowed per de novo locus: 3
  Deleveraging algorithm: disabled
  Gapped assembly: enabled
  Minimum alignment length: 0.8
  Model type: SNP
  Alpha significance level for model: 0.05

Loading RAD-Tags...1M...2M...

Loaded 2659089 reads; formed:
  228490 stacks representing 2344361 primary reads (88.2%)
  263074 secondary stacks representing 314728 secondary reads (11.8%)

Stack coverage: mean=10.26; stdev=73.20; max=15141; n_reads=2344361(88.2%)
Removing repetitive stacks: cov > 230 (mean+3*stdev)...
  Blacklisted 14927 stacks.
Coverage after repeat removal: mean=7.88; stdev=10.22; max=230; n_reads=1682158(63.3%)

Assembling stacks (max. dist. M=4)...
  Assembled 213563 stacks into 149029; blacklisted 3589 stacks.
Coverage after assembling stacks: mean=7.61; stdev=5.82; max=224; n_reads=1102541(41.5%)

Merging secondary stacks (max. dist. N=6 from consensus)...
  Merged 119475 out of 314728 secondary reads (38.0%), 44332 merged with gapped alignments.
Coverage after merging secondary stacks: mean=8.43; stdev=7.39; max=549; n_reads=1222016(46.0%)

Assembling stacks, allowing for gaps (min. match length 80.0%)...
  Assembled 149029 stacks into 142324 stacks.
Coverage after gapped assembly: mean=8.84; stdev=7.95; max=549; n_reads=1222016(46.0%)

Merging secondary stacks, allowing for gaps (min. match length 80.0%)...
  Merged 39315 out of 195253 secondary reads (20.1%).
Coverage after merging gapped secondary stacks: mean=9.13; stdev=9.49; max=1116; n_reads=1261331(47.4%)

Final number of stacks built: 142324
Final coverage: mean=9.13; stdev=9.49; max=1116; n_reads=1261331(47.4%)
Calling consensus sequences and haplotypes for catalog assembly...
Writing tags, SNPs, and alleles files to '00_Data/05a_Stacks.denovo.ALL.M4n4/S_23_02266'...done.
ustacks is done.
