

-t gzfastq -f ./00_Data/03a_Demultiplex/S_23_01003.1.fq.gz -o 00_Data/05a_Stacks.denovo.ALL.M1n1/ -i 25 -m 3 --name S_23_01003 -M 1 -p 8


ustacks parameters selected:
  Input file: './00_Data/03a_Demultiplex/S_23_01003.1.fq.gz'
  Sample ID: 25
  Min depth of coverage to create a stack (m): 3
  Repeat removal algorithm: enabled
  Max distance allowed between stacks (M): 1
  Max distance allowed to align secondary reads: 3
  Max number of stacks allowed per de novo locus: 3
  Deleveraging algorithm: disabled
  Gapped assembly: enabled
  Minimum alignment length: 0.8
  Model type: SNP
  Alpha significance level for model: 0.05

Loading RAD-Tags...1M...2M...3M...4M...5M...6M...7M...

Loaded 7925601 reads; formed:
  225533 stacks representing 7492042 primary reads (94.5%)
  399871 secondary stacks representing 433559 secondary reads (5.5%)

Stack coverage: mean=33.22; stdev=435.45; max=94849; n_reads=7492042(94.5%)
Removing repetitive stacks: cov > 1340 (mean+3*stdev)...
  Blacklisted 11977 stacks.
Coverage after repeat removal: mean=24.52; stdev=44.59; max=1337; n_reads=5237142(66.1%)

Assembling stacks (max. dist. M=1)...
  Assembled 213556 stacks into 173348; blacklisted 2283 stacks.
Coverage after assembling stacks: mean=24.44; stdev=27.29; max=1314; n_reads=4173459(52.7%)

Merging secondary stacks (max. dist. N=3 from consensus)...
  Merged 217996 out of 433559 secondary reads (50.3%), 9138 merged with gapped alignments.
Coverage after merging secondary stacks: mean=25.71; stdev=28.18; max=1335; n_reads=4391455(55.4%)

Assembling stacks, allowing for gaps (min. match length 80.0%)...
  Assembled 173348 stacks into 168861 stacks.
Coverage after gapped assembly: mean=26.41; stdev=28.75; max=1335; n_reads=4391455(55.4%)

Merging secondary stacks, allowing for gaps (min. match length 80.0%)...
  Merged 14848 out of 215563 secondary reads (6.9%).
Coverage after merging gapped secondary stacks: mean=26.50; stdev=28.78; max=1335; n_reads=4406303(55.6%)

Final number of stacks built: 168861
Final coverage: mean=26.50; stdev=28.78; max=1335; n_reads=4406303(55.6%)
Calling consensus sequences and haplotypes for catalog assembly...
Writing tags, SNPs, and alleles files to '00_Data/05a_Stacks.denovo.ALL.M1n1/S_23_01003'...done.
ustacks is done.
