

-t gzfastq -f ./00_Data/03a_Demultiplex/S_23_02243.1.fq.gz -o 00_Data/05a_Stacks.denovo.ALL.M1n1/ -i 533 -m 3 --name S_23_02243 -M 1 -p 8


ustacks parameters selected:
  Input file: './00_Data/03a_Demultiplex/S_23_02243.1.fq.gz'
  Sample ID: 533
  Min depth of coverage to create a stack (m): 3
  Repeat removal algorithm: enabled
  Max distance allowed between stacks (M): 1
  Max distance allowed to align secondary reads: 3
  Max number of stacks allowed per de novo locus: 3
  Deleveraging algorithm: disabled
  Gapped assembly: enabled
  Minimum alignment length: 0.8
  Model type: SNP
  Alpha significance level for model: 0.05

Loading RAD-Tags...1M...2M...

Loaded 2250100 reads; formed:
  175507 stacks representing 1968297 primary reads (87.5%)
  238329 secondary stacks representing 281803 secondary reads (12.5%)

Stack coverage: mean=11.21; stdev=131.78; max=26534; n_reads=1968297(87.5%)
Removing repetitive stacks: cov > 407 (mean+3*stdev)...
  Blacklisted 7863 stacks.
Coverage after repeat removal: mean=8.31; stdev=14.17; max=406; n_reads=1393166(61.9%)

Assembling stacks (max. dist. M=1)...
  Assembled 167644 stacks into 144023; blacklisted 1544 stacks.
Coverage after assembling stacks: mean=7.98; stdev=9.11; max=415; n_reads=1135665(50.5%)

Merging secondary stacks (max. dist. N=3 from consensus)...
  Merged 84367 out of 281803 secondary reads (29.9%), 3457 merged with gapped alignments.
Coverage after merging secondary stacks: mean=8.58; stdev=9.61; max=429; n_reads=1220032(54.2%)

Assembling stacks, allowing for gaps (min. match length 80.0%)...
  Assembled 144023 stacks into 141846 stacks.
Coverage after gapped assembly: mean=8.71; stdev=9.81; max=429; n_reads=1220032(54.2%)

Merging secondary stacks, allowing for gaps (min. match length 80.0%)...
  Merged 10545 out of 197436 secondary reads (5.3%).
Coverage after merging gapped secondary stacks: mean=8.79; stdev=9.87; max=429; n_reads=1230577(54.7%)

Final number of stacks built: 141846
Final coverage: mean=8.79; stdev=9.87; max=429; n_reads=1230577(54.7%)
Calling consensus sequences and haplotypes for catalog assembly...
Writing tags, SNPs, and alleles files to '00_Data/05a_Stacks.denovo.ALL.M1n1/S_23_02243'...done.
ustacks is done.
