

-t gzfastq -f ./00_Data/03a_Demultiplex/S_23_01208.1.fq.gz -o 00_Data/05a_Stacks.denovo.ALL.M1n1/ -i 158 -m 3 --name S_23_01208 -M 1 -p 8


ustacks parameters selected:
  Input file: './00_Data/03a_Demultiplex/S_23_01208.1.fq.gz'
  Sample ID: 158
  Min depth of coverage to create a stack (m): 3
  Repeat removal algorithm: enabled
  Max distance allowed between stacks (M): 1
  Max distance allowed to align secondary reads: 3
  Max number of stacks allowed per de novo locus: 3
  Deleveraging algorithm: disabled
  Gapped assembly: enabled
  Minimum alignment length: 0.8
  Model type: SNP
  Alpha significance level for model: 0.05

Loading RAD-Tags...1M...2M...3M...4M...5M...6M...7M...

Loaded 7611357 reads; formed:
  225471 stacks representing 7110573 primary reads (93.4%)
  458954 secondary stacks representing 500784 secondary reads (6.6%)

Stack coverage: mean=31.54; stdev=410.07; max=82149; n_reads=7110573(93.4%)
Removing repetitive stacks: cov > 1262 (mean+3*stdev)...
  Blacklisted 12397 stacks.
Coverage after repeat removal: mean=23.46; stdev=41.37; max=1261; n_reads=4998613(65.7%)

Assembling stacks (max. dist. M=1)...
  Assembled 213074 stacks into 173559; blacklisted 2335 stacks.
Coverage after assembling stacks: mean=23.45; stdev=24.63; max=1508; n_reads=4009738(52.7%)

Merging secondary stacks (max. dist. N=3 from consensus)...
  Merged 228522 out of 500784 secondary reads (45.6%), 9717 merged with gapped alignments.
Coverage after merging secondary stacks: mean=24.79; stdev=25.55; max=1543; n_reads=4238260(55.7%)

Assembling stacks, allowing for gaps (min. match length 80.0%)...
  Assembled 173559 stacks into 169191 stacks.
Coverage after gapped assembly: mean=25.44; stdev=26.04; max=1543; n_reads=4238260(55.7%)

Merging secondary stacks, allowing for gaps (min. match length 80.0%)...
  Merged 16118 out of 272262 secondary reads (5.9%).
Coverage after merging gapped secondary stacks: mean=25.54; stdev=26.07; max=1543; n_reads=4254378(55.9%)

Final number of stacks built: 169191
Final coverage: mean=25.54; stdev=26.07; max=1543; n_reads=4254378(55.9%)
Calling consensus sequences and haplotypes for catalog assembly...
Writing tags, SNPs, and alleles files to '00_Data/05a_Stacks.denovo.ALL.M1n1/S_23_01208'...done.
ustacks is done.
