

-t gzfastq -f ./00_Data/03a_Demultiplex/S_23_01244.1.fq.gz -o 00_Data/05a_Stacks.denovo.ALL.M4n4/ -i 178 -m 3 --name S_23_01244 -M 4 -p 8


ustacks parameters selected:
  Input file: './00_Data/03a_Demultiplex/S_23_01244.1.fq.gz'
  Sample ID: 178
  Min depth of coverage to create a stack (m): 3
  Repeat removal algorithm: enabled
  Max distance allowed between stacks (M): 4
  Max distance allowed to align secondary reads: 6
  Max number of stacks allowed per de novo locus: 3
  Deleveraging algorithm: disabled
  Gapped assembly: enabled
  Minimum alignment length: 0.8
  Model type: SNP
  Alpha significance level for model: 0.05

Loading RAD-Tags...1M...2M...3M...4M...5M...6M...7M...8M...

Loaded 8966372 reads; formed:
  235522 stacks representing 8433984 primary reads (94.1%)
  489018 secondary stacks representing 532388 secondary reads (5.9%)

Stack coverage: mean=35.81; stdev=485.72; max=115668; n_reads=8433984(94.1%)
Removing repetitive stacks: cov > 1493 (mean+3*stdev)...
  Blacklisted 12227 stacks.
Coverage after repeat removal: mean=26.54; stdev=48.90; max=1491; n_reads=5926285(66.1%)

Assembling stacks (max. dist. M=4)...
  Assembled 223295 stacks into 146600; blacklisted 3558 stacks.
Coverage after assembling stacks: mean=26.16; stdev=28.58; max=1344; n_reads=3734722(41.7%)

Merging secondary stacks (max. dist. N=6 from consensus)...
  Merged 270574 out of 532388 secondary reads (50.8%), 84878 merged with gapped alignments.
Coverage after merging secondary stacks: mean=28.05; stdev=30.81; max=1389; n_reads=4005296(44.7%)

Assembling stacks, allowing for gaps (min. match length 80.0%)...
  Assembled 146600 stacks into 138308 stacks.
Coverage after gapped assembly: mean=29.78; stdev=32.54; max=1583; n_reads=4005296(44.7%)

Merging secondary stacks, allowing for gaps (min. match length 80.0%)...
  Merged 55442 out of 261814 secondary reads (21.2%).
Coverage after merging gapped secondary stacks: mean=30.20; stdev=34.38; max=2016; n_reads=4060738(45.3%)

Final number of stacks built: 138308
Final coverage: mean=30.20; stdev=34.38; max=2016; n_reads=4060738(45.3%)
Calling consensus sequences and haplotypes for catalog assembly...
Writing tags, SNPs, and alleles files to '00_Data/05a_Stacks.denovo.ALL.M4n4/S_23_01244'...done.
ustacks is done.
