

-t gzfastq -f ./00_Data/03a_Demultiplex/S_23_01859.1.fq.gz -o 00_Data/05a_Stacks.denovo.ALL.M1n1/ -i 266 -m 3 --name S_23_01859 -M 1 -p 8


ustacks parameters selected:
  Input file: './00_Data/03a_Demultiplex/S_23_01859.1.fq.gz'
  Sample ID: 266
  Min depth of coverage to create a stack (m): 3
  Repeat removal algorithm: enabled
  Max distance allowed between stacks (M): 1
  Max distance allowed to align secondary reads: 3
  Max number of stacks allowed per de novo locus: 3
  Deleveraging algorithm: disabled
  Gapped assembly: enabled
  Minimum alignment length: 0.8
  Model type: SNP
  Alpha significance level for model: 0.05

Loading RAD-Tags...1M...2M...3M...

Loaded 3538348 reads; formed:
  212099 stacks representing 3206202 primary reads (90.6%)
  289037 secondary stacks representing 332146 secondary reads (9.4%)

Stack coverage: mean=15.12; stdev=183.26; max=38013; n_reads=3206202(90.6%)
Removing repetitive stacks: cov > 565 (mean+3*stdev)...
  Blacklisted 9609 stacks.
Coverage after repeat removal: mean=11.29; stdev=19.57; max=564; n_reads=2285143(64.6%)

Assembling stacks (max. dist. M=1)...
  Assembled 202490 stacks into 171334; blacklisted 1937 stacks.
Coverage after assembling stacks: mean=11.01; stdev=12.88; max=577; n_reads=1861312(52.6%)

Merging secondary stacks (max. dist. N=3 from consensus)...
  Merged 111970 out of 332146 secondary reads (33.7%), 5230 merged with gapped alignments.
Coverage after merging secondary stacks: mean=11.67; stdev=13.39; max=587; n_reads=1973282(55.8%)

Assembling stacks, allowing for gaps (min. match length 80.0%)...
  Assembled 171334 stacks into 168029 stacks.
Coverage after gapped assembly: mean=11.90; stdev=13.66; max=587; n_reads=1973282(55.8%)

Merging secondary stacks, allowing for gaps (min. match length 80.0%)...
  Merged 11614 out of 220176 secondary reads (5.3%).
Coverage after merging gapped secondary stacks: mean=11.97; stdev=13.69; max=587; n_reads=1984896(56.1%)

Final number of stacks built: 168029
Final coverage: mean=11.97; stdev=13.69; max=587; n_reads=1984896(56.1%)
Calling consensus sequences and haplotypes for catalog assembly...
Writing tags, SNPs, and alleles files to '00_Data/05a_Stacks.denovo.ALL.M1n1/S_23_01859'...done.
ustacks is done.
