

-t gzfastq -f ./00_Data/03a_Demultiplex/S_23_01111.1.fq.gz -o 00_Data/05a_Stacks.denovo.ALL.M1n1/ -i 89 -m 3 --name S_23_01111 -M 1 -p 8


ustacks parameters selected:
  Input file: './00_Data/03a_Demultiplex/S_23_01111.1.fq.gz'
  Sample ID: 89
  Min depth of coverage to create a stack (m): 3
  Repeat removal algorithm: enabled
  Max distance allowed between stacks (M): 1
  Max distance allowed to align secondary reads: 3
  Max number of stacks allowed per de novo locus: 3
  Deleveraging algorithm: disabled
  Gapped assembly: enabled
  Minimum alignment length: 0.8
  Model type: SNP
  Alpha significance level for model: 0.05

Loading RAD-Tags...1M...2M...3M...

Loaded 3399139 reads; formed:
  198696 stacks representing 3100933 primary reads (91.2%)
  263650 secondary stacks representing 298206 secondary reads (8.8%)

Stack coverage: mean=15.61; stdev=190.40; max=39643; n_reads=3100933(91.2%)
Removing repetitive stacks: cov > 587 (mean+3*stdev)...
  Blacklisted 9396 stacks.
Coverage after repeat removal: mean=11.55; stdev=19.85; max=587; n_reads=2186237(64.3%)

Assembling stacks (max. dist. M=1)...
  Assembled 189300 stacks into 159785; blacklisted 1772 stacks.
Coverage after assembling stacks: mean=11.29; stdev=12.97; max=581; n_reads=1781022(52.4%)

Merging secondary stacks (max. dist. N=3 from consensus)...
  Merged 112471 out of 298206 secondary reads (37.7%), 5034 merged with gapped alignments.
Coverage after merging secondary stacks: mean=12.00; stdev=13.52; max=594; n_reads=1893493(55.7%)

Assembling stacks, allowing for gaps (min. match length 80.0%)...
  Assembled 159785 stacks into 156702 stacks.
Coverage after gapped assembly: mean=12.24; stdev=13.78; max=594; n_reads=1893493(55.7%)

Merging secondary stacks, allowing for gaps (min. match length 80.0%)...
  Merged 10526 out of 185735 secondary reads (5.7%).
Coverage after merging gapped secondary stacks: mean=12.31; stdev=13.81; max=594; n_reads=1904019(56.0%)

Final number of stacks built: 156702
Final coverage: mean=12.31; stdev=13.81; max=594; n_reads=1904019(56.0%)
Calling consensus sequences and haplotypes for catalog assembly...
Writing tags, SNPs, and alleles files to '00_Data/05a_Stacks.denovo.ALL.M1n1/S_23_01111'...done.
ustacks is done.
