

-t gzfastq -f ./00_Data/03a_Demultiplex/S_23_01852.1.fq.gz -o 00_Data/05a_Stacks.denovo.ALL.M1n1/ -i 259 -m 3 --name S_23_01852 -M 1 -p 8


ustacks parameters selected:
  Input file: './00_Data/03a_Demultiplex/S_23_01852.1.fq.gz'
  Sample ID: 259
  Min depth of coverage to create a stack (m): 3
  Repeat removal algorithm: enabled
  Max distance allowed between stacks (M): 1
  Max distance allowed to align secondary reads: 3
  Max number of stacks allowed per de novo locus: 3
  Deleveraging algorithm: disabled
  Gapped assembly: enabled
  Minimum alignment length: 0.8
  Model type: SNP
  Alpha significance level for model: 0.05

Loading RAD-Tags...1M...2M...3M...4M...5M...6M...7M...

Loaded 7131917 reads; formed:
  230108 stacks representing 6684460 primary reads (93.7%)
  410972 secondary stacks representing 447457 secondary reads (6.3%)

Stack coverage: mean=29.05; stdev=385.26; max=85748; n_reads=6684460(93.7%)
Removing repetitive stacks: cov > 1185 (mean+3*stdev)...
  Blacklisted 11768 stacks.
Coverage after repeat removal: mean=21.56; stdev=37.39; max=1177; n_reads=4707880(66.0%)

Assembling stacks (max. dist. M=1)...
  Assembled 218340 stacks into 178612; blacklisted 2245 stacks.
Coverage after assembling stacks: mean=21.57; stdev=22.54; max=1137; n_reads=3799213(53.3%)

Merging secondary stacks (max. dist. N=3 from consensus)...
  Merged 211156 out of 447457 secondary reads (47.2%), 9128 merged with gapped alignments.
Coverage after merging secondary stacks: mean=22.77; stdev=23.34; max=1167; n_reads=4010369(56.2%)

Assembling stacks, allowing for gaps (min. match length 80.0%)...
  Assembled 178612 stacks into 173963 stacks.
Coverage after gapped assembly: mean=23.39; stdev=23.82; max=1167; n_reads=4010369(56.2%)

Merging secondary stacks, allowing for gaps (min. match length 80.0%)...
  Merged 14630 out of 236301 secondary reads (6.2%).
Coverage after merging gapped secondary stacks: mean=23.48; stdev=23.86; max=1168; n_reads=4024999(56.4%)

Final number of stacks built: 173963
Final coverage: mean=23.48; stdev=23.86; max=1168; n_reads=4024999(56.4%)
Calling consensus sequences and haplotypes for catalog assembly...
Writing tags, SNPs, and alleles files to '00_Data/05a_Stacks.denovo.ALL.M1n1/S_23_01852'...done.
ustacks is done.
