

-t gzfastq -f ./00_Data/03a_Demultiplex/S_23_01265.1.fq.gz -o 00_Data/05a_Stacks.denovo.ALL.M1n1/ -i 199 -m 3 --name S_23_01265 -M 1 -p 8


ustacks parameters selected:
  Input file: './00_Data/03a_Demultiplex/S_23_01265.1.fq.gz'
  Sample ID: 199
  Min depth of coverage to create a stack (m): 3
  Repeat removal algorithm: enabled
  Max distance allowed between stacks (M): 1
  Max distance allowed to align secondary reads: 3
  Max number of stacks allowed per de novo locus: 3
  Deleveraging algorithm: disabled
  Gapped assembly: enabled
  Minimum alignment length: 0.8
  Model type: SNP
  Alpha significance level for model: 0.05

Loading RAD-Tags...1M...2M...

Loaded 2575329 reads; formed:
  174165 stacks representing 2338492 primary reads (90.8%)
  205610 secondary stacks representing 236837 secondary reads (9.2%)

Stack coverage: mean=13.43; stdev=160.12; max=28231; n_reads=2338492(90.8%)
Removing repetitive stacks: cov > 494 (mean+3*stdev)...
  Blacklisted 8330 stacks.
Coverage after repeat removal: mean=9.92; stdev=16.87; max=494; n_reads=1645367(63.9%)

Assembling stacks (max. dist. M=1)...
  Assembled 165835 stacks into 140812; blacklisted 1595 stacks.
Coverage after assembling stacks: mean=9.62; stdev=11.00; max=541; n_reads=1336600(51.9%)

Merging secondary stacks (max. dist. N=3 from consensus)...
  Merged 91670 out of 236837 secondary reads (38.7%), 3874 merged with gapped alignments.
Coverage after merging secondary stacks: mean=10.28; stdev=11.51; max=576; n_reads=1428270(55.5%)

Assembling stacks, allowing for gaps (min. match length 80.0%)...
  Assembled 140812 stacks into 138387 stacks.
Coverage after gapped assembly: mean=10.46; stdev=11.72; max=576; n_reads=1428270(55.5%)

Merging secondary stacks, allowing for gaps (min. match length 80.0%)...
  Merged 9166 out of 145167 secondary reads (6.3%).
Coverage after merging gapped secondary stacks: mean=10.53; stdev=11.76; max=580; n_reads=1437436(55.8%)

Final number of stacks built: 138387
Final coverage: mean=10.53; stdev=11.76; max=580; n_reads=1437436(55.8%)
Calling consensus sequences and haplotypes for catalog assembly...
Writing tags, SNPs, and alleles files to '00_Data/05a_Stacks.denovo.ALL.M1n1/S_23_01265'...done.
ustacks is done.
