

-t gzfastq -f ./00_Data/03a_Demultiplex/S_23_02199.1.fq.gz -o 00_Data/05a_Stacks.denovo.ALL.M4n4/ -i 507 -m 3 --name S_23_02199 -M 4 -p 8


ustacks parameters selected:
  Input file: './00_Data/03a_Demultiplex/S_23_02199.1.fq.gz'
  Sample ID: 507
  Min depth of coverage to create a stack (m): 3
  Repeat removal algorithm: enabled
  Max distance allowed between stacks (M): 4
  Max distance allowed to align secondary reads: 6
  Max number of stacks allowed per de novo locus: 3
  Deleveraging algorithm: disabled
  Gapped assembly: enabled
  Minimum alignment length: 0.8
  Model type: SNP
  Alpha significance level for model: 0.05

Loading RAD-Tags...1M...2M...3M...

Loaded 3641402 reads; formed:
  201661 stacks representing 3317922 primary reads (91.1%)
  282190 secondary stacks representing 323480 secondary reads (8.9%)

Stack coverage: mean=16.45; stdev=229.69; max=56357; n_reads=3317922(91.1%)
Removing repetitive stacks: cov > 706 (mean+3*stdev)...
  Blacklisted 8296 stacks.
Coverage after repeat removal: mean=12.42; stdev=24.59; max=705; n_reads=2401906(66.0%)

Assembling stacks (max. dist. M=4)...
  Assembled 193365 stacks into 129427; blacklisted 3349 stacks.
Coverage after assembling stacks: mean=11.96; stdev=17.54; max=580; n_reads=1505050(41.3%)

Merging secondary stacks (max. dist. N=6 from consensus)...
  Merged 133963 out of 323480 secondary reads (41.4%), 44599 merged with gapped alignments.
Coverage after merging secondary stacks: mean=13.02; stdev=20.42; max=2490; n_reads=1639013(45.0%)

Assembling stacks, allowing for gaps (min. match length 80.0%)...
  Assembled 129427 stacks into 123938 stacks.
Coverage after gapped assembly: mean=13.61; stdev=21.18; max=2490; n_reads=1639013(45.0%)

Merging secondary stacks, allowing for gaps (min. match length 80.0%)...
  Merged 29030 out of 189517 secondary reads (15.3%).
Coverage after merging gapped secondary stacks: mean=13.85; stdev=22.06; max=2490; n_reads=1668043(45.8%)

Final number of stacks built: 123938
Final coverage: mean=13.85; stdev=22.06; max=2490; n_reads=1668043(45.8%)
Calling consensus sequences and haplotypes for catalog assembly...
Writing tags, SNPs, and alleles files to '00_Data/05a_Stacks.denovo.ALL.M4n4/S_23_02199'...done.
ustacks is done.
