

-t gzfastq -f ./00_Data/03a_Demultiplex/S_23_02009.1.fq.gz -o 00_Data/05a_Stacks.denovo.ALL.M1n1/ -i 329 -m 3 --name S_23_02009 -M 1 -p 8


ustacks parameters selected:
  Input file: './00_Data/03a_Demultiplex/S_23_02009.1.fq.gz'
  Sample ID: 329
  Min depth of coverage to create a stack (m): 3
  Repeat removal algorithm: enabled
  Max distance allowed between stacks (M): 1
  Max distance allowed to align secondary reads: 3
  Max number of stacks allowed per de novo locus: 3
  Deleveraging algorithm: disabled
  Gapped assembly: enabled
  Minimum alignment length: 0.8
  Model type: SNP
  Alpha significance level for model: 0.05

Loading RAD-Tags...1M...2M...3M...4M...

Loaded 4631209 reads; formed:
  200932 stacks representing 4302636 primary reads (92.9%)
  296906 secondary stacks representing 328573 secondary reads (7.1%)

Stack coverage: mean=21.41; stdev=278.51; max=59071; n_reads=4302636(92.9%)
Removing repetitive stacks: cov > 857 (mean+3*stdev)...
  Blacklisted 9800 stacks.
Coverage after repeat removal: mean=15.83; stdev=27.78; max=856; n_reads=3026154(65.3%)

Assembling stacks (max. dist. M=1)...
  Assembled 191132 stacks into 157241; blacklisted 1946 stacks.
Coverage after assembling stacks: mean=15.73; stdev=17.42; max=797; n_reads=2439210(52.7%)

Merging secondary stacks (max. dist. N=3 from consensus)...
  Merged 143336 out of 328573 secondary reads (43.6%), 6037 merged with gapped alignments.
Coverage after merging secondary stacks: mean=16.66; stdev=18.10; max=825; n_reads=2582546(55.8%)

Assembling stacks, allowing for gaps (min. match length 80.0%)...
  Assembled 157241 stacks into 153649 stacks.
Coverage after gapped assembly: mean=17.05; stdev=18.47; max=825; n_reads=2582546(55.8%)

Merging secondary stacks, allowing for gaps (min. match length 80.0%)...
  Merged 12466 out of 185237 secondary reads (6.7%).
Coverage after merging gapped secondary stacks: mean=17.13; stdev=18.50; max=825; n_reads=2595012(56.0%)

Final number of stacks built: 153649
Final coverage: mean=17.13; stdev=18.50; max=825; n_reads=2595012(56.0%)
Calling consensus sequences and haplotypes for catalog assembly...
Writing tags, SNPs, and alleles files to '00_Data/05a_Stacks.denovo.ALL.M1n1/S_23_02009'...done.
ustacks is done.
