

-t gzfastq -f ./00_Data/03a_Demultiplex/S_23_02266.1.fq.gz -o 00_Data/05a_Stacks.denovo.ALL.M1n1/ -i 557 -m 3 --name S_23_02266 -M 1 -p 8


ustacks parameters selected:
  Input file: './00_Data/03a_Demultiplex/S_23_02266.1.fq.gz'
  Sample ID: 557
  Min depth of coverage to create a stack (m): 3
  Repeat removal algorithm: enabled
  Max distance allowed between stacks (M): 1
  Max distance allowed to align secondary reads: 3
  Max number of stacks allowed per de novo locus: 3
  Deleveraging algorithm: disabled
  Gapped assembly: enabled
  Minimum alignment length: 0.8
  Model type: SNP
  Alpha significance level for model: 0.05

Loading RAD-Tags...1M...2M...

Loaded 2659089 reads; formed:
  228490 stacks representing 2344361 primary reads (88.2%)
  263074 secondary stacks representing 314728 secondary reads (11.8%)

Stack coverage: mean=10.26; stdev=73.20; max=15141; n_reads=2344361(88.2%)
Removing repetitive stacks: cov > 230 (mean+3*stdev)...
  Blacklisted 14927 stacks.
Coverage after repeat removal: mean=7.88; stdev=10.22; max=230; n_reads=1682158(63.3%)

Assembling stacks (max. dist. M=1)...
  Assembled 213563 stacks into 179756; blacklisted 2577 stacks.
Coverage after assembling stacks: mean=7.57; stdev=6.15; max=257; n_reads=1337935(50.3%)

Merging secondary stacks (max. dist. N=3 from consensus)...
  Merged 101899 out of 314728 secondary reads (32.4%), 3962 merged with gapped alignments.
Coverage after merging secondary stacks: mean=8.15; stdev=6.52; max=267; n_reads=1439834(54.1%)

Assembling stacks, allowing for gaps (min. match length 80.0%)...
  Assembled 179756 stacks into 176426 stacks.
Coverage after gapped assembly: mean=8.31; stdev=6.68; max=267; n_reads=1439834(54.1%)

Merging secondary stacks, allowing for gaps (min. match length 80.0%)...
  Merged 13871 out of 212829 secondary reads (6.5%).
Coverage after merging gapped secondary stacks: mean=8.39; stdev=6.74; max=267; n_reads=1453705(54.7%)

Final number of stacks built: 176426
Final coverage: mean=8.39; stdev=6.74; max=267; n_reads=1453705(54.7%)
Calling consensus sequences and haplotypes for catalog assembly...
Writing tags, SNPs, and alleles files to '00_Data/05a_Stacks.denovo.ALL.M1n1/S_23_02266'...done.
ustacks is done.
