

-t gzfastq -f ./00_Data/03a_Demultiplex/S_23_01151.1.fq.gz -o 00_Data/05a_Stacks.denovo.ALL.M4n4/ -i 114 -m 3 --name S_23_01151 -M 4 -p 8


ustacks parameters selected:
  Input file: './00_Data/03a_Demultiplex/S_23_01151.1.fq.gz'
  Sample ID: 114
  Min depth of coverage to create a stack (m): 3
  Repeat removal algorithm: enabled
  Max distance allowed between stacks (M): 4
  Max distance allowed to align secondary reads: 6
  Max number of stacks allowed per de novo locus: 3
  Deleveraging algorithm: disabled
  Gapped assembly: enabled
  Minimum alignment length: 0.8
  Model type: SNP
  Alpha significance level for model: 0.05

Loading RAD-Tags...1M...2M...3M...4M...5M...6M...

Loaded 6860672 reads; formed:
  237599 stacks representing 6375167 primary reads (92.9%)
  445778 secondary stacks representing 485505 secondary reads (7.1%)

Stack coverage: mean=26.83; stdev=345.51; max=72740; n_reads=6375167(92.9%)
Removing repetitive stacks: cov > 1064 (mean+3*stdev)...
  Blacklisted 13400 stacks.
Coverage after repeat removal: mean=19.77; stdev=35.80; max=1054; n_reads=4433489(64.6%)

Assembling stacks (max. dist. M=4)...
  Assembled 224199 stacks into 148589; blacklisted 3469 stacks.
Coverage after assembling stacks: mean=19.20; stdev=21.15; max=1033; n_reads=2779934(40.5%)

Merging secondary stacks (max. dist. N=6 from consensus)...
  Merged 244352 out of 485505 secondary reads (50.3%), 76893 merged with gapped alignments.
Coverage after merging secondary stacks: mean=20.88; stdev=23.46; max=1268; n_reads=3024286(44.1%)

Assembling stacks, allowing for gaps (min. match length 80.0%)...
  Assembled 148589 stacks into 140536 stacks.
Coverage after gapped assembly: mean=22.11; stdev=24.76; max=1268; n_reads=3024286(44.1%)

Merging secondary stacks, allowing for gaps (min. match length 80.0%)...
  Merged 48820 out of 241153 secondary reads (20.2%).
Coverage after merging gapped secondary stacks: mean=22.47; stdev=26.02; max=1322; n_reads=3073106(44.8%)

Final number of stacks built: 140536
Final coverage: mean=22.47; stdev=26.02; max=1322; n_reads=3073106(44.8%)
Calling consensus sequences and haplotypes for catalog assembly...
Writing tags, SNPs, and alleles files to '00_Data/05a_Stacks.denovo.ALL.M4n4/S_23_01151'...done.
ustacks is done.
