

-t gzfastq -f ./00_Data/03a_Demultiplex/S_23_02012.1.fq.gz -o 00_Data/05a_Stacks.denovo.ALL.M4n4/ -i 332 -m 3 --name S_23_02012 -M 4 -p 8


ustacks parameters selected:
  Input file: './00_Data/03a_Demultiplex/S_23_02012.1.fq.gz'
  Sample ID: 332
  Min depth of coverage to create a stack (m): 3
  Repeat removal algorithm: enabled
  Max distance allowed between stacks (M): 4
  Max distance allowed to align secondary reads: 6
  Max number of stacks allowed per de novo locus: 3
  Deleveraging algorithm: disabled
  Gapped assembly: enabled
  Minimum alignment length: 0.8
  Model type: SNP
  Alpha significance level for model: 0.05

Loading RAD-Tags...

Loaded 60392 reads; formed:
  3799 stacks representing 25019 primary reads (41.4%)
  29529 secondary stacks representing 35373 secondary reads (58.6%)

Stack coverage: mean=6.59; stdev=19.96; max=700; n_reads=25019(41.4%)
Removing repetitive stacks: cov > 67 (mean+3*stdev)...
  Blacklisted 192 stacks.
Coverage after repeat removal: mean=5.18; stdev=5.74; max=67; n_reads=18672(30.9%)

Assembling stacks (max. dist. M=4)...
  Assembled 3607 stacks into 2959; blacklisted 57 stacks.
Coverage after assembling stacks: mean=5.34; stdev=6.03; max=68; n_reads=15347(25.4%)

Merging secondary stacks (max. dist. N=6 from consensus)...
  Merged 6142 out of 35373 secondary reads (17.4%), 1989 merged with gapped alignments.
Coverage after merging secondary stacks: mean=7.47; stdev=13.16; max=388; n_reads=21489(35.6%)

Assembling stacks, allowing for gaps (min. match length 80.0%)...
  Assembled 2959 stacks into 2873 stacks.
Coverage after gapped assembly: mean=7.70; stdev=13.83; max=388; n_reads=21489(35.6%)

Merging secondary stacks, allowing for gaps (min. match length 80.0%)...
  Merged 1841 out of 29231 secondary reads (6.3%).
Coverage after merging gapped secondary stacks: mean=8.36; stdev=17.08; max=454; n_reads=23330(38.6%)

Final number of stacks built: 2873
Final coverage: mean=8.36; stdev=17.08; max=454; n_reads=23330(38.6%)
Calling consensus sequences and haplotypes for catalog assembly...
Writing tags, SNPs, and alleles files to '00_Data/05a_Stacks.denovo.ALL.M4n4/S_23_02012'...done.
ustacks is done.
