

-t gzfastq -f ./00_Data/03a_Demultiplex/S_23_01864.1.fq.gz -o 00_Data/05a_Stacks.denovo.ALL.M4n4/ -i 270 -m 3 --name S_23_01864 -M 4 -p 8


ustacks parameters selected:
  Input file: './00_Data/03a_Demultiplex/S_23_01864.1.fq.gz'
  Sample ID: 270
  Min depth of coverage to create a stack (m): 3
  Repeat removal algorithm: enabled
  Max distance allowed between stacks (M): 4
  Max distance allowed to align secondary reads: 6
  Max number of stacks allowed per de novo locus: 3
  Deleveraging algorithm: disabled
  Gapped assembly: enabled
  Minimum alignment length: 0.8
  Model type: SNP
  Alpha significance level for model: 0.05

Loading RAD-Tags...1M...2M...3M...

Loaded 3859460 reads; formed:
  210553 stacks representing 3560537 primary reads (92.3%)
  267701 secondary stacks representing 298923 secondary reads (7.7%)

Stack coverage: mean=16.91; stdev=203.68; max=40573; n_reads=3560537(92.3%)
Removing repetitive stacks: cov > 628 (mean+3*stdev)...
  Blacklisted 9699 stacks.
Coverage after repeat removal: mean=12.74; stdev=20.69; max=627; n_reads=2559153(66.3%)

Assembling stacks (max. dist. M=4)...
  Assembled 200854 stacks into 136648; blacklisted 2999 stacks.
Coverage after assembling stacks: mean=12.69; stdev=13.10; max=607; n_reads=1692978(43.9%)

Merging secondary stacks (max. dist. N=6 from consensus)...
  Merged 135937 out of 298923 secondary reads (45.5%), 43915 merged with gapped alignments.
Coverage after merging secondary stacks: mean=13.71; stdev=14.72; max=791; n_reads=1828915(47.4%)

Assembling stacks, allowing for gaps (min. match length 80.0%)...
  Assembled 136648 stacks into 129964 stacks.
Coverage after gapped assembly: mean=14.43; stdev=15.46; max=791; n_reads=1828915(47.4%)

Merging secondary stacks, allowing for gaps (min. match length 80.0%)...
  Merged 28602 out of 162986 secondary reads (17.5%).
Coverage after merging gapped secondary stacks: mean=14.66; stdev=16.24; max=791; n_reads=1857517(48.1%)

Final number of stacks built: 129964
Final coverage: mean=14.66; stdev=16.24; max=791; n_reads=1857517(48.1%)
Calling consensus sequences and haplotypes for catalog assembly...
Writing tags, SNPs, and alleles files to '00_Data/05a_Stacks.denovo.ALL.M4n4/S_23_01864'...done.
ustacks is done.
