

-t gzfastq -f ./00_Data/03a_Demultiplex/S_23_02180.1.fq.gz -o 00_Data/05a_Stacks.denovo.ALL.M1n1/ -i 490 -m 3 --name S_23_02180 -M 1 -p 8


ustacks parameters selected:
  Input file: './00_Data/03a_Demultiplex/S_23_02180.1.fq.gz'
  Sample ID: 490
  Min depth of coverage to create a stack (m): 3
  Repeat removal algorithm: enabled
  Max distance allowed between stacks (M): 1
  Max distance allowed to align secondary reads: 3
  Max number of stacks allowed per de novo locus: 3
  Deleveraging algorithm: disabled
  Gapped assembly: enabled
  Minimum alignment length: 0.8
  Model type: SNP
  Alpha significance level for model: 0.05

Loading RAD-Tags...1M...2M...3M...4M...5M...6M...

Loaded 6257736 reads; formed:
  249684 stacks representing 5753505 primary reads (91.9%)
  452182 secondary stacks representing 504231 secondary reads (8.1%)

Stack coverage: mean=23.04; stdev=302.45; max=69636; n_reads=5753505(91.9%)
Removing repetitive stacks: cov > 931 (mean+3*stdev)...
  Blacklisted 12193 stacks.
Coverage after repeat removal: mean=17.16; stdev=30.37; max=927; n_reads=4076128(65.1%)

Assembling stacks (max. dist. M=1)...
  Assembled 237491 stacks into 195863; blacklisted 2472 stacks.
Coverage after assembling stacks: mean=17.03; stdev=19.48; max=959; n_reads=3287617(52.5%)

Merging secondary stacks (max. dist. N=3 from consensus)...
  Merged 196337 out of 504231 secondary reads (38.9%), 9583 merged with gapped alignments.
Coverage after merging secondary stacks: mean=18.04; stdev=20.21; max=978; n_reads=3483954(55.7%)

Assembling stacks, allowing for gaps (min. match length 80.0%)...
  Assembled 195863 stacks into 191047 stacks.
Coverage after gapped assembly: mean=18.50; stdev=20.60; max=978; n_reads=3483954(55.7%)

Merging secondary stacks, allowing for gaps (min. match length 80.0%)...
  Merged 17372 out of 307894 secondary reads (5.6%).
Coverage after merging gapped secondary stacks: mean=18.60; stdev=20.63; max=978; n_reads=3501326(56.0%)

Final number of stacks built: 191047
Final coverage: mean=18.60; stdev=20.63; max=978; n_reads=3501326(56.0%)
Calling consensus sequences and haplotypes for catalog assembly...
Writing tags, SNPs, and alleles files to '00_Data/05a_Stacks.denovo.ALL.M1n1/S_23_02180'...done.
ustacks is done.
