

-t gzfastq -f ./00_Data/03a_Demultiplex/S_23_01199.1.fq.gz -o 00_Data/05a_Stacks.denovo.ALL.M1n1/ -i 149 -m 3 --name S_23_01199 -M 1 -p 8


ustacks parameters selected:
  Input file: './00_Data/03a_Demultiplex/S_23_01199.1.fq.gz'
  Sample ID: 149
  Min depth of coverage to create a stack (m): 3
  Repeat removal algorithm: enabled
  Max distance allowed between stacks (M): 1
  Max distance allowed to align secondary reads: 3
  Max number of stacks allowed per de novo locus: 3
  Deleveraging algorithm: disabled
  Gapped assembly: enabled
  Minimum alignment length: 0.8
  Model type: SNP
  Alpha significance level for model: 0.05

Loading RAD-Tags...1M...2M...

Loaded 2886580 reads; formed:
  198003 stacks representing 2598622 primary reads (90.0%)
  247619 secondary stacks representing 287958 secondary reads (10.0%)

Stack coverage: mean=13.12; stdev=157.35; max=33325; n_reads=2598622(90.0%)
Removing repetitive stacks: cov > 486 (mean+3*stdev)...
  Blacklisted 8966 stacks.
Coverage after repeat removal: mean=9.80; stdev=16.59; max=486; n_reads=1852862(64.2%)

Assembling stacks (max. dist. M=1)...
  Assembled 189037 stacks into 160650; blacklisted 1769 stacks.
Coverage after assembling stacks: mean=9.53; stdev=10.85; max=483; n_reads=1511090(52.3%)

Merging secondary stacks (max. dist. N=3 from consensus)...
  Merged 98455 out of 287958 secondary reads (34.2%), 4409 merged with gapped alignments.
Coverage after merging secondary stacks: mean=10.15; stdev=11.34; max=496; n_reads=1609545(55.8%)

Assembling stacks, allowing for gaps (min. match length 80.0%)...
  Assembled 160650 stacks into 157810 stacks.
Coverage after gapped assembly: mean=10.33; stdev=11.54; max=500; n_reads=1609545(55.8%)

Merging secondary stacks, allowing for gaps (min. match length 80.0%)...
  Merged 11028 out of 189503 secondary reads (5.8%).
Coverage after merging gapped secondary stacks: mean=10.40; stdev=11.58; max=500; n_reads=1620573(56.1%)

Final number of stacks built: 157810
Final coverage: mean=10.40; stdev=11.58; max=500; n_reads=1620573(56.1%)
Calling consensus sequences and haplotypes for catalog assembly...
Writing tags, SNPs, and alleles files to '00_Data/05a_Stacks.denovo.ALL.M1n1/S_23_01199'...done.
ustacks is done.
