

-t gzfastq -f ./00_Data/03a_Demultiplex/S_23_02127.1.fq.gz -o 00_Data/05a_Stacks.denovo.ALL.M1n1/ -i 437 -m 3 --name S_23_02127 -M 1 -p 8


ustacks parameters selected:
  Input file: './00_Data/03a_Demultiplex/S_23_02127.1.fq.gz'
  Sample ID: 437
  Min depth of coverage to create a stack (m): 3
  Repeat removal algorithm: enabled
  Max distance allowed between stacks (M): 1
  Max distance allowed to align secondary reads: 3
  Max number of stacks allowed per de novo locus: 3
  Deleveraging algorithm: disabled
  Gapped assembly: enabled
  Minimum alignment length: 0.8
  Model type: SNP
  Alpha significance level for model: 0.05

Loading RAD-Tags...1M...2M...3M...4M...

Loaded 4705643 reads; formed:
  208523 stacks representing 4374888 primary reads (93.0%)
  297249 secondary stacks representing 330755 secondary reads (7.0%)

Stack coverage: mean=20.98; stdev=262.62; max=49256; n_reads=4374888(93.0%)
Removing repetitive stacks: cov > 809 (mean+3*stdev)...
  Blacklisted 10628 stacks.
Coverage after repeat removal: mean=15.38; stdev=26.56; max=807; n_reads=3043241(64.7%)

Assembling stacks (max. dist. M=1)...
  Assembled 197895 stacks into 164198; blacklisted 2032 stacks.
Coverage after assembling stacks: mean=15.21; stdev=16.79; max=662; n_reads=2462662(52.3%)

Merging secondary stacks (max. dist. N=3 from consensus)...
  Merged 133298 out of 330755 secondary reads (40.3%), 6294 merged with gapped alignments.
Coverage after merging secondary stacks: mean=16.03; stdev=17.38; max=674; n_reads=2595960(55.2%)

Assembling stacks, allowing for gaps (min. match length 80.0%)...
  Assembled 164198 stacks into 160407 stacks.
Coverage after gapped assembly: mean=16.42; stdev=17.76; max=717; n_reads=2595960(55.2%)

Merging secondary stacks, allowing for gaps (min. match length 80.0%)...
  Merged 12427 out of 197457 secondary reads (6.3%).
Coverage after merging gapped secondary stacks: mean=16.50; stdev=17.78; max=717; n_reads=2608387(55.4%)

Final number of stacks built: 160407
Final coverage: mean=16.50; stdev=17.78; max=717; n_reads=2608387(55.4%)
Calling consensus sequences and haplotypes for catalog assembly...
Writing tags, SNPs, and alleles files to '00_Data/05a_Stacks.denovo.ALL.M1n1/S_23_02127'...done.
ustacks is done.
