

-t gzfastq -f ./00_Data/03a_Demultiplex/S_23_02152.1.fq.gz -o 00_Data/05a_Stacks.denovo.ALL.M1n1/ -i 461 -m 3 --name S_23_02152 -M 1 -p 8


ustacks parameters selected:
  Input file: './00_Data/03a_Demultiplex/S_23_02152.1.fq.gz'
  Sample ID: 461
  Min depth of coverage to create a stack (m): 3
  Repeat removal algorithm: enabled
  Max distance allowed between stacks (M): 1
  Max distance allowed to align secondary reads: 3
  Max number of stacks allowed per de novo locus: 3
  Deleveraging algorithm: disabled
  Gapped assembly: enabled
  Minimum alignment length: 0.8
  Model type: SNP
  Alpha significance level for model: 0.05

Loading RAD-Tags...1M...2M...3M...4M...

Loaded 4595423 reads; formed:
  209733 stacks representing 4252015 primary reads (92.5%)
  309501 secondary stacks representing 343408 secondary reads (7.5%)

Stack coverage: mean=20.27; stdev=254.10; max=55929; n_reads=4252015(92.5%)
Removing repetitive stacks: cov > 783 (mean+3*stdev)...
  Blacklisted 10099 stacks.
Coverage after repeat removal: mean=15.08; stdev=26.47; max=781; n_reads=3010149(65.5%)

Assembling stacks (max. dist. M=1)...
  Assembled 199634 stacks into 165618; blacklisted 1974 stacks.
Coverage after assembling stacks: mean=14.87; stdev=17.15; max=1024; n_reads=2429844(52.9%)

Merging secondary stacks (max. dist. N=3 from consensus)...
  Merged 143912 out of 343408 secondary reads (41.9%), 6125 merged with gapped alignments.
Coverage after merging secondary stacks: mean=15.75; stdev=17.82; max=1060; n_reads=2573756(56.0%)

Assembling stacks, allowing for gaps (min. match length 80.0%)...
  Assembled 165618 stacks into 161875 stacks.
Coverage after gapped assembly: mean=16.12; stdev=18.25; max=1060; n_reads=2573756(56.0%)

Merging secondary stacks, allowing for gaps (min. match length 80.0%)...
  Merged 11719 out of 199496 secondary reads (5.9%).
Coverage after merging gapped secondary stacks: mean=16.20; stdev=18.27; max=1060; n_reads=2585475(56.3%)

Final number of stacks built: 161875
Final coverage: mean=16.20; stdev=18.27; max=1060; n_reads=2585475(56.3%)
Calling consensus sequences and haplotypes for catalog assembly...
Writing tags, SNPs, and alleles files to '00_Data/05a_Stacks.denovo.ALL.M1n1/S_23_02152'...done.
ustacks is done.
