

-t gzfastq -f ./00_Data/03a_Demultiplex/S_23_01269.1.fq.gz -o 00_Data/05a_Stacks.denovo.ALL.M1n1/ -i 203 -m 3 --name S_23_01269 -M 1 -p 8


ustacks parameters selected:
  Input file: './00_Data/03a_Demultiplex/S_23_01269.1.fq.gz'
  Sample ID: 203
  Min depth of coverage to create a stack (m): 3
  Repeat removal algorithm: enabled
  Max distance allowed between stacks (M): 1
  Max distance allowed to align secondary reads: 3
  Max number of stacks allowed per de novo locus: 3
  Deleveraging algorithm: disabled
  Gapped assembly: enabled
  Minimum alignment length: 0.8
  Model type: SNP
  Alpha significance level for model: 0.05

Loading RAD-Tags...1M...2M...3M...

Loaded 3318953 reads; formed:
  191174 stacks representing 3073794 primary reads (92.6%)
  216980 secondary stacks representing 245159 secondary reads (7.4%)

Stack coverage: mean=16.08; stdev=192.63; max=40773; n_reads=3073794(92.6%)
Removing repetitive stacks: cov > 594 (mean+3*stdev)...
  Blacklisted 8697 stacks.
Coverage after repeat removal: mean=12.00; stdev=20.86; max=594; n_reads=2189350(66.0%)

Assembling stacks (max. dist. M=1)...
  Assembled 182477 stacks into 153094; blacklisted 1697 stacks.
Coverage after assembling stacks: mean=11.75; stdev=13.26; max=531; n_reads=1775919(53.5%)

Merging secondary stacks (max. dist. N=3 from consensus)...
  Merged 103103 out of 245159 secondary reads (42.1%), 4130 merged with gapped alignments.
Coverage after merging secondary stacks: mean=12.43; stdev=13.77; max=544; n_reads=1879022(56.6%)

Assembling stacks, allowing for gaps (min. match length 80.0%)...
  Assembled 153094 stacks into 149964 stacks.
Coverage after gapped assembly: mean=12.69; stdev=14.05; max=544; n_reads=1879022(56.6%)

Merging secondary stacks, allowing for gaps (min. match length 80.0%)...
  Merged 9357 out of 142056 secondary reads (6.6%).
Coverage after merging gapped secondary stacks: mean=12.76; stdev=14.08; max=544; n_reads=1888379(56.9%)

Final number of stacks built: 149964
Final coverage: mean=12.76; stdev=14.08; max=544; n_reads=1888379(56.9%)
Calling consensus sequences and haplotypes for catalog assembly...
Writing tags, SNPs, and alleles files to '00_Data/05a_Stacks.denovo.ALL.M1n1/S_23_01269'...done.
ustacks is done.
