

-t gzfastq -f ./00_Data/03a_Demultiplex/S_23_00988.1.fq.gz -o 00_Data/05a_Stacks.denovo.ALL.M1n1/ -i 10 -m 3 --name S_23_00988 -M 1 -p 8


ustacks parameters selected:
  Input file: './00_Data/03a_Demultiplex/S_23_00988.1.fq.gz'
  Sample ID: 10
  Min depth of coverage to create a stack (m): 3
  Repeat removal algorithm: enabled
  Max distance allowed between stacks (M): 1
  Max distance allowed to align secondary reads: 3
  Max number of stacks allowed per de novo locus: 3
  Deleveraging algorithm: disabled
  Gapped assembly: enabled
  Minimum alignment length: 0.8
  Model type: SNP
  Alpha significance level for model: 0.05

Loading RAD-Tags...1M...2M...3M...4M...

Loaded 4418716 reads; formed:
  232034 stacks representing 3994003 primary reads (90.4%)
  373587 secondary stacks representing 424713 secondary reads (9.6%)

Stack coverage: mean=17.21; stdev=212.06; max=45255; n_reads=3994003(90.4%)
Removing repetitive stacks: cov > 654 (mean+3*stdev)...
  Blacklisted 11428 stacks.
Coverage after repeat removal: mean=12.76; stdev=22.63; max=654; n_reads=2814250(63.7%)

Assembling stacks (max. dist. M=1)...
  Assembled 220606 stacks into 184813; blacklisted 2167 stacks.
Coverage after assembling stacks: mean=12.47; stdev=14.68; max=664; n_reads=2272998(51.4%)

Merging secondary stacks (max. dist. N=3 from consensus)...
  Merged 152482 out of 424713 secondary reads (35.9%), 6676 merged with gapped alignments.
Coverage after merging secondary stacks: mean=13.30; stdev=15.34; max=684; n_reads=2425480(54.9%)

Assembling stacks, allowing for gaps (min. match length 80.0%)...
  Assembled 184813 stacks into 180961 stacks.
Coverage after gapped assembly: mean=13.59; stdev=15.67; max=684; n_reads=2425480(54.9%)

Merging secondary stacks, allowing for gaps (min. match length 80.0%)...
  Merged 13654 out of 272231 secondary reads (5.0%).
Coverage after merging gapped secondary stacks: mean=13.66; stdev=15.71; max=684; n_reads=2439134(55.2%)

Final number of stacks built: 180961
Final coverage: mean=13.66; stdev=15.71; max=684; n_reads=2439134(55.2%)
Calling consensus sequences and haplotypes for catalog assembly...
Writing tags, SNPs, and alleles files to '00_Data/05a_Stacks.denovo.ALL.M1n1/S_23_00988'...done.
ustacks is done.
