

-t gzfastq -f ./00_Data/03a_Demultiplex/S_23_02000.1.fq.gz -o 00_Data/05a_Stacks.denovo.ALL.M4n4/ -i 320 -m 3 --name S_23_02000 -M 4 -p 8


ustacks parameters selected:
  Input file: './00_Data/03a_Demultiplex/S_23_02000.1.fq.gz'
  Sample ID: 320
  Min depth of coverage to create a stack (m): 3
  Repeat removal algorithm: enabled
  Max distance allowed between stacks (M): 4
  Max distance allowed to align secondary reads: 6
  Max number of stacks allowed per de novo locus: 3
  Deleveraging algorithm: disabled
  Gapped assembly: enabled
  Minimum alignment length: 0.8
  Model type: SNP
  Alpha significance level for model: 0.05

Loading RAD-Tags...

Loaded 792399 reads; formed:
  76416 stacks representing 607052 primary reads (76.6%)
  145831 secondary stacks representing 185347 secondary reads (23.4%)

Stack coverage: mean=7.94; stdev=61.60; max=7658; n_reads=607052(76.6%)
Removing repetitive stacks: cov > 193 (mean+3*stdev)...
  Blacklisted 3724 stacks.
Coverage after repeat removal: mean=5.96; stdev=8.75; max=192; n_reads=433049(54.7%)

Assembling stacks (max. dist. M=4)...
  Assembled 72692 stacks into 52960; blacklisted 1159 stacks.
Coverage after assembling stacks: mean=5.71; stdev=6.75; max=213; n_reads=294607(37.2%)

Merging secondary stacks (max. dist. N=6 from consensus)...
  Merged 44747 out of 185347 secondary reads (24.1%), 17777 merged with gapped alignments.
Coverage after merging secondary stacks: mean=6.57; stdev=9.69; max=905; n_reads=339354(42.8%)

Assembling stacks, allowing for gaps (min. match length 80.0%)...
  Assembled 52960 stacks into 51417 stacks.
Coverage after gapped assembly: mean=6.78; stdev=10.15; max=905; n_reads=339354(42.8%)

Merging secondary stacks, allowing for gaps (min. match length 80.0%)...
  Merged 18904 out of 140600 secondary reads (13.4%).
Coverage after merging gapped secondary stacks: mean=7.15; stdev=12.41; max=909; n_reads=358258(45.2%)

Final number of stacks built: 51417
Final coverage: mean=7.15; stdev=12.41; max=909; n_reads=358258(45.2%)
Calling consensus sequences and haplotypes for catalog assembly...
Writing tags, SNPs, and alleles files to '00_Data/05a_Stacks.denovo.ALL.M4n4/S_23_02000'...done.
ustacks is done.
