

-t gzfastq -f ./00_Data/03a_Demultiplex/S_23_02143.1.fq.gz -o 00_Data/05a_Stacks.denovo.ALL.M1n1/ -i 452 -m 3 --name S_23_02143 -M 1 -p 8


ustacks parameters selected:
  Input file: './00_Data/03a_Demultiplex/S_23_02143.1.fq.gz'
  Sample ID: 452
  Min depth of coverage to create a stack (m): 3
  Repeat removal algorithm: enabled
  Max distance allowed between stacks (M): 1
  Max distance allowed to align secondary reads: 3
  Max number of stacks allowed per de novo locus: 3
  Deleveraging algorithm: disabled
  Gapped assembly: enabled
  Minimum alignment length: 0.8
  Model type: SNP
  Alpha significance level for model: 0.05

Loading RAD-Tags...1M...2M...3M...4M...5M...6M...7M...8M...

Loaded 8658779 reads; formed:
  252128 stacks representing 8055633 primary reads (93.0%)
  553125 secondary stacks representing 603146 secondary reads (7.0%)

Stack coverage: mean=31.95; stdev=407.64; max=88866; n_reads=8055633(93.0%)
Removing repetitive stacks: cov > 1255 (mean+3*stdev)...
  Blacklisted 14769 stacks.
Coverage after repeat removal: mean=23.64; stdev=42.27; max=1252; n_reads=5610815(64.8%)

Assembling stacks (max. dist. M=1)...
  Assembled 237359 stacks into 193631; blacklisted 2579 stacks.
Coverage after assembling stacks: mean=23.48; stdev=25.87; max=1566; n_reads=4478743(51.7%)

Merging secondary stacks (max. dist. N=3 from consensus)...
  Merged 281594 out of 603146 secondary reads (46.7%), 11659 merged with gapped alignments.
Coverage after merging secondary stacks: mean=24.96; stdev=26.94; max=1618; n_reads=4760337(55.0%)

Assembling stacks, allowing for gaps (min. match length 80.0%)...
  Assembled 193631 stacks into 188718 stacks.
Coverage after gapped assembly: mean=25.62; stdev=27.58; max=1618; n_reads=4760337(55.0%)

Merging secondary stacks, allowing for gaps (min. match length 80.0%)...
  Merged 19468 out of 321552 secondary reads (6.1%).
Coverage after merging gapped secondary stacks: mean=25.72; stdev=27.61; max=1618; n_reads=4779805(55.2%)

Final number of stacks built: 188718
Final coverage: mean=25.72; stdev=27.61; max=1618; n_reads=4779805(55.2%)
Calling consensus sequences and haplotypes for catalog assembly...
Writing tags, SNPs, and alleles files to '00_Data/05a_Stacks.denovo.ALL.M1n1/S_23_02143'...done.
ustacks is done.
