

-t gzfastq -f ./00_Data/03a_Demultiplex/S_23_01054.1.fq.gz -o 00_Data/05a_Stacks.denovo.ALL.M4n4/ -i 46 -m 3 --name S_23_01054 -M 4 -p 8


ustacks parameters selected:
  Input file: './00_Data/03a_Demultiplex/S_23_01054.1.fq.gz'
  Sample ID: 46
  Min depth of coverage to create a stack (m): 3
  Repeat removal algorithm: enabled
  Max distance allowed between stacks (M): 4
  Max distance allowed to align secondary reads: 6
  Max number of stacks allowed per de novo locus: 3
  Deleveraging algorithm: disabled
  Gapped assembly: enabled
  Minimum alignment length: 0.8
  Model type: SNP
  Alpha significance level for model: 0.05

Loading RAD-Tags...1M...2M...3M...4M...5M...6M...7M...

Loaded 7580380 reads; formed:
  234101 stacks representing 7085781 primary reads (93.5%)
  451102 secondary stacks representing 494599 secondary reads (6.5%)

Stack coverage: mean=30.27; stdev=396.82; max=83702; n_reads=7085781(93.5%)
Removing repetitive stacks: cov > 1221 (mean+3*stdev)...
  Blacklisted 12610 stacks.
Coverage after repeat removal: mean=22.18; stdev=41.02; max=1219; n_reads=4912380(64.8%)

Assembling stacks (max. dist. M=4)...
  Assembled 221491 stacks into 147179; blacklisted 3486 stacks.
Coverage after assembling stacks: mean=21.74; stdev=23.96; max=1199; n_reads=3117674(41.1%)

Merging secondary stacks (max. dist. N=6 from consensus)...
  Merged 238375 out of 494599 secondary reads (48.2%), 79061 merged with gapped alignments.
Coverage after merging secondary stacks: mean=23.40; stdev=26.16; max=1237; n_reads=3356049(44.3%)

Assembling stacks, allowing for gaps (min. match length 80.0%)...
  Assembled 147179 stacks into 139132 stacks.
Coverage after gapped assembly: mean=24.79; stdev=27.52; max=1237; n_reads=3356049(44.3%)

Merging secondary stacks, allowing for gaps (min. match length 80.0%)...
  Merged 50256 out of 256224 secondary reads (19.6%).
Coverage after merging gapped secondary stacks: mean=25.16; stdev=28.88; max=1371; n_reads=3406305(44.9%)

Final number of stacks built: 139132
Final coverage: mean=25.16; stdev=28.88; max=1371; n_reads=3406305(44.9%)
Calling consensus sequences and haplotypes for catalog assembly...
Writing tags, SNPs, and alleles files to '00_Data/05a_Stacks.denovo.ALL.M4n4/S_23_01054'...done.
ustacks is done.
