

-t gzfastq -f ./00_Data/03a_Demultiplex/S_23_01244.1.fq.gz -o 00_Data/05a_Stacks.denovo.ALL.M1n1/ -i 178 -m 3 --name S_23_01244 -M 1 -p 8


ustacks parameters selected:
  Input file: './00_Data/03a_Demultiplex/S_23_01244.1.fq.gz'
  Sample ID: 178
  Min depth of coverage to create a stack (m): 3
  Repeat removal algorithm: enabled
  Max distance allowed between stacks (M): 1
  Max distance allowed to align secondary reads: 3
  Max number of stacks allowed per de novo locus: 3
  Deleveraging algorithm: disabled
  Gapped assembly: enabled
  Minimum alignment length: 0.8
  Model type: SNP
  Alpha significance level for model: 0.05

Loading RAD-Tags...1M...2M...3M...4M...5M...6M...7M...8M...

Loaded 8966372 reads; formed:
  235522 stacks representing 8433984 primary reads (94.1%)
  489018 secondary stacks representing 532388 secondary reads (5.9%)

Stack coverage: mean=35.81; stdev=485.72; max=115668; n_reads=8433984(94.1%)
Removing repetitive stacks: cov > 1493 (mean+3*stdev)...
  Blacklisted 12227 stacks.
Coverage after repeat removal: mean=26.54; stdev=48.90; max=1491; n_reads=5926285(66.1%)

Assembling stacks (max. dist. M=1)...
  Assembled 223295 stacks into 180156; blacklisted 2521 stacks.
Coverage after assembling stacks: mean=26.48; stdev=29.80; max=1372; n_reads=4696520(52.4%)

Merging secondary stacks (max. dist. N=3 from consensus)...
  Merged 253336 out of 532388 secondary reads (47.6%), 10763 merged with gapped alignments.
Coverage after merging secondary stacks: mean=27.91; stdev=30.79; max=1475; n_reads=4949856(55.2%)

Assembling stacks, allowing for gaps (min. match length 80.0%)...
  Assembled 180156 stacks into 175429 stacks.
Coverage after gapped assembly: mean=28.67; stdev=31.48; max=1579; n_reads=4949856(55.2%)

Merging secondary stacks, allowing for gaps (min. match length 80.0%)...
  Merged 17230 out of 279052 secondary reads (6.2%).
Coverage after merging gapped secondary stacks: mean=28.77; stdev=31.50; max=1579; n_reads=4967086(55.4%)

Final number of stacks built: 175429
Final coverage: mean=28.77; stdev=31.50; max=1579; n_reads=4967086(55.4%)
Calling consensus sequences and haplotypes for catalog assembly...
Writing tags, SNPs, and alleles files to '00_Data/05a_Stacks.denovo.ALL.M1n1/S_23_01244'...done.
ustacks is done.
