

-t gzfastq -f ./00_Data/03a_Demultiplex/S_23_00999.1.fq.gz -o 00_Data/05a_Stacks.denovo.ALL.M1n1/ -i 21 -m 3 --name S_23_00999 -M 1 -p 8


ustacks parameters selected:
  Input file: './00_Data/03a_Demultiplex/S_23_00999.1.fq.gz'
  Sample ID: 21
  Min depth of coverage to create a stack (m): 3
  Repeat removal algorithm: enabled
  Max distance allowed between stacks (M): 1
  Max distance allowed to align secondary reads: 3
  Max number of stacks allowed per de novo locus: 3
  Deleveraging algorithm: disabled
  Gapped assembly: enabled
  Minimum alignment length: 0.8
  Model type: SNP
  Alpha significance level for model: 0.05

Loading RAD-Tags...1M...2M...3M...

Loaded 3930131 reads; formed:
  200337 stacks representing 3621423 primary reads (92.1%)
  274915 secondary stacks representing 308708 secondary reads (7.9%)

Stack coverage: mean=18.08; stdev=222.93; max=47429; n_reads=3621423(92.1%)
Removing repetitive stacks: cov > 687 (mean+3*stdev)...
  Blacklisted 9499 stacks.
Coverage after repeat removal: mean=13.38; stdev=23.18; max=686; n_reads=2553476(65.0%)

Assembling stacks (max. dist. M=1)...
  Assembled 190838 stacks into 159447; blacklisted 1849 stacks.
Coverage after assembling stacks: mean=13.15; stdev=15.11; max=572; n_reads=2069662(52.7%)

Merging secondary stacks (max. dist. N=3 from consensus)...
  Merged 122969 out of 308708 secondary reads (39.8%), 5093 merged with gapped alignments.
Coverage after merging secondary stacks: mean=13.94; stdev=15.70; max=583; n_reads=2192631(55.8%)

Assembling stacks, allowing for gaps (min. match length 80.0%)...
  Assembled 159447 stacks into 156107 stacks.
Coverage after gapped assembly: mean=14.24; stdev=16.04; max=749; n_reads=2192631(55.8%)

Merging secondary stacks, allowing for gaps (min. match length 80.0%)...
  Merged 11036 out of 185739 secondary reads (5.9%).
Coverage after merging gapped secondary stacks: mean=14.31; stdev=16.07; max=749; n_reads=2203667(56.1%)

Final number of stacks built: 156107
Final coverage: mean=14.31; stdev=16.07; max=749; n_reads=2203667(56.1%)
Calling consensus sequences and haplotypes for catalog assembly...
Writing tags, SNPs, and alleles files to '00_Data/05a_Stacks.denovo.ALL.M1n1/S_23_00999'...done.
ustacks is done.
