

-t gzfastq -f ./00_Data/03a_Demultiplex/S_23_02076.1.fq.gz -o 00_Data/05a_Stacks.denovo.ALL.M4n4/ -i 389 -m 3 --name S_23_02076 -M 4 -p 8


ustacks parameters selected:
  Input file: './00_Data/03a_Demultiplex/S_23_02076.1.fq.gz'
  Sample ID: 389
  Min depth of coverage to create a stack (m): 3
  Repeat removal algorithm: enabled
  Max distance allowed between stacks (M): 4
  Max distance allowed to align secondary reads: 6
  Max number of stacks allowed per de novo locus: 3
  Deleveraging algorithm: disabled
  Gapped assembly: enabled
  Minimum alignment length: 0.8
  Model type: SNP
  Alpha significance level for model: 0.05

Loading RAD-Tags...

Loaded 69330 reads; formed:
  4726 stacks representing 27651 primary reads (39.9%)
  34668 secondary stacks representing 41679 secondary reads (60.1%)

Stack coverage: mean=5.85; stdev=25.99; max=1518; n_reads=27651(39.9%)
Removing repetitive stacks: cov > 84 (mean+3*stdev)...
  Blacklisted 274 stacks.
Coverage after repeat removal: mean=4.88; stdev=5.49; max=82; n_reads=21726(31.3%)

Assembling stacks (max. dist. M=4)...
  Assembled 4452 stacks into 3611; blacklisted 82 stacks.
Coverage after assembling stacks: mean=4.85; stdev=4.86; max=69; n_reads=17034(24.6%)

Merging secondary stacks (max. dist. N=6 from consensus)...
  Merged 6854 out of 41679 secondary reads (16.4%), 2891 merged with gapped alignments.
Coverage after merging secondary stacks: mean=6.80; stdev=13.24; max=377; n_reads=23888(34.5%)

Assembling stacks, allowing for gaps (min. match length 80.0%)...
  Assembled 3611 stacks into 3496 stacks.
Coverage after gapped assembly: mean=7.03; stdev=14.65; max=395; n_reads=23888(34.5%)

Merging secondary stacks, allowing for gaps (min. match length 80.0%)...
  Merged 2377 out of 34825 secondary reads (6.8%).
Coverage after merging gapped secondary stacks: mean=7.73; stdev=17.23; max=428; n_reads=26265(37.9%)

Final number of stacks built: 3496
Final coverage: mean=7.73; stdev=17.23; max=428; n_reads=26265(37.9%)
Calling consensus sequences and haplotypes for catalog assembly...
Writing tags, SNPs, and alleles files to '00_Data/05a_Stacks.denovo.ALL.M4n4/S_23_02076'...done.
ustacks is done.
