

-t gzfastq -f ./00_Data/03a_Demultiplex/S_23_02215.1.fq.gz -o 00_Data/05a_Stacks.denovo.ALL.M4n4/ -i 522 -m 3 --name S_23_02215 -M 4 -p 8


ustacks parameters selected:
  Input file: './00_Data/03a_Demultiplex/S_23_02215.1.fq.gz'
  Sample ID: 522
  Min depth of coverage to create a stack (m): 3
  Repeat removal algorithm: enabled
  Max distance allowed between stacks (M): 4
  Max distance allowed to align secondary reads: 6
  Max number of stacks allowed per de novo locus: 3
  Deleveraging algorithm: disabled
  Gapped assembly: enabled
  Minimum alignment length: 0.8
  Model type: SNP
  Alpha significance level for model: 0.05

Loading RAD-Tags...1M...

Loaded 1530917 reads; formed:
  134997 stacks representing 1302234 primary reads (85.1%)
  186366 secondary stacks representing 228683 secondary reads (14.9%)

Stack coverage: mean=9.65; stdev=95.46; max=15348; n_reads=1302234(85.1%)
Removing repetitive stacks: cov > 297 (mean+3*stdev)...
  Blacklisted 6356 stacks.
Coverage after repeat removal: mean=7.27; stdev=11.33; max=296; n_reads=934688(61.1%)

Assembling stacks (max. dist. M=4)...
  Assembled 128641 stacks into 89954; blacklisted 1994 stacks.
Coverage after assembling stacks: mean=6.97; stdev=7.69; max=309; n_reads=611474(39.9%)

Merging secondary stacks (max. dist. N=6 from consensus)...
  Merged 71778 out of 228683 secondary reads (31.4%), 26725 merged with gapped alignments.
Coverage after merging secondary stacks: mean=7.79; stdev=10.45; max=1069; n_reads=683252(44.6%)

Assembling stacks, allowing for gaps (min. match length 80.0%)...
  Assembled 89954 stacks into 86882 stacks.
Coverage after gapped assembly: mean=8.07; stdev=11.01; max=1069; n_reads=683252(44.6%)

Merging secondary stacks, allowing for gaps (min. match length 80.0%)...
  Merged 24040 out of 156905 secondary reads (15.3%).
Coverage after merging gapped secondary stacks: mean=8.35; stdev=12.81; max=1445; n_reads=707292(46.2%)

Final number of stacks built: 86882
Final coverage: mean=8.35; stdev=12.81; max=1445; n_reads=707292(46.2%)
Calling consensus sequences and haplotypes for catalog assembly...
Writing tags, SNPs, and alleles files to '00_Data/05a_Stacks.denovo.ALL.M4n4/S_23_02215'...done.
ustacks is done.
