

-t gzfastq -f ./00_Data/03a_Demultiplex/S_23_01073.1.fq.gz -o 00_Data/05a_Stacks.denovo.ALL.M4n4/ -i 65 -m 3 --name S_23_01073 -M 4 -p 8


ustacks parameters selected:
  Input file: './00_Data/03a_Demultiplex/S_23_01073.1.fq.gz'
  Sample ID: 65
  Min depth of coverage to create a stack (m): 3
  Repeat removal algorithm: enabled
  Max distance allowed between stacks (M): 4
  Max distance allowed to align secondary reads: 6
  Max number of stacks allowed per de novo locus: 3
  Deleveraging algorithm: disabled
  Gapped assembly: enabled
  Minimum alignment length: 0.8
  Model type: SNP
  Alpha significance level for model: 0.05

Loading RAD-Tags...1M...2M...3M...4M...5M...

Loaded 5768867 reads; formed:
  219894 stacks representing 5363527 primary reads (93.0%)
  371197 secondary stacks representing 405340 secondary reads (7.0%)

Stack coverage: mean=24.39; stdev=314.45; max=64167; n_reads=5363527(93.0%)
Removing repetitive stacks: cov > 968 (mean+3*stdev)...
  Blacklisted 11093 stacks.
Coverage after repeat removal: mean=18.01; stdev=32.04; max=960; n_reads=3761153(65.2%)

Assembling stacks (max. dist. M=4)...
  Assembled 208801 stacks into 139377; blacklisted 3174 stacks.
Coverage after assembling stacks: mean=17.73; stdev=19.11; max=922; n_reads=2410255(41.8%)

Merging secondary stacks (max. dist. N=6 from consensus)...
  Merged 197076 out of 405340 secondary reads (48.6%), 63489 merged with gapped alignments.
Coverage after merging secondary stacks: mean=19.18; stdev=22.76; max=3211; n_reads=2607331(45.2%)

Assembling stacks, allowing for gaps (min. match length 80.0%)...
  Assembled 139377 stacks into 132045 stacks.
Coverage after gapped assembly: mean=20.27; stdev=23.87; max=3211; n_reads=2607331(45.2%)

Merging secondary stacks, allowing for gaps (min. match length 80.0%)...
  Merged 44368 out of 208264 secondary reads (21.3%).
Coverage after merging gapped secondary stacks: mean=20.62; stdev=25.18; max=3211; n_reads=2651699(46.0%)

Final number of stacks built: 132045
Final coverage: mean=20.62; stdev=25.18; max=3211; n_reads=2651699(46.0%)
Calling consensus sequences and haplotypes for catalog assembly...
Writing tags, SNPs, and alleles files to '00_Data/05a_Stacks.denovo.ALL.M4n4/S_23_01073'...done.
ustacks is done.
