

-t gzfastq -f ./00_Data/03a_Demultiplex/S_23_02213.1.fq.gz -o 00_Data/05a_Stacks.denovo.ALL.M4n4/ -i 520 -m 3 --name S_23_02213 -M 4 -p 8


ustacks parameters selected:
  Input file: './00_Data/03a_Demultiplex/S_23_02213.1.fq.gz'
  Sample ID: 520
  Min depth of coverage to create a stack (m): 3
  Repeat removal algorithm: enabled
  Max distance allowed between stacks (M): 4
  Max distance allowed to align secondary reads: 6
  Max number of stacks allowed per de novo locus: 3
  Deleveraging algorithm: disabled
  Gapped assembly: enabled
  Minimum alignment length: 0.8
  Model type: SNP
  Alpha significance level for model: 0.05

Loading RAD-Tags...1M...2M...3M...

Loaded 3646781 reads; formed:
  195635 stacks representing 3341372 primary reads (91.6%)
  271474 secondary stacks representing 305409 secondary reads (8.4%)

Stack coverage: mean=17.08; stdev=221.16; max=47449; n_reads=3341372(91.6%)
Removing repetitive stacks: cov > 681 (mean+3*stdev)...
  Blacklisted 8926 stacks.
Coverage after repeat removal: mean=12.69; stdev=22.36; max=670; n_reads=2369220(65.0%)

Assembling stacks (max. dist. M=4)...
  Assembled 186709 stacks into 125902; blacklisted 2902 stacks.
Coverage after assembling stacks: mean=12.44; stdev=13.68; max=543; n_reads=1527750(41.9%)

Merging secondary stacks (max. dist. N=6 from consensus)...
  Merged 131152 out of 305409 secondary reads (42.9%), 41954 merged with gapped alignments.
Coverage after merging secondary stacks: mean=13.51; stdev=16.29; max=2182; n_reads=1658902(45.5%)

Assembling stacks, allowing for gaps (min. match length 80.0%)...
  Assembled 125902 stacks into 120171 stacks.
Coverage after gapped assembly: mean=14.17; stdev=17.04; max=2182; n_reads=1658902(45.5%)

Merging secondary stacks, allowing for gaps (min. match length 80.0%)...
  Merged 29410 out of 174257 secondary reads (16.9%).
Coverage after merging gapped secondary stacks: mean=14.42; stdev=17.87; max=2182; n_reads=1688312(46.3%)

Final number of stacks built: 120171
Final coverage: mean=14.42; stdev=17.87; max=2182; n_reads=1688312(46.3%)
Calling consensus sequences and haplotypes for catalog assembly...
Writing tags, SNPs, and alleles files to '00_Data/05a_Stacks.denovo.ALL.M4n4/S_23_02213'...done.
ustacks is done.
