

-t gzfastq -f ./00_Data/03a_Demultiplex/S_23_02116.1.fq.gz -o 00_Data/05a_Stacks.denovo.ALL.M1n1/ -i 425 -m 3 --name S_23_02116 -M 1 -p 8


ustacks parameters selected:
  Input file: './00_Data/03a_Demultiplex/S_23_02116.1.fq.gz'
  Sample ID: 425
  Min depth of coverage to create a stack (m): 3
  Repeat removal algorithm: enabled
  Max distance allowed between stacks (M): 1
  Max distance allowed to align secondary reads: 3
  Max number of stacks allowed per de novo locus: 3
  Deleveraging algorithm: disabled
  Gapped assembly: enabled
  Minimum alignment length: 0.8
  Model type: SNP
  Alpha significance level for model: 0.05

Loading RAD-Tags...1M...2M...3M...4M...5M...6M...7M...8M...9M...10M...

Loaded 10600967 reads; formed:
  276328 stacks representing 9855462 primary reads (93.0%)
  675883 secondary stacks representing 745505 secondary reads (7.0%)

Stack coverage: mean=35.67; stdev=489.10; max=114730; n_reads=9855462(93.0%)
Removing repetitive stacks: cov > 1503 (mean+3*stdev)...
  Blacklisted 15370 stacks.
Coverage after repeat removal: mean=26.43; stdev=47.94; max=1499; n_reads=6896900(65.1%)

Assembling stacks (max. dist. M=1)...
  Assembled 260958 stacks into 211821; blacklisted 2889 stacks.
Coverage after assembling stacks: mean=26.53; stdev=29.36; max=1465; n_reads=5533753(52.2%)

Merging secondary stacks (max. dist. N=3 from consensus)...
  Merged 315181 out of 745505 secondary reads (42.3%), 14132 merged with gapped alignments.
Coverage after merging secondary stacks: mean=28.04; stdev=30.39; max=1553; n_reads=5848934(55.2%)

Assembling stacks, allowing for gaps (min. match length 80.0%)...
  Assembled 211821 stacks into 206214 stacks.
Coverage after gapped assembly: mean=28.81; stdev=30.99; max=1553; n_reads=5848934(55.2%)

Merging secondary stacks, allowing for gaps (min. match length 80.0%)...
  Merged 23341 out of 430324 secondary reads (5.4%).
Coverage after merging gapped secondary stacks: mean=28.93; stdev=31.00; max=1553; n_reads=5872275(55.4%)

Final number of stacks built: 206214
Final coverage: mean=28.93; stdev=31.00; max=1553; n_reads=5872275(55.4%)
Calling consensus sequences and haplotypes for catalog assembly...
Writing tags, SNPs, and alleles files to '00_Data/05a_Stacks.denovo.ALL.M1n1/S_23_02116'...done.
ustacks is done.
