

-t gzfastq -f ./00_Data/03a_Demultiplex/S_23_01250.1.fq.gz -o 00_Data/05a_Stacks.denovo.ALL.M1n1/ -i 184 -m 3 --name S_23_01250 -M 1 -p 8


ustacks parameters selected:
  Input file: './00_Data/03a_Demultiplex/S_23_01250.1.fq.gz'
  Sample ID: 184
  Min depth of coverage to create a stack (m): 3
  Repeat removal algorithm: enabled
  Max distance allowed between stacks (M): 1
  Max distance allowed to align secondary reads: 3
  Max number of stacks allowed per de novo locus: 3
  Deleveraging algorithm: disabled
  Gapped assembly: enabled
  Minimum alignment length: 0.8
  Model type: SNP
  Alpha significance level for model: 0.05

Loading RAD-Tags...1M...2M...

Loaded 2943733 reads; formed:
  181343 stacks representing 2687623 primary reads (91.3%)
  224121 secondary stacks representing 256110 secondary reads (8.7%)

Stack coverage: mean=14.82; stdev=179.61; max=34468; n_reads=2687623(91.3%)
Removing repetitive stacks: cov > 554 (mean+3*stdev)...
  Blacklisted 8748 stacks.
Coverage after repeat removal: mean=10.92; stdev=19.35; max=552; n_reads=1884931(64.0%)

Assembling stacks (max. dist. M=1)...
  Assembled 172595 stacks into 145366; blacklisted 1665 stacks.
Coverage after assembling stacks: mean=10.64; stdev=12.77; max=688; n_reads=1525911(51.8%)

Merging secondary stacks (max. dist. N=3 from consensus)...
  Merged 100663 out of 256110 secondary reads (39.3%), 4297 merged with gapped alignments.
Coverage after merging secondary stacks: mean=11.34; stdev=13.34; max=708; n_reads=1626574(55.3%)

Assembling stacks, allowing for gaps (min. match length 80.0%)...
  Assembled 145366 stacks into 142635 stacks.
Coverage after gapped assembly: mean=11.56; stdev=13.62; max=708; n_reads=1626574(55.3%)

Merging secondary stacks, allowing for gaps (min. match length 80.0%)...
  Merged 9960 out of 155447 secondary reads (6.4%).
Coverage after merging gapped secondary stacks: mean=11.63; stdev=13.67; max=708; n_reads=1636534(55.6%)

Final number of stacks built: 142635
Final coverage: mean=11.63; stdev=13.67; max=708; n_reads=1636534(55.6%)
Calling consensus sequences and haplotypes for catalog assembly...
Writing tags, SNPs, and alleles files to '00_Data/05a_Stacks.denovo.ALL.M1n1/S_23_01250'...done.
ustacks is done.
