

-t gzfastq -f ./00_Data/03a_Demultiplex/S_23_00990.1.fq.gz -o 00_Data/05a_Stacks.denovo.ALL.M1n1/ -i 12 -m 3 --name S_23_00990 -M 1 -p 8


ustacks parameters selected:
  Input file: './00_Data/03a_Demultiplex/S_23_00990.1.fq.gz'
  Sample ID: 12
  Min depth of coverage to create a stack (m): 3
  Repeat removal algorithm: enabled
  Max distance allowed between stacks (M): 1
  Max distance allowed to align secondary reads: 3
  Max number of stacks allowed per de novo locus: 3
  Deleveraging algorithm: disabled
  Gapped assembly: enabled
  Minimum alignment length: 0.8
  Model type: SNP
  Alpha significance level for model: 0.05

Loading RAD-Tags...1M...2M...3M...

Loaded 3710286 reads; formed:
  210844 stacks representing 3391537 primary reads (91.4%)
  282502 secondary stacks representing 318749 secondary reads (8.6%)

Stack coverage: mean=16.09; stdev=192.53; max=39402; n_reads=3391537(91.4%)
Removing repetitive stacks: cov > 594 (mean+3*stdev)...
  Blacklisted 10536 stacks.
Coverage after repeat removal: mean=11.89; stdev=20.19; max=593; n_reads=2381933(64.2%)

Assembling stacks (max. dist. M=1)...
  Assembled 200308 stacks into 168578; blacklisted 1958 stacks.
Coverage after assembling stacks: mean=11.62; stdev=13.02; max=563; n_reads=1932081(52.1%)

Merging secondary stacks (max. dist. N=3 from consensus)...
  Merged 122552 out of 318749 secondary reads (38.4%), 5312 merged with gapped alignments.
Coverage after merging secondary stacks: mean=12.35; stdev=13.58; max=576; n_reads=2054633(55.4%)

Assembling stacks, allowing for gaps (min. match length 80.0%)...
  Assembled 168578 stacks into 165266 stacks.
Coverage after gapped assembly: mean=12.60; stdev=13.83; max=576; n_reads=2054633(55.4%)

Merging secondary stacks, allowing for gaps (min. match length 80.0%)...
  Merged 11297 out of 196197 secondary reads (5.8%).
Coverage after merging gapped secondary stacks: mean=12.67; stdev=13.87; max=576; n_reads=2065930(55.7%)

Final number of stacks built: 165266
Final coverage: mean=12.67; stdev=13.87; max=576; n_reads=2065930(55.7%)
Calling consensus sequences and haplotypes for catalog assembly...
Writing tags, SNPs, and alleles files to '00_Data/05a_Stacks.denovo.ALL.M1n1/S_23_00990'...done.
ustacks is done.
