

-t gzfastq -f ./00_Data/03a_Demultiplex/S_23_01172.1.fq.gz -o 00_Data/05a_Stacks.denovo.ALL.M4n4/ -i 135 -m 3 --name S_23_01172 -M 4 -p 8


ustacks parameters selected:
  Input file: './00_Data/03a_Demultiplex/S_23_01172.1.fq.gz'
  Sample ID: 135
  Min depth of coverage to create a stack (m): 3
  Repeat removal algorithm: enabled
  Max distance allowed between stacks (M): 4
  Max distance allowed to align secondary reads: 6
  Max number of stacks allowed per de novo locus: 3
  Deleveraging algorithm: disabled
  Gapped assembly: enabled
  Minimum alignment length: 0.8
  Model type: SNP
  Alpha significance level for model: 0.05

Loading RAD-Tags...1M...2M...3M...4M...

Loaded 4039754 reads; formed:
  196126 stacks representing 3775302 primary reads (93.5%)
  240097 secondary stacks representing 264452 secondary reads (6.5%)

Stack coverage: mean=19.25; stdev=242.02; max=46162; n_reads=3775302(93.5%)
Removing repetitive stacks: cov > 746 (mean+3*stdev)...
  Blacklisted 9776 stacks.
Coverage after repeat removal: mean=14.23; stdev=25.17; max=740; n_reads=2651700(65.6%)

Assembling stacks (max. dist. M=4)...
  Assembled 186350 stacks into 124371; blacklisted 2840 stacks.
Coverage after assembling stacks: mean=13.96; stdev=14.44; max=581; n_reads=1692626(41.9%)

Merging secondary stacks (max. dist. N=6 from consensus)...
  Merged 134775 out of 264452 secondary reads (51.0%), 42175 merged with gapped alignments.
Coverage after merging secondary stacks: mean=15.07; stdev=16.08; max=732; n_reads=1827401(45.2%)

Assembling stacks, allowing for gaps (min. match length 80.0%)...
  Assembled 124371 stacks into 118244 stacks.
Coverage after gapped assembly: mean=15.87; stdev=16.90; max=732; n_reads=1827401(45.2%)

Merging secondary stacks, allowing for gaps (min. match length 80.0%)...
  Merged 29188 out of 129677 secondary reads (22.5%).
Coverage after merging gapped secondary stacks: mean=16.12; stdev=18.54; max=1658; n_reads=1856589(46.0%)

Final number of stacks built: 118244
Final coverage: mean=16.12; stdev=18.54; max=1658; n_reads=1856589(46.0%)
Calling consensus sequences and haplotypes for catalog assembly...
Writing tags, SNPs, and alleles files to '00_Data/05a_Stacks.denovo.ALL.M4n4/S_23_01172'...done.
ustacks is done.
