

-t gzfastq -f ./00_Data/03a_Demultiplex/S_23_00980.1.fq.gz -o 00_Data/05a_Stacks.denovo.ALL.M4n4/ -i 2 -m 3 --name S_23_00980 -M 4 -p 8


ustacks parameters selected:
  Input file: './00_Data/03a_Demultiplex/S_23_00980.1.fq.gz'
  Sample ID: 2
  Min depth of coverage to create a stack (m): 3
  Repeat removal algorithm: enabled
  Max distance allowed between stacks (M): 4
  Max distance allowed to align secondary reads: 6
  Max number of stacks allowed per de novo locus: 3
  Deleveraging algorithm: disabled
  Gapped assembly: enabled
  Minimum alignment length: 0.8
  Model type: SNP
  Alpha significance level for model: 0.05

Loading RAD-Tags...1M...2M...3M...

Loaded 3581134 reads; formed:
  189183 stacks representing 3312702 primary reads (92.5%)
  238967 secondary stacks representing 268432 secondary reads (7.5%)

Stack coverage: mean=17.51; stdev=221.58; max=43380; n_reads=3312702(92.5%)
Removing repetitive stacks: cov > 683 (mean+3*stdev)...
  Blacklisted 9375 stacks.
Coverage after repeat removal: mean=12.84; stdev=22.84; max=677; n_reads=2307862(64.4%)

Assembling stacks (max. dist. M=4)...
  Assembled 179808 stacks into 121156; blacklisted 2746 stacks.
Coverage after assembling stacks: mean=12.37; stdev=13.79; max=654; n_reads=1461295(40.8%)

Merging secondary stacks (max. dist. N=6 from consensus)...
  Merged 124931 out of 268432 secondary reads (46.5%), 42442 merged with gapped alignments.
Coverage after merging secondary stacks: mean=13.42; stdev=16.81; max=2218; n_reads=1586226(44.3%)

Assembling stacks, allowing for gaps (min. match length 80.0%)...
  Assembled 121156 stacks into 115574 stacks.
Coverage after gapped assembly: mean=14.09; stdev=17.62; max=2218; n_reads=1586226(44.3%)

Merging secondary stacks, allowing for gaps (min. match length 80.0%)...
  Merged 30795 out of 143501 secondary reads (21.5%).
Coverage after merging gapped secondary stacks: mean=14.36; stdev=19.47; max=2744; n_reads=1617021(45.2%)

Final number of stacks built: 115574
Final coverage: mean=14.36; stdev=19.47; max=2744; n_reads=1617021(45.2%)
Calling consensus sequences and haplotypes for catalog assembly...
Writing tags, SNPs, and alleles files to '00_Data/05a_Stacks.denovo.ALL.M4n4/S_23_00980'...done.
ustacks is done.
