

-t gzfastq -f ./00_Data/03a_Demultiplex/S_23_02119.1.fq.gz -o 00_Data/05a_Stacks.denovo.ALL.M1n1/ -i 428 -m 3 --name S_23_02119 -M 1 -p 8


ustacks parameters selected:
  Input file: './00_Data/03a_Demultiplex/S_23_02119.1.fq.gz'
  Sample ID: 428
  Min depth of coverage to create a stack (m): 3
  Repeat removal algorithm: enabled
  Max distance allowed between stacks (M): 1
  Max distance allowed to align secondary reads: 3
  Max number of stacks allowed per de novo locus: 3
  Deleveraging algorithm: disabled
  Gapped assembly: enabled
  Minimum alignment length: 0.8
  Model type: SNP
  Alpha significance level for model: 0.05

Loading RAD-Tags...1M...2M...3M...4M...5M...6M...7M...

Loaded 7945797 reads; formed:
  227803 stacks representing 7446851 primary reads (93.7%)
  459490 secondary stacks representing 498946 secondary reads (6.3%)

Stack coverage: mean=32.69; stdev=419.81; max=83261; n_reads=7446851(93.7%)
Removing repetitive stacks: cov > 1293 (mean+3*stdev)...
  Blacklisted 13144 stacks.
Coverage after repeat removal: mean=24.15; stdev=43.30; max=1293; n_reads=5183624(65.2%)

Assembling stacks (max. dist. M=1)...
  Assembled 214659 stacks into 173950; blacklisted 2375 stacks.
Coverage after assembling stacks: mean=24.15; stdev=25.96; max=1147; n_reads=4137101(52.1%)

Merging secondary stacks (max. dist. N=3 from consensus)...
  Merged 248073 out of 498946 secondary reads (49.7%), 10139 merged with gapped alignments.
Coverage after merging secondary stacks: mean=25.60; stdev=26.97; max=1185; n_reads=4385174(55.2%)

Assembling stacks, allowing for gaps (min. match length 80.0%)...
  Assembled 173950 stacks into 169464 stacks.
Coverage after gapped assembly: mean=26.29; stdev=27.51; max=1185; n_reads=4385174(55.2%)

Merging secondary stacks, allowing for gaps (min. match length 80.0%)...
  Merged 15304 out of 250873 secondary reads (6.1%).
Coverage after merging gapped secondary stacks: mean=26.38; stdev=27.54; max=1186; n_reads=4400478(55.4%)

Final number of stacks built: 169464
Final coverage: mean=26.38; stdev=27.54; max=1186; n_reads=4400478(55.4%)
Calling consensus sequences and haplotypes for catalog assembly...
Writing tags, SNPs, and alleles files to '00_Data/05a_Stacks.denovo.ALL.M1n1/S_23_02119'...done.
ustacks is done.
