

-t gzfastq -f ./00_Data/03a_Demultiplex/S_23_01070.1.fq.gz -o 00_Data/05a_Stacks.denovo.ALL.M1n1/ -i 62 -m 3 --name S_23_01070 -M 1 -p 8


ustacks parameters selected:
  Input file: './00_Data/03a_Demultiplex/S_23_01070.1.fq.gz'
  Sample ID: 62
  Min depth of coverage to create a stack (m): 3
  Repeat removal algorithm: enabled
  Max distance allowed between stacks (M): 1
  Max distance allowed to align secondary reads: 3
  Max number of stacks allowed per de novo locus: 3
  Deleveraging algorithm: disabled
  Gapped assembly: enabled
  Minimum alignment length: 0.8
  Model type: SNP
  Alpha significance level for model: 0.05

Loading RAD-Tags...1M...2M...

Loaded 2122180 reads; formed:
  159637 stacks representing 1902953 primary reads (89.7%)
  185007 secondary stacks representing 219227 secondary reads (10.3%)

Stack coverage: mean=11.92; stdev=122.27; max=18069; n_reads=1902953(89.7%)
Removing repetitive stacks: cov > 379 (mean+3*stdev)...
  Blacklisted 7640 stacks.
Coverage after repeat removal: mean=8.90; stdev=14.65; max=379; n_reads=1352088(63.7%)

Assembling stacks (max. dist. M=1)...
  Assembled 151997 stacks into 129887; blacklisted 1424 stacks.
Coverage after assembling stacks: mean=8.56; stdev=9.90; max=437; n_reads=1098159(51.7%)

Merging secondary stacks (max. dist. N=3 from consensus)...
  Merged 78089 out of 219227 secondary reads (35.6%), 3047 merged with gapped alignments.
Coverage after merging secondary stacks: mean=9.17; stdev=10.43; max=477; n_reads=1176248(55.4%)

Assembling stacks, allowing for gaps (min. match length 80.0%)...
  Assembled 129887 stacks into 127857 stacks.
Coverage after gapped assembly: mean=9.32; stdev=10.65; max=477; n_reads=1176248(55.4%)

Merging secondary stacks, allowing for gaps (min. match length 80.0%)...
  Merged 8416 out of 141138 secondary reads (6.0%).
Coverage after merging gapped secondary stacks: mean=9.39; stdev=10.72; max=478; n_reads=1184664(55.8%)

Final number of stacks built: 127857
Final coverage: mean=9.39; stdev=10.72; max=478; n_reads=1184664(55.8%)
Calling consensus sequences and haplotypes for catalog assembly...
Writing tags, SNPs, and alleles files to '00_Data/05a_Stacks.denovo.ALL.M1n1/S_23_01070'...done.
ustacks is done.
