

-t gzfastq -f ./00_Data/03a_Demultiplex/S_23_00984.1.fq.gz -o 00_Data/05a_Stacks.denovo.ALL.M1n1/ -i 6 -m 3 --name S_23_00984 -M 1 -p 8


ustacks parameters selected:
  Input file: './00_Data/03a_Demultiplex/S_23_00984.1.fq.gz'
  Sample ID: 6
  Min depth of coverage to create a stack (m): 3
  Repeat removal algorithm: enabled
  Max distance allowed between stacks (M): 1
  Max distance allowed to align secondary reads: 3
  Max number of stacks allowed per de novo locus: 3
  Deleveraging algorithm: disabled
  Gapped assembly: enabled
  Minimum alignment length: 0.8
  Model type: SNP
  Alpha significance level for model: 0.05

Loading RAD-Tags...1M...2M...

Loaded 2328905 reads; formed:
  169382 stacks representing 2086936 primary reads (89.6%)
  207847 secondary stacks representing 241969 secondary reads (10.4%)

Stack coverage: mean=12.32; stdev=141.40; max=26070; n_reads=2086936(89.6%)
Removing repetitive stacks: cov > 437 (mean+3*stdev)...
  Blacklisted 7939 stacks.
Coverage after repeat removal: mean=9.13; stdev=15.64; max=437; n_reads=1473292(63.3%)

Assembling stacks (max. dist. M=1)...
  Assembled 161443 stacks into 137719; blacklisted 1573 stacks.
Coverage after assembling stacks: mean=8.77; stdev=10.19; max=436; n_reads=1192214(51.2%)

Merging secondary stacks (max. dist. N=3 from consensus)...
  Merged 83549 out of 241969 secondary reads (34.5%), 3289 merged with gapped alignments.
Coverage after merging secondary stacks: mean=9.39; stdev=10.72; max=459; n_reads=1275763(54.8%)

Assembling stacks, allowing for gaps (min. match length 80.0%)...
  Assembled 137719 stacks into 135537 stacks.
Coverage after gapped assembly: mean=9.54; stdev=10.91; max=459; n_reads=1275763(54.8%)

Merging secondary stacks, allowing for gaps (min. match length 80.0%)...
  Merged 8961 out of 158420 secondary reads (5.7%).
Coverage after merging gapped secondary stacks: mean=9.61; stdev=10.95; max=459; n_reads=1284724(55.2%)

Final number of stacks built: 135537
Final coverage: mean=9.61; stdev=10.95; max=459; n_reads=1284724(55.2%)
Calling consensus sequences and haplotypes for catalog assembly...
Writing tags, SNPs, and alleles files to '00_Data/05a_Stacks.denovo.ALL.M1n1/S_23_00984'...done.
ustacks is done.
