

-t gzfastq -f ./00_Data/03a_Demultiplex/S_23_01052.1.fq.gz -o 00_Data/05a_Stacks.denovo.ALL.M1n1/ -i 44 -m 3 --name S_23_01052 -M 1 -p 8


ustacks parameters selected:
  Input file: './00_Data/03a_Demultiplex/S_23_01052.1.fq.gz'
  Sample ID: 44
  Min depth of coverage to create a stack (m): 3
  Repeat removal algorithm: enabled
  Max distance allowed between stacks (M): 1
  Max distance allowed to align secondary reads: 3
  Max number of stacks allowed per de novo locus: 3
  Deleveraging algorithm: disabled
  Gapped assembly: enabled
  Minimum alignment length: 0.8
  Model type: SNP
  Alpha significance level for model: 0.05

Loading RAD-Tags...

Loaded 53 reads; formed:
  2 stacks representing 6 primary reads (11.3%)
  40 secondary stacks representing 47 secondary reads (88.7%)

Stack coverage: mean=3.00; stdev=0.00; max=3; n_reads=6(11.3%)
Removing repetitive stacks: cov > 4 (mean+3*stdev)...
  Blacklisted 0 stacks.
Coverage after repeat removal: mean=3.00; stdev=0.00; max=3; n_reads=6(11.3%)

Assembling stacks (max. dist. M=1)...
  Assembled 2 stacks into 2; blacklisted 0 stacks.
Coverage after assembling stacks: mean=3.00; stdev=0.00; max=3; n_reads=6(11.3%)

Merging secondary stacks (max. dist. N=3 from consensus)...
  Merged 0 out of 47 secondary reads (0.0%), 0 merged with gapped alignments.
Coverage after merging secondary stacks: mean=3.00; stdev=0.00; max=3; n_reads=6(11.3%)

Assembling stacks, allowing for gaps (min. match length 80.0%)...
  Assembled 2 stacks into 2 stacks.
Coverage after gapped assembly: mean=3.00; stdev=0.00; max=3; n_reads=6(11.3%)

Merging secondary stacks, allowing for gaps (min. match length 80.0%)...
  Merged 0 out of 47 secondary reads (0.0%).
Coverage after merging gapped secondary stacks: mean=3.00; stdev=0.00; max=3; n_reads=6(11.3%)

Final number of stacks built: 2
Final coverage: mean=3.00; stdev=0.00; max=3; n_reads=6(11.3%)
Calling consensus sequences and haplotypes for catalog assembly...
Writing tags, SNPs, and alleles files to '00_Data/05a_Stacks.denovo.ALL.M1n1/S_23_01052'...done.
ustacks is done.
