

-t gzfastq -f ./00_Data/03a_Demultiplex/S_23_02152.1.fq.gz -o 00_Data/05a_Stacks.denovo.ALL.M4n4/ -i 461 -m 3 --name S_23_02152 -M 4 -p 8


ustacks parameters selected:
  Input file: './00_Data/03a_Demultiplex/S_23_02152.1.fq.gz'
  Sample ID: 461
  Min depth of coverage to create a stack (m): 3
  Repeat removal algorithm: enabled
  Max distance allowed between stacks (M): 4
  Max distance allowed to align secondary reads: 6
  Max number of stacks allowed per de novo locus: 3
  Deleveraging algorithm: disabled
  Gapped assembly: enabled
  Minimum alignment length: 0.8
  Model type: SNP
  Alpha significance level for model: 0.05

Loading RAD-Tags...1M...2M...3M...4M...

Loaded 4595423 reads; formed:
  209733 stacks representing 4252015 primary reads (92.5%)
  309501 secondary stacks representing 343408 secondary reads (7.5%)

Stack coverage: mean=20.27; stdev=254.10; max=55929; n_reads=4252015(92.5%)
Removing repetitive stacks: cov > 783 (mean+3*stdev)...
  Blacklisted 10099 stacks.
Coverage after repeat removal: mean=15.08; stdev=26.47; max=781; n_reads=3010149(65.5%)

Assembling stacks (max. dist. M=4)...
  Assembled 199634 stacks into 134741; blacklisted 2989 stacks.
Coverage after assembling stacks: mean=14.74; stdev=16.78; max=1024; n_reads=1937616(42.2%)

Merging secondary stacks (max. dist. N=6 from consensus)...
  Merged 156156 out of 343408 secondary reads (45.5%), 49655 merged with gapped alignments.
Coverage after merging secondary stacks: mean=15.92; stdev=18.44; max=1064; n_reads=2093772(45.6%)

Assembling stacks, allowing for gaps (min. match length 80.0%)...
  Assembled 134741 stacks into 128059 stacks.
Coverage after gapped assembly: mean=16.78; stdev=19.45; max=1064; n_reads=2093772(45.6%)

Merging secondary stacks, allowing for gaps (min. match length 80.0%)...
  Merged 33307 out of 187252 secondary reads (17.8%).
Coverage after merging gapped secondary stacks: mean=17.04; stdev=20.65; max=1317; n_reads=2127079(46.3%)

Final number of stacks built: 128059
Final coverage: mean=17.04; stdev=20.65; max=1317; n_reads=2127079(46.3%)
Calling consensus sequences and haplotypes for catalog assembly...
Writing tags, SNPs, and alleles files to '00_Data/05a_Stacks.denovo.ALL.M4n4/S_23_02152'...done.
ustacks is done.
