

-t gzfastq -f ./00_Data/03a_Demultiplex/S_23_01256.1.fq.gz -o 00_Data/05a_Stacks.denovo.ALL.M1n1/ -i 190 -m 3 --name S_23_01256 -M 1 -p 8


ustacks parameters selected:
  Input file: './00_Data/03a_Demultiplex/S_23_01256.1.fq.gz'
  Sample ID: 190
  Min depth of coverage to create a stack (m): 3
  Repeat removal algorithm: enabled
  Max distance allowed between stacks (M): 1
  Max distance allowed to align secondary reads: 3
  Max number of stacks allowed per de novo locus: 3
  Deleveraging algorithm: disabled
  Gapped assembly: enabled
  Minimum alignment length: 0.8
  Model type: SNP
  Alpha significance level for model: 0.05

Loading RAD-Tags...1M...2M...3M...

Loaded 3718268 reads; formed:
  198583 stacks representing 3408680 primary reads (91.7%)
  274331 secondary stacks representing 309588 secondary reads (8.3%)

Stack coverage: mean=17.17; stdev=214.10; max=41662; n_reads=3408680(91.7%)
Removing repetitive stacks: cov > 660 (mean+3*stdev)...
  Blacklisted 9545 stacks.
Coverage after repeat removal: mean=12.63; stdev=22.17; max=660; n_reads=2387860(64.2%)

Assembling stacks (max. dist. M=1)...
  Assembled 189038 stacks into 158034; blacklisted 1894 stacks.
Coverage after assembling stacks: mean=12.34; stdev=13.94; max=587; n_reads=1923221(51.7%)

Merging secondary stacks (max. dist. N=3 from consensus)...
  Merged 123058 out of 309588 secondary reads (39.7%), 5505 merged with gapped alignments.
Coverage after merging secondary stacks: mean=13.13; stdev=14.54; max=612; n_reads=2046279(55.0%)

Assembling stacks, allowing for gaps (min. match length 80.0%)...
  Assembled 158034 stacks into 154763 stacks.
Coverage after gapped assembly: mean=13.41; stdev=14.86; max=691; n_reads=2046279(55.0%)

Merging secondary stacks, allowing for gaps (min. match length 80.0%)...
  Merged 11874 out of 186530 secondary reads (6.4%).
Coverage after merging gapped secondary stacks: mean=13.49; stdev=14.89; max=691; n_reads=2058153(55.4%)

Final number of stacks built: 154763
Final coverage: mean=13.49; stdev=14.89; max=691; n_reads=2058153(55.4%)
Calling consensus sequences and haplotypes for catalog assembly...
Writing tags, SNPs, and alleles files to '00_Data/05a_Stacks.denovo.ALL.M1n1/S_23_01256'...done.
ustacks is done.
