

-t gzfastq -f ./00_Data/03a_Demultiplex/S_23_02109.1.fq.gz -o 00_Data/05a_Stacks.denovo.ALL.M1n1/ -i 418 -m 3 --name S_23_02109 -M 1 -p 8


ustacks parameters selected:
  Input file: './00_Data/03a_Demultiplex/S_23_02109.1.fq.gz'
  Sample ID: 418
  Min depth of coverage to create a stack (m): 3
  Repeat removal algorithm: enabled
  Max distance allowed between stacks (M): 1
  Max distance allowed to align secondary reads: 3
  Max number of stacks allowed per de novo locus: 3
  Deleveraging algorithm: disabled
  Gapped assembly: enabled
  Minimum alignment length: 0.8
  Model type: SNP
  Alpha significance level for model: 0.05

Loading RAD-Tags...1M...2M...3M...4M...5M...6M...7M...

Loaded 7571780 reads; formed:
  247582 stacks representing 7052404 primary reads (93.1%)
  474697 secondary stacks representing 519376 secondary reads (6.9%)

Stack coverage: mean=28.49; stdev=361.10; max=78673; n_reads=7052404(93.1%)
Removing repetitive stacks: cov > 1112 (mean+3*stdev)...
  Blacklisted 13809 stacks.
Coverage after repeat removal: mean=21.17; stdev=36.66; max=1107; n_reads=4948532(65.4%)

Assembling stacks (max. dist. M=1)...
  Assembled 233773 stacks into 192265; blacklisted 2359 stacks.
Coverage after assembling stacks: mean=21.22; stdev=23.91; max=1661; n_reads=4023299(53.1%)

Merging secondary stacks (max. dist. N=3 from consensus)...
  Merged 232740 out of 519376 secondary reads (44.8%), 9994 merged with gapped alignments.
Coverage after merging secondary stacks: mean=22.45; stdev=24.79; max=1698; n_reads=4256039(56.2%)

Assembling stacks, allowing for gaps (min. match length 80.0%)...
  Assembled 192265 stacks into 187272 stacks.
Coverage after gapped assembly: mean=23.05; stdev=25.27; max=1698; n_reads=4256039(56.2%)

Merging secondary stacks, allowing for gaps (min. match length 80.0%)...
  Merged 17107 out of 286636 secondary reads (6.0%).
Coverage after merging gapped secondary stacks: mean=23.15; stdev=25.30; max=1698; n_reads=4273146(56.4%)

Final number of stacks built: 187272
Final coverage: mean=23.15; stdev=25.30; max=1698; n_reads=4273146(56.4%)
Calling consensus sequences and haplotypes for catalog assembly...
Writing tags, SNPs, and alleles files to '00_Data/05a_Stacks.denovo.ALL.M1n1/S_23_02109'...done.
ustacks is done.
