

-t gzfastq -f ./00_Data/03a_Demultiplex/S_23_01146.1.fq.gz -o 00_Data/05a_Stacks.denovo.ALL.M1n1/ -i 109 -m 3 --name S_23_01146 -M 1 -p 8


ustacks parameters selected:
  Input file: './00_Data/03a_Demultiplex/S_23_01146.1.fq.gz'
  Sample ID: 109
  Min depth of coverage to create a stack (m): 3
  Repeat removal algorithm: enabled
  Max distance allowed between stacks (M): 1
  Max distance allowed to align secondary reads: 3
  Max number of stacks allowed per de novo locus: 3
  Deleveraging algorithm: disabled
  Gapped assembly: enabled
  Minimum alignment length: 0.8
  Model type: SNP
  Alpha significance level for model: 0.05

Loading RAD-Tags...1M...2M...3M...4M...5M...6M...7M...

Loaded 7805655 reads; formed:
  230676 stacks representing 7321329 primary reads (93.8%)
  442537 secondary stacks representing 484326 secondary reads (6.2%)

Stack coverage: mean=31.74; stdev=431.74; max=102036; n_reads=7321329(93.8%)
Removing repetitive stacks: cov > 1327 (mean+3*stdev)...
  Blacklisted 11412 stacks.
Coverage after repeat removal: mean=23.74; stdev=43.55; max=1319; n_reads=5205076(66.7%)

Assembling stacks (max. dist. M=1)...
  Assembled 219264 stacks into 178121; blacklisted 2352 stacks.
Coverage after assembling stacks: mean=23.68; stdev=26.03; max=1174; n_reads=4156997(53.3%)

Merging secondary stacks (max. dist. N=3 from consensus)...
  Merged 222926 out of 484326 secondary reads (46.0%), 9855 merged with gapped alignments.
Coverage after merging secondary stacks: mean=24.95; stdev=26.90; max=1211; n_reads=4379923(56.1%)

Assembling stacks, allowing for gaps (min. match length 80.0%)...
  Assembled 178121 stacks into 173513 stacks.
Coverage after gapped assembly: mean=25.63; stdev=27.47; max=1243; n_reads=4379923(56.1%)

Merging secondary stacks, allowing for gaps (min. match length 80.0%)...
  Merged 15124 out of 261400 secondary reads (5.8%).
Coverage after merging gapped secondary stacks: mean=25.72; stdev=27.49; max=1243; n_reads=4395047(56.3%)

Final number of stacks built: 173513
Final coverage: mean=25.72; stdev=27.49; max=1243; n_reads=4395047(56.3%)
Calling consensus sequences and haplotypes for catalog assembly...
Writing tags, SNPs, and alleles files to '00_Data/05a_Stacks.denovo.ALL.M1n1/S_23_01146'...done.
ustacks is done.
