

-t gzfastq -f ./00_Data/03a_Demultiplex/S_23_01168.1.fq.gz -o 00_Data/05a_Stacks.denovo.ALL.M4n4/ -i 131 -m 3 --name S_23_01168 -M 4 -p 8


ustacks parameters selected:
  Input file: './00_Data/03a_Demultiplex/S_23_01168.1.fq.gz'
  Sample ID: 131
  Min depth of coverage to create a stack (m): 3
  Repeat removal algorithm: enabled
  Max distance allowed between stacks (M): 4
  Max distance allowed to align secondary reads: 6
  Max number of stacks allowed per de novo locus: 3
  Deleveraging algorithm: disabled
  Gapped assembly: enabled
  Minimum alignment length: 0.8
  Model type: SNP
  Alpha significance level for model: 0.05

Loading RAD-Tags...1M...2M...3M...

Loaded 3993883 reads; formed:
  209961 stacks representing 3658992 primary reads (91.6%)
  300121 secondary stacks representing 334891 secondary reads (8.4%)

Stack coverage: mean=17.43; stdev=224.19; max=47327; n_reads=3658992(91.6%)
Removing repetitive stacks: cov > 691 (mean+3*stdev)...
  Blacklisted 9910 stacks.
Coverage after repeat removal: mean=12.94; stdev=23.14; max=690; n_reads=2587786(64.8%)

Assembling stacks (max. dist. M=4)...
  Assembled 200051 stacks into 135666; blacklisted 3038 stacks.
Coverage after assembling stacks: mean=12.55; stdev=13.85; max=686; n_reads=1660762(41.6%)

Merging secondary stacks (max. dist. N=6 from consensus)...
  Merged 149273 out of 334891 secondary reads (44.6%), 51475 merged with gapped alignments.
Coverage after merging secondary stacks: mean=13.67; stdev=16.98; max=2248; n_reads=1810035(45.3%)

Assembling stacks, allowing for gaps (min. match length 80.0%)...
  Assembled 135666 stacks into 129212 stacks.
Coverage after gapped assembly: mean=14.37; stdev=17.80; max=2248; n_reads=1810035(45.3%)

Merging secondary stacks, allowing for gaps (min. match length 80.0%)...
  Merged 36078 out of 185618 secondary reads (19.4%).
Coverage after merging gapped secondary stacks: mean=14.66; stdev=18.71; max=2249; n_reads=1846113(46.2%)

Final number of stacks built: 129212
Final coverage: mean=14.66; stdev=18.71; max=2249; n_reads=1846113(46.2%)
Calling consensus sequences and haplotypes for catalog assembly...
Writing tags, SNPs, and alleles files to '00_Data/05a_Stacks.denovo.ALL.M4n4/S_23_01168'...done.
ustacks is done.
