

-t gzfastq -f ./00_Data/03a_Demultiplex/S_23_01067.1.fq.gz -o 00_Data/05a_Stacks.denovo.ALL.M1n1/ -i 59 -m 3 --name S_23_01067 -M 1 -p 8


ustacks parameters selected:
  Input file: './00_Data/03a_Demultiplex/S_23_01067.1.fq.gz'
  Sample ID: 59
  Min depth of coverage to create a stack (m): 3
  Repeat removal algorithm: enabled
  Max distance allowed between stacks (M): 1
  Max distance allowed to align secondary reads: 3
  Max number of stacks allowed per de novo locus: 3
  Deleveraging algorithm: disabled
  Gapped assembly: enabled
  Minimum alignment length: 0.8
  Model type: SNP
  Alpha significance level for model: 0.05

Loading RAD-Tags...1M...2M...3M...

Loaded 3305820 reads; formed:
  204627 stacks representing 3034336 primary reads (91.8%)
  239261 secondary stacks representing 271484 secondary reads (8.2%)

Stack coverage: mean=14.83; stdev=153.05; max=27096; n_reads=3034336(91.8%)
Removing repetitive stacks: cov > 474 (mean+3*stdev)...
  Blacklisted 10651 stacks.
Coverage after repeat removal: mean=11.07; stdev=17.27; max=473; n_reads=2146535(64.9%)

Assembling stacks (max. dist. M=1)...
  Assembled 193976 stacks into 164167; blacklisted 1841 stacks.
Coverage after assembling stacks: mean=10.92; stdev=12.17; max=503; n_reads=1769601(53.5%)

Merging secondary stacks (max. dist. N=3 from consensus)...
  Merged 119057 out of 271484 secondary reads (43.9%), 4881 merged with gapped alignments.
Coverage after merging secondary stacks: mean=11.66; stdev=12.75; max=527; n_reads=1888658(57.1%)

Assembling stacks, allowing for gaps (min. match length 80.0%)...
  Assembled 164167 stacks into 160891 stacks.
Coverage after gapped assembly: mean=11.90; stdev=13.04; max=618; n_reads=1888658(57.1%)

Merging secondary stacks, allowing for gaps (min. match length 80.0%)...
  Merged 10631 out of 152427 secondary reads (7.0%).
Coverage after merging gapped secondary stacks: mean=11.97; stdev=13.08; max=618; n_reads=1899289(57.5%)

Final number of stacks built: 160891
Final coverage: mean=11.97; stdev=13.08; max=618; n_reads=1899289(57.5%)
Calling consensus sequences and haplotypes for catalog assembly...
Writing tags, SNPs, and alleles files to '00_Data/05a_Stacks.denovo.ALL.M1n1/S_23_01067'...done.
ustacks is done.
