

-t gzfastq -f ./00_Data/03a_Demultiplex/S_23_01263.1.fq.gz -o 00_Data/05a_Stacks.denovo.ALL.M1n1/ -i 197 -m 3 --name S_23_01263 -M 1 -p 8


ustacks parameters selected:
  Input file: './00_Data/03a_Demultiplex/S_23_01263.1.fq.gz'
  Sample ID: 197
  Min depth of coverage to create a stack (m): 3
  Repeat removal algorithm: enabled
  Max distance allowed between stacks (M): 1
  Max distance allowed to align secondary reads: 3
  Max number of stacks allowed per de novo locus: 3
  Deleveraging algorithm: disabled
  Gapped assembly: enabled
  Minimum alignment length: 0.8
  Model type: SNP
  Alpha significance level for model: 0.05

Loading RAD-Tags...1M...2M...3M...4M...

Loaded 4550111 reads; formed:
  228340 stacks representing 4172004 primary reads (91.7%)
  335980 secondary stacks representing 378107 secondary reads (8.3%)

Stack coverage: mean=18.27; stdev=228.28; max=47716; n_reads=4172004(91.7%)
Removing repetitive stacks: cov > 704 (mean+3*stdev)...
  Blacklisted 11124 stacks.
Coverage after repeat removal: mean=13.57; stdev=23.40; max=699; n_reads=2947840(64.8%)

Assembling stacks (max. dist. M=1)...
  Assembled 217216 stacks into 181296; blacklisted 2145 stacks.
Coverage after assembling stacks: mean=13.36; stdev=14.96; max=685; n_reads=2388774(52.5%)

Merging secondary stacks (max. dist. N=3 from consensus)...
  Merged 144390 out of 378107 secondary reads (38.2%), 6656 merged with gapped alignments.
Coverage after merging secondary stacks: mean=14.16; stdev=15.55; max=712; n_reads=2533164(55.7%)

Assembling stacks, allowing for gaps (min. match length 80.0%)...
  Assembled 181296 stacks into 177208 stacks.
Coverage after gapped assembly: mean=14.49; stdev=15.87; max=712; n_reads=2533164(55.7%)

Merging secondary stacks, allowing for gaps (min. match length 80.0%)...
  Merged 13646 out of 233717 secondary reads (5.8%).
Coverage after merging gapped secondary stacks: mean=14.57; stdev=15.90; max=712; n_reads=2546810(56.0%)

Final number of stacks built: 177208
Final coverage: mean=14.57; stdev=15.90; max=712; n_reads=2546810(56.0%)
Calling consensus sequences and haplotypes for catalog assembly...
Writing tags, SNPs, and alleles files to '00_Data/05a_Stacks.denovo.ALL.M1n1/S_23_01263'...done.
ustacks is done.
