

-t gzfastq -f ./00_Data/03a_Demultiplex/S_23_01076.1.fq.gz -o 00_Data/05a_Stacks.denovo.ALL.M1n1/ -i 69 -m 3 --name S_23_01076 -M 1 -p 8


ustacks parameters selected:
  Input file: './00_Data/03a_Demultiplex/S_23_01076.1.fq.gz'
  Sample ID: 69
  Min depth of coverage to create a stack (m): 3
  Repeat removal algorithm: enabled
  Max distance allowed between stacks (M): 1
  Max distance allowed to align secondary reads: 3
  Max number of stacks allowed per de novo locus: 3
  Deleveraging algorithm: disabled
  Gapped assembly: enabled
  Minimum alignment length: 0.8
  Model type: SNP
  Alpha significance level for model: 0.05

Loading RAD-Tags...1M...2M...3M...4M...

Loaded 4396226 reads; formed:
  195041 stacks representing 4132872 primary reads (94.0%)
  242525 secondary stacks representing 263354 secondary reads (6.0%)

Stack coverage: mean=21.19; stdev=265.06; max=47100; n_reads=4132872(94.0%)
Removing repetitive stacks: cov > 817 (mean+3*stdev)...
  Blacklisted 9766 stacks.
Coverage after repeat removal: mean=15.69; stdev=26.71; max=817; n_reads=2907331(66.1%)

Assembling stacks (max. dist. M=1)...
  Assembled 185275 stacks into 153171; blacklisted 1788 stacks.
Coverage after assembling stacks: mean=15.63; stdev=16.68; max=810; n_reads=2362759(53.7%)

Merging secondary stacks (max. dist. N=3 from consensus)...
  Merged 131083 out of 263354 secondary reads (49.8%), 5462 merged with gapped alignments.
Coverage after merging secondary stacks: mean=16.50; stdev=17.29; max=830; n_reads=2493842(56.7%)

Assembling stacks, allowing for gaps (min. match length 80.0%)...
  Assembled 153171 stacks into 149613 stacks.
Coverage after gapped assembly: mean=16.90; stdev=17.66; max=830; n_reads=2493842(56.7%)

Merging secondary stacks, allowing for gaps (min. match length 80.0%)...
  Merged 9423 out of 132271 secondary reads (7.1%).
Coverage after merging gapped secondary stacks: mean=16.96; stdev=17.69; max=830; n_reads=2503265(56.9%)

Final number of stacks built: 149613
Final coverage: mean=16.96; stdev=17.69; max=830; n_reads=2503265(56.9%)
Calling consensus sequences and haplotypes for catalog assembly...
Writing tags, SNPs, and alleles files to '00_Data/05a_Stacks.denovo.ALL.M1n1/S_23_01076'...done.
ustacks is done.
