

-t gzfastq -f ./00_Data/03a_Demultiplex/S_23_01160.1.fq.gz -o 00_Data/05a_Stacks.denovo.ALL.M4n4/ -i 123 -m 3 --name S_23_01160 -M 4 -p 8


ustacks parameters selected:
  Input file: './00_Data/03a_Demultiplex/S_23_01160.1.fq.gz'
  Sample ID: 123
  Min depth of coverage to create a stack (m): 3
  Repeat removal algorithm: enabled
  Max distance allowed between stacks (M): 4
  Max distance allowed to align secondary reads: 6
  Max number of stacks allowed per de novo locus: 3
  Deleveraging algorithm: disabled
  Gapped assembly: enabled
  Minimum alignment length: 0.8
  Model type: SNP
  Alpha significance level for model: 0.05

Loading RAD-Tags...1M...2M...3M...4M...

Loaded 4168477 reads; formed:
  193887 stacks representing 3878232 primary reads (93.0%)
  263080 secondary stacks representing 290245 secondary reads (7.0%)

Stack coverage: mean=20.00; stdev=255.51; max=50366; n_reads=3878232(93.0%)
Removing repetitive stacks: cov > 787 (mean+3*stdev)...
  Blacklisted 9234 stacks.
Coverage after repeat removal: mean=14.77; stdev=25.91; max=785; n_reads=2727564(65.4%)

Assembling stacks (max. dist. M=4)...
  Assembled 184653 stacks into 123568; blacklisted 2801 stacks.
Coverage after assembling stacks: mean=14.47; stdev=15.71; max=689; n_reads=1743613(41.8%)

Merging secondary stacks (max. dist. N=6 from consensus)...
  Merged 133061 out of 290245 secondary reads (45.8%), 42271 merged with gapped alignments.
Coverage after merging secondary stacks: mean=15.57; stdev=17.14; max=802; n_reads=1876674(45.0%)

Assembling stacks, allowing for gaps (min. match length 80.0%)...
  Assembled 123568 stacks into 117555 stacks.
Coverage after gapped assembly: mean=16.39; stdev=18.00; max=802; n_reads=1876674(45.0%)

Merging secondary stacks, allowing for gaps (min. match length 80.0%)...
  Merged 34197 out of 157184 secondary reads (21.8%).
Coverage after merging gapped secondary stacks: mean=16.69; stdev=19.24; max=813; n_reads=1910871(45.8%)

Final number of stacks built: 117555
Final coverage: mean=16.69; stdev=19.24; max=813; n_reads=1910871(45.8%)
Calling consensus sequences and haplotypes for catalog assembly...
Writing tags, SNPs, and alleles files to '00_Data/05a_Stacks.denovo.ALL.M4n4/S_23_01160'...done.
ustacks is done.
