

-t gzfastq -f ./00_Data/03a_Demultiplex/S_23_02256.1.fq.gz -o 00_Data/05a_Stacks.denovo.ALL.M4n4/ -i 547 -m 3 --name S_23_02256 -M 4 -p 8


ustacks parameters selected:
  Input file: './00_Data/03a_Demultiplex/S_23_02256.1.fq.gz'
  Sample ID: 547
  Min depth of coverage to create a stack (m): 3
  Repeat removal algorithm: enabled
  Max distance allowed between stacks (M): 4
  Max distance allowed to align secondary reads: 6
  Max number of stacks allowed per de novo locus: 3
  Deleveraging algorithm: disabled
  Gapped assembly: enabled
  Minimum alignment length: 0.8
  Model type: SNP
  Alpha significance level for model: 0.05

Loading RAD-Tags...1M...2M...3M...4M...5M...6M...

Loaded 6838061 reads; formed:
  228661 stacks representing 6399356 primary reads (93.6%)
  398395 secondary stacks representing 438705 secondary reads (6.4%)

Stack coverage: mean=27.99; stdev=368.21; max=73175; n_reads=6399356(93.6%)
Removing repetitive stacks: cov > 1133 (mean+3*stdev)...
  Blacklisted 12146 stacks.
Coverage after repeat removal: mean=20.62; stdev=37.73; max=1127; n_reads=4464911(65.3%)

Assembling stacks (max. dist. M=4)...
  Assembled 216515 stacks into 142919; blacklisted 3451 stacks.
Coverage after assembling stacks: mean=20.35; stdev=22.15; max=1068; n_reads=2833092(41.4%)

Merging secondary stacks (max. dist. N=6 from consensus)...
  Merged 219886 out of 438705 secondary reads (50.1%), 71550 merged with gapped alignments.
Coverage after merging secondary stacks: mean=21.93; stdev=24.23; max=1230; n_reads=3052978(44.6%)

Assembling stacks, allowing for gaps (min. match length 80.0%)...
  Assembled 142919 stacks into 134991 stacks.
Coverage after gapped assembly: mean=23.26; stdev=25.55; max=1230; n_reads=3052978(44.6%)

Merging secondary stacks, allowing for gaps (min. match length 80.0%)...
  Merged 48158 out of 218819 secondary reads (22.0%).
Coverage after merging gapped secondary stacks: mean=23.62; stdev=26.84; max=1230; n_reads=3101136(45.4%)

Final number of stacks built: 134991
Final coverage: mean=23.62; stdev=26.84; max=1230; n_reads=3101136(45.4%)
Calling consensus sequences and haplotypes for catalog assembly...
Writing tags, SNPs, and alleles files to '00_Data/05a_Stacks.denovo.ALL.M4n4/S_23_02256'...done.
ustacks is done.
