

-t gzfastq -f ./00_Data/03a_Demultiplex/S_23_01147.1.fq.gz -o 00_Data/05a_Stacks.denovo.ALL.M4n4/ -i 110 -m 3 --name S_23_01147 -M 4 -p 8


ustacks parameters selected:
  Input file: './00_Data/03a_Demultiplex/S_23_01147.1.fq.gz'
  Sample ID: 110
  Min depth of coverage to create a stack (m): 3
  Repeat removal algorithm: enabled
  Max distance allowed between stacks (M): 4
  Max distance allowed to align secondary reads: 6
  Max number of stacks allowed per de novo locus: 3
  Deleveraging algorithm: disabled
  Gapped assembly: enabled
  Minimum alignment length: 0.8
  Model type: SNP
  Alpha significance level for model: 0.05

Loading RAD-Tags...1M...2M...3M...4M...

Loaded 4224298 reads; formed:
  191303 stacks representing 3951915 primary reads (93.6%)
  247457 secondary stacks representing 272383 secondary reads (6.4%)

Stack coverage: mean=20.66; stdev=265.74; max=50305; n_reads=3951915(93.6%)
Removing repetitive stacks: cov > 818 (mean+3*stdev)...
  Blacklisted 9472 stacks.
Coverage after repeat removal: mean=15.21; stdev=27.41; max=809; n_reads=2765511(65.5%)

Assembling stacks (max. dist. M=4)...
  Assembled 181831 stacks into 121302; blacklisted 2745 stacks.
Coverage after assembling stacks: mean=14.89; stdev=16.23; max=825; n_reads=1761862(41.7%)

Merging secondary stacks (max. dist. N=6 from consensus)...
  Merged 131377 out of 272383 secondary reads (48.2%), 42863 merged with gapped alignments.
Coverage after merging secondary stacks: mean=16.00; stdev=18.11; max=1071; n_reads=1893239(44.8%)

Assembling stacks, allowing for gaps (min. match length 80.0%)...
  Assembled 121302 stacks into 115348 stacks.
Coverage after gapped assembly: mean=16.85; stdev=18.95; max=1071; n_reads=1893239(44.8%)

Merging secondary stacks, allowing for gaps (min. match length 80.0%)...
  Merged 29449 out of 141006 secondary reads (20.9%).
Coverage after merging gapped secondary stacks: mean=17.11; stdev=19.93; max=1108; n_reads=1922688(45.5%)

Final number of stacks built: 115348
Final coverage: mean=17.11; stdev=19.93; max=1108; n_reads=1922688(45.5%)
Calling consensus sequences and haplotypes for catalog assembly...
Writing tags, SNPs, and alleles files to '00_Data/05a_Stacks.denovo.ALL.M4n4/S_23_01147'...done.
ustacks is done.
