

-t gzfastq -f ./00_Data/03a_Demultiplex/S_23_01804.1.fq.gz -o 00_Data/05a_Stacks.denovo.ALL.M1n1/ -i 228 -m 3 --name S_23_01804 -M 1 -p 8


ustacks parameters selected:
  Input file: './00_Data/03a_Demultiplex/S_23_01804.1.fq.gz'
  Sample ID: 228
  Min depth of coverage to create a stack (m): 3
  Repeat removal algorithm: enabled
  Max distance allowed between stacks (M): 1
  Max distance allowed to align secondary reads: 3
  Max number of stacks allowed per de novo locus: 3
  Deleveraging algorithm: disabled
  Gapped assembly: enabled
  Minimum alignment length: 0.8
  Model type: SNP
  Alpha significance level for model: 0.05

Loading RAD-Tags...1M...2M...3M...4M...5M...6M...7M...

Loaded 7540004 reads; formed:
  230550 stacks representing 7059738 primary reads (93.6%)
  439603 secondary stacks representing 480266 secondary reads (6.4%)

Stack coverage: mean=30.62; stdev=427.81; max=97677; n_reads=7059738(93.6%)
Removing repetitive stacks: cov > 1315 (mean+3*stdev)...
  Blacklisted 11524 stacks.
Coverage after repeat removal: mean=22.71; stdev=41.64; max=1314; n_reads=4973286(66.0%)

Assembling stacks (max. dist. M=1)...
  Assembled 219026 stacks into 178189; blacklisted 2356 stacks.
Coverage after assembling stacks: mean=22.55; stdev=24.05; max=1091; n_reads=3959487(52.5%)

Merging secondary stacks (max. dist. N=3 from consensus)...
  Merged 215060 out of 480266 secondary reads (44.8%), 9609 merged with gapped alignments.
Coverage after merging secondary stacks: mean=23.78; stdev=24.87; max=1111; n_reads=4174547(55.4%)

Assembling stacks, allowing for gaps (min. match length 80.0%)...
  Assembled 178189 stacks into 173621 stacks.
Coverage after gapped assembly: mean=24.41; stdev=25.35; max=1111; n_reads=4174547(55.4%)

Merging secondary stacks, allowing for gaps (min. match length 80.0%)...
  Merged 15302 out of 265206 secondary reads (5.8%).
Coverage after merging gapped secondary stacks: mean=24.50; stdev=25.37; max=1111; n_reads=4189849(55.6%)

Final number of stacks built: 173621
Final coverage: mean=24.50; stdev=25.37; max=1111; n_reads=4189849(55.6%)
Calling consensus sequences and haplotypes for catalog assembly...
Writing tags, SNPs, and alleles files to '00_Data/05a_Stacks.denovo.ALL.M1n1/S_23_01804'...done.
ustacks is done.
