

-t gzfastq -f ./00_Data/03a_Demultiplex/S_23_02013.1.fq.gz -o 00_Data/05a_Stacks.denovo.ALL.M1n1/ -i 333 -m 3 --name S_23_02013 -M 1 -p 8


ustacks parameters selected:
  Input file: './00_Data/03a_Demultiplex/S_23_02013.1.fq.gz'
  Sample ID: 333
  Min depth of coverage to create a stack (m): 3
  Repeat removal algorithm: enabled
  Max distance allowed between stacks (M): 1
  Max distance allowed to align secondary reads: 3
  Max number of stacks allowed per de novo locus: 3
  Deleveraging algorithm: disabled
  Gapped assembly: enabled
  Minimum alignment length: 0.8
  Model type: SNP
  Alpha significance level for model: 0.05

Loading RAD-Tags...

Loaded 299594 reads; formed:
  25854 stacks representing 185818 primary reads (62.0%)
  90360 secondary stacks representing 113776 secondary reads (38.0%)

Stack coverage: mean=7.19; stdev=40.72; max=3238; n_reads=185818(62.0%)
Removing repetitive stacks: cov > 130 (mean+3*stdev)...
  Blacklisted 1508 stacks.
Coverage after repeat removal: mean=5.40; stdev=7.92; max=130; n_reads=131477(43.9%)

Assembling stacks (max. dist. M=1)...
  Assembled 24346 stacks into 21586; blacklisted 251 stacks.
Coverage after assembling stacks: mean=5.16; stdev=6.97; max=217; n_reads=109696(36.6%)

Merging secondary stacks (max. dist. N=3 from consensus)...
  Merged 16293 out of 113776 secondary reads (14.3%), 378 merged with gapped alignments.
Coverage after merging secondary stacks: mean=5.93; stdev=7.97; max=232; n_reads=125989(42.1%)

Assembling stacks, allowing for gaps (min. match length 80.0%)...
  Assembled 21586 stacks into 21388 stacks.
Coverage after gapped assembly: mean=5.99; stdev=8.08; max=232; n_reads=125989(42.1%)

Merging secondary stacks, allowing for gaps (min. match length 80.0%)...
  Merged 2841 out of 97483 secondary reads (2.9%).
Coverage after merging gapped secondary stacks: mean=6.12; stdev=8.29; max=233; n_reads=128830(43.0%)

Final number of stacks built: 21388
Final coverage: mean=6.12; stdev=8.29; max=233; n_reads=128830(43.0%)
Calling consensus sequences and haplotypes for catalog assembly...
Writing tags, SNPs, and alleles files to '00_Data/05a_Stacks.denovo.ALL.M1n1/S_23_02013'...done.
ustacks is done.
