

-t gzfastq -f ./00_Data/03a_Demultiplex/S_23_02028.1.fq.gz -o 00_Data/05a_Stacks.denovo.ALL.M1n1/ -i 348 -m 3 --name S_23_02028 -M 1 -p 8


ustacks parameters selected:
  Input file: './00_Data/03a_Demultiplex/S_23_02028.1.fq.gz'
  Sample ID: 348
  Min depth of coverage to create a stack (m): 3
  Repeat removal algorithm: enabled
  Max distance allowed between stacks (M): 1
  Max distance allowed to align secondary reads: 3
  Max number of stacks allowed per de novo locus: 3
  Deleveraging algorithm: disabled
  Gapped assembly: enabled
  Minimum alignment length: 0.8
  Model type: SNP
  Alpha significance level for model: 0.05

Loading RAD-Tags...1M...2M...3M...4M...5M...

Loaded 5969752 reads; formed:
  213266 stacks representing 5587795 primary reads (93.6%)
  348535 secondary stacks representing 381957 secondary reads (6.4%)

Stack coverage: mean=26.20; stdev=339.41; max=68785; n_reads=5587795(93.6%)
Removing repetitive stacks: cov > 1045 (mean+3*stdev)...
  Blacklisted 11021 stacks.
Coverage after repeat removal: mean=19.35; stdev=33.90; max=1030; n_reads=3912662(65.5%)

Assembling stacks (max. dist. M=1)...
  Assembled 202245 stacks into 166054; blacklisted 2099 stacks.
Coverage after assembling stacks: mean=19.25; stdev=20.96; max=948; n_reads=3150399(52.8%)

Merging secondary stacks (max. dist. N=3 from consensus)...
  Merged 179092 out of 381957 secondary reads (46.9%), 7594 merged with gapped alignments.
Coverage after merging secondary stacks: mean=20.34; stdev=21.71; max=975; n_reads=3329491(55.8%)

Assembling stacks, allowing for gaps (min. match length 80.0%)...
  Assembled 166054 stacks into 162062 stacks.
Coverage after gapped assembly: mean=20.85; stdev=22.11; max=975; n_reads=3329491(55.8%)

Merging secondary stacks, allowing for gaps (min. match length 80.0%)...
  Merged 12436 out of 202865 secondary reads (6.1%).
Coverage after merging gapped secondary stacks: mean=20.93; stdev=22.14; max=975; n_reads=3341927(56.0%)

Final number of stacks built: 162062
Final coverage: mean=20.93; stdev=22.14; max=975; n_reads=3341927(56.0%)
Calling consensus sequences and haplotypes for catalog assembly...
Writing tags, SNPs, and alleles files to '00_Data/05a_Stacks.denovo.ALL.M1n1/S_23_02028'...done.
ustacks is done.
