

-t gzfastq -f ./00_Data/03a_Demultiplex/S_23_02014.1.fq.gz -o 00_Data/05a_Stacks.denovo.ALL.M4n4/ -i 334 -m 3 --name S_23_02014 -M 4 -p 8


ustacks parameters selected:
  Input file: './00_Data/03a_Demultiplex/S_23_02014.1.fq.gz'
  Sample ID: 334
  Min depth of coverage to create a stack (m): 3
  Repeat removal algorithm: enabled
  Max distance allowed between stacks (M): 4
  Max distance allowed to align secondary reads: 6
  Max number of stacks allowed per de novo locus: 3
  Deleveraging algorithm: disabled
  Gapped assembly: enabled
  Minimum alignment length: 0.8
  Model type: SNP
  Alpha significance level for model: 0.05

Loading RAD-Tags...1M...2M...3M...

Loaded 3942047 reads; formed:
  212990 stacks representing 3575996 primary reads (90.7%)
  327709 secondary stacks representing 366051 secondary reads (9.3%)

Stack coverage: mean=16.79; stdev=212.42; max=45863; n_reads=3575996(90.7%)
Removing repetitive stacks: cov > 655 (mean+3*stdev)...
  Blacklisted 10256 stacks.
Coverage after repeat removal: mean=12.46; stdev=21.59; max=655; n_reads=2526345(64.1%)

Assembling stacks (max. dist. M=4)...
  Assembled 202734 stacks into 137758; blacklisted 3034 stacks.
Coverage after assembling stacks: mean=12.17; stdev=13.41; max=626; n_reads=1635644(41.5%)

Merging secondary stacks (max. dist. N=6 from consensus)...
  Merged 155827 out of 366051 secondary reads (42.6%), 50352 merged with gapped alignments.
Coverage after merging secondary stacks: mean=13.32; stdev=15.45; max=1388; n_reads=1791471(45.4%)

Assembling stacks, allowing for gaps (min. match length 80.0%)...
  Assembled 137758 stacks into 131253 stacks.
Coverage after gapped assembly: mean=14.00; stdev=16.22; max=1388; n_reads=1791471(45.4%)

Merging secondary stacks, allowing for gaps (min. match length 80.0%)...
  Merged 42268 out of 210224 secondary reads (20.1%).
Coverage after merging gapped secondary stacks: mean=14.33; stdev=17.89; max=1397; n_reads=1833739(46.5%)

Final number of stacks built: 131253
Final coverage: mean=14.33; stdev=17.89; max=1397; n_reads=1833739(46.5%)
Calling consensus sequences and haplotypes for catalog assembly...
Writing tags, SNPs, and alleles files to '00_Data/05a_Stacks.denovo.ALL.M4n4/S_23_02014'...done.
ustacks is done.
