

-t gzfastq -f ./00_Data/03a_Demultiplex/S_23_02079.1.fq.gz -o 00_Data/05a_Stacks.denovo.ALL.M1n1/ -i 392 -m 3 --name S_23_02079 -M 1 -p 8


ustacks parameters selected:
  Input file: './00_Data/03a_Demultiplex/S_23_02079.1.fq.gz'
  Sample ID: 392
  Min depth of coverage to create a stack (m): 3
  Repeat removal algorithm: enabled
  Max distance allowed between stacks (M): 1
  Max distance allowed to align secondary reads: 3
  Max number of stacks allowed per de novo locus: 3
  Deleveraging algorithm: disabled
  Gapped assembly: enabled
  Minimum alignment length: 0.8
  Model type: SNP
  Alpha significance level for model: 0.05

Loading RAD-Tags...1M...

Loaded 1584631 reads; formed:
  133829 stacks representing 1384307 primary reads (87.4%)
  165616 secondary stacks representing 200324 secondary reads (12.6%)

Stack coverage: mean=10.34; stdev=151.18; max=32134; n_reads=1384307(87.4%)
Removing repetitive stacks: cov > 464 (mean+3*stdev)...
  Blacklisted 5967 stacks.
Coverage after repeat removal: mean=7.75; stdev=13.61; max=464; n_reads=991203(62.6%)

Assembling stacks (max. dist. M=1)...
  Assembled 127862 stacks into 110268; blacklisted 1097 stacks.
Coverage after assembling stacks: mean=7.39; stdev=7.56; max=459; n_reads=805925(50.9%)

Merging secondary stacks (max. dist. N=3 from consensus)...
  Merged 59339 out of 200324 secondary reads (29.6%), 2312 merged with gapped alignments.
Coverage after merging secondary stacks: mean=7.93; stdev=7.98; max=470; n_reads=865264(54.6%)

Assembling stacks, allowing for gaps (min. match length 80.0%)...
  Assembled 110268 stacks into 108779 stacks.
Coverage after gapped assembly: mean=8.04; stdev=8.12; max=470; n_reads=865264(54.6%)

Merging secondary stacks, allowing for gaps (min. match length 80.0%)...
  Merged 7448 out of 140985 secondary reads (5.3%).
Coverage after merging gapped secondary stacks: mean=8.11; stdev=8.17; max=470; n_reads=872712(55.1%)

Final number of stacks built: 108779
Final coverage: mean=8.11; stdev=8.17; max=470; n_reads=872712(55.1%)
Calling consensus sequences and haplotypes for catalog assembly...
Writing tags, SNPs, and alleles files to '00_Data/05a_Stacks.denovo.ALL.M1n1/S_23_02079'...done.
ustacks is done.
