

-t gzfastq -f ./00_Data/03a_Demultiplex/S_23_01227.1.fq.gz -o 00_Data/05a_Stacks.denovo.ALL.M1n1/ -i 176 -m 3 --name S_23_01227 -M 1 -p 8


ustacks parameters selected:
  Input file: './00_Data/03a_Demultiplex/S_23_01227.1.fq.gz'
  Sample ID: 176
  Min depth of coverage to create a stack (m): 3
  Repeat removal algorithm: enabled
  Max distance allowed between stacks (M): 1
  Max distance allowed to align secondary reads: 3
  Max number of stacks allowed per de novo locus: 3
  Deleveraging algorithm: disabled
  Gapped assembly: enabled
  Minimum alignment length: 0.8
  Model type: SNP
  Alpha significance level for model: 0.05

Loading RAD-Tags...1M...2M...3M...

Loaded 3576793 reads; formed:
  191683 stacks representing 3291242 primary reads (92.0%)
  253705 secondary stacks representing 285551 secondary reads (8.0%)

Stack coverage: mean=17.17; stdev=190.08; max=32813; n_reads=3291242(92.0%)
Removing repetitive stacks: cov > 588 (mean+3*stdev)...
  Blacklisted 9921 stacks.
Coverage after repeat removal: mean=12.76; stdev=20.64; max=585; n_reads=2318624(64.8%)

Assembling stacks (max. dist. M=1)...
  Assembled 181762 stacks into 152263; blacklisted 1822 stacks.
Coverage after assembling stacks: mean=12.60; stdev=14.31; max=606; n_reads=1892061(52.9%)

Merging secondary stacks (max. dist. N=3 from consensus)...
  Merged 125313 out of 285551 secondary reads (43.9%), 5346 merged with gapped alignments.
Coverage after merging secondary stacks: mean=13.43; stdev=14.98; max=636; n_reads=2017374(56.4%)

Assembling stacks, allowing for gaps (min. match length 80.0%)...
  Assembled 152263 stacks into 149057 stacks.
Coverage after gapped assembly: mean=13.73; stdev=15.27; max=636; n_reads=2017374(56.4%)

Merging secondary stacks, allowing for gaps (min. match length 80.0%)...
  Merged 10209 out of 160238 secondary reads (6.4%).
Coverage after merging gapped secondary stacks: mean=13.80; stdev=15.31; max=636; n_reads=2027583(56.7%)

Final number of stacks built: 149057
Final coverage: mean=13.80; stdev=15.31; max=636; n_reads=2027583(56.7%)
Calling consensus sequences and haplotypes for catalog assembly...
Writing tags, SNPs, and alleles files to '00_Data/05a_Stacks.denovo.ALL.M1n1/S_23_01227'...done.
ustacks is done.
