

-t gzfastq -f ./00_Data/03a_Demultiplex/S_23_02142.1.fq.gz -o 00_Data/05a_Stacks.denovo.ALL.M4n4/ -i 451 -m 3 --name S_23_02142 -M 4 -p 8


ustacks parameters selected:
  Input file: './00_Data/03a_Demultiplex/S_23_02142.1.fq.gz'
  Sample ID: 451
  Min depth of coverage to create a stack (m): 3
  Repeat removal algorithm: enabled
  Max distance allowed between stacks (M): 4
  Max distance allowed to align secondary reads: 6
  Max number of stacks allowed per de novo locus: 3
  Deleveraging algorithm: disabled
  Gapped assembly: enabled
  Minimum alignment length: 0.8
  Model type: SNP
  Alpha significance level for model: 0.05

Loading RAD-Tags...1M...2M...

Loaded 2166650 reads; formed:
  159800 stacks representing 1937187 primary reads (89.4%)
  193470 secondary stacks representing 229463 secondary reads (10.6%)

Stack coverage: mean=12.12; stdev=121.00; max=18119; n_reads=1937187(89.4%)
Removing repetitive stacks: cov > 376 (mean+3*stdev)...
  Blacklisted 7711 stacks.
Coverage after repeat removal: mean=9.02; stdev=14.25; max=376; n_reads=1371103(63.3%)

Assembling stacks (max. dist. M=4)...
  Assembled 152089 stacks into 105926; blacklisted 2326 stacks.
Coverage after assembling stacks: mean=8.80; stdev=9.87; max=381; n_reads=909451(42.0%)

Merging secondary stacks (max. dist. N=6 from consensus)...
  Merged 85157 out of 229463 secondary reads (37.1%), 28208 merged with gapped alignments.
Coverage after merging secondary stacks: mean=9.62; stdev=11.13; max=441; n_reads=994608(45.9%)

Assembling stacks, allowing for gaps (min. match length 80.0%)...
  Assembled 105926 stacks into 101752 stacks.
Coverage after gapped assembly: mean=10.03; stdev=11.74; max=441; n_reads=994608(45.9%)

Merging secondary stacks, allowing for gaps (min. match length 80.0%)...
  Merged 28206 out of 144306 secondary reads (19.5%).
Coverage after merging gapped secondary stacks: mean=10.31; stdev=13.23; max=861; n_reads=1022814(47.2%)

Final number of stacks built: 101752
Final coverage: mean=10.31; stdev=13.23; max=861; n_reads=1022814(47.2%)
Calling consensus sequences and haplotypes for catalog assembly...
Writing tags, SNPs, and alleles files to '00_Data/05a_Stacks.denovo.ALL.M4n4/S_23_02142'...done.
ustacks is done.
