

-t gzfastq -f ./00_Data/03a_Demultiplex/S_23_02197.1.fq.gz -o 00_Data/05a_Stacks.denovo.ALL.M4n4/ -i 505 -m 3 --name S_23_02197 -M 4 -p 8


ustacks parameters selected:
  Input file: './00_Data/03a_Demultiplex/S_23_02197.1.fq.gz'
  Sample ID: 505
  Min depth of coverage to create a stack (m): 3
  Repeat removal algorithm: enabled
  Max distance allowed between stacks (M): 4
  Max distance allowed to align secondary reads: 6
  Max number of stacks allowed per de novo locus: 3
  Deleveraging algorithm: disabled
  Gapped assembly: enabled
  Minimum alignment length: 0.8
  Model type: SNP
  Alpha significance level for model: 0.05

Loading RAD-Tags...1M...

Loaded 1437333 reads; formed:
  93338 stacks representing 1217594 primary reads (84.7%)
  181877 secondary stacks representing 219739 secondary reads (15.3%)

Stack coverage: mean=13.04; stdev=124.72; max=20542; n_reads=1217594(84.7%)
Removing repetitive stacks: cov > 388 (mean+3*stdev)...
  Blacklisted 4261 stacks.
Coverage after repeat removal: mean=9.90; stdev=22.57; max=388; n_reads=882228(61.4%)

Assembling stacks (max. dist. M=4)...
  Assembled 89077 stacks into 60365; blacklisted 1818 stacks.
Coverage after assembling stacks: mean=9.60; stdev=21.95; max=545; n_reads=560048(39.0%)

Merging secondary stacks (max. dist. N=6 from consensus)...
  Merged 60267 out of 219739 secondary reads (27.4%), 19446 merged with gapped alignments.
Coverage after merging secondary stacks: mean=10.63; stdev=23.82; max=867; n_reads=620315(43.2%)

Assembling stacks, allowing for gaps (min. match length 80.0%)...
  Assembled 60365 stacks into 58551 stacks.
Coverage after gapped assembly: mean=10.98; stdev=24.43; max=867; n_reads=620315(43.2%)

Merging secondary stacks, allowing for gaps (min. match length 80.0%)...
  Merged 18890 out of 159472 secondary reads (11.8%).
Coverage after merging gapped secondary stacks: mean=11.31; stdev=25.73; max=989; n_reads=639205(44.5%)

Final number of stacks built: 58551
Final coverage: mean=11.31; stdev=25.73; max=989; n_reads=639205(44.5%)
Calling consensus sequences and haplotypes for catalog assembly...
Writing tags, SNPs, and alleles files to '00_Data/05a_Stacks.denovo.ALL.M4n4/S_23_02197'...done.
ustacks is done.
