

-t gzfastq -f ./00_Data/03a_Demultiplex/S_23_01860.1.fq.gz -o 00_Data/05a_Stacks.denovo.ALL.M1n1/ -i 267 -m 3 --name S_23_01860 -M 1 -p 8


ustacks parameters selected:
  Input file: './00_Data/03a_Demultiplex/S_23_01860.1.fq.gz'
  Sample ID: 267
  Min depth of coverage to create a stack (m): 3
  Repeat removal algorithm: enabled
  Max distance allowed between stacks (M): 1
  Max distance allowed to align secondary reads: 3
  Max number of stacks allowed per de novo locus: 3
  Deleveraging algorithm: disabled
  Gapped assembly: enabled
  Minimum alignment length: 0.8
  Model type: SNP
  Alpha significance level for model: 0.05

Loading RAD-Tags...1M...2M...3M...

Loaded 3088154 reads; formed:
  184078 stacks representing 2859081 primary reads (92.6%)
  200695 secondary stacks representing 229073 secondary reads (7.4%)

Stack coverage: mean=15.53; stdev=186.64; max=34851; n_reads=2859081(92.6%)
Removing repetitive stacks: cov > 576 (mean+3*stdev)...
  Blacklisted 8769 stacks.
Coverage after repeat removal: mean=11.53; stdev=19.40; max=576; n_reads=2021061(65.4%)

Assembling stacks (max. dist. M=1)...
  Assembled 175309 stacks into 147623; blacklisted 1704 stacks.
Coverage after assembling stacks: mean=11.32; stdev=12.82; max=580; n_reads=1649742(53.4%)

Merging secondary stacks (max. dist. N=3 from consensus)...
  Merged 92954 out of 229073 secondary reads (40.6%), 3987 merged with gapped alignments.
Coverage after merging secondary stacks: mean=11.96; stdev=13.28; max=601; n_reads=1742696(56.4%)

Assembling stacks, allowing for gaps (min. match length 80.0%)...
  Assembled 147623 stacks into 144725 stacks.
Coverage after gapped assembly: mean=12.21; stdev=13.54; max=604; n_reads=1742696(56.4%)

Merging secondary stacks, allowing for gaps (min. match length 80.0%)...
  Merged 9067 out of 136119 secondary reads (6.7%).
Coverage after merging gapped secondary stacks: mean=12.27; stdev=13.57; max=604; n_reads=1751763(56.7%)

Final number of stacks built: 144725
Final coverage: mean=12.27; stdev=13.57; max=604; n_reads=1751763(56.7%)
Calling consensus sequences and haplotypes for catalog assembly...
Writing tags, SNPs, and alleles files to '00_Data/05a_Stacks.denovo.ALL.M1n1/S_23_01860'...done.
ustacks is done.
