

-t gzfastq -f ./00_Data/03a_Demultiplex/S_23_01875.1.fq.gz -o 00_Data/05a_Stacks.denovo.ALL.M1n1/ -i 280 -m 3 --name S_23_01875 -M 1 -p 8


ustacks parameters selected:
  Input file: './00_Data/03a_Demultiplex/S_23_01875.1.fq.gz'
  Sample ID: 280
  Min depth of coverage to create a stack (m): 3
  Repeat removal algorithm: enabled
  Max distance allowed between stacks (M): 1
  Max distance allowed to align secondary reads: 3
  Max number of stacks allowed per de novo locus: 3
  Deleveraging algorithm: disabled
  Gapped assembly: enabled
  Minimum alignment length: 0.8
  Model type: SNP
  Alpha significance level for model: 0.05

Loading RAD-Tags...1M...2M...3M...4M...5M...

Loaded 5654349 reads; formed:
  224356 stacks representing 5279153 primary reads (93.4%)
  338045 secondary stacks representing 375196 secondary reads (6.6%)

Stack coverage: mean=23.53; stdev=273.59; max=51001; n_reads=5279153(93.4%)
Removing repetitive stacks: cov > 845 (mean+3*stdev)...
  Blacklisted 11468 stacks.
Coverage after repeat removal: mean=17.64; stdev=28.18; max=844; n_reads=3755035(66.4%)

Assembling stacks (max. dist. M=1)...
  Assembled 212888 stacks into 176064; blacklisted 2123 stacks.
Coverage after assembling stacks: mean=17.74; stdev=19.26; max=821; n_reads=3080953(54.5%)

Merging secondary stacks (max. dist. N=3 from consensus)...
  Merged 172370 out of 375196 secondary reads (45.9%), 7293 merged with gapped alignments.
Coverage after merging secondary stacks: mean=18.74; stdev=19.95; max=848; n_reads=3253323(57.5%)

Assembling stacks, allowing for gaps (min. match length 80.0%)...
  Assembled 176064 stacks into 171768 stacks.
Coverage after gapped assembly: mean=19.21; stdev=20.38; max=848; n_reads=3253323(57.5%)

Merging secondary stacks, allowing for gaps (min. match length 80.0%)...
  Merged 13345 out of 202826 secondary reads (6.6%).
Coverage after merging gapped secondary stacks: mean=19.29; stdev=20.40; max=849; n_reads=3266668(57.8%)

Final number of stacks built: 171768
Final coverage: mean=19.29; stdev=20.40; max=849; n_reads=3266668(57.8%)
Calling consensus sequences and haplotypes for catalog assembly...
Writing tags, SNPs, and alleles files to '00_Data/05a_Stacks.denovo.ALL.M1n1/S_23_01875'...done.
ustacks is done.
