

-t gzfastq -f ./00_Data/03a_Demultiplex/S_23_01794.1.fq.gz -o 00_Data/05a_Stacks.denovo.ALL.M1n1/ -i 217 -m 3 --name S_23_01794 -M 1 -p 8


ustacks parameters selected:
  Input file: './00_Data/03a_Demultiplex/S_23_01794.1.fq.gz'
  Sample ID: 217
  Min depth of coverage to create a stack (m): 3
  Repeat removal algorithm: enabled
  Max distance allowed between stacks (M): 1
  Max distance allowed to align secondary reads: 3
  Max number of stacks allowed per de novo locus: 3
  Deleveraging algorithm: disabled
  Gapped assembly: enabled
  Minimum alignment length: 0.8
  Model type: SNP
  Alpha significance level for model: 0.05

Loading RAD-Tags...1M...2M...

Loaded 2282933 reads; formed:
  174875 stacks representing 2008547 primary reads (88.0%)
  233129 secondary stacks representing 274386 secondary reads (12.0%)

Stack coverage: mean=11.49; stdev=128.77; max=25784; n_reads=2008547(88.0%)
Removing repetitive stacks: cov > 398 (mean+3*stdev)...
  Blacklisted 8101 stacks.
Coverage after repeat removal: mean=8.54; stdev=14.09; max=397; n_reads=1424931(62.4%)

Assembling stacks (max. dist. M=1)...
  Assembled 166774 stacks into 143572; blacklisted 1557 stacks.
Coverage after assembling stacks: mean=8.23; stdev=8.99; max=398; n_reads=1166756(51.1%)

Merging secondary stacks (max. dist. N=3 from consensus)...
  Merged 83763 out of 274386 secondary reads (30.5%), 3391 merged with gapped alignments.
Coverage after merging secondary stacks: mean=8.82; stdev=9.47; max=413; n_reads=1250519(54.8%)

Assembling stacks, allowing for gaps (min. match length 80.0%)...
  Assembled 143572 stacks into 141331 stacks.
Coverage after gapped assembly: mean=8.96; stdev=9.63; max=413; n_reads=1250519(54.8%)

Merging secondary stacks, allowing for gaps (min. match length 80.0%)...
  Merged 9889 out of 190623 secondary reads (5.2%).
Coverage after merging gapped secondary stacks: mean=9.03; stdev=9.68; max=413; n_reads=1260408(55.2%)

Final number of stacks built: 141331
Final coverage: mean=9.03; stdev=9.68; max=413; n_reads=1260408(55.2%)
Calling consensus sequences and haplotypes for catalog assembly...
Writing tags, SNPs, and alleles files to '00_Data/05a_Stacks.denovo.ALL.M1n1/S_23_01794'...done.
ustacks is done.
