

-t gzfastq -f ./00_Data/03a_Demultiplex/S_23_01047.1.fq.gz -o 00_Data/05a_Stacks.denovo.ALL.M1n1/ -i 39 -m 3 --name S_23_01047 -M 1 -p 8


ustacks parameters selected:
  Input file: './00_Data/03a_Demultiplex/S_23_01047.1.fq.gz'
  Sample ID: 39
  Min depth of coverage to create a stack (m): 3
  Repeat removal algorithm: enabled
  Max distance allowed between stacks (M): 1
  Max distance allowed to align secondary reads: 3
  Max number of stacks allowed per de novo locus: 3
  Deleveraging algorithm: disabled
  Gapped assembly: enabled
  Minimum alignment length: 0.8
  Model type: SNP
  Alpha significance level for model: 0.05

Loading RAD-Tags...1M...2M...3M...4M...

Loaded 4557151 reads; formed:
  220606 stacks representing 4221519 primary reads (92.6%)
  300928 secondary stacks representing 335632 secondary reads (7.4%)

Stack coverage: mean=19.14; stdev=233.11; max=48223; n_reads=4221519(92.6%)
Removing repetitive stacks: cov > 719 (mean+3*stdev)...
  Blacklisted 11372 stacks.
Coverage after repeat removal: mean=14.16; stdev=24.54; max=716; n_reads=2963730(65.0%)

Assembling stacks (max. dist. M=1)...
  Assembled 209234 stacks into 174793; blacklisted 2040 stacks.
Coverage after assembling stacks: mean=13.91; stdev=15.70; max=682; n_reads=2398715(52.6%)

Merging secondary stacks (max. dist. N=3 from consensus)...
  Merged 142337 out of 335632 secondary reads (42.4%), 6238 merged with gapped alignments.
Coverage after merging secondary stacks: mean=14.73; stdev=16.33; max=699; n_reads=2541052(55.8%)

Assembling stacks, allowing for gaps (min. match length 80.0%)...
  Assembled 174793 stacks into 170896 stacks.
Coverage after gapped assembly: mean=15.07; stdev=16.66; max=699; n_reads=2541052(55.8%)

Merging secondary stacks, allowing for gaps (min. match length 80.0%)...
  Merged 12037 out of 193295 secondary reads (6.2%).
Coverage after merging gapped secondary stacks: mean=15.15; stdev=16.69; max=699; n_reads=2553089(56.0%)

Final number of stacks built: 170896
Final coverage: mean=15.15; stdev=16.69; max=699; n_reads=2553089(56.0%)
Calling consensus sequences and haplotypes for catalog assembly...
Writing tags, SNPs, and alleles files to '00_Data/05a_Stacks.denovo.ALL.M1n1/S_23_01047'...done.
ustacks is done.
