

-t gzfastq -f ./00_Data/03a_Demultiplex/S_23_01113.1.fq.gz -o 00_Data/05a_Stacks.denovo.ALL.M4n4/ -i 91 -m 3 --name S_23_01113 -M 4 -p 8


ustacks parameters selected:
  Input file: './00_Data/03a_Demultiplex/S_23_01113.1.fq.gz'
  Sample ID: 91
  Min depth of coverage to create a stack (m): 3
  Repeat removal algorithm: enabled
  Max distance allowed between stacks (M): 4
  Max distance allowed to align secondary reads: 6
  Max number of stacks allowed per de novo locus: 3
  Deleveraging algorithm: disabled
  Gapped assembly: enabled
  Minimum alignment length: 0.8
  Model type: SNP
  Alpha significance level for model: 0.05

Loading RAD-Tags...1M...2M...3M...4M...5M...

Loaded 5773424 reads; formed:
  237272 stacks representing 5332534 primary reads (92.4%)
  401080 secondary stacks representing 440890 secondary reads (7.6%)

Stack coverage: mean=22.47; stdev=273.61; max=55041; n_reads=5332534(92.4%)
Removing repetitive stacks: cov > 844 (mean+3*stdev)...
  Blacklisted 13048 stacks.
Coverage after repeat removal: mean=16.75; stdev=28.84; max=843; n_reads=3756869(65.1%)

Assembling stacks (max. dist. M=4)...
  Assembled 224224 stacks into 149921; blacklisted 3406 stacks.
Coverage after assembling stacks: mean=16.53; stdev=18.25; max=800; n_reads=2416295(41.9%)

Merging secondary stacks (max. dist. N=6 from consensus)...
  Merged 217923 out of 440890 secondary reads (49.4%), 70884 merged with gapped alignments.
Coverage after merging secondary stacks: mean=18.02; stdev=20.64; max=1233; n_reads=2634218(45.6%)

Assembling stacks, allowing for gaps (min. match length 80.0%)...
  Assembled 149921 stacks into 141970 stacks.
Coverage after gapped assembly: mean=19.05; stdev=21.71; max=1233; n_reads=2634218(45.6%)

Merging secondary stacks, allowing for gaps (min. match length 80.0%)...
  Merged 46728 out of 222967 secondary reads (21.0%).
Coverage after merging gapped secondary stacks: mean=19.39; stdev=23.10; max=1248; n_reads=2680946(46.4%)

Final number of stacks built: 141970
Final coverage: mean=19.39; stdev=23.10; max=1248; n_reads=2680946(46.4%)
Calling consensus sequences and haplotypes for catalog assembly...
Writing tags, SNPs, and alleles files to '00_Data/05a_Stacks.denovo.ALL.M4n4/S_23_01113'...done.
ustacks is done.
