

-t gzfastq -f ./00_Data/03a_Demultiplex/S_23_02212.1.fq.gz -o 00_Data/05a_Stacks.denovo.ALL.M4n4/ -i 519 -m 3 --name S_23_02212 -M 4 -p 8


ustacks parameters selected:
  Input file: './00_Data/03a_Demultiplex/S_23_02212.1.fq.gz'
  Sample ID: 519
  Min depth of coverage to create a stack (m): 3
  Repeat removal algorithm: enabled
  Max distance allowed between stacks (M): 4
  Max distance allowed to align secondary reads: 6
  Max number of stacks allowed per de novo locus: 3
  Deleveraging algorithm: disabled
  Gapped assembly: enabled
  Minimum alignment length: 0.8
  Model type: SNP
  Alpha significance level for model: 0.05

Loading RAD-Tags...1M...2M...3M...

Loaded 3412366 reads; formed:
  190818 stacks representing 3105153 primary reads (91.0%)
  266155 secondary stacks representing 307213 secondary reads (9.0%)

Stack coverage: mean=16.27; stdev=207.06; max=48849; n_reads=3105153(91.0%)
Removing repetitive stacks: cov > 638 (mean+3*stdev)...
  Blacklisted 7722 stacks.
Coverage after repeat removal: mean=12.46; stdev=24.92; max=636; n_reads=2280472(66.8%)

Assembling stacks (max. dist. M=4)...
  Assembled 183096 stacks into 123430; blacklisted 3391 stacks.
Coverage after assembling stacks: mean=11.99; stdev=19.44; max=632; n_reads=1437239(42.1%)

Merging secondary stacks (max. dist. N=6 from consensus)...
  Merged 118993 out of 307213 secondary reads (38.7%), 37941 merged with gapped alignments.
Coverage after merging secondary stacks: mean=12.99; stdev=21.01; max=1155; n_reads=1556232(45.6%)

Assembling stacks, allowing for gaps (min. match length 80.0%)...
  Assembled 123430 stacks into 118264 stacks.
Coverage after gapped assembly: mean=13.57; stdev=21.78; max=1155; n_reads=1556232(45.6%)

Merging secondary stacks, allowing for gaps (min. match length 80.0%)...
  Merged 30652 out of 188220 secondary reads (16.3%).
Coverage after merging gapped secondary stacks: mean=13.84; stdev=22.91; max=1242; n_reads=1586884(46.5%)

Final number of stacks built: 118264
Final coverage: mean=13.84; stdev=22.91; max=1242; n_reads=1586884(46.5%)
Calling consensus sequences and haplotypes for catalog assembly...
Writing tags, SNPs, and alleles files to '00_Data/05a_Stacks.denovo.ALL.M4n4/S_23_02212'...done.
ustacks is done.
