

-t gzfastq -f ./00_Data/03a_Demultiplex/S_23_01878.1.fq.gz -o 00_Data/05a_Stacks.denovo.ALL.M4n4/ -i 283 -m 3 --name S_23_01878 -M 4 -p 8


ustacks parameters selected:
  Input file: './00_Data/03a_Demultiplex/S_23_01878.1.fq.gz'
  Sample ID: 283
  Min depth of coverage to create a stack (m): 3
  Repeat removal algorithm: enabled
  Max distance allowed between stacks (M): 4
  Max distance allowed to align secondary reads: 6
  Max number of stacks allowed per de novo locus: 3
  Deleveraging algorithm: disabled
  Gapped assembly: enabled
  Minimum alignment length: 0.8
  Model type: SNP
  Alpha significance level for model: 0.05

Loading RAD-Tags...1M...2M...3M...4M...

Loaded 4705413 reads; formed:
  217281 stacks representing 4357067 primary reads (92.6%)
  321360 secondary stacks representing 348346 secondary reads (7.4%)

Stack coverage: mean=20.05; stdev=259.93; max=58407; n_reads=4357067(92.6%)
Removing repetitive stacks: cov > 800 (mean+3*stdev)...
  Blacklisted 10675 stacks.
Coverage after repeat removal: mean=15.09; stdev=26.00; max=799; n_reads=3117392(66.3%)

Assembling stacks (max. dist. M=4)...
  Assembled 206606 stacks into 138346; blacklisted 3081 stacks.
Coverage after assembling stacks: mean=15.00; stdev=14.50; max=687; n_reads=2025004(43.0%)

Merging secondary stacks (max. dist. N=6 from consensus)...
  Merged 183914 out of 348346 secondary reads (52.8%), 55269 merged with gapped alignments.
Coverage after merging secondary stacks: mean=16.36; stdev=16.42; max=838; n_reads=2208918(46.9%)

Assembling stacks, allowing for gaps (min. match length 80.0%)...
  Assembled 138346 stacks into 131290 stacks.
Coverage after gapped assembly: mean=17.26; stdev=17.33; max=838; n_reads=2208918(46.9%)

Merging secondary stacks, allowing for gaps (min. match length 80.0%)...
  Merged 39990 out of 164432 secondary reads (24.3%).
Coverage after merging gapped secondary stacks: mean=17.57; stdev=19.10; max=1026; n_reads=2248908(47.8%)

Final number of stacks built: 131290
Final coverage: mean=17.57; stdev=19.10; max=1026; n_reads=2248908(47.8%)
Calling consensus sequences and haplotypes for catalog assembly...
Writing tags, SNPs, and alleles files to '00_Data/05a_Stacks.denovo.ALL.M4n4/S_23_01878'...done.
ustacks is done.
