

-t gzfastq -f ./00_Data/03a_Demultiplex/S_23_01072.1.fq.gz -o 00_Data/05a_Stacks.denovo.ALL.M4n4/ -i 64 -m 3 --name S_23_01072 -M 4 -p 8


ustacks parameters selected:
  Input file: './00_Data/03a_Demultiplex/S_23_01072.1.fq.gz'
  Sample ID: 64
  Min depth of coverage to create a stack (m): 3
  Repeat removal algorithm: enabled
  Max distance allowed between stacks (M): 4
  Max distance allowed to align secondary reads: 6
  Max number of stacks allowed per de novo locus: 3
  Deleveraging algorithm: disabled
  Gapped assembly: enabled
  Minimum alignment length: 0.8
  Model type: SNP
  Alpha significance level for model: 0.05

Loading RAD-Tags...1M...2M...3M...4M...5M...6M...7M...

Loaded 7635370 reads; formed:
  223460 stacks representing 7166241 primary reads (93.9%)
  435294 secondary stacks representing 469129 secondary reads (6.1%)

Stack coverage: mean=32.07; stdev=413.04; max=89610; n_reads=7166241(93.9%)
Removing repetitive stacks: cov > 1272 (mean+3*stdev)...
  Blacklisted 12084 stacks.
Coverage after repeat removal: mean=23.78; stdev=42.39; max=1260; n_reads=5027167(65.8%)

Assembling stacks (max. dist. M=4)...
  Assembled 211376 stacks into 138768; blacklisted 3286 stacks.
Coverage after assembling stacks: mean=23.47; stdev=24.95; max=1172; n_reads=3173205(41.6%)

Merging secondary stacks (max. dist. N=6 from consensus)...
  Merged 260988 out of 469129 secondary reads (55.6%), 81785 merged with gapped alignments.
Coverage after merging secondary stacks: mean=25.40; stdev=27.68; max=1491; n_reads=3434193(45.0%)

Assembling stacks, allowing for gaps (min. match length 80.0%)...
  Assembled 138768 stacks into 131160 stacks.
Coverage after gapped assembly: mean=26.91; stdev=29.12; max=1491; n_reads=3434193(45.0%)

Merging secondary stacks, allowing for gaps (min. match length 80.0%)...
  Merged 47955 out of 208141 secondary reads (23.0%).
Coverage after merging gapped secondary stacks: mean=27.29; stdev=31.11; max=2147; n_reads=3482148(45.6%)

Final number of stacks built: 131160
Final coverage: mean=27.29; stdev=31.11; max=2147; n_reads=3482148(45.6%)
Calling consensus sequences and haplotypes for catalog assembly...
Writing tags, SNPs, and alleles files to '00_Data/05a_Stacks.denovo.ALL.M4n4/S_23_01072'...done.
ustacks is done.
