

-t gzfastq -f ./00_Data/03a_Demultiplex/S_23_01267.1.fq.gz -o 00_Data/05a_Stacks.denovo.ALL.M1n1/ -i 201 -m 3 --name S_23_01267 -M 1 -p 8


ustacks parameters selected:
  Input file: './00_Data/03a_Demultiplex/S_23_01267.1.fq.gz'
  Sample ID: 201
  Min depth of coverage to create a stack (m): 3
  Repeat removal algorithm: enabled
  Max distance allowed between stacks (M): 1
  Max distance allowed to align secondary reads: 3
  Max number of stacks allowed per de novo locus: 3
  Deleveraging algorithm: disabled
  Gapped assembly: enabled
  Minimum alignment length: 0.8
  Model type: SNP
  Alpha significance level for model: 0.05

Loading RAD-Tags...1M...2M...3M...

Loaded 3205141 reads; formed:
  206580 stacks representing 2893735 primary reads (90.3%)
  272943 secondary stacks representing 311406 secondary reads (9.7%)

Stack coverage: mean=14.01; stdev=163.28; max=32941; n_reads=2893735(90.3%)
Removing repetitive stacks: cov > 504 (mean+3*stdev)...
  Blacklisted 10260 stacks.
Coverage after repeat removal: mean=10.45; stdev=17.01; max=500; n_reads=2051091(64.0%)

Assembling stacks (max. dist. M=1)...
  Assembled 196320 stacks into 166570; blacklisted 1857 stacks.
Coverage after assembling stacks: mean=10.27; stdev=11.68; max=568; n_reads=1688153(52.7%)

Merging secondary stacks (max. dist. N=3 from consensus)...
  Merged 118915 out of 311406 secondary reads (38.2%), 4943 merged with gapped alignments.
Coverage after merging secondary stacks: mean=10.99; stdev=12.27; max=595; n_reads=1807068(56.4%)

Assembling stacks, allowing for gaps (min. match length 80.0%)...
  Assembled 166570 stacks into 163454 stacks.
Coverage after gapped assembly: mean=11.20; stdev=12.50; max=615; n_reads=1807068(56.4%)

Merging secondary stacks, allowing for gaps (min. match length 80.0%)...
  Merged 11678 out of 192491 secondary reads (6.1%).
Coverage after merging gapped secondary stacks: mean=11.27; stdev=12.54; max=617; n_reads=1818746(56.7%)

Final number of stacks built: 163454
Final coverage: mean=11.27; stdev=12.54; max=617; n_reads=1818746(56.7%)
Calling consensus sequences and haplotypes for catalog assembly...
Writing tags, SNPs, and alleles files to '00_Data/05a_Stacks.denovo.ALL.M1n1/S_23_01267'...done.
ustacks is done.
