

-t gzfastq -f ./00_Data/03a_Demultiplex/S_23_01915.1.fq.gz -o 00_Data/05a_Stacks.denovo.ALL.M1n1/ -i 305 -m 3 --name S_23_01915 -M 1 -p 8


ustacks parameters selected:
  Input file: './00_Data/03a_Demultiplex/S_23_01915.1.fq.gz'
  Sample ID: 305
  Min depth of coverage to create a stack (m): 3
  Repeat removal algorithm: enabled
  Max distance allowed between stacks (M): 1
  Max distance allowed to align secondary reads: 3
  Max number of stacks allowed per de novo locus: 3
  Deleveraging algorithm: disabled
  Gapped assembly: enabled
  Minimum alignment length: 0.8
  Model type: SNP
  Alpha significance level for model: 0.05

Loading RAD-Tags...1M...2M...3M...4M...5M...6M...

Loaded 6436052 reads; formed:
  232667 stacks representing 6022046 primary reads (93.6%)
  376377 secondary stacks representing 414006 secondary reads (6.4%)

Stack coverage: mean=25.88; stdev=374.30; max=88833; n_reads=6022046(93.6%)
Removing repetitive stacks: cov > 1149 (mean+3*stdev)...
  Blacklisted 11185 stacks.
Coverage after repeat removal: mean=19.03; stdev=35.69; max=1148; n_reads=4215286(65.5%)

Assembling stacks (max. dist. M=1)...
  Assembled 221482 stacks into 180874; blacklisted 2298 stacks.
Coverage after assembling stacks: mean=18.76; stdev=20.19; max=922; n_reads=3346099(52.0%)

Merging secondary stacks (max. dist. N=3 from consensus)...
  Merged 180905 out of 414006 secondary reads (43.7%), 7875 merged with gapped alignments.
Coverage after merging secondary stacks: mean=19.78; stdev=20.89; max=947; n_reads=3527004(54.8%)

Assembling stacks, allowing for gaps (min. match length 80.0%)...
  Assembled 180874 stacks into 176314 stacks.
Coverage after gapped assembly: mean=20.30; stdev=21.37; max=957; n_reads=3527004(54.8%)

Merging secondary stacks, allowing for gaps (min. match length 80.0%)...
  Merged 14040 out of 233101 secondary reads (6.0%).
Coverage after merging gapped secondary stacks: mean=20.38; stdev=21.39; max=957; n_reads=3541044(55.0%)

Final number of stacks built: 176314
Final coverage: mean=20.38; stdev=21.39; max=957; n_reads=3541044(55.0%)
Calling consensus sequences and haplotypes for catalog assembly...
Writing tags, SNPs, and alleles files to '00_Data/05a_Stacks.denovo.ALL.M1n1/S_23_01915'...done.
ustacks is done.
