

-t gzfastq -f ./00_Data/03a_Demultiplex/S_23_01257.1.fq.gz -o 00_Data/05a_Stacks.denovo.ALL.M1n1/ -i 191 -m 3 --name S_23_01257 -M 1 -p 8


ustacks parameters selected:
  Input file: './00_Data/03a_Demultiplex/S_23_01257.1.fq.gz'
  Sample ID: 191
  Min depth of coverage to create a stack (m): 3
  Repeat removal algorithm: enabled
  Max distance allowed between stacks (M): 1
  Max distance allowed to align secondary reads: 3
  Max number of stacks allowed per de novo locus: 3
  Deleveraging algorithm: disabled
  Gapped assembly: enabled
  Minimum alignment length: 0.8
  Model type: SNP
  Alpha significance level for model: 0.05

Loading RAD-Tags...1M...2M...3M...

Loaded 3110402 reads; formed:
  189135 stacks representing 2856365 primary reads (91.8%)
  221208 secondary stacks representing 254037 secondary reads (8.2%)

Stack coverage: mean=15.10; stdev=181.57; max=37442; n_reads=2856365(91.8%)
Removing repetitive stacks: cov > 560 (mean+3*stdev)...
  Blacklisted 8340 stacks.
Coverage after repeat removal: mean=11.23; stdev=19.46; max=553; n_reads=2030884(65.3%)

Assembling stacks (max. dist. M=1)...
  Assembled 180795 stacks into 152562; blacklisted 1720 stacks.
Coverage after assembling stacks: mean=10.93; stdev=12.98; max=569; n_reads=1646704(52.9%)

Merging secondary stacks (max. dist. N=3 from consensus)...
  Merged 95455 out of 254037 secondary reads (37.6%), 4060 merged with gapped alignments.
Coverage after merging secondary stacks: mean=11.57; stdev=13.47; max=582; n_reads=1742159(56.0%)

Assembling stacks, allowing for gaps (min. match length 80.0%)...
  Assembled 152562 stacks into 149619 stacks.
Coverage after gapped assembly: mean=11.80; stdev=13.74; max=582; n_reads=1742159(56.0%)

Merging secondary stacks, allowing for gaps (min. match length 80.0%)...
  Merged 9964 out of 158582 secondary reads (6.3%).
Coverage after merging gapped secondary stacks: mean=11.87; stdev=13.79; max=582; n_reads=1752123(56.3%)

Final number of stacks built: 149619
Final coverage: mean=11.87; stdev=13.79; max=582; n_reads=1752123(56.3%)
Calling consensus sequences and haplotypes for catalog assembly...
Writing tags, SNPs, and alleles files to '00_Data/05a_Stacks.denovo.ALL.M1n1/S_23_01257'...done.
ustacks is done.
