

-t gzfastq -f ./00_Data/03a_Demultiplex/S_23_01110.1.fq.gz -o 00_Data/05a_Stacks.denovo.ALL.M4n4/ -i 88 -m 3 --name S_23_01110 -M 4 -p 8


ustacks parameters selected:
  Input file: './00_Data/03a_Demultiplex/S_23_01110.1.fq.gz'
  Sample ID: 88
  Min depth of coverage to create a stack (m): 3
  Repeat removal algorithm: enabled
  Max distance allowed between stacks (M): 4
  Max distance allowed to align secondary reads: 6
  Max number of stacks allowed per de novo locus: 3
  Deleveraging algorithm: disabled
  Gapped assembly: enabled
  Minimum alignment length: 0.8
  Model type: SNP
  Alpha significance level for model: 0.05

Loading RAD-Tags...

Loaded 547688 reads; formed:
  53314 stacks representing 397118 primary reads (72.5%)
  117813 secondary stacks representing 150570 secondary reads (27.5%)

Stack coverage: mean=7.45; stdev=48.34; max=3700; n_reads=397118(72.5%)
Removing repetitive stacks: cov > 153 (mean+3*stdev)...
  Blacklisted 2703 stacks.
Coverage after repeat removal: mean=5.65; stdev=7.83; max=153; n_reads=285739(52.2%)

Assembling stacks (max. dist. M=4)...
  Assembled 50611 stacks into 37266; blacklisted 828 stacks.
Coverage after assembling stacks: mean=5.48; stdev=6.56; max=175; n_reads=198921(36.3%)

Merging secondary stacks (max. dist. N=6 from consensus)...
  Merged 35607 out of 150570 secondary reads (23.6%), 15095 merged with gapped alignments.
Coverage after merging secondary stacks: mean=6.46; stdev=12.26; max=996; n_reads=234528(42.8%)

Assembling stacks, allowing for gaps (min. match length 80.0%)...
  Assembled 37266 stacks into 36194 stacks.
Coverage after gapped assembly: mean=6.66; stdev=12.77; max=996; n_reads=234528(42.8%)

Merging secondary stacks, allowing for gaps (min. match length 80.0%)...
  Merged 13773 out of 114963 secondary reads (12.0%).
Coverage after merging gapped secondary stacks: mean=7.05; stdev=14.95; max=1196; n_reads=248301(45.3%)

Final number of stacks built: 36194
Final coverage: mean=7.05; stdev=14.95; max=1196; n_reads=248301(45.3%)
Calling consensus sequences and haplotypes for catalog assembly...
Writing tags, SNPs, and alleles files to '00_Data/05a_Stacks.denovo.ALL.M4n4/S_23_01110'...done.
ustacks is done.
