

-t gzfastq -f ./00_Data/03a_Demultiplex/S_23_01206.1.fq.gz -o 00_Data/05a_Stacks.denovo.ALL.M4n4/ -i 156 -m 3 --name S_23_01206 -M 4 -p 8


ustacks parameters selected:
  Input file: './00_Data/03a_Demultiplex/S_23_01206.1.fq.gz'
  Sample ID: 156
  Min depth of coverage to create a stack (m): 3
  Repeat removal algorithm: enabled
  Max distance allowed between stacks (M): 4
  Max distance allowed to align secondary reads: 6
  Max number of stacks allowed per de novo locus: 3
  Deleveraging algorithm: disabled
  Gapped assembly: enabled
  Minimum alignment length: 0.8
  Model type: SNP
  Alpha significance level for model: 0.05

Loading RAD-Tags...1M...2M...3M...

Loaded 3333938 reads; formed:
  196175 stacks representing 3036326 primary reads (91.1%)
  263555 secondary stacks representing 297612 secondary reads (8.9%)

Stack coverage: mean=15.48; stdev=194.52; max=40994; n_reads=3036326(91.1%)
Removing repetitive stacks: cov > 600 (mean+3*stdev)...
  Blacklisted 8866 stacks.
Coverage after repeat removal: mean=11.55; stdev=19.99; max=593; n_reads=2163925(64.9%)

Assembling stacks (max. dist. M=4)...
  Assembled 187309 stacks into 127961; blacklisted 2750 stacks.
Coverage after assembling stacks: mean=11.22; stdev=11.93; max=546; n_reads=1402179(42.1%)

Merging secondary stacks (max. dist. N=6 from consensus)...
  Merged 121949 out of 297612 secondary reads (41.0%), 39694 merged with gapped alignments.
Coverage after merging secondary stacks: mean=12.20; stdev=13.68; max=1167; n_reads=1524128(45.7%)

Assembling stacks, allowing for gaps (min. match length 80.0%)...
  Assembled 127961 stacks into 122165 stacks.
Coverage after gapped assembly: mean=12.79; stdev=14.40; max=1167; n_reads=1524128(45.7%)

Merging secondary stacks, allowing for gaps (min. match length 80.0%)...
  Merged 31842 out of 175663 secondary reads (18.1%).
Coverage after merging gapped secondary stacks: mean=13.06; stdev=15.70; max=1276; n_reads=1555970(46.7%)

Final number of stacks built: 122165
Final coverage: mean=13.06; stdev=15.70; max=1276; n_reads=1555970(46.7%)
Calling consensus sequences and haplotypes for catalog assembly...
Writing tags, SNPs, and alleles files to '00_Data/05a_Stacks.denovo.ALL.M4n4/S_23_01206'...done.
ustacks is done.
