

-t gzfastq -f ./00_Data/03a_Demultiplex/S_23_01823.1.fq.gz -o 00_Data/05a_Stacks.denovo.ALL.M4n4/ -i 246 -m 3 --name S_23_01823 -M 4 -p 8


ustacks parameters selected:
  Input file: './00_Data/03a_Demultiplex/S_23_01823.1.fq.gz'
  Sample ID: 246
  Min depth of coverage to create a stack (m): 3
  Repeat removal algorithm: enabled
  Max distance allowed between stacks (M): 4
  Max distance allowed to align secondary reads: 6
  Max number of stacks allowed per de novo locus: 3
  Deleveraging algorithm: disabled
  Gapped assembly: enabled
  Minimum alignment length: 0.8
  Model type: SNP
  Alpha significance level for model: 0.05

Loading RAD-Tags...1M...2M...3M...4M...5M...

Loaded 5167578 reads; formed:
  203410 stacks representing 4856457 primary reads (94.0%)
  282079 secondary stacks representing 311121 secondary reads (6.0%)

Stack coverage: mean=23.88; stdev=307.57; max=58039; n_reads=4856457(94.0%)
Removing repetitive stacks: cov > 947 (mean+3*stdev)...
  Blacklisted 10373 stacks.
Coverage after repeat removal: mean=17.54; stdev=31.84; max=943; n_reads=3385599(65.5%)

Assembling stacks (max. dist. M=4)...
  Assembled 193037 stacks into 128143; blacklisted 2965 stacks.
Coverage after assembling stacks: mean=17.26; stdev=19.14; max=951; n_reads=2156100(41.7%)

Merging secondary stacks (max. dist. N=6 from consensus)...
  Merged 155888 out of 311121 secondary reads (50.1%), 49701 merged with gapped alignments.
Coverage after merging secondary stacks: mean=18.51; stdev=20.53; max=1068; n_reads=2311988(44.7%)

Assembling stacks, allowing for gaps (min. match length 80.0%)...
  Assembled 128143 stacks into 121491 stacks.
Coverage after gapped assembly: mean=19.55; stdev=21.78; max=1187; n_reads=2311988(44.7%)

Merging secondary stacks, allowing for gaps (min. match length 80.0%)...
  Merged 33464 out of 155233 secondary reads (21.6%).
Coverage after merging gapped secondary stacks: mean=19.83; stdev=22.90; max=1187; n_reads=2345452(45.4%)

Final number of stacks built: 121491
Final coverage: mean=19.83; stdev=22.90; max=1187; n_reads=2345452(45.4%)
Calling consensus sequences and haplotypes for catalog assembly...
Writing tags, SNPs, and alleles files to '00_Data/05a_Stacks.denovo.ALL.M4n4/S_23_01823'...done.
ustacks is done.
