

-t gzfastq -f ./00_Data/03a_Demultiplex/S_23_02029.1.fq.gz -o 00_Data/05a_Stacks.denovo.ALL.M4n4/ -i 349 -m 3 --name S_23_02029 -M 4 -p 8


ustacks parameters selected:
  Input file: './00_Data/03a_Demultiplex/S_23_02029.1.fq.gz'
  Sample ID: 349
  Min depth of coverage to create a stack (m): 3
  Repeat removal algorithm: enabled
  Max distance allowed between stacks (M): 4
  Max distance allowed to align secondary reads: 6
  Max number of stacks allowed per de novo locus: 3
  Deleveraging algorithm: disabled
  Gapped assembly: enabled
  Minimum alignment length: 0.8
  Model type: SNP
  Alpha significance level for model: 0.05

Loading RAD-Tags...1M...2M...3M...

Loaded 3416927 reads; formed:
  193736 stacks representing 3153254 primary reads (92.3%)
  235200 secondary stacks representing 263673 secondary reads (7.7%)

Stack coverage: mean=16.28; stdev=215.39; max=46176; n_reads=3153254(92.3%)
Removing repetitive stacks: cov > 663 (mean+3*stdev)...
  Blacklisted 8520 stacks.
Coverage after repeat removal: mean=12.11; stdev=21.87; max=663; n_reads=2243036(65.6%)

Assembling stacks (max. dist. M=4)...
  Assembled 185216 stacks into 125376; blacklisted 2763 stacks.
Coverage after assembling stacks: mean=11.65; stdev=12.78; max=754; n_reads=1425710(41.7%)

Merging secondary stacks (max. dist. N=6 from consensus)...
  Merged 115148 out of 263673 secondary reads (43.7%), 36509 merged with gapped alignments.
Coverage after merging secondary stacks: mean=12.59; stdev=14.10; max=797; n_reads=1540858(45.1%)

Assembling stacks, allowing for gaps (min. match length 80.0%)...
  Assembled 125376 stacks into 119702 stacks.
Coverage after gapped assembly: mean=13.20; stdev=14.83; max=797; n_reads=1540858(45.1%)

Merging secondary stacks, allowing for gaps (min. match length 80.0%)...
  Merged 32692 out of 148525 secondary reads (22.0%).
Coverage after merging gapped secondary stacks: mean=13.48; stdev=16.40; max=1156; n_reads=1573550(46.1%)

Final number of stacks built: 119702
Final coverage: mean=13.48; stdev=16.40; max=1156; n_reads=1573550(46.1%)
Calling consensus sequences and haplotypes for catalog assembly...
Writing tags, SNPs, and alleles files to '00_Data/05a_Stacks.denovo.ALL.M4n4/S_23_02029'...done.
ustacks is done.
