

-t gzfastq -f ./00_Data/03a_Demultiplex/S_23_01815.1.fq.gz -o 00_Data/05a_Stacks.denovo.ALL.M1n1/ -i 239 -m 3 --name S_23_01815 -M 1 -p 8


ustacks parameters selected:
  Input file: './00_Data/03a_Demultiplex/S_23_01815.1.fq.gz'
  Sample ID: 239
  Min depth of coverage to create a stack (m): 3
  Repeat removal algorithm: enabled
  Max distance allowed between stacks (M): 1
  Max distance allowed to align secondary reads: 3
  Max number of stacks allowed per de novo locus: 3
  Deleveraging algorithm: disabled
  Gapped assembly: enabled
  Minimum alignment length: 0.8
  Model type: SNP
  Alpha significance level for model: 0.05

Loading RAD-Tags...1M...2M...3M...4M...5M...

Loaded 5388515 reads; formed:
  201601 stacks representing 5041451 primary reads (93.6%)
  318679 secondary stacks representing 347064 secondary reads (6.4%)

Stack coverage: mean=25.01; stdev=320.88; max=56886; n_reads=5041451(93.6%)
Removing repetitive stacks: cov > 988 (mean+3*stdev)...
  Blacklisted 10907 stacks.
Coverage after repeat removal: mean=18.28; stdev=32.11; max=982; n_reads=3485684(64.7%)

Assembling stacks (max. dist. M=1)...
  Assembled 190694 stacks into 156973; blacklisted 1956 stacks.
Coverage after assembling stacks: mean=18.16; stdev=19.95; max=1238; n_reads=2811183(52.2%)

Merging secondary stacks (max. dist. N=3 from consensus)...
  Merged 162378 out of 347064 secondary reads (46.8%), 7273 merged with gapped alignments.
Coverage after merging secondary stacks: mean=19.21; stdev=20.69; max=1283; n_reads=2973561(55.2%)

Assembling stacks, allowing for gaps (min. match length 80.0%)...
  Assembled 156973 stacks into 153124 stacks.
Coverage after gapped assembly: mean=19.70; stdev=21.30; max=1456; n_reads=2973561(55.2%)

Merging secondary stacks, allowing for gaps (min. match length 80.0%)...
  Merged 11780 out of 184686 secondary reads (6.4%).
Coverage after merging gapped secondary stacks: mean=19.78; stdev=21.32; max=1456; n_reads=2985341(55.4%)

Final number of stacks built: 153124
Final coverage: mean=19.78; stdev=21.32; max=1456; n_reads=2985341(55.4%)
Calling consensus sequences and haplotypes for catalog assembly...
Writing tags, SNPs, and alleles files to '00_Data/05a_Stacks.denovo.ALL.M1n1/S_23_01815'...done.
ustacks is done.
