

-t gzfastq -f ./00_Data/03a_Demultiplex/S_23_02248.1.fq.gz -o 00_Data/05a_Stacks.denovo.ALL.M1n1/ -i 539 -m 3 --name S_23_02248 -M 1 -p 8


ustacks parameters selected:
  Input file: './00_Data/03a_Demultiplex/S_23_02248.1.fq.gz'
  Sample ID: 539
  Min depth of coverage to create a stack (m): 3
  Repeat removal algorithm: enabled
  Max distance allowed between stacks (M): 1
  Max distance allowed to align secondary reads: 3
  Max number of stacks allowed per de novo locus: 3
  Deleveraging algorithm: disabled
  Gapped assembly: enabled
  Minimum alignment length: 0.8
  Model type: SNP
  Alpha significance level for model: 0.05

Loading RAD-Tags...1M...

Loaded 1967820 reads; formed:
  139455 stacks representing 1742788 primary reads (88.6%)
  188862 secondary stacks representing 225032 secondary reads (11.4%)

Stack coverage: mean=12.50; stdev=165.34; max=33234; n_reads=1742788(88.6%)
Removing repetitive stacks: cov > 509 (mean+3*stdev)...
  Blacklisted 5615 stacks.
Coverage after repeat removal: mean=9.33; stdev=17.70; max=509; n_reads=1248610(63.5%)

Assembling stacks (max. dist. M=1)...
  Assembled 133840 stacks into 113677; blacklisted 1290 stacks.
Coverage after assembling stacks: mean=8.89; stdev=11.20; max=540; n_reads=997505(50.7%)

Merging secondary stacks (max. dist. N=3 from consensus)...
  Merged 64688 out of 225032 secondary reads (28.7%), 2484 merged with gapped alignments.
Coverage after merging secondary stacks: mean=9.46; stdev=11.69; max=556; n_reads=1062193(54.0%)

Assembling stacks, allowing for gaps (min. match length 80.0%)...
  Assembled 113677 stacks into 111927 stacks.
Coverage after gapped assembly: mean=9.61; stdev=11.88; max=556; n_reads=1062193(54.0%)

Merging secondary stacks, allowing for gaps (min. match length 80.0%)...
  Merged 7397 out of 160344 secondary reads (4.6%).
Coverage after merging gapped secondary stacks: mean=9.68; stdev=11.92; max=556; n_reads=1069590(54.4%)

Final number of stacks built: 111927
Final coverage: mean=9.68; stdev=11.92; max=556; n_reads=1069590(54.4%)
Calling consensus sequences and haplotypes for catalog assembly...
Writing tags, SNPs, and alleles files to '00_Data/05a_Stacks.denovo.ALL.M1n1/S_23_02248'...done.
ustacks is done.
