

-t gzfastq -f ./00_Data/03a_Demultiplex/S_23_01169.1.fq.gz -o 00_Data/05a_Stacks.denovo.ALL.M1n1/ -i 132 -m 3 --name S_23_01169 -M 1 -p 8


ustacks parameters selected:
  Input file: './00_Data/03a_Demultiplex/S_23_01169.1.fq.gz'
  Sample ID: 132
  Min depth of coverage to create a stack (m): 3
  Repeat removal algorithm: enabled
  Max distance allowed between stacks (M): 1
  Max distance allowed to align secondary reads: 3
  Max number of stacks allowed per de novo locus: 3
  Deleveraging algorithm: disabled
  Gapped assembly: enabled
  Minimum alignment length: 0.8
  Model type: SNP
  Alpha significance level for model: 0.05

Loading RAD-Tags...1M...2M...3M...4M...5M...

Loaded 5940495 reads; formed:
  202895 stacks representing 5584831 primary reads (94.0%)
  325195 secondary stacks representing 355664 secondary reads (6.0%)

Stack coverage: mean=27.53; stdev=366.23; max=72624; n_reads=5584831(94.0%)
Removing repetitive stacks: cov > 1127 (mean+3*stdev)...
  Blacklisted 10860 stacks.
Coverage after repeat removal: mean=20.12; stdev=36.56; max=1120; n_reads=3864632(65.1%)

Assembling stacks (max. dist. M=1)...
  Assembled 192035 stacks into 156549; blacklisted 2062 stacks.
Coverage after assembling stacks: mean=19.98; stdev=22.06; max=983; n_reads=3081756(51.9%)

Merging secondary stacks (max. dist. N=3 from consensus)...
  Merged 175914 out of 355664 secondary reads (49.5%), 7500 merged with gapped alignments.
Coverage after merging secondary stacks: mean=21.12; stdev=22.88; max=1012; n_reads=3257670(54.8%)

Assembling stacks, allowing for gaps (min. match length 80.0%)...
  Assembled 156549 stacks into 152841 stacks.
Coverage after gapped assembly: mean=21.64; stdev=23.36; max=1012; n_reads=3257670(54.8%)

Merging secondary stacks, allowing for gaps (min. match length 80.0%)...
  Merged 12415 out of 179750 secondary reads (6.9%).
Coverage after merging gapped secondary stacks: mean=21.72; stdev=23.39; max=1012; n_reads=3270085(55.0%)

Final number of stacks built: 152841
Final coverage: mean=21.72; stdev=23.39; max=1012; n_reads=3270085(55.0%)
Calling consensus sequences and haplotypes for catalog assembly...
Writing tags, SNPs, and alleles files to '00_Data/05a_Stacks.denovo.ALL.M1n1/S_23_01169'...done.
ustacks is done.
