

-t gzfastq -f ./00_Data/03a_Demultiplex/S_23_01802.1.fq.gz -o 00_Data/05a_Stacks.denovo.ALL.M4n4/ -i 225 -m 3 --name S_23_01802 -M 4 -p 8


ustacks parameters selected:
  Input file: './00_Data/03a_Demultiplex/S_23_01802.1.fq.gz'
  Sample ID: 225
  Min depth of coverage to create a stack (m): 3
  Repeat removal algorithm: enabled
  Max distance allowed between stacks (M): 4
  Max distance allowed to align secondary reads: 6
  Max number of stacks allowed per de novo locus: 3
  Deleveraging algorithm: disabled
  Gapped assembly: enabled
  Minimum alignment length: 0.8
  Model type: SNP
  Alpha significance level for model: 0.05

Loading RAD-Tags...1M...2M...3M...4M...

Loaded 4604814 reads; formed:
  219635 stacks representing 4217487 primary reads (91.6%)
  348551 secondary stacks representing 387327 secondary reads (8.4%)

Stack coverage: mean=19.20; stdev=243.04; max=52818; n_reads=4217487(91.6%)
Removing repetitive stacks: cov > 749 (mean+3*stdev)...
  Blacklisted 10574 stacks.
Coverage after repeat removal: mean=14.22; stdev=24.97; max=749; n_reads=2973350(64.6%)

Assembling stacks (max. dist. M=4)...
  Assembled 209061 stacks into 141315; blacklisted 3196 stacks.
Coverage after assembling stacks: mean=13.87; stdev=14.88; max=817; n_reads=1912451(41.5%)

Merging secondary stacks (max. dist. N=6 from consensus)...
  Merged 171348 out of 387327 secondary reads (44.2%), 58289 merged with gapped alignments.
Coverage after merging secondary stacks: mean=15.12; stdev=18.56; max=2608; n_reads=2083799(45.3%)

Assembling stacks, allowing for gaps (min. match length 80.0%)...
  Assembled 141315 stacks into 134227 stacks.
Coverage after gapped assembly: mean=15.94; stdev=19.47; max=2608; n_reads=2083799(45.3%)

Merging secondary stacks, allowing for gaps (min. match length 80.0%)...
  Merged 36064 out of 215979 secondary reads (16.7%).
Coverage after merging gapped secondary stacks: mean=16.21; stdev=20.25; max=2608; n_reads=2119863(46.0%)

Final number of stacks built: 134227
Final coverage: mean=16.21; stdev=20.25; max=2608; n_reads=2119863(46.0%)
Calling consensus sequences and haplotypes for catalog assembly...
Writing tags, SNPs, and alleles files to '00_Data/05a_Stacks.denovo.ALL.M4n4/S_23_01802'...done.
ustacks is done.
