

-t gzfastq -f ./00_Data/03a_Demultiplex/S_23_01004.1.fq.gz -o 00_Data/05a_Stacks.denovo.ALL.M1n1/ -i 26 -m 3 --name S_23_01004 -M 1 -p 8


ustacks parameters selected:
  Input file: './00_Data/03a_Demultiplex/S_23_01004.1.fq.gz'
  Sample ID: 26
  Min depth of coverage to create a stack (m): 3
  Repeat removal algorithm: enabled
  Max distance allowed between stacks (M): 1
  Max distance allowed to align secondary reads: 3
  Max number of stacks allowed per de novo locus: 3
  Deleveraging algorithm: disabled
  Gapped assembly: enabled
  Minimum alignment length: 0.8
  Model type: SNP
  Alpha significance level for model: 0.05

Loading RAD-Tags...1M...2M...3M...

Loaded 3227944 reads; formed:
  200271 stacks representing 2911055 primary reads (90.2%)
  275668 secondary stacks representing 316889 secondary reads (9.8%)

Stack coverage: mean=14.54; stdev=174.13; max=35315; n_reads=2911055(90.2%)
Removing repetitive stacks: cov > 537 (mean+3*stdev)...
  Blacklisted 9420 stacks.
Coverage after repeat removal: mean=10.76; stdev=18.50; max=537; n_reads=2053575(63.6%)

Assembling stacks (max. dist. M=1)...
  Assembled 190851 stacks into 161059; blacklisted 1846 stacks.
Coverage after assembling stacks: mean=10.47; stdev=11.81; max=553; n_reads=1663476(51.5%)

Merging secondary stacks (max. dist. N=3 from consensus)...
  Merged 112559 out of 316889 secondary reads (35.5%), 4954 merged with gapped alignments.
Coverage after merging secondary stacks: mean=11.17; stdev=12.37; max=574; n_reads=1776035(55.0%)

Assembling stacks, allowing for gaps (min. match length 80.0%)...
  Assembled 161059 stacks into 157959 stacks.
Coverage after gapped assembly: mean=11.40; stdev=12.63; max=574; n_reads=1776035(55.0%)

Merging secondary stacks, allowing for gaps (min. match length 80.0%)...
  Merged 12708 out of 204330 secondary reads (6.2%).
Coverage after merging gapped secondary stacks: mean=11.48; stdev=12.67; max=574; n_reads=1788743(55.4%)

Final number of stacks built: 157959
Final coverage: mean=11.48; stdev=12.67; max=574; n_reads=1788743(55.4%)
Calling consensus sequences and haplotypes for catalog assembly...
Writing tags, SNPs, and alleles files to '00_Data/05a_Stacks.denovo.ALL.M1n1/S_23_01004'...done.
ustacks is done.
