

-t gzfastq -f ./00_Data/03a_Demultiplex/S_23_02040.1.fq.gz -o 00_Data/05a_Stacks.denovo.ALL.M4n4/ -i 360 -m 3 --name S_23_02040 -M 4 -p 8


ustacks parameters selected:
  Input file: './00_Data/03a_Demultiplex/S_23_02040.1.fq.gz'
  Sample ID: 360
  Min depth of coverage to create a stack (m): 3
  Repeat removal algorithm: enabled
  Max distance allowed between stacks (M): 4
  Max distance allowed to align secondary reads: 6
  Max number of stacks allowed per de novo locus: 3
  Deleveraging algorithm: disabled
  Gapped assembly: enabled
  Minimum alignment length: 0.8
  Model type: SNP
  Alpha significance level for model: 0.05

Loading RAD-Tags...1M...2M...3M...4M...

Loaded 4490253 reads; formed:
  226095 stacks representing 4140286 primary reads (92.2%)
  315543 secondary stacks representing 349967 secondary reads (7.8%)

Stack coverage: mean=18.31; stdev=213.05; max=40819; n_reads=4140286(92.2%)
Removing repetitive stacks: cov > 658 (mean+3*stdev)...
  Blacklisted 11491 stacks.
Coverage after repeat removal: mean=13.73; stdev=22.29; max=655; n_reads=2946505(65.6%)

Assembling stacks (max. dist. M=4)...
  Assembled 214604 stacks into 144634; blacklisted 3260 stacks.
Coverage after assembling stacks: mean=13.73; stdev=14.39; max=596; n_reads=1936192(43.1%)

Merging secondary stacks (max. dist. N=6 from consensus)...
  Merged 165203 out of 349967 secondary reads (47.2%), 52360 merged with gapped alignments.
Coverage after merging secondary stacks: mean=14.90; stdev=16.34; max=871; n_reads=2101395(46.8%)

Assembling stacks, allowing for gaps (min. match length 80.0%)...
  Assembled 144634 stacks into 137307 stacks.
Coverage after gapped assembly: mean=15.71; stdev=17.28; max=871; n_reads=2101395(46.8%)

Merging secondary stacks, allowing for gaps (min. match length 80.0%)...
  Merged 34747 out of 184764 secondary reads (18.8%).
Coverage after merging gapped secondary stacks: mean=15.97; stdev=18.18; max=894; n_reads=2136142(47.6%)

Final number of stacks built: 137307
Final coverage: mean=15.97; stdev=18.18; max=894; n_reads=2136142(47.6%)
Calling consensus sequences and haplotypes for catalog assembly...
Writing tags, SNPs, and alleles files to '00_Data/05a_Stacks.denovo.ALL.M4n4/S_23_02040'...done.
ustacks is done.
