

-t gzfastq -f ./00_Data/03a_Demultiplex/S_23_02203.1.fq.gz -o 00_Data/05a_Stacks.denovo.ALL.M1n1/ -i 511 -m 3 --name S_23_02203 -M 1 -p 8


ustacks parameters selected:
  Input file: './00_Data/03a_Demultiplex/S_23_02203.1.fq.gz'
  Sample ID: 511
  Min depth of coverage to create a stack (m): 3
  Repeat removal algorithm: enabled
  Max distance allowed between stacks (M): 1
  Max distance allowed to align secondary reads: 3
  Max number of stacks allowed per de novo locus: 3
  Deleveraging algorithm: disabled
  Gapped assembly: enabled
  Minimum alignment length: 0.8
  Model type: SNP
  Alpha significance level for model: 0.05

Loading RAD-Tags...1M...2M...3M...4M...

Loaded 4063215 reads; formed:
  167267 stacks representing 3702978 primary reads (91.1%)
  303093 secondary stacks representing 360237 secondary reads (8.9%)

Stack coverage: mean=22.14; stdev=197.42; max=24774; n_reads=3702978(91.1%)
Removing repetitive stacks: cov > 615 (mean+3*stdev)...
  Blacklisted 13179 stacks.
Coverage after repeat removal: mean=10.90; stdev=29.70; max=614; n_reads=1679384(41.3%)

Assembling stacks (max. dist. M=1)...
  Assembled 154088 stacks into 125923; blacklisted 2194 stacks.
Coverage after assembling stacks: mean=9.55; stdev=22.03; max=695; n_reads=1174320(28.9%)

Merging secondary stacks (max. dist. N=3 from consensus)...
  Merged 101522 out of 360237 secondary reads (28.2%), 3503 merged with gapped alignments.
Coverage after merging secondary stacks: mean=10.37; stdev=23.26; max=725; n_reads=1275842(31.4%)

Assembling stacks, allowing for gaps (min. match length 80.0%)...
  Assembled 125923 stacks into 124442 stacks.
Coverage after gapped assembly: mean=10.50; stdev=23.47; max=725; n_reads=1275842(31.4%)

Merging secondary stacks, allowing for gaps (min. match length 80.0%)...
  Merged 9593 out of 258715 secondary reads (3.7%).
Coverage after merging gapped secondary stacks: mean=10.58; stdev=23.50; max=725; n_reads=1285435(31.6%)

Final number of stacks built: 124442
Final coverage: mean=10.58; stdev=23.50; max=725; n_reads=1285435(31.6%)
Calling consensus sequences and haplotypes for catalog assembly...
Writing tags, SNPs, and alleles files to '00_Data/05a_Stacks.denovo.ALL.M1n1/S_23_02203'...done.
ustacks is done.
