

-t gzfastq -f ./00_Data/03a_Demultiplex/S_23_01101.1.fq.gz -o 00_Data/05a_Stacks.denovo.ALL.M1n1/ -i 79 -m 3 --name S_23_01101 -M 1 -p 8


ustacks parameters selected:
  Input file: './00_Data/03a_Demultiplex/S_23_01101.1.fq.gz'
  Sample ID: 79
  Min depth of coverage to create a stack (m): 3
  Repeat removal algorithm: enabled
  Max distance allowed between stacks (M): 1
  Max distance allowed to align secondary reads: 3
  Max number of stacks allowed per de novo locus: 3
  Deleveraging algorithm: disabled
  Gapped assembly: enabled
  Minimum alignment length: 0.8
  Model type: SNP
  Alpha significance level for model: 0.05

Loading RAD-Tags...

Loaded 174043 reads; formed:
  14137 stacks representing 95115 primary reads (54.7%)
  63477 secondary stacks representing 78928 secondary reads (45.3%)

Stack coverage: mean=6.73; stdev=29.34; max=1855; n_reads=95115(54.7%)
Removing repetitive stacks: cov > 95 (mean+3*stdev)...
  Blacklisted 789 stacks.
Coverage after repeat removal: mean=5.20; stdev=6.41; max=95; n_reads=69384(39.9%)

Assembling stacks (max. dist. M=1)...
  Assembled 13348 stacks into 11995; blacklisted 114 stacks.
Coverage after assembling stacks: mean=5.22; stdev=6.78; max=154; n_reads=61609(35.4%)

Merging secondary stacks (max. dist. N=3 from consensus)...
  Merged 10831 out of 78928 secondary reads (13.7%), 250 merged with gapped alignments.
Coverage after merging secondary stacks: mean=6.13; stdev=8.13; max=157; n_reads=72440(41.6%)

Assembling stacks, allowing for gaps (min. match length 80.0%)...
  Assembled 11995 stacks into 11869 stacks.
Coverage after gapped assembly: mean=6.20; stdev=8.31; max=157; n_reads=72440(41.6%)

Merging secondary stacks, allowing for gaps (min. match length 80.0%)...
  Merged 1575 out of 68097 secondary reads (2.3%).
Coverage after merging gapped secondary stacks: mean=6.33; stdev=8.51; max=157; n_reads=74015(42.5%)

Final number of stacks built: 11869
Final coverage: mean=6.33; stdev=8.51; max=157; n_reads=74015(42.5%)
Calling consensus sequences and haplotypes for catalog assembly...
Writing tags, SNPs, and alleles files to '00_Data/05a_Stacks.denovo.ALL.M1n1/S_23_01101'...done.
ustacks is done.
