

-t gzfastq -f ./00_Data/03a_Demultiplex/S_23_02132.1.fq.gz -o 00_Data/05a_Stacks.denovo.ALL.M4n4/ -i 441 -m 3 --name S_23_02132 -M 4 -p 8


ustacks parameters selected:
  Input file: './00_Data/03a_Demultiplex/S_23_02132.1.fq.gz'
  Sample ID: 441
  Min depth of coverage to create a stack (m): 3
  Repeat removal algorithm: enabled
  Max distance allowed between stacks (M): 4
  Max distance allowed to align secondary reads: 6
  Max number of stacks allowed per de novo locus: 3
  Deleveraging algorithm: disabled
  Gapped assembly: enabled
  Minimum alignment length: 0.8
  Model type: SNP
  Alpha significance level for model: 0.05

Loading RAD-Tags...1M...2M...3M...4M...5M...

Loaded 5180405 reads; formed:
  203595 stacks representing 4825016 primary reads (93.1%)
  324832 secondary stacks representing 355389 secondary reads (6.9%)

Stack coverage: mean=23.70; stdev=310.12; max=61855; n_reads=4825016(93.1%)
Removing repetitive stacks: cov > 955 (mean+3*stdev)...
  Blacklisted 10626 stacks.
Coverage after repeat removal: mean=17.34; stdev=30.49; max=953; n_reads=3345416(64.6%)

Assembling stacks (max. dist. M=4)...
  Assembled 192969 stacks into 127947; blacklisted 2974 stacks.
Coverage after assembling stacks: mean=17.31; stdev=19.65; max=991; n_reads=2158448(41.7%)

Merging secondary stacks (max. dist. N=6 from consensus)...
  Merged 171227 out of 355389 secondary reads (48.2%), 54472 merged with gapped alignments.
Coverage after merging secondary stacks: mean=18.68; stdev=21.88; max=1087; n_reads=2329675(45.0%)

Assembling stacks, allowing for gaps (min. match length 80.0%)...
  Assembled 127947 stacks into 121238 stacks.
Coverage after gapped assembly: mean=19.74; stdev=23.18; max=1456; n_reads=2329675(45.0%)

Merging secondary stacks, allowing for gaps (min. match length 80.0%)...
  Merged 36191 out of 184162 secondary reads (19.7%).
Coverage after merging gapped secondary stacks: mean=20.05; stdev=24.17; max=1456; n_reads=2365866(45.7%)

Final number of stacks built: 121238
Final coverage: mean=20.05; stdev=24.17; max=1456; n_reads=2365866(45.7%)
Calling consensus sequences and haplotypes for catalog assembly...
Writing tags, SNPs, and alleles files to '00_Data/05a_Stacks.denovo.ALL.M4n4/S_23_02132'...done.
ustacks is done.
