

-t gzfastq -f ./00_Data/03a_Demultiplex/S_23_01109.1.fq.gz -o 00_Data/05a_Stacks.denovo.ALL.M4n4/ -i 87 -m 3 --name S_23_01109 -M 4 -p 8


ustacks parameters selected:
  Input file: './00_Data/03a_Demultiplex/S_23_01109.1.fq.gz'
  Sample ID: 87
  Min depth of coverage to create a stack (m): 3
  Repeat removal algorithm: enabled
  Max distance allowed between stacks (M): 4
  Max distance allowed to align secondary reads: 6
  Max number of stacks allowed per de novo locus: 3
  Deleveraging algorithm: disabled
  Gapped assembly: enabled
  Minimum alignment length: 0.8
  Model type: SNP
  Alpha significance level for model: 0.05

Loading RAD-Tags...1M...2M...3M...

Loaded 3943853 reads; formed:
  218282 stacks representing 3591435 primary reads (91.1%)
  310912 secondary stacks representing 352418 secondary reads (8.9%)

Stack coverage: mean=16.45; stdev=207.14; max=47404; n_reads=3591435(91.1%)
Removing repetitive stacks: cov > 638 (mean+3*stdev)...
  Blacklisted 10451 stacks.
Coverage after repeat removal: mean=12.23; stdev=21.47; max=638; n_reads=2541113(64.4%)

Assembling stacks (max. dist. M=4)...
  Assembled 207831 stacks into 142283; blacklisted 3090 stacks.
Coverage after assembling stacks: mean=11.80; stdev=13.51; max=667; n_reads=1638912(41.6%)

Merging secondary stacks (max. dist. N=6 from consensus)...
  Merged 144074 out of 352418 secondary reads (40.9%), 48510 merged with gapped alignments.
Coverage after merging secondary stacks: mean=12.83; stdev=15.24; max=846; n_reads=1782986(45.2%)

Assembling stacks, allowing for gaps (min. match length 80.0%)...
  Assembled 142283 stacks into 135630 stacks.
Coverage after gapped assembly: mean=13.48; stdev=16.05; max=866; n_reads=1782986(45.2%)

Merging secondary stacks, allowing for gaps (min. match length 80.0%)...
  Merged 40255 out of 208344 secondary reads (19.3%).
Coverage after merging gapped secondary stacks: mean=13.78; stdev=17.15; max=1207; n_reads=1823241(46.2%)

Final number of stacks built: 135630
Final coverage: mean=13.78; stdev=17.15; max=1207; n_reads=1823241(46.2%)
Calling consensus sequences and haplotypes for catalog assembly...
Writing tags, SNPs, and alleles files to '00_Data/05a_Stacks.denovo.ALL.M4n4/S_23_01109'...done.
ustacks is done.
