

-t gzfastq -f ./00_Data/03a_Demultiplex/S_23_02023.1.fq.gz -o 00_Data/05a_Stacks.denovo.ALL.M4n4/ -i 343 -m 3 --name S_23_02023 -M 4 -p 8


ustacks parameters selected:
  Input file: './00_Data/03a_Demultiplex/S_23_02023.1.fq.gz'
  Sample ID: 343
  Min depth of coverage to create a stack (m): 3
  Repeat removal algorithm: enabled
  Max distance allowed between stacks (M): 4
  Max distance allowed to align secondary reads: 6
  Max number of stacks allowed per de novo locus: 3
  Deleveraging algorithm: disabled
  Gapped assembly: enabled
  Minimum alignment length: 0.8
  Model type: SNP
  Alpha significance level for model: 0.05

Loading RAD-Tags...1M...

Loaded 1881137 reads; formed:
  180771 stacks representing 1462058 primary reads (77.7%)
  335385 secondary stacks representing 419079 secondary reads (22.3%)

Stack coverage: mean=8.09; stdev=78.73; max=15272; n_reads=1462058(77.7%)
Removing repetitive stacks: cov > 245 (mean+3*stdev)...
  Blacklisted 6810 stacks.
Coverage after repeat removal: mean=6.27; stdev=9.04; max=243; n_reads=1090984(58.0%)

Assembling stacks (max. dist. M=4)...
  Assembled 173961 stacks into 131419; blacklisted 2606 stacks.
Coverage after assembling stacks: mean=5.99; stdev=6.44; max=250; n_reads=769352(40.9%)

Merging secondary stacks (max. dist. N=6 from consensus)...
  Merged 103958 out of 419079 secondary reads (24.8%), 34538 merged with gapped alignments.
Coverage after merging secondary stacks: mean=6.79; stdev=8.82; max=1338; n_reads=873310(46.4%)

Assembling stacks, allowing for gaps (min. match length 80.0%)...
  Assembled 131419 stacks into 127599 stacks.
Coverage after gapped assembly: mean=7.00; stdev=9.22; max=1338; n_reads=873310(46.4%)

Merging secondary stacks, allowing for gaps (min. match length 80.0%)...
  Merged 34502 out of 315121 secondary reads (10.9%).
Coverage after merging gapped secondary stacks: mean=7.28; stdev=10.61; max=1386; n_reads=907812(48.3%)

Final number of stacks built: 127599
Final coverage: mean=7.28; stdev=10.61; max=1386; n_reads=907812(48.3%)
Calling consensus sequences and haplotypes for catalog assembly...
Writing tags, SNPs, and alleles files to '00_Data/05a_Stacks.denovo.ALL.M4n4/S_23_02023'...done.
ustacks is done.
