

-t gzfastq -f ./00_Data/03a_Demultiplex/S_23_01008.1.fq.gz -o 00_Data/05a_Stacks.denovo.ALL.M1n1/ -i 30 -m 3 --name S_23_01008 -M 1 -p 8


ustacks parameters selected:
  Input file: './00_Data/03a_Demultiplex/S_23_01008.1.fq.gz'
  Sample ID: 30
  Min depth of coverage to create a stack (m): 3
  Repeat removal algorithm: enabled
  Max distance allowed between stacks (M): 1
  Max distance allowed to align secondary reads: 3
  Max number of stacks allowed per de novo locus: 3
  Deleveraging algorithm: disabled
  Gapped assembly: enabled
  Minimum alignment length: 0.8
  Model type: SNP
  Alpha significance level for model: 0.05

Loading RAD-Tags...1M...2M...3M...4M...5M...

Loaded 5701958 reads; formed:
  231231 stacks representing 5273495 primary reads (92.5%)
  388879 secondary stacks representing 428463 secondary reads (7.5%)

Stack coverage: mean=22.81; stdev=294.88; max=65494; n_reads=5273495(92.5%)
Removing repetitive stacks: cov > 908 (mean+3*stdev)...
  Blacklisted 12081 stacks.
Coverage after repeat removal: mean=16.97; stdev=30.92; max=902; n_reads=3718284(65.2%)

Assembling stacks (max. dist. M=1)...
  Assembled 219150 stacks into 179083; blacklisted 2282 stacks.
Coverage after assembling stacks: mean=16.77; stdev=18.73; max=862; n_reads=2960829(51.9%)

Merging secondary stacks (max. dist. N=3 from consensus)...
  Merged 195132 out of 428463 secondary reads (45.5%), 7976 merged with gapped alignments.
Coverage after merging secondary stacks: mean=17.88; stdev=19.53; max=893; n_reads=3155961(55.3%)

Assembling stacks, allowing for gaps (min. match length 80.0%)...
  Assembled 179083 stacks into 174665 stacks.
Coverage after gapped assembly: mean=18.34; stdev=19.92; max=893; n_reads=3155961(55.3%)

Merging secondary stacks, allowing for gaps (min. match length 80.0%)...
  Merged 15531 out of 233331 secondary reads (6.7%).
Coverage after merging gapped secondary stacks: mean=18.43; stdev=19.96; max=893; n_reads=3171492(55.6%)

Final number of stacks built: 174665
Final coverage: mean=18.43; stdev=19.96; max=893; n_reads=3171492(55.6%)
Calling consensus sequences and haplotypes for catalog assembly...
Writing tags, SNPs, and alleles files to '00_Data/05a_Stacks.denovo.ALL.M1n1/S_23_01008'...done.
ustacks is done.
