

-t gzfastq -f ./00_Data/03a_Demultiplex/S_23_01796.1.fq.gz -o 00_Data/05a_Stacks.denovo.ALL.M1n1/ -i 219 -m 3 --name S_23_01796 -M 1 -p 8


ustacks parameters selected:
  Input file: './00_Data/03a_Demultiplex/S_23_01796.1.fq.gz'
  Sample ID: 219
  Min depth of coverage to create a stack (m): 3
  Repeat removal algorithm: enabled
  Max distance allowed between stacks (M): 1
  Max distance allowed to align secondary reads: 3
  Max number of stacks allowed per de novo locus: 3
  Deleveraging algorithm: disabled
  Gapped assembly: enabled
  Minimum alignment length: 0.8
  Model type: SNP
  Alpha significance level for model: 0.05

Loading RAD-Tags...1M...2M...

Loaded 2784030 reads; formed:
  179381 stacks representing 2497113 primary reads (89.7%)
  246635 secondary stacks representing 286917 secondary reads (10.3%)

Stack coverage: mean=13.92; stdev=186.32; max=39962; n_reads=2497113(89.7%)
Removing repetitive stacks: cov > 573 (mean+3*stdev)...
  Blacklisted 7535 stacks.
Coverage after repeat removal: mean=10.23; stdev=18.28; max=573; n_reads=1757179(63.1%)

Assembling stacks (max. dist. M=1)...
  Assembled 171846 stacks into 145652; blacklisted 1611 stacks.
Coverage after assembling stacks: mean=9.86; stdev=11.45; max=679; n_reads=1418456(50.9%)

Merging secondary stacks (max. dist. N=3 from consensus)...
  Merged 86297 out of 286917 secondary reads (30.1%), 4034 merged with gapped alignments.
Coverage after merging secondary stacks: mean=10.46; stdev=11.90; max=691; n_reads=1504753(54.0%)

Assembling stacks, allowing for gaps (min. match length 80.0%)...
  Assembled 145652 stacks into 143035 stacks.
Coverage after gapped assembly: mean=10.66; stdev=12.18; max=694; n_reads=1504753(54.0%)

Merging secondary stacks, allowing for gaps (min. match length 80.0%)...
  Merged 10233 out of 200620 secondary reads (5.1%).
Coverage after merging gapped secondary stacks: mean=10.73; stdev=12.22; max=696; n_reads=1514986(54.4%)

Final number of stacks built: 143035
Final coverage: mean=10.73; stdev=12.22; max=696; n_reads=1514986(54.4%)
Calling consensus sequences and haplotypes for catalog assembly...
Writing tags, SNPs, and alleles files to '00_Data/05a_Stacks.denovo.ALL.M1n1/S_23_01796'...done.
ustacks is done.
