

-t gzfastq -f ./00_Data/03a_Demultiplex/S_23_01806.1.fq.gz -o 00_Data/05a_Stacks.denovo.ALL.M4n4/ -i 230 -m 3 --name S_23_01806 -M 4 -p 8


ustacks parameters selected:
  Input file: './00_Data/03a_Demultiplex/S_23_01806.1.fq.gz'
  Sample ID: 230
  Min depth of coverage to create a stack (m): 3
  Repeat removal algorithm: enabled
  Max distance allowed between stacks (M): 4
  Max distance allowed to align secondary reads: 6
  Max number of stacks allowed per de novo locus: 3
  Deleveraging algorithm: disabled
  Gapped assembly: enabled
  Minimum alignment length: 0.8
  Model type: SNP
  Alpha significance level for model: 0.05

Loading RAD-Tags...1M...2M...

Loaded 2896024 reads; formed:
  181533 stacks representing 2639422 primary reads (91.1%)
  223284 secondary stacks representing 256602 secondary reads (8.9%)

Stack coverage: mean=14.54; stdev=182.61; max=39908; n_reads=2639422(91.1%)
Removing repetitive stacks: cov > 563 (mean+3*stdev)...
  Blacklisted 7985 stacks.
Coverage after repeat removal: mean=10.84; stdev=19.28; max=557; n_reads=1881186(65.0%)

Assembling stacks (max. dist. M=4)...
  Assembled 173548 stacks into 119248; blacklisted 2551 stacks.
Coverage after assembling stacks: mean=10.43; stdev=12.11; max=527; n_reads=1214577(41.9%)

Merging secondary stacks (max. dist. N=6 from consensus)...
  Merged 103948 out of 256602 secondary reads (40.5%), 34481 merged with gapped alignments.
Coverage after merging secondary stacks: mean=11.32; stdev=13.84; max=1165; n_reads=1318525(45.5%)

Assembling stacks, allowing for gaps (min. match length 80.0%)...
  Assembled 119248 stacks into 114230 stacks.
Coverage after gapped assembly: mean=11.83; stdev=14.51; max=1165; n_reads=1318525(45.5%)

Merging secondary stacks, allowing for gaps (min. match length 80.0%)...
  Merged 26372 out of 152654 secondary reads (17.3%).
Coverage after merging gapped secondary stacks: mean=12.07; stdev=15.58; max=1165; n_reads=1344897(46.4%)

Final number of stacks built: 114230
Final coverage: mean=12.07; stdev=15.58; max=1165; n_reads=1344897(46.4%)
Calling consensus sequences and haplotypes for catalog assembly...
Writing tags, SNPs, and alleles files to '00_Data/05a_Stacks.denovo.ALL.M4n4/S_23_01806'...done.
ustacks is done.
