

-t gzfastq -f ./00_Data/03a_Demultiplex/S_23_01813.1.fq.gz -o 00_Data/05a_Stacks.denovo.ALL.M1n1/ -i 237 -m 3 --name S_23_01813 -M 1 -p 8


ustacks parameters selected:
  Input file: './00_Data/03a_Demultiplex/S_23_01813.1.fq.gz'
  Sample ID: 237
  Min depth of coverage to create a stack (m): 3
  Repeat removal algorithm: enabled
  Max distance allowed between stacks (M): 1
  Max distance allowed to align secondary reads: 3
  Max number of stacks allowed per de novo locus: 3
  Deleveraging algorithm: disabled
  Gapped assembly: enabled
  Minimum alignment length: 0.8
  Model type: SNP
  Alpha significance level for model: 0.05

Loading RAD-Tags...1M...2M...3M...4M...5M...

Loaded 5770942 reads; formed:
  233896 stacks representing 5348134 primary reads (92.7%)
  381267 secondary stacks representing 422808 secondary reads (7.3%)

Stack coverage: mean=22.87; stdev=319.03; max=76907; n_reads=5348134(92.7%)
Removing repetitive stacks: cov > 980 (mean+3*stdev)...
  Blacklisted 11261 stacks.
Coverage after repeat removal: mean=16.92; stdev=31.58; max=972; n_reads=3766586(65.3%)

Assembling stacks (max. dist. M=1)...
  Assembled 222635 stacks into 183328; blacklisted 2323 stacks.
Coverage after assembling stacks: mean=16.57; stdev=19.17; max=951; n_reads=2995581(51.9%)

Merging secondary stacks (max. dist. N=3 from consensus)...
  Merged 174762 out of 422808 secondary reads (41.3%), 7749 merged with gapped alignments.
Coverage after merging secondary stacks: mean=17.54; stdev=19.87; max=972; n_reads=3170343(54.9%)

Assembling stacks, allowing for gaps (min. match length 80.0%)...
  Assembled 183328 stacks into 178946 stacks.
Coverage after gapped assembly: mean=17.98; stdev=20.24; max=972; n_reads=3170343(54.9%)

Merging secondary stacks, allowing for gaps (min. match length 80.0%)...
  Merged 15073 out of 248046 secondary reads (6.1%).
Coverage after merging gapped secondary stacks: mean=18.06; stdev=20.26; max=972; n_reads=3185416(55.2%)

Final number of stacks built: 178946
Final coverage: mean=18.06; stdev=20.26; max=972; n_reads=3185416(55.2%)
Calling consensus sequences and haplotypes for catalog assembly...
Writing tags, SNPs, and alleles files to '00_Data/05a_Stacks.denovo.ALL.M1n1/S_23_01813'...done.
ustacks is done.
