

-t gzfastq -f ./00_Data/03a_Demultiplex/S_23_02016.1.fq.gz -o 00_Data/05a_Stacks.denovo.ALL.M1n1/ -i 336 -m 3 --name S_23_02016 -M 1 -p 8


ustacks parameters selected:
  Input file: './00_Data/03a_Demultiplex/S_23_02016.1.fq.gz'
  Sample ID: 336
  Min depth of coverage to create a stack (m): 3
  Repeat removal algorithm: enabled
  Max distance allowed between stacks (M): 1
  Max distance allowed to align secondary reads: 3
  Max number of stacks allowed per de novo locus: 3
  Deleveraging algorithm: disabled
  Gapped assembly: enabled
  Minimum alignment length: 0.8
  Model type: SNP
  Alpha significance level for model: 0.05

Loading RAD-Tags...1M...

Loaded 1036260 reads; formed:
  99323 stacks representing 826344 primary reads (79.7%)
  167313 secondary stacks representing 209916 secondary reads (20.3%)

Stack coverage: mean=8.32; stdev=67.36; max=8001; n_reads=826344(79.7%)
Removing repetitive stacks: cov > 211 (mean+3*stdev)...
  Blacklisted 4573 stacks.
Coverage after repeat removal: mean=6.29; stdev=9.16; max=211; n_reads=595700(57.5%)

Assembling stacks (max. dist. M=1)...
  Assembled 94750 stacks into 83433; blacklisted 841 stacks.
Coverage after assembling stacks: mean=6.06; stdev=7.03; max=220; n_reads=498926(48.1%)

Merging secondary stacks (max. dist. N=3 from consensus)...
  Merged 44007 out of 209916 secondary reads (21.0%), 1504 merged with gapped alignments.
Coverage after merging secondary stacks: mean=6.59; stdev=7.64; max=237; n_reads=542933(52.4%)

Assembling stacks, allowing for gaps (min. match length 80.0%)...
  Assembled 83433 stacks into 82499 stacks.
Coverage after gapped assembly: mean=6.66; stdev=7.77; max=237; n_reads=542933(52.4%)

Merging secondary stacks, allowing for gaps (min. match length 80.0%)...
  Merged 6684 out of 165909 secondary reads (4.0%).
Coverage after merging gapped secondary stacks: mean=6.75; stdev=7.85; max=237; n_reads=549617(53.0%)

Final number of stacks built: 82499
Final coverage: mean=6.75; stdev=7.85; max=237; n_reads=549617(53.0%)
Calling consensus sequences and haplotypes for catalog assembly...
Writing tags, SNPs, and alleles files to '00_Data/05a_Stacks.denovo.ALL.M1n1/S_23_02016'...done.
ustacks is done.
