

-t gzfastq -f ./00_Data/03a_Demultiplex/S_23_01858.1.fq.gz -o 00_Data/05a_Stacks.denovo.ALL.M4n4/ -i 265 -m 3 --name S_23_01858 -M 4 -p 8


ustacks parameters selected:
  Input file: './00_Data/03a_Demultiplex/S_23_01858.1.fq.gz'
  Sample ID: 265
  Min depth of coverage to create a stack (m): 3
  Repeat removal algorithm: enabled
  Max distance allowed between stacks (M): 4
  Max distance allowed to align secondary reads: 6
  Max number of stacks allowed per de novo locus: 3
  Deleveraging algorithm: disabled
  Gapped assembly: enabled
  Minimum alignment length: 0.8
  Model type: SNP
  Alpha significance level for model: 0.05

Loading RAD-Tags...1M...2M...3M...

Loaded 3206962 reads; formed:
  198561 stacks representing 2902767 primary reads (90.5%)
  267795 secondary stacks representing 304195 secondary reads (9.5%)

Stack coverage: mean=14.62; stdev=180.93; max=39117; n_reads=2902767(90.5%)
Removing repetitive stacks: cov > 558 (mean+3*stdev)...
  Blacklisted 8917 stacks.
Coverage after repeat removal: mean=10.90; stdev=19.06; max=558; n_reads=2066472(64.4%)

Assembling stacks (max. dist. M=4)...
  Assembled 189644 stacks into 130727; blacklisted 2797 stacks.
Coverage after assembling stacks: mean=10.59; stdev=11.90; max=533; n_reads=1351916(42.2%)

Merging secondary stacks (max. dist. N=6 from consensus)...
  Merged 122912 out of 304195 secondary reads (40.4%), 39924 merged with gapped alignments.
Coverage after merging secondary stacks: mean=11.55; stdev=13.11; max=583; n_reads=1474828(46.0%)

Assembling stacks, allowing for gaps (min. match length 80.0%)...
  Assembled 130727 stacks into 124917 stacks.
Coverage after gapped assembly: mean=12.10; stdev=13.82; max=583; n_reads=1474828(46.0%)

Merging secondary stacks, allowing for gaps (min. match length 80.0%)...
  Merged 33363 out of 181283 secondary reads (18.4%).
Coverage after merging gapped secondary stacks: mean=12.37; stdev=14.93; max=814; n_reads=1508191(47.0%)

Final number of stacks built: 124917
Final coverage: mean=12.37; stdev=14.93; max=814; n_reads=1508191(47.0%)
Calling consensus sequences and haplotypes for catalog assembly...
Writing tags, SNPs, and alleles files to '00_Data/05a_Stacks.denovo.ALL.M4n4/S_23_01858'...done.
ustacks is done.
