

-t gzfastq -f ./00_Data/03a_Demultiplex/S_23_01807.1.fq.gz -o 00_Data/05a_Stacks.denovo.ALL.M4n4/ -i 231 -m 3 --name S_23_01807 -M 4 -p 8


ustacks parameters selected:
  Input file: './00_Data/03a_Demultiplex/S_23_01807.1.fq.gz'
  Sample ID: 231
  Min depth of coverage to create a stack (m): 3
  Repeat removal algorithm: enabled
  Max distance allowed between stacks (M): 4
  Max distance allowed to align secondary reads: 6
  Max number of stacks allowed per de novo locus: 3
  Deleveraging algorithm: disabled
  Gapped assembly: enabled
  Minimum alignment length: 0.8
  Model type: SNP
  Alpha significance level for model: 0.05

Loading RAD-Tags...1M...2M...3M...

Loaded 3455765 reads; formed:
  208040 stacks representing 3166202 primary reads (91.6%)
  255820 secondary stacks representing 289563 secondary reads (8.4%)

Stack coverage: mean=15.22; stdev=180.66; max=36521; n_reads=3166202(91.6%)
Removing repetitive stacks: cov > 558 (mean+3*stdev)...
  Blacklisted 10609 stacks.
Coverage after repeat removal: mean=11.25; stdev=18.73; max=557; n_reads=2222009(64.3%)

Assembling stacks (max. dist. M=4)...
  Assembled 197431 stacks into 134893; blacklisted 2961 stacks.
Coverage after assembling stacks: mean=10.95; stdev=11.92; max=517; n_reads=1440920(41.7%)

Merging secondary stacks (max. dist. N=6 from consensus)...
  Merged 126958 out of 289563 secondary reads (43.8%), 42371 merged with gapped alignments.
Coverage after merging secondary stacks: mean=11.91; stdev=13.59; max=919; n_reads=1567878(45.4%)

Assembling stacks, allowing for gaps (min. match length 80.0%)...
  Assembled 134893 stacks into 128858 stacks.
Coverage after gapped assembly: mean=12.48; stdev=14.32; max=919; n_reads=1567878(45.4%)

Merging secondary stacks, allowing for gaps (min. match length 80.0%)...
  Merged 34902 out of 162605 secondary reads (21.5%).
Coverage after merging gapped secondary stacks: mean=12.76; stdev=15.55; max=1095; n_reads=1602780(46.4%)

Final number of stacks built: 128858
Final coverage: mean=12.76; stdev=15.55; max=1095; n_reads=1602780(46.4%)
Calling consensus sequences and haplotypes for catalog assembly...
Writing tags, SNPs, and alleles files to '00_Data/05a_Stacks.denovo.ALL.M4n4/S_23_01807'...done.
ustacks is done.
