

-t gzfastq -f ./00_Data/03a_Demultiplex/S_23_01125.1.fq.gz -o 00_Data/05a_Stacks.denovo.ALL.M4n4/ -i 103 -m 3 --name S_23_01125 -M 4 -p 8


ustacks parameters selected:
  Input file: './00_Data/03a_Demultiplex/S_23_01125.1.fq.gz'
  Sample ID: 103
  Min depth of coverage to create a stack (m): 3
  Repeat removal algorithm: enabled
  Max distance allowed between stacks (M): 4
  Max distance allowed to align secondary reads: 6
  Max number of stacks allowed per de novo locus: 3
  Deleveraging algorithm: disabled
  Gapped assembly: enabled
  Minimum alignment length: 0.8
  Model type: SNP
  Alpha significance level for model: 0.05

Loading RAD-Tags...1M...

Loaded 1341135 reads; formed:
  116421 stacks representing 1148795 primary reads (85.7%)
  156341 secondary stacks representing 192340 secondary reads (14.3%)

Stack coverage: mean=9.87; stdev=85.49; max=11717; n_reads=1148795(85.7%)
Removing repetitive stacks: cov > 267 (mean+3*stdev)...
  Blacklisted 6061 stacks.
Coverage after repeat removal: mean=7.28; stdev=11.23; max=267; n_reads=803300(59.9%)

Assembling stacks (max. dist. M=4)...
  Assembled 110360 stacks into 77914; blacklisted 1754 stacks.
Coverage after assembling stacks: mean=7.01; stdev=8.06; max=257; n_reads=532090(39.7%)

Merging secondary stacks (max. dist. N=6 from consensus)...
  Merged 64009 out of 192340 secondary reads (33.3%), 22900 merged with gapped alignments.
Coverage after merging secondary stacks: mean=7.85; stdev=10.42; max=1014; n_reads=596099(44.4%)

Assembling stacks, allowing for gaps (min. match length 80.0%)...
  Assembled 77914 stacks into 75249 stacks.
Coverage after gapped assembly: mean=8.14; stdev=10.89; max=1014; n_reads=596099(44.4%)

Merging secondary stacks, allowing for gaps (min. match length 80.0%)...
  Merged 23185 out of 128331 secondary reads (18.1%).
Coverage after merging gapped secondary stacks: mean=8.45; stdev=13.37; max=1222; n_reads=619284(46.2%)

Final number of stacks built: 75249
Final coverage: mean=8.45; stdev=13.37; max=1222; n_reads=619284(46.2%)
Calling consensus sequences and haplotypes for catalog assembly...
Writing tags, SNPs, and alleles files to '00_Data/05a_Stacks.denovo.ALL.M4n4/S_23_01125'...done.
ustacks is done.
