

-t gzfastq -f ./00_Data/03a_Demultiplex/S_23_02123.1.fq.gz -o 00_Data/05a_Stacks.denovo.ALL.M1n1/ -i 432 -m 3 --name S_23_02123 -M 1 -p 8


ustacks parameters selected:
  Input file: './00_Data/03a_Demultiplex/S_23_02123.1.fq.gz'
  Sample ID: 432
  Min depth of coverage to create a stack (m): 3
  Repeat removal algorithm: enabled
  Max distance allowed between stacks (M): 1
  Max distance allowed to align secondary reads: 3
  Max number of stacks allowed per de novo locus: 3
  Deleveraging algorithm: disabled
  Gapped assembly: enabled
  Minimum alignment length: 0.8
  Model type: SNP
  Alpha significance level for model: 0.05

Loading RAD-Tags...1M...2M...3M...4M...5M...6M...7M...

Loaded 7931002 reads; formed:
  249175 stacks representing 7383672 primary reads (93.1%)
  491251 secondary stacks representing 547330 secondary reads (6.9%)

Stack coverage: mean=29.63; stdev=401.05; max=84400; n_reads=7383672(93.1%)
Removing repetitive stacks: cov > 1233 (mean+3*stdev)...
  Blacklisted 13072 stacks.
Coverage after repeat removal: mean=21.83; stdev=39.14; max=1217; n_reads=5153469(65.0%)

Assembling stacks (max. dist. M=1)...
  Assembled 236103 stacks into 191960; blacklisted 2584 stacks.
Coverage after assembling stacks: mean=21.92; stdev=24.60; max=1020; n_reads=4145638(52.3%)

Merging secondary stacks (max. dist. N=3 from consensus)...
  Merged 240814 out of 547330 secondary reads (44.0%), 11516 merged with gapped alignments.
Coverage after merging secondary stacks: mean=23.20; stdev=25.49; max=1051; n_reads=4386452(55.3%)

Assembling stacks, allowing for gaps (min. match length 80.0%)...
  Assembled 191960 stacks into 186997 stacks.
Coverage after gapped assembly: mean=23.82; stdev=25.98; max=1051; n_reads=4386452(55.3%)

Merging secondary stacks, allowing for gaps (min. match length 80.0%)...
  Merged 21325 out of 306516 secondary reads (7.0%).
Coverage after merging gapped secondary stacks: mean=23.94; stdev=26.00; max=1051; n_reads=4407777(55.6%)

Final number of stacks built: 186997
Final coverage: mean=23.94; stdev=26.00; max=1051; n_reads=4407777(55.6%)
Calling consensus sequences and haplotypes for catalog assembly...
Writing tags, SNPs, and alleles files to '00_Data/05a_Stacks.denovo.ALL.M1n1/S_23_02123'...done.
ustacks is done.
