

-t gzfastq -f ./00_Data/03a_Demultiplex/S_23_01867.1.fq.gz -o 00_Data/05a_Stacks.denovo.ALL.M4n4/ -i 273 -m 3 --name S_23_01867 -M 4 -p 8


ustacks parameters selected:
  Input file: './00_Data/03a_Demultiplex/S_23_01867.1.fq.gz'
  Sample ID: 273
  Min depth of coverage to create a stack (m): 3
  Repeat removal algorithm: enabled
  Max distance allowed between stacks (M): 4
  Max distance allowed to align secondary reads: 6
  Max number of stacks allowed per de novo locus: 3
  Deleveraging algorithm: disabled
  Gapped assembly: enabled
  Minimum alignment length: 0.8
  Model type: SNP
  Alpha significance level for model: 0.05

Loading RAD-Tags...1M...2M...

Loaded 2150310 reads; formed:
  161906 stacks representing 1938028 primary reads (90.1%)
  181179 secondary stacks representing 212282 secondary reads (9.9%)

Stack coverage: mean=11.97; stdev=133.92; max=26550; n_reads=1938028(90.1%)
Removing repetitive stacks: cov > 414 (mean+3*stdev)...
  Blacklisted 7181 stacks.
Coverage after repeat removal: mean=9.03; stdev=14.62; max=412; n_reads=1396401(64.9%)

Assembling stacks (max. dist. M=4)...
  Assembled 154725 stacks into 108615; blacklisted 2249 stacks.
Coverage after assembling stacks: mean=8.82; stdev=9.63; max=430; n_reads=936540(43.6%)

Merging secondary stacks (max. dist. N=6 from consensus)...
  Merged 85737 out of 212282 secondary reads (40.4%), 28813 merged with gapped alignments.
Coverage after merging secondary stacks: mean=9.63; stdev=12.23; max=1769; n_reads=1022277(47.5%)

Assembling stacks, allowing for gaps (min. match length 80.0%)...
  Assembled 108615 stacks into 104452 stacks.
Coverage after gapped assembly: mean=10.02; stdev=12.80; max=1769; n_reads=1022277(47.5%)

Merging secondary stacks, allowing for gaps (min. match length 80.0%)...
  Merged 20714 out of 126545 secondary reads (16.4%).
Coverage after merging gapped secondary stacks: mean=10.23; stdev=13.72; max=1883; n_reads=1042991(48.5%)

Final number of stacks built: 104452
Final coverage: mean=10.23; stdev=13.72; max=1883; n_reads=1042991(48.5%)
Calling consensus sequences and haplotypes for catalog assembly...
Writing tags, SNPs, and alleles files to '00_Data/05a_Stacks.denovo.ALL.M4n4/S_23_01867'...done.
ustacks is done.
