

-t gzfastq -f ./00_Data/03a_Demultiplex/S_23_00989.1.fq.gz -o 00_Data/05a_Stacks.denovo.ALL.M4n4/ -i 11 -m 3 --name S_23_00989 -M 4 -p 8


ustacks parameters selected:
  Input file: './00_Data/03a_Demultiplex/S_23_00989.1.fq.gz'
  Sample ID: 11
  Min depth of coverage to create a stack (m): 3
  Repeat removal algorithm: enabled
  Max distance allowed between stacks (M): 4
  Max distance allowed to align secondary reads: 6
  Max number of stacks allowed per de novo locus: 3
  Deleveraging algorithm: disabled
  Gapped assembly: enabled
  Minimum alignment length: 0.8
  Model type: SNP
  Alpha significance level for model: 0.05

Loading RAD-Tags...1M...2M...3M...4M...5M...6M...

Loaded 6644640 reads; formed:
  241514 stacks representing 6168736 primary reads (92.8%)
  431979 secondary stacks representing 475904 secondary reads (7.2%)

Stack coverage: mean=25.54; stdev=328.73; max=69718; n_reads=6168736(92.8%)
Removing repetitive stacks: cov > 1012 (mean+3*stdev)...
  Blacklisted 13071 stacks.
Coverage after repeat removal: mean=18.95; stdev=33.23; max=1008; n_reads=4328067(65.1%)

Assembling stacks (max. dist. M=4)...
  Assembled 228443 stacks into 151123; blacklisted 3514 stacks.
Coverage after assembling stacks: mean=18.78; stdev=19.74; max=959; n_reads=2766099(41.6%)

Merging secondary stacks (max. dist. N=6 from consensus)...
  Merged 231282 out of 475904 secondary reads (48.6%), 72220 merged with gapped alignments.
Coverage after merging secondary stacks: mean=20.35; stdev=21.80; max=986; n_reads=2997381(45.1%)

Assembling stacks, allowing for gaps (min. match length 80.0%)...
  Assembled 151123 stacks into 142767 stacks.
Coverage after gapped assembly: mean=21.57; stdev=22.97; max=986; n_reads=2997381(45.1%)

Merging secondary stacks, allowing for gaps (min. match length 80.0%)...
  Merged 52111 out of 244622 secondary reads (21.3%).
Coverage after merging gapped secondary stacks: mean=21.95; stdev=24.85; max=1909; n_reads=3049492(45.9%)

Final number of stacks built: 142767
Final coverage: mean=21.95; stdev=24.85; max=1909; n_reads=3049492(45.9%)
Calling consensus sequences and haplotypes for catalog assembly...
Writing tags, SNPs, and alleles files to '00_Data/05a_Stacks.denovo.ALL.M4n4/S_23_00989'...done.
ustacks is done.
