

-t gzfastq -f ./00_Data/03a_Demultiplex/S_23_02153.1.fq.gz -o 00_Data/05a_Stacks.denovo.ALL.M1n1/ -i 462 -m 3 --name S_23_02153 -M 1 -p 8


ustacks parameters selected:
  Input file: './00_Data/03a_Demultiplex/S_23_02153.1.fq.gz'
  Sample ID: 462
  Min depth of coverage to create a stack (m): 3
  Repeat removal algorithm: enabled
  Max distance allowed between stacks (M): 1
  Max distance allowed to align secondary reads: 3
  Max number of stacks allowed per de novo locus: 3
  Deleveraging algorithm: disabled
  Gapped assembly: enabled
  Minimum alignment length: 0.8
  Model type: SNP
  Alpha significance level for model: 0.05

Loading RAD-Tags...1M...2M...3M...4M...

Loaded 4671003 reads; formed:
  219060 stacks representing 4320492 primary reads (92.5%)
  313494 secondary stacks representing 350511 secondary reads (7.5%)

Stack coverage: mean=19.72; stdev=228.48; max=45823; n_reads=4320492(92.5%)
Removing repetitive stacks: cov > 706 (mean+3*stdev)...
  Blacklisted 10564 stacks.
Coverage after repeat removal: mean=14.64; stdev=23.85; max=706; n_reads=3052884(65.4%)

Assembling stacks (max. dist. M=1)...
  Assembled 208496 stacks into 173652; blacklisted 2061 stacks.
Coverage after assembling stacks: mean=14.61; stdev=16.64; max=642; n_reads=2502970(53.6%)

Merging secondary stacks (max. dist. N=3 from consensus)...
  Merged 143885 out of 350511 secondary reads (41.1%), 6534 merged with gapped alignments.
Coverage after merging secondary stacks: mean=15.45; stdev=17.26; max=661; n_reads=2646855(56.7%)

Assembling stacks, allowing for gaps (min. match length 80.0%)...
  Assembled 173652 stacks into 169699 stacks.
Coverage after gapped assembly: mean=15.82; stdev=17.62; max=661; n_reads=2646855(56.7%)

Merging secondary stacks, allowing for gaps (min. match length 80.0%)...
  Merged 12075 out of 206626 secondary reads (5.8%).
Coverage after merging gapped secondary stacks: mean=15.89; stdev=17.64; max=661; n_reads=2658930(56.9%)

Final number of stacks built: 169699
Final coverage: mean=15.89; stdev=17.64; max=661; n_reads=2658930(56.9%)
Calling consensus sequences and haplotypes for catalog assembly...
Writing tags, SNPs, and alleles files to '00_Data/05a_Stacks.denovo.ALL.M1n1/S_23_02153'...done.
ustacks is done.
