

-t gzfastq -f ./00_Data/03a_Demultiplex/S_23_02269.1.fq.gz -o 00_Data/05a_Stacks.denovo.ALL.M1n1/ -i 560 -m 3 --name S_23_02269 -M 1 -p 8


ustacks parameters selected:
  Input file: './00_Data/03a_Demultiplex/S_23_02269.1.fq.gz'
  Sample ID: 560
  Min depth of coverage to create a stack (m): 3
  Repeat removal algorithm: enabled
  Max distance allowed between stacks (M): 1
  Max distance allowed to align secondary reads: 3
  Max number of stacks allowed per de novo locus: 3
  Deleveraging algorithm: disabled
  Gapped assembly: enabled
  Minimum alignment length: 0.8
  Model type: SNP
  Alpha significance level for model: 0.05

Loading RAD-Tags...1M...2M...3M...

Loaded 3430801 reads; formed:
  185862 stacks representing 3136773 primary reads (91.4%)
  257761 secondary stacks representing 294028 secondary reads (8.6%)

Stack coverage: mean=16.88; stdev=232.31; max=53133; n_reads=3136773(91.4%)
Removing repetitive stacks: cov > 714 (mean+3*stdev)...
  Blacklisted 7878 stacks.
Coverage after repeat removal: mean=12.55; stdev=23.59; max=713; n_reads=2234446(65.1%)

Assembling stacks (max. dist. M=1)...
  Assembled 177984 stacks into 148511; blacklisted 1746 stacks.
Coverage after assembling stacks: mean=12.19; stdev=14.62; max=765; n_reads=1786547(52.1%)

Merging secondary stacks (max. dist. N=3 from consensus)...
  Merged 104464 out of 294028 secondary reads (35.5%), 4497 merged with gapped alignments.
Coverage after merging secondary stacks: mean=12.90; stdev=15.18; max=781; n_reads=1891011(55.1%)

Assembling stacks, allowing for gaps (min. match length 80.0%)...
  Assembled 148511 stacks into 145645 stacks.
Coverage after gapped assembly: mean=13.16; stdev=15.47; max=781; n_reads=1891011(55.1%)

Merging secondary stacks, allowing for gaps (min. match length 80.0%)...
  Merged 9982 out of 189564 secondary reads (5.3%).
Coverage after merging gapped secondary stacks: mean=13.23; stdev=15.50; max=781; n_reads=1900993(55.4%)

Final number of stacks built: 145645
Final coverage: mean=13.23; stdev=15.50; max=781; n_reads=1900993(55.4%)
Calling consensus sequences and haplotypes for catalog assembly...
Writing tags, SNPs, and alleles files to '00_Data/05a_Stacks.denovo.ALL.M1n1/S_23_02269'...done.
ustacks is done.
