

-t gzfastq -f ./00_Data/03a_Demultiplex/S_23_02003.1.fq.gz -o 00_Data/05a_Stacks.denovo.ALL.M4n4/ -i 323 -m 3 --name S_23_02003 -M 4 -p 8


ustacks parameters selected:
  Input file: './00_Data/03a_Demultiplex/S_23_02003.1.fq.gz'
  Sample ID: 323
  Min depth of coverage to create a stack (m): 3
  Repeat removal algorithm: enabled
  Max distance allowed between stacks (M): 4
  Max distance allowed to align secondary reads: 6
  Max number of stacks allowed per de novo locus: 3
  Deleveraging algorithm: disabled
  Gapped assembly: enabled
  Minimum alignment length: 0.8
  Model type: SNP
  Alpha significance level for model: 0.05

Loading RAD-Tags...

Loaded 955084 reads; formed:
  92304 stacks representing 775449 primary reads (81.2%)
  141536 secondary stacks representing 179635 secondary reads (18.8%)

Stack coverage: mean=8.40; stdev=70.23; max=8057; n_reads=775449(81.2%)
Removing repetitive stacks: cov > 220 (mean+3*stdev)...
  Blacklisted 4592 stacks.
Coverage after repeat removal: mean=6.22; stdev=9.11; max=218; n_reads=545904(57.2%)

Assembling stacks (max. dist. M=4)...
  Assembled 87712 stacks into 63928; blacklisted 1371 stacks.
Coverage after assembling stacks: mean=6.00; stdev=6.92; max=225; n_reads=374343(39.2%)

Merging secondary stacks (max. dist. N=6 from consensus)...
  Merged 49417 out of 179635 secondary reads (27.5%), 19466 merged with gapped alignments.
Coverage after merging secondary stacks: mean=6.80; stdev=10.05; max=1132; n_reads=423760(44.4%)

Assembling stacks, allowing for gaps (min. match length 80.0%)...
  Assembled 63928 stacks into 61985 stacks.
Coverage after gapped assembly: mean=7.01; stdev=10.57; max=1132; n_reads=423760(44.4%)

Merging secondary stacks, allowing for gaps (min. match length 80.0%)...
  Merged 19740 out of 130218 secondary reads (15.2%).
Coverage after merging gapped secondary stacks: mean=7.34; stdev=13.46; max=1239; n_reads=443500(46.4%)

Final number of stacks built: 61985
Final coverage: mean=7.34; stdev=13.46; max=1239; n_reads=443500(46.4%)
Calling consensus sequences and haplotypes for catalog assembly...
Writing tags, SNPs, and alleles files to '00_Data/05a_Stacks.denovo.ALL.M4n4/S_23_02003'...done.
ustacks is done.
