

-t gzfastq -f ./00_Data/03a_Demultiplex/S_23_02170.1.fq.gz -o 00_Data/05a_Stacks.denovo.ALL.M4n4/ -i 480 -m 3 --name S_23_02170 -M 4 -p 8


ustacks parameters selected:
  Input file: './00_Data/03a_Demultiplex/S_23_02170.1.fq.gz'
  Sample ID: 480
  Min depth of coverage to create a stack (m): 3
  Repeat removal algorithm: enabled
  Max distance allowed between stacks (M): 4
  Max distance allowed to align secondary reads: 6
  Max number of stacks allowed per de novo locus: 3
  Deleveraging algorithm: disabled
  Gapped assembly: enabled
  Minimum alignment length: 0.8
  Model type: SNP
  Alpha significance level for model: 0.05

Loading RAD-Tags...1M...2M...

Loaded 2998659 reads; formed:
  198792 stacks representing 2709898 primary reads (90.4%)
  250026 secondary stacks representing 288761 secondary reads (9.6%)

Stack coverage: mean=13.63; stdev=168.91; max=36225; n_reads=2709898(90.4%)
Removing repetitive stacks: cov > 521 (mean+3*stdev)...
  Blacklisted 9376 stacks.
Coverage after repeat removal: mean=10.13; stdev=17.61; max=521; n_reads=1919386(64.0%)

Assembling stacks (max. dist. M=4)...
  Assembled 189416 stacks into 130126; blacklisted 2796 stacks.
Coverage after assembling stacks: mean=9.74; stdev=10.87; max=511; n_reads=1237669(41.3%)

Merging secondary stacks (max. dist. N=6 from consensus)...
  Merged 112703 out of 288761 secondary reads (39.0%), 37377 merged with gapped alignments.
Coverage after merging secondary stacks: mean=10.63; stdev=12.23; max=545; n_reads=1350372(45.0%)

Assembling stacks, allowing for gaps (min. match length 80.0%)...
  Assembled 130126 stacks into 124587 stacks.
Coverage after gapped assembly: mean=11.11; stdev=12.83; max=545; n_reads=1350372(45.0%)

Merging secondary stacks, allowing for gaps (min. match length 80.0%)...
  Merged 36184 out of 176058 secondary reads (20.6%).
Coverage after merging gapped secondary stacks: mean=11.41; stdev=14.31; max=1006; n_reads=1386556(46.2%)

Final number of stacks built: 124587
Final coverage: mean=11.41; stdev=14.31; max=1006; n_reads=1386556(46.2%)
Calling consensus sequences and haplotypes for catalog assembly...
Writing tags, SNPs, and alleles files to '00_Data/05a_Stacks.denovo.ALL.M4n4/S_23_02170'...done.
ustacks is done.
