

-t gzfastq -f ./00_Data/03a_Demultiplex/S_23_01149.1.fq.gz -o 00_Data/05a_Stacks.denovo.ALL.M4n4/ -i 112 -m 3 --name S_23_01149 -M 4 -p 8


ustacks parameters selected:
  Input file: './00_Data/03a_Demultiplex/S_23_01149.1.fq.gz'
  Sample ID: 112
  Min depth of coverage to create a stack (m): 3
  Repeat removal algorithm: enabled
  Max distance allowed between stacks (M): 4
  Max distance allowed to align secondary reads: 6
  Max number of stacks allowed per de novo locus: 3
  Deleveraging algorithm: disabled
  Gapped assembly: enabled
  Minimum alignment length: 0.8
  Model type: SNP
  Alpha significance level for model: 0.05

Loading RAD-Tags...1M...2M...3M...4M...

Loaded 4513631 reads; formed:
  205451 stacks representing 4194566 primary reads (92.9%)
  284674 secondary stacks representing 319065 secondary reads (7.1%)

Stack coverage: mean=20.42; stdev=275.33; max=58011; n_reads=4194566(92.9%)
Removing repetitive stacks: cov > 847 (mean+3*stdev)...
  Blacklisted 9926 stacks.
Coverage after repeat removal: mean=14.89; stdev=27.25; max=847; n_reads=2911681(64.5%)

Assembling stacks (max. dist. M=4)...
  Assembled 195525 stacks into 130719; blacklisted 3063 stacks.
Coverage after assembling stacks: mean=14.36; stdev=16.08; max=835; n_reads=1829416(40.5%)

Merging secondary stacks (max. dist. N=6 from consensus)...
  Merged 142962 out of 319065 secondary reads (44.8%), 48569 merged with gapped alignments.
Coverage after merging secondary stacks: mean=15.48; stdev=17.72; max=862; n_reads=1972378(43.7%)

Assembling stacks, allowing for gaps (min. match length 80.0%)...
  Assembled 130719 stacks into 124237 stacks.
Coverage after gapped assembly: mean=16.31; stdev=18.66; max=862; n_reads=1972378(43.7%)

Merging secondary stacks, allowing for gaps (min. match length 80.0%)...
  Merged 36338 out of 176103 secondary reads (20.6%).
Coverage after merging gapped secondary stacks: mean=16.61; stdev=19.71; max=872; n_reads=2008716(44.5%)

Final number of stacks built: 124237
Final coverage: mean=16.61; stdev=19.71; max=872; n_reads=2008716(44.5%)
Calling consensus sequences and haplotypes for catalog assembly...
Writing tags, SNPs, and alleles files to '00_Data/05a_Stacks.denovo.ALL.M4n4/S_23_01149'...done.
ustacks is done.
