

-t gzfastq -f ./00_Data/03a_Demultiplex/S_23_01201.1.fq.gz -o 00_Data/05a_Stacks.denovo.ALL.M1n1/ -i 151 -m 3 --name S_23_01201 -M 1 -p 8


ustacks parameters selected:
  Input file: './00_Data/03a_Demultiplex/S_23_01201.1.fq.gz'
  Sample ID: 151
  Min depth of coverage to create a stack (m): 3
  Repeat removal algorithm: enabled
  Max distance allowed between stacks (M): 1
  Max distance allowed to align secondary reads: 3
  Max number of stacks allowed per de novo locus: 3
  Deleveraging algorithm: disabled
  Gapped assembly: enabled
  Minimum alignment length: 0.8
  Model type: SNP
  Alpha significance level for model: 0.05

Loading RAD-Tags...1M...2M...3M...4M...5M...6M...

Loaded 6861189 reads; formed:
  250812 stacks representing 6371064 primary reads (92.9%)
  443941 secondary stacks representing 490125 secondary reads (7.1%)

Stack coverage: mean=25.40; stdev=323.40; max=71038; n_reads=6371064(92.9%)
Removing repetitive stacks: cov > 996 (mean+3*stdev)...
  Blacklisted 13252 stacks.
Coverage after repeat removal: mean=19.09; stdev=33.27; max=995; n_reads=4535676(66.1%)

Assembling stacks (max. dist. M=1)...
  Assembled 237560 stacks into 195454; blacklisted 2485 stacks.
Coverage after assembling stacks: mean=19.02; stdev=20.44; max=922; n_reads=3663913(53.4%)

Merging secondary stacks (max. dist. N=3 from consensus)...
  Merged 211471 out of 490125 secondary reads (43.1%), 9556 merged with gapped alignments.
Coverage after merging secondary stacks: mean=20.11; stdev=21.20; max=936; n_reads=3875384(56.5%)

Assembling stacks, allowing for gaps (min. match length 80.0%)...
  Assembled 195454 stacks into 190558 stacks.
Coverage after gapped assembly: mean=20.64; stdev=21.65; max=936; n_reads=3875384(56.5%)

Merging secondary stacks, allowing for gaps (min. match length 80.0%)...
  Merged 16614 out of 278654 secondary reads (6.0%).
Coverage after merging gapped secondary stacks: mean=20.73; stdev=21.66; max=937; n_reads=3891998(56.7%)

Final number of stacks built: 190558
Final coverage: mean=20.73; stdev=21.66; max=937; n_reads=3891998(56.7%)
Calling consensus sequences and haplotypes for catalog assembly...
Writing tags, SNPs, and alleles files to '00_Data/05a_Stacks.denovo.ALL.M1n1/S_23_01201'...done.
ustacks is done.
