

-t gzfastq -f ./00_Data/03a_Demultiplex/S_23_02139.1.fq.gz -o 00_Data/05a_Stacks.denovo.ALL.M4n4/ -i 448 -m 3 --name S_23_02139 -M 4 -p 8


ustacks parameters selected:
  Input file: './00_Data/03a_Demultiplex/S_23_02139.1.fq.gz'
  Sample ID: 448
  Min depth of coverage to create a stack (m): 3
  Repeat removal algorithm: enabled
  Max distance allowed between stacks (M): 4
  Max distance allowed to align secondary reads: 6
  Max number of stacks allowed per de novo locus: 3
  Deleveraging algorithm: disabled
  Gapped assembly: enabled
  Minimum alignment length: 0.8
  Model type: SNP
  Alpha significance level for model: 0.05

Loading RAD-Tags...1M...2M...3M...4M...5M...6M...7M...

Loaded 7661020 reads; formed:
  239045 stacks representing 7158144 primary reads (93.4%)
  460875 secondary stacks representing 502876 secondary reads (6.6%)

Stack coverage: mean=29.94; stdev=370.16; max=67048; n_reads=7158144(93.4%)
Removing repetitive stacks: cov > 1141 (mean+3*stdev)...
  Blacklisted 13585 stacks.
Coverage after repeat removal: mean=21.93; stdev=38.74; max=1139; n_reads=4944562(64.5%)

Assembling stacks (max. dist. M=4)...
  Assembled 225460 stacks into 149765; blacklisted 3501 stacks.
Coverage after assembling stacks: mean=21.80; stdev=24.20; max=1018; n_reads=3180626(41.5%)

Merging secondary stacks (max. dist. N=6 from consensus)...
  Merged 258917 out of 502876 secondary reads (51.5%), 83051 merged with gapped alignments.
Coverage after merging secondary stacks: mean=23.57; stdev=26.77; max=1297; n_reads=3439543(44.9%)

Assembling stacks, allowing for gaps (min. match length 80.0%)...
  Assembled 149765 stacks into 141420 stacks.
Coverage after gapped assembly: mean=25.00; stdev=28.29; max=1316; n_reads=3439543(44.9%)

Merging secondary stacks, allowing for gaps (min. match length 80.0%)...
  Merged 48995 out of 243959 secondary reads (20.1%).
Coverage after merging gapped secondary stacks: mean=25.36; stdev=29.57; max=1531; n_reads=3488538(45.5%)

Final number of stacks built: 141420
Final coverage: mean=25.36; stdev=29.57; max=1531; n_reads=3488538(45.5%)
Calling consensus sequences and haplotypes for catalog assembly...
Writing tags, SNPs, and alleles files to '00_Data/05a_Stacks.denovo.ALL.M4n4/S_23_02139'...done.
ustacks is done.
