

-t gzfastq -f ./00_Data/03a_Demultiplex/S_23_01117.1.fq.gz -o 00_Data/05a_Stacks.denovo.ALL.M1n1/ -i 95 -m 3 --name S_23_01117 -M 1 -p 8


ustacks parameters selected:
  Input file: './00_Data/03a_Demultiplex/S_23_01117.1.fq.gz'
  Sample ID: 95
  Min depth of coverage to create a stack (m): 3
  Repeat removal algorithm: enabled
  Max distance allowed between stacks (M): 1
  Max distance allowed to align secondary reads: 3
  Max number of stacks allowed per de novo locus: 3
  Deleveraging algorithm: disabled
  Gapped assembly: enabled
  Minimum alignment length: 0.8
  Model type: SNP
  Alpha significance level for model: 0.05

Loading RAD-Tags...1M...

Loaded 1746957 reads; formed:
  142175 stacks representing 1529133 primary reads (87.5%)
  180431 secondary stacks representing 217824 secondary reads (12.5%)

Stack coverage: mean=10.76; stdev=119.48; max=19897; n_reads=1529133(87.5%)
Removing repetitive stacks: cov > 370 (mean+3*stdev)...
  Blacklisted 6533 stacks.
Coverage after repeat removal: mean=7.97; stdev=13.18; max=369; n_reads=1081073(61.9%)

Assembling stacks (max. dist. M=1)...
  Assembled 135642 stacks into 116872; blacklisted 1216 stacks.
Coverage after assembling stacks: mean=7.68; stdev=9.38; max=548; n_reads=886048(50.7%)

Merging secondary stacks (max. dist. N=3 from consensus)...
  Merged 64058 out of 217824 secondary reads (29.4%), 2552 merged with gapped alignments.
Coverage after merging secondary stacks: mean=8.23; stdev=9.89; max=571; n_reads=950106(54.4%)

Assembling stacks, allowing for gaps (min. match length 80.0%)...
  Assembled 116872 stacks into 115280 stacks.
Coverage after gapped assembly: mean=8.35; stdev=10.05; max=571; n_reads=950106(54.4%)

Merging secondary stacks, allowing for gaps (min. match length 80.0%)...
  Merged 8049 out of 153766 secondary reads (5.2%).
Coverage after merging gapped secondary stacks: mean=8.42; stdev=10.10; max=575; n_reads=958155(54.8%)

Final number of stacks built: 115280
Final coverage: mean=8.42; stdev=10.10; max=575; n_reads=958155(54.8%)
Calling consensus sequences and haplotypes for catalog assembly...
Writing tags, SNPs, and alleles files to '00_Data/05a_Stacks.denovo.ALL.M1n1/S_23_01117'...done.
ustacks is done.
