

-t gzfastq -f ./00_Data/03a_Demultiplex/S_23_01053.1.fq.gz -o 00_Data/05a_Stacks.denovo.ALL.M1n1/ -i 45 -m 3 --name S_23_01053 -M 1 -p 8


ustacks parameters selected:
  Input file: './00_Data/03a_Demultiplex/S_23_01053.1.fq.gz'
  Sample ID: 45
  Min depth of coverage to create a stack (m): 3
  Repeat removal algorithm: enabled
  Max distance allowed between stacks (M): 1
  Max distance allowed to align secondary reads: 3
  Max number of stacks allowed per de novo locus: 3
  Deleveraging algorithm: disabled
  Gapped assembly: enabled
  Minimum alignment length: 0.8
  Model type: SNP
  Alpha significance level for model: 0.05

Loading RAD-Tags...1M...2M...3M...4M...

Loaded 4489591 reads; formed:
  216974 stacks representing 4149444 primary reads (92.4%)
  311062 secondary stacks representing 340147 secondary reads (7.6%)

Stack coverage: mean=19.12; stdev=231.42; max=47197; n_reads=4149444(92.4%)
Removing repetitive stacks: cov > 714 (mean+3*stdev)...
  Blacklisted 11577 stacks.
Coverage after repeat removal: mean=14.19; stdev=24.20; max=711; n_reads=2914102(64.9%)

Assembling stacks (max. dist. M=1)...
  Assembled 205397 stacks into 170454; blacklisted 2021 stacks.
Coverage after assembling stacks: mean=14.03; stdev=15.20; max=665; n_reads=2359111(52.5%)

Merging secondary stacks (max. dist. N=3 from consensus)...
  Merged 166214 out of 340147 secondary reads (48.9%), 6734 merged with gapped alignments.
Coverage after merging secondary stacks: mean=15.02; stdev=15.95; max=696; n_reads=2525325(56.2%)

Assembling stacks, allowing for gaps (min. match length 80.0%)...
  Assembled 170454 stacks into 166703 stacks.
Coverage after gapped assembly: mean=15.36; stdev=16.25; max=696; n_reads=2525325(56.2%)

Merging secondary stacks, allowing for gaps (min. match length 80.0%)...
  Merged 12097 out of 173933 secondary reads (7.0%).
Coverage after merging gapped secondary stacks: mean=15.43; stdev=16.29; max=696; n_reads=2537422(56.5%)

Final number of stacks built: 166703
Final coverage: mean=15.43; stdev=16.29; max=696; n_reads=2537422(56.5%)
Calling consensus sequences and haplotypes for catalog assembly...
Writing tags, SNPs, and alleles files to '00_Data/05a_Stacks.denovo.ALL.M1n1/S_23_01053'...done.
ustacks is done.
