

-t gzfastq -f ./00_Data/03a_Demultiplex/S_23_01157.1.fq.gz -o 00_Data/05a_Stacks.denovo.ALL.M4n4/ -i 120 -m 3 --name S_23_01157 -M 4 -p 8


ustacks parameters selected:
  Input file: './00_Data/03a_Demultiplex/S_23_01157.1.fq.gz'
  Sample ID: 120
  Min depth of coverage to create a stack (m): 3
  Repeat removal algorithm: enabled
  Max distance allowed between stacks (M): 4
  Max distance allowed to align secondary reads: 6
  Max number of stacks allowed per de novo locus: 3
  Deleveraging algorithm: disabled
  Gapped assembly: enabled
  Minimum alignment length: 0.8
  Model type: SNP
  Alpha significance level for model: 0.05

Loading RAD-Tags...1M...2M...3M...4M...5M...6M...

Loaded 6988079 reads; formed:
  221933 stacks representing 6471715 primary reads (92.6%)
  471854 secondary stacks representing 516364 secondary reads (7.4%)

Stack coverage: mean=29.16; stdev=404.25; max=86351; n_reads=6471715(92.6%)
Removing repetitive stacks: cov > 1242 (mean+3*stdev)...
  Blacklisted 12166 stacks.
Coverage after repeat removal: mean=21.43; stdev=40.41; max=1242; n_reads=4495589(64.3%)

Assembling stacks (max. dist. M=4)...
  Assembled 209767 stacks into 137926; blacklisted 3368 stacks.
Coverage after assembling stacks: mean=20.77; stdev=22.92; max=1193; n_reads=2790089(39.9%)

Merging secondary stacks (max. dist. N=6 from consensus)...
  Merged 260728 out of 516364 secondary reads (50.5%), 82406 merged with gapped alignments.
Coverage after merging secondary stacks: mean=22.72; stdev=25.66; max=1577; n_reads=3050817(43.7%)

Assembling stacks, allowing for gaps (min. match length 80.0%)...
  Assembled 137926 stacks into 130669 stacks.
Coverage after gapped assembly: mean=24.01; stdev=27.11; max=1577; n_reads=3050817(43.7%)

Merging secondary stacks, allowing for gaps (min. match length 80.0%)...
  Merged 65617 out of 255636 secondary reads (25.7%).
Coverage after merging gapped secondary stacks: mean=24.53; stdev=29.93; max=1800; n_reads=3116434(44.6%)

Final number of stacks built: 130669
Final coverage: mean=24.53; stdev=29.93; max=1800; n_reads=3116434(44.6%)
Calling consensus sequences and haplotypes for catalog assembly...
Writing tags, SNPs, and alleles files to '00_Data/05a_Stacks.denovo.ALL.M4n4/S_23_01157'...done.
ustacks is done.
