

-t gzfastq -f ./00_Data/03a_Demultiplex/S_23_01278.1.fq.gz -o 00_Data/05a_Stacks.denovo.ALL.M1n1/ -i 212 -m 3 --name S_23_01278 -M 1 -p 8


ustacks parameters selected:
  Input file: './00_Data/03a_Demultiplex/S_23_01278.1.fq.gz'
  Sample ID: 212
  Min depth of coverage to create a stack (m): 3
  Repeat removal algorithm: enabled
  Max distance allowed between stacks (M): 1
  Max distance allowed to align secondary reads: 3
  Max number of stacks allowed per de novo locus: 3
  Deleveraging algorithm: disabled
  Gapped assembly: enabled
  Minimum alignment length: 0.8
  Model type: SNP
  Alpha significance level for model: 0.05

Loading RAD-Tags...1M...2M...3M...4M...

Loaded 4882791 reads; formed:
  228557 stacks representing 4493582 primary reads (92.0%)
  350431 secondary stacks representing 389209 secondary reads (8.0%)

Stack coverage: mean=19.66; stdev=248.12; max=55414; n_reads=4493582(92.0%)
Removing repetitive stacks: cov > 765 (mean+3*stdev)...
  Blacklisted 11717 stacks.
Coverage after repeat removal: mean=14.67; stdev=25.28; max=765; n_reads=3180650(65.1%)

Assembling stacks (max. dist. M=1)...
  Assembled 216840 stacks into 178602; blacklisted 2226 stacks.
Coverage after assembling stacks: mean=14.60; stdev=15.89; max=793; n_reads=2570494(52.6%)

Merging secondary stacks (max. dist. N=3 from consensus)...
  Merged 168643 out of 389209 secondary reads (43.3%), 6908 merged with gapped alignments.
Coverage after merging secondary stacks: mean=15.55; stdev=16.58; max=816; n_reads=2739137(56.1%)

Assembling stacks, allowing for gaps (min. match length 80.0%)...
  Assembled 178602 stacks into 174338 stacks.
Coverage after gapped assembly: mean=15.94; stdev=16.89; max=816; n_reads=2739137(56.1%)

Merging secondary stacks, allowing for gaps (min. match length 80.0%)...
  Merged 15427 out of 220566 secondary reads (7.0%).
Coverage after merging gapped secondary stacks: mean=16.03; stdev=16.93; max=818; n_reads=2754564(56.4%)

Final number of stacks built: 174338
Final coverage: mean=16.03; stdev=16.93; max=818; n_reads=2754564(56.4%)
Calling consensus sequences and haplotypes for catalog assembly...
Writing tags, SNPs, and alleles files to '00_Data/05a_Stacks.denovo.ALL.M1n1/S_23_01278'...done.
ustacks is done.
