

-t gzfastq -f ./00_Data/03a_Demultiplex/S_23_00985.1.fq.gz -o 00_Data/05a_Stacks.denovo.ALL.M1n1/ -i 7 -m 3 --name S_23_00985 -M 1 -p 8


ustacks parameters selected:
  Input file: './00_Data/03a_Demultiplex/S_23_00985.1.fq.gz'
  Sample ID: 7
  Min depth of coverage to create a stack (m): 3
  Repeat removal algorithm: enabled
  Max distance allowed between stacks (M): 1
  Max distance allowed to align secondary reads: 3
  Max number of stacks allowed per de novo locus: 3
  Deleveraging algorithm: disabled
  Gapped assembly: enabled
  Minimum alignment length: 0.8
  Model type: SNP
  Alpha significance level for model: 0.05

Loading RAD-Tags...1M...2M...

Loaded 2907328 reads; formed:
  172173 stacks representing 2700115 primary reads (92.9%)
  184324 secondary stacks representing 207213 secondary reads (7.1%)

Stack coverage: mean=15.68; stdev=186.06; max=30873; n_reads=2700115(92.9%)
Removing repetitive stacks: cov > 574 (mean+3*stdev)...
  Blacklisted 8776 stacks.
Coverage after repeat removal: mean=11.46; stdev=20.20; max=573; n_reads=1871821(64.4%)

Assembling stacks (max. dist. M=1)...
  Assembled 163397 stacks into 137173; blacklisted 1631 stacks.
Coverage after assembling stacks: mean=11.13; stdev=13.34; max=517; n_reads=1506143(51.8%)

Merging secondary stacks (max. dist. N=3 from consensus)...
  Merged 90857 out of 207213 secondary reads (43.8%), 3965 merged with gapped alignments.
Coverage after merging secondary stacks: mean=11.80; stdev=13.88; max=533; n_reads=1597000(54.9%)

Assembling stacks, allowing for gaps (min. match length 80.0%)...
  Assembled 137173 stacks into 134549 stacks.
Coverage after gapped assembly: mean=12.04; stdev=14.15; max=533; n_reads=1597000(54.9%)

Merging secondary stacks, allowing for gaps (min. match length 80.0%)...
  Merged 8157 out of 116356 secondary reads (7.0%).
Coverage after merging gapped secondary stacks: mean=12.10; stdev=14.18; max=533; n_reads=1605157(55.2%)

Final number of stacks built: 134549
Final coverage: mean=12.10; stdev=14.18; max=533; n_reads=1605157(55.2%)
Calling consensus sequences and haplotypes for catalog assembly...
Writing tags, SNPs, and alleles files to '00_Data/05a_Stacks.denovo.ALL.M1n1/S_23_00985'...done.
ustacks is done.
