

-t gzfastq -f ./00_Data/03a_Demultiplex/S_23_02007.1.fq.gz -o 00_Data/05a_Stacks.denovo.ALL.M1n1/ -i 327 -m 3 --name S_23_02007 -M 1 -p 8


ustacks parameters selected:
  Input file: './00_Data/03a_Demultiplex/S_23_02007.1.fq.gz'
  Sample ID: 327
  Min depth of coverage to create a stack (m): 3
  Repeat removal algorithm: enabled
  Max distance allowed between stacks (M): 1
  Max distance allowed to align secondary reads: 3
  Max number of stacks allowed per de novo locus: 3
  Deleveraging algorithm: disabled
  Gapped assembly: enabled
  Minimum alignment length: 0.8
  Model type: SNP
  Alpha significance level for model: 0.05

Loading RAD-Tags...1M...

Loaded 1269045 reads; formed:
  118759 stacks representing 1055587 primary reads (83.2%)
  171658 secondary stacks representing 213458 secondary reads (16.8%)

Stack coverage: mean=8.89; stdev=73.64; max=9695; n_reads=1055587(83.2%)
Removing repetitive stacks: cov > 230 (mean+3*stdev)...
  Blacklisted 5651 stacks.
Coverage after repeat removal: mean=6.70; stdev=9.65; max=229; n_reads=758141(59.7%)

Assembling stacks (max. dist. M=1)...
  Assembled 113108 stacks into 99543; blacklisted 995 stacks.
Coverage after assembling stacks: mean=6.50; stdev=7.47; max=245; n_reads=638952(50.3%)

Merging secondary stacks (max. dist. N=3 from consensus)...
  Merged 53889 out of 213458 secondary reads (25.2%), 2001 merged with gapped alignments.
Coverage after merging secondary stacks: mean=7.05; stdev=8.02; max=257; n_reads=692841(54.6%)

Assembling stacks, allowing for gaps (min. match length 80.0%)...
  Assembled 99543 stacks into 98321 stacks.
Coverage after gapped assembly: mean=7.14; stdev=8.16; max=257; n_reads=692841(54.6%)

Merging secondary stacks, allowing for gaps (min. match length 80.0%)...
  Merged 7068 out of 159569 secondary reads (4.4%).
Coverage after merging gapped secondary stacks: mean=7.21; stdev=8.22; max=257; n_reads=699909(55.2%)

Final number of stacks built: 98321
Final coverage: mean=7.21; stdev=8.22; max=257; n_reads=699909(55.2%)
Calling consensus sequences and haplotypes for catalog assembly...
Writing tags, SNPs, and alleles files to '00_Data/05a_Stacks.denovo.ALL.M1n1/S_23_02007'...done.
ustacks is done.
