

-t gzfastq -f ./00_Data/03a_Demultiplex/S_23_02011.1.fq.gz -o 00_Data/05a_Stacks.denovo.ALL.M1n1/ -i 331 -m 3 --name S_23_02011 -M 1 -p 8


ustacks parameters selected:
  Input file: './00_Data/03a_Demultiplex/S_23_02011.1.fq.gz'
  Sample ID: 331
  Min depth of coverage to create a stack (m): 3
  Repeat removal algorithm: enabled
  Max distance allowed between stacks (M): 1
  Max distance allowed to align secondary reads: 3
  Max number of stacks allowed per de novo locus: 3
  Deleveraging algorithm: disabled
  Gapped assembly: enabled
  Minimum alignment length: 0.8
  Model type: SNP
  Alpha significance level for model: 0.05

Loading RAD-Tags...1M...2M...3M...4M...

Loaded 4672785 reads; formed:
  200555 stacks representing 4355524 primary reads (93.2%)
  288867 secondary stacks representing 317261 secondary reads (6.8%)

Stack coverage: mean=21.72; stdev=271.19; max=51378; n_reads=4355524(93.2%)
Removing repetitive stacks: cov > 836 (mean+3*stdev)...
  Blacklisted 10498 stacks.
Coverage after repeat removal: mean=16.01; stdev=28.00; max=829; n_reads=3043436(65.1%)

Assembling stacks (max. dist. M=1)...
  Assembled 190057 stacks into 157047; blacklisted 1946 stacks.
Coverage after assembling stacks: mean=15.82; stdev=17.47; max=708; n_reads=2449345(52.4%)

Merging secondary stacks (max. dist. N=3 from consensus)...
  Merged 149525 out of 317261 secondary reads (47.1%), 6149 merged with gapped alignments.
Coverage after merging secondary stacks: mean=16.78; stdev=18.19; max=727; n_reads=2598870(55.6%)

Assembling stacks, allowing for gaps (min. match length 80.0%)...
  Assembled 157047 stacks into 153481 stacks.
Coverage after gapped assembly: mean=17.18; stdev=18.53; max=727; n_reads=2598870(55.6%)

Merging secondary stacks, allowing for gaps (min. match length 80.0%)...
  Merged 10913 out of 167736 secondary reads (6.5%).
Coverage after merging gapped secondary stacks: mean=17.25; stdev=18.56; max=727; n_reads=2609783(55.9%)

Final number of stacks built: 153481
Final coverage: mean=17.25; stdev=18.56; max=727; n_reads=2609783(55.9%)
Calling consensus sequences and haplotypes for catalog assembly...
Writing tags, SNPs, and alleles files to '00_Data/05a_Stacks.denovo.ALL.M1n1/S_23_02011'...done.
ustacks is done.
