

-t gzfastq -f ./00_Data/03a_Demultiplex/S_23_02003.1.fq.gz -o 00_Data/05a_Stacks.denovo.ALL.M1n1/ -i 323 -m 3 --name S_23_02003 -M 1 -p 8


ustacks parameters selected:
  Input file: './00_Data/03a_Demultiplex/S_23_02003.1.fq.gz'
  Sample ID: 323
  Min depth of coverage to create a stack (m): 3
  Repeat removal algorithm: enabled
  Max distance allowed between stacks (M): 1
  Max distance allowed to align secondary reads: 3
  Max number of stacks allowed per de novo locus: 3
  Deleveraging algorithm: disabled
  Gapped assembly: enabled
  Minimum alignment length: 0.8
  Model type: SNP
  Alpha significance level for model: 0.05

Loading RAD-Tags...

Loaded 955084 reads; formed:
  92304 stacks representing 775449 primary reads (81.2%)
  141536 secondary stacks representing 179635 secondary reads (18.8%)

Stack coverage: mean=8.40; stdev=70.23; max=8057; n_reads=775449(81.2%)
Removing repetitive stacks: cov > 220 (mean+3*stdev)...
  Blacklisted 4592 stacks.
Coverage after repeat removal: mean=6.22; stdev=9.11; max=218; n_reads=545904(57.2%)

Assembling stacks (max. dist. M=1)...
  Assembled 87712 stacks into 77597; blacklisted 768 stacks.
Coverage after assembling stacks: mean=6.00; stdev=7.22; max=234; n_reads=459607(48.1%)

Merging secondary stacks (max. dist. N=3 from consensus)...
  Merged 40157 out of 179635 secondary reads (22.4%), 1340 merged with gapped alignments.
Coverage after merging secondary stacks: mean=6.52; stdev=7.76; max=249; n_reads=499764(52.3%)

Assembling stacks, allowing for gaps (min. match length 80.0%)...
  Assembled 77597 stacks into 76736 stacks.
Coverage after gapped assembly: mean=6.60; stdev=7.88; max=249; n_reads=499764(52.3%)

Merging secondary stacks, allowing for gaps (min. match length 80.0%)...
  Merged 6033 out of 139478 secondary reads (4.3%).
Coverage after merging gapped secondary stacks: mean=6.68; stdev=7.95; max=249; n_reads=505797(53.0%)

Final number of stacks built: 76736
Final coverage: mean=6.68; stdev=7.95; max=249; n_reads=505797(53.0%)
Calling consensus sequences and haplotypes for catalog assembly...
Writing tags, SNPs, and alleles files to '00_Data/05a_Stacks.denovo.ALL.M1n1/S_23_02003'...done.
ustacks is done.
