

-t gzfastq -f ./00_Data/03a_Demultiplex/S_23_02076.1.fq.gz -o 00_Data/05a_Stacks.denovo.ALL.M1n1/ -i 389 -m 3 --name S_23_02076 -M 1 -p 8


ustacks parameters selected:
  Input file: './00_Data/03a_Demultiplex/S_23_02076.1.fq.gz'
  Sample ID: 389
  Min depth of coverage to create a stack (m): 3
  Repeat removal algorithm: enabled
  Max distance allowed between stacks (M): 1
  Max distance allowed to align secondary reads: 3
  Max number of stacks allowed per de novo locus: 3
  Deleveraging algorithm: disabled
  Gapped assembly: enabled
  Minimum alignment length: 0.8
  Model type: SNP
  Alpha significance level for model: 0.05

Loading RAD-Tags...

Loaded 69330 reads; formed:
  4726 stacks representing 27651 primary reads (39.9%)
  34668 secondary stacks representing 41679 secondary reads (60.1%)

Stack coverage: mean=5.85; stdev=25.99; max=1518; n_reads=27651(39.9%)
Removing repetitive stacks: cov > 84 (mean+3*stdev)...
  Blacklisted 274 stacks.
Coverage after repeat removal: mean=4.88; stdev=5.49; max=82; n_reads=21726(31.3%)

Assembling stacks (max. dist. M=1)...
  Assembled 4452 stacks into 3972; blacklisted 44 stacks.
Coverage after assembling stacks: mean=4.80; stdev=4.95; max=81; n_reads=18773(27.1%)

Merging secondary stacks (max. dist. N=3 from consensus)...
  Merged 4231 out of 41679 secondary reads (10.2%), 84 merged with gapped alignments.
Coverage after merging secondary stacks: mean=5.88; stdev=6.90; max=100; n_reads=23004(33.2%)

Assembling stacks, allowing for gaps (min. match length 80.0%)...
  Assembled 3972 stacks into 3933 stacks.
Coverage after gapped assembly: mean=5.94; stdev=7.12; max=100; n_reads=23004(33.2%)

Merging secondary stacks, allowing for gaps (min. match length 80.0%)...
  Merged 677 out of 37448 secondary reads (1.8%).
Coverage after merging gapped secondary stacks: mean=6.12; stdev=7.51; max=130; n_reads=23681(34.2%)

Final number of stacks built: 3933
Final coverage: mean=6.12; stdev=7.51; max=130; n_reads=23681(34.2%)
Calling consensus sequences and haplotypes for catalog assembly...
Writing tags, SNPs, and alleles files to '00_Data/05a_Stacks.denovo.ALL.M1n1/S_23_02076'...done.
ustacks is done.
