

-t gzfastq -f ./00_Data/03a_Demultiplex/S_23_00993.1.fq.gz -o 00_Data/05a_Stacks.denovo.ALL.M4n4/ -i 15 -m 3 --name S_23_00993 -M 4 -p 8


ustacks parameters selected:
  Input file: './00_Data/03a_Demultiplex/S_23_00993.1.fq.gz'
  Sample ID: 15
  Min depth of coverage to create a stack (m): 3
  Repeat removal algorithm: enabled
  Max distance allowed between stacks (M): 4
  Max distance allowed to align secondary reads: 6
  Max number of stacks allowed per de novo locus: 3
  Deleveraging algorithm: disabled
  Gapped assembly: enabled
  Minimum alignment length: 0.8
  Model type: SNP
  Alpha significance level for model: 0.05

Loading RAD-Tags...1M...2M...

Loaded 2832394 reads; formed:
  173907 stacks representing 2604703 primary reads (92.0%)
  200910 secondary stacks representing 227691 secondary reads (8.0%)

Stack coverage: mean=14.98; stdev=181.87; max=31242; n_reads=2604703(92.0%)
Removing repetitive stacks: cov > 561 (mean+3*stdev)...
  Blacklisted 8319 stacks.
Coverage after repeat removal: mean=11.03; stdev=19.23; max=554; n_reads=1826341(64.5%)

Assembling stacks (max. dist. M=4)...
  Assembled 165588 stacks into 112668; blacklisted 2489 stacks.
Coverage after assembling stacks: mean=10.70; stdev=12.00; max=549; n_reads=1176963(41.6%)

Merging secondary stacks (max. dist. N=6 from consensus)...
  Merged 99226 out of 227691 secondary reads (43.6%), 31517 merged with gapped alignments.
Coverage after merging secondary stacks: mean=11.61; stdev=13.23; max=608; n_reads=1276189(45.1%)

Assembling stacks, allowing for gaps (min. match length 80.0%)...
  Assembled 112668 stacks into 107759 stacks.
Coverage after gapped assembly: mean=12.15; stdev=14.02; max=608; n_reads=1276189(45.1%)

Merging secondary stacks, allowing for gaps (min. match length 80.0%)...
  Merged 28044 out of 128465 secondary reads (21.8%).
Coverage after merging gapped secondary stacks: mean=12.42; stdev=15.12; max=610; n_reads=1304233(46.0%)

Final number of stacks built: 107759
Final coverage: mean=12.42; stdev=15.12; max=610; n_reads=1304233(46.0%)
Calling consensus sequences and haplotypes for catalog assembly...
Writing tags, SNPs, and alleles files to '00_Data/05a_Stacks.denovo.ALL.M4n4/S_23_00993'...done.
ustacks is done.
