

-t gzfastq -f ./00_Data/03a_Demultiplex/S_23_02267.1.fq.gz -o 00_Data/05a_Stacks.denovo.ALL.M4n4/ -i 558 -m 3 --name S_23_02267 -M 4 -p 8


ustacks parameters selected:
  Input file: './00_Data/03a_Demultiplex/S_23_02267.1.fq.gz'
  Sample ID: 558
  Min depth of coverage to create a stack (m): 3
  Repeat removal algorithm: enabled
  Max distance allowed between stacks (M): 4
  Max distance allowed to align secondary reads: 6
  Max number of stacks allowed per de novo locus: 3
  Deleveraging algorithm: disabled
  Gapped assembly: enabled
  Minimum alignment length: 0.8
  Model type: SNP
  Alpha significance level for model: 0.05

Loading RAD-Tags...1M...2M...3M...4M...

Loaded 4637966 reads; formed:
  224694 stacks representing 4224272 primary reads (91.1%)
  369288 secondary stacks representing 413694 secondary reads (8.9%)

Stack coverage: mean=18.80; stdev=238.61; max=56711; n_reads=4224272(91.1%)
Removing repetitive stacks: cov > 735 (mean+3*stdev)...
  Blacklisted 10266 stacks.
Coverage after repeat removal: mean=14.09; stdev=24.25; max=724; n_reads=3020685(65.1%)

Assembling stacks (max. dist. M=4)...
  Assembled 214428 stacks into 144953; blacklisted 3244 stacks.
Coverage after assembling stacks: mean=13.95; stdev=15.03; max=546; n_reads=1972823(42.5%)

Merging secondary stacks (max. dist. N=6 from consensus)...
  Merged 171297 out of 413694 secondary reads (41.4%), 56855 merged with gapped alignments.
Coverage after merging secondary stacks: mean=15.16; stdev=16.78; max=1239; n_reads=2144120(46.2%)

Assembling stacks, allowing for gaps (min. match length 80.0%)...
  Assembled 144953 stacks into 137462 stacks.
Coverage after gapped assembly: mean=16.01; stdev=17.63; max=1239; n_reads=2144120(46.2%)

Merging secondary stacks, allowing for gaps (min. match length 80.0%)...
  Merged 47473 out of 242397 secondary reads (19.6%).
Coverage after merging gapped secondary stacks: mean=16.36; stdev=19.29; max=1375; n_reads=2191593(47.3%)

Final number of stacks built: 137462
Final coverage: mean=16.36; stdev=19.29; max=1375; n_reads=2191593(47.3%)
Calling consensus sequences and haplotypes for catalog assembly...
Writing tags, SNPs, and alleles files to '00_Data/05a_Stacks.denovo.ALL.M4n4/S_23_02267'...done.
ustacks is done.
