

-t gzfastq -f ./00_Data/03a_Demultiplex/S_23_01899.1.fq.gz -o 00_Data/05a_Stacks.denovo.ALL.M1n1/ -i 291 -m 3 --name S_23_01899 -M 1 -p 8


ustacks parameters selected:
  Input file: './00_Data/03a_Demultiplex/S_23_01899.1.fq.gz'
  Sample ID: 291
  Min depth of coverage to create a stack (m): 3
  Repeat removal algorithm: enabled
  Max distance allowed between stacks (M): 1
  Max distance allowed to align secondary reads: 3
  Max number of stacks allowed per de novo locus: 3
  Deleveraging algorithm: disabled
  Gapped assembly: enabled
  Minimum alignment length: 0.8
  Model type: SNP
  Alpha significance level for model: 0.05

Loading RAD-Tags...1M...2M...

Loaded 2554350 reads; formed:
  178526 stacks representing 2313405 primary reads (90.6%)
  208394 secondary stacks representing 240945 secondary reads (9.4%)

Stack coverage: mean=12.96; stdev=159.51; max=34102; n_reads=2313405(90.6%)
Removing repetitive stacks: cov > 492 (mean+3*stdev)...
  Blacklisted 7784 stacks.
Coverage after repeat removal: mean=9.70; stdev=16.80; max=492; n_reads=1656182(64.8%)

Assembling stacks (max. dist. M=1)...
  Assembled 170742 stacks into 145311; blacklisted 1579 stacks.
Coverage after assembling stacks: mean=9.38; stdev=10.53; max=477; n_reads=1346289(52.7%)

Merging secondary stacks (max. dist. N=3 from consensus)...
  Merged 86835 out of 240945 secondary reads (36.0%), 3631 merged with gapped alignments.
Coverage after merging secondary stacks: mean=9.99; stdev=11.01; max=494; n_reads=1433124(56.1%)

Assembling stacks, allowing for gaps (min. match length 80.0%)...
  Assembled 145311 stacks into 142756 stacks.
Coverage after gapped assembly: mean=10.17; stdev=11.22; max=494; n_reads=1433124(56.1%)

Merging secondary stacks, allowing for gaps (min. match length 80.0%)...
  Merged 9188 out of 154110 secondary reads (6.0%).
Coverage after merging gapped secondary stacks: mean=10.23; stdev=11.25; max=494; n_reads=1442312(56.5%)

Final number of stacks built: 142756
Final coverage: mean=10.23; stdev=11.25; max=494; n_reads=1442312(56.5%)
Calling consensus sequences and haplotypes for catalog assembly...
Writing tags, SNPs, and alleles files to '00_Data/05a_Stacks.denovo.ALL.M1n1/S_23_01899'...done.
ustacks is done.
