

-t gzfastq -f ./00_Data/03a_Demultiplex/S_23_02246.1.fq.gz -o 00_Data/05a_Stacks.denovo.ALL.M4n4/ -i 537 -m 3 --name S_23_02246 -M 4 -p 8


ustacks parameters selected:
  Input file: './00_Data/03a_Demultiplex/S_23_02246.1.fq.gz'
  Sample ID: 537
  Min depth of coverage to create a stack (m): 3
  Repeat removal algorithm: enabled
  Max distance allowed between stacks (M): 4
  Max distance allowed to align secondary reads: 6
  Max number of stacks allowed per de novo locus: 3
  Deleveraging algorithm: disabled
  Gapped assembly: enabled
  Minimum alignment length: 0.8
  Model type: SNP
  Alpha significance level for model: 0.05

Loading RAD-Tags...1M...2M...3M...4M...5M...

Loaded 5090183 reads; formed:
  215261 stacks representing 4733744 primary reads (93.0%)
  320337 secondary stacks representing 356439 secondary reads (7.0%)

Stack coverage: mean=21.99; stdev=292.56; max=68300; n_reads=4733744(93.0%)
Removing repetitive stacks: cov > 900 (mean+3*stdev)...
  Blacklisted 9646 stacks.
Coverage after repeat removal: mean=16.39; stdev=29.39; max=898; n_reads=3370461(66.2%)

Assembling stacks (max. dist. M=4)...
  Assembled 205615 stacks into 137951; blacklisted 3096 stacks.
Coverage after assembling stacks: mean=16.08; stdev=17.79; max=862; n_reads=2164246(42.5%)

Merging secondary stacks (max. dist. N=6 from consensus)...
  Merged 157228 out of 356439 secondary reads (44.1%), 50888 merged with gapped alignments.
Coverage after merging secondary stacks: mean=17.25; stdev=19.42; max=970; n_reads=2321474(45.6%)

Assembling stacks, allowing for gaps (min. match length 80.0%)...
  Assembled 137951 stacks into 130892 stacks.
Coverage after gapped assembly: mean=18.20; stdev=20.40; max=970; n_reads=2321474(45.6%)

Merging secondary stacks, allowing for gaps (min. match length 80.0%)...
  Merged 39484 out of 199211 secondary reads (19.8%).
Coverage after merging gapped secondary stacks: mean=18.51; stdev=22.25; max=1929; n_reads=2360958(46.4%)

Final number of stacks built: 130892
Final coverage: mean=18.51; stdev=22.25; max=1929; n_reads=2360958(46.4%)
Calling consensus sequences and haplotypes for catalog assembly...
Writing tags, SNPs, and alleles files to '00_Data/05a_Stacks.denovo.ALL.M4n4/S_23_02246'...done.
ustacks is done.
