

-t gzfastq -f ./00_Data/03a_Demultiplex/S_23_01026.1.fq.gz -o 00_Data/05a_Stacks.denovo.ALL.M1n1/ -i 35 -m 3 --name S_23_01026 -M 1 -p 8


ustacks parameters selected:
  Input file: './00_Data/03a_Demultiplex/S_23_01026.1.fq.gz'
  Sample ID: 35
  Min depth of coverage to create a stack (m): 3
  Repeat removal algorithm: enabled
  Max distance allowed between stacks (M): 1
  Max distance allowed to align secondary reads: 3
  Max number of stacks allowed per de novo locus: 3
  Deleveraging algorithm: disabled
  Gapped assembly: enabled
  Minimum alignment length: 0.8
  Model type: SNP
  Alpha significance level for model: 0.05

Loading RAD-Tags...1M...2M...3M...4M...5M...6M...

Loaded 6429738 reads; formed:
  230240 stacks representing 6007984 primary reads (93.4%)
  384377 secondary stacks representing 421754 secondary reads (6.6%)

Stack coverage: mean=26.09; stdev=352.43; max=79518; n_reads=6007984(93.4%)
Removing repetitive stacks: cov > 1084 (mean+3*stdev)...
  Blacklisted 12018 stacks.
Coverage after repeat removal: mean=19.32; stdev=34.54; max=1081; n_reads=4215783(65.6%)

Assembling stacks (max. dist. M=1)...
  Assembled 218222 stacks into 178497; blacklisted 2227 stacks.
Coverage after assembling stacks: mean=19.23; stdev=20.62; max=1017; n_reads=3384928(52.6%)

Merging secondary stacks (max. dist. N=3 from consensus)...
  Merged 193756 out of 421754 secondary reads (45.9%), 8504 merged with gapped alignments.
Coverage after merging secondary stacks: mean=20.33; stdev=21.40; max=1095; n_reads=3578684(55.7%)

Assembling stacks, allowing for gaps (min. match length 80.0%)...
  Assembled 178497 stacks into 174082 stacks.
Coverage after gapped assembly: mean=20.86; stdev=21.87; max=1095; n_reads=3578684(55.7%)

Merging secondary stacks, allowing for gaps (min. match length 80.0%)...
  Merged 14723 out of 227998 secondary reads (6.5%).
Coverage after merging gapped secondary stacks: mean=20.94; stdev=21.91; max=1095; n_reads=3593407(55.9%)

Final number of stacks built: 174082
Final coverage: mean=20.94; stdev=21.91; max=1095; n_reads=3593407(55.9%)
Calling consensus sequences and haplotypes for catalog assembly...
Writing tags, SNPs, and alleles files to '00_Data/05a_Stacks.denovo.ALL.M1n1/S_23_01026'...done.
ustacks is done.
