

-t gzfastq -f ./00_Data/03a_Demultiplex/S_23_01112.1.fq.gz -o 00_Data/05a_Stacks.denovo.ALL.M4n4/ -i 90 -m 3 --name S_23_01112 -M 4 -p 8


ustacks parameters selected:
  Input file: './00_Data/03a_Demultiplex/S_23_01112.1.fq.gz'
  Sample ID: 90
  Min depth of coverage to create a stack (m): 3
  Repeat removal algorithm: enabled
  Max distance allowed between stacks (M): 4
  Max distance allowed to align secondary reads: 6
  Max number of stacks allowed per de novo locus: 3
  Deleveraging algorithm: disabled
  Gapped assembly: enabled
  Minimum alignment length: 0.8
  Model type: SNP
  Alpha significance level for model: 0.05

Loading RAD-Tags...1M...

Loaded 1746333 reads; formed:
  148043 stacks representing 1515370 primary reads (86.8%)
  190544 secondary stacks representing 230963 secondary reads (13.2%)

Stack coverage: mean=10.24; stdev=113.42; max=21215; n_reads=1515370(86.8%)
Removing repetitive stacks: cov > 351 (mean+3*stdev)...
  Blacklisted 6686 stacks.
Coverage after repeat removal: mean=7.61; stdev=12.91; max=350; n_reads=1076232(61.6%)

Assembling stacks (max. dist. M=4)...
  Assembled 141357 stacks into 100210; blacklisted 2054 stacks.
Coverage after assembling stacks: mean=7.21; stdev=8.44; max=376; n_reads=706026(40.4%)

Merging secondary stacks (max. dist. N=6 from consensus)...
  Merged 72321 out of 230963 secondary reads (31.3%), 25613 merged with gapped alignments.
Coverage after merging secondary stacks: mean=7.95; stdev=9.87; max=429; n_reads=778347(44.6%)

Assembling stacks, allowing for gaps (min. match length 80.0%)...
  Assembled 100210 stacks into 96823 stacks.
Coverage after gapped assembly: mean=8.23; stdev=10.42; max=550; n_reads=778347(44.6%)

Merging secondary stacks, allowing for gaps (min. match length 80.0%)...
  Merged 23397 out of 158642 secondary reads (14.7%).
Coverage after merging gapped secondary stacks: mean=8.48; stdev=11.55; max=602; n_reads=801744(45.9%)

Final number of stacks built: 96823
Final coverage: mean=8.48; stdev=11.55; max=602; n_reads=801744(45.9%)
Calling consensus sequences and haplotypes for catalog assembly...
Writing tags, SNPs, and alleles files to '00_Data/05a_Stacks.denovo.ALL.M4n4/S_23_01112'...done.
ustacks is done.
