

-t gzfastq -f ./00_Data/03a_Demultiplex/S_23_01912.1.fq.gz -o 00_Data/05a_Stacks.denovo.ALL.M1n1/ -i 303 -m 3 --name S_23_01912 -M 1 -p 8


ustacks parameters selected:
  Input file: './00_Data/03a_Demultiplex/S_23_01912.1.fq.gz'
  Sample ID: 303
  Min depth of coverage to create a stack (m): 3
  Repeat removal algorithm: enabled
  Max distance allowed between stacks (M): 1
  Max distance allowed to align secondary reads: 3
  Max number of stacks allowed per de novo locus: 3
  Deleveraging algorithm: disabled
  Gapped assembly: enabled
  Minimum alignment length: 0.8
  Model type: SNP
  Alpha significance level for model: 0.05

Loading RAD-Tags...1M...2M...

Loaded 2736798 reads; formed:
  186281 stacks representing 2478402 primary reads (90.6%)
  223131 secondary stacks representing 258396 secondary reads (9.4%)

Stack coverage: mean=13.30; stdev=159.39; max=31275; n_reads=2478402(90.6%)
Removing repetitive stacks: cov > 492 (mean+3*stdev)...
  Blacklisted 8083 stacks.
Coverage after repeat removal: mean=9.97; stdev=16.89; max=492; n_reads=1777272(64.9%)

Assembling stacks (max. dist. M=1)...
  Assembled 178198 stacks into 151004; blacklisted 1663 stacks.
Coverage after assembling stacks: mean=9.74; stdev=10.84; max=449; n_reads=1451926(53.1%)

Merging secondary stacks (max. dist. N=3 from consensus)...
  Merged 90626 out of 258396 secondary reads (35.1%), 3791 merged with gapped alignments.
Coverage after merging secondary stacks: mean=10.35; stdev=11.31; max=470; n_reads=1542552(56.4%)

Assembling stacks, allowing for gaps (min. match length 80.0%)...
  Assembled 151004 stacks into 148230 stacks.
Coverage after gapped assembly: mean=10.54; stdev=11.52; max=470; n_reads=1542552(56.4%)

Merging secondary stacks, allowing for gaps (min. match length 80.0%)...
  Merged 9549 out of 167770 secondary reads (5.7%).
Coverage after merging gapped secondary stacks: mean=10.61; stdev=11.56; max=471; n_reads=1552101(56.7%)

Final number of stacks built: 148230
Final coverage: mean=10.61; stdev=11.56; max=471; n_reads=1552101(56.7%)
Calling consensus sequences and haplotypes for catalog assembly...
Writing tags, SNPs, and alleles files to '00_Data/05a_Stacks.denovo.ALL.M1n1/S_23_01912'...done.
ustacks is done.
