

-t gzfastq -f ./00_Data/03a_Demultiplex/S_23_02031.1.fq.gz -o 00_Data/05a_Stacks.denovo.ALL.M4n4/ -i 351 -m 3 --name S_23_02031 -M 4 -p 8


ustacks parameters selected:
  Input file: './00_Data/03a_Demultiplex/S_23_02031.1.fq.gz'
  Sample ID: 351
  Min depth of coverage to create a stack (m): 3
  Repeat removal algorithm: enabled
  Max distance allowed between stacks (M): 4
  Max distance allowed to align secondary reads: 6
  Max number of stacks allowed per de novo locus: 3
  Deleveraging algorithm: disabled
  Gapped assembly: enabled
  Minimum alignment length: 0.8
  Model type: SNP
  Alpha significance level for model: 0.05

Loading RAD-Tags...1M...2M...

Loaded 2046738 reads; formed:
  164717 stacks representing 1795362 primary reads (87.7%)
  211382 secondary stacks representing 251376 secondary reads (12.3%)

Stack coverage: mean=10.90; stdev=123.21; max=23325; n_reads=1795362(87.7%)
Removing repetitive stacks: cov > 381 (mean+3*stdev)...
  Blacklisted 7556 stacks.
Coverage after repeat removal: mean=8.15; stdev=13.49; max=381; n_reads=1280474(62.6%)

Assembling stacks (max. dist. M=4)...
  Assembled 157161 stacks into 110997; blacklisted 2288 stacks.
Coverage after assembling stacks: mean=7.79; stdev=8.93; max=363; n_reads=844753(41.3%)

Merging secondary stacks (max. dist. N=6 from consensus)...
  Merged 87530 out of 251376 secondary reads (34.8%), 31056 merged with gapped alignments.
Coverage after merging secondary stacks: mean=8.59; stdev=11.94; max=1384; n_reads=932283(45.5%)

Assembling stacks, allowing for gaps (min. match length 80.0%)...
  Assembled 110997 stacks into 106982 stacks.
Coverage after gapped assembly: mean=8.92; stdev=12.51; max=1384; n_reads=932283(45.5%)

Merging secondary stacks, allowing for gaps (min. match length 80.0%)...
  Merged 23440 out of 163846 secondary reads (14.3%).
Coverage after merging gapped secondary stacks: mean=9.15; stdev=13.27; max=1384; n_reads=955723(46.7%)

Final number of stacks built: 106982
Final coverage: mean=9.15; stdev=13.27; max=1384; n_reads=955723(46.7%)
Calling consensus sequences and haplotypes for catalog assembly...
Writing tags, SNPs, and alleles files to '00_Data/05a_Stacks.denovo.ALL.M4n4/S_23_02031'...done.
ustacks is done.
