

-t gzfastq -f ./00_Data/03a_Demultiplex/S_23_01213.1.fq.gz -o 00_Data/05a_Stacks.denovo.ALL.M4n4/ -i 163 -m 3 --name S_23_01213 -M 4 -p 8


ustacks parameters selected:
  Input file: './00_Data/03a_Demultiplex/S_23_01213.1.fq.gz'
  Sample ID: 163
  Min depth of coverage to create a stack (m): 3
  Repeat removal algorithm: enabled
  Max distance allowed between stacks (M): 4
  Max distance allowed to align secondary reads: 6
  Max number of stacks allowed per de novo locus: 3
  Deleveraging algorithm: disabled
  Gapped assembly: enabled
  Minimum alignment length: 0.8
  Model type: SNP
  Alpha significance level for model: 0.05

Loading RAD-Tags...1M...2M...3M...

Loaded 3302944 reads; formed:
  191771 stacks representing 3041552 primary reads (92.1%)
  229214 secondary stacks representing 261392 secondary reads (7.9%)

Stack coverage: mean=15.86; stdev=192.24; max=40941; n_reads=3041552(92.1%)
Removing repetitive stacks: cov > 593 (mean+3*stdev)...
  Blacklisted 8595 stacks.
Coverage after repeat removal: mean=11.87; stdev=20.53; max=593; n_reads=2173786(65.8%)

Assembling stacks (max. dist. M=4)...
  Assembled 183176 stacks into 125247; blacklisted 2702 stacks.
Coverage after assembling stacks: mean=11.57; stdev=13.14; max=592; n_reads=1415450(42.9%)

Merging secondary stacks (max. dist. N=6 from consensus)...
  Merged 107387 out of 261392 secondary reads (41.1%), 33889 merged with gapped alignments.
Coverage after merging secondary stacks: mean=12.45; stdev=14.29; max=627; n_reads=1522837(46.1%)

Assembling stacks, allowing for gaps (min. match length 80.0%)...
  Assembled 125247 stacks into 119615 stacks.
Coverage after gapped assembly: mean=13.05; stdev=15.05; max=627; n_reads=1522837(46.1%)

Merging secondary stacks, allowing for gaps (min. match length 80.0%)...
  Merged 29297 out of 154005 secondary reads (19.0%).
Coverage after merging gapped secondary stacks: mean=13.30; stdev=15.96; max=736; n_reads=1552134(47.0%)

Final number of stacks built: 119615
Final coverage: mean=13.30; stdev=15.96; max=736; n_reads=1552134(47.0%)
Calling consensus sequences and haplotypes for catalog assembly...
Writing tags, SNPs, and alleles files to '00_Data/05a_Stacks.denovo.ALL.M4n4/S_23_01213'...done.
ustacks is done.
