

-t gzfastq -f ./00_Data/03a_Demultiplex/S_23_01803.1.fq.gz -o 00_Data/05a_Stacks.denovo.ALL.M4n4/ -i 227 -m 3 --name S_23_01803 -M 4 -p 8


ustacks parameters selected:
  Input file: './00_Data/03a_Demultiplex/S_23_01803.1.fq.gz'
  Sample ID: 227
  Min depth of coverage to create a stack (m): 3
  Repeat removal algorithm: enabled
  Max distance allowed between stacks (M): 4
  Max distance allowed to align secondary reads: 6
  Max number of stacks allowed per de novo locus: 3
  Deleveraging algorithm: disabled
  Gapped assembly: enabled
  Minimum alignment length: 0.8
  Model type: SNP
  Alpha significance level for model: 0.05

Loading RAD-Tags...1M...2M...

Loaded 2692848 reads; formed:
  178204 stacks representing 2437561 primary reads (90.5%)
  220780 secondary stacks representing 255287 secondary reads (9.5%)

Stack coverage: mean=13.68; stdev=164.58; max=34607; n_reads=2437561(90.5%)
Removing repetitive stacks: cov > 508 (mean+3*stdev)...
  Blacklisted 7862 stacks.
Coverage after repeat removal: mean=10.23; stdev=17.68; max=507; n_reads=1742381(64.7%)

Assembling stacks (max. dist. M=4)...
  Assembled 170342 stacks into 117605; blacklisted 2523 stacks.
Coverage after assembling stacks: mean=9.84; stdev=11.05; max=513; n_reads=1130429(42.0%)

Merging secondary stacks (max. dist. N=6 from consensus)...
  Merged 102968 out of 255287 secondary reads (40.3%), 35701 merged with gapped alignments.
Coverage after merging secondary stacks: mean=10.74; stdev=14.26; max=2028; n_reads=1233397(45.8%)

Assembling stacks, allowing for gaps (min. match length 80.0%)...
  Assembled 117605 stacks into 112729 stacks.
Coverage after gapped assembly: mean=11.22; stdev=14.91; max=2028; n_reads=1233397(45.8%)

Merging secondary stacks, allowing for gaps (min. match length 80.0%)...
  Merged 23907 out of 152319 secondary reads (15.7%).
Coverage after merging gapped secondary stacks: mean=11.43; stdev=15.70; max=2031; n_reads=1257304(46.7%)

Final number of stacks built: 112729
Final coverage: mean=11.43; stdev=15.70; max=2031; n_reads=1257304(46.7%)
Calling consensus sequences and haplotypes for catalog assembly...
Writing tags, SNPs, and alleles files to '00_Data/05a_Stacks.denovo.ALL.M4n4/S_23_01803'...done.
ustacks is done.
