

-t gzfastq -f ./00_Data/03a_Demultiplex/S_23_02160.1.fq.gz -o 00_Data/05a_Stacks.denovo.ALL.M1n1/ -i 469 -m 3 --name S_23_02160 -M 1 -p 8


ustacks parameters selected:
  Input file: './00_Data/03a_Demultiplex/S_23_02160.1.fq.gz'
  Sample ID: 469
  Min depth of coverage to create a stack (m): 3
  Repeat removal algorithm: enabled
  Max distance allowed between stacks (M): 1
  Max distance allowed to align secondary reads: 3
  Max number of stacks allowed per de novo locus: 3
  Deleveraging algorithm: disabled
  Gapped assembly: enabled
  Minimum alignment length: 0.8
  Model type: SNP
  Alpha significance level for model: 0.05

Loading RAD-Tags...1M...2M...3M...4M...5M...6M...

Loaded 6843658 reads; formed:
  215712 stacks representing 6390859 primary reads (93.4%)
  417063 secondary stacks representing 452799 secondary reads (6.6%)

Stack coverage: mean=29.63; stdev=390.11; max=76603; n_reads=6390859(93.4%)
Removing repetitive stacks: cov > 1200 (mean+3*stdev)...
  Blacklisted 11792 stacks.
Coverage after repeat removal: mean=21.82; stdev=38.41; max=1197; n_reads=4449395(65.0%)

Assembling stacks (max. dist. M=1)...
  Assembled 203920 stacks into 165954; blacklisted 2221 stacks.
Coverage after assembling stacks: mean=21.83; stdev=23.19; max=1007; n_reads=3569193(52.2%)

Merging secondary stacks (max. dist. N=3 from consensus)...
  Merged 211260 out of 452799 secondary reads (46.7%), 9491 merged with gapped alignments.
Coverage after merging secondary stacks: mean=23.12; stdev=24.06; max=1029; n_reads=3780453(55.2%)

Assembling stacks, allowing for gaps (min. match length 80.0%)...
  Assembled 165954 stacks into 161621 stacks.
Coverage after gapped assembly: mean=23.75; stdev=24.52; max=1029; n_reads=3780453(55.2%)

Merging secondary stacks, allowing for gaps (min. match length 80.0%)...
  Merged 14823 out of 241539 secondary reads (6.1%).
Coverage after merging gapped secondary stacks: mean=23.85; stdev=24.54; max=1029; n_reads=3795276(55.5%)

Final number of stacks built: 161621
Final coverage: mean=23.85; stdev=24.54; max=1029; n_reads=3795276(55.5%)
Calling consensus sequences and haplotypes for catalog assembly...
Writing tags, SNPs, and alleles files to '00_Data/05a_Stacks.denovo.ALL.M1n1/S_23_02160'...done.
ustacks is done.
