

-t gzfastq -f ./00_Data/03a_Demultiplex/S_23_02128.1.fq.gz -o 00_Data/05a_Stacks.denovo.ALL.M1n1/ -i 438 -m 3 --name S_23_02128 -M 1 -p 8


ustacks parameters selected:
  Input file: './00_Data/03a_Demultiplex/S_23_02128.1.fq.gz'
  Sample ID: 438
  Min depth of coverage to create a stack (m): 3
  Repeat removal algorithm: enabled
  Max distance allowed between stacks (M): 1
  Max distance allowed to align secondary reads: 3
  Max number of stacks allowed per de novo locus: 3
  Deleveraging algorithm: disabled
  Gapped assembly: enabled
  Minimum alignment length: 0.8
  Model type: SNP
  Alpha significance level for model: 0.05

Loading RAD-Tags...1M...2M...3M...

Loaded 3830939 reads; formed:
  219859 stacks representing 3444685 primary reads (89.9%)
  338326 secondary stacks representing 386254 secondary reads (10.1%)

Stack coverage: mean=15.67; stdev=200.47; max=46262; n_reads=3444685(89.9%)
Removing repetitive stacks: cov > 618 (mean+3*stdev)...
  Blacklisted 10386 stacks.
Coverage after repeat removal: mean=11.64; stdev=19.88; max=618; n_reads=2437583(63.6%)

Assembling stacks (max. dist. M=1)...
  Assembled 209473 stacks into 175912; blacklisted 2047 stacks.
Coverage after assembling stacks: mean=11.44; stdev=12.74; max=556; n_reads=1985835(51.8%)

Merging secondary stacks (max. dist. N=3 from consensus)...
  Merged 125071 out of 386254 secondary reads (32.4%), 5534 merged with gapped alignments.
Coverage after merging secondary stacks: mean=12.16; stdev=13.26; max=576; n_reads=2110906(55.1%)

Assembling stacks, allowing for gaps (min. match length 80.0%)...
  Assembled 175912 stacks into 172280 stacks.
Coverage after gapped assembly: mean=12.42; stdev=13.56; max=711; n_reads=2110906(55.1%)

Merging secondary stacks, allowing for gaps (min. match length 80.0%)...
  Merged 13258 out of 261183 secondary reads (5.1%).
Coverage after merging gapped secondary stacks: mean=12.50; stdev=13.61; max=711; n_reads=2124164(55.4%)

Final number of stacks built: 172280
Final coverage: mean=12.50; stdev=13.61; max=711; n_reads=2124164(55.4%)
Calling consensus sequences and haplotypes for catalog assembly...
Writing tags, SNPs, and alleles files to '00_Data/05a_Stacks.denovo.ALL.M1n1/S_23_02128'...done.
ustacks is done.
