

-t gzfastq -f ./00_Data/03a_Demultiplex/S_23_01847.1.fq.gz -o 00_Data/05a_Stacks.denovo.ALL.M4n4/ -i 254 -m 3 --name S_23_01847 -M 4 -p 8


ustacks parameters selected:
  Input file: './00_Data/03a_Demultiplex/S_23_01847.1.fq.gz'
  Sample ID: 254
  Min depth of coverage to create a stack (m): 3
  Repeat removal algorithm: enabled
  Max distance allowed between stacks (M): 4
  Max distance allowed to align secondary reads: 6
  Max number of stacks allowed per de novo locus: 3
  Deleveraging algorithm: disabled
  Gapped assembly: enabled
  Minimum alignment length: 0.8
  Model type: SNP
  Alpha significance level for model: 0.05

Loading RAD-Tags...1M...2M...3M...4M...5M...6M...

Loaded 6697931 reads; formed:
  230974 stacks representing 6237136 primary reads (93.1%)
  421139 secondary stacks representing 460795 secondary reads (6.9%)

Stack coverage: mean=27.00; stdev=355.67; max=78701; n_reads=6237136(93.1%)
Removing repetitive stacks: cov > 1095 (mean+3*stdev)...
  Blacklisted 11799 stacks.
Coverage after repeat removal: mean=20.06; stdev=35.22; max=1087; n_reads=4396540(65.6%)

Assembling stacks (max. dist. M=4)...
  Assembled 219175 stacks into 146019; blacklisted 3374 stacks.
Coverage after assembling stacks: mean=19.95; stdev=20.87; max=899; n_reads=2840336(42.4%)

Merging secondary stacks (max. dist. N=6 from consensus)...
  Merged 225621 out of 460795 secondary reads (49.0%), 72295 merged with gapped alignments.
Coverage after merging secondary stacks: mean=21.53; stdev=23.08; max=1088; n_reads=3065957(45.8%)

Assembling stacks, allowing for gaps (min. match length 80.0%)...
  Assembled 146019 stacks into 137998 stacks.
Coverage after gapped assembly: mean=22.82; stdev=24.27; max=1135; n_reads=3065957(45.8%)

Merging secondary stacks, allowing for gaps (min. match length 80.0%)...
  Merged 55065 out of 235174 secondary reads (23.4%).
Coverage after merging gapped secondary stacks: mean=23.23; stdev=26.13; max=1401; n_reads=3121022(46.6%)

Final number of stacks built: 137998
Final coverage: mean=23.23; stdev=26.13; max=1401; n_reads=3121022(46.6%)
Calling consensus sequences and haplotypes for catalog assembly...
Writing tags, SNPs, and alleles files to '00_Data/05a_Stacks.denovo.ALL.M4n4/S_23_01847'...done.
ustacks is done.
