

-t gzfastq -f ./00_Data/03a_Demultiplex/S_23_01259.1.fq.gz -o 00_Data/05a_Stacks.denovo.ALL.M4n4/ -i 193 -m 3 --name S_23_01259 -M 4 -p 8


ustacks parameters selected:
  Input file: './00_Data/03a_Demultiplex/S_23_01259.1.fq.gz'
  Sample ID: 193
  Min depth of coverage to create a stack (m): 3
  Repeat removal algorithm: enabled
  Max distance allowed between stacks (M): 4
  Max distance allowed to align secondary reads: 6
  Max number of stacks allowed per de novo locus: 3
  Deleveraging algorithm: disabled
  Gapped assembly: enabled
  Minimum alignment length: 0.8
  Model type: SNP
  Alpha significance level for model: 0.05

Loading RAD-Tags...1M...2M...3M...4M...5M...6M...7M...

Loaded 7443761 reads; formed:
  238284 stacks representing 6934646 primary reads (93.2%)
  464243 secondary stacks representing 509115 secondary reads (6.8%)

Stack coverage: mean=29.10; stdev=382.54; max=80008; n_reads=6934646(93.2%)
Removing repetitive stacks: cov > 1177 (mean+3*stdev)...
  Blacklisted 12985 stacks.
Coverage after repeat removal: mean=21.52; stdev=38.71; max=1172; n_reads=4847741(65.1%)

Assembling stacks (max. dist. M=4)...
  Assembled 225299 stacks into 148748; blacklisted 3511 stacks.
Coverage after assembling stacks: mean=21.39; stdev=23.39; max=849; n_reads=3099719(41.6%)

Merging secondary stacks (max. dist. N=6 from consensus)...
  Merged 254501 out of 509115 secondary reads (50.0%), 80902 merged with gapped alignments.
Coverage after merging secondary stacks: mean=23.14; stdev=25.90; max=1277; n_reads=3354220(45.1%)

Assembling stacks, allowing for gaps (min. match length 80.0%)...
  Assembled 148748 stacks into 140250 stacks.
Coverage after gapped assembly: mean=24.58; stdev=27.22; max=1277; n_reads=3354220(45.1%)

Merging secondary stacks, allowing for gaps (min. match length 80.0%)...
  Merged 55732 out of 254614 secondary reads (21.9%).
Coverage after merging gapped secondary stacks: mean=24.99; stdev=29.32; max=2831; n_reads=3409952(45.8%)

Final number of stacks built: 140250
Final coverage: mean=24.99; stdev=29.32; max=2831; n_reads=3409952(45.8%)
Calling consensus sequences and haplotypes for catalog assembly...
Writing tags, SNPs, and alleles files to '00_Data/05a_Stacks.denovo.ALL.M4n4/S_23_01259'...done.
ustacks is done.
