

-t gzfastq -f ./00_Data/03a_Demultiplex/S_23_02250.1.fq.gz -o 00_Data/05a_Stacks.denovo.ALL.M1n1/ -i 541 -m 3 --name S_23_02250 -M 1 -p 8


ustacks parameters selected:
  Input file: './00_Data/03a_Demultiplex/S_23_02250.1.fq.gz'
  Sample ID: 541
  Min depth of coverage to create a stack (m): 3
  Repeat removal algorithm: enabled
  Max distance allowed between stacks (M): 1
  Max distance allowed to align secondary reads: 3
  Max number of stacks allowed per de novo locus: 3
  Deleveraging algorithm: disabled
  Gapped assembly: enabled
  Minimum alignment length: 0.8
  Model type: SNP
  Alpha significance level for model: 0.05

Loading RAD-Tags...1M...2M...3M...

Loaded 3302979 reads; formed:
  199057 stacks representing 2890227 primary reads (87.5%)
  353702 secondary stacks representing 412752 secondary reads (12.5%)

Stack coverage: mean=14.52; stdev=209.19; max=49371; n_reads=2890227(87.5%)
Removing repetitive stacks: cov > 643 (mean+3*stdev)...
  Blacklisted 7797 stacks.
Coverage after repeat removal: mean=10.76; stdev=20.53; max=643; n_reads=2057938(62.3%)

Assembling stacks (max. dist. M=1)...
  Assembled 191260 stacks into 162630; blacklisted 1681 stacks.
Coverage after assembling stacks: mean=10.30; stdev=12.76; max=612; n_reads=1655790(50.1%)

Merging secondary stacks (max. dist. N=3 from consensus)...
  Merged 104890 out of 412752 secondary reads (25.4%), 4317 merged with gapped alignments.
Coverage after merging secondary stacks: mean=10.95; stdev=13.33; max=633; n_reads=1760680(53.3%)

Assembling stacks, allowing for gaps (min. match length 80.0%)...
  Assembled 162630 stacks into 159860 stacks.
Coverage after gapped assembly: mean=11.14; stdev=13.62; max=777; n_reads=1760680(53.3%)

Merging secondary stacks, allowing for gaps (min. match length 80.0%)...
  Merged 9969 out of 307862 secondary reads (3.2%).
Coverage after merging gapped secondary stacks: mean=11.21; stdev=13.66; max=777; n_reads=1770649(53.6%)

Final number of stacks built: 159860
Final coverage: mean=11.21; stdev=13.66; max=777; n_reads=1770649(53.6%)
Calling consensus sequences and haplotypes for catalog assembly...
Writing tags, SNPs, and alleles files to '00_Data/05a_Stacks.denovo.ALL.M1n1/S_23_02250'...done.
ustacks is done.
