

-t gzfastq -f ./00_Data/03a_Demultiplex/S_23_02097.1.fq.gz -o 00_Data/05a_Stacks.denovo.ALL.M1n1/ -i 406 -m 3 --name S_23_02097 -M 1 -p 8


ustacks parameters selected:
  Input file: './00_Data/03a_Demultiplex/S_23_02097.1.fq.gz'
  Sample ID: 406
  Min depth of coverage to create a stack (m): 3
  Repeat removal algorithm: enabled
  Max distance allowed between stacks (M): 1
  Max distance allowed to align secondary reads: 3
  Max number of stacks allowed per de novo locus: 3
  Deleveraging algorithm: disabled
  Gapped assembly: enabled
  Minimum alignment length: 0.8
  Model type: SNP
  Alpha significance level for model: 0.05

Loading RAD-Tags...

Loaded 191496 reads; formed:
  14262 stacks representing 97234 primary reads (50.8%)
  76887 secondary stacks representing 94262 secondary reads (49.2%)

Stack coverage: mean=6.82; stdev=30.71; max=1468; n_reads=97234(50.8%)
Removing repetitive stacks: cov > 99 (mean+3*stdev)...
  Blacklisted 867 stacks.
Coverage after repeat removal: mean=5.23; stdev=7.03; max=96; n_reads=70071(36.6%)

Assembling stacks (max. dist. M=1)...
  Assembled 13395 stacks into 12083; blacklisted 122 stacks.
Coverage after assembling stacks: mean=5.15; stdev=7.16; max=136; n_reads=61272(32.0%)

Merging secondary stacks (max. dist. N=3 from consensus)...
  Merged 11686 out of 94262 secondary reads (12.4%), 273 merged with gapped alignments.
Coverage after merging secondary stacks: mean=6.13; stdev=8.71; max=202; n_reads=72958(38.1%)

Assembling stacks, allowing for gaps (min. match length 80.0%)...
  Assembled 12083 stacks into 11973 stacks.
Coverage after gapped assembly: mean=6.19; stdev=8.99; max=207; n_reads=72958(38.1%)

Merging secondary stacks, allowing for gaps (min. match length 80.0%)...
  Merged 1718 out of 82576 secondary reads (2.1%).
Coverage after merging gapped secondary stacks: mean=6.34; stdev=9.20; max=217; n_reads=74676(39.0%)

Final number of stacks built: 11973
Final coverage: mean=6.34; stdev=9.20; max=217; n_reads=74676(39.0%)
Calling consensus sequences and haplotypes for catalog assembly...
Writing tags, SNPs, and alleles files to '00_Data/05a_Stacks.denovo.ALL.M1n1/S_23_02097'...done.
ustacks is done.
