

-t gzfastq -f ./00_Data/03a_Demultiplex/S_23_00981.1.fq.gz -o 00_Data/05a_Stacks.denovo.ALL.M1n1/ -i 3 -m 3 --name S_23_00981 -M 1 -p 8


ustacks parameters selected:
  Input file: './00_Data/03a_Demultiplex/S_23_00981.1.fq.gz'
  Sample ID: 3
  Min depth of coverage to create a stack (m): 3
  Repeat removal algorithm: enabled
  Max distance allowed between stacks (M): 1
  Max distance allowed to align secondary reads: 3
  Max number of stacks allowed per de novo locus: 3
  Deleveraging algorithm: disabled
  Gapped assembly: enabled
  Minimum alignment length: 0.8
  Model type: SNP
  Alpha significance level for model: 0.05

Loading RAD-Tags...1M...2M...3M...

Loaded 3895561 reads; formed:
  196196 stacks representing 3611974 primary reads (92.7%)
  253028 secondary stacks representing 283587 secondary reads (7.3%)

Stack coverage: mean=18.41; stdev=229.25; max=42916; n_reads=3611974(92.7%)
Removing repetitive stacks: cov > 707 (mean+3*stdev)...
  Blacklisted 9815 stacks.
Coverage after repeat removal: mean=13.49; stdev=23.86; max=693; n_reads=2513886(64.5%)

Assembling stacks (max. dist. M=1)...
  Assembled 186381 stacks into 155177; blacklisted 1865 stacks.
Coverage after assembling stacks: mean=13.23; stdev=15.69; max=707; n_reads=2024284(52.0%)

Merging secondary stacks (max. dist. N=3 from consensus)...
  Merged 121558 out of 283587 secondary reads (42.9%), 5598 merged with gapped alignments.
Coverage after merging secondary stacks: mean=14.02; stdev=16.31; max=725; n_reads=2145842(55.1%)

Assembling stacks, allowing for gaps (min. match length 80.0%)...
  Assembled 155177 stacks into 151912 stacks.
Coverage after gapped assembly: mean=14.33; stdev=16.64; max=725; n_reads=2145842(55.1%)

Merging secondary stacks, allowing for gaps (min. match length 80.0%)...
  Merged 10573 out of 162029 secondary reads (6.5%).
Coverage after merging gapped secondary stacks: mean=14.40; stdev=16.68; max=725; n_reads=2156415(55.4%)

Final number of stacks built: 151912
Final coverage: mean=14.40; stdev=16.68; max=725; n_reads=2156415(55.4%)
Calling consensus sequences and haplotypes for catalog assembly...
Writing tags, SNPs, and alleles files to '00_Data/05a_Stacks.denovo.ALL.M1n1/S_23_00981'...done.
ustacks is done.
