

-t gzfastq -f ./00_Data/03a_Demultiplex/S_23_02207.1.fq.gz -o 00_Data/05a_Stacks.denovo.ALL.M4n4/ -i 515 -m 3 --name S_23_02207 -M 4 -p 8


ustacks parameters selected:
  Input file: './00_Data/03a_Demultiplex/S_23_02207.1.fq.gz'
  Sample ID: 515
  Min depth of coverage to create a stack (m): 3
  Repeat removal algorithm: enabled
  Max distance allowed between stacks (M): 4
  Max distance allowed to align secondary reads: 6
  Max number of stacks allowed per de novo locus: 3
  Deleveraging algorithm: disabled
  Gapped assembly: enabled
  Minimum alignment length: 0.8
  Model type: SNP
  Alpha significance level for model: 0.05

Loading RAD-Tags...1M...

Loaded 1650155 reads; formed:
  113729 stacks representing 1416046 primary reads (85.8%)
  191064 secondary stacks representing 234109 secondary reads (14.2%)

Stack coverage: mean=12.45; stdev=114.13; max=20280; n_reads=1416046(85.8%)
Removing repetitive stacks: cov > 355 (mean+3*stdev)...
  Blacklisted 5209 stacks.
Coverage after repeat removal: mean=9.33; stdev=21.81; max=355; n_reads=1012442(61.4%)

Assembling stacks (max. dist. M=4)...
  Assembled 108520 stacks into 74281; blacklisted 2252 stacks.
Coverage after assembling stacks: mean=8.59; stdev=19.25; max=509; n_reads=615756(37.3%)

Merging secondary stacks (max. dist. N=6 from consensus)...
  Merged 72044 out of 234109 secondary reads (30.8%), 25547 merged with gapped alignments.
Coverage after merging secondary stacks: mean=9.60; stdev=21.79; max=1441; n_reads=687800(41.7%)

Assembling stacks, allowing for gaps (min. match length 80.0%)...
  Assembled 74281 stacks into 71961 stacks.
Coverage after gapped assembly: mean=9.92; stdev=22.46; max=1441; n_reads=687800(41.7%)

Merging secondary stacks, allowing for gaps (min. match length 80.0%)...
  Merged 19989 out of 162065 secondary reads (12.3%).
Coverage after merging gapped secondary stacks: mean=10.20; stdev=23.01; max=1449; n_reads=707789(42.9%)

Final number of stacks built: 71961
Final coverage: mean=10.20; stdev=23.01; max=1449; n_reads=707789(42.9%)
Calling consensus sequences and haplotypes for catalog assembly...
Writing tags, SNPs, and alleles files to '00_Data/05a_Stacks.denovo.ALL.M4n4/S_23_02207'...done.
ustacks is done.
