

-t gzfastq -f ./00_Data/03a_Demultiplex/S_23_02151.1.fq.gz -o 00_Data/05a_Stacks.denovo.ALL.M4n4/ -i 460 -m 3 --name S_23_02151 -M 4 -p 8


ustacks parameters selected:
  Input file: './00_Data/03a_Demultiplex/S_23_02151.1.fq.gz'
  Sample ID: 460
  Min depth of coverage to create a stack (m): 3
  Repeat removal algorithm: enabled
  Max distance allowed between stacks (M): 4
  Max distance allowed to align secondary reads: 6
  Max number of stacks allowed per de novo locus: 3
  Deleveraging algorithm: disabled
  Gapped assembly: enabled
  Minimum alignment length: 0.8
  Model type: SNP
  Alpha significance level for model: 0.05

Loading RAD-Tags...1M...2M...3M...4M...5M...

Loaded 5886372 reads; formed:
  211375 stacks representing 5491905 primary reads (93.3%)
  362736 secondary stacks representing 394467 secondary reads (6.7%)

Stack coverage: mean=25.98; stdev=321.65; max=64702; n_reads=5491905(93.3%)
Removing repetitive stacks: cov > 991 (mean+3*stdev)...
  Blacklisted 11155 stacks.
Coverage after repeat removal: mean=19.22; stdev=32.69; max=990; n_reads=3848915(65.4%)

Assembling stacks (max. dist. M=4)...
  Assembled 200220 stacks into 132641; blacklisted 3060 stacks.
Coverage after assembling stacks: mean=19.32; stdev=20.96; max=950; n_reads=2497836(42.4%)

Merging secondary stacks (max. dist. N=6 from consensus)...
  Merged 191953 out of 394467 secondary reads (48.7%), 62024 merged with gapped alignments.
Coverage after merging secondary stacks: mean=20.80; stdev=24.88; max=3619; n_reads=2689789(45.7%)

Assembling stacks, allowing for gaps (min. match length 80.0%)...
  Assembled 132641 stacks into 125452 stacks.
Coverage after gapped assembly: mean=22.03; stdev=26.08; max=3619; n_reads=2689789(45.7%)

Merging secondary stacks, allowing for gaps (min. match length 80.0%)...
  Merged 37713 out of 202514 secondary reads (18.6%).
Coverage after merging gapped secondary stacks: mean=22.33; stdev=27.10; max=3620; n_reads=2727502(46.3%)

Final number of stacks built: 125452
Final coverage: mean=22.33; stdev=27.10; max=3620; n_reads=2727502(46.3%)
Calling consensus sequences and haplotypes for catalog assembly...
Writing tags, SNPs, and alleles files to '00_Data/05a_Stacks.denovo.ALL.M4n4/S_23_02151'...done.
ustacks is done.
