

-t gzfastq -f ./00_Data/03a_Demultiplex/S_23_01202.1.fq.gz -o 00_Data/05a_Stacks.denovo.ALL.M1n1/ -i 152 -m 3 --name S_23_01202 -M 1 -p 8


ustacks parameters selected:
  Input file: './00_Data/03a_Demultiplex/S_23_01202.1.fq.gz'
  Sample ID: 152
  Min depth of coverage to create a stack (m): 3
  Repeat removal algorithm: enabled
  Max distance allowed between stacks (M): 1
  Max distance allowed to align secondary reads: 3
  Max number of stacks allowed per de novo locus: 3
  Deleveraging algorithm: disabled
  Gapped assembly: enabled
  Minimum alignment length: 0.8
  Model type: SNP
  Alpha significance level for model: 0.05

Loading RAD-Tags...1M...2M...3M...4M...5M...6M...7M...8M...9M...10M...11M...12M...13M...

Loaded 13205694 reads; formed:
  258913 stacks representing 12419861 primary reads (94.0%)
  721943 secondary stacks representing 785833 secondary reads (6.0%)

Stack coverage: mean=47.97; stdev=658.96; max=156770; n_reads=12419861(94.0%)
Removing repetitive stacks: cov > 2025 (mean+3*stdev)...
  Blacklisted 14984 stacks.
Coverage after repeat removal: mean=36.17; stdev=63.75; max=2022; n_reads=8823391(66.8%)

Assembling stacks (max. dist. M=1)...
  Assembled 243929 stacks into 194358; blacklisted 2983 stacks.
Coverage after assembling stacks: mean=36.88; stdev=36.33; max=1566; n_reads=7048187(53.4%)

Merging secondary stacks (max. dist. N=3 from consensus)...
  Merged 381245 out of 785833 secondary reads (48.5%), 17258 merged with gapped alignments.
Coverage after merging secondary stacks: mean=38.88; stdev=37.55; max=1602; n_reads=7429432(56.3%)

Assembling stacks, allowing for gaps (min. match length 80.0%)...
  Assembled 194358 stacks into 188984 stacks.
Coverage after gapped assembly: mean=40.00; stdev=38.29; max=1602; n_reads=7429432(56.3%)

Merging secondary stacks, allowing for gaps (min. match length 80.0%)...
  Merged 23808 out of 404588 secondary reads (5.9%).
Coverage after merging gapped secondary stacks: mean=40.13; stdev=38.31; max=1602; n_reads=7453240(56.4%)

Final number of stacks built: 188984
Final coverage: mean=40.13; stdev=38.31; max=1602; n_reads=7453240(56.4%)
Calling consensus sequences and haplotypes for catalog assembly...
Writing tags, SNPs, and alleles files to '00_Data/05a_Stacks.denovo.ALL.M1n1/S_23_01202'...done.
ustacks is done.
