

-t gzfastq -f ./00_Data/03a_Demultiplex/S_23_01174.1.fq.gz -o 00_Data/05a_Stacks.denovo.ALL.M4n4/ -i 137 -m 3 --name S_23_01174 -M 4 -p 8


ustacks parameters selected:
  Input file: './00_Data/03a_Demultiplex/S_23_01174.1.fq.gz'
  Sample ID: 137
  Min depth of coverage to create a stack (m): 3
  Repeat removal algorithm: enabled
  Max distance allowed between stacks (M): 4
  Max distance allowed to align secondary reads: 6
  Max number of stacks allowed per de novo locus: 3
  Deleveraging algorithm: disabled
  Gapped assembly: enabled
  Minimum alignment length: 0.8
  Model type: SNP
  Alpha significance level for model: 0.05

Loading RAD-Tags...1M...2M...3M...

Loaded 3214324 reads; formed:
  201606 stacks representing 2952725 primary reads (91.9%)
  230938 secondary stacks representing 261599 secondary reads (8.1%)

Stack coverage: mean=14.65; stdev=174.22; max=35621; n_reads=2952725(91.9%)
Removing repetitive stacks: cov > 538 (mean+3*stdev)...
  Blacklisted 9607 stacks.
Coverage after repeat removal: mean=11.00; stdev=18.57; max=536; n_reads=2112301(65.7%)

Assembling stacks (max. dist. M=4)...
  Assembled 191999 stacks into 131610; blacklisted 2820 stacks.
Coverage after assembling stacks: mean=10.74; stdev=11.88; max=702; n_reads=1380436(42.9%)

Merging secondary stacks (max. dist. N=6 from consensus)...
  Merged 114891 out of 261599 secondary reads (43.9%), 35957 merged with gapped alignments.
Coverage after merging secondary stacks: mean=11.63; stdev=13.48; max=1166; n_reads=1495327(46.5%)

Assembling stacks, allowing for gaps (min. match length 80.0%)...
  Assembled 131610 stacks into 125778 stacks.
Coverage after gapped assembly: mean=12.19; stdev=14.14; max=1166; n_reads=1495327(46.5%)

Merging secondary stacks, allowing for gaps (min. match length 80.0%)...
  Merged 29584 out of 146708 secondary reads (20.2%).
Coverage after merging gapped secondary stacks: mean=12.43; stdev=15.15; max=1184; n_reads=1524911(47.4%)

Final number of stacks built: 125778
Final coverage: mean=12.43; stdev=15.15; max=1184; n_reads=1524911(47.4%)
Calling consensus sequences and haplotypes for catalog assembly...
Writing tags, SNPs, and alleles files to '00_Data/05a_Stacks.denovo.ALL.M4n4/S_23_01174'...done.
ustacks is done.
