

-t gzfastq -f ./00_Data/03a_Demultiplex/S_23_02025.1.fq.gz -o 00_Data/05a_Stacks.denovo.ALL.M4n4/ -i 345 -m 3 --name S_23_02025 -M 4 -p 8


ustacks parameters selected:
  Input file: './00_Data/03a_Demultiplex/S_23_02025.1.fq.gz'
  Sample ID: 345
  Min depth of coverage to create a stack (m): 3
  Repeat removal algorithm: enabled
  Max distance allowed between stacks (M): 4
  Max distance allowed to align secondary reads: 6
  Max number of stacks allowed per de novo locus: 3
  Deleveraging algorithm: disabled
  Gapped assembly: enabled
  Minimum alignment length: 0.8
  Model type: SNP
  Alpha significance level for model: 0.05

Loading RAD-Tags...1M...2M...

Loaded 2028852 reads; formed:
  165469 stacks representing 1778550 primary reads (87.7%)
  209695 secondary stacks representing 250302 secondary reads (12.3%)

Stack coverage: mean=10.75; stdev=119.43; max=22561; n_reads=1778550(87.7%)
Removing repetitive stacks: cov > 370 (mean+3*stdev)...
  Blacklisted 7303 stacks.
Coverage after repeat removal: mean=8.08; stdev=13.22; max=370; n_reads=1278469(63.0%)

Assembling stacks (max. dist. M=4)...
  Assembled 158166 stacks into 111474; blacklisted 2316 stacks.
Coverage after assembling stacks: mean=7.75; stdev=8.73; max=382; n_reads=843958(41.6%)

Merging secondary stacks (max. dist. N=6 from consensus)...
  Merged 86094 out of 250302 secondary reads (34.4%), 31510 merged with gapped alignments.
Coverage after merging secondary stacks: mean=8.54; stdev=11.09; max=1296; n_reads=930052(45.8%)

Assembling stacks, allowing for gaps (min. match length 80.0%)...
  Assembled 111474 stacks into 107500 stacks.
Coverage after gapped assembly: mean=8.86; stdev=11.57; max=1296; n_reads=930052(45.8%)

Merging secondary stacks, allowing for gaps (min. match length 80.0%)...
  Merged 26580 out of 164208 secondary reads (16.2%).
Coverage after merging gapped secondary stacks: mean=9.11; stdev=12.60; max=1300; n_reads=956632(47.2%)

Final number of stacks built: 107500
Final coverage: mean=9.11; stdev=12.60; max=1300; n_reads=956632(47.2%)
Calling consensus sequences and haplotypes for catalog assembly...
Writing tags, SNPs, and alleles files to '00_Data/05a_Stacks.denovo.ALL.M4n4/S_23_02025'...done.
ustacks is done.
