

-t gzfastq -f ./00_Data/03a_Demultiplex/S_23_02143.1.fq.gz -o 00_Data/05a_Stacks.denovo.ALL.M4n4/ -i 452 -m 3 --name S_23_02143 -M 4 -p 8


ustacks parameters selected:
  Input file: './00_Data/03a_Demultiplex/S_23_02143.1.fq.gz'
  Sample ID: 452
  Min depth of coverage to create a stack (m): 3
  Repeat removal algorithm: enabled
  Max distance allowed between stacks (M): 4
  Max distance allowed to align secondary reads: 6
  Max number of stacks allowed per de novo locus: 3
  Deleveraging algorithm: disabled
  Gapped assembly: enabled
  Minimum alignment length: 0.8
  Model type: SNP
  Alpha significance level for model: 0.05

Loading RAD-Tags...1M...2M...3M...4M...5M...6M...7M...8M...

Loaded 8658779 reads; formed:
  252128 stacks representing 8055633 primary reads (93.0%)
  553125 secondary stacks representing 603146 secondary reads (7.0%)

Stack coverage: mean=31.95; stdev=407.64; max=88866; n_reads=8055633(93.0%)
Removing repetitive stacks: cov > 1255 (mean+3*stdev)...
  Blacklisted 14769 stacks.
Coverage after repeat removal: mean=23.64; stdev=42.27; max=1252; n_reads=5610815(64.8%)

Assembling stacks (max. dist. M=4)...
  Assembled 237359 stacks into 157128; blacklisted 3746 stacks.
Coverage after assembling stacks: mean=23.42; stdev=25.37; max=1566; n_reads=3584121(41.4%)

Merging secondary stacks (max. dist. N=6 from consensus)...
  Merged 307539 out of 603146 secondary reads (51.0%), 99641 merged with gapped alignments.
Coverage after merging secondary stacks: mean=25.43; stdev=28.42; max=1620; n_reads=3891660(44.9%)

Assembling stacks, allowing for gaps (min. match length 80.0%)...
  Assembled 157128 stacks into 148224 stacks.
Coverage after gapped assembly: mean=27.00; stdev=30.15; max=1620; n_reads=3891660(44.9%)

Merging secondary stacks, allowing for gaps (min. match length 80.0%)...
  Merged 61481 out of 295607 secondary reads (20.8%).
Coverage after merging gapped secondary stacks: mean=27.42; stdev=31.71; max=1691; n_reads=3953141(45.7%)

Final number of stacks built: 148224
Final coverage: mean=27.42; stdev=31.71; max=1691; n_reads=3953141(45.7%)
Calling consensus sequences and haplotypes for catalog assembly...
Writing tags, SNPs, and alleles files to '00_Data/05a_Stacks.denovo.ALL.M4n4/S_23_02143'...done.
ustacks is done.
