

-t gzfastq -f ./00_Data/03a_Demultiplex/S_23_01792.1.fq.gz -o 00_Data/05a_Stacks.denovo.ALL.M1n1/ -i 216 -m 3 --name S_23_01792 -M 1 -p 8


ustacks parameters selected:
  Input file: './00_Data/03a_Demultiplex/S_23_01792.1.fq.gz'
  Sample ID: 216
  Min depth of coverage to create a stack (m): 3
  Repeat removal algorithm: enabled
  Max distance allowed between stacks (M): 1
  Max distance allowed to align secondary reads: 3
  Max number of stacks allowed per de novo locus: 3
  Deleveraging algorithm: disabled
  Gapped assembly: enabled
  Minimum alignment length: 0.8
  Model type: SNP
  Alpha significance level for model: 0.05

Loading RAD-Tags...1M...2M...

Loaded 2763754 reads; formed:
  179583 stacks representing 2522080 primary reads (91.3%)
  208228 secondary stacks representing 241674 secondary reads (8.7%)

Stack coverage: mean=14.04; stdev=173.94; max=36812; n_reads=2522080(91.3%)
Removing repetitive stacks: cov > 536 (mean+3*stdev)...
  Blacklisted 8045 stacks.
Coverage after repeat removal: mean=10.37; stdev=18.17; max=534; n_reads=1778423(64.3%)

Assembling stacks (max. dist. M=1)...
  Assembled 171538 stacks into 145292; blacklisted 1602 stacks.
Coverage after assembling stacks: mean=10.04; stdev=11.33; max=441; n_reads=1440540(52.1%)

Merging secondary stacks (max. dist. N=3 from consensus)...
  Merged 85523 out of 241674 secondary reads (35.4%), 3545 merged with gapped alignments.
Coverage after merging secondary stacks: mean=10.64; stdev=11.79; max=466; n_reads=1526063(55.2%)

Assembling stacks, allowing for gaps (min. match length 80.0%)...
  Assembled 145292 stacks into 142666 stacks.
Coverage after gapped assembly: mean=10.84; stdev=12.09; max=563; n_reads=1526063(55.2%)

Merging secondary stacks, allowing for gaps (min. match length 80.0%)...
  Merged 9211 out of 156151 secondary reads (5.9%).
Coverage after merging gapped secondary stacks: mean=10.90; stdev=12.13; max=564; n_reads=1535274(55.6%)

Final number of stacks built: 142666
Final coverage: mean=10.90; stdev=12.13; max=564; n_reads=1535274(55.6%)
Calling consensus sequences and haplotypes for catalog assembly...
Writing tags, SNPs, and alleles files to '00_Data/05a_Stacks.denovo.ALL.M1n1/S_23_01792'...done.
ustacks is done.
