

-t gzfastq -f ./00_Data/03a_Demultiplex/S_23_02146.1.fq.gz -o 00_Data/05a_Stacks.denovo.ALL.M4n4/ -i 455 -m 3 --name S_23_02146 -M 4 -p 8


ustacks parameters selected:
  Input file: './00_Data/03a_Demultiplex/S_23_02146.1.fq.gz'
  Sample ID: 455
  Min depth of coverage to create a stack (m): 3
  Repeat removal algorithm: enabled
  Max distance allowed between stacks (M): 4
  Max distance allowed to align secondary reads: 6
  Max number of stacks allowed per de novo locus: 3
  Deleveraging algorithm: disabled
  Gapped assembly: enabled
  Minimum alignment length: 0.8
  Model type: SNP
  Alpha significance level for model: 0.05

Loading RAD-Tags...1M...2M...3M...4M...5M...6M...

Loaded 6366825 reads; formed:
  237550 stacks representing 5948728 primary reads (93.4%)
  382034 secondary stacks representing 418097 secondary reads (6.6%)

Stack coverage: mean=25.04; stdev=309.77; max=66059; n_reads=5948728(93.4%)
Removing repetitive stacks: cov > 955 (mean+3*stdev)...
  Blacklisted 12904 stacks.
Coverage after repeat removal: mean=18.59; stdev=32.15; max=955; n_reads=4175077(65.6%)

Assembling stacks (max. dist. M=4)...
  Assembled 224646 stacks into 149147; blacklisted 3435 stacks.
Coverage after assembling stacks: mean=18.50; stdev=20.10; max=857; n_reads=2690526(42.3%)

Merging secondary stacks (max. dist. N=6 from consensus)...
  Merged 208543 out of 418097 secondary reads (49.9%), 66909 merged with gapped alignments.
Coverage after merging secondary stacks: mean=19.94; stdev=22.19; max=1173; n_reads=2899069(45.5%)

Assembling stacks, allowing for gaps (min. match length 80.0%)...
  Assembled 149147 stacks into 141080 stacks.
Coverage after gapped assembly: mean=21.11; stdev=23.50; max=1173; n_reads=2899069(45.5%)

Merging secondary stacks, allowing for gaps (min. match length 80.0%)...
  Merged 42717 out of 209554 secondary reads (20.4%).
Coverage after merging gapped secondary stacks: mean=21.42; stdev=24.56; max=1175; n_reads=2941786(46.2%)

Final number of stacks built: 141080
Final coverage: mean=21.42; stdev=24.56; max=1175; n_reads=2941786(46.2%)
Calling consensus sequences and haplotypes for catalog assembly...
Writing tags, SNPs, and alleles files to '00_Data/05a_Stacks.denovo.ALL.M4n4/S_23_02146'...done.
ustacks is done.
