

-t gzfastq -f ./00_Data/03a_Demultiplex/S_23_01108.1.fq.gz -o 00_Data/05a_Stacks.denovo.ALL.M4n4/ -i 86 -m 3 --name S_23_01108 -M 4 -p 8


ustacks parameters selected:
  Input file: './00_Data/03a_Demultiplex/S_23_01108.1.fq.gz'
  Sample ID: 86
  Min depth of coverage to create a stack (m): 3
  Repeat removal algorithm: enabled
  Max distance allowed between stacks (M): 4
  Max distance allowed to align secondary reads: 6
  Max number of stacks allowed per de novo locus: 3
  Deleveraging algorithm: disabled
  Gapped assembly: enabled
  Minimum alignment length: 0.8
  Model type: SNP
  Alpha significance level for model: 0.05

Loading RAD-Tags...1M...2M...3M...4M...5M...6M...

Loaded 6510495 reads; formed:
  241137 stacks representing 6058829 primary reads (93.1%)
  410300 secondary stacks representing 451666 secondary reads (6.9%)

Stack coverage: mean=25.13; stdev=319.50; max=68890; n_reads=6058829(93.1%)
Removing repetitive stacks: cov > 984 (mean+3*stdev)...
  Blacklisted 13368 stacks.
Coverage after repeat removal: mean=18.53; stdev=32.74; max=980; n_reads=4220724(64.8%)

Assembling stacks (max. dist. M=4)...
  Assembled 227769 stacks into 151880; blacklisted 3515 stacks.
Coverage after assembling stacks: mean=18.13; stdev=19.63; max=881; n_reads=2683946(41.2%)

Merging secondary stacks (max. dist. N=6 from consensus)...
  Merged 218596 out of 451666 secondary reads (48.4%), 71560 merged with gapped alignments.
Coverage after merging secondary stacks: mean=19.60; stdev=22.78; max=2890; n_reads=2902542(44.6%)

Assembling stacks, allowing for gaps (min. match length 80.0%)...
  Assembled 151880 stacks into 143655 stacks.
Coverage after gapped assembly: mean=20.76; stdev=23.99; max=2890; n_reads=2902542(44.6%)

Merging secondary stacks, allowing for gaps (min. match length 80.0%)...
  Merged 45284 out of 233070 secondary reads (19.4%).
Coverage after merging gapped secondary stacks: mean=21.08; stdev=25.21; max=2895; n_reads=2947826(45.3%)

Final number of stacks built: 143655
Final coverage: mean=21.08; stdev=25.21; max=2895; n_reads=2947826(45.3%)
Calling consensus sequences and haplotypes for catalog assembly...
Writing tags, SNPs, and alleles files to '00_Data/05a_Stacks.denovo.ALL.M4n4/S_23_01108'...done.
ustacks is done.
