

-t gzfastq -f ./00_Data/03a_Demultiplex/S_23_01792.1.fq.gz -o 00_Data/05a_Stacks.denovo.ALL.M4n4/ -i 216 -m 3 --name S_23_01792 -M 4 -p 8


ustacks parameters selected:
  Input file: './00_Data/03a_Demultiplex/S_23_01792.1.fq.gz'
  Sample ID: 216
  Min depth of coverage to create a stack (m): 3
  Repeat removal algorithm: enabled
  Max distance allowed between stacks (M): 4
  Max distance allowed to align secondary reads: 6
  Max number of stacks allowed per de novo locus: 3
  Deleveraging algorithm: disabled
  Gapped assembly: enabled
  Minimum alignment length: 0.8
  Model type: SNP
  Alpha significance level for model: 0.05

Loading RAD-Tags...1M...2M...

Loaded 2763754 reads; formed:
  179583 stacks representing 2522080 primary reads (91.3%)
  208228 secondary stacks representing 241674 secondary reads (8.7%)

Stack coverage: mean=14.04; stdev=173.94; max=36812; n_reads=2522080(91.3%)
Removing repetitive stacks: cov > 536 (mean+3*stdev)...
  Blacklisted 8045 stacks.
Coverage after repeat removal: mean=10.37; stdev=18.17; max=534; n_reads=1778423(64.3%)

Assembling stacks (max. dist. M=4)...
  Assembled 171538 stacks into 118313; blacklisted 2521 stacks.
Coverage after assembling stacks: mean=9.97; stdev=11.20; max=549; n_reads=1152595(41.7%)

Merging secondary stacks (max. dist. N=6 from consensus)...
  Merged 94454 out of 241674 secondary reads (39.1%), 31466 merged with gapped alignments.
Coverage after merging secondary stacks: mean=10.79; stdev=13.27; max=1727; n_reads=1247049(45.1%)

Assembling stacks, allowing for gaps (min. match length 80.0%)...
  Assembled 118313 stacks into 113375 stacks.
Coverage after gapped assembly: mean=11.27; stdev=13.99; max=1727; n_reads=1247049(45.1%)

Merging secondary stacks, allowing for gaps (min. match length 80.0%)...
  Merged 24697 out of 147220 secondary reads (16.8%).
Coverage after merging gapped secondary stacks: mean=11.50; stdev=14.82; max=1727; n_reads=1271746(46.0%)

Final number of stacks built: 113375
Final coverage: mean=11.50; stdev=14.82; max=1727; n_reads=1271746(46.0%)
Calling consensus sequences and haplotypes for catalog assembly...
Writing tags, SNPs, and alleles files to '00_Data/05a_Stacks.denovo.ALL.M4n4/S_23_01792'...done.
ustacks is done.
