

-t gzfastq -f ./00_Data/03a_Demultiplex/S_23_02056.1.fq.gz -o 00_Data/05a_Stacks.denovo.ALL.M1n1/ -i 376 -m 3 --name S_23_02056 -M 1 -p 8


ustacks parameters selected:
  Input file: './00_Data/03a_Demultiplex/S_23_02056.1.fq.gz'
  Sample ID: 376
  Min depth of coverage to create a stack (m): 3
  Repeat removal algorithm: enabled
  Max distance allowed between stacks (M): 1
  Max distance allowed to align secondary reads: 3
  Max number of stacks allowed per de novo locus: 3
  Deleveraging algorithm: disabled
  Gapped assembly: enabled
  Minimum alignment length: 0.8
  Model type: SNP
  Alpha significance level for model: 0.05

Loading RAD-Tags...

Loaded 757414 reads; formed:
  71774 stacks representing 558224 primary reads (73.7%)
  158560 secondary stacks representing 199190 secondary reads (26.3%)

Stack coverage: mean=7.78; stdev=59.16; max=6704; n_reads=558224(73.7%)
Removing repetitive stacks: cov > 186 (mean+3*stdev)...
  Blacklisted 3505 stacks.
Coverage after repeat removal: mean=5.87; stdev=8.58; max=185; n_reads=401013(52.9%)

Assembling stacks (max. dist. M=1)...
  Assembled 68269 stacks into 60447; blacklisted 632 stacks.
Coverage after assembling stacks: mean=5.63; stdev=6.84; max=188; n_reads=335855(44.3%)

Merging secondary stacks (max. dist. N=3 from consensus)...
  Merged 35049 out of 199190 secondary reads (17.6%), 1051 merged with gapped alignments.
Coverage after merging secondary stacks: mean=6.22; stdev=7.56; max=200; n_reads=370904(49.0%)

Assembling stacks, allowing for gaps (min. match length 80.0%)...
  Assembled 60447 stacks into 59800 stacks.
Coverage after gapped assembly: mean=6.29; stdev=7.71; max=201; n_reads=370904(49.0%)

Merging secondary stacks, allowing for gaps (min. match length 80.0%)...
  Merged 5601 out of 164141 secondary reads (3.4%).
Coverage after merging gapped secondary stacks: mean=6.38; stdev=7.82; max=202; n_reads=376505(49.7%)

Final number of stacks built: 59800
Final coverage: mean=6.38; stdev=7.82; max=202; n_reads=376505(49.7%)
Calling consensus sequences and haplotypes for catalog assembly...
Writing tags, SNPs, and alleles files to '00_Data/05a_Stacks.denovo.ALL.M1n1/S_23_02056'...done.
ustacks is done.
