

-t gzfastq -f ./00_Data/03a_Demultiplex/S_23_01148.1.fq.gz -o 00_Data/05a_Stacks.denovo.ALL.M1n1/ -i 111 -m 3 --name S_23_01148 -M 1 -p 8


ustacks parameters selected:
  Input file: './00_Data/03a_Demultiplex/S_23_01148.1.fq.gz'
  Sample ID: 111
  Min depth of coverage to create a stack (m): 3
  Repeat removal algorithm: enabled
  Max distance allowed between stacks (M): 1
  Max distance allowed to align secondary reads: 3
  Max number of stacks allowed per de novo locus: 3
  Deleveraging algorithm: disabled
  Gapped assembly: enabled
  Minimum alignment length: 0.8
  Model type: SNP
  Alpha significance level for model: 0.05

Loading RAD-Tags...1M...

Loaded 1683587 reads; formed:
  137309 stacks representing 1487877 primary reads (88.4%)
  163344 secondary stacks representing 195710 secondary reads (11.6%)

Stack coverage: mean=10.84; stdev=122.06; max=20013; n_reads=1487877(88.4%)
Removing repetitive stacks: cov > 378 (mean+3*stdev)...
  Blacklisted 6482 stacks.
Coverage after repeat removal: mean=7.97; stdev=13.29; max=373; n_reads=1042121(61.9%)

Assembling stacks (max. dist. M=1)...
  Assembled 130827 stacks into 112782; blacklisted 1203 stacks.
Coverage after assembling stacks: mean=7.65; stdev=8.82; max=356; n_reads=852493(50.6%)

Merging secondary stacks (max. dist. N=3 from consensus)...
  Merged 61389 out of 195710 secondary reads (31.4%), 2367 merged with gapped alignments.
Coverage after merging secondary stacks: mean=8.21; stdev=9.29; max=373; n_reads=913882(54.3%)

Assembling stacks, allowing for gaps (min. match length 80.0%)...
  Assembled 112782 stacks into 111183 stacks.
Coverage after gapped assembly: mean=8.32; stdev=9.46; max=373; n_reads=913882(54.3%)

Merging secondary stacks, allowing for gaps (min. match length 80.0%)...
  Merged 7636 out of 134321 secondary reads (5.7%).
Coverage after merging gapped secondary stacks: mean=8.39; stdev=9.51; max=375; n_reads=921518(54.7%)

Final number of stacks built: 111183
Final coverage: mean=8.39; stdev=9.51; max=375; n_reads=921518(54.7%)
Calling consensus sequences and haplotypes for catalog assembly...
Writing tags, SNPs, and alleles files to '00_Data/05a_Stacks.denovo.ALL.M1n1/S_23_01148'...done.
ustacks is done.
