

-t gzfastq -f ./00_Data/03a_Demultiplex/S_23_01102.1.fq.gz -o 00_Data/05a_Stacks.denovo.ALL.M4n4/ -i 80 -m 3 --name S_23_01102 -M 4 -p 8


ustacks parameters selected:
  Input file: './00_Data/03a_Demultiplex/S_23_01102.1.fq.gz'
  Sample ID: 80
  Min depth of coverage to create a stack (m): 3
  Repeat removal algorithm: enabled
  Max distance allowed between stacks (M): 4
  Max distance allowed to align secondary reads: 6
  Max number of stacks allowed per de novo locus: 3
  Deleveraging algorithm: disabled
  Gapped assembly: enabled
  Minimum alignment length: 0.8
  Model type: SNP
  Alpha significance level for model: 0.05

Loading RAD-Tags...1M...2M...3M...4M...5M...

Loaded 5208038 reads; formed:
  221808 stacks representing 4814336 primary reads (92.4%)
  354206 secondary stacks representing 393702 secondary reads (7.6%)

Stack coverage: mean=21.70; stdev=284.58; max=62081; n_reads=4814336(92.4%)
Removing repetitive stacks: cov > 876 (mean+3*stdev)...
  Blacklisted 10704 stacks.
Coverage after repeat removal: mean=15.99; stdev=28.40; max=876; n_reads=3375275(64.8%)

Assembling stacks (max. dist. M=4)...
  Assembled 211104 stacks into 142419; blacklisted 3245 stacks.
Coverage after assembling stacks: mean=15.50; stdev=17.53; max=944; n_reads=2153243(41.3%)

Merging secondary stacks (max. dist. N=6 from consensus)...
  Merged 173230 out of 393702 secondary reads (44.0%), 60267 merged with gapped alignments.
Coverage after merging secondary stacks: mean=16.75; stdev=20.50; max=2506; n_reads=2326473(44.7%)

Assembling stacks, allowing for gaps (min. match length 80.0%)...
  Assembled 142419 stacks into 135146 stacks.
Coverage after gapped assembly: mean=17.67; stdev=21.53; max=2506; n_reads=2326473(44.7%)

Merging secondary stacks, allowing for gaps (min. match length 80.0%)...
  Merged 39012 out of 220472 secondary reads (17.7%).
Coverage after merging gapped secondary stacks: mean=17.97; stdev=22.50; max=2506; n_reads=2365485(45.4%)

Final number of stacks built: 135146
Final coverage: mean=17.97; stdev=22.50; max=2506; n_reads=2365485(45.4%)
Calling consensus sequences and haplotypes for catalog assembly...
Writing tags, SNPs, and alleles files to '00_Data/05a_Stacks.denovo.ALL.M4n4/S_23_01102'...done.
ustacks is done.
