

-t gzfastq -f ./00_Data/03a_Demultiplex/S_23_02100.1.fq.gz -o 00_Data/05a_Stacks.denovo.ALL.M4n4/ -i 409 -m 3 --name S_23_02100 -M 4 -p 8


ustacks parameters selected:
  Input file: './00_Data/03a_Demultiplex/S_23_02100.1.fq.gz'
  Sample ID: 409
  Min depth of coverage to create a stack (m): 3
  Repeat removal algorithm: enabled
  Max distance allowed between stacks (M): 4
  Max distance allowed to align secondary reads: 6
  Max number of stacks allowed per de novo locus: 3
  Deleveraging algorithm: disabled
  Gapped assembly: enabled
  Minimum alignment length: 0.8
  Model type: SNP
  Alpha significance level for model: 0.05

Loading RAD-Tags...1M...2M...3M...

Loaded 3320858 reads; formed:
  186614 stacks representing 3063217 primary reads (92.2%)
  228349 secondary stacks representing 257641 secondary reads (7.8%)

Stack coverage: mean=16.41; stdev=209.23; max=42245; n_reads=3063217(92.2%)
Removing repetitive stacks: cov > 645 (mean+3*stdev)...
  Blacklisted 8584 stacks.
Coverage after repeat removal: mean=12.10; stdev=21.07; max=644; n_reads=2154379(64.9%)

Assembling stacks (max. dist. M=4)...
  Assembled 178030 stacks into 120581; blacklisted 2599 stacks.
Coverage after assembling stacks: mean=11.86; stdev=12.75; max=643; n_reads=1397033(42.1%)

Merging secondary stacks (max. dist. N=6 from consensus)...
  Merged 110907 out of 257641 secondary reads (43.0%), 35833 merged with gapped alignments.
Coverage after merging secondary stacks: mean=12.81; stdev=15.63; max=2227; n_reads=1507940(45.4%)

Assembling stacks, allowing for gaps (min. match length 80.0%)...
  Assembled 120581 stacks into 115070 stacks.
Coverage after gapped assembly: mean=13.43; stdev=16.33; max=2227; n_reads=1507940(45.4%)

Merging secondary stacks, allowing for gaps (min. match length 80.0%)...
  Merged 28897 out of 146734 secondary reads (19.7%).
Coverage after merging gapped secondary stacks: mean=13.69; stdev=17.46; max=2465; n_reads=1536837(46.3%)

Final number of stacks built: 115070
Final coverage: mean=13.69; stdev=17.46; max=2465; n_reads=1536837(46.3%)
Calling consensus sequences and haplotypes for catalog assembly...
Writing tags, SNPs, and alleles files to '00_Data/05a_Stacks.denovo.ALL.M4n4/S_23_02100'...done.
ustacks is done.
