

-t gzfastq -f ./00_Data/03a_Demultiplex/S_23_02260.1.fq.gz -o 00_Data/05a_Stacks.denovo.ALL.M4n4/ -i 551 -m 3 --name S_23_02260 -M 4 -p 8


ustacks parameters selected:
  Input file: './00_Data/03a_Demultiplex/S_23_02260.1.fq.gz'
  Sample ID: 551
  Min depth of coverage to create a stack (m): 3
  Repeat removal algorithm: enabled
  Max distance allowed between stacks (M): 4
  Max distance allowed to align secondary reads: 6
  Max number of stacks allowed per de novo locus: 3
  Deleveraging algorithm: disabled
  Gapped assembly: enabled
  Minimum alignment length: 0.8
  Model type: SNP
  Alpha significance level for model: 0.05

Loading RAD-Tags...1M...2M...3M...4M...5M...6M...

Loaded 6254839 reads; formed:
  206857 stacks representing 5891244 primary reads (94.2%)
  336874 secondary stacks representing 363595 secondary reads (5.8%)

Stack coverage: mean=28.48; stdev=378.99; max=74048; n_reads=5891244(94.2%)
Removing repetitive stacks: cov > 1166 (mean+3*stdev)...
  Blacklisted 11035 stacks.
Coverage after repeat removal: mean=20.98; stdev=37.63; max=1166; n_reads=4107470(65.7%)

Assembling stacks (max. dist. M=4)...
  Assembled 195822 stacks into 128215; blacklisted 3054 stacks.
Coverage after assembling stacks: mean=20.97; stdev=21.97; max=1051; n_reads=2619226(41.9%)

Merging secondary stacks (max. dist. N=6 from consensus)...
  Merged 186284 out of 363595 secondary reads (51.2%), 56625 merged with gapped alignments.
Coverage after merging secondary stacks: mean=22.46; stdev=23.70; max=1230; n_reads=2805510(44.9%)

Assembling stacks, allowing for gaps (min. match length 80.0%)...
  Assembled 128215 stacks into 121172 stacks.
Coverage after gapped assembly: mean=23.80; stdev=24.83; max=1230; n_reads=2805510(44.9%)

Merging secondary stacks, allowing for gaps (min. match length 80.0%)...
  Merged 38669 out of 177311 secondary reads (21.8%).
Coverage after merging gapped secondary stacks: mean=24.13; stdev=26.44; max=1425; n_reads=2844179(45.5%)

Final number of stacks built: 121172
Final coverage: mean=24.13; stdev=26.44; max=1425; n_reads=2844179(45.5%)
Calling consensus sequences and haplotypes for catalog assembly...
Writing tags, SNPs, and alleles files to '00_Data/05a_Stacks.denovo.ALL.M4n4/S_23_02260'...done.
ustacks is done.
