

-t gzfastq -f ./00_Data/03a_Demultiplex/S_23_01809.1.fq.gz -o 00_Data/05a_Stacks.denovo.ALL.M1n1/ -i 233 -m 3 --name S_23_01809 -M 1 -p 8


ustacks parameters selected:
  Input file: './00_Data/03a_Demultiplex/S_23_01809.1.fq.gz'
  Sample ID: 233
  Min depth of coverage to create a stack (m): 3
  Repeat removal algorithm: enabled
  Max distance allowed between stacks (M): 1
  Max distance allowed to align secondary reads: 3
  Max number of stacks allowed per de novo locus: 3
  Deleveraging algorithm: disabled
  Gapped assembly: enabled
  Minimum alignment length: 0.8
  Model type: SNP
  Alpha significance level for model: 0.05

Loading RAD-Tags...1M...2M...3M...4M...5M...6M...

Loaded 6850092 reads; formed:
  214568 stacks representing 6413173 primary reads (93.6%)
  403856 secondary stacks representing 436919 secondary reads (6.4%)

Stack coverage: mean=29.89; stdev=385.44; max=72939; n_reads=6413173(93.6%)
Removing repetitive stacks: cov > 1187 (mean+3*stdev)...
  Blacklisted 11977 stacks.
Coverage after repeat removal: mean=22.06; stdev=38.68; max=1184; n_reads=4468268(65.2%)

Assembling stacks (max. dist. M=1)...
  Assembled 202591 stacks into 164674; blacklisted 2208 stacks.
Coverage after assembling stacks: mean=22.07; stdev=23.66; max=1070; n_reads=3580400(52.3%)

Merging secondary stacks (max. dist. N=3 from consensus)...
  Merged 213906 out of 436919 secondary reads (49.0%), 9082 merged with gapped alignments.
Coverage after merging secondary stacks: mean=23.39; stdev=24.54; max=1086; n_reads=3794306(55.4%)

Assembling stacks, allowing for gaps (min. match length 80.0%)...
  Assembled 164674 stacks into 160545 stacks.
Coverage after gapped assembly: mean=24.00; stdev=25.02; max=1086; n_reads=3794306(55.4%)

Merging secondary stacks, allowing for gaps (min. match length 80.0%)...
  Merged 13109 out of 223013 secondary reads (5.9%).
Coverage after merging gapped secondary stacks: mean=24.09; stdev=25.04; max=1086; n_reads=3807415(55.6%)

Final number of stacks built: 160545
Final coverage: mean=24.09; stdev=25.04; max=1086; n_reads=3807415(55.6%)
Calling consensus sequences and haplotypes for catalog assembly...
Writing tags, SNPs, and alleles files to '00_Data/05a_Stacks.denovo.ALL.M1n1/S_23_01809'...done.
ustacks is done.
