

-t gzfastq -f ./00_Data/03a_Demultiplex/S_23_01196_rep.1.fq.gz -o 00_Data/05a_Stacks.denovo.ALL.M1n1/ -i 145 -m 3 --name S_23_01196_rep -M 1 -p 8


ustacks parameters selected:
  Input file: './00_Data/03a_Demultiplex/S_23_01196_rep.1.fq.gz'
  Sample ID: 145
  Min depth of coverage to create a stack (m): 3
  Repeat removal algorithm: enabled
  Max distance allowed between stacks (M): 1
  Max distance allowed to align secondary reads: 3
  Max number of stacks allowed per de novo locus: 3
  Deleveraging algorithm: disabled
  Gapped assembly: enabled
  Minimum alignment length: 0.8
  Model type: SNP
  Alpha significance level for model: 0.05

Loading RAD-Tags...1M...2M...3M...4M...5M...6M...

Loaded 6968093 reads; formed:
  225830 stacks representing 6523516 primary reads (93.6%)
  404020 secondary stacks representing 444577 secondary reads (6.4%)

Stack coverage: mean=28.89; stdev=400.41; max=99377; n_reads=6523516(93.6%)
Removing repetitive stacks: cov > 1231 (mean+3*stdev)...
  Blacklisted 10574 stacks.
Coverage after repeat removal: mean=21.61; stdev=39.86; max=1229; n_reads=4651187(66.7%)

Assembling stacks (max. dist. M=1)...
  Assembled 215256 stacks into 175691; blacklisted 2276 stacks.
Coverage after assembling stacks: mean=21.47; stdev=24.26; max=1083; n_reads=3717994(53.4%)

Merging secondary stacks (max. dist. N=3 from consensus)...
  Merged 194506 out of 444577 secondary reads (43.8%), 8933 merged with gapped alignments.
Coverage after merging secondary stacks: mean=22.59; stdev=25.07; max=1108; n_reads=3912500(56.1%)

Assembling stacks, allowing for gaps (min. match length 80.0%)...
  Assembled 175691 stacks into 171332 stacks.
Coverage after gapped assembly: mean=23.18; stdev=25.65; max=1108; n_reads=3912500(56.1%)

Merging secondary stacks, allowing for gaps (min. match length 80.0%)...
  Merged 14783 out of 250071 secondary reads (5.9%).
Coverage after merging gapped secondary stacks: mean=23.26; stdev=25.66; max=1108; n_reads=3927283(56.4%)

Final number of stacks built: 171332
Final coverage: mean=23.26; stdev=25.66; max=1108; n_reads=3927283(56.4%)
Calling consensus sequences and haplotypes for catalog assembly...
Writing tags, SNPs, and alleles files to '00_Data/05a_Stacks.denovo.ALL.M1n1/S_23_01196_rep'...done.
ustacks is done.
