

-t gzfastq -f ./00_Data/03a_Demultiplex/S_23_01814.1.fq.gz -o 00_Data/05a_Stacks.denovo.ALL.M1n1/ -i 238 -m 3 --name S_23_01814 -M 1 -p 8


ustacks parameters selected:
  Input file: './00_Data/03a_Demultiplex/S_23_01814.1.fq.gz'
  Sample ID: 238
  Min depth of coverage to create a stack (m): 3
  Repeat removal algorithm: enabled
  Max distance allowed between stacks (M): 1
  Max distance allowed to align secondary reads: 3
  Max number of stacks allowed per de novo locus: 3
  Deleveraging algorithm: disabled
  Gapped assembly: enabled
  Minimum alignment length: 0.8
  Model type: SNP
  Alpha significance level for model: 0.05

Loading RAD-Tags...1M...2M...

Loaded 2080054 reads; formed:
  155942 stacks representing 1878344 primary reads (90.3%)
  169747 secondary stacks representing 201710 secondary reads (9.7%)

Stack coverage: mean=12.05; stdev=143.72; max=28900; n_reads=1878344(90.3%)
Removing repetitive stacks: cov > 444 (mean+3*stdev)...
  Blacklisted 6533 stacks.
Coverage after repeat removal: mean=9.04; stdev=16.02; max=444; n_reads=1350032(64.9%)

Assembling stacks (max. dist. M=1)...
  Assembled 149409 stacks into 127400; blacklisted 1426 stacks.
Coverage after assembling stacks: mean=8.65; stdev=10.22; max=486; n_reads=1088139(52.3%)

Merging secondary stacks (max. dist. N=3 from consensus)...
  Merged 66335 out of 201710 secondary reads (32.9%), 2791 merged with gapped alignments.
Coverage after merging secondary stacks: mean=9.18; stdev=10.66; max=515; n_reads=1154474(55.5%)

Assembling stacks, allowing for gaps (min. match length 80.0%)...
  Assembled 127400 stacks into 125387 stacks.
Coverage after gapped assembly: mean=9.33; stdev=10.87; max=515; n_reads=1154474(55.5%)

Merging secondary stacks, allowing for gaps (min. match length 80.0%)...
  Merged 8025 out of 135375 secondary reads (5.9%).
Coverage after merging gapped secondary stacks: mean=9.39; stdev=10.91; max=517; n_reads=1162499(55.9%)

Final number of stacks built: 125387
Final coverage: mean=9.39; stdev=10.91; max=517; n_reads=1162499(55.9%)
Calling consensus sequences and haplotypes for catalog assembly...
Writing tags, SNPs, and alleles files to '00_Data/05a_Stacks.denovo.ALL.M1n1/S_23_01814'...done.
ustacks is done.
