

-t gzfastq -f ./00_Data/03a_Demultiplex/S_23_02120.1.fq.gz -o 00_Data/05a_Stacks.denovo.ALL.M4n4/ -i 429 -m 3 --name S_23_02120 -M 4 -p 8


ustacks parameters selected:
  Input file: './00_Data/03a_Demultiplex/S_23_02120.1.fq.gz'
  Sample ID: 429
  Min depth of coverage to create a stack (m): 3
  Repeat removal algorithm: enabled
  Max distance allowed between stacks (M): 4
  Max distance allowed to align secondary reads: 6
  Max number of stacks allowed per de novo locus: 3
  Deleveraging algorithm: disabled
  Gapped assembly: enabled
  Minimum alignment length: 0.8
  Model type: SNP
  Alpha significance level for model: 0.05

Loading RAD-Tags...1M...2M...3M...4M...5M...6M...7M...

Loaded 7559045 reads; formed:
  248125 stacks representing 6949802 primary reads (91.9%)
  561744 secondary stacks representing 609243 secondary reads (8.1%)

Stack coverage: mean=28.01; stdev=350.41; max=73347; n_reads=6949802(91.9%)
Removing repetitive stacks: cov > 1080 (mean+3*stdev)...
  Blacklisted 15105 stacks.
Coverage after repeat removal: mean=20.76; stdev=36.05; max=1080; n_reads=4837032(64.0%)

Assembling stacks (max. dist. M=4)...
  Assembled 233020 stacks into 150961; blacklisted 3680 stacks.
Coverage after assembling stacks: mean=20.85; stdev=20.86; max=916; n_reads=3064745(40.5%)

Merging secondary stacks (max. dist. N=6 from consensus)...
  Merged 329165 out of 609243 secondary reads (54.0%), 101935 merged with gapped alignments.
Coverage after merging secondary stacks: mean=23.09; stdev=26.09; max=4371; n_reads=3393910(44.9%)

Assembling stacks, allowing for gaps (min. match length 80.0%)...
  Assembled 150961 stacks into 142424 stacks.
Coverage after gapped assembly: mean=24.52; stdev=27.57; max=4371; n_reads=3393910(44.9%)

Merging secondary stacks, allowing for gaps (min. match length 80.0%)...
  Merged 71875 out of 280078 secondary reads (25.7%).
Coverage after merging gapped secondary stacks: mean=25.04; stdev=31.51; max=4371; n_reads=3465785(45.8%)

Final number of stacks built: 142424
Final coverage: mean=25.04; stdev=31.51; max=4371; n_reads=3465785(45.8%)
Calling consensus sequences and haplotypes for catalog assembly...
Writing tags, SNPs, and alleles files to '00_Data/05a_Stacks.denovo.ALL.M4n4/S_23_02120'...done.
ustacks is done.
