

-t gzfastq -f ./00_Data/03a_Demultiplex/S_23_01164.1.fq.gz -o 00_Data/05a_Stacks.denovo.ALL.M1n1/ -i 127 -m 3 --name S_23_01164 -M 1 -p 8


ustacks parameters selected:
  Input file: './00_Data/03a_Demultiplex/S_23_01164.1.fq.gz'
  Sample ID: 127
  Min depth of coverage to create a stack (m): 3
  Repeat removal algorithm: enabled
  Max distance allowed between stacks (M): 1
  Max distance allowed to align secondary reads: 3
  Max number of stacks allowed per de novo locus: 3
  Deleveraging algorithm: disabled
  Gapped assembly: enabled
  Minimum alignment length: 0.8
  Model type: SNP
  Alpha significance level for model: 0.05

Loading RAD-Tags...1M...2M...3M...4M...

Loaded 4953511 reads; formed:
  206027 stacks representing 4600452 primary reads (92.9%)
  321333 secondary stacks representing 353059 secondary reads (7.1%)

Stack coverage: mean=22.33; stdev=291.50; max=58823; n_reads=4600452(92.9%)
Removing repetitive stacks: cov > 897 (mean+3*stdev)...
  Blacklisted 10740 stacks.
Coverage after repeat removal: mean=16.38; stdev=29.75; max=889; n_reads=3199725(64.6%)

Assembling stacks (max. dist. M=1)...
  Assembled 195287 stacks into 160564; blacklisted 2002 stacks.
Coverage after assembling stacks: mean=16.10; stdev=18.09; max=748; n_reads=2548727(51.5%)

Merging secondary stacks (max. dist. N=3 from consensus)...
  Merged 165784 out of 353059 secondary reads (47.0%), 6940 merged with gapped alignments.
Coverage after merging secondary stacks: mean=17.15; stdev=18.87; max=771; n_reads=2714511(54.8%)

Assembling stacks, allowing for gaps (min. match length 80.0%)...
  Assembled 160564 stacks into 156972 stacks.
Coverage after gapped assembly: mean=17.54; stdev=19.22; max=775; n_reads=2714511(54.8%)

Merging secondary stacks, allowing for gaps (min. match length 80.0%)...
  Merged 12040 out of 187275 secondary reads (6.4%).
Coverage after merging gapped secondary stacks: mean=17.62; stdev=19.25; max=775; n_reads=2726551(55.0%)

Final number of stacks built: 156972
Final coverage: mean=17.62; stdev=19.25; max=775; n_reads=2726551(55.0%)
Calling consensus sequences and haplotypes for catalog assembly...
Writing tags, SNPs, and alleles files to '00_Data/05a_Stacks.denovo.ALL.M1n1/S_23_01164'...done.
ustacks is done.
