

-t gzfastq -f ./00_Data/03a_Demultiplex/S_23_01049.1.fq.gz -o 00_Data/05a_Stacks.denovo.ALL.M4n4/ -i 41 -m 3 --name S_23_01049 -M 4 -p 8


ustacks parameters selected:
  Input file: './00_Data/03a_Demultiplex/S_23_01049.1.fq.gz'
  Sample ID: 41
  Min depth of coverage to create a stack (m): 3
  Repeat removal algorithm: enabled
  Max distance allowed between stacks (M): 4
  Max distance allowed to align secondary reads: 6
  Max number of stacks allowed per de novo locus: 3
  Deleveraging algorithm: disabled
  Gapped assembly: enabled
  Minimum alignment length: 0.8
  Model type: SNP
  Alpha significance level for model: 0.05

Loading RAD-Tags...

Loaded 733831 reads; formed:
  71767 stacks representing 569317 primary reads (77.6%)
  129108 secondary stacks representing 164514 secondary reads (22.4%)

Stack coverage: mean=7.93; stdev=56.79; max=5079; n_reads=569317(77.6%)
Removing repetitive stacks: cov > 179 (mean+3*stdev)...
  Blacklisted 3578 stacks.
Coverage after repeat removal: mean=5.98; stdev=8.42; max=179; n_reads=407438(55.5%)

Assembling stacks (max. dist. M=4)...
  Assembled 68189 stacks into 49432; blacklisted 1117 stacks.
Coverage after assembling stacks: mean=5.80; stdev=6.99; max=192; n_reads=279297(38.1%)

Merging secondary stacks (max. dist. N=6 from consensus)...
  Merged 40186 out of 164514 secondary reads (24.4%), 16089 merged with gapped alignments.
Coverage after merging secondary stacks: mean=6.64; stdev=10.54; max=1067; n_reads=319483(43.5%)

Assembling stacks, allowing for gaps (min. match length 80.0%)...
  Assembled 49432 stacks into 47948 stacks.
Coverage after gapped assembly: mean=6.85; stdev=10.99; max=1067; n_reads=319483(43.5%)

Merging secondary stacks, allowing for gaps (min. match length 80.0%)...
  Merged 17275 out of 124328 secondary reads (13.9%).
Coverage after merging gapped secondary stacks: mean=7.22; stdev=13.61; max=1068; n_reads=336758(45.9%)

Final number of stacks built: 47948
Final coverage: mean=7.22; stdev=13.61; max=1068; n_reads=336758(45.9%)
Calling consensus sequences and haplotypes for catalog assembly...
Writing tags, SNPs, and alleles files to '00_Data/05a_Stacks.denovo.ALL.M4n4/S_23_01049'...done.
ustacks is done.
