

-t gzfastq -f ./00_Data/03a_Demultiplex/S_23_01212.1.fq.gz -o 00_Data/05a_Stacks.denovo.ALL.M4n4/ -i 162 -m 3 --name S_23_01212 -M 4 -p 8


ustacks parameters selected:
  Input file: './00_Data/03a_Demultiplex/S_23_01212.1.fq.gz'
  Sample ID: 162
  Min depth of coverage to create a stack (m): 3
  Repeat removal algorithm: enabled
  Max distance allowed between stacks (M): 4
  Max distance allowed to align secondary reads: 6
  Max number of stacks allowed per de novo locus: 3
  Deleveraging algorithm: disabled
  Gapped assembly: enabled
  Minimum alignment length: 0.8
  Model type: SNP
  Alpha significance level for model: 0.05

Loading RAD-Tags...1M...2M...3M...4M...

Loaded 4460315 reads; formed:
  222348 stacks representing 4129360 primary reads (92.6%)
  297974 secondary stacks representing 330955 secondary reads (7.4%)

Stack coverage: mean=18.57; stdev=232.68; max=51551; n_reads=4129360(92.6%)
Removing repetitive stacks: cov > 717 (mean+3*stdev)...
  Blacklisted 11166 stacks.
Coverage after repeat removal: mean=13.84; stdev=23.54; max=709; n_reads=2923251(65.5%)

Assembling stacks (max. dist. M=4)...
  Assembled 211182 stacks into 141908; blacklisted 3195 stacks.
Coverage after assembling stacks: mean=13.69; stdev=14.35; max=731; n_reads=1895209(42.5%)

Merging secondary stacks (max. dist. N=6 from consensus)...
  Merged 152589 out of 330955 secondary reads (46.1%), 47763 merged with gapped alignments.
Coverage after merging secondary stacks: mean=14.79; stdev=15.79; max=758; n_reads=2047798(45.9%)

Assembling stacks, allowing for gaps (min. match length 80.0%)...
  Assembled 141908 stacks into 134796 stacks.
Coverage after gapped assembly: mean=15.59; stdev=16.66; max=758; n_reads=2047798(45.9%)

Merging secondary stacks, allowing for gaps (min. match length 80.0%)...
  Merged 41098 out of 178366 secondary reads (23.0%).
Coverage after merging gapped secondary stacks: mean=15.91; stdev=18.38; max=1311; n_reads=2088896(46.8%)

Final number of stacks built: 134796
Final coverage: mean=15.91; stdev=18.38; max=1311; n_reads=2088896(46.8%)
Calling consensus sequences and haplotypes for catalog assembly...
Writing tags, SNPs, and alleles files to '00_Data/05a_Stacks.denovo.ALL.M4n4/S_23_01212'...done.
ustacks is done.
