

-t gzfastq -f ./00_Data/03a_Demultiplex/S_23_01043.1.fq.gz -o 00_Data/05a_Stacks.denovo.ALL.M4n4/ -i 36 -m 3 --name S_23_01043 -M 4 -p 8


ustacks parameters selected:
  Input file: './00_Data/03a_Demultiplex/S_23_01043.1.fq.gz'
  Sample ID: 36
  Min depth of coverage to create a stack (m): 3
  Repeat removal algorithm: enabled
  Max distance allowed between stacks (M): 4
  Max distance allowed to align secondary reads: 6
  Max number of stacks allowed per de novo locus: 3
  Deleveraging algorithm: disabled
  Gapped assembly: enabled
  Minimum alignment length: 0.8
  Model type: SNP
  Alpha significance level for model: 0.05

Loading RAD-Tags...1M...2M...3M...4M...

Loaded 4046000 reads; formed:
  192831 stacks representing 3779566 primary reads (93.4%)
  238587 secondary stacks representing 266434 secondary reads (6.6%)

Stack coverage: mean=19.60; stdev=237.18; max=38828; n_reads=3779566(93.4%)
Removing repetitive stacks: cov > 732 (mean+3*stdev)...
  Blacklisted 10062 stacks.
Coverage after repeat removal: mean=14.27; stdev=25.48; max=731; n_reads=2607598(64.4%)

Assembling stacks (max. dist. M=4)...
  Assembled 182769 stacks into 121502; blacklisted 2911 stacks.
Coverage after assembling stacks: mean=14.08; stdev=16.14; max=711; n_reads=1666021(41.2%)

Merging secondary stacks (max. dist. N=6 from consensus)...
  Merged 128830 out of 266434 secondary reads (48.4%), 41345 merged with gapped alignments.
Coverage after merging secondary stacks: mean=15.17; stdev=17.68; max=1016; n_reads=1794851(44.4%)

Assembling stacks, allowing for gaps (min. match length 80.0%)...
  Assembled 121502 stacks into 115451 stacks.
Coverage after gapped assembly: mean=15.99; stdev=18.56; max=1016; n_reads=1794851(44.4%)

Merging secondary stacks, allowing for gaps (min. match length 80.0%)...
  Merged 33999 out of 137604 secondary reads (24.7%).
Coverage after merging gapped secondary stacks: mean=16.29; stdev=19.72; max=1020; n_reads=1828850(45.2%)

Final number of stacks built: 115451
Final coverage: mean=16.29; stdev=19.72; max=1020; n_reads=1828850(45.2%)
Calling consensus sequences and haplotypes for catalog assembly...
Writing tags, SNPs, and alleles files to '00_Data/05a_Stacks.denovo.ALL.M4n4/S_23_01043'...done.
ustacks is done.
