

-t gzfastq -f ./00_Data/03a_Demultiplex/S_23_02149.1.fq.gz -o 00_Data/05a_Stacks.denovo.ALL.M4n4/ -i 458 -m 3 --name S_23_02149 -M 4 -p 8


ustacks parameters selected:
  Input file: './00_Data/03a_Demultiplex/S_23_02149.1.fq.gz'
  Sample ID: 458
  Min depth of coverage to create a stack (m): 3
  Repeat removal algorithm: enabled
  Max distance allowed between stacks (M): 4
  Max distance allowed to align secondary reads: 6
  Max number of stacks allowed per de novo locus: 3
  Deleveraging algorithm: disabled
  Gapped assembly: enabled
  Minimum alignment length: 0.8
  Model type: SNP
  Alpha significance level for model: 0.05

Loading RAD-Tags...1M...2M...3M...4M...5M...

Loaded 5609987 reads; formed:
  202146 stacks representing 5280079 primary reads (94.1%)
  306319 secondary stacks representing 329908 secondary reads (5.9%)

Stack coverage: mean=26.12; stdev=325.84; max=57059; n_reads=5280079(94.1%)
Removing repetitive stacks: cov > 1004 (mean+3*stdev)...
  Blacklisted 11162 stacks.
Coverage after repeat removal: mean=19.20; stdev=34.27; max=998; n_reads=3666309(65.4%)

Assembling stacks (max. dist. M=4)...
  Assembled 190984 stacks into 125379; blacklisted 2994 stacks.
Coverage after assembling stacks: mean=19.08; stdev=20.78; max=901; n_reads=2330571(41.5%)

Merging secondary stacks (max. dist. N=6 from consensus)...
  Merged 175436 out of 329908 secondary reads (53.2%), 53524 merged with gapped alignments.
Coverage after merging secondary stacks: mean=20.52; stdev=22.38; max=936; n_reads=2506007(44.7%)

Assembling stacks, allowing for gaps (min. match length 80.0%)...
  Assembled 125379 stacks into 118695 stacks.
Coverage after gapped assembly: mean=21.71; stdev=23.63; max=936; n_reads=2506007(44.7%)

Merging secondary stacks, allowing for gaps (min. match length 80.0%)...
  Merged 35038 out of 154472 secondary reads (22.7%).
Coverage after merging gapped secondary stacks: mean=22.01; stdev=24.97; max=1375; n_reads=2541045(45.3%)

Final number of stacks built: 118695
Final coverage: mean=22.01; stdev=24.97; max=1375; n_reads=2541045(45.3%)
Calling consensus sequences and haplotypes for catalog assembly...
Writing tags, SNPs, and alleles files to '00_Data/05a_Stacks.denovo.ALL.M4n4/S_23_02149'...done.
ustacks is done.
