

-t gzfastq -f ./00_Data/03a_Demultiplex/S_23_01806.1.fq.gz -o 00_Data/05a_Stacks.denovo.ALL.M1n1/ -i 230 -m 3 --name S_23_01806 -M 1 -p 8


ustacks parameters selected:
  Input file: './00_Data/03a_Demultiplex/S_23_01806.1.fq.gz'
  Sample ID: 230
  Min depth of coverage to create a stack (m): 3
  Repeat removal algorithm: enabled
  Max distance allowed between stacks (M): 1
  Max distance allowed to align secondary reads: 3
  Max number of stacks allowed per de novo locus: 3
  Deleveraging algorithm: disabled
  Gapped assembly: enabled
  Minimum alignment length: 0.8
  Model type: SNP
  Alpha significance level for model: 0.05

Loading RAD-Tags...1M...2M...

Loaded 2896024 reads; formed:
  181533 stacks representing 2639422 primary reads (91.1%)
  223284 secondary stacks representing 256602 secondary reads (8.9%)

Stack coverage: mean=14.54; stdev=182.61; max=39908; n_reads=2639422(91.1%)
Removing repetitive stacks: cov > 563 (mean+3*stdev)...
  Blacklisted 7985 stacks.
Coverage after repeat removal: mean=10.84; stdev=19.28; max=557; n_reads=1881186(65.0%)

Assembling stacks (max. dist. M=1)...
  Assembled 173548 stacks into 146660; blacklisted 1632 stacks.
Coverage after assembling stacks: mean=10.54; stdev=12.62; max=552; n_reads=1525900(52.7%)

Merging secondary stacks (max. dist. N=3 from consensus)...
  Merged 95048 out of 256602 secondary reads (37.0%), 4193 merged with gapped alignments.
Coverage after merging secondary stacks: mean=11.19; stdev=13.15; max=561; n_reads=1620948(56.0%)

Assembling stacks, allowing for gaps (min. match length 80.0%)...
  Assembled 146660 stacks into 144009 stacks.
Coverage after gapped assembly: mean=11.40; stdev=13.42; max=712; n_reads=1620948(56.0%)

Merging secondary stacks, allowing for gaps (min. match length 80.0%)...
  Merged 9588 out of 161554 secondary reads (5.9%).
Coverage after merging gapped secondary stacks: mean=11.47; stdev=13.46; max=712; n_reads=1630536(56.3%)

Final number of stacks built: 144009
Final coverage: mean=11.47; stdev=13.46; max=712; n_reads=1630536(56.3%)
Calling consensus sequences and haplotypes for catalog assembly...
Writing tags, SNPs, and alleles files to '00_Data/05a_Stacks.denovo.ALL.M1n1/S_23_01806'...done.
ustacks is done.
