

-t gzfastq -f ./00_Data/03a_Demultiplex/S_23_01178.1.fq.gz -o 00_Data/05a_Stacks.denovo.ALL.M1n1/ -i 141 -m 3 --name S_23_01178 -M 1 -p 8


ustacks parameters selected:
  Input file: './00_Data/03a_Demultiplex/S_23_01178.1.fq.gz'
  Sample ID: 141
  Min depth of coverage to create a stack (m): 3
  Repeat removal algorithm: enabled
  Max distance allowed between stacks (M): 1
  Max distance allowed to align secondary reads: 3
  Max number of stacks allowed per de novo locus: 3
  Deleveraging algorithm: disabled
  Gapped assembly: enabled
  Minimum alignment length: 0.8
  Model type: SNP
  Alpha significance level for model: 0.05

Loading RAD-Tags...1M...2M...3M...

Loaded 3962667 reads; formed:
  194386 stacks representing 3682507 primary reads (92.9%)
  254543 secondary stacks representing 280160 secondary reads (7.1%)

Stack coverage: mean=18.94; stdev=238.55; max=45712; n_reads=3682507(92.9%)
Removing repetitive stacks: cov > 735 (mean+3*stdev)...
  Blacklisted 9903 stacks.
Coverage after repeat removal: mean=13.91; stdev=24.18; max=733; n_reads=2566590(64.8%)

Assembling stacks (max. dist. M=1)...
  Assembled 184483 stacks into 153244; blacklisted 1870 stacks.
Coverage after assembling stacks: mean=13.66; stdev=14.78; max=580; n_reads=2064692(52.1%)

Merging secondary stacks (max. dist. N=3 from consensus)...
  Merged 133565 out of 280160 secondary reads (47.7%), 5527 merged with gapped alignments.
Coverage after merging secondary stacks: mean=14.55; stdev=15.43; max=607; n_reads=2198257(55.5%)

Assembling stacks, allowing for gaps (min. match length 80.0%)...
  Assembled 153244 stacks into 149980 stacks.
Coverage after gapped assembly: mean=14.87; stdev=15.76; max=627; n_reads=2198257(55.5%)

Merging secondary stacks, allowing for gaps (min. match length 80.0%)...
  Merged 10126 out of 146595 secondary reads (6.9%).
Coverage after merging gapped secondary stacks: mean=14.94; stdev=15.79; max=627; n_reads=2208383(55.7%)

Final number of stacks built: 149980
Final coverage: mean=14.94; stdev=15.79; max=627; n_reads=2208383(55.7%)
Calling consensus sequences and haplotypes for catalog assembly...
Writing tags, SNPs, and alleles files to '00_Data/05a_Stacks.denovo.ALL.M1n1/S_23_01178'...done.
ustacks is done.
