

-t gzfastq -f ./00_Data/03a_Demultiplex/S_23_01869.1.fq.gz -o 00_Data/05a_Stacks.denovo.ALL.M1n1/ -i 275 -m 3 --name S_23_01869 -M 1 -p 8


ustacks parameters selected:
  Input file: './00_Data/03a_Demultiplex/S_23_01869.1.fq.gz'
  Sample ID: 275
  Min depth of coverage to create a stack (m): 3
  Repeat removal algorithm: enabled
  Max distance allowed between stacks (M): 1
  Max distance allowed to align secondary reads: 3
  Max number of stacks allowed per de novo locus: 3
  Deleveraging algorithm: disabled
  Gapped assembly: enabled
  Minimum alignment length: 0.8
  Model type: SNP
  Alpha significance level for model: 0.05

Loading RAD-Tags...1M...2M...3M...

Loaded 3518467 reads; formed:
  196472 stacks representing 3205831 primary reads (91.1%)
  278787 secondary stacks representing 312636 secondary reads (8.9%)

Stack coverage: mean=16.32; stdev=209.14; max=47271; n_reads=3205831(91.1%)
Removing repetitive stacks: cov > 644 (mean+3*stdev)...
  Blacklisted 8751 stacks.
Coverage after repeat removal: mean=12.27; stdev=21.35; max=644; n_reads=2302449(65.4%)

Assembling stacks (max. dist. M=1)...
  Assembled 187721 stacks into 157068; blacklisted 1771 stacks.
Coverage after assembling stacks: mean=12.03; stdev=13.23; max=654; n_reads=1865467(53.0%)

Merging secondary stacks (max. dist. N=3 from consensus)...
  Merged 127653 out of 312636 secondary reads (40.8%), 5383 merged with gapped alignments.
Coverage after merging secondary stacks: mean=12.85; stdev=13.84; max=669; n_reads=1993120(56.6%)

Assembling stacks, allowing for gaps (min. match length 80.0%)...
  Assembled 157068 stacks into 153895 stacks.
Coverage after gapped assembly: mean=13.12; stdev=14.07; max=669; n_reads=1993120(56.6%)

Merging secondary stacks, allowing for gaps (min. match length 80.0%)...
  Merged 10648 out of 184983 secondary reads (5.8%).
Coverage after merging gapped secondary stacks: mean=13.19; stdev=14.10; max=669; n_reads=2003768(57.0%)

Final number of stacks built: 153895
Final coverage: mean=13.19; stdev=14.10; max=669; n_reads=2003768(57.0%)
Calling consensus sequences and haplotypes for catalog assembly...
Writing tags, SNPs, and alleles files to '00_Data/05a_Stacks.denovo.ALL.M1n1/S_23_01869'...done.
ustacks is done.
