

-t gzfastq -f ./00_Data/03a_Demultiplex/S_23_01275.1.fq.gz -o 00_Data/05a_Stacks.denovo.ALL.M1n1/ -i 209 -m 3 --name S_23_01275 -M 1 -p 8


ustacks parameters selected:
  Input file: './00_Data/03a_Demultiplex/S_23_01275.1.fq.gz'
  Sample ID: 209
  Min depth of coverage to create a stack (m): 3
  Repeat removal algorithm: enabled
  Max distance allowed between stacks (M): 1
  Max distance allowed to align secondary reads: 3
  Max number of stacks allowed per de novo locus: 3
  Deleveraging algorithm: disabled
  Gapped assembly: enabled
  Minimum alignment length: 0.8
  Model type: SNP
  Alpha significance level for model: 0.05

Loading RAD-Tags...1M...2M...

Loaded 2655840 reads; formed:
  189042 stacks representing 2391847 primary reads (90.1%)
  226136 secondary stacks representing 263993 secondary reads (9.9%)

Stack coverage: mean=12.65; stdev=144.41; max=27334; n_reads=2391847(90.1%)
Removing repetitive stacks: cov > 446 (mean+3*stdev)...
  Blacklisted 8765 stacks.
Coverage after repeat removal: mean=9.39; stdev=15.48; max=446; n_reads=1692540(63.7%)

Assembling stacks (max. dist. M=1)...
  Assembled 180277 stacks into 154019; blacklisted 1677 stacks.
Coverage after assembling stacks: mean=9.13; stdev=10.50; max=482; n_reads=1387676(52.2%)

Merging secondary stacks (max. dist. N=3 from consensus)...
  Merged 89756 out of 263993 secondary reads (34.0%), 3977 merged with gapped alignments.
Coverage after merging secondary stacks: mean=9.72; stdev=10.98; max=495; n_reads=1477432(55.6%)

Assembling stacks, allowing for gaps (min. match length 80.0%)...
  Assembled 154019 stacks into 151315 stacks.
Coverage after gapped assembly: mean=9.89; stdev=11.20; max=495; n_reads=1477432(55.6%)

Merging secondary stacks, allowing for gaps (min. match length 80.0%)...
  Merged 10568 out of 174237 secondary reads (6.1%).
Coverage after merging gapped secondary stacks: mean=9.96; stdev=11.24; max=495; n_reads=1488000(56.0%)

Final number of stacks built: 151315
Final coverage: mean=9.96; stdev=11.24; max=495; n_reads=1488000(56.0%)
Calling consensus sequences and haplotypes for catalog assembly...
Writing tags, SNPs, and alleles files to '00_Data/05a_Stacks.denovo.ALL.M1n1/S_23_01275'...done.
ustacks is done.
