

-t gzfastq -f ./00_Data/03a_Demultiplex/S_23_02244_rep.1.fq.gz -o 00_Data/05a_Stacks.denovo.ALL.M4n4/ -i 534 -m 3 --name S_23_02244_rep -M 4 -p 8


ustacks parameters selected:
  Input file: './00_Data/03a_Demultiplex/S_23_02244_rep.1.fq.gz'
  Sample ID: 534
  Min depth of coverage to create a stack (m): 3
  Repeat removal algorithm: enabled
  Max distance allowed between stacks (M): 4
  Max distance allowed to align secondary reads: 6
  Max number of stacks allowed per de novo locus: 3
  Deleveraging algorithm: disabled
  Gapped assembly: enabled
  Minimum alignment length: 0.8
  Model type: SNP
  Alpha significance level for model: 0.05

Loading RAD-Tags...1M...2M...3M...

Loaded 3720481 reads; formed:
  212197 stacks representing 3379284 primary reads (90.8%)
  299892 secondary stacks representing 341197 secondary reads (9.2%)

Stack coverage: mean=15.93; stdev=207.58; max=47511; n_reads=3379284(90.8%)
Removing repetitive stacks: cov > 639 (mean+3*stdev)...
  Blacklisted 9580 stacks.
Coverage after repeat removal: mean=11.84; stdev=20.93; max=639; n_reads=2399163(64.5%)

Assembling stacks (max. dist. M=4)...
  Assembled 202617 stacks into 138202; blacklisted 2991 stacks.
Coverage after assembling stacks: mean=11.48; stdev=12.74; max=613; n_reads=1549403(41.6%)

Merging secondary stacks (max. dist. N=6 from consensus)...
  Merged 127928 out of 341197 secondary reads (37.5%), 41945 merged with gapped alignments.
Coverage after merging secondary stacks: mean=12.43; stdev=14.09; max=730; n_reads=1677331(45.1%)

Assembling stacks, allowing for gaps (min. match length 80.0%)...
  Assembled 138202 stacks into 131678 stacks.
Coverage after gapped assembly: mean=13.06; stdev=14.81; max=730; n_reads=1677331(45.1%)

Merging secondary stacks, allowing for gaps (min. match length 80.0%)...
  Merged 39167 out of 213269 secondary reads (18.4%).
Coverage after merging gapped secondary stacks: mean=13.36; stdev=16.20; max=1198; n_reads=1716498(46.1%)

Final number of stacks built: 131678
Final coverage: mean=13.36; stdev=16.20; max=1198; n_reads=1716498(46.1%)
Calling consensus sequences and haplotypes for catalog assembly...
Writing tags, SNPs, and alleles files to '00_Data/05a_Stacks.denovo.ALL.M4n4/S_23_02244_rep'...done.
ustacks is done.
