

-t gzfastq -f ./00_Data/03a_Demultiplex/S_23_01010.1.fq.gz -o 00_Data/05a_Stacks.denovo.ALL.M1n1/ -i 31 -m 3 --name S_23_01010 -M 1 -p 8


ustacks parameters selected:
  Input file: './00_Data/03a_Demultiplex/S_23_01010.1.fq.gz'
  Sample ID: 31
  Min depth of coverage to create a stack (m): 3
  Repeat removal algorithm: enabled
  Max distance allowed between stacks (M): 1
  Max distance allowed to align secondary reads: 3
  Max number of stacks allowed per de novo locus: 3
  Deleveraging algorithm: disabled
  Gapped assembly: enabled
  Minimum alignment length: 0.8
  Model type: SNP
  Alpha significance level for model: 0.05

Loading RAD-Tags...1M...2M...3M...4M...5M...6M...

Loaded 6176005 reads; formed:
  229904 stacks representing 5716950 primary reads (92.6%)
  416107 secondary stacks representing 459055 secondary reads (7.4%)

Stack coverage: mean=24.87; stdev=326.19; max=70566; n_reads=5716950(92.6%)
Removing repetitive stacks: cov > 1004 (mean+3*stdev)...
  Blacklisted 11484 stacks.
Coverage after repeat removal: mean=18.41; stdev=33.39; max=999; n_reads=4020099(65.1%)

Assembling stacks (max. dist. M=1)...
  Assembled 218420 stacks into 179812; blacklisted 2245 stacks.
Coverage after assembling stacks: mean=18.09; stdev=19.89; max=714; n_reads=3206968(51.9%)

Merging secondary stacks (max. dist. N=3 from consensus)...
  Merged 192149 out of 459055 secondary reads (41.9%), 8359 merged with gapped alignments.
Coverage after merging secondary stacks: mean=19.17; stdev=20.67; max=771; n_reads=3399117(55.0%)

Assembling stacks, allowing for gaps (min. match length 80.0%)...
  Assembled 179812 stacks into 175536 stacks.
Coverage after gapped assembly: mean=19.65; stdev=21.15; max=1048; n_reads=3399117(55.0%)

Merging secondary stacks, allowing for gaps (min. match length 80.0%)...
  Merged 15550 out of 266906 secondary reads (5.8%).
Coverage after merging gapped secondary stacks: mean=19.74; stdev=21.18; max=1048; n_reads=3414667(55.3%)

Final number of stacks built: 175536
Final coverage: mean=19.74; stdev=21.18; max=1048; n_reads=3414667(55.3%)
Calling consensus sequences and haplotypes for catalog assembly...
Writing tags, SNPs, and alleles files to '00_Data/05a_Stacks.denovo.ALL.M1n1/S_23_01010'...done.
ustacks is done.
