

-t gzfastq -f ./00_Data/03a_Demultiplex/S_23_01815.1.fq.gz -o 00_Data/05a_Stacks.denovo.ALL.M4n4/ -i 239 -m 3 --name S_23_01815 -M 4 -p 8


ustacks parameters selected:
  Input file: './00_Data/03a_Demultiplex/S_23_01815.1.fq.gz'
  Sample ID: 239
  Min depth of coverage to create a stack (m): 3
  Repeat removal algorithm: enabled
  Max distance allowed between stacks (M): 4
  Max distance allowed to align secondary reads: 6
  Max number of stacks allowed per de novo locus: 3
  Deleveraging algorithm: disabled
  Gapped assembly: enabled
  Minimum alignment length: 0.8
  Model type: SNP
  Alpha significance level for model: 0.05

Loading RAD-Tags...1M...2M...3M...4M...5M...

Loaded 5388515 reads; formed:
  201601 stacks representing 5041451 primary reads (93.6%)
  318679 secondary stacks representing 347064 secondary reads (6.4%)

Stack coverage: mean=25.01; stdev=320.88; max=56886; n_reads=5041451(93.6%)
Removing repetitive stacks: cov > 988 (mean+3*stdev)...
  Blacklisted 10907 stacks.
Coverage after repeat removal: mean=18.28; stdev=32.11; max=982; n_reads=3485684(64.7%)

Assembling stacks (max. dist. M=4)...
  Assembled 190694 stacks into 126369; blacklisted 2961 stacks.
Coverage after assembling stacks: mean=18.12; stdev=19.26; max=953; n_reads=2231545(41.4%)

Merging secondary stacks (max. dist. N=6 from consensus)...
  Merged 173933 out of 347064 secondary reads (50.1%), 55670 merged with gapped alignments.
Coverage after merging secondary stacks: mean=19.53; stdev=21.13; max=1097; n_reads=2405478(44.6%)

Assembling stacks, allowing for gaps (min. match length 80.0%)...
  Assembled 126369 stacks into 119697 stacks.
Coverage after gapped assembly: mean=20.65; stdev=22.47; max=1461; n_reads=2405478(44.6%)

Merging secondary stacks, allowing for gaps (min. match length 80.0%)...
  Merged 35916 out of 173131 secondary reads (20.7%).
Coverage after merging gapped secondary stacks: mean=20.96; stdev=23.57; max=1461; n_reads=2441394(45.3%)

Final number of stacks built: 119697
Final coverage: mean=20.96; stdev=23.57; max=1461; n_reads=2441394(45.3%)
Calling consensus sequences and haplotypes for catalog assembly...
Writing tags, SNPs, and alleles files to '00_Data/05a_Stacks.denovo.ALL.M4n4/S_23_01815'...done.
ustacks is done.
