

-t gzfastq -f ./00_Data/03a_Demultiplex/S_23_01258.1.fq.gz -o 00_Data/05a_Stacks.denovo.ALL.M4n4/ -i 192 -m 3 --name S_23_01258 -M 4 -p 8


ustacks parameters selected:
  Input file: './00_Data/03a_Demultiplex/S_23_01258.1.fq.gz'
  Sample ID: 192
  Min depth of coverage to create a stack (m): 3
  Repeat removal algorithm: enabled
  Max distance allowed between stacks (M): 4
  Max distance allowed to align secondary reads: 6
  Max number of stacks allowed per de novo locus: 3
  Deleveraging algorithm: disabled
  Gapped assembly: enabled
  Minimum alignment length: 0.8
  Model type: SNP
  Alpha significance level for model: 0.05

Loading RAD-Tags...1M...2M...3M...4M...

Loaded 4234839 reads; formed:
  224335 stacks representing 3851507 primary reads (90.9%)
  340484 secondary stacks representing 383332 secondary reads (9.1%)

Stack coverage: mean=17.17; stdev=211.08; max=45973; n_reads=3851507(90.9%)
Removing repetitive stacks: cov > 651 (mean+3*stdev)...
  Blacklisted 10820 stacks.
Coverage after repeat removal: mean=12.83; stdev=22.10; max=650; n_reads=2739687(64.7%)

Assembling stacks (max. dist. M=4)...
  Assembled 213515 stacks into 145435; blacklisted 3235 stacks.
Coverage after assembling stacks: mean=12.51; stdev=13.62; max=643; n_reads=1775883(41.9%)

Merging secondary stacks (max. dist. N=6 from consensus)...
  Merged 161966 out of 383332 secondary reads (42.3%), 56103 merged with gapped alignments.
Coverage after merging secondary stacks: mean=13.65; stdev=16.06; max=2016; n_reads=1937849(45.8%)

Assembling stacks, allowing for gaps (min. match length 80.0%)...
  Assembled 145435 stacks into 138205 stacks.
Coverage after gapped assembly: mean=14.39; stdev=16.91; max=2016; n_reads=1937849(45.8%)

Merging secondary stacks, allowing for gaps (min. match length 80.0%)...
  Merged 42341 out of 221366 secondary reads (19.1%).
Coverage after merging gapped secondary stacks: mean=14.70; stdev=18.38; max=2297; n_reads=1980190(46.8%)

Final number of stacks built: 138205
Final coverage: mean=14.70; stdev=18.38; max=2297; n_reads=1980190(46.8%)
Calling consensus sequences and haplotypes for catalog assembly...
Writing tags, SNPs, and alleles files to '00_Data/05a_Stacks.denovo.ALL.M4n4/S_23_01258'...done.
ustacks is done.
