

-t gzfastq -f ./00_Data/03a_Demultiplex/S_23_01797.1.fq.gz -o 00_Data/05a_Stacks.denovo.ALL.M4n4/ -i 220 -m 3 --name S_23_01797 -M 4 -p 8


ustacks parameters selected:
  Input file: './00_Data/03a_Demultiplex/S_23_01797.1.fq.gz'
  Sample ID: 220
  Min depth of coverage to create a stack (m): 3
  Repeat removal algorithm: enabled
  Max distance allowed between stacks (M): 4
  Max distance allowed to align secondary reads: 6
  Max number of stacks allowed per de novo locus: 3
  Deleveraging algorithm: disabled
  Gapped assembly: enabled
  Minimum alignment length: 0.8
  Model type: SNP
  Alpha significance level for model: 0.05

Loading RAD-Tags...1M...2M...

Loaded 2815691 reads; formed:
  170898 stacks representing 2570396 primary reads (91.3%)
  215851 secondary stacks representing 245295 secondary reads (8.7%)

Stack coverage: mean=15.04; stdev=196.90; max=36555; n_reads=2570396(91.3%)
Removing repetitive stacks: cov > 606 (mean+3*stdev)...
  Blacklisted 7914 stacks.
Coverage after repeat removal: mean=11.01; stdev=20.07; max=605; n_reads=1795173(63.8%)

Assembling stacks (max. dist. M=4)...
  Assembled 162984 stacks into 110579; blacklisted 2468 stacks.
Coverage after assembling stacks: mean=10.58; stdev=11.94; max=604; n_reads=1141255(40.5%)

Merging secondary stacks (max. dist. N=6 from consensus)...
  Merged 100358 out of 245295 secondary reads (40.9%), 33730 merged with gapped alignments.
Coverage after merging secondary stacks: mean=11.51; stdev=13.50; max=694; n_reads=1241613(44.1%)

Assembling stacks, allowing for gaps (min. match length 80.0%)...
  Assembled 110579 stacks into 105741 stacks.
Coverage after gapped assembly: mean=12.05; stdev=14.15; max=694; n_reads=1241613(44.1%)

Merging secondary stacks, allowing for gaps (min. match length 80.0%)...
  Merged 27742 out of 144937 secondary reads (19.1%).
Coverage after merging gapped secondary stacks: mean=12.32; stdev=15.80; max=1586; n_reads=1269355(45.1%)

Final number of stacks built: 105741
Final coverage: mean=12.32; stdev=15.80; max=1586; n_reads=1269355(45.1%)
Calling consensus sequences and haplotypes for catalog assembly...
Writing tags, SNPs, and alleles files to '00_Data/05a_Stacks.denovo.ALL.M4n4/S_23_01797'...done.
ustacks is done.
