

-t gzfastq -f ./00_Data/03a_Demultiplex/S_23_01868.1.fq.gz -o 00_Data/05a_Stacks.denovo.ALL.M4n4/ -i 274 -m 3 --name S_23_01868 -M 4 -p 8


ustacks parameters selected:
  Input file: './00_Data/03a_Demultiplex/S_23_01868.1.fq.gz'
  Sample ID: 274
  Min depth of coverage to create a stack (m): 3
  Repeat removal algorithm: enabled
  Max distance allowed between stacks (M): 4
  Max distance allowed to align secondary reads: 6
  Max number of stacks allowed per de novo locus: 3
  Deleveraging algorithm: disabled
  Gapped assembly: enabled
  Minimum alignment length: 0.8
  Model type: SNP
  Alpha significance level for model: 0.05

Loading RAD-Tags...

Loaded 60325 reads; formed:
  3959 stacks representing 26304 primary reads (43.6%)
  28265 secondary stacks representing 34021 secondary reads (56.4%)

Stack coverage: mean=6.64; stdev=24.71; max=804; n_reads=26304(43.6%)
Removing repetitive stacks: cov > 81 (mean+3*stdev)...
  Blacklisted 267 stacks.
Coverage after repeat removal: mean=5.17; stdev=5.87; max=78; n_reads=19073(31.6%)

Assembling stacks (max. dist. M=4)...
  Assembled 3692 stacks into 2997; blacklisted 56 stacks.
Coverage after assembling stacks: mean=5.21; stdev=5.99; max=78; n_reads=15209(25.2%)

Merging secondary stacks (max. dist. N=6 from consensus)...
  Merged 5623 out of 34021 secondary reads (16.5%), 2460 merged with gapped alignments.
Coverage after merging secondary stacks: mean=7.14; stdev=16.35; max=486; n_reads=20832(34.5%)

Assembling stacks, allowing for gaps (min. match length 80.0%)...
  Assembled 2997 stacks into 2922 stacks.
Coverage after gapped assembly: mean=7.32; stdev=17.07; max=505; n_reads=20832(34.5%)

Merging secondary stacks, allowing for gaps (min. match length 80.0%)...
  Merged 1965 out of 28398 secondary reads (6.9%).
Coverage after merging gapped secondary stacks: mean=8.02; stdev=20.01; max=539; n_reads=22797(37.8%)

Final number of stacks built: 2922
Final coverage: mean=8.02; stdev=20.01; max=539; n_reads=22797(37.8%)
Calling consensus sequences and haplotypes for catalog assembly...
Writing tags, SNPs, and alleles files to '00_Data/05a_Stacks.denovo.ALL.M4n4/S_23_01868'...done.
ustacks is done.
