

-t gzfastq -f ./00_Data/03a_Demultiplex/S_23_02019.1.fq.gz -o 00_Data/05a_Stacks.denovo.ALL.M1n1/ -i 339 -m 3 --name S_23_02019 -M 1 -p 8


ustacks parameters selected:
  Input file: './00_Data/03a_Demultiplex/S_23_02019.1.fq.gz'
  Sample ID: 339
  Min depth of coverage to create a stack (m): 3
  Repeat removal algorithm: enabled
  Max distance allowed between stacks (M): 1
  Max distance allowed to align secondary reads: 3
  Max number of stacks allowed per de novo locus: 3
  Deleveraging algorithm: disabled
  Gapped assembly: enabled
  Minimum alignment length: 0.8
  Model type: SNP
  Alpha significance level for model: 0.05

Loading RAD-Tags...1M...2M...

Loaded 2262919 reads; formed:
  173261 stacks representing 2001197 primary reads (88.4%)
  222899 secondary stacks representing 261722 secondary reads (11.6%)

Stack coverage: mean=11.55; stdev=127.59; max=23055; n_reads=2001197(88.4%)
Removing repetitive stacks: cov > 395 (mean+3*stdev)...
  Blacklisted 7792 stacks.
Coverage after repeat removal: mean=8.68; stdev=14.16; max=395; n_reads=1437085(63.5%)

Assembling stacks (max. dist. M=1)...
  Assembled 165469 stacks into 142604; blacklisted 1460 stacks.
Coverage after assembling stacks: mean=8.46; stdev=9.72; max=410; n_reads=1191718(52.7%)

Merging secondary stacks (max. dist. N=3 from consensus)...
  Merged 83527 out of 261722 secondary reads (31.9%), 3368 merged with gapped alignments.
Coverage after merging secondary stacks: mean=9.05; stdev=10.21; max=452; n_reads=1275245(56.4%)

Assembling stacks, allowing for gaps (min. match length 80.0%)...
  Assembled 142604 stacks into 140383 stacks.
Coverage after gapped assembly: mean=9.20; stdev=10.38; max=452; n_reads=1275245(56.4%)

Merging secondary stacks, allowing for gaps (min. match length 80.0%)...
  Merged 9474 out of 178195 secondary reads (5.3%).
Coverage after merging gapped secondary stacks: mean=9.26; stdev=10.41; max=452; n_reads=1284719(56.8%)

Final number of stacks built: 140383
Final coverage: mean=9.26; stdev=10.41; max=452; n_reads=1284719(56.8%)
Calling consensus sequences and haplotypes for catalog assembly...
Writing tags, SNPs, and alleles files to '00_Data/05a_Stacks.denovo.ALL.M1n1/S_23_02019'...done.
ustacks is done.
