

-t gzfastq -f ./00_Data/03a_Demultiplex/S_23_02245.1.fq.gz -o 00_Data/05a_Stacks.denovo.ALL.M4n4/ -i 536 -m 3 --name S_23_02245 -M 4 -p 8


ustacks parameters selected:
  Input file: './00_Data/03a_Demultiplex/S_23_02245.1.fq.gz'
  Sample ID: 536
  Min depth of coverage to create a stack (m): 3
  Repeat removal algorithm: enabled
  Max distance allowed between stacks (M): 4
  Max distance allowed to align secondary reads: 6
  Max number of stacks allowed per de novo locus: 3
  Deleveraging algorithm: disabled
  Gapped assembly: enabled
  Minimum alignment length: 0.8
  Model type: SNP
  Alpha significance level for model: 0.05

Loading RAD-Tags...1M...2M...3M...4M...

Loaded 4421111 reads; formed:
  220777 stacks representing 4006720 primary reads (90.6%)
  369591 secondary stacks representing 414391 secondary reads (9.4%)

Stack coverage: mean=18.15; stdev=240.09; max=55082; n_reads=4006720(90.6%)
Removing repetitive stacks: cov > 739 (mean+3*stdev)...
  Blacklisted 10103 stacks.
Coverage after repeat removal: mean=13.52; stdev=24.29; max=738; n_reads=2847747(64.4%)

Assembling stacks (max. dist. M=4)...
  Assembled 210674 stacks into 142802; blacklisted 3207 stacks.
Coverage after assembling stacks: mean=13.12; stdev=14.27; max=644; n_reads=1828539(41.4%)

Merging secondary stacks (max. dist. N=6 from consensus)...
  Merged 164999 out of 414391 secondary reads (39.8%), 54660 merged with gapped alignments.
Coverage after merging secondary stacks: mean=14.31; stdev=16.16; max=1142; n_reads=1993538(45.1%)

Assembling stacks, allowing for gaps (min. match length 80.0%)...
  Assembled 142802 stacks into 135592 stacks.
Coverage after gapped assembly: mean=15.09; stdev=16.96; max=1142; n_reads=1993538(45.1%)

Merging secondary stacks, allowing for gaps (min. match length 80.0%)...
  Merged 43568 out of 249392 secondary reads (17.5%).
Coverage after merging gapped secondary stacks: mean=15.42; stdev=18.70; max=1452; n_reads=2037106(46.1%)

Final number of stacks built: 135592
Final coverage: mean=15.42; stdev=18.70; max=1452; n_reads=2037106(46.1%)
Calling consensus sequences and haplotypes for catalog assembly...
Writing tags, SNPs, and alleles files to '00_Data/05a_Stacks.denovo.ALL.M4n4/S_23_02245'...done.
ustacks is done.
