

-t gzfastq -f ./00_Data/03a_Demultiplex/S_23_02215.1.fq.gz -o 00_Data/05a_Stacks.denovo.ALL.M1n1/ -i 522 -m 3 --name S_23_02215 -M 1 -p 8


ustacks parameters selected:
  Input file: './00_Data/03a_Demultiplex/S_23_02215.1.fq.gz'
  Sample ID: 522
  Min depth of coverage to create a stack (m): 3
  Repeat removal algorithm: enabled
  Max distance allowed between stacks (M): 1
  Max distance allowed to align secondary reads: 3
  Max number of stacks allowed per de novo locus: 3
  Deleveraging algorithm: disabled
  Gapped assembly: enabled
  Minimum alignment length: 0.8
  Model type: SNP
  Alpha significance level for model: 0.05

Loading RAD-Tags...1M...

Loaded 1530917 reads; formed:
  134997 stacks representing 1302234 primary reads (85.1%)
  186366 secondary stacks representing 228683 secondary reads (14.9%)

Stack coverage: mean=9.65; stdev=95.46; max=15348; n_reads=1302234(85.1%)
Removing repetitive stacks: cov > 297 (mean+3*stdev)...
  Blacklisted 6356 stacks.
Coverage after repeat removal: mean=7.27; stdev=11.33; max=296; n_reads=934688(61.1%)

Assembling stacks (max. dist. M=1)...
  Assembled 128641 stacks into 111567; blacklisted 1192 stacks.
Coverage after assembling stacks: mean=6.99; stdev=7.94; max=309; n_reads=770510(50.3%)

Merging secondary stacks (max. dist. N=3 from consensus)...
  Merged 60937 out of 228683 secondary reads (26.6%), 2154 merged with gapped alignments.
Coverage after merging secondary stacks: mean=7.55; stdev=8.43; max=325; n_reads=831447(54.3%)

Assembling stacks, allowing for gaps (min. match length 80.0%)...
  Assembled 111567 stacks into 110039 stacks.
Coverage after gapped assembly: mean=7.65; stdev=8.59; max=325; n_reads=831447(54.3%)

Merging secondary stacks, allowing for gaps (min. match length 80.0%)...
  Merged 8187 out of 167746 secondary reads (4.9%).
Coverage after merging gapped secondary stacks: mean=7.73; stdev=8.65; max=326; n_reads=839634(54.8%)

Final number of stacks built: 110039
Final coverage: mean=7.73; stdev=8.65; max=326; n_reads=839634(54.8%)
Calling consensus sequences and haplotypes for catalog assembly...
Writing tags, SNPs, and alleles files to '00_Data/05a_Stacks.denovo.ALL.M1n1/S_23_02215'...done.
ustacks is done.
