

-t gzfastq -f ./00_Data/03a_Demultiplex/S_23_01922.1.fq.gz -o 00_Data/05a_Stacks.denovo.ALL.M4n4/ -i 312 -m 3 --name S_23_01922 -M 4 -p 8


ustacks parameters selected:
  Input file: './00_Data/03a_Demultiplex/S_23_01922.1.fq.gz'
  Sample ID: 312
  Min depth of coverage to create a stack (m): 3
  Repeat removal algorithm: enabled
  Max distance allowed between stacks (M): 4
  Max distance allowed to align secondary reads: 6
  Max number of stacks allowed per de novo locus: 3
  Deleveraging algorithm: disabled
  Gapped assembly: enabled
  Minimum alignment length: 0.8
  Model type: SNP
  Alpha significance level for model: 0.05

Loading RAD-Tags...1M...2M...3M...4M...5M...6M...7M...

Loaded 7396231 reads; formed:
  247656 stacks representing 6903078 primary reads (93.3%)
  444178 secondary stacks representing 493153 secondary reads (6.7%)

Stack coverage: mean=27.87; stdev=337.29; max=60665; n_reads=6903078(93.3%)
Removing repetitive stacks: cov > 1040 (mean+3*stdev)...
  Blacklisted 21115 stacks.
Coverage after repeat removal: mean=17.75; stdev=36.79; max=1029; n_reads=4020227(54.4%)

Assembling stacks (max. dist. M=4)...
  Assembled 226541 stacks into 150055; blacklisted 3599 stacks.
Coverage after assembling stacks: mean=16.36; stdev=17.02; max=874; n_reads=2388414(32.3%)

Merging secondary stacks (max. dist. N=6 from consensus)...
  Merged 219602 out of 493153 secondary reads (44.5%), 84850 merged with gapped alignments.
Coverage after merging secondary stacks: mean=17.86; stdev=20.08; max=1242; n_reads=2608016(35.3%)

Assembling stacks, allowing for gaps (min. match length 80.0%)...
  Assembled 150055 stacks into 142767 stacks.
Coverage after gapped assembly: mean=18.80; stdev=21.33; max=1242; n_reads=2608016(35.3%)

Merging secondary stacks, allowing for gaps (min. match length 80.0%)...
  Merged 66490 out of 273551 secondary reads (24.3%).
Coverage after merging gapped secondary stacks: mean=19.28; stdev=23.42; max=1244; n_reads=2674506(36.2%)

Final number of stacks built: 142767
Final coverage: mean=19.28; stdev=23.42; max=1244; n_reads=2674506(36.2%)
Calling consensus sequences and haplotypes for catalog assembly...
Writing tags, SNPs, and alleles files to '00_Data/05a_Stacks.denovo.ALL.M4n4/S_23_01922'...done.
ustacks is done.
