

-t gzfastq -f ./00_Data/03a_Demultiplex/S_23_02126.1.fq.gz -o 00_Data/05a_Stacks.denovo.ALL.M1n1/ -i 436 -m 3 --name S_23_02126 -M 1 -p 8


ustacks parameters selected:
  Input file: './00_Data/03a_Demultiplex/S_23_02126.1.fq.gz'
  Sample ID: 436
  Min depth of coverage to create a stack (m): 3
  Repeat removal algorithm: enabled
  Max distance allowed between stacks (M): 1
  Max distance allowed to align secondary reads: 3
  Max number of stacks allowed per de novo locus: 3
  Deleveraging algorithm: disabled
  Gapped assembly: enabled
  Minimum alignment length: 0.8
  Model type: SNP
  Alpha significance level for model: 0.05

Loading RAD-Tags...1M...2M...3M...

Loaded 3787714 reads; formed:
  192102 stacks representing 3468631 primary reads (91.6%)
  285614 secondary stacks representing 319083 secondary reads (8.4%)

Stack coverage: mean=18.06; stdev=232.87; max=47615; n_reads=3468631(91.6%)
Removing repetitive stacks: cov > 717 (mean+3*stdev)...
  Blacklisted 9417 stacks.
Coverage after repeat removal: mean=13.27; stdev=23.18; max=716; n_reads=2423475(64.0%)

Assembling stacks (max. dist. M=1)...
  Assembled 182685 stacks into 152183; blacklisted 1789 stacks.
Coverage after assembling stacks: mean=13.08; stdev=14.60; max=767; n_reads=1964531(51.9%)

Merging secondary stacks (max. dist. N=3 from consensus)...
  Merged 127993 out of 319083 secondary reads (40.1%), 5669 merged with gapped alignments.
Coverage after merging secondary stacks: mean=13.94; stdev=15.22; max=793; n_reads=2092524(55.2%)

Assembling stacks, allowing for gaps (min. match length 80.0%)...
  Assembled 152183 stacks into 149053 stacks.
Coverage after gapped assembly: mean=14.23; stdev=15.55; max=793; n_reads=2092524(55.2%)

Merging secondary stacks, allowing for gaps (min. match length 80.0%)...
  Merged 10615 out of 191090 secondary reads (5.6%).
Coverage after merging gapped secondary stacks: mean=14.30; stdev=15.58; max=793; n_reads=2103139(55.5%)

Final number of stacks built: 149053
Final coverage: mean=14.30; stdev=15.58; max=793; n_reads=2103139(55.5%)
Calling consensus sequences and haplotypes for catalog assembly...
Writing tags, SNPs, and alleles files to '00_Data/05a_Stacks.denovo.ALL.M1n1/S_23_02126'...done.
ustacks is done.
