

-t gzfastq -f ./00_Data/03a_Demultiplex/S_23_02113.1.fq.gz -o 00_Data/05a_Stacks.denovo.ALL.M1n1/ -i 422 -m 3 --name S_23_02113 -M 1 -p 8


ustacks parameters selected:
  Input file: './00_Data/03a_Demultiplex/S_23_02113.1.fq.gz'
  Sample ID: 422
  Min depth of coverage to create a stack (m): 3
  Repeat removal algorithm: enabled
  Max distance allowed between stacks (M): 1
  Max distance allowed to align secondary reads: 3
  Max number of stacks allowed per de novo locus: 3
  Deleveraging algorithm: disabled
  Gapped assembly: enabled
  Minimum alignment length: 0.8
  Model type: SNP
  Alpha significance level for model: 0.05

Loading RAD-Tags...1M...2M...3M...4M...5M...6M...7M...

Loaded 7568345 reads; formed:
  239403 stacks representing 7027022 primary reads (92.8%)
  495339 secondary stacks representing 541323 secondary reads (7.2%)

Stack coverage: mean=29.35; stdev=379.20; max=77284; n_reads=7027022(92.8%)
Removing repetitive stacks: cov > 1167 (mean+3*stdev)...
  Blacklisted 13099 stacks.
Coverage after repeat removal: mean=21.69; stdev=39.22; max=1162; n_reads=4908794(64.9%)

Assembling stacks (max. dist. M=1)...
  Assembled 226304 stacks into 185446; blacklisted 2401 stacks.
Coverage after assembling stacks: mean=21.45; stdev=24.32; max=1022; n_reads=3920563(51.8%)

Merging secondary stacks (max. dist. N=3 from consensus)...
  Merged 239178 out of 541323 secondary reads (44.2%), 10021 merged with gapped alignments.
Coverage after merging secondary stacks: mean=22.76; stdev=25.31; max=1069; n_reads=4159741(55.0%)

Assembling stacks, allowing for gaps (min. match length 80.0%)...
  Assembled 185446 stacks into 180895 stacks.
Coverage after gapped assembly: mean=23.34; stdev=25.85; max=1095; n_reads=4159741(55.0%)

Merging secondary stacks, allowing for gaps (min. match length 80.0%)...
  Merged 17017 out of 302145 secondary reads (5.6%).
Coverage after merging gapped secondary stacks: mean=23.44; stdev=25.87; max=1095; n_reads=4176758(55.2%)

Final number of stacks built: 180895
Final coverage: mean=23.44; stdev=25.87; max=1095; n_reads=4176758(55.2%)
Calling consensus sequences and haplotypes for catalog assembly...
Writing tags, SNPs, and alleles files to '00_Data/05a_Stacks.denovo.ALL.M1n1/S_23_02113'...done.
ustacks is done.
