

-t gzfastq -f ./00_Data/03a_Demultiplex/S_23_01106.1.fq.gz -o 00_Data/05a_Stacks.denovo.ALL.M4n4/ -i 84 -m 3 --name S_23_01106 -M 4 -p 8


ustacks parameters selected:
  Input file: './00_Data/03a_Demultiplex/S_23_01106.1.fq.gz'
  Sample ID: 84
  Min depth of coverage to create a stack (m): 3
  Repeat removal algorithm: enabled
  Max distance allowed between stacks (M): 4
  Max distance allowed to align secondary reads: 6
  Max number of stacks allowed per de novo locus: 3
  Deleveraging algorithm: disabled
  Gapped assembly: enabled
  Minimum alignment length: 0.8
  Model type: SNP
  Alpha significance level for model: 0.05

Loading RAD-Tags...1M...2M...3M...4M...

Loaded 4357481 reads; formed:
  218198 stacks representing 3999852 primary reads (91.8%)
  316672 secondary stacks representing 357629 secondary reads (8.2%)

Stack coverage: mean=18.33; stdev=235.56; max=53721; n_reads=3999852(91.8%)
Removing repetitive stacks: cov > 726 (mean+3*stdev)...
  Blacklisted 10365 stacks.
Coverage after repeat removal: mean=13.53; stdev=23.42; max=703; n_reads=2812965(64.6%)

Assembling stacks (max. dist. M=4)...
  Assembled 207833 stacks into 141445; blacklisted 3170 stacks.
Coverage after assembling stacks: mean=13.14; stdev=14.47; max=668; n_reads=1813024(41.6%)

Merging secondary stacks (max. dist. N=6 from consensus)...
  Merged 141662 out of 357629 secondary reads (39.6%), 46586 merged with gapped alignments.
Coverage after merging secondary stacks: mean=14.16; stdev=15.68; max=790; n_reads=1954686(44.9%)

Assembling stacks, allowing for gaps (min. match length 80.0%)...
  Assembled 141445 stacks into 134655 stacks.
Coverage after gapped assembly: mean=14.90; stdev=16.57; max=794; n_reads=1954686(44.9%)

Merging secondary stacks, allowing for gaps (min. match length 80.0%)...
  Merged 40377 out of 215967 secondary reads (18.7%).
Coverage after merging gapped secondary stacks: mean=15.20; stdev=17.67; max=796; n_reads=1995063(45.8%)

Final number of stacks built: 134655
Final coverage: mean=15.20; stdev=17.67; max=796; n_reads=1995063(45.8%)
Calling consensus sequences and haplotypes for catalog assembly...
Writing tags, SNPs, and alleles files to '00_Data/05a_Stacks.denovo.ALL.M4n4/S_23_01106'...done.
ustacks is done.
