

-t gzfastq -f ./00_Data/03a_Demultiplex/S_23_00988.1.fq.gz -o 00_Data/05a_Stacks.denovo.ALL.M4n4/ -i 10 -m 3 --name S_23_00988 -M 4 -p 8


ustacks parameters selected:
  Input file: './00_Data/03a_Demultiplex/S_23_00988.1.fq.gz'
  Sample ID: 10
  Min depth of coverage to create a stack (m): 3
  Repeat removal algorithm: enabled
  Max distance allowed between stacks (M): 4
  Max distance allowed to align secondary reads: 6
  Max number of stacks allowed per de novo locus: 3
  Deleveraging algorithm: disabled
  Gapped assembly: enabled
  Minimum alignment length: 0.8
  Model type: SNP
  Alpha significance level for model: 0.05

Loading RAD-Tags...1M...2M...3M...4M...

Loaded 4418716 reads; formed:
  232034 stacks representing 3994003 primary reads (90.4%)
  373587 secondary stacks representing 424713 secondary reads (9.6%)

Stack coverage: mean=17.21; stdev=212.06; max=45255; n_reads=3994003(90.4%)
Removing repetitive stacks: cov > 654 (mean+3*stdev)...
  Blacklisted 11428 stacks.
Coverage after repeat removal: mean=12.76; stdev=22.63; max=654; n_reads=2814250(63.7%)

Assembling stacks (max. dist. M=4)...
  Assembled 220606 stacks into 150849; blacklisted 3386 stacks.
Coverage after assembling stacks: mean=12.31; stdev=14.23; max=664; n_reads=1812154(41.0%)

Merging secondary stacks (max. dist. N=6 from consensus)...
  Merged 168264 out of 424713 secondary reads (39.6%), 57874 merged with gapped alignments.
Coverage after merging secondary stacks: mean=13.46; stdev=15.85; max=685; n_reads=1980418(44.8%)

Assembling stacks, allowing for gaps (min. match length 80.0%)...
  Assembled 150849 stacks into 143656 stacks.
Coverage after gapped assembly: mean=14.15; stdev=16.74; max=685; n_reads=1980418(44.8%)

Merging secondary stacks, allowing for gaps (min. match length 80.0%)...
  Merged 48079 out of 256449 secondary reads (18.7%).
Coverage after merging gapped secondary stacks: mean=14.49; stdev=18.57; max=1538; n_reads=2028497(45.9%)

Final number of stacks built: 143656
Final coverage: mean=14.49; stdev=18.57; max=1538; n_reads=2028497(45.9%)
Calling consensus sequences and haplotypes for catalog assembly...
Writing tags, SNPs, and alleles files to '00_Data/05a_Stacks.denovo.ALL.M4n4/S_23_00988'...done.
ustacks is done.
