

-t gzfastq -f ./00_Data/03a_Demultiplex/S_23_01174.1.fq.gz -o 00_Data/05a_Stacks.denovo.ALL.M1n1/ -i 137 -m 3 --name S_23_01174 -M 1 -p 8


ustacks parameters selected:
  Input file: './00_Data/03a_Demultiplex/S_23_01174.1.fq.gz'
  Sample ID: 137
  Min depth of coverage to create a stack (m): 3
  Repeat removal algorithm: enabled
  Max distance allowed between stacks (M): 1
  Max distance allowed to align secondary reads: 3
  Max number of stacks allowed per de novo locus: 3
  Deleveraging algorithm: disabled
  Gapped assembly: enabled
  Minimum alignment length: 0.8
  Model type: SNP
  Alpha significance level for model: 0.05

Loading RAD-Tags...1M...2M...3M...

Loaded 3214324 reads; formed:
  201606 stacks representing 2952725 primary reads (91.9%)
  230938 secondary stacks representing 261599 secondary reads (8.1%)

Stack coverage: mean=14.65; stdev=174.22; max=35621; n_reads=2952725(91.9%)
Removing repetitive stacks: cov > 538 (mean+3*stdev)...
  Blacklisted 9607 stacks.
Coverage after repeat removal: mean=11.00; stdev=18.57; max=536; n_reads=2112301(65.7%)

Assembling stacks (max. dist. M=1)...
  Assembled 191999 stacks into 162056; blacklisted 1774 stacks.
Coverage after assembling stacks: mean=10.77; stdev=12.22; max=702; n_reads=1723672(53.6%)

Merging secondary stacks (max. dist. N=3 from consensus)...
  Merged 106894 out of 261599 secondary reads (40.9%), 4688 merged with gapped alignments.
Coverage after merging secondary stacks: mean=11.44; stdev=12.74; max=750; n_reads=1830566(57.0%)

Assembling stacks, allowing for gaps (min. match length 80.0%)...
  Assembled 162056 stacks into 158871 stacks.
Coverage after gapped assembly: mean=11.67; stdev=13.00; max=750; n_reads=1830566(57.0%)

Merging secondary stacks, allowing for gaps (min. match length 80.0%)...
  Merged 10329 out of 154705 secondary reads (6.7%).
Coverage after merging gapped secondary stacks: mean=11.74; stdev=13.04; max=754; n_reads=1840895(57.3%)

Final number of stacks built: 158871
Final coverage: mean=11.74; stdev=13.04; max=754; n_reads=1840895(57.3%)
Calling consensus sequences and haplotypes for catalog assembly...
Writing tags, SNPs, and alleles files to '00_Data/05a_Stacks.denovo.ALL.M1n1/S_23_01174'...done.
ustacks is done.
