

-t gzfastq -f ./00_Data/03a_Demultiplex/S_23_02043.1.fq.gz -o 00_Data/05a_Stacks.denovo.ALL.M1n1/ -i 363 -m 3 --name S_23_02043 -M 1 -p 8


ustacks parameters selected:
  Input file: './00_Data/03a_Demultiplex/S_23_02043.1.fq.gz'
  Sample ID: 363
  Min depth of coverage to create a stack (m): 3
  Repeat removal algorithm: enabled
  Max distance allowed between stacks (M): 1
  Max distance allowed to align secondary reads: 3
  Max number of stacks allowed per de novo locus: 3
  Deleveraging algorithm: disabled
  Gapped assembly: enabled
  Minimum alignment length: 0.8
  Model type: SNP
  Alpha significance level for model: 0.05

Loading RAD-Tags...

Loaded 568170 reads; formed:
  54448 stacks representing 406694 primary reads (71.6%)
  126604 secondary stacks representing 161476 secondary reads (28.4%)

Stack coverage: mean=7.47; stdev=49.66; max=5137; n_reads=406694(71.6%)
Removing repetitive stacks: cov > 157 (mean+3*stdev)...
  Blacklisted 2807 stacks.
Coverage after repeat removal: mean=5.65; stdev=8.13; max=157; n_reads=291915(51.4%)

Assembling stacks (max. dist. M=1)...
  Assembled 51641 stacks into 45705; blacklisted 520 stacks.
Coverage after assembling stacks: mean=5.45; stdev=7.06; max=244; n_reads=245595(43.2%)

Merging secondary stacks (max. dist. N=3 from consensus)...
  Merged 27697 out of 161476 secondary reads (17.2%), 762 merged with gapped alignments.
Coverage after merging secondary stacks: mean=6.07; stdev=7.82; max=258; n_reads=273292(48.1%)

Assembling stacks, allowing for gaps (min. match length 80.0%)...
  Assembled 45705 stacks into 45256 stacks.
Coverage after gapped assembly: mean=6.13; stdev=7.96; max=264; n_reads=273292(48.1%)

Merging secondary stacks, allowing for gaps (min. match length 80.0%)...
  Merged 4424 out of 133779 secondary reads (3.3%).
Coverage after merging gapped secondary stacks: mean=6.23; stdev=8.05; max=264; n_reads=277716(48.9%)

Final number of stacks built: 45256
Final coverage: mean=6.23; stdev=8.05; max=264; n_reads=277716(48.9%)
Calling consensus sequences and haplotypes for catalog assembly...
Writing tags, SNPs, and alleles files to '00_Data/05a_Stacks.denovo.ALL.M1n1/S_23_02043'...done.
ustacks is done.
