

-t gzfastq -f ./00_Data/03a_Demultiplex/S_23_01926.1.fq.gz -o 00_Data/05a_Stacks.denovo.ALL.M4n4/ -i 316 -m 3 --name S_23_01926 -M 4 -p 8


ustacks parameters selected:
  Input file: './00_Data/03a_Demultiplex/S_23_01926.1.fq.gz'
  Sample ID: 316
  Min depth of coverage to create a stack (m): 3
  Repeat removal algorithm: enabled
  Max distance allowed between stacks (M): 4
  Max distance allowed to align secondary reads: 6
  Max number of stacks allowed per de novo locus: 3
  Deleveraging algorithm: disabled
  Gapped assembly: enabled
  Minimum alignment length: 0.8
  Model type: SNP
  Alpha significance level for model: 0.05

Loading RAD-Tags...1M...2M...3M...

Loaded 3584161 reads; formed:
  205987 stacks representing 3257047 primary reads (90.9%)
  288285 secondary stacks representing 327114 secondary reads (9.1%)

Stack coverage: mean=15.81; stdev=214.15; max=49128; n_reads=3257047(90.9%)
Removing repetitive stacks: cov > 659 (mean+3*stdev)...
  Blacklisted 9219 stacks.
Coverage after repeat removal: mean=11.75; stdev=21.23; max=657; n_reads=2312753(64.5%)

Assembling stacks (max. dist. M=4)...
  Assembled 196768 stacks into 134545; blacklisted 2965 stacks.
Coverage after assembling stacks: mean=11.30; stdev=12.62; max=703; n_reads=1483784(41.4%)

Merging secondary stacks (max. dist. N=6 from consensus)...
  Merged 133688 out of 327114 secondary reads (40.9%), 46076 merged with gapped alignments.
Coverage after merging secondary stacks: mean=12.31; stdev=15.69; max=2203; n_reads=1617472(45.1%)

Assembling stacks, allowing for gaps (min. match length 80.0%)...
  Assembled 134545 stacks into 128368 stacks.
Coverage after gapped assembly: mean=12.92; stdev=16.42; max=2203; n_reads=1617472(45.1%)

Merging secondary stacks, allowing for gaps (min. match length 80.0%)...
  Merged 35325 out of 193426 secondary reads (18.3%).
Coverage after merging gapped secondary stacks: mean=13.20; stdev=17.33; max=2217; n_reads=1652797(46.1%)

Final number of stacks built: 128368
Final coverage: mean=13.20; stdev=17.33; max=2217; n_reads=1652797(46.1%)
Calling consensus sequences and haplotypes for catalog assembly...
Writing tags, SNPs, and alleles files to '00_Data/05a_Stacks.denovo.ALL.M4n4/S_23_01926'...done.
ustacks is done.
