

-t gzfastq -f ./00_Data/03a_Demultiplex/S_23_01205.1.fq.gz -o 00_Data/05a_Stacks.denovo.ALL.M1n1/ -i 155 -m 3 --name S_23_01205 -M 1 -p 8


ustacks parameters selected:
  Input file: './00_Data/03a_Demultiplex/S_23_01205.1.fq.gz'
  Sample ID: 155
  Min depth of coverage to create a stack (m): 3
  Repeat removal algorithm: enabled
  Max distance allowed between stacks (M): 1
  Max distance allowed to align secondary reads: 3
  Max number of stacks allowed per de novo locus: 3
  Deleveraging algorithm: disabled
  Gapped assembly: enabled
  Minimum alignment length: 0.8
  Model type: SNP
  Alpha significance level for model: 0.05

Loading RAD-Tags...1M...2M...3M...

Loaded 3870037 reads; formed:
  203670 stacks representing 3546321 primary reads (91.6%)
  286227 secondary stacks representing 323716 secondary reads (8.4%)

Stack coverage: mean=17.41; stdev=216.48; max=49095; n_reads=3546321(91.6%)
Removing repetitive stacks: cov > 667 (mean+3*stdev)...
  Blacklisted 9134 stacks.
Coverage after repeat removal: mean=13.13; stdev=22.89; max=667; n_reads=2554499(66.0%)

Assembling stacks (max. dist. M=1)...
  Assembled 194536 stacks into 162658; blacklisted 1897 stacks.
Coverage after assembling stacks: mean=12.92; stdev=14.57; max=801; n_reads=2074164(53.6%)

Merging secondary stacks (max. dist. N=3 from consensus)...
  Merged 123216 out of 323716 secondary reads (38.1%), 5412 merged with gapped alignments.
Coverage after merging secondary stacks: mean=13.69; stdev=15.17; max=829; n_reads=2197380(56.8%)

Assembling stacks, allowing for gaps (min. match length 80.0%)...
  Assembled 162658 stacks into 159233 stacks.
Coverage after gapped assembly: mean=13.99; stdev=15.49; max=829; n_reads=2197380(56.8%)

Merging secondary stacks, allowing for gaps (min. match length 80.0%)...
  Merged 11217 out of 200500 secondary reads (5.6%).
Coverage after merging gapped secondary stacks: mean=14.06; stdev=15.51; max=829; n_reads=2208597(57.1%)

Final number of stacks built: 159233
Final coverage: mean=14.06; stdev=15.51; max=829; n_reads=2208597(57.1%)
Calling consensus sequences and haplotypes for catalog assembly...
Writing tags, SNPs, and alleles files to '00_Data/05a_Stacks.denovo.ALL.M1n1/S_23_01205'...done.
ustacks is done.
