

-t gzfastq -f ./00_Data/03a_Demultiplex/S_23_02106.1.fq.gz -o 00_Data/05a_Stacks.denovo.ALL.M4n4/ -i 415 -m 3 --name S_23_02106 -M 4 -p 8


ustacks parameters selected:
  Input file: './00_Data/03a_Demultiplex/S_23_02106.1.fq.gz'
  Sample ID: 415
  Min depth of coverage to create a stack (m): 3
  Repeat removal algorithm: enabled
  Max distance allowed between stacks (M): 4
  Max distance allowed to align secondary reads: 6
  Max number of stacks allowed per de novo locus: 3
  Deleveraging algorithm: disabled
  Gapped assembly: enabled
  Minimum alignment length: 0.8
  Model type: SNP
  Alpha significance level for model: 0.05

Loading RAD-Tags...1M...2M...3M...4M...

Loaded 4691730 reads; formed:
  230488 stacks representing 4290320 primary reads (91.4%)
  355889 secondary stacks representing 401410 secondary reads (8.6%)

Stack coverage: mean=18.61; stdev=228.29; max=47948; n_reads=4290320(91.4%)
Removing repetitive stacks: cov > 704 (mean+3*stdev)...
  Blacklisted 11699 stacks.
Coverage after repeat removal: mean=13.69; stdev=24.53; max=699; n_reads=2994571(63.8%)

Assembling stacks (max. dist. M=4)...
  Assembled 218789 stacks into 148478; blacklisted 3355 stacks.
Coverage after assembling stacks: mean=13.28; stdev=15.84; max=694; n_reads=1923102(41.0%)

Merging secondary stacks (max. dist. N=6 from consensus)...
  Merged 170967 out of 401410 secondary reads (42.6%), 58195 merged with gapped alignments.
Coverage after merging secondary stacks: mean=14.46; stdev=17.64; max=737; n_reads=2094069(44.6%)

Assembling stacks, allowing for gaps (min. match length 80.0%)...
  Assembled 148478 stacks into 141047 stacks.
Coverage after gapped assembly: mean=15.24; stdev=18.60; max=737; n_reads=2094069(44.6%)

Merging secondary stacks, allowing for gaps (min. match length 80.0%)...
  Merged 45770 out of 230443 secondary reads (19.9%).
Coverage after merging gapped secondary stacks: mean=15.57; stdev=19.66; max=852; n_reads=2139839(45.6%)

Final number of stacks built: 141047
Final coverage: mean=15.57; stdev=19.66; max=852; n_reads=2139839(45.6%)
Calling consensus sequences and haplotypes for catalog assembly...
Writing tags, SNPs, and alleles files to '00_Data/05a_Stacks.denovo.ALL.M4n4/S_23_02106'...done.
ustacks is done.
