

-t gzfastq -f ./00_Data/03a_Demultiplex/S_23_01176.1.fq.gz -o 00_Data/05a_Stacks.denovo.ALL.M1n1/ -i 139 -m 3 --name S_23_01176 -M 1 -p 8


ustacks parameters selected:
  Input file: './00_Data/03a_Demultiplex/S_23_01176.1.fq.gz'
  Sample ID: 139
  Min depth of coverage to create a stack (m): 3
  Repeat removal algorithm: enabled
  Max distance allowed between stacks (M): 1
  Max distance allowed to align secondary reads: 3
  Max number of stacks allowed per de novo locus: 3
  Deleveraging algorithm: disabled
  Gapped assembly: enabled
  Minimum alignment length: 0.8
  Model type: SNP
  Alpha significance level for model: 0.05

Loading RAD-Tags...1M...2M...

Loaded 2811808 reads; formed:
  195454 stacks representing 2490552 primary reads (88.6%)
  276909 secondary stacks representing 321256 secondary reads (11.4%)

Stack coverage: mean=12.74; stdev=153.61; max=31883; n_reads=2490552(88.6%)
Removing repetitive stacks: cov > 474 (mean+3*stdev)...
  Blacklisted 9054 stacks.
Coverage after repeat removal: mean=9.52; stdev=16.36; max=473; n_reads=1775362(63.1%)

Assembling stacks (max. dist. M=1)...
  Assembled 186400 stacks into 157615; blacklisted 1841 stacks.
Coverage after assembling stacks: mean=9.24; stdev=10.39; max=460; n_reads=1436509(51.1%)

Merging secondary stacks (max. dist. N=3 from consensus)...
  Merged 112933 out of 321256 secondary reads (35.2%), 4791 merged with gapped alignments.
Coverage after merging secondary stacks: mean=9.96; stdev=10.98; max=481; n_reads=1549442(55.1%)

Assembling stacks, allowing for gaps (min. match length 80.0%)...
  Assembled 157615 stacks into 154792 stacks.
Coverage after gapped assembly: mean=10.15; stdev=11.19; max=481; n_reads=1549442(55.1%)

Merging secondary stacks, allowing for gaps (min. match length 80.0%)...
  Merged 13519 out of 208323 secondary reads (6.5%).
Coverage after merging gapped secondary stacks: mean=10.24; stdev=11.23; max=481; n_reads=1562961(55.6%)

Final number of stacks built: 154792
Final coverage: mean=10.24; stdev=11.23; max=481; n_reads=1562961(55.6%)
Calling consensus sequences and haplotypes for catalog assembly...
Writing tags, SNPs, and alleles files to '00_Data/05a_Stacks.denovo.ALL.M1n1/S_23_01176'...done.
ustacks is done.
