

-t gzfastq -f ./00_Data/03a_Demultiplex/S_23_01868.1.fq.gz -o 00_Data/05a_Stacks.denovo.ALL.M1n1/ -i 274 -m 3 --name S_23_01868 -M 1 -p 8


ustacks parameters selected:
  Input file: './00_Data/03a_Demultiplex/S_23_01868.1.fq.gz'
  Sample ID: 274
  Min depth of coverage to create a stack (m): 3
  Repeat removal algorithm: enabled
  Max distance allowed between stacks (M): 1
  Max distance allowed to align secondary reads: 3
  Max number of stacks allowed per de novo locus: 3
  Deleveraging algorithm: disabled
  Gapped assembly: enabled
  Minimum alignment length: 0.8
  Model type: SNP
  Alpha significance level for model: 0.05

Loading RAD-Tags...

Loaded 60325 reads; formed:
  3959 stacks representing 26304 primary reads (43.6%)
  28265 secondary stacks representing 34021 secondary reads (56.4%)

Stack coverage: mean=6.64; stdev=24.71; max=804; n_reads=26304(43.6%)
Removing repetitive stacks: cov > 81 (mean+3*stdev)...
  Blacklisted 267 stacks.
Coverage after repeat removal: mean=5.17; stdev=5.87; max=78; n_reads=19073(31.6%)

Assembling stacks (max. dist. M=1)...
  Assembled 3692 stacks into 3311; blacklisted 42 stacks.
Coverage after assembling stacks: mean=5.08; stdev=5.86; max=78; n_reads=16489(27.3%)

Merging secondary stacks (max. dist. N=3 from consensus)...
  Merged 3547 out of 34021 secondary reads (10.4%), 74 merged with gapped alignments.
Coverage after merging secondary stacks: mean=6.17; stdev=7.48; max=97; n_reads=20036(33.2%)

Assembling stacks, allowing for gaps (min. match length 80.0%)...
  Assembled 3311 stacks into 3287 stacks.
Coverage after gapped assembly: mean=6.22; stdev=7.62; max=97; n_reads=20036(33.2%)

Merging secondary stacks, allowing for gaps (min. match length 80.0%)...
  Merged 454 out of 30474 secondary reads (1.5%).
Coverage after merging gapped secondary stacks: mean=6.36; stdev=7.86; max=99; n_reads=20490(34.0%)

Final number of stacks built: 3287
Final coverage: mean=6.36; stdev=7.86; max=99; n_reads=20490(34.0%)
Calling consensus sequences and haplotypes for catalog assembly...
Writing tags, SNPs, and alleles files to '00_Data/05a_Stacks.denovo.ALL.M1n1/S_23_01868'...done.
ustacks is done.
