

-t gzfastq -f ./00_Data/03a_Demultiplex/S_23_02005.1.fq.gz -o 00_Data/05a_Stacks.denovo.ALL.M1n1/ -i 325 -m 3 --name S_23_02005 -M 1 -p 8


ustacks parameters selected:
  Input file: './00_Data/03a_Demultiplex/S_23_02005.1.fq.gz'
  Sample ID: 325
  Min depth of coverage to create a stack (m): 3
  Repeat removal algorithm: enabled
  Max distance allowed between stacks (M): 1
  Max distance allowed to align secondary reads: 3
  Max number of stacks allowed per de novo locus: 3
  Deleveraging algorithm: disabled
  Gapped assembly: enabled
  Minimum alignment length: 0.8
  Model type: SNP
  Alpha significance level for model: 0.05

Loading RAD-Tags...1M...2M...3M...4M...5M...

Loaded 5314141 reads; formed:
  211775 stacks representing 4986348 primary reads (93.8%)
  297365 secondary stacks representing 327793 secondary reads (6.2%)

Stack coverage: mean=23.55; stdev=294.60; max=64476; n_reads=4986348(93.8%)
Removing repetitive stacks: cov > 908 (mean+3*stdev)...
  Blacklisted 9900 stacks.
Coverage after repeat removal: mean=17.64; stdev=30.59; max=906; n_reads=3560166(67.0%)

Assembling stacks (max. dist. M=1)...
  Assembled 201875 stacks into 166533; blacklisted 2023 stacks.
Coverage after assembling stacks: mean=17.48; stdev=19.31; max=836; n_reads=2870501(54.0%)

Merging secondary stacks (max. dist. N=3 from consensus)...
  Merged 146929 out of 327793 secondary reads (44.8%), 6460 merged with gapped alignments.
Coverage after merging secondary stacks: mean=18.37; stdev=19.92; max=881; n_reads=3017430(56.8%)

Assembling stacks, allowing for gaps (min. match length 80.0%)...
  Assembled 166533 stacks into 162615 stacks.
Coverage after gapped assembly: mean=18.82; stdev=20.33; max=881; n_reads=3017430(56.8%)

Merging secondary stacks, allowing for gaps (min. match length 80.0%)...
  Merged 10921 out of 180864 secondary reads (6.0%).
Coverage after merging gapped secondary stacks: mean=18.89; stdev=20.36; max=881; n_reads=3028351(57.0%)

Final number of stacks built: 162615
Final coverage: mean=18.89; stdev=20.36; max=881; n_reads=3028351(57.0%)
Calling consensus sequences and haplotypes for catalog assembly...
Writing tags, SNPs, and alleles files to '00_Data/05a_Stacks.denovo.ALL.M1n1/S_23_02005'...done.
ustacks is done.
