

-t gzfastq -f ./00_Data/03a_Demultiplex/S_23_02239.1.fq.gz -o 00_Data/05a_Stacks.denovo.ALL.M4n4/ -i 529 -m 3 --name S_23_02239 -M 4 -p 8


ustacks parameters selected:
  Input file: './00_Data/03a_Demultiplex/S_23_02239.1.fq.gz'
  Sample ID: 529
  Min depth of coverage to create a stack (m): 3
  Repeat removal algorithm: enabled
  Max distance allowed between stacks (M): 4
  Max distance allowed to align secondary reads: 6
  Max number of stacks allowed per de novo locus: 3
  Deleveraging algorithm: disabled
  Gapped assembly: enabled
  Minimum alignment length: 0.8
  Model type: SNP
  Alpha significance level for model: 0.05

Loading RAD-Tags...1M...2M...

Loaded 2875055 reads; formed:
  196276 stacks representing 2595605 primary reads (90.3%)
  241636 secondary stacks representing 279450 secondary reads (9.7%)

Stack coverage: mean=13.22; stdev=159.05; max=33190; n_reads=2595605(90.3%)
Removing repetitive stacks: cov > 491 (mean+3*stdev)...
  Blacklisted 8890 stacks.
Coverage after repeat removal: mean=9.88; stdev=17.14; max=488; n_reads=1851334(64.4%)

Assembling stacks (max. dist. M=4)...
  Assembled 187386 stacks into 129190; blacklisted 2754 stacks.
Coverage after assembling stacks: mean=9.52; stdev=10.36; max=478; n_reads=1200837(41.8%)

Merging secondary stacks (max. dist. N=6 from consensus)...
  Merged 108268 out of 279450 secondary reads (38.7%), 36639 merged with gapped alignments.
Coverage after merging secondary stacks: mean=10.37; stdev=12.07; max=1055; n_reads=1309105(45.5%)

Assembling stacks, allowing for gaps (min. match length 80.0%)...
  Assembled 129190 stacks into 123769 stacks.
Coverage after gapped assembly: mean=10.84; stdev=12.67; max=1055; n_reads=1309105(45.5%)

Merging secondary stacks, allowing for gaps (min. match length 80.0%)...
  Merged 31025 out of 171182 secondary reads (18.1%).
Coverage after merging gapped secondary stacks: mean=11.10; stdev=13.68; max=1177; n_reads=1340130(46.6%)

Final number of stacks built: 123769
Final coverage: mean=11.10; stdev=13.68; max=1177; n_reads=1340130(46.6%)
Calling consensus sequences and haplotypes for catalog assembly...
Writing tags, SNPs, and alleles files to '00_Data/05a_Stacks.denovo.ALL.M4n4/S_23_02239'...done.
ustacks is done.
