

-t gzfastq -f ./00_Data/03a_Demultiplex/S_23_01219.1.fq.gz -o 00_Data/05a_Stacks.denovo.ALL.M1n1/ -i 169 -m 3 --name S_23_01219 -M 1 -p 8


ustacks parameters selected:
  Input file: './00_Data/03a_Demultiplex/S_23_01219.1.fq.gz'
  Sample ID: 169
  Min depth of coverage to create a stack (m): 3
  Repeat removal algorithm: enabled
  Max distance allowed between stacks (M): 1
  Max distance allowed to align secondary reads: 3
  Max number of stacks allowed per de novo locus: 3
  Deleveraging algorithm: disabled
  Gapped assembly: enabled
  Minimum alignment length: 0.8
  Model type: SNP
  Alpha significance level for model: 0.05

Loading RAD-Tags...1M...2M...

Loaded 2394809 reads; formed:
  153210 stacks representing 1854566 primary reads (77.4%)
  494403 secondary stacks representing 540243 secondary reads (22.6%)

Stack coverage: mean=12.10; stdev=148.60; max=29242; n_reads=1854566(77.4%)
Removing repetitive stacks: cov > 458 (mean+3*stdev)...
  Blacklisted 8749 stacks.
Coverage after repeat removal: mean=8.83; stdev=15.92; max=458; n_reads=1275210(53.2%)

Assembling stacks (max. dist. M=1)...
  Assembled 144461 stacks into 117598; blacklisted 1663 stacks.
Coverage after assembling stacks: mean=8.46; stdev=7.98; max=385; n_reads=979729(40.9%)

Merging secondary stacks (max. dist. N=3 from consensus)...
  Merged 251256 out of 540243 secondary reads (46.5%), 8157 merged with gapped alignments.
Coverage after merging secondary stacks: mean=10.63; stdev=9.15; max=421; n_reads=1230985(51.4%)

Assembling stacks, allowing for gaps (min. match length 80.0%)...
  Assembled 117598 stacks into 115807 stacks.
Coverage after gapped assembly: mean=10.80; stdev=9.32; max=421; n_reads=1230985(51.4%)

Merging secondary stacks, allowing for gaps (min. match length 80.0%)...
  Merged 12124 out of 288987 secondary reads (4.2%).
Coverage after merging gapped secondary stacks: mean=10.91; stdev=9.40; max=423; n_reads=1243109(51.9%)

Final number of stacks built: 115807
Final coverage: mean=10.91; stdev=9.40; max=423; n_reads=1243109(51.9%)
Calling consensus sequences and haplotypes for catalog assembly...
Writing tags, SNPs, and alleles files to '00_Data/05a_Stacks.denovo.ALL.M1n1/S_23_01219'...done.
ustacks is done.
