

-t gzfastq -f ./00_Data/03a_Demultiplex/S_23_00987.1.fq.gz -o 00_Data/05a_Stacks.denovo.ALL.M1n1/ -i 9 -m 3 --name S_23_00987 -M 1 -p 8


ustacks parameters selected:
  Input file: './00_Data/03a_Demultiplex/S_23_00987.1.fq.gz'
  Sample ID: 9
  Min depth of coverage to create a stack (m): 3
  Repeat removal algorithm: enabled
  Max distance allowed between stacks (M): 1
  Max distance allowed to align secondary reads: 3
  Max number of stacks allowed per de novo locus: 3
  Deleveraging algorithm: disabled
  Gapped assembly: enabled
  Minimum alignment length: 0.8
  Model type: SNP
  Alpha significance level for model: 0.05

Loading RAD-Tags...1M...2M...3M...

Loaded 3210847 reads; formed:
  190698 stacks representing 2947419 primary reads (91.8%)
  229806 secondary stacks representing 263428 secondary reads (8.2%)

Stack coverage: mean=15.46; stdev=161.39; max=25445; n_reads=2947419(91.8%)
Removing repetitive stacks: cov > 500 (mean+3*stdev)...
  Blacklisted 9214 stacks.
Coverage after repeat removal: mean=11.59; stdev=18.56; max=499; n_reads=2104254(65.5%)

Assembling stacks (max. dist. M=1)...
  Assembled 181484 stacks into 153142; blacklisted 1758 stacks.
Coverage after assembling stacks: mean=11.40; stdev=12.81; max=491; n_reads=1722030(53.6%)

Merging secondary stacks (max. dist. N=3 from consensus)...
  Merged 106528 out of 263428 secondary reads (40.4%), 4459 merged with gapped alignments.
Coverage after merging secondary stacks: mean=12.10; stdev=13.35; max=507; n_reads=1828558(56.9%)

Assembling stacks, allowing for gaps (min. match length 80.0%)...
  Assembled 153142 stacks into 150126 stacks.
Coverage after gapped assembly: mean=12.35; stdev=13.60; max=507; n_reads=1828558(56.9%)

Merging secondary stacks, allowing for gaps (min. match length 80.0%)...
  Merged 10233 out of 156900 secondary reads (6.5%).
Coverage after merging gapped secondary stacks: mean=12.42; stdev=13.63; max=507; n_reads=1838791(57.3%)

Final number of stacks built: 150126
Final coverage: mean=12.42; stdev=13.63; max=507; n_reads=1838791(57.3%)
Calling consensus sequences and haplotypes for catalog assembly...
Writing tags, SNPs, and alleles files to '00_Data/05a_Stacks.denovo.ALL.M1n1/S_23_00987'...done.
ustacks is done.
