

-t gzfastq -f ./00_Data/03a_Demultiplex/S_23_02242.1.fq.gz -o 00_Data/05a_Stacks.denovo.ALL.M4n4/ -i 532 -m 3 --name S_23_02242 -M 4 -p 8


ustacks parameters selected:
  Input file: './00_Data/03a_Demultiplex/S_23_02242.1.fq.gz'
  Sample ID: 532
  Min depth of coverage to create a stack (m): 3
  Repeat removal algorithm: enabled
  Max distance allowed between stacks (M): 4
  Max distance allowed to align secondary reads: 6
  Max number of stacks allowed per de novo locus: 3
  Deleveraging algorithm: disabled
  Gapped assembly: enabled
  Minimum alignment length: 0.8
  Model type: SNP
  Alpha significance level for model: 0.05

Loading RAD-Tags...1M...

Loaded 1308935 reads; formed:
  111428 stacks representing 1068716 primary reads (81.6%)
  197335 secondary stacks representing 240219 secondary reads (18.4%)

Stack coverage: mean=9.59; stdev=110.09; max=19701; n_reads=1068716(81.6%)
Removing repetitive stacks: cov > 340 (mean+3*stdev)...
  Blacklisted 4878 stacks.
Coverage after repeat removal: mean=7.17; stdev=12.88; max=340; n_reads=764290(58.4%)

Assembling stacks (max. dist. M=4)...
  Assembled 106550 stacks into 75170; blacklisted 1604 stacks.
Coverage after assembling stacks: mean=6.72; stdev=8.67; max=337; n_reads=493103(37.7%)

Merging secondary stacks (max. dist. N=6 from consensus)...
  Merged 62436 out of 240219 secondary reads (26.0%), 23350 merged with gapped alignments.
Coverage after merging secondary stacks: mean=7.57; stdev=11.05; max=1058; n_reads=555539(42.4%)

Assembling stacks, allowing for gaps (min. match length 80.0%)...
  Assembled 75170 stacks into 72810 stacks.
Coverage after gapped assembly: mean=7.82; stdev=11.50; max=1058; n_reads=555539(42.4%)

Merging secondary stacks, allowing for gaps (min. match length 80.0%)...
  Merged 23815 out of 177783 secondary reads (13.4%).
Coverage after merging gapped secondary stacks: mean=8.15; stdev=14.03; max=1330; n_reads=579354(44.3%)

Final number of stacks built: 72810
Final coverage: mean=8.15; stdev=14.03; max=1330; n_reads=579354(44.3%)
Calling consensus sequences and haplotypes for catalog assembly...
Writing tags, SNPs, and alleles files to '00_Data/05a_Stacks.denovo.ALL.M4n4/S_23_02242'...done.
ustacks is done.
