

-t gzfastq -f ./00_Data/03a_Demultiplex/S_23_01196_rep.1.fq.gz -o 00_Data/05a_Stacks.denovo.ALL.M4n4/ -i 145 -m 3 --name S_23_01196_rep -M 4 -p 8


ustacks parameters selected:
  Input file: './00_Data/03a_Demultiplex/S_23_01196_rep.1.fq.gz'
  Sample ID: 145
  Min depth of coverage to create a stack (m): 3
  Repeat removal algorithm: enabled
  Max distance allowed between stacks (M): 4
  Max distance allowed to align secondary reads: 6
  Max number of stacks allowed per de novo locus: 3
  Deleveraging algorithm: disabled
  Gapped assembly: enabled
  Minimum alignment length: 0.8
  Model type: SNP
  Alpha significance level for model: 0.05

Loading RAD-Tags...1M...2M...3M...4M...5M...6M...

Loaded 6968093 reads; formed:
  225830 stacks representing 6523516 primary reads (93.6%)
  404020 secondary stacks representing 444577 secondary reads (6.4%)

Stack coverage: mean=28.89; stdev=400.41; max=99377; n_reads=6523516(93.6%)
Removing repetitive stacks: cov > 1231 (mean+3*stdev)...
  Blacklisted 10574 stacks.
Coverage after repeat removal: mean=21.61; stdev=39.86; max=1229; n_reads=4651187(66.7%)

Assembling stacks (max. dist. M=4)...
  Assembled 215256 stacks into 143303; blacklisted 3322 stacks.
Coverage after assembling stacks: mean=21.23; stdev=23.84; max=1049; n_reads=2965923(42.6%)

Merging secondary stacks (max. dist. N=6 from consensus)...
  Merged 210984 out of 444577 secondary reads (47.5%), 69339 merged with gapped alignments.
Coverage after merging secondary stacks: mean=22.73; stdev=27.67; max=3880; n_reads=3176907(45.6%)

Assembling stacks, allowing for gaps (min. match length 80.0%)...
  Assembled 143303 stacks into 135507 stacks.
Coverage after gapped assembly: mean=24.08; stdev=29.08; max=3880; n_reads=3176907(45.6%)

Merging secondary stacks, allowing for gaps (min. match length 80.0%)...
  Merged 51574 out of 233593 secondary reads (22.1%).
Coverage after merging gapped secondary stacks: mean=24.47; stdev=30.51; max=3880; n_reads=3228481(46.3%)

Final number of stacks built: 135507
Final coverage: mean=24.47; stdev=30.51; max=3880; n_reads=3228481(46.3%)
Calling consensus sequences and haplotypes for catalog assembly...
Writing tags, SNPs, and alleles files to '00_Data/05a_Stacks.denovo.ALL.M4n4/S_23_01196_rep'...done.
ustacks is done.
