

-t gzfastq -f ./00_Data/03a_Demultiplex/S_23_01193.1.fq.gz -o 00_Data/05a_Stacks.denovo.ALL.M1n1/ -i 142 -m 3 --name S_23_01193 -M 1 -p 8


ustacks parameters selected:
  Input file: './00_Data/03a_Demultiplex/S_23_01193.1.fq.gz'
  Sample ID: 142
  Min depth of coverage to create a stack (m): 3
  Repeat removal algorithm: enabled
  Max distance allowed between stacks (M): 1
  Max distance allowed to align secondary reads: 3
  Max number of stacks allowed per de novo locus: 3
  Deleveraging algorithm: disabled
  Gapped assembly: enabled
  Minimum alignment length: 0.8
  Model type: SNP
  Alpha significance level for model: 0.05

Loading RAD-Tags...1M...2M...

Loaded 2927990 reads; formed:
  171853 stacks representing 2685633 primary reads (91.7%)
  215133 secondary stacks representing 242357 secondary reads (8.3%)

Stack coverage: mean=15.63; stdev=206.19; max=39417; n_reads=2685633(91.7%)
Removing repetitive stacks: cov > 635 (mean+3*stdev)...
  Blacklisted 7921 stacks.
Coverage after repeat removal: mean=11.43; stdev=20.27; max=633; n_reads=1873525(64.0%)

Assembling stacks (max. dist. M=1)...
  Assembled 163932 stacks into 137409; blacklisted 1556 stacks.
Coverage after assembling stacks: mean=11.14; stdev=12.60; max=784; n_reads=1510857(51.6%)

Merging secondary stacks (max. dist. N=3 from consensus)...
  Merged 99587 out of 242357 secondary reads (41.1%), 4503 merged with gapped alignments.
Coverage after merging secondary stacks: mean=11.87; stdev=13.16; max=814; n_reads=1610444(55.0%)

Assembling stacks, allowing for gaps (min. match length 80.0%)...
  Assembled 137409 stacks into 134805 stacks.
Coverage after gapped assembly: mean=12.10; stdev=13.41; max=814; n_reads=1610444(55.0%)

Merging secondary stacks, allowing for gaps (min. match length 80.0%)...
  Merged 9096 out of 142770 secondary reads (6.4%).
Coverage after merging gapped secondary stacks: mean=12.17; stdev=13.45; max=814; n_reads=1619540(55.3%)

Final number of stacks built: 134805
Final coverage: mean=12.17; stdev=13.45; max=814; n_reads=1619540(55.3%)
Calling consensus sequences and haplotypes for catalog assembly...
Writing tags, SNPs, and alleles files to '00_Data/05a_Stacks.denovo.ALL.M1n1/S_23_01193'...done.
ustacks is done.
