

-t gzfastq -f ./00_Data/03a_Demultiplex/S_23_02060.1.fq.gz -o 00_Data/05a_Stacks.denovo.ALL.M1n1/ -i 380 -m 3 --name S_23_02060 -M 1 -p 8


ustacks parameters selected:
  Input file: './00_Data/03a_Demultiplex/S_23_02060.1.fq.gz'
  Sample ID: 380
  Min depth of coverage to create a stack (m): 3
  Repeat removal algorithm: enabled
  Max distance allowed between stacks (M): 1
  Max distance allowed to align secondary reads: 3
  Max number of stacks allowed per de novo locus: 3
  Deleveraging algorithm: disabled
  Gapped assembly: enabled
  Minimum alignment length: 0.8
  Model type: SNP
  Alpha significance level for model: 0.05

Loading RAD-Tags...

Loaded 20221 reads; formed:
  1112 stacks representing 6338 primary reads (31.3%)
  11959 secondary stacks representing 13883 secondary reads (68.7%)

Stack coverage: mean=5.70; stdev=10.26; max=164; n_reads=6338(31.3%)
Removing repetitive stacks: cov > 37 (mean+3*stdev)...
  Blacklisted 51 stacks.
Coverage after repeat removal: mean=4.59; stdev=3.51; max=37; n_reads=4875(24.1%)

Assembling stacks (max. dist. M=1)...
  Assembled 1061 stacks into 988; blacklisted 5 stacks.
Coverage after assembling stacks: mean=4.76; stdev=3.99; max=50; n_reads=4602(22.8%)

Merging secondary stacks (max. dist. N=3 from consensus)...
  Merged 1128 out of 13883 secondary reads (8.1%), 27 merged with gapped alignments.
Coverage after merging secondary stacks: mean=5.93; stdev=6.50; max=85; n_reads=5730(28.3%)

Assembling stacks, allowing for gaps (min. match length 80.0%)...
  Assembled 988 stacks into 977 stacks.
Coverage after gapped assembly: mean=5.99; stdev=7.04; max=104; n_reads=5730(28.3%)

Merging secondary stacks, allowing for gaps (min. match length 80.0%)...
  Merged 156 out of 12755 secondary reads (1.2%).
Coverage after merging gapped secondary stacks: mean=6.16; stdev=7.51; max=113; n_reads=5886(29.1%)

Final number of stacks built: 977
Final coverage: mean=6.16; stdev=7.51; max=113; n_reads=5886(29.1%)
Calling consensus sequences and haplotypes for catalog assembly...
Writing tags, SNPs, and alleles files to '00_Data/05a_Stacks.denovo.ALL.M1n1/S_23_02060'...done.
ustacks is done.
