

-t gzfastq -f ./00_Data/03a_Demultiplex/S_23_02002.1.fq.gz -o 00_Data/05a_Stacks.denovo.ALL.M1n1/ -i 322 -m 3 --name S_23_02002 -M 1 -p 8


ustacks parameters selected:
  Input file: './00_Data/03a_Demultiplex/S_23_02002.1.fq.gz'
  Sample ID: 322
  Min depth of coverage to create a stack (m): 3
  Repeat removal algorithm: enabled
  Max distance allowed between stacks (M): 1
  Max distance allowed to align secondary reads: 3
  Max number of stacks allowed per de novo locus: 3
  Deleveraging algorithm: disabled
  Gapped assembly: enabled
  Minimum alignment length: 0.8
  Model type: SNP
  Alpha significance level for model: 0.05

Loading RAD-Tags...1M...

Loaded 1901590 reads; formed:
  154963 stacks representing 1649801 primary reads (86.8%)
  210072 secondary stacks representing 251789 secondary reads (13.2%)

Stack coverage: mean=10.65; stdev=124.58; max=22959; n_reads=1649801(86.8%)
Removing repetitive stacks: cov > 385 (mean+3*stdev)...
  Blacklisted 6681 stacks.
Coverage after repeat removal: mean=7.92; stdev=13.56; max=385; n_reads=1173998(61.7%)

Assembling stacks (max. dist. M=1)...
  Assembled 148282 stacks into 127885; blacklisted 1366 stacks.
Coverage after assembling stacks: mean=7.55; stdev=8.71; max=390; n_reads=953406(50.1%)

Merging secondary stacks (max. dist. N=3 from consensus)...
  Merged 73013 out of 251789 secondary reads (29.0%), 2926 merged with gapped alignments.
Coverage after merging secondary stacks: mean=8.13; stdev=9.21; max=401; n_reads=1026419(54.0%)

Assembling stacks, allowing for gaps (min. match length 80.0%)...
  Assembled 127885 stacks into 126092 stacks.
Coverage after gapped assembly: mean=8.24; stdev=9.38; max=401; n_reads=1026419(54.0%)

Merging secondary stacks, allowing for gaps (min. match length 80.0%)...
  Merged 9284 out of 178776 secondary reads (5.2%).
Coverage after merging gapped secondary stacks: mean=8.32; stdev=9.45; max=401; n_reads=1035703(54.5%)

Final number of stacks built: 126092
Final coverage: mean=8.32; stdev=9.45; max=401; n_reads=1035703(54.5%)
Calling consensus sequences and haplotypes for catalog assembly...
Writing tags, SNPs, and alleles files to '00_Data/05a_Stacks.denovo.ALL.M1n1/S_23_02002'...done.
ustacks is done.
