

-t gzfastq -f ./00_Data/03a_Demultiplex/S_23_01101.1.fq.gz -o 00_Data/05a_Stacks.denovo.ALL.M4n4/ -i 79 -m 3 --name S_23_01101 -M 4 -p 8


ustacks parameters selected:
  Input file: './00_Data/03a_Demultiplex/S_23_01101.1.fq.gz'
  Sample ID: 79
  Min depth of coverage to create a stack (m): 3
  Repeat removal algorithm: enabled
  Max distance allowed between stacks (M): 4
  Max distance allowed to align secondary reads: 6
  Max number of stacks allowed per de novo locus: 3
  Deleveraging algorithm: disabled
  Gapped assembly: enabled
  Minimum alignment length: 0.8
  Model type: SNP
  Alpha significance level for model: 0.05

Loading RAD-Tags...

Loaded 174043 reads; formed:
  14137 stacks representing 95115 primary reads (54.7%)
  63477 secondary stacks representing 78928 secondary reads (45.3%)

Stack coverage: mean=6.73; stdev=29.34; max=1855; n_reads=95115(54.7%)
Removing repetitive stacks: cov > 95 (mean+3*stdev)...
  Blacklisted 789 stacks.
Coverage after repeat removal: mean=5.20; stdev=6.41; max=95; n_reads=69384(39.9%)

Assembling stacks (max. dist. M=4)...
  Assembled 13348 stacks into 10379; blacklisted 253 stacks.
Coverage after assembling stacks: mean=5.20; stdev=6.40; max=123; n_reads=52260(30.0%)

Merging secondary stacks (max. dist. N=6 from consensus)...
  Merged 15231 out of 78928 secondary reads (19.3%), 5824 merged with gapped alignments.
Coverage after merging secondary stacks: mean=6.71; stdev=12.19; max=507; n_reads=67491(38.8%)

Assembling stacks, allowing for gaps (min. match length 80.0%)...
  Assembled 10379 stacks into 10047 stacks.
Coverage after gapped assembly: mean=6.94; stdev=13.09; max=507; n_reads=67491(38.8%)

Merging secondary stacks, allowing for gaps (min. match length 80.0%)...
  Merged 6099 out of 63697 secondary reads (9.6%).
Coverage after merging gapped secondary stacks: mean=7.57; stdev=16.47; max=537; n_reads=73590(42.3%)

Final number of stacks built: 10047
Final coverage: mean=7.57; stdev=16.47; max=537; n_reads=73590(42.3%)
Calling consensus sequences and haplotypes for catalog assembly...
Writing tags, SNPs, and alleles files to '00_Data/05a_Stacks.denovo.ALL.M4n4/S_23_01101'...done.
ustacks is done.
