

-t gzfastq -f ./00_Data/03a_Demultiplex/S_23_02154.1.fq.gz -o 00_Data/05a_Stacks.denovo.ALL.M4n4/ -i 463 -m 3 --name S_23_02154 -M 4 -p 8


ustacks parameters selected:
  Input file: './00_Data/03a_Demultiplex/S_23_02154.1.fq.gz'
  Sample ID: 463
  Min depth of coverage to create a stack (m): 3
  Repeat removal algorithm: enabled
  Max distance allowed between stacks (M): 4
  Max distance allowed to align secondary reads: 6
  Max number of stacks allowed per de novo locus: 3
  Deleveraging algorithm: disabled
  Gapped assembly: enabled
  Minimum alignment length: 0.8
  Model type: SNP
  Alpha significance level for model: 0.05

Loading RAD-Tags...1M...2M...3M...4M...5M...6M...

Loaded 6932187 reads; formed:
  232174 stacks representing 6430736 primary reads (92.8%)
  452456 secondary stacks representing 501451 secondary reads (7.2%)

Stack coverage: mean=27.70; stdev=374.73; max=86908; n_reads=6430736(92.8%)
Removing repetitive stacks: cov > 1152 (mean+3*stdev)...
  Blacklisted 11095 stacks.
Coverage after repeat removal: mean=20.60; stdev=37.23; max=1152; n_reads=4554081(65.7%)

Assembling stacks (max. dist. M=4)...
  Assembled 221079 stacks into 148949; blacklisted 3408 stacks.
Coverage after assembling stacks: mean=20.15; stdev=22.91; max=982; n_reads=2927916(42.2%)

Merging secondary stacks (max. dist. N=6 from consensus)...
  Merged 216817 out of 501451 secondary reads (43.2%), 68084 merged with gapped alignments.
Coverage after merging secondary stacks: mean=21.65; stdev=24.54; max=1016; n_reads=3144733(45.4%)

Assembling stacks, allowing for gaps (min. match length 80.0%)...
  Assembled 148949 stacks into 141191 stacks.
Coverage after gapped assembly: mean=22.87; stdev=25.77; max=1016; n_reads=3144733(45.4%)

Merging secondary stacks, allowing for gaps (min. match length 80.0%)...
  Merged 50067 out of 284634 secondary reads (17.6%).
Coverage after merging gapped secondary stacks: mean=23.23; stdev=27.41; max=2250; n_reads=3194800(46.1%)

Final number of stacks built: 141191
Final coverage: mean=23.23; stdev=27.41; max=2250; n_reads=3194800(46.1%)
Calling consensus sequences and haplotypes for catalog assembly...
Writing tags, SNPs, and alleles files to '00_Data/05a_Stacks.denovo.ALL.M4n4/S_23_02154'...done.
ustacks is done.
