

-t gzfastq -f ./00_Data/03a_Demultiplex/S_23_01905.1.fq.gz -o 00_Data/05a_Stacks.denovo.ALL.M1n1/ -i 296 -m 3 --name S_23_01905 -M 1 -p 8


ustacks parameters selected:
  Input file: './00_Data/03a_Demultiplex/S_23_01905.1.fq.gz'
  Sample ID: 296
  Min depth of coverage to create a stack (m): 3
  Repeat removal algorithm: enabled
  Max distance allowed between stacks (M): 1
  Max distance allowed to align secondary reads: 3
  Max number of stacks allowed per de novo locus: 3
  Deleveraging algorithm: disabled
  Gapped assembly: enabled
  Minimum alignment length: 0.8
  Model type: SNP
  Alpha significance level for model: 0.05

Loading RAD-Tags...1M...2M...3M...4M...5M...6M...

Loaded 6070586 reads; formed:
  223337 stacks representing 5623063 primary reads (92.6%)
  414155 secondary stacks representing 447523 secondary reads (7.4%)

Stack coverage: mean=25.18; stdev=351.26; max=80006; n_reads=5623063(92.6%)
Removing repetitive stacks: cov > 1079 (mean+3*stdev)...
  Blacklisted 11552 stacks.
Coverage after repeat removal: mean=18.68; stdev=34.39; max=1075; n_reads=3955857(65.2%)

Assembling stacks (max. dist. M=1)...
  Assembled 211785 stacks into 172506; blacklisted 2230 stacks.
Coverage after assembling stacks: mean=18.42; stdev=19.27; max=942; n_reads=3132803(51.6%)

Merging secondary stacks (max. dist. N=3 from consensus)...
  Merged 224878 out of 447523 secondary reads (50.2%), 9602 merged with gapped alignments.
Coverage after merging secondary stacks: mean=19.75; stdev=20.17; max=983; n_reads=3357681(55.3%)

Assembling stacks, allowing for gaps (min. match length 80.0%)...
  Assembled 172506 stacks into 168248 stacks.
Coverage after gapped assembly: mean=20.25; stdev=20.60; max=983; n_reads=3357681(55.3%)

Merging secondary stacks, allowing for gaps (min. match length 80.0%)...
  Merged 13648 out of 222645 secondary reads (6.1%).
Coverage after merging gapped secondary stacks: mean=20.34; stdev=20.63; max=983; n_reads=3371329(55.5%)

Final number of stacks built: 168248
Final coverage: mean=20.34; stdev=20.63; max=983; n_reads=3371329(55.5%)
Calling consensus sequences and haplotypes for catalog assembly...
Writing tags, SNPs, and alleles files to '00_Data/05a_Stacks.denovo.ALL.M1n1/S_23_01905'...done.
ustacks is done.
