

-t gzfastq -f ./00_Data/03a_Demultiplex/S_23_02149.1.fq.gz -o 00_Data/05a_Stacks.denovo.ALL.M1n1/ -i 458 -m 3 --name S_23_02149 -M 1 -p 8


ustacks parameters selected:
  Input file: './00_Data/03a_Demultiplex/S_23_02149.1.fq.gz'
  Sample ID: 458
  Min depth of coverage to create a stack (m): 3
  Repeat removal algorithm: enabled
  Max distance allowed between stacks (M): 1
  Max distance allowed to align secondary reads: 3
  Max number of stacks allowed per de novo locus: 3
  Deleveraging algorithm: disabled
  Gapped assembly: enabled
  Minimum alignment length: 0.8
  Model type: SNP
  Alpha significance level for model: 0.05

Loading RAD-Tags...1M...2M...3M...4M...5M...

Loaded 5609987 reads; formed:
  202146 stacks representing 5280079 primary reads (94.1%)
  306319 secondary stacks representing 329908 secondary reads (5.9%)

Stack coverage: mean=26.12; stdev=325.84; max=57059; n_reads=5280079(94.1%)
Removing repetitive stacks: cov > 1004 (mean+3*stdev)...
  Blacklisted 11162 stacks.
Coverage after repeat removal: mean=19.20; stdev=34.27; max=998; n_reads=3666309(65.4%)

Assembling stacks (max. dist. M=1)...
  Assembled 190984 stacks into 156092; blacklisted 2032 stacks.
Coverage after assembling stacks: mean=19.06; stdev=20.95; max=942; n_reads=2931158(52.2%)

Merging secondary stacks (max. dist. N=3 from consensus)...
  Merged 166260 out of 329908 secondary reads (50.4%), 7084 merged with gapped alignments.
Coverage after merging secondary stacks: mean=20.14; stdev=21.74; max=969; n_reads=3097418(55.2%)

Assembling stacks, allowing for gaps (min. match length 80.0%)...
  Assembled 156092 stacks into 152194 stacks.
Coverage after gapped assembly: mean=20.66; stdev=22.24; max=969; n_reads=3097418(55.2%)

Merging secondary stacks, allowing for gaps (min. match length 80.0%)...
  Merged 11432 out of 163648 secondary reads (7.0%).
Coverage after merging gapped secondary stacks: mean=20.74; stdev=22.28; max=970; n_reads=3108850(55.4%)

Final number of stacks built: 152194
Final coverage: mean=20.74; stdev=22.28; max=970; n_reads=3108850(55.4%)
Calling consensus sequences and haplotypes for catalog assembly...
Writing tags, SNPs, and alleles files to '00_Data/05a_Stacks.denovo.ALL.M1n1/S_23_02149'...done.
ustacks is done.
