

-t gzfastq -f ./00_Data/03a_Demultiplex/S_23_02122.1.fq.gz -o 00_Data/05a_Stacks.denovo.ALL.M1n1/ -i 431 -m 3 --name S_23_02122 -M 1 -p 8


ustacks parameters selected:
  Input file: './00_Data/03a_Demultiplex/S_23_02122.1.fq.gz'
  Sample ID: 431
  Min depth of coverage to create a stack (m): 3
  Repeat removal algorithm: enabled
  Max distance allowed between stacks (M): 1
  Max distance allowed to align secondary reads: 3
  Max number of stacks allowed per de novo locus: 3
  Deleveraging algorithm: disabled
  Gapped assembly: enabled
  Minimum alignment length: 0.8
  Model type: SNP
  Alpha significance level for model: 0.05

Loading RAD-Tags...1M...2M...3M...4M...5M...6M...7M...8M...

Loaded 8304064 reads; formed:
  234582 stacks representing 7766697 primary reads (93.5%)
  490852 secondary stacks representing 537367 secondary reads (6.5%)

Stack coverage: mean=33.11; stdev=434.64; max=100222; n_reads=7766697(93.5%)
Removing repetitive stacks: cov > 1338 (mean+3*stdev)...
  Blacklisted 12358 stacks.
Coverage after repeat removal: mean=24.63; stdev=43.99; max=1331; n_reads=5472471(65.9%)

Assembling stacks (max. dist. M=1)...
  Assembled 222224 stacks into 180645; blacklisted 2384 stacks.
Coverage after assembling stacks: mean=24.78; stdev=27.62; max=1296; n_reads=4410110(53.1%)

Merging secondary stacks (max. dist. N=3 from consensus)...
  Merged 243937 out of 537367 secondary reads (45.4%), 10743 merged with gapped alignments.
Coverage after merging secondary stacks: mean=26.15; stdev=28.57; max=1319; n_reads=4654047(56.0%)

Assembling stacks, allowing for gaps (min. match length 80.0%)...
  Assembled 180645 stacks into 175940 stacks.
Coverage after gapped assembly: mean=26.86; stdev=29.29; max=2011; n_reads=4654047(56.0%)

Merging secondary stacks, allowing for gaps (min. match length 80.0%)...
  Merged 16882 out of 293430 secondary reads (5.8%).
Coverage after merging gapped secondary stacks: mean=26.96; stdev=29.31; max=2012; n_reads=4670929(56.2%)

Final number of stacks built: 175940
Final coverage: mean=26.96; stdev=29.31; max=2012; n_reads=4670929(56.2%)
Calling consensus sequences and haplotypes for catalog assembly...
Writing tags, SNPs, and alleles files to '00_Data/05a_Stacks.denovo.ALL.M1n1/S_23_02122'...done.
ustacks is done.
