

-t gzfastq -f ./00_Data/03a_Demultiplex/S_23_01222.1.fq.gz -o 00_Data/05a_Stacks.denovo.ALL.M1n1/ -i 172 -m 3 --name S_23_01222 -M 1 -p 8


ustacks parameters selected:
  Input file: './00_Data/03a_Demultiplex/S_23_01222.1.fq.gz'
  Sample ID: 172
  Min depth of coverage to create a stack (m): 3
  Repeat removal algorithm: enabled
  Max distance allowed between stacks (M): 1
  Max distance allowed to align secondary reads: 3
  Max number of stacks allowed per de novo locus: 3
  Deleveraging algorithm: disabled
  Gapped assembly: enabled
  Minimum alignment length: 0.8
  Model type: SNP
  Alpha significance level for model: 0.05

Loading RAD-Tags...1M...2M...3M...4M...

Loaded 4206448 reads; formed:
  193727 stacks representing 3933508 primary reads (93.5%)
  247037 secondary stacks representing 272940 secondary reads (6.5%)

Stack coverage: mean=20.30; stdev=254.39; max=46677; n_reads=3933508(93.5%)
Removing repetitive stacks: cov > 784 (mean+3*stdev)...
  Blacklisted 9720 stacks.
Coverage after repeat removal: mean=14.96; stdev=26.17; max=782; n_reads=2752669(65.4%)

Assembling stacks (max. dist. M=1)...
  Assembled 184007 stacks into 153045; blacklisted 1826 stacks.
Coverage after assembling stacks: mean=14.80; stdev=16.90; max=758; n_reads=2234360(53.1%)

Merging secondary stacks (max. dist. N=3 from consensus)...
  Merged 120854 out of 272940 secondary reads (44.3%), 5206 merged with gapped alignments.
Coverage after merging secondary stacks: mean=15.60; stdev=17.48; max=778; n_reads=2355214(56.0%)

Assembling stacks, allowing for gaps (min. match length 80.0%)...
  Assembled 153045 stacks into 149548 stacks.
Coverage after gapped assembly: mean=15.97; stdev=17.83; max=778; n_reads=2355214(56.0%)

Merging secondary stacks, allowing for gaps (min. match length 80.0%)...
  Merged 9674 out of 152086 secondary reads (6.4%).
Coverage after merging gapped secondary stacks: mean=16.04; stdev=17.86; max=778; n_reads=2364888(56.2%)

Final number of stacks built: 149548
Final coverage: mean=16.04; stdev=17.86; max=778; n_reads=2364888(56.2%)
Calling consensus sequences and haplotypes for catalog assembly...
Writing tags, SNPs, and alleles files to '00_Data/05a_Stacks.denovo.ALL.M1n1/S_23_01222'...done.
ustacks is done.
