

-t gzfastq -f ./00_Data/03a_Demultiplex/S_23_01805.1.fq.gz -o 00_Data/05a_Stacks.denovo.ALL.M1n1/ -i 229 -m 3 --name S_23_01805 -M 1 -p 8


ustacks parameters selected:
  Input file: './00_Data/03a_Demultiplex/S_23_01805.1.fq.gz'
  Sample ID: 229
  Min depth of coverage to create a stack (m): 3
  Repeat removal algorithm: enabled
  Max distance allowed between stacks (M): 1
  Max distance allowed to align secondary reads: 3
  Max number of stacks allowed per de novo locus: 3
  Deleveraging algorithm: disabled
  Gapped assembly: enabled
  Minimum alignment length: 0.8
  Model type: SNP
  Alpha significance level for model: 0.05

Loading RAD-Tags...1M...2M...3M...

Loaded 3969201 reads; formed:
  211610 stacks representing 3636796 primary reads (91.6%)
  295519 secondary stacks representing 332405 secondary reads (8.4%)

Stack coverage: mean=17.19; stdev=230.47; max=53589; n_reads=3636796(91.6%)
Removing repetitive stacks: cov > 709 (mean+3*stdev)...
  Blacklisted 9796 stacks.
Coverage after repeat removal: mean=12.71; stdev=22.83; max=706; n_reads=2565501(64.6%)

Assembling stacks (max. dist. M=1)...
  Assembled 201814 stacks into 168172; blacklisted 2049 stacks.
Coverage after assembling stacks: mean=12.41; stdev=14.21; max=598; n_reads=2058249(51.9%)

Merging secondary stacks (max. dist. N=3 from consensus)...
  Merged 130771 out of 332405 secondary reads (39.3%), 5532 merged with gapped alignments.
Coverage after merging secondary stacks: mean=13.20; stdev=14.80; max=610; n_reads=2189020(55.2%)

Assembling stacks, allowing for gaps (min. match length 80.0%)...
  Assembled 168172 stacks into 164715 stacks.
Coverage after gapped assembly: mean=13.48; stdev=15.10; max=630; n_reads=2189020(55.2%)

Merging secondary stacks, allowing for gaps (min. match length 80.0%)...
  Merged 12033 out of 201634 secondary reads (6.0%).
Coverage after merging gapped secondary stacks: mean=13.55; stdev=15.13; max=630; n_reads=2201053(55.5%)

Final number of stacks built: 164715
Final coverage: mean=13.55; stdev=15.13; max=630; n_reads=2201053(55.5%)
Calling consensus sequences and haplotypes for catalog assembly...
Writing tags, SNPs, and alleles files to '00_Data/05a_Stacks.denovo.ALL.M1n1/S_23_01805'...done.
ustacks is done.
