

-t gzfastq -f ./00_Data/03a_Demultiplex/S_23_01212.1.fq.gz -o 00_Data/05a_Stacks.denovo.ALL.M1n1/ -i 162 -m 3 --name S_23_01212 -M 1 -p 8


ustacks parameters selected:
  Input file: './00_Data/03a_Demultiplex/S_23_01212.1.fq.gz'
  Sample ID: 162
  Min depth of coverage to create a stack (m): 3
  Repeat removal algorithm: enabled
  Max distance allowed between stacks (M): 1
  Max distance allowed to align secondary reads: 3
  Max number of stacks allowed per de novo locus: 3
  Deleveraging algorithm: disabled
  Gapped assembly: enabled
  Minimum alignment length: 0.8
  Model type: SNP
  Alpha significance level for model: 0.05

Loading RAD-Tags...1M...2M...3M...4M...

Loaded 4460315 reads; formed:
  222348 stacks representing 4129360 primary reads (92.6%)
  297974 secondary stacks representing 330955 secondary reads (7.4%)

Stack coverage: mean=18.57; stdev=232.68; max=51551; n_reads=4129360(92.6%)
Removing repetitive stacks: cov > 717 (mean+3*stdev)...
  Blacklisted 11166 stacks.
Coverage after repeat removal: mean=13.84; stdev=23.54; max=709; n_reads=2923251(65.5%)

Assembling stacks (max. dist. M=1)...
  Assembled 211182 stacks into 175676; blacklisted 2049 stacks.
Coverage after assembling stacks: mean=13.73; stdev=14.82; max=731; n_reads=2380412(53.4%)

Merging secondary stacks (max. dist. N=3 from consensus)...
  Merged 142782 out of 330955 secondary reads (43.1%), 6139 merged with gapped alignments.
Coverage after merging secondary stacks: mean=14.56; stdev=15.43; max=754; n_reads=2523194(56.6%)

Assembling stacks, allowing for gaps (min. match length 80.0%)...
  Assembled 175676 stacks into 171704 stacks.
Coverage after gapped assembly: mean=14.90; stdev=15.72; max=754; n_reads=2523194(56.6%)

Merging secondary stacks, allowing for gaps (min. match length 80.0%)...
  Merged 11582 out of 188173 secondary reads (6.2%).
Coverage after merging gapped secondary stacks: mean=14.97; stdev=15.75; max=754; n_reads=2534776(56.8%)

Final number of stacks built: 171704
Final coverage: mean=14.97; stdev=15.75; max=754; n_reads=2534776(56.8%)
Calling consensus sequences and haplotypes for catalog assembly...
Writing tags, SNPs, and alleles files to '00_Data/05a_Stacks.denovo.ALL.M1n1/S_23_01212'...done.
ustacks is done.
