

-t gzfastq -f ./00_Data/03a_Demultiplex/S_23_02100.1.fq.gz -o 00_Data/05a_Stacks.denovo.ALL.M1n1/ -i 409 -m 3 --name S_23_02100 -M 1 -p 8


ustacks parameters selected:
  Input file: './00_Data/03a_Demultiplex/S_23_02100.1.fq.gz'
  Sample ID: 409
  Min depth of coverage to create a stack (m): 3
  Repeat removal algorithm: enabled
  Max distance allowed between stacks (M): 1
  Max distance allowed to align secondary reads: 3
  Max number of stacks allowed per de novo locus: 3
  Deleveraging algorithm: disabled
  Gapped assembly: enabled
  Minimum alignment length: 0.8
  Model type: SNP
  Alpha significance level for model: 0.05

Loading RAD-Tags...1M...2M...3M...

Loaded 3320858 reads; formed:
  186614 stacks representing 3063217 primary reads (92.2%)
  228349 secondary stacks representing 257641 secondary reads (7.8%)

Stack coverage: mean=16.41; stdev=209.23; max=42245; n_reads=3063217(92.2%)
Removing repetitive stacks: cov > 645 (mean+3*stdev)...
  Blacklisted 8584 stacks.
Coverage after repeat removal: mean=12.10; stdev=21.07; max=644; n_reads=2154379(64.9%)

Assembling stacks (max. dist. M=1)...
  Assembled 178030 stacks into 148802; blacklisted 1700 stacks.
Coverage after assembling stacks: mean=11.88; stdev=13.27; max=719; n_reads=1745175(52.6%)

Merging secondary stacks (max. dist. N=3 from consensus)...
  Merged 100845 out of 257641 secondary reads (39.1%), 4401 merged with gapped alignments.
Coverage after merging secondary stacks: mean=12.57; stdev=13.75; max=729; n_reads=1846020(55.6%)

Assembling stacks, allowing for gaps (min. match length 80.0%)...
  Assembled 148802 stacks into 145792 stacks.
Coverage after gapped assembly: mean=12.83; stdev=14.01; max=729; n_reads=1846020(55.6%)

Merging secondary stacks, allowing for gaps (min. match length 80.0%)...
  Merged 9524 out of 156796 secondary reads (6.1%).
Coverage after merging gapped secondary stacks: mean=12.90; stdev=14.05; max=729; n_reads=1855544(55.9%)

Final number of stacks built: 145792
Final coverage: mean=12.90; stdev=14.05; max=729; n_reads=1855544(55.9%)
Calling consensus sequences and haplotypes for catalog assembly...
Writing tags, SNPs, and alleles files to '00_Data/05a_Stacks.denovo.ALL.M1n1/S_23_02100'...done.
ustacks is done.
