

-t gzfastq -f ./00_Data/03a_Demultiplex/S_23_00983.1.fq.gz -o 00_Data/05a_Stacks.denovo.ALL.M4n4/ -i 5 -m 3 --name S_23_00983 -M 4 -p 8


ustacks parameters selected:
  Input file: './00_Data/03a_Demultiplex/S_23_00983.1.fq.gz'
  Sample ID: 5
  Min depth of coverage to create a stack (m): 3
  Repeat removal algorithm: enabled
  Max distance allowed between stacks (M): 4
  Max distance allowed to align secondary reads: 6
  Max number of stacks allowed per de novo locus: 3
  Deleveraging algorithm: disabled
  Gapped assembly: enabled
  Minimum alignment length: 0.8
  Model type: SNP
  Alpha significance level for model: 0.05

Loading RAD-Tags...1M...2M...3M...4M...5M...

Loaded 5953203 reads; formed:
  226852 stacks representing 5562069 primary reads (93.4%)
  360500 secondary stacks representing 391134 secondary reads (6.6%)

Stack coverage: mean=24.52; stdev=306.07; max=63470; n_reads=5562069(93.4%)
Removing repetitive stacks: cov > 943 (mean+3*stdev)...
  Blacklisted 12340 stacks.
Coverage after repeat removal: mean=18.17; stdev=31.91; max=941; n_reads=3897300(65.5%)

Assembling stacks (max. dist. M=4)...
  Assembled 214512 stacks into 142103; blacklisted 3300 stacks.
Coverage after assembling stacks: mean=17.99; stdev=19.29; max=874; n_reads=2491747(41.9%)

Merging secondary stacks (max. dist. N=6 from consensus)...
  Merged 207479 out of 391134 secondary reads (53.0%), 64832 merged with gapped alignments.
Coverage after merging secondary stacks: mean=19.49; stdev=21.37; max=909; n_reads=2699226(45.3%)

Assembling stacks, allowing for gaps (min. match length 80.0%)...
  Assembled 142103 stacks into 134468 stacks.
Coverage after gapped assembly: mean=20.62; stdev=22.58; max=909; n_reads=2699226(45.3%)

Merging secondary stacks, allowing for gaps (min. match length 80.0%)...
  Merged 48139 out of 183655 secondary reads (26.2%).
Coverage after merging gapped secondary stacks: mean=20.99; stdev=24.38; max=1298; n_reads=2747365(46.1%)

Final number of stacks built: 134468
Final coverage: mean=20.99; stdev=24.38; max=1298; n_reads=2747365(46.1%)
Calling consensus sequences and haplotypes for catalog assembly...
Writing tags, SNPs, and alleles files to '00_Data/05a_Stacks.denovo.ALL.M4n4/S_23_00983'...done.
ustacks is done.
