

-t gzfastq -f ./00_Data/03a_Demultiplex/S_23_01012.1.fq.gz -o 00_Data/05a_Stacks.denovo.ALL.M1n1/ -i 33 -m 3 --name S_23_01012 -M 1 -p 8


ustacks parameters selected:
  Input file: './00_Data/03a_Demultiplex/S_23_01012.1.fq.gz'
  Sample ID: 33
  Min depth of coverage to create a stack (m): 3
  Repeat removal algorithm: enabled
  Max distance allowed between stacks (M): 1
  Max distance allowed to align secondary reads: 3
  Max number of stacks allowed per de novo locus: 3
  Deleveraging algorithm: disabled
  Gapped assembly: enabled
  Minimum alignment length: 0.8
  Model type: SNP
  Alpha significance level for model: 0.05

Loading RAD-Tags...1M...

Loaded 1899187 reads; formed:
  148080 stacks representing 1685696 primary reads (88.8%)
  178518 secondary stacks representing 213491 secondary reads (11.2%)

Stack coverage: mean=11.38; stdev=117.96; max=17605; n_reads=1685696(88.8%)
Removing repetitive stacks: cov > 366 (mean+3*stdev)...
  Blacklisted 7342 stacks.
Coverage after repeat removal: mean=8.41; stdev=13.58; max=365; n_reads=1183706(62.3%)

Assembling stacks (max. dist. M=1)...
  Assembled 140738 stacks into 120840; blacklisted 1303 stacks.
Coverage after assembling stacks: mean=8.12; stdev=9.40; max=385; n_reads=968823(51.0%)

Merging secondary stacks (max. dist. N=3 from consensus)...
  Merged 71987 out of 213491 secondary reads (33.7%), 2778 merged with gapped alignments.
Coverage after merging secondary stacks: mean=8.72; stdev=9.90; max=407; n_reads=1040810(54.8%)

Assembling stacks, allowing for gaps (min. match length 80.0%)...
  Assembled 120840 stacks into 119079 stacks.
Coverage after gapped assembly: mean=8.86; stdev=10.08; max=407; n_reads=1040810(54.8%)

Merging secondary stacks, allowing for gaps (min. match length 80.0%)...
  Merged 8877 out of 141504 secondary reads (6.3%).
Coverage after merging gapped secondary stacks: mean=8.93; stdev=10.14; max=407; n_reads=1049687(55.3%)

Final number of stacks built: 119079
Final coverage: mean=8.93; stdev=10.14; max=407; n_reads=1049687(55.3%)
Calling consensus sequences and haplotypes for catalog assembly...
Writing tags, SNPs, and alleles files to '00_Data/05a_Stacks.denovo.ALL.M1n1/S_23_01012'...done.
ustacks is done.
