

-t gzfastq -f ./00_Data/03a_Demultiplex/S_23_01155.1.fq.gz -o 00_Data/05a_Stacks.denovo.ALL.M1n1/ -i 118 -m 3 --name S_23_01155 -M 1 -p 8


ustacks parameters selected:
  Input file: './00_Data/03a_Demultiplex/S_23_01155.1.fq.gz'
  Sample ID: 118
  Min depth of coverage to create a stack (m): 3
  Repeat removal algorithm: enabled
  Max distance allowed between stacks (M): 1
  Max distance allowed to align secondary reads: 3
  Max number of stacks allowed per de novo locus: 3
  Deleveraging algorithm: disabled
  Gapped assembly: enabled
  Minimum alignment length: 0.8
  Model type: SNP
  Alpha significance level for model: 0.05

Loading RAD-Tags...1M...2M...3M...4M...5M...6M...

Loaded 6199686 reads; formed:
  238296 stacks representing 5755704 primary reads (92.8%)
  401464 secondary stacks representing 443982 secondary reads (7.2%)

Stack coverage: mean=24.15; stdev=316.53; max=71285; n_reads=5755704(92.8%)
Removing repetitive stacks: cov > 974 (mean+3*stdev)...
  Blacklisted 12059 stacks.
Coverage after repeat removal: mean=17.97; stdev=32.09; max=972; n_reads=4065262(65.6%)

Assembling stacks (max. dist. M=1)...
  Assembled 226237 stacks into 186439; blacklisted 2327 stacks.
Coverage after assembling stacks: mean=17.76; stdev=19.31; max=853; n_reads=3265578(52.7%)

Merging secondary stacks (max. dist. N=3 from consensus)...
  Merged 188236 out of 443982 secondary reads (42.4%), 8486 merged with gapped alignments.
Coverage after merging secondary stacks: mean=18.79; stdev=20.05; max=888; n_reads=3453814(55.7%)

Assembling stacks, allowing for gaps (min. match length 80.0%)...
  Assembled 186439 stacks into 181844 stacks.
Coverage after gapped assembly: mean=19.27; stdev=20.45; max=888; n_reads=3453814(55.7%)

Merging secondary stacks, allowing for gaps (min. match length 80.0%)...
  Merged 14770 out of 255746 secondary reads (5.8%).
Coverage after merging gapped secondary stacks: mean=19.35; stdev=20.48; max=888; n_reads=3468584(55.9%)

Final number of stacks built: 181844
Final coverage: mean=19.35; stdev=20.48; max=888; n_reads=3468584(55.9%)
Calling consensus sequences and haplotypes for catalog assembly...
Writing tags, SNPs, and alleles files to '00_Data/05a_Stacks.denovo.ALL.M1n1/S_23_01155'...done.
ustacks is done.
