

-t gzfastq -f ./00_Data/03a_Demultiplex/S_23_02160.1.fq.gz -o 00_Data/05a_Stacks.denovo.ALL.M4n4/ -i 469 -m 3 --name S_23_02160 -M 4 -p 8


ustacks parameters selected:
  Input file: './00_Data/03a_Demultiplex/S_23_02160.1.fq.gz'
  Sample ID: 469
  Min depth of coverage to create a stack (m): 3
  Repeat removal algorithm: enabled
  Max distance allowed between stacks (M): 4
  Max distance allowed to align secondary reads: 6
  Max number of stacks allowed per de novo locus: 3
  Deleveraging algorithm: disabled
  Gapped assembly: enabled
  Minimum alignment length: 0.8
  Model type: SNP
  Alpha significance level for model: 0.05

Loading RAD-Tags...1M...2M...3M...4M...5M...6M...

Loaded 6843658 reads; formed:
  215712 stacks representing 6390859 primary reads (93.4%)
  417063 secondary stacks representing 452799 secondary reads (6.6%)

Stack coverage: mean=29.63; stdev=390.11; max=76603; n_reads=6390859(93.4%)
Removing repetitive stacks: cov > 1200 (mean+3*stdev)...
  Blacklisted 11792 stacks.
Coverage after repeat removal: mean=21.82; stdev=38.41; max=1197; n_reads=4449395(65.0%)

Assembling stacks (max. dist. M=4)...
  Assembled 203920 stacks into 133887; blacklisted 3194 stacks.
Coverage after assembling stacks: mean=21.82; stdev=22.79; max=1007; n_reads=2846648(41.6%)

Merging secondary stacks (max. dist. N=6 from consensus)...
  Merged 226302 out of 452799 secondary reads (50.0%), 71153 merged with gapped alignments.
Coverage after merging secondary stacks: mean=23.56; stdev=25.08; max=1354; n_reads=3072950(44.9%)

Assembling stacks, allowing for gaps (min. match length 80.0%)...
  Assembled 133887 stacks into 126448 stacks.
Coverage after gapped assembly: mean=24.98; stdev=26.32; max=1354; n_reads=3072950(44.9%)

Merging secondary stacks, allowing for gaps (min. match length 80.0%)...
  Merged 54794 out of 226497 secondary reads (24.2%).
Coverage after merging gapped secondary stacks: mean=25.43; stdev=28.32; max=1439; n_reads=3127744(45.7%)

Final number of stacks built: 126448
Final coverage: mean=25.43; stdev=28.32; max=1439; n_reads=3127744(45.7%)
Calling consensus sequences and haplotypes for catalog assembly...
Writing tags, SNPs, and alleles files to '00_Data/05a_Stacks.denovo.ALL.M4n4/S_23_02160'...done.
ustacks is done.
