

-t gzfastq -f ./00_Data/03a_Demultiplex/S_23_01011.1.fq.gz -o 00_Data/05a_Stacks.denovo.ALL.M4n4/ -i 32 -m 3 --name S_23_01011 -M 4 -p 8


ustacks parameters selected:
  Input file: './00_Data/03a_Demultiplex/S_23_01011.1.fq.gz'
  Sample ID: 32
  Min depth of coverage to create a stack (m): 3
  Repeat removal algorithm: enabled
  Max distance allowed between stacks (M): 4
  Max distance allowed to align secondary reads: 6
  Max number of stacks allowed per de novo locus: 3
  Deleveraging algorithm: disabled
  Gapped assembly: enabled
  Minimum alignment length: 0.8
  Model type: SNP
  Alpha significance level for model: 0.05

Loading RAD-Tags...1M...2M...

Loaded 2789612 reads; formed:
  187754 stacks representing 2524551 primary reads (90.5%)
  229015 secondary stacks representing 265061 secondary reads (9.5%)

Stack coverage: mean=13.45; stdev=162.80; max=32570; n_reads=2524551(90.5%)
Removing repetitive stacks: cov > 502 (mean+3*stdev)...
  Blacklisted 8556 stacks.
Coverage after repeat removal: mean=9.98; stdev=17.44; max=502; n_reads=1788581(64.1%)

Assembling stacks (max. dist. M=4)...
  Assembled 179198 stacks into 123742; blacklisted 2683 stacks.
Coverage after assembling stacks: mean=9.55; stdev=11.05; max=543; n_reads=1153760(41.4%)

Merging secondary stacks (max. dist. N=6 from consensus)...
  Merged 102987 out of 265061 secondary reads (38.9%), 35076 merged with gapped alignments.
Coverage after merging secondary stacks: mean=10.40; stdev=12.54; max=905; n_reads=1256747(45.1%)

Assembling stacks, allowing for gaps (min. match length 80.0%)...
  Assembled 123742 stacks into 118594 stacks.
Coverage after gapped assembly: mean=10.86; stdev=13.17; max=905; n_reads=1256747(45.1%)

Merging secondary stacks, allowing for gaps (min. match length 80.0%)...
  Merged 28748 out of 162074 secondary reads (17.7%).
Coverage after merging gapped secondary stacks: mean=11.11; stdev=14.11; max=979; n_reads=1285495(46.1%)

Final number of stacks built: 118594
Final coverage: mean=11.11; stdev=14.11; max=979; n_reads=1285495(46.1%)
Calling consensus sequences and haplotypes for catalog assembly...
Writing tags, SNPs, and alleles files to '00_Data/05a_Stacks.denovo.ALL.M4n4/S_23_01011'...done.
ustacks is done.
