

-t gzfastq -f ./00_Data/03a_Demultiplex/S_23_02150.1.fq.gz -o 00_Data/05a_Stacks.denovo.ALL.M4n4/ -i 459 -m 3 --name S_23_02150 -M 4 -p 8


ustacks parameters selected:
  Input file: './00_Data/03a_Demultiplex/S_23_02150.1.fq.gz'
  Sample ID: 459
  Min depth of coverage to create a stack (m): 3
  Repeat removal algorithm: enabled
  Max distance allowed between stacks (M): 4
  Max distance allowed to align secondary reads: 6
  Max number of stacks allowed per de novo locus: 3
  Deleveraging algorithm: disabled
  Gapped assembly: enabled
  Minimum alignment length: 0.8
  Model type: SNP
  Alpha significance level for model: 0.05

Loading RAD-Tags...1M...2M...3M...

Loaded 3771487 reads; formed:
  215192 stacks representing 3436499 primary reads (91.1%)
  295642 secondary stacks representing 334988 secondary reads (8.9%)

Stack coverage: mean=15.97; stdev=192.51; max=41045; n_reads=3436499(91.1%)
Removing repetitive stacks: cov > 594 (mean+3*stdev)...
  Blacklisted 10416 stacks.
Coverage after repeat removal: mean=11.86; stdev=19.96; max=594; n_reads=2428005(64.4%)

Assembling stacks (max. dist. M=4)...
  Assembled 204776 stacks into 140554; blacklisted 3091 stacks.
Coverage after assembling stacks: mean=11.53; stdev=12.81; max=580; n_reads=1581784(41.9%)

Merging secondary stacks (max. dist. N=6 from consensus)...
  Merged 135693 out of 334988 secondary reads (40.5%), 46897 merged with gapped alignments.
Coverage after merging secondary stacks: mean=12.52; stdev=14.93; max=1396; n_reads=1717477(45.5%)

Assembling stacks, allowing for gaps (min. match length 80.0%)...
  Assembled 140554 stacks into 133982 stacks.
Coverage after gapped assembly: mean=13.15; stdev=15.76; max=1396; n_reads=1717477(45.5%)

Merging secondary stacks, allowing for gaps (min. match length 80.0%)...
  Merged 37033 out of 199295 secondary reads (18.6%).
Coverage after merging gapped secondary stacks: mean=13.43; stdev=16.78; max=1483; n_reads=1754510(46.5%)

Final number of stacks built: 133982
Final coverage: mean=13.43; stdev=16.78; max=1483; n_reads=1754510(46.5%)
Calling consensus sequences and haplotypes for catalog assembly...
Writing tags, SNPs, and alleles files to '00_Data/05a_Stacks.denovo.ALL.M4n4/S_23_02150'...done.
ustacks is done.
