

-t gzfastq -f ./00_Data/03a_Demultiplex/S_23_02064.1.fq.gz -o 00_Data/05a_Stacks.denovo.ALL.M4n4/ -i 384 -m 3 --name S_23_02064 -M 4 -p 8


ustacks parameters selected:
  Input file: './00_Data/03a_Demultiplex/S_23_02064.1.fq.gz'
  Sample ID: 384
  Min depth of coverage to create a stack (m): 3
  Repeat removal algorithm: enabled
  Max distance allowed between stacks (M): 4
  Max distance allowed to align secondary reads: 6
  Max number of stacks allowed per de novo locus: 3
  Deleveraging algorithm: disabled
  Gapped assembly: enabled
  Minimum alignment length: 0.8
  Model type: SNP
  Alpha significance level for model: 0.05

Loading RAD-Tags...1M...

Loaded 1300244 reads; formed:
  114124 stacks representing 1093892 primary reads (84.1%)
  167336 secondary stacks representing 206352 secondary reads (15.9%)

Stack coverage: mean=9.59; stdev=76.36; max=8863; n_reads=1093892(84.1%)
Removing repetitive stacks: cov > 239 (mean+3*stdev)...
  Blacklisted 5498 stacks.
Coverage after repeat removal: mean=7.29; stdev=10.51; max=238; n_reads=792068(60.9%)

Assembling stacks (max. dist. M=4)...
  Assembled 108626 stacks into 77368; blacklisted 1748 stacks.
Coverage after assembling stacks: mean=7.08; stdev=8.23; max=293; n_reads=533424(41.0%)

Merging secondary stacks (max. dist. N=6 from consensus)...
  Merged 62181 out of 206352 secondary reads (30.1%), 23350 merged with gapped alignments.
Coverage after merging secondary stacks: mean=7.90; stdev=11.30; max=1252; n_reads=595605(45.8%)

Assembling stacks, allowing for gaps (min. match length 80.0%)...
  Assembled 77368 stacks into 74667 stacks.
Coverage after gapped assembly: mean=8.19; stdev=11.80; max=1252; n_reads=595605(45.8%)

Merging secondary stacks, allowing for gaps (min. match length 80.0%)...
  Merged 19830 out of 144171 secondary reads (13.8%).
Coverage after merging gapped secondary stacks: mean=8.47; stdev=12.96; max=1298; n_reads=615435(47.3%)

Final number of stacks built: 74667
Final coverage: mean=8.47; stdev=12.96; max=1298; n_reads=615435(47.3%)
Calling consensus sequences and haplotypes for catalog assembly...
Writing tags, SNPs, and alleles files to '00_Data/05a_Stacks.denovo.ALL.M4n4/S_23_02064'...done.
ustacks is done.
