

-t gzfastq -f ./00_Data/03a_Demultiplex/S_23_01213.1.fq.gz -o 00_Data/05a_Stacks.denovo.ALL.M1n1/ -i 163 -m 3 --name S_23_01213 -M 1 -p 8


ustacks parameters selected:
  Input file: './00_Data/03a_Demultiplex/S_23_01213.1.fq.gz'
  Sample ID: 163
  Min depth of coverage to create a stack (m): 3
  Repeat removal algorithm: enabled
  Max distance allowed between stacks (M): 1
  Max distance allowed to align secondary reads: 3
  Max number of stacks allowed per de novo locus: 3
  Deleveraging algorithm: disabled
  Gapped assembly: enabled
  Minimum alignment length: 0.8
  Model type: SNP
  Alpha significance level for model: 0.05

Loading RAD-Tags...1M...2M...3M...

Loaded 3302944 reads; formed:
  191771 stacks representing 3041552 primary reads (92.1%)
  229214 secondary stacks representing 261392 secondary reads (7.9%)

Stack coverage: mean=15.86; stdev=192.24; max=40941; n_reads=3041552(92.1%)
Removing repetitive stacks: cov > 593 (mean+3*stdev)...
  Blacklisted 8595 stacks.
Coverage after repeat removal: mean=11.87; stdev=20.53; max=593; n_reads=2173786(65.8%)

Assembling stacks (max. dist. M=1)...
  Assembled 183176 stacks into 153857; blacklisted 1746 stacks.
Coverage after assembling stacks: mean=11.63; stdev=13.60; max=648; n_reads=1765994(53.5%)

Merging secondary stacks (max. dist. N=3 from consensus)...
  Merged 99777 out of 261392 secondary reads (38.2%), 4209 merged with gapped alignments.
Coverage after merging secondary stacks: mean=12.29; stdev=14.11; max=657; n_reads=1865771(56.5%)

Assembling stacks, allowing for gaps (min. match length 80.0%)...
  Assembled 153857 stacks into 150794 stacks.
Coverage after gapped assembly: mean=12.54; stdev=14.38; max=657; n_reads=1865771(56.5%)

Merging secondary stacks, allowing for gaps (min. match length 80.0%)...
  Merged 9425 out of 161615 secondary reads (5.8%).
Coverage after merging gapped secondary stacks: mean=12.60; stdev=14.40; max=658; n_reads=1875196(56.8%)

Final number of stacks built: 150794
Final coverage: mean=12.60; stdev=14.40; max=658; n_reads=1875196(56.8%)
Calling consensus sequences and haplotypes for catalog assembly...
Writing tags, SNPs, and alleles files to '00_Data/05a_Stacks.denovo.ALL.M1n1/S_23_01213'...done.
ustacks is done.
