

-t gzfastq -f ./00_Data/03a_Demultiplex/S_23_00994.1.fq.gz -o 00_Data/05a_Stacks.denovo.ALL.M4n4/ -i 16 -m 3 --name S_23_00994 -M 4 -p 8


ustacks parameters selected:
  Input file: './00_Data/03a_Demultiplex/S_23_00994.1.fq.gz'
  Sample ID: 16
  Min depth of coverage to create a stack (m): 3
  Repeat removal algorithm: enabled
  Max distance allowed between stacks (M): 4
  Max distance allowed to align secondary reads: 6
  Max number of stacks allowed per de novo locus: 3
  Deleveraging algorithm: disabled
  Gapped assembly: enabled
  Minimum alignment length: 0.8
  Model type: SNP
  Alpha significance level for model: 0.05

Loading RAD-Tags...1M...2M...3M...4M...5M...6M...7M...

Loaded 7035485 reads; formed:
  220508 stacks representing 6601414 primary reads (93.8%)
  395606 secondary stacks representing 434071 secondary reads (6.2%)

Stack coverage: mean=29.94; stdev=393.05; max=78870; n_reads=6601414(93.8%)
Removing repetitive stacks: cov > 1210 (mean+3*stdev)...
  Blacklisted 11779 stacks.
Coverage after repeat removal: mean=22.06; stdev=40.04; max=1209; n_reads=4604752(65.5%)

Assembling stacks (max. dist. M=4)...
  Assembled 208729 stacks into 137176; blacklisted 3399 stacks.
Coverage after assembling stacks: mean=21.67; stdev=23.29; max=1166; n_reads=2893098(41.1%)

Merging secondary stacks (max. dist. N=6 from consensus)...
  Merged 221838 out of 434071 secondary reads (51.1%), 71928 merged with gapped alignments.
Coverage after merging secondary stacks: mean=23.33; stdev=26.94; max=3666; n_reads=3114936(44.3%)

Assembling stacks, allowing for gaps (min. match length 80.0%)...
  Assembled 137176 stacks into 129845 stacks.
Coverage after gapped assembly: mean=24.69; stdev=28.22; max=3666; n_reads=3114936(44.3%)

Merging secondary stacks, allowing for gaps (min. match length 80.0%)...
  Merged 45831 out of 212233 secondary reads (21.6%).
Coverage after merging gapped secondary stacks: mean=25.05; stdev=29.41; max=3670; n_reads=3160767(44.9%)

Final number of stacks built: 129845
Final coverage: mean=25.05; stdev=29.41; max=3670; n_reads=3160767(44.9%)
Calling consensus sequences and haplotypes for catalog assembly...
Writing tags, SNPs, and alleles files to '00_Data/05a_Stacks.denovo.ALL.M4n4/S_23_00994'...done.
ustacks is done.
