

-t gzfastq -f ./00_Data/03a_Demultiplex/S_23_02154.1.fq.gz -o 00_Data/05a_Stacks.denovo.ALL.M1n1/ -i 463 -m 3 --name S_23_02154 -M 1 -p 8


ustacks parameters selected:
  Input file: './00_Data/03a_Demultiplex/S_23_02154.1.fq.gz'
  Sample ID: 463
  Min depth of coverage to create a stack (m): 3
  Repeat removal algorithm: enabled
  Max distance allowed between stacks (M): 1
  Max distance allowed to align secondary reads: 3
  Max number of stacks allowed per de novo locus: 3
  Deleveraging algorithm: disabled
  Gapped assembly: enabled
  Minimum alignment length: 0.8
  Model type: SNP
  Alpha significance level for model: 0.05

Loading RAD-Tags...1M...2M...3M...4M...5M...6M...

Loaded 6932187 reads; formed:
  232174 stacks representing 6430736 primary reads (92.8%)
  452456 secondary stacks representing 501451 secondary reads (7.2%)

Stack coverage: mean=27.70; stdev=374.73; max=86908; n_reads=6430736(92.8%)
Removing repetitive stacks: cov > 1152 (mean+3*stdev)...
  Blacklisted 11095 stacks.
Coverage after repeat removal: mean=20.60; stdev=37.23; max=1152; n_reads=4554081(65.7%)

Assembling stacks (max. dist. M=1)...
  Assembled 221079 stacks into 182217; blacklisted 2268 stacks.
Coverage after assembling stacks: mean=20.46; stdev=23.86; max=1009; n_reads=3675574(53.0%)

Merging secondary stacks (max. dist. N=3 from consensus)...
  Merged 201259 out of 501451 secondary reads (40.1%), 8944 merged with gapped alignments.
Coverage after merging secondary stacks: mean=21.58; stdev=24.66; max=1045; n_reads=3876833(55.9%)

Assembling stacks, allowing for gaps (min. match length 80.0%)...
  Assembled 182217 stacks into 178021 stacks.
Coverage after gapped assembly: mean=22.09; stdev=25.10; max=1045; n_reads=3876833(55.9%)

Merging secondary stacks, allowing for gaps (min. match length 80.0%)...
  Merged 15710 out of 300192 secondary reads (5.2%).
Coverage after merging gapped secondary stacks: mean=22.18; stdev=25.13; max=1045; n_reads=3892543(56.2%)

Final number of stacks built: 178021
Final coverage: mean=22.18; stdev=25.13; max=1045; n_reads=3892543(56.2%)
Calling consensus sequences and haplotypes for catalog assembly...
Writing tags, SNPs, and alleles files to '00_Data/05a_Stacks.denovo.ALL.M1n1/S_23_02154'...done.
ustacks is done.
