

-t gzfastq -f ./00_Data/03a_Demultiplex/S_23_02212.1.fq.gz -o 00_Data/05a_Stacks.denovo.ALL.M1n1/ -i 519 -m 3 --name S_23_02212 -M 1 -p 8


ustacks parameters selected:
  Input file: './00_Data/03a_Demultiplex/S_23_02212.1.fq.gz'
  Sample ID: 519
  Min depth of coverage to create a stack (m): 3
  Repeat removal algorithm: enabled
  Max distance allowed between stacks (M): 1
  Max distance allowed to align secondary reads: 3
  Max number of stacks allowed per de novo locus: 3
  Deleveraging algorithm: disabled
  Gapped assembly: enabled
  Minimum alignment length: 0.8
  Model type: SNP
  Alpha significance level for model: 0.05

Loading RAD-Tags...1M...2M...3M...

Loaded 3412366 reads; formed:
  190818 stacks representing 3105153 primary reads (91.0%)
  266155 secondary stacks representing 307213 secondary reads (9.0%)

Stack coverage: mean=16.27; stdev=207.06; max=48849; n_reads=3105153(91.0%)
Removing repetitive stacks: cov > 638 (mean+3*stdev)...
  Blacklisted 7722 stacks.
Coverage after repeat removal: mean=12.46; stdev=24.92; max=636; n_reads=2280472(66.8%)

Assembling stacks (max. dist. M=1)...
  Assembled 183096 stacks into 151578; blacklisted 2200 stacks.
Coverage after assembling stacks: mean=12.08; stdev=19.33; max=640; n_reads=1802641(52.8%)

Merging secondary stacks (max. dist. N=3 from consensus)...
  Merged 109780 out of 307213 secondary reads (35.7%), 4479 merged with gapped alignments.
Coverage after merging secondary stacks: mean=12.82; stdev=20.11; max=664; n_reads=1912421(56.0%)

Assembling stacks, allowing for gaps (min. match length 80.0%)...
  Assembled 151578 stacks into 148833 stacks.
Coverage after gapped assembly: mean=13.06; stdev=20.38; max=664; n_reads=1912421(56.0%)

Merging secondary stacks, allowing for gaps (min. match length 80.0%)...
  Merged 9926 out of 197433 secondary reads (5.0%).
Coverage after merging gapped secondary stacks: mean=13.13; stdev=20.40; max=664; n_reads=1922347(56.3%)

Final number of stacks built: 148833
Final coverage: mean=13.13; stdev=20.40; max=664; n_reads=1922347(56.3%)
Calling consensus sequences and haplotypes for catalog assembly...
Writing tags, SNPs, and alleles files to '00_Data/05a_Stacks.denovo.ALL.M1n1/S_23_02212'...done.
ustacks is done.
