

-t gzfastq -f ./00_Data/03a_Demultiplex/S_23_01273.1.fq.gz -o 00_Data/05a_Stacks.denovo.ALL.M1n1/ -i 207 -m 3 --name S_23_01273 -M 1 -p 8


ustacks parameters selected:
  Input file: './00_Data/03a_Demultiplex/S_23_01273.1.fq.gz'
  Sample ID: 207
  Min depth of coverage to create a stack (m): 3
  Repeat removal algorithm: enabled
  Max distance allowed between stacks (M): 1
  Max distance allowed to align secondary reads: 3
  Max number of stacks allowed per de novo locus: 3
  Deleveraging algorithm: disabled
  Gapped assembly: enabled
  Minimum alignment length: 0.8
  Model type: SNP
  Alpha significance level for model: 0.05

Loading RAD-Tags...1M...2M...3M...

Loaded 3694189 reads; formed:
  199067 stacks representing 3433632 primary reads (92.9%)
  234278 secondary stacks representing 260557 secondary reads (7.1%)

Stack coverage: mean=17.25; stdev=207.86; max=42973; n_reads=3433632(92.9%)
Removing repetitive stacks: cov > 641 (mean+3*stdev)...
  Blacklisted 9093 stacks.
Coverage after repeat removal: mean=12.99; stdev=21.85; max=641; n_reads=2468347(66.8%)

Assembling stacks (max. dist. M=1)...
  Assembled 189974 stacks into 158624; blacklisted 1805 stacks.
Coverage after assembling stacks: mean=12.85; stdev=13.76; max=637; n_reads=2012514(54.5%)

Merging secondary stacks (max. dist. N=3 from consensus)...
  Merged 119123 out of 260557 secondary reads (45.7%), 4950 merged with gapped alignments.
Coverage after merging secondary stacks: mean=13.61; stdev=14.29; max=650; n_reads=2131637(57.7%)

Assembling stacks, allowing for gaps (min. match length 80.0%)...
  Assembled 158624 stacks into 155180 stacks.
Coverage after gapped assembly: mean=13.92; stdev=14.58; max=650; n_reads=2131637(57.7%)

Merging secondary stacks, allowing for gaps (min. match length 80.0%)...
  Merged 9953 out of 141434 secondary reads (7.0%).
Coverage after merging gapped secondary stacks: mean=13.99; stdev=14.61; max=650; n_reads=2141590(58.0%)

Final number of stacks built: 155180
Final coverage: mean=13.99; stdev=14.61; max=650; n_reads=2141590(58.0%)
Calling consensus sequences and haplotypes for catalog assembly...
Writing tags, SNPs, and alleles files to '00_Data/05a_Stacks.denovo.ALL.M1n1/S_23_01273'...done.
ustacks is done.
