

-t gzfastq -f ./00_Data/03a_Demultiplex/S_23_01001.1.fq.gz -o 00_Data/05a_Stacks.denovo.ALL.M4n4/ -i 23 -m 3 --name S_23_01001 -M 4 -p 8


ustacks parameters selected:
  Input file: './00_Data/03a_Demultiplex/S_23_01001.1.fq.gz'
  Sample ID: 23
  Min depth of coverage to create a stack (m): 3
  Repeat removal algorithm: enabled
  Max distance allowed between stacks (M): 4
  Max distance allowed to align secondary reads: 6
  Max number of stacks allowed per de novo locus: 3
  Deleveraging algorithm: disabled
  Gapped assembly: enabled
  Minimum alignment length: 0.8
  Model type: SNP
  Alpha significance level for model: 0.05

Loading RAD-Tags...1M...2M...

Loaded 2127352 reads; formed:
  155701 stacks representing 1918570 primary reads (90.2%)
  177554 secondary stacks representing 208782 secondary reads (9.8%)

Stack coverage: mean=12.32; stdev=142.38; max=24592; n_reads=1918570(90.2%)
Removing repetitive stacks: cov > 440 (mean+3*stdev)...
  Blacklisted 7288 stacks.
Coverage after repeat removal: mean=9.06; stdev=15.49; max=440; n_reads=1344822(63.2%)

Assembling stacks (max. dist. M=4)...
  Assembled 148413 stacks into 102973; blacklisted 2239 stacks.
Coverage after assembling stacks: mean=8.71; stdev=9.97; max=438; n_reads=875805(41.2%)

Merging secondary stacks (max. dist. N=6 from consensus)...
  Merged 78949 out of 208782 secondary reads (37.8%), 27963 merged with gapped alignments.
Coverage after merging secondary stacks: mean=9.50; stdev=12.15; max=1513; n_reads=954754(44.9%)

Assembling stacks, allowing for gaps (min. match length 80.0%)...
  Assembled 102973 stacks into 99017 stacks.
Coverage after gapped assembly: mean=9.89; stdev=12.77; max=1513; n_reads=954754(44.9%)

Merging secondary stacks, allowing for gaps (min. match length 80.0%)...
  Merged 23834 out of 129833 secondary reads (18.4%).
Coverage after merging gapped secondary stacks: mean=10.13; stdev=13.83; max=1517; n_reads=978588(46.0%)

Final number of stacks built: 99017
Final coverage: mean=10.13; stdev=13.83; max=1517; n_reads=978588(46.0%)
Calling consensus sequences and haplotypes for catalog assembly...
Writing tags, SNPs, and alleles files to '00_Data/05a_Stacks.denovo.ALL.M4n4/S_23_01001'...done.
ustacks is done.
