

-t gzfastq -f ./00_Data/03a_Demultiplex/S_23_02271.1.fq.gz -o 00_Data/05a_Stacks.denovo.ALL.M1n1/ -i 562 -m 3 --name S_23_02271 -M 1 -p 8


ustacks parameters selected:
  Input file: './00_Data/03a_Demultiplex/S_23_02271.1.fq.gz'
  Sample ID: 562
  Min depth of coverage to create a stack (m): 3
  Repeat removal algorithm: enabled
  Max distance allowed between stacks (M): 1
  Max distance allowed to align secondary reads: 3
  Max number of stacks allowed per de novo locus: 3
  Deleveraging algorithm: disabled
  Gapped assembly: enabled
  Minimum alignment length: 0.8
  Model type: SNP
  Alpha significance level for model: 0.05

Loading RAD-Tags...1M...2M...3M...

Loaded 3748983 reads; formed:
  247699 stacks representing 3376355 primary reads (90.1%)
  324674 secondary stacks representing 372628 secondary reads (9.9%)

Stack coverage: mean=13.63; stdev=108.77; max=26089; n_reads=3376355(90.1%)
Removing repetitive stacks: cov > 340 (mean+3*stdev)...
  Blacklisted 16100 stacks.
Coverage after repeat removal: mean=10.32; stdev=14.50; max=340; n_reads=2389325(63.7%)

Assembling stacks (max. dist. M=1)...
  Assembled 231599 stacks into 189494; blacklisted 2721 stacks.
Coverage after assembling stacks: mean=10.05; stdev=8.62; max=439; n_reads=1871886(49.9%)

Merging secondary stacks (max. dist. N=3 from consensus)...
  Merged 128551 out of 372628 secondary reads (34.5%), 5341 merged with gapped alignments.
Coverage after merging secondary stacks: mean=10.74; stdev=9.01; max=455; n_reads=2000437(53.4%)

Assembling stacks, allowing for gaps (min. match length 80.0%)...
  Assembled 189494 stacks into 185098 stacks.
Coverage after gapped assembly: mean=11.00; stdev=9.22; max=455; n_reads=2000437(53.4%)

Merging secondary stacks, allowing for gaps (min. match length 80.0%)...
  Merged 14366 out of 244077 secondary reads (5.9%).
Coverage after merging gapped secondary stacks: mean=11.08; stdev=9.26; max=455; n_reads=2014803(53.7%)

Final number of stacks built: 185098
Final coverage: mean=11.08; stdev=9.26; max=455; n_reads=2014803(53.7%)
Calling consensus sequences and haplotypes for catalog assembly...
Writing tags, SNPs, and alleles files to '00_Data/05a_Stacks.denovo.ALL.M1n1/S_23_02271'...done.
ustacks is done.
