

-t gzfastq -f ./00_Data/03a_Demultiplex/S_23_01854.1.fq.gz -o 00_Data/05a_Stacks.denovo.ALL.M1n1/ -i 261 -m 3 --name S_23_01854 -M 1 -p 8


ustacks parameters selected:
  Input file: './00_Data/03a_Demultiplex/S_23_01854.1.fq.gz'
  Sample ID: 261
  Min depth of coverage to create a stack (m): 3
  Repeat removal algorithm: enabled
  Max distance allowed between stacks (M): 1
  Max distance allowed to align secondary reads: 3
  Max number of stacks allowed per de novo locus: 3
  Deleveraging algorithm: disabled
  Gapped assembly: enabled
  Minimum alignment length: 0.8
  Model type: SNP
  Alpha significance level for model: 0.05

Loading RAD-Tags...

Loaded 295295 reads; formed:
  25005 stacks representing 173351 primary reads (58.7%)
  97552 secondary stacks representing 121944 secondary reads (41.3%)

Stack coverage: mean=6.93; stdev=36.38; max=2513; n_reads=173351(58.7%)
Removing repetitive stacks: cov > 117 (mean+3*stdev)...
  Blacklisted 1384 stacks.
Coverage after repeat removal: mean=5.31; stdev=7.31; max=116; n_reads=125381(42.5%)

Assembling stacks (max. dist. M=1)...
  Assembled 23621 stacks into 21180; blacklisted 219 stacks.
Coverage after assembling stacks: mean=5.14; stdev=6.56; max=185; n_reads=107163(36.3%)

Merging secondary stacks (max. dist. N=3 from consensus)...
  Merged 16598 out of 121944 secondary reads (13.6%), 374 merged with gapped alignments.
Coverage after merging secondary stacks: mean=5.93; stdev=7.68; max=189; n_reads=123761(41.9%)

Assembling stacks, allowing for gaps (min. match length 80.0%)...
  Assembled 21180 stacks into 20983 stacks.
Coverage after gapped assembly: mean=5.99; stdev=7.82; max=189; n_reads=123761(41.9%)

Merging secondary stacks, allowing for gaps (min. match length 80.0%)...
  Merged 2948 out of 105346 secondary reads (2.8%).
Coverage after merging gapped secondary stacks: mean=6.13; stdev=8.06; max=189; n_reads=126709(42.9%)

Final number of stacks built: 20983
Final coverage: mean=6.13; stdev=8.06; max=189; n_reads=126709(42.9%)
Calling consensus sequences and haplotypes for catalog assembly...
Writing tags, SNPs, and alleles files to '00_Data/05a_Stacks.denovo.ALL.M1n1/S_23_01854'...done.
ustacks is done.
