

-t gzfastq -f ./00_Data/03a_Demultiplex/S_23_01194.1.fq.gz -o 00_Data/05a_Stacks.denovo.ALL.M4n4/ -i 143 -m 3 --name S_23_01194 -M 4 -p 8


ustacks parameters selected:
  Input file: './00_Data/03a_Demultiplex/S_23_01194.1.fq.gz'
  Sample ID: 143
  Min depth of coverage to create a stack (m): 3
  Repeat removal algorithm: enabled
  Max distance allowed between stacks (M): 4
  Max distance allowed to align secondary reads: 6
  Max number of stacks allowed per de novo locus: 3
  Deleveraging algorithm: disabled
  Gapped assembly: enabled
  Minimum alignment length: 0.8
  Model type: SNP
  Alpha significance level for model: 0.05

Loading RAD-Tags...1M...2M...3M...

Loaded 3661762 reads; formed:
  189485 stacks representing 3384181 primary reads (92.4%)
  247042 secondary stacks representing 277581 secondary reads (7.6%)

Stack coverage: mean=17.86; stdev=236.08; max=48658; n_reads=3384181(92.4%)
Removing repetitive stacks: cov > 727 (mean+3*stdev)...
  Blacklisted 8651 stacks.
Coverage after repeat removal: mean=13.25; stdev=22.93; max=727; n_reads=2395932(65.4%)

Assembling stacks (max. dist. M=4)...
  Assembled 180834 stacks into 121817; blacklisted 2684 stacks.
Coverage after assembling stacks: mean=13.03; stdev=13.98; max=689; n_reads=1549966(42.3%)

Merging secondary stacks (max. dist. N=6 from consensus)...
  Merged 125117 out of 277581 secondary reads (45.1%), 40901 merged with gapped alignments.
Coverage after merging secondary stacks: mean=14.09; stdev=17.02; max=2567; n_reads=1675083(45.7%)

Assembling stacks, allowing for gaps (min. match length 80.0%)...
  Assembled 121817 stacks into 116203 stacks.
Coverage after gapped assembly: mean=14.78; stdev=17.82; max=2567; n_reads=1675083(45.7%)

Merging secondary stacks, allowing for gaps (min. match length 80.0%)...
  Merged 29087 out of 152464 secondary reads (19.1%).
Coverage after merging gapped secondary stacks: mean=15.04; stdev=18.61; max=2567; n_reads=1704170(46.5%)

Final number of stacks built: 116203
Final coverage: mean=15.04; stdev=18.61; max=2567; n_reads=1704170(46.5%)
Calling consensus sequences and haplotypes for catalog assembly...
Writing tags, SNPs, and alleles files to '00_Data/05a_Stacks.denovo.ALL.M4n4/S_23_01194'...done.
ustacks is done.
