

-t gzfastq -f ./00_Data/03a_Demultiplex/S_23_02089.1.fq.gz -o 00_Data/05a_Stacks.denovo.ALL.M4n4/ -i 398 -m 3 --name S_23_02089 -M 4 -p 8


ustacks parameters selected:
  Input file: './00_Data/03a_Demultiplex/S_23_02089.1.fq.gz'
  Sample ID: 398
  Min depth of coverage to create a stack (m): 3
  Repeat removal algorithm: enabled
  Max distance allowed between stacks (M): 4
  Max distance allowed to align secondary reads: 6
  Max number of stacks allowed per de novo locus: 3
  Deleveraging algorithm: disabled
  Gapped assembly: enabled
  Minimum alignment length: 0.8
  Model type: SNP
  Alpha significance level for model: 0.05

Loading RAD-Tags...1M...

Loaded 1033193 reads; formed:
  86959 stacks representing 850450 primary reads (82.3%)
  147638 secondary stacks representing 182743 secondary reads (17.7%)

Stack coverage: mean=9.78; stdev=115.60; max=16292; n_reads=850450(82.3%)
Removing repetitive stacks: cov > 357 (mean+3*stdev)...
  Blacklisted 4242 stacks.
Coverage after repeat removal: mean=7.03; stdev=12.73; max=347; n_reads=581671(56.3%)

Assembling stacks (max. dist. M=4)...
  Assembled 82717 stacks into 58274; blacklisted 1270 stacks.
Coverage after assembling stacks: mean=6.65; stdev=8.28; max=338; n_reads=378209(36.6%)

Merging secondary stacks (max. dist. N=6 from consensus)...
  Merged 47663 out of 182743 secondary reads (26.1%), 18490 merged with gapped alignments.
Coverage after merging secondary stacks: mean=7.49; stdev=11.29; max=1100; n_reads=425872(41.2%)

Assembling stacks, allowing for gaps (min. match length 80.0%)...
  Assembled 58274 stacks into 56333 stacks.
Coverage after gapped assembly: mean=7.75; stdev=11.80; max=1100; n_reads=425872(41.2%)

Merging secondary stacks, allowing for gaps (min. match length 80.0%)...
  Merged 19681 out of 135080 secondary reads (14.6%).
Coverage after merging gapped secondary stacks: mean=8.11; stdev=13.78; max=1259; n_reads=445553(43.1%)

Final number of stacks built: 56333
Final coverage: mean=8.11; stdev=13.78; max=1259; n_reads=445553(43.1%)
Calling consensus sequences and haplotypes for catalog assembly...
Writing tags, SNPs, and alleles files to '00_Data/05a_Stacks.denovo.ALL.M4n4/S_23_02089'...done.
ustacks is done.
