

-t gzfastq -f ./00_Data/03a_Demultiplex/S_23_01163.1.fq.gz -o 00_Data/05a_Stacks.denovo.ALL.M4n4/ -i 126 -m 3 --name S_23_01163 -M 4 -p 8


ustacks parameters selected:
  Input file: './00_Data/03a_Demultiplex/S_23_01163.1.fq.gz'
  Sample ID: 126
  Min depth of coverage to create a stack (m): 3
  Repeat removal algorithm: enabled
  Max distance allowed between stacks (M): 4
  Max distance allowed to align secondary reads: 6
  Max number of stacks allowed per de novo locus: 3
  Deleveraging algorithm: disabled
  Gapped assembly: enabled
  Minimum alignment length: 0.8
  Model type: SNP
  Alpha significance level for model: 0.05

Loading RAD-Tags...1M...2M...3M...

Loaded 3866759 reads; formed:
  198734 stacks representing 3565339 primary reads (92.2%)
  268579 secondary stacks representing 301420 secondary reads (7.8%)

Stack coverage: mean=17.94; stdev=226.98; max=50196; n_reads=3565339(92.2%)
Removing repetitive stacks: cov > 699 (mean+3*stdev)...
  Blacklisted 9305 stacks.
Coverage after repeat removal: mean=13.34; stdev=23.39; max=696; n_reads=2527285(65.4%)

Assembling stacks (max. dist. M=4)...
  Assembled 189429 stacks into 128666; blacklisted 2833 stacks.
Coverage after assembling stacks: mean=12.93; stdev=14.70; max=694; n_reads=1623703(42.0%)

Merging secondary stacks (max. dist. N=6 from consensus)...
  Merged 132692 out of 301420 secondary reads (44.0%), 43772 merged with gapped alignments.
Coverage after merging secondary stacks: mean=13.99; stdev=16.56; max=1225; n_reads=1756395(45.4%)

Assembling stacks, allowing for gaps (min. match length 80.0%)...
  Assembled 128666 stacks into 122548 stacks.
Coverage after gapped assembly: mean=14.70; stdev=17.43; max=1225; n_reads=1756395(45.4%)

Merging secondary stacks, allowing for gaps (min. match length 80.0%)...
  Merged 33068 out of 168728 secondary reads (19.6%).
Coverage after merging gapped secondary stacks: mean=14.98; stdev=19.10; max=1413; n_reads=1789463(46.3%)

Final number of stacks built: 122548
Final coverage: mean=14.98; stdev=19.10; max=1413; n_reads=1789463(46.3%)
Calling consensus sequences and haplotypes for catalog assembly...
Writing tags, SNPs, and alleles files to '00_Data/05a_Stacks.denovo.ALL.M4n4/S_23_01163'...done.
ustacks is done.
