

-t gzfastq -f ./00_Data/03a_Demultiplex/S_23_02045.1.fq.gz -o 00_Data/05a_Stacks.denovo.ALL.M4n4/ -i 365 -m 3 --name S_23_02045 -M 4 -p 8


ustacks parameters selected:
  Input file: './00_Data/03a_Demultiplex/S_23_02045.1.fq.gz'
  Sample ID: 365
  Min depth of coverage to create a stack (m): 3
  Repeat removal algorithm: enabled
  Max distance allowed between stacks (M): 4
  Max distance allowed to align secondary reads: 6
  Max number of stacks allowed per de novo locus: 3
  Deleveraging algorithm: disabled
  Gapped assembly: enabled
  Minimum alignment length: 0.8
  Model type: SNP
  Alpha significance level for model: 0.05

Loading RAD-Tags...

Loaded 400435 reads; formed:
  36353 stacks representing 257166 primary reads (64.2%)
  113963 secondary stacks representing 143269 secondary reads (35.8%)

Stack coverage: mean=7.07; stdev=38.51; max=3178; n_reads=257166(64.2%)
Removing repetitive stacks: cov > 123 (mean+3*stdev)...
  Blacklisted 2001 stacks.
Coverage after repeat removal: mean=5.40; stdev=7.26; max=122; n_reads=185334(46.3%)

Assembling stacks (max. dist. M=4)...
  Assembled 34352 stacks into 25556; blacklisted 617 stacks.
Coverage after assembling stacks: mean=5.24; stdev=6.23; max=193; n_reads=129881(32.4%)

Merging secondary stacks (max. dist. N=6 from consensus)...
  Merged 30884 out of 143269 secondary reads (21.6%), 13258 merged with gapped alignments.
Coverage after merging secondary stacks: mean=6.48; stdev=13.02; max=1113; n_reads=160765(40.1%)

Assembling stacks, allowing for gaps (min. match length 80.0%)...
  Assembled 25556 stacks into 24815 stacks.
Coverage after gapped assembly: mean=6.68; stdev=13.76; max=1121; n_reads=160765(40.1%)

Merging secondary stacks, allowing for gaps (min. match length 80.0%)...
  Merged 11203 out of 112385 secondary reads (10.0%).
Coverage after merging gapped secondary stacks: mean=7.15; stdev=16.00; max=1147; n_reads=171968(42.9%)

Final number of stacks built: 24815
Final coverage: mean=7.15; stdev=16.00; max=1147; n_reads=171968(42.9%)
Calling consensus sequences and haplotypes for catalog assembly...
Writing tags, SNPs, and alleles files to '00_Data/05a_Stacks.denovo.ALL.M4n4/S_23_02045'...done.
ustacks is done.
