

-t gzfastq -f ./00_Data/03a_Demultiplex/S_23_01058.1.fq.gz -o 00_Data/05a_Stacks.denovo.ALL.M1n1/ -i 50 -m 3 --name S_23_01058 -M 1 -p 8


ustacks parameters selected:
  Input file: './00_Data/03a_Demultiplex/S_23_01058.1.fq.gz'
  Sample ID: 50
  Min depth of coverage to create a stack (m): 3
  Repeat removal algorithm: enabled
  Max distance allowed between stacks (M): 1
  Max distance allowed to align secondary reads: 3
  Max number of stacks allowed per de novo locus: 3
  Deleveraging algorithm: disabled
  Gapped assembly: enabled
  Minimum alignment length: 0.8
  Model type: SNP
  Alpha significance level for model: 0.05

Loading RAD-Tags...1M...

Loaded 1268344 reads; formed:
  116804 stacks representing 1069624 primary reads (84.3%)
  158967 secondary stacks representing 198720 secondary reads (15.7%)

Stack coverage: mean=9.16; stdev=79.88; max=10094; n_reads=1069624(84.3%)
Removing repetitive stacks: cov > 249 (mean+3*stdev)...
  Blacklisted 5429 stacks.
Coverage after repeat removal: mean=6.89; stdev=10.57; max=249; n_reads=766836(60.5%)

Assembling stacks (max. dist. M=1)...
  Assembled 111375 stacks into 97336; blacklisted 1008 stacks.
Coverage after assembling stacks: mean=6.62; stdev=7.89; max=301; n_reads=636005(50.1%)

Merging secondary stacks (max. dist. N=3 from consensus)...
  Merged 49038 out of 198720 secondary reads (24.7%), 1788 merged with gapped alignments.
Coverage after merging secondary stacks: mean=7.13; stdev=8.39; max=315; n_reads=685043(54.0%)

Assembling stacks, allowing for gaps (min. match length 80.0%)...
  Assembled 97336 stacks into 96139 stacks.
Coverage after gapped assembly: mean=7.22; stdev=8.51; max=315; n_reads=685043(54.0%)

Merging secondary stacks, allowing for gaps (min. match length 80.0%)...
  Merged 6971 out of 149682 secondary reads (4.7%).
Coverage after merging gapped secondary stacks: mean=7.29; stdev=8.57; max=315; n_reads=692014(54.6%)

Final number of stacks built: 96139
Final coverage: mean=7.29; stdev=8.57; max=315; n_reads=692014(54.6%)
Calling consensus sequences and haplotypes for catalog assembly...
Writing tags, SNPs, and alleles files to '00_Data/05a_Stacks.denovo.ALL.M1n1/S_23_01058'...done.
ustacks is done.
