

-t gzfastq -f ./00_Data/03a_Demultiplex/S_23_02198.1.fq.gz -o 00_Data/05a_Stacks.denovo.ALL.M1n1/ -i 506 -m 3 --name S_23_02198 -M 1 -p 8


ustacks parameters selected:
  Input file: './00_Data/03a_Demultiplex/S_23_02198.1.fq.gz'
  Sample ID: 506
  Min depth of coverage to create a stack (m): 3
  Repeat removal algorithm: enabled
  Max distance allowed between stacks (M): 1
  Max distance allowed to align secondary reads: 3
  Max number of stacks allowed per de novo locus: 3
  Deleveraging algorithm: disabled
  Gapped assembly: enabled
  Minimum alignment length: 0.8
  Model type: SNP
  Alpha significance level for model: 0.05

Loading RAD-Tags...1M...2M...3M...4M...

Loaded 4063162 reads; formed:
  196383 stacks representing 3746560 primary reads (92.2%)
  280107 secondary stacks representing 316602 secondary reads (7.8%)

Stack coverage: mean=19.08; stdev=209.04; max=45513; n_reads=3746560(92.2%)
Removing repetitive stacks: cov > 647 (mean+3*stdev)...
  Blacklisted 9210 stacks.
Coverage after repeat removal: mean=14.36; stdev=33.77; max=647; n_reads=2688524(66.2%)

Assembling stacks (max. dist. M=1)...
  Assembled 187173 stacks into 152289; blacklisted 2613 stacks.
Coverage after assembling stacks: mean=13.31; stdev=26.24; max=969; n_reads=1987347(48.9%)

Merging secondary stacks (max. dist. N=3 from consensus)...
  Merged 125474 out of 316602 secondary reads (39.6%), 4698 merged with gapped alignments.
Coverage after merging secondary stacks: mean=14.16; stdev=27.36; max=1016; n_reads=2112821(52.0%)

Assembling stacks, allowing for gaps (min. match length 80.0%)...
  Assembled 152289 stacks into 149575 stacks.
Coverage after gapped assembly: mean=14.42; stdev=27.65; max=1016; n_reads=2112821(52.0%)

Merging secondary stacks, allowing for gaps (min. match length 80.0%)...
  Merged 9500 out of 191128 secondary reads (5.0%).
Coverage after merging gapped secondary stacks: mean=14.48; stdev=27.68; max=1016; n_reads=2122321(52.2%)

Final number of stacks built: 149575
Final coverage: mean=14.48; stdev=27.68; max=1016; n_reads=2122321(52.2%)
Calling consensus sequences and haplotypes for catalog assembly...
Writing tags, SNPs, and alleles files to '00_Data/05a_Stacks.denovo.ALL.M1n1/S_23_02198'...done.
ustacks is done.
