

-t gzfastq -f ./00_Data/03a_Demultiplex/S_23_01117.1.fq.gz -o 00_Data/05a_Stacks.denovo.ALL.M4n4/ -i 95 -m 3 --name S_23_01117 -M 4 -p 8


ustacks parameters selected:
  Input file: './00_Data/03a_Demultiplex/S_23_01117.1.fq.gz'
  Sample ID: 95
  Min depth of coverage to create a stack (m): 3
  Repeat removal algorithm: enabled
  Max distance allowed between stacks (M): 4
  Max distance allowed to align secondary reads: 6
  Max number of stacks allowed per de novo locus: 3
  Deleveraging algorithm: disabled
  Gapped assembly: enabled
  Minimum alignment length: 0.8
  Model type: SNP
  Alpha significance level for model: 0.05

Loading RAD-Tags...1M...

Loaded 1746957 reads; formed:
  142175 stacks representing 1529133 primary reads (87.5%)
  180431 secondary stacks representing 217824 secondary reads (12.5%)

Stack coverage: mean=10.76; stdev=119.48; max=19897; n_reads=1529133(87.5%)
Removing repetitive stacks: cov > 370 (mean+3*stdev)...
  Blacklisted 6533 stacks.
Coverage after repeat removal: mean=7.97; stdev=13.18; max=369; n_reads=1081073(61.9%)

Assembling stacks (max. dist. M=4)...
  Assembled 135642 stacks into 95072; blacklisted 2022 stacks.
Coverage after assembling stacks: mean=7.62; stdev=9.24; max=548; n_reads=707775(40.5%)

Merging secondary stacks (max. dist. N=6 from consensus)...
  Merged 75189 out of 217824 secondary reads (34.5%), 28336 merged with gapped alignments.
Coverage after merging secondary stacks: mean=8.43; stdev=12.63; max=1428; n_reads=782964(44.8%)

Assembling stacks, allowing for gaps (min. match length 80.0%)...
  Assembled 95072 stacks into 91715 stacks.
Coverage after gapped assembly: mean=8.75; stdev=13.14; max=1428; n_reads=782964(44.8%)

Merging secondary stacks, allowing for gaps (min. match length 80.0%)...
  Merged 23461 out of 142635 secondary reads (16.4%).
Coverage after merging gapped secondary stacks: mean=9.01; stdev=14.49; max=1798; n_reads=806425(46.2%)

Final number of stacks built: 91715
Final coverage: mean=9.01; stdev=14.49; max=1798; n_reads=806425(46.2%)
Calling consensus sequences and haplotypes for catalog assembly...
Writing tags, SNPs, and alleles files to '00_Data/05a_Stacks.denovo.ALL.M4n4/S_23_01117'...done.
ustacks is done.
