

-t gzfastq -f ./00_Data/03a_Demultiplex/S_23_02192.1.fq.gz -o 00_Data/05a_Stacks.denovo.ALL.M1n1/ -i 500 -m 3 --name S_23_02192 -M 1 -p 8


ustacks parameters selected:
  Input file: './00_Data/03a_Demultiplex/S_23_02192.1.fq.gz'
  Sample ID: 500
  Min depth of coverage to create a stack (m): 3
  Repeat removal algorithm: enabled
  Max distance allowed between stacks (M): 1
  Max distance allowed to align secondary reads: 3
  Max number of stacks allowed per de novo locus: 3
  Deleveraging algorithm: disabled
  Gapped assembly: enabled
  Minimum alignment length: 0.8
  Model type: SNP
  Alpha significance level for model: 0.05

Loading RAD-Tags...1M...2M...3M...4M...5M...

Loaded 5712016 reads; formed:
  236224 stacks representing 5286972 primary reads (92.6%)
  382249 secondary stacks representing 425044 secondary reads (7.4%)

Stack coverage: mean=22.38; stdev=304.45; max=73391; n_reads=5286972(92.6%)
Removing repetitive stacks: cov > 936 (mean+3*stdev)...
  Blacklisted 10117 stacks.
Coverage after repeat removal: mean=16.95; stdev=32.14; max=932; n_reads=3831655(67.1%)

Assembling stacks (max. dist. M=1)...
  Assembled 226107 stacks into 183765; blacklisted 2716 stacks.
Coverage after assembling stacks: mean=16.82; stdev=22.05; max=1021; n_reads=3040330(53.2%)

Merging secondary stacks (max. dist. N=3 from consensus)...
  Merged 174601 out of 425044 secondary reads (41.1%), 7197 merged with gapped alignments.
Coverage after merging secondary stacks: mean=17.78; stdev=22.90; max=1039; n_reads=3214931(56.3%)

Assembling stacks, allowing for gaps (min. match length 80.0%)...
  Assembled 183765 stacks into 179638 stacks.
Coverage after gapped assembly: mean=18.20; stdev=23.31; max=1039; n_reads=3214931(56.3%)

Merging secondary stacks, allowing for gaps (min. match length 80.0%)...
  Merged 13051 out of 250443 secondary reads (5.2%).
Coverage after merging gapped secondary stacks: mean=18.27; stdev=23.33; max=1041; n_reads=3227982(56.5%)

Final number of stacks built: 179638
Final coverage: mean=18.27; stdev=23.33; max=1041; n_reads=3227982(56.5%)
Calling consensus sequences and haplotypes for catalog assembly...
Writing tags, SNPs, and alleles files to '00_Data/05a_Stacks.denovo.ALL.M1n1/S_23_02192'...done.
ustacks is done.
