

-t gzfastq -f ./00_Data/03a_Demultiplex/S_23_01007.1.fq.gz -o 00_Data/05a_Stacks.denovo.ALL.M1n1/ -i 29 -m 3 --name S_23_01007 -M 1 -p 8


ustacks parameters selected:
  Input file: './00_Data/03a_Demultiplex/S_23_01007.1.fq.gz'
  Sample ID: 29
  Min depth of coverage to create a stack (m): 3
  Repeat removal algorithm: enabled
  Max distance allowed between stacks (M): 1
  Max distance allowed to align secondary reads: 3
  Max number of stacks allowed per de novo locus: 3
  Deleveraging algorithm: disabled
  Gapped assembly: enabled
  Minimum alignment length: 0.8
  Model type: SNP
  Alpha significance level for model: 0.05

Loading RAD-Tags...1M...2M...3M...4M...5M...

Loaded 5921256 reads; formed:
  214571 stacks representing 5500412 primary reads (92.9%)
  383384 secondary stacks representing 420844 secondary reads (7.1%)

Stack coverage: mean=25.63; stdev=337.50; max=66462; n_reads=5500412(92.9%)
Removing repetitive stacks: cov > 1039 (mean+3*stdev)...
  Blacklisted 11393 stacks.
Coverage after repeat removal: mean=18.90; stdev=33.58; max=1037; n_reads=3839921(64.8%)

Assembling stacks (max. dist. M=1)...
  Assembled 203178 stacks into 165509; blacklisted 2144 stacks.
Coverage after assembling stacks: mean=18.86; stdev=20.77; max=1039; n_reads=3076272(52.0%)

Merging secondary stacks (max. dist. N=3 from consensus)...
  Merged 196113 out of 420844 secondary reads (46.6%), 8347 merged with gapped alignments.
Coverage after merging secondary stacks: mean=20.06; stdev=21.65; max=1059; n_reads=3272385(55.3%)

Assembling stacks, allowing for gaps (min. match length 80.0%)...
  Assembled 165509 stacks into 161549 stacks.
Coverage after gapped assembly: mean=20.56; stdev=22.06; max=1059; n_reads=3272385(55.3%)

Merging secondary stacks, allowing for gaps (min. match length 80.0%)...
  Merged 15103 out of 224731 secondary reads (6.7%).
Coverage after merging gapped secondary stacks: mean=20.66; stdev=22.09; max=1059; n_reads=3287488(55.5%)

Final number of stacks built: 161549
Final coverage: mean=20.66; stdev=22.09; max=1059; n_reads=3287488(55.5%)
Calling consensus sequences and haplotypes for catalog assembly...
Writing tags, SNPs, and alleles files to '00_Data/05a_Stacks.denovo.ALL.M1n1/S_23_01007'...done.
ustacks is done.
