

-t gzfastq -f ./00_Data/03a_Demultiplex/S_23_01099.1.fq.gz -o 00_Data/05a_Stacks.denovo.ALL.M1n1/ -i 77 -m 3 --name S_23_01099 -M 1 -p 8


ustacks parameters selected:
  Input file: './00_Data/03a_Demultiplex/S_23_01099.1.fq.gz'
  Sample ID: 77
  Min depth of coverage to create a stack (m): 3
  Repeat removal algorithm: enabled
  Max distance allowed between stacks (M): 1
  Max distance allowed to align secondary reads: 3
  Max number of stacks allowed per de novo locus: 3
  Deleveraging algorithm: disabled
  Gapped assembly: enabled
  Minimum alignment length: 0.8
  Model type: SNP
  Alpha significance level for model: 0.05

Loading RAD-Tags...1M...2M...

Loaded 2967566 reads; formed:
  200735 stacks representing 2672466 primary reads (90.1%)
  256152 secondary stacks representing 295100 secondary reads (9.9%)

Stack coverage: mean=13.31; stdev=155.70; max=32182; n_reads=2672466(90.1%)
Removing repetitive stacks: cov > 481 (mean+3*stdev)...
  Blacklisted 9460 stacks.
Coverage after repeat removal: mean=10.00; stdev=16.43; max=474; n_reads=1912181(64.4%)

Assembling stacks (max. dist. M=1)...
  Assembled 191275 stacks into 163161; blacklisted 1745 stacks.
Coverage after assembling stacks: mean=9.79; stdev=10.79; max=475; n_reads=1576942(53.1%)

Merging secondary stacks (max. dist. N=3 from consensus)...
  Merged 104597 out of 295100 secondary reads (35.4%), 4542 merged with gapped alignments.
Coverage after merging secondary stacks: mean=10.43; stdev=11.31; max=495; n_reads=1681539(56.7%)

Assembling stacks, allowing for gaps (min. match length 80.0%)...
  Assembled 163161 stacks into 160144 stacks.
Coverage after gapped assembly: mean=10.63; stdev=11.53; max=495; n_reads=1681539(56.7%)

Merging secondary stacks, allowing for gaps (min. match length 80.0%)...
  Merged 11372 out of 190503 secondary reads (6.0%).
Coverage after merging gapped secondary stacks: mean=10.71; stdev=11.57; max=495; n_reads=1692911(57.0%)

Final number of stacks built: 160144
Final coverage: mean=10.71; stdev=11.57; max=495; n_reads=1692911(57.0%)
Calling consensus sequences and haplotypes for catalog assembly...
Writing tags, SNPs, and alleles files to '00_Data/05a_Stacks.denovo.ALL.M1n1/S_23_01099'...done.
ustacks is done.
