

-t gzfastq -f ./00_Data/03a_Demultiplex/S_23_01003.1.fq.gz -o 00_Data/05a_Stacks.denovo.ALL.M4n4/ -i 25 -m 3 --name S_23_01003 -M 4 -p 8


ustacks parameters selected:
  Input file: './00_Data/03a_Demultiplex/S_23_01003.1.fq.gz'
  Sample ID: 25
  Min depth of coverage to create a stack (m): 3
  Repeat removal algorithm: enabled
  Max distance allowed between stacks (M): 4
  Max distance allowed to align secondary reads: 6
  Max number of stacks allowed per de novo locus: 3
  Deleveraging algorithm: disabled
  Gapped assembly: enabled
  Minimum alignment length: 0.8
  Model type: SNP
  Alpha significance level for model: 0.05

Loading RAD-Tags...1M...2M...3M...4M...5M...6M...7M...

Loaded 7925601 reads; formed:
  225533 stacks representing 7492042 primary reads (94.5%)
  399871 secondary stacks representing 433559 secondary reads (5.5%)

Stack coverage: mean=33.22; stdev=435.45; max=94849; n_reads=7492042(94.5%)
Removing repetitive stacks: cov > 1340 (mean+3*stdev)...
  Blacklisted 11977 stacks.
Coverage after repeat removal: mean=24.52; stdev=44.59; max=1337; n_reads=5237142(66.1%)

Assembling stacks (max. dist. M=4)...
  Assembled 213556 stacks into 140492; blacklisted 3355 stacks.
Coverage after assembling stacks: mean=24.32; stdev=26.86; max=1214; n_reads=3328945(42.0%)

Merging secondary stacks (max. dist. N=6 from consensus)...
  Merged 227752 out of 433559 secondary reads (52.5%), 68860 merged with gapped alignments.
Coverage after merging secondary stacks: mean=25.99; stdev=28.75; max=1251; n_reads=3556697(44.9%)

Assembling stacks, allowing for gaps (min. match length 80.0%)...
  Assembled 140492 stacks into 132724 stacks.
Coverage after gapped assembly: mean=27.55; stdev=30.28; max=1251; n_reads=3556697(44.9%)

Merging secondary stacks, allowing for gaps (min. match length 80.0%)...
  Merged 48353 out of 205807 secondary reads (23.5%).
Coverage after merging gapped secondary stacks: mean=27.93; stdev=32.24; max=2256; n_reads=3605050(45.5%)

Final number of stacks built: 132724
Final coverage: mean=27.93; stdev=32.24; max=2256; n_reads=3605050(45.5%)
Calling consensus sequences and haplotypes for catalog assembly...
Writing tags, SNPs, and alleles files to '00_Data/05a_Stacks.denovo.ALL.M4n4/S_23_01003'...done.
ustacks is done.
