

-t gzfastq -f ./00_Data/03a_Demultiplex/S_23_01801.1.fq.gz -o 00_Data/05a_Stacks.denovo.ALL.M4n4/ -i 224 -m 3 --name S_23_01801 -M 4 -p 8


ustacks parameters selected:
  Input file: './00_Data/03a_Demultiplex/S_23_01801.1.fq.gz'
  Sample ID: 224
  Min depth of coverage to create a stack (m): 3
  Repeat removal algorithm: enabled
  Max distance allowed between stacks (M): 4
  Max distance allowed to align secondary reads: 6
  Max number of stacks allowed per de novo locus: 3
  Deleveraging algorithm: disabled
  Gapped assembly: enabled
  Minimum alignment length: 0.8
  Model type: SNP
  Alpha significance level for model: 0.05

Loading RAD-Tags...1M...2M...

Loaded 2891054 reads; formed:
  180567 stacks representing 2637486 primary reads (91.2%)
  221696 secondary stacks representing 253568 secondary reads (8.8%)

Stack coverage: mean=14.61; stdev=188.21; max=39583; n_reads=2637486(91.2%)
Removing repetitive stacks: cov > 580 (mean+3*stdev)...
  Blacklisted 7997 stacks.
Coverage after repeat removal: mean=10.82; stdev=19.03; max=578; n_reads=1867629(64.6%)

Assembling stacks (max. dist. M=4)...
  Assembled 172570 stacks into 117843; blacklisted 2566 stacks.
Coverage after assembling stacks: mean=10.40; stdev=11.27; max=541; n_reads=1196494(41.4%)

Merging secondary stacks (max. dist. N=6 from consensus)...
  Merged 100151 out of 253568 secondary reads (39.5%), 32792 merged with gapped alignments.
Coverage after merging secondary stacks: mean=11.27; stdev=12.50; max=559; n_reads=1296645(44.9%)

Assembling stacks, allowing for gaps (min. match length 80.0%)...
  Assembled 117843 stacks into 112952 stacks.
Coverage after gapped assembly: mean=11.77; stdev=13.13; max=559; n_reads=1296645(44.9%)

Merging secondary stacks, allowing for gaps (min. match length 80.0%)...
  Merged 29104 out of 153417 secondary reads (19.0%).
Coverage after merging gapped secondary stacks: mean=12.03; stdev=14.46; max=835; n_reads=1325749(45.9%)

Final number of stacks built: 112952
Final coverage: mean=12.03; stdev=14.46; max=835; n_reads=1325749(45.9%)
Calling consensus sequences and haplotypes for catalog assembly...
Writing tags, SNPs, and alleles files to '00_Data/05a_Stacks.denovo.ALL.M4n4/S_23_01801'...done.
ustacks is done.
