

-t gzfastq -f ./00_Data/03a_Demultiplex/S_23_01266.1.fq.gz -o 00_Data/05a_Stacks.denovo.ALL.M4n4/ -i 200 -m 3 --name S_23_01266 -M 4 -p 8


ustacks parameters selected:
  Input file: './00_Data/03a_Demultiplex/S_23_01266.1.fq.gz'
  Sample ID: 200
  Min depth of coverage to create a stack (m): 3
  Repeat removal algorithm: enabled
  Max distance allowed between stacks (M): 4
  Max distance allowed to align secondary reads: 6
  Max number of stacks allowed per de novo locus: 3
  Deleveraging algorithm: disabled
  Gapped assembly: enabled
  Minimum alignment length: 0.8
  Model type: SNP
  Alpha significance level for model: 0.05

Loading RAD-Tags...1M...2M...

Loaded 2942796 reads; formed:
  181340 stacks representing 2667290 primary reads (90.6%)
  238486 secondary stacks representing 275506 secondary reads (9.4%)

Stack coverage: mean=14.71; stdev=185.26; max=36169; n_reads=2667290(90.6%)
Removing repetitive stacks: cov > 571 (mean+3*stdev)...
  Blacklisted 8510 stacks.
Coverage after repeat removal: mean=10.83; stdev=19.16; max=567; n_reads=1871403(63.6%)

Assembling stacks (max. dist. M=4)...
  Assembled 172830 stacks into 117553; blacklisted 2632 stacks.
Coverage after assembling stacks: mean=10.44; stdev=11.55; max=503; n_reads=1197704(40.7%)

Merging secondary stacks (max. dist. N=6 from consensus)...
  Merged 113569 out of 275506 secondary reads (41.2%), 38551 merged with gapped alignments.
Coverage after merging secondary stacks: mean=11.43; stdev=13.60; max=1025; n_reads=1311273(44.6%)

Assembling stacks, allowing for gaps (min. match length 80.0%)...
  Assembled 117553 stacks into 112501 stacks.
Coverage after gapped assembly: mean=11.96; stdev=14.29; max=1025; n_reads=1311273(44.6%)

Merging secondary stacks, allowing for gaps (min. match length 80.0%)...
  Merged 31941 out of 161937 secondary reads (19.7%).
Coverage after merging gapped secondary stacks: mean=12.25; stdev=15.53; max=1108; n_reads=1343214(45.6%)

Final number of stacks built: 112501
Final coverage: mean=12.25; stdev=15.53; max=1108; n_reads=1343214(45.6%)
Calling consensus sequences and haplotypes for catalog assembly...
Writing tags, SNPs, and alleles files to '00_Data/05a_Stacks.denovo.ALL.M4n4/S_23_01266'...done.
ustacks is done.
