

-t gzfastq -f ./00_Data/03a_Demultiplex/S_23_02179.1.fq.gz -o 00_Data/05a_Stacks.denovo.ALL.M4n4/ -i 489 -m 3 --name S_23_02179 -M 4 -p 8


ustacks parameters selected:
  Input file: './00_Data/03a_Demultiplex/S_23_02179.1.fq.gz'
  Sample ID: 489
  Min depth of coverage to create a stack (m): 3
  Repeat removal algorithm: enabled
  Max distance allowed between stacks (M): 4
  Max distance allowed to align secondary reads: 6
  Max number of stacks allowed per de novo locus: 3
  Deleveraging algorithm: disabled
  Gapped assembly: enabled
  Minimum alignment length: 0.8
  Model type: SNP
  Alpha significance level for model: 0.05

Loading RAD-Tags...1M...2M...3M...4M...5M...

Loaded 5013214 reads; formed:
  236455 stacks representing 4629139 primary reads (92.3%)
  343712 secondary stacks representing 384075 secondary reads (7.7%)

Stack coverage: mean=19.58; stdev=250.14; max=55790; n_reads=4629139(92.3%)
Removing repetitive stacks: cov > 770 (mean+3*stdev)...
  Blacklisted 12005 stacks.
Coverage after repeat removal: mean=14.47; stdev=25.19; max=770; n_reads=3248852(64.8%)

Assembling stacks (max. dist. M=4)...
  Assembled 224450 stacks into 150596; blacklisted 3415 stacks.
Coverage after assembling stacks: mean=14.17; stdev=15.30; max=718; n_reads=2080900(41.5%)

Merging secondary stacks (max. dist. N=6 from consensus)...
  Merged 171563 out of 384075 secondary reads (44.7%), 57177 merged with gapped alignments.
Coverage after merging secondary stacks: mean=15.33; stdev=17.77; max=2266; n_reads=2252463(44.9%)

Assembling stacks, allowing for gaps (min. match length 80.0%)...
  Assembled 150596 stacks into 142785 stacks.
Coverage after gapped assembly: mean=16.20; stdev=18.78; max=2266; n_reads=2252463(44.9%)

Merging secondary stacks, allowing for gaps (min. match length 80.0%)...
  Merged 45237 out of 212512 secondary reads (21.3%).
Coverage after merging gapped secondary stacks: mean=16.52; stdev=19.91; max=2266; n_reads=2297700(45.8%)

Final number of stacks built: 142785
Final coverage: mean=16.52; stdev=19.91; max=2266; n_reads=2297700(45.8%)
Calling consensus sequences and haplotypes for catalog assembly...
Writing tags, SNPs, and alleles files to '00_Data/05a_Stacks.denovo.ALL.M4n4/S_23_02179'...done.
ustacks is done.
