

-t gzfastq -f ./00_Data/03a_Demultiplex/S_23_01900.1.fq.gz -o 00_Data/05a_Stacks.denovo.ALL.M4n4/ -i 292 -m 3 --name S_23_01900 -M 4 -p 8


ustacks parameters selected:
  Input file: './00_Data/03a_Demultiplex/S_23_01900.1.fq.gz'
  Sample ID: 292
  Min depth of coverage to create a stack (m): 3
  Repeat removal algorithm: enabled
  Max distance allowed between stacks (M): 4
  Max distance allowed to align secondary reads: 6
  Max number of stacks allowed per de novo locus: 3
  Deleveraging algorithm: disabled
  Gapped assembly: enabled
  Minimum alignment length: 0.8
  Model type: SNP
  Alpha significance level for model: 0.05

Loading RAD-Tags...1M...2M...

Loaded 2999935 reads; formed:
  197970 stacks representing 2695927 primary reads (89.9%)
  264507 secondary stacks representing 304008 secondary reads (10.1%)

Stack coverage: mean=13.62; stdev=165.50; max=33849; n_reads=2695927(89.9%)
Removing repetitive stacks: cov > 511 (mean+3*stdev)...
  Blacklisted 9210 stacks.
Coverage after repeat removal: mean=10.12; stdev=17.55; max=510; n_reads=1911090(63.7%)

Assembling stacks (max. dist. M=4)...
  Assembled 188760 stacks into 130329; blacklisted 2827 stacks.
Coverage after assembling stacks: mean=9.72; stdev=10.63; max=473; n_reads=1236448(41.2%)

Merging secondary stacks (max. dist. N=6 from consensus)...
  Merged 115356 out of 304008 secondary reads (37.9%), 38155 merged with gapped alignments.
Coverage after merging secondary stacks: mean=10.62; stdev=12.04; max=515; n_reads=1351804(45.1%)

Assembling stacks, allowing for gaps (min. match length 80.0%)...
  Assembled 130329 stacks into 124625 stacks.
Coverage after gapped assembly: mean=11.12; stdev=12.69; max=515; n_reads=1351804(45.1%)

Merging secondary stacks, allowing for gaps (min. match length 80.0%)...
  Merged 34384 out of 188652 secondary reads (18.2%).
Coverage after merging gapped secondary stacks: mean=11.41; stdev=14.23; max=1161; n_reads=1386188(46.2%)

Final number of stacks built: 124625
Final coverage: mean=11.41; stdev=14.23; max=1161; n_reads=1386188(46.2%)
Calling consensus sequences and haplotypes for catalog assembly...
Writing tags, SNPs, and alleles files to '00_Data/05a_Stacks.denovo.ALL.M4n4/S_23_01900'...done.
ustacks is done.
