

-t gzfastq -f ./00_Data/03a_Demultiplex/S_23_01102.1.fq.gz -o 00_Data/05a_Stacks.denovo.ALL.M1n1/ -i 80 -m 3 --name S_23_01102 -M 1 -p 8


ustacks parameters selected:
  Input file: './00_Data/03a_Demultiplex/S_23_01102.1.fq.gz'
  Sample ID: 80
  Min depth of coverage to create a stack (m): 3
  Repeat removal algorithm: enabled
  Max distance allowed between stacks (M): 1
  Max distance allowed to align secondary reads: 3
  Max number of stacks allowed per de novo locus: 3
  Deleveraging algorithm: disabled
  Gapped assembly: enabled
  Minimum alignment length: 0.8
  Model type: SNP
  Alpha significance level for model: 0.05

Loading RAD-Tags...1M...2M...3M...4M...5M...

Loaded 5208038 reads; formed:
  221808 stacks representing 4814336 primary reads (92.4%)
  354206 secondary stacks representing 393702 secondary reads (7.6%)

Stack coverage: mean=21.70; stdev=284.58; max=62081; n_reads=4814336(92.4%)
Removing repetitive stacks: cov > 876 (mean+3*stdev)...
  Blacklisted 10704 stacks.
Coverage after repeat removal: mean=15.99; stdev=28.40; max=876; n_reads=3375275(64.8%)

Assembling stacks (max. dist. M=1)...
  Assembled 211104 stacks into 174931; blacklisted 2101 stacks.
Coverage after assembling stacks: mean=15.74; stdev=17.96; max=808; n_reads=2716970(52.2%)

Merging secondary stacks (max. dist. N=3 from consensus)...
  Merged 155564 out of 393702 secondary reads (39.5%), 6985 merged with gapped alignments.
Coverage after merging secondary stacks: mean=16.65; stdev=18.64; max=835; n_reads=2872534(55.2%)

Assembling stacks, allowing for gaps (min. match length 80.0%)...
  Assembled 174931 stacks into 170938 stacks.
Coverage after gapped assembly: mean=17.04; stdev=19.00; max=835; n_reads=2872534(55.2%)

Merging secondary stacks, allowing for gaps (min. match length 80.0%)...
  Merged 13149 out of 238138 secondary reads (5.5%).
Coverage after merging gapped secondary stacks: mean=17.12; stdev=19.02; max=835; n_reads=2885683(55.4%)

Final number of stacks built: 170938
Final coverage: mean=17.12; stdev=19.02; max=835; n_reads=2885683(55.4%)
Calling consensus sequences and haplotypes for catalog assembly...
Writing tags, SNPs, and alleles files to '00_Data/05a_Stacks.denovo.ALL.M1n1/S_23_01102'...done.
ustacks is done.
