

-t gzfastq -f ./00_Data/03a_Demultiplex/S_23_02125_rep.1.fq.gz -o 00_Data/05a_Stacks.denovo.ALL.M1n1/ -i 434 -m 3 --name S_23_02125_rep -M 1 -p 8


ustacks parameters selected:
  Input file: './00_Data/03a_Demultiplex/S_23_02125_rep.1.fq.gz'
  Sample ID: 434
  Min depth of coverage to create a stack (m): 3
  Repeat removal algorithm: enabled
  Max distance allowed between stacks (M): 1
  Max distance allowed to align secondary reads: 3
  Max number of stacks allowed per de novo locus: 3
  Deleveraging algorithm: disabled
  Gapped assembly: enabled
  Minimum alignment length: 0.8
  Model type: SNP
  Alpha significance level for model: 0.05

Loading RAD-Tags...1M...2M...3M...4M...5M...6M...7M...8M...9M...

Loaded 9098059 reads; formed:
  223748 stacks representing 8539603 primary reads (93.9%)
  514484 secondary stacks representing 558456 secondary reads (6.1%)

Stack coverage: mean=38.17; stdev=507.29; max=100261; n_reads=8539603(93.9%)
Removing repetitive stacks: cov > 1561 (mean+3*stdev)...
  Blacklisted 12865 stacks.
Coverage after repeat removal: mean=28.14; stdev=50.57; max=1556; n_reads=5934842(65.2%)

Assembling stacks (max. dist. M=1)...
  Assembled 210883 stacks into 170380; blacklisted 2411 stacks.
Coverage after assembling stacks: mean=28.30; stdev=30.64; max=1429; n_reads=4746368(52.2%)

Merging secondary stacks (max. dist. N=3 from consensus)...
  Merged 260877 out of 558456 secondary reads (46.7%), 11210 merged with gapped alignments.
Coverage after merging secondary stacks: mean=29.86; stdev=31.69; max=1449; n_reads=5007245(55.0%)

Assembling stacks, allowing for gaps (min. match length 80.0%)...
  Assembled 170380 stacks into 165859 stacks.
Coverage after gapped assembly: mean=30.68; stdev=32.33; max=1449; n_reads=5007245(55.0%)

Merging secondary stacks, allowing for gaps (min. match length 80.0%)...
  Merged 17202 out of 297579 secondary reads (5.8%).
Coverage after merging gapped secondary stacks: mean=30.79; stdev=32.35; max=1449; n_reads=5024447(55.2%)

Final number of stacks built: 165859
Final coverage: mean=30.79; stdev=32.35; max=1449; n_reads=5024447(55.2%)
Calling consensus sequences and haplotypes for catalog assembly...
Writing tags, SNPs, and alleles files to '00_Data/05a_Stacks.denovo.ALL.M1n1/S_23_02125_rep'...done.
ustacks is done.
