

-t gzfastq -f ./00_Data/03a_Demultiplex/S_23_01216.1.fq.gz -o 00_Data/05a_Stacks.denovo.ALL.M1n1/ -i 166 -m 3 --name S_23_01216 -M 1 -p 8


ustacks parameters selected:
  Input file: './00_Data/03a_Demultiplex/S_23_01216.1.fq.gz'
  Sample ID: 166
  Min depth of coverage to create a stack (m): 3
  Repeat removal algorithm: enabled
  Max distance allowed between stacks (M): 1
  Max distance allowed to align secondary reads: 3
  Max number of stacks allowed per de novo locus: 3
  Deleveraging algorithm: disabled
  Gapped assembly: enabled
  Minimum alignment length: 0.8
  Model type: SNP
  Alpha significance level for model: 0.05

Loading RAD-Tags...1M...2M...3M...4M...5M...6M...

Loaded 6518919 reads; formed:
  238745 stacks representing 6024344 primary reads (92.4%)
  443986 secondary stacks representing 494575 secondary reads (7.6%)

Stack coverage: mean=25.23; stdev=338.56; max=76364; n_reads=6024344(92.4%)
Removing repetitive stacks: cov > 1041 (mean+3*stdev)...
  Blacklisted 11703 stacks.
Coverage after repeat removal: mean=18.70; stdev=33.55; max=1021; n_reads=4244879(65.1%)

Assembling stacks (max. dist. M=1)...
  Assembled 227042 stacks into 186787; blacklisted 2380 stacks.
Coverage after assembling stacks: mean=18.47; stdev=20.74; max=845; n_reads=3401807(52.2%)

Merging secondary stacks (max. dist. N=3 from consensus)...
  Merged 200188 out of 494575 secondary reads (40.5%), 8802 merged with gapped alignments.
Coverage after merging secondary stacks: mean=19.56; stdev=21.52; max=869; n_reads=3601995(55.3%)

Assembling stacks, allowing for gaps (min. match length 80.0%)...
  Assembled 186787 stacks into 182307 stacks.
Coverage after gapped assembly: mean=20.05; stdev=22.03; max=1005; n_reads=3601995(55.3%)

Merging secondary stacks, allowing for gaps (min. match length 80.0%)...
  Merged 15293 out of 294387 secondary reads (5.2%).
Coverage after merging gapped secondary stacks: mean=20.13; stdev=22.06; max=1008; n_reads=3617288(55.5%)

Final number of stacks built: 182307
Final coverage: mean=20.13; stdev=22.06; max=1008; n_reads=3617288(55.5%)
Calling consensus sequences and haplotypes for catalog assembly...
Writing tags, SNPs, and alleles files to '00_Data/05a_Stacks.denovo.ALL.M1n1/S_23_01216'...done.
ustacks is done.
