

-t gzfastq -f ./00_Data/03a_Demultiplex/S_23_02067.1.fq.gz -o 00_Data/05a_Stacks.denovo.ALL.M1n1/ -i 387 -m 3 --name S_23_02067 -M 1 -p 8


ustacks parameters selected:
  Input file: './00_Data/03a_Demultiplex/S_23_02067.1.fq.gz'
  Sample ID: 387
  Min depth of coverage to create a stack (m): 3
  Repeat removal algorithm: enabled
  Max distance allowed between stacks (M): 1
  Max distance allowed to align secondary reads: 3
  Max number of stacks allowed per de novo locus: 3
  Deleveraging algorithm: disabled
  Gapped assembly: enabled
  Minimum alignment length: 0.8
  Model type: SNP
  Alpha significance level for model: 0.05

Loading RAD-Tags...

Loaded 224077 reads; formed:
  18087 stacks representing 125131 primary reads (55.8%)
  79584 secondary stacks representing 98946 secondary reads (44.2%)

Stack coverage: mean=6.92; stdev=34.05; max=2278; n_reads=125131(55.8%)
Removing repetitive stacks: cov > 110 (mean+3*stdev)...
  Blacklisted 1079 stacks.
Coverage after repeat removal: mean=5.26; stdev=7.23; max=109; n_reads=89381(39.9%)

Assembling stacks (max. dist. M=1)...
  Assembled 17008 stacks into 15186; blacklisted 166 stacks.
Coverage after assembling stacks: mean=5.13; stdev=6.87; max=140; n_reads=76680(34.2%)

Merging secondary stacks (max. dist. N=3 from consensus)...
  Merged 13007 out of 98946 secondary reads (13.1%), 320 merged with gapped alignments.
Coverage after merging secondary stacks: mean=6.00; stdev=8.02; max=161; n_reads=89687(40.0%)

Assembling stacks, allowing for gaps (min. match length 80.0%)...
  Assembled 15186 stacks into 15036 stacks.
Coverage after gapped assembly: mean=6.06; stdev=8.42; max=224; n_reads=89687(40.0%)

Merging secondary stacks, allowing for gaps (min. match length 80.0%)...
  Merged 2234 out of 85939 secondary reads (2.6%).
Coverage after merging gapped secondary stacks: mean=6.21; stdev=8.64; max=232; n_reads=91921(41.0%)

Final number of stacks built: 15036
Final coverage: mean=6.21; stdev=8.64; max=232; n_reads=91921(41.0%)
Calling consensus sequences and haplotypes for catalog assembly...
Writing tags, SNPs, and alleles files to '00_Data/05a_Stacks.denovo.ALL.M1n1/S_23_02067'...done.
ustacks is done.
