

-t gzfastq -f ./00_Data/03a_Demultiplex/S_23_00991.1.fq.gz -o 00_Data/05a_Stacks.denovo.ALL.M1n1/ -i 13 -m 3 --name S_23_00991 -M 1 -p 8


ustacks parameters selected:
  Input file: './00_Data/03a_Demultiplex/S_23_00991.1.fq.gz'
  Sample ID: 13
  Min depth of coverage to create a stack (m): 3
  Repeat removal algorithm: enabled
  Max distance allowed between stacks (M): 1
  Max distance allowed to align secondary reads: 3
  Max number of stacks allowed per de novo locus: 3
  Deleveraging algorithm: disabled
  Gapped assembly: enabled
  Minimum alignment length: 0.8
  Model type: SNP
  Alpha significance level for model: 0.05

Loading RAD-Tags...1M...2M...3M...4M...5M...

Loaded 5024505 reads; formed:
  193126 stacks representing 4676844 primary reads (93.1%)
  319085 secondary stacks representing 347661 secondary reads (6.9%)

Stack coverage: mean=24.22; stdev=306.40; max=56763; n_reads=4676844(93.1%)
Removing repetitive stacks: cov > 944 (mean+3*stdev)...
  Blacklisted 10391 stacks.
Coverage after repeat removal: mean=17.76; stdev=31.60; max=937; n_reads=3245921(64.6%)

Assembling stacks (max. dist. M=1)...
  Assembled 182735 stacks into 150063; blacklisted 1911 stacks.
Coverage after assembling stacks: mean=17.59; stdev=19.55; max=858; n_reads=2601526(51.8%)

Merging secondary stacks (max. dist. N=3 from consensus)...
  Merged 162514 out of 347661 secondary reads (46.7%), 6706 merged with gapped alignments.
Coverage after merging secondary stacks: mean=18.69; stdev=20.39; max=889; n_reads=2764040(55.0%)

Assembling stacks, allowing for gaps (min. match length 80.0%)...
  Assembled 150063 stacks into 146474 stacks.
Coverage after gapped assembly: mean=19.15; stdev=20.82; max=889; n_reads=2764040(55.0%)

Merging secondary stacks, allowing for gaps (min. match length 80.0%)...
  Merged 11981 out of 185147 secondary reads (6.5%).
Coverage after merging gapped secondary stacks: mean=19.23; stdev=20.85; max=889; n_reads=2776021(55.2%)

Final number of stacks built: 146474
Final coverage: mean=19.23; stdev=20.85; max=889; n_reads=2776021(55.2%)
Calling consensus sequences and haplotypes for catalog assembly...
Writing tags, SNPs, and alleles files to '00_Data/05a_Stacks.denovo.ALL.M1n1/S_23_00991'...done.
ustacks is done.
