

-t gzfastq -f ./00_Data/03a_Demultiplex/S_23_02162.1.fq.gz -o 00_Data/05a_Stacks.denovo.ALL.M4n4/ -i 472 -m 3 --name S_23_02162 -M 4 -p 8


ustacks parameters selected:
  Input file: './00_Data/03a_Demultiplex/S_23_02162.1.fq.gz'
  Sample ID: 472
  Min depth of coverage to create a stack (m): 3
  Repeat removal algorithm: enabled
  Max distance allowed between stacks (M): 4
  Max distance allowed to align secondary reads: 6
  Max number of stacks allowed per de novo locus: 3
  Deleveraging algorithm: disabled
  Gapped assembly: enabled
  Minimum alignment length: 0.8
  Model type: SNP
  Alpha significance level for model: 0.05

Loading RAD-Tags...1M...2M...3M...4M...5M...

Loaded 5831722 reads; formed:
  208394 stacks representing 5437877 primary reads (93.2%)
  361714 secondary stacks representing 393845 secondary reads (6.8%)

Stack coverage: mean=26.09; stdev=337.40; max=64223; n_reads=5437877(93.2%)
Removing repetitive stacks: cov > 1039 (mean+3*stdev)...
  Blacklisted 11236 stacks.
Coverage after repeat removal: mean=19.19; stdev=33.62; max=1035; n_reads=3783020(64.9%)

Assembling stacks (max. dist. M=4)...
  Assembled 197158 stacks into 130604; blacklisted 3034 stacks.
Coverage after assembling stacks: mean=19.06; stdev=20.39; max=970; n_reads=2426211(41.6%)

Merging secondary stacks (max. dist. N=6 from consensus)...
  Merged 195587 out of 393845 secondary reads (49.7%), 63593 merged with gapped alignments.
Coverage after merging secondary stacks: mean=20.59; stdev=23.81; max=2804; n_reads=2621798(45.0%)

Assembling stacks, allowing for gaps (min. match length 80.0%)...
  Assembled 130604 stacks into 123602 stacks.
Coverage after gapped assembly: mean=21.79; stdev=24.95; max=2804; n_reads=2621798(45.0%)

Merging secondary stacks, allowing for gaps (min. match length 80.0%)...
  Merged 40409 out of 198258 secondary reads (20.4%).
Coverage after merging gapped secondary stacks: mean=22.13; stdev=25.90; max=2804; n_reads=2662207(45.7%)

Final number of stacks built: 123602
Final coverage: mean=22.13; stdev=25.90; max=2804; n_reads=2662207(45.7%)
Calling consensus sequences and haplotypes for catalog assembly...
Writing tags, SNPs, and alleles files to '00_Data/05a_Stacks.denovo.ALL.M4n4/S_23_02162'...done.
ustacks is done.
