

-t gzfastq -f ./00_Data/03a_Demultiplex/S_23_02243.1.fq.gz -o 00_Data/05a_Stacks.denovo.ALL.M4n4/ -i 533 -m 3 --name S_23_02243 -M 4 -p 8


ustacks parameters selected:
  Input file: './00_Data/03a_Demultiplex/S_23_02243.1.fq.gz'
  Sample ID: 533
  Min depth of coverage to create a stack (m): 3
  Repeat removal algorithm: enabled
  Max distance allowed between stacks (M): 4
  Max distance allowed to align secondary reads: 6
  Max number of stacks allowed per de novo locus: 3
  Deleveraging algorithm: disabled
  Gapped assembly: enabled
  Minimum alignment length: 0.8
  Model type: SNP
  Alpha significance level for model: 0.05

Loading RAD-Tags...1M...2M...

Loaded 2250100 reads; formed:
  175507 stacks representing 1968297 primary reads (87.5%)
  238329 secondary stacks representing 281803 secondary reads (12.5%)

Stack coverage: mean=11.21; stdev=131.78; max=26534; n_reads=1968297(87.5%)
Removing repetitive stacks: cov > 407 (mean+3*stdev)...
  Blacklisted 7863 stacks.
Coverage after repeat removal: mean=8.31; stdev=14.17; max=406; n_reads=1393166(61.9%)

Assembling stacks (max. dist. M=4)...
  Assembled 167644 stacks into 117605; blacklisted 2484 stacks.
Coverage after assembling stacks: mean=7.90; stdev=8.71; max=415; n_reads=907707(40.3%)

Merging secondary stacks (max. dist. N=6 from consensus)...
  Merged 95876 out of 281803 secondary reads (34.0%), 33080 merged with gapped alignments.
Coverage after merging secondary stacks: mean=8.74; stdev=10.93; max=1314; n_reads=1003583(44.6%)

Assembling stacks, allowing for gaps (min. match length 80.0%)...
  Assembled 117605 stacks into 113179 stacks.
Coverage after gapped assembly: mean=9.09; stdev=11.49; max=1314; n_reads=1003583(44.6%)

Merging secondary stacks, allowing for gaps (min. match length 80.0%)...
  Merged 32479 out of 185927 secondary reads (17.5%).
Coverage after merging gapped secondary stacks: mean=9.38; stdev=12.81; max=1314; n_reads=1036062(46.0%)

Final number of stacks built: 113179
Final coverage: mean=9.38; stdev=12.81; max=1314; n_reads=1036062(46.0%)
Calling consensus sequences and haplotypes for catalog assembly...
Writing tags, SNPs, and alleles files to '00_Data/05a_Stacks.denovo.ALL.M4n4/S_23_02243'...done.
ustacks is done.
