

-t gzfastq -f ./00_Data/03a_Demultiplex/S_23_02189.1.fq.gz -o 00_Data/05a_Stacks.denovo.ALL.M1n1/ -i 497 -m 3 --name S_23_02189 -M 1 -p 8


ustacks parameters selected:
  Input file: './00_Data/03a_Demultiplex/S_23_02189.1.fq.gz'
  Sample ID: 497
  Min depth of coverage to create a stack (m): 3
  Repeat removal algorithm: enabled
  Max distance allowed between stacks (M): 1
  Max distance allowed to align secondary reads: 3
  Max number of stacks allowed per de novo locus: 3
  Deleveraging algorithm: disabled
  Gapped assembly: enabled
  Minimum alignment length: 0.8
  Model type: SNP
  Alpha significance level for model: 0.05

Loading RAD-Tags...1M...2M...

Loaded 2354290 reads; formed:
  157777 stacks representing 2107075 primary reads (89.5%)
  208702 secondary stacks representing 247215 secondary reads (10.5%)

Stack coverage: mean=13.35; stdev=174.42; max=37333; n_reads=2107075(89.5%)
Removing repetitive stacks: cov > 537 (mean+3*stdev)...
  Blacklisted 6096 stacks.
Coverage after repeat removal: mean=10.06; stdev=18.29; max=533; n_reads=1525780(64.8%)

Assembling stacks (max. dist. M=1)...
  Assembled 151681 stacks into 128421; blacklisted 1432 stacks.
Coverage after assembling stacks: mean=9.77; stdev=11.96; max=598; n_reads=1238868(52.6%)

Merging secondary stacks (max. dist. N=3 from consensus)...
  Merged 75248 out of 247215 secondary reads (30.4%), 3070 merged with gapped alignments.
Coverage after merging secondary stacks: mean=10.36; stdev=12.44; max=636; n_reads=1314116(55.8%)

Assembling stacks, allowing for gaps (min. match length 80.0%)...
  Assembled 128421 stacks into 126354 stacks.
Coverage after gapped assembly: mean=10.53; stdev=12.69; max=636; n_reads=1314116(55.8%)

Merging secondary stacks, allowing for gaps (min. match length 80.0%)...
  Merged 8657 out of 171967 secondary reads (5.0%).
Coverage after merging gapped secondary stacks: mean=10.60; stdev=12.72; max=637; n_reads=1322773(56.2%)

Final number of stacks built: 126354
Final coverage: mean=10.60; stdev=12.72; max=637; n_reads=1322773(56.2%)
Calling consensus sequences and haplotypes for catalog assembly...
Writing tags, SNPs, and alleles files to '00_Data/05a_Stacks.denovo.ALL.M1n1/S_23_02189'...done.
ustacks is done.
