

-t gzfastq -f ./00_Data/03a_Demultiplex/S_23_01253.1.fq.gz -o 00_Data/05a_Stacks.denovo.ALL.M4n4/ -i 187 -m 3 --name S_23_01253 -M 4 -p 8


ustacks parameters selected:
  Input file: './00_Data/03a_Demultiplex/S_23_01253.1.fq.gz'
  Sample ID: 187
  Min depth of coverage to create a stack (m): 3
  Repeat removal algorithm: enabled
  Max distance allowed between stacks (M): 4
  Max distance allowed to align secondary reads: 6
  Max number of stacks allowed per de novo locus: 3
  Deleveraging algorithm: disabled
  Gapped assembly: enabled
  Minimum alignment length: 0.8
  Model type: SNP
  Alpha significance level for model: 0.05

Loading RAD-Tags...1M...2M...3M...4M...5M...6M...7M...

Loaded 7691750 reads; formed:
  250869 stacks representing 7154866 primary reads (93.0%)
  488059 secondary stacks representing 536884 secondary reads (7.0%)

Stack coverage: mean=28.52; stdev=363.80; max=78185; n_reads=7154866(93.0%)
Removing repetitive stacks: cov > 1120 (mean+3*stdev)...
  Blacklisted 14060 stacks.
Coverage after repeat removal: mean=21.20; stdev=36.25; max=1108; n_reads=5020582(65.3%)

Assembling stacks (max. dist. M=4)...
  Assembled 236809 stacks into 156587; blacklisted 3692 stacks.
Coverage after assembling stacks: mean=21.21; stdev=22.11; max=896; n_reads=3235803(42.1%)

Merging secondary stacks (max. dist. N=6 from consensus)...
  Merged 263434 out of 536884 secondary reads (49.1%), 84493 merged with gapped alignments.
Coverage after merging secondary stacks: mean=22.93; stdev=25.69; max=3319; n_reads=3499237(45.5%)

Assembling stacks, allowing for gaps (min. match length 80.0%)...
  Assembled 156587 stacks into 147742 stacks.
Coverage after gapped assembly: mean=24.34; stdev=26.97; max=3319; n_reads=3499237(45.5%)

Merging secondary stacks, allowing for gaps (min. match length 80.0%)...
  Merged 54762 out of 273450 secondary reads (20.0%).
Coverage after merging gapped secondary stacks: mean=24.73; stdev=28.48; max=3319; n_reads=3553999(46.2%)

Final number of stacks built: 147742
Final coverage: mean=24.73; stdev=28.48; max=3319; n_reads=3553999(46.2%)
Calling consensus sequences and haplotypes for catalog assembly...
Writing tags, SNPs, and alleles files to '00_Data/05a_Stacks.denovo.ALL.M4n4/S_23_01253'...done.
ustacks is done.
