

-t gzfastq -f ./00_Data/03a_Demultiplex/S_23_01161.1.fq.gz -o 00_Data/05a_Stacks.denovo.ALL.M4n4/ -i 124 -m 3 --name S_23_01161 -M 4 -p 8


ustacks parameters selected:
  Input file: './00_Data/03a_Demultiplex/S_23_01161.1.fq.gz'
  Sample ID: 124
  Min depth of coverage to create a stack (m): 3
  Repeat removal algorithm: enabled
  Max distance allowed between stacks (M): 4
  Max distance allowed to align secondary reads: 6
  Max number of stacks allowed per de novo locus: 3
  Deleveraging algorithm: disabled
  Gapped assembly: enabled
  Minimum alignment length: 0.8
  Model type: SNP
  Alpha significance level for model: 0.05

Loading RAD-Tags...1M...2M...

Loaded 2665427 reads; formed:
  188131 stacks representing 2396800 primary reads (89.9%)
  232155 secondary stacks representing 268627 secondary reads (10.1%)

Stack coverage: mean=12.74; stdev=150.65; max=30646; n_reads=2396800(89.9%)
Removing repetitive stacks: cov > 465 (mean+3*stdev)...
  Blacklisted 9018 stacks.
Coverage after repeat removal: mean=9.44; stdev=15.98; max=458; n_reads=1690132(63.4%)

Assembling stacks (max. dist. M=4)...
  Assembled 179113 stacks into 123901; blacklisted 2689 stacks.
Coverage after assembling stacks: mean=9.02; stdev=9.84; max=390; n_reads=1090539(40.9%)

Merging secondary stacks (max. dist. N=6 from consensus)...
  Merged 108308 out of 268627 secondary reads (40.3%), 36983 merged with gapped alignments.
Coverage after merging secondary stacks: mean=9.91; stdev=12.24; max=1580; n_reads=1198847(45.0%)

Assembling stacks, allowing for gaps (min. match length 80.0%)...
  Assembled 123901 stacks into 118993 stacks.
Coverage after gapped assembly: mean=10.33; stdev=12.87; max=1580; n_reads=1198847(45.0%)

Merging secondary stacks, allowing for gaps (min. match length 80.0%)...
  Merged 28283 out of 160319 secondary reads (17.6%).
Coverage after merging gapped secondary stacks: mean=10.58; stdev=13.97; max=1716; n_reads=1227130(46.0%)

Final number of stacks built: 118993
Final coverage: mean=10.58; stdev=13.97; max=1716; n_reads=1227130(46.0%)
Calling consensus sequences and haplotypes for catalog assembly...
Writing tags, SNPs, and alleles files to '00_Data/05a_Stacks.denovo.ALL.M4n4/S_23_01161'...done.
ustacks is done.
