

-t gzfastq -f ./00_Data/03a_Demultiplex/S_23_02037.1.fq.gz -o 00_Data/05a_Stacks.denovo.ALL.M1n1/ -i 357 -m 3 --name S_23_02037 -M 1 -p 8


ustacks parameters selected:
  Input file: './00_Data/03a_Demultiplex/S_23_02037.1.fq.gz'
  Sample ID: 357
  Min depth of coverage to create a stack (m): 3
  Repeat removal algorithm: enabled
  Max distance allowed between stacks (M): 1
  Max distance allowed to align secondary reads: 3
  Max number of stacks allowed per de novo locus: 3
  Deleveraging algorithm: disabled
  Gapped assembly: enabled
  Minimum alignment length: 0.8
  Model type: SNP
  Alpha significance level for model: 0.05

Loading RAD-Tags...1M...2M...3M...

Loaded 3948657 reads; formed:
  196535 stacks representing 3644521 primary reads (92.3%)
  271779 secondary stacks representing 304136 secondary reads (7.7%)

Stack coverage: mean=18.54; stdev=241.40; max=51513; n_reads=3644521(92.3%)
Removing repetitive stacks: cov > 743 (mean+3*stdev)...
  Blacklisted 9605 stacks.
Coverage after repeat removal: mean=13.60; stdev=24.39; max=743; n_reads=2542777(64.4%)

Assembling stacks (max. dist. M=1)...
  Assembled 186930 stacks into 155585; blacklisted 1881 stacks.
Coverage after assembling stacks: mean=13.31; stdev=15.47; max=680; n_reads=2043252(51.7%)

Merging secondary stacks (max. dist. N=3 from consensus)...
  Merged 127898 out of 304136 secondary reads (42.1%), 5474 merged with gapped alignments.
Coverage after merging secondary stacks: mean=14.15; stdev=16.11; max=705; n_reads=2171150(55.0%)

Assembling stacks, allowing for gaps (min. match length 80.0%)...
  Assembled 155585 stacks into 152312 stacks.
Coverage after gapped assembly: mean=14.46; stdev=16.39; max=705; n_reads=2171150(55.0%)

Merging secondary stacks, allowing for gaps (min. match length 80.0%)...
  Merged 11004 out of 176238 secondary reads (6.2%).
Coverage after merging gapped secondary stacks: mean=14.53; stdev=16.42; max=705; n_reads=2182154(55.3%)

Final number of stacks built: 152312
Final coverage: mean=14.53; stdev=16.42; max=705; n_reads=2182154(55.3%)
Calling consensus sequences and haplotypes for catalog assembly...
Writing tags, SNPs, and alleles files to '00_Data/05a_Stacks.denovo.ALL.M1n1/S_23_02037'...done.
ustacks is done.
