

-t gzfastq -f ./00_Data/03a_Demultiplex/S_23_01277.1.fq.gz -o 00_Data/05a_Stacks.denovo.ALL.M4n4/ -i 211 -m 3 --name S_23_01277 -M 4 -p 8


ustacks parameters selected:
  Input file: './00_Data/03a_Demultiplex/S_23_01277.1.fq.gz'
  Sample ID: 211
  Min depth of coverage to create a stack (m): 3
  Repeat removal algorithm: enabled
  Max distance allowed between stacks (M): 4
  Max distance allowed to align secondary reads: 6
  Max number of stacks allowed per de novo locus: 3
  Deleveraging algorithm: disabled
  Gapped assembly: enabled
  Minimum alignment length: 0.8
  Model type: SNP
  Alpha significance level for model: 0.05

Loading RAD-Tags...1M...2M...3M...4M...5M...6M...

Loaded 6190430 reads; formed:
  230460 stacks representing 5748803 primary reads (92.9%)
  401968 secondary stacks representing 441627 secondary reads (7.1%)

Stack coverage: mean=24.94; stdev=315.45; max=66679; n_reads=5748803(92.9%)
Removing repetitive stacks: cov > 972 (mean+3*stdev)...
  Blacklisted 11789 stacks.
Coverage after repeat removal: mean=18.51; stdev=32.87; max=970; n_reads=4047970(65.4%)

Assembling stacks (max. dist. M=4)...
  Assembled 218671 stacks into 145908; blacklisted 3377 stacks.
Coverage after assembling stacks: mean=18.21; stdev=19.37; max=850; n_reads=2589575(41.8%)

Merging secondary stacks (max. dist. N=6 from consensus)...
  Merged 210239 out of 441627 secondary reads (47.6%), 66718 merged with gapped alignments.
Coverage after merging secondary stacks: mean=19.68; stdev=21.34; max=1401; n_reads=2799814(45.2%)

Assembling stacks, allowing for gaps (min. match length 80.0%)...
  Assembled 145908 stacks into 137963 stacks.
Coverage after gapped assembly: mean=20.85; stdev=22.52; max=1401; n_reads=2799814(45.2%)

Merging secondary stacks, allowing for gaps (min. match length 80.0%)...
  Merged 46987 out of 231388 secondary reads (20.3%).
Coverage after merging gapped secondary stacks: mean=21.20; stdev=24.00; max=1451; n_reads=2846801(46.0%)

Final number of stacks built: 137963
Final coverage: mean=21.20; stdev=24.00; max=1451; n_reads=2846801(46.0%)
Calling consensus sequences and haplotypes for catalog assembly...
Writing tags, SNPs, and alleles files to '00_Data/05a_Stacks.denovo.ALL.M4n4/S_23_01277'...done.
ustacks is done.
