

-t gzfastq -f ./00_Data/03a_Demultiplex/S_23_01195.1.fq.gz -o 00_Data/05a_Stacks.denovo.ALL.M4n4/ -i 144 -m 3 --name S_23_01195 -M 4 -p 8


ustacks parameters selected:
  Input file: './00_Data/03a_Demultiplex/S_23_01195.1.fq.gz'
  Sample ID: 144
  Min depth of coverage to create a stack (m): 3
  Repeat removal algorithm: enabled
  Max distance allowed between stacks (M): 4
  Max distance allowed to align secondary reads: 6
  Max number of stacks allowed per de novo locus: 3
  Deleveraging algorithm: disabled
  Gapped assembly: enabled
  Minimum alignment length: 0.8
  Model type: SNP
  Alpha significance level for model: 0.05

Loading RAD-Tags...1M...2M...3M...

Loaded 3158358 reads; formed:
  196490 stacks representing 2854178 primary reads (90.4%)
  268877 secondary stacks representing 304180 secondary reads (9.6%)

Stack coverage: mean=14.53; stdev=175.87; max=36816; n_reads=2854178(90.4%)
Removing repetitive stacks: cov > 543 (mean+3*stdev)...
  Blacklisted 9208 stacks.
Coverage after repeat removal: mean=10.85; stdev=18.51; max=540; n_reads=2031631(64.3%)

Assembling stacks (max. dist. M=4)...
  Assembled 187282 stacks into 128480; blacklisted 2867 stacks.
Coverage after assembling stacks: mean=10.52; stdev=11.43; max=542; n_reads=1319364(41.8%)

Merging secondary stacks (max. dist. N=6 from consensus)...
  Merged 128168 out of 304180 secondary reads (42.1%), 41846 merged with gapped alignments.
Coverage after merging secondary stacks: mean=11.55; stdev=12.83; max=594; n_reads=1447532(45.8%)

Assembling stacks, allowing for gaps (min. match length 80.0%)...
  Assembled 128480 stacks into 122640 stacks.
Coverage after gapped assembly: mean=12.11; stdev=13.52; max=594; n_reads=1447532(45.8%)

Merging secondary stacks, allowing for gaps (min. match length 80.0%)...
  Merged 35600 out of 176012 secondary reads (20.2%).
Coverage after merging gapped secondary stacks: mean=12.41; stdev=15.22; max=1216; n_reads=1483132(47.0%)

Final number of stacks built: 122640
Final coverage: mean=12.41; stdev=15.22; max=1216; n_reads=1483132(47.0%)
Calling consensus sequences and haplotypes for catalog assembly...
Writing tags, SNPs, and alleles files to '00_Data/05a_Stacks.denovo.ALL.M4n4/S_23_01195'...done.
ustacks is done.
