

-t gzfastq -f ./00_Data/03a_Demultiplex/S_23_01866.1.fq.gz -o 00_Data/05a_Stacks.denovo.ALL.M1n1/ -i 272 -m 3 --name S_23_01866 -M 1 -p 8


ustacks parameters selected:
  Input file: './00_Data/03a_Demultiplex/S_23_01866.1.fq.gz'
  Sample ID: 272
  Min depth of coverage to create a stack (m): 3
  Repeat removal algorithm: enabled
  Max distance allowed between stacks (M): 1
  Max distance allowed to align secondary reads: 3
  Max number of stacks allowed per de novo locus: 3
  Deleveraging algorithm: disabled
  Gapped assembly: enabled
  Minimum alignment length: 0.8
  Model type: SNP
  Alpha significance level for model: 0.05

Loading RAD-Tags...

Loaded 148172 reads; formed:
  11387 stacks representing 79142 primary reads (53.4%)
  55471 secondary stacks representing 69030 secondary reads (46.6%)

Stack coverage: mean=6.95; stdev=31.28; max=1654; n_reads=79142(53.4%)
Removing repetitive stacks: cov > 101 (mean+3*stdev)...
  Blacklisted 722 stacks.
Coverage after repeat removal: mean=5.30; stdev=7.12; max=100; n_reads=56475(38.1%)

Assembling stacks (max. dist. M=1)...
  Assembled 10665 stacks into 9553; blacklisted 100 stacks.
Coverage after assembling stacks: mean=5.21; stdev=6.88; max=127; n_reads=48938(33.0%)

Merging secondary stacks (max. dist. N=3 from consensus)...
  Merged 9121 out of 69030 secondary reads (13.2%), 195 merged with gapped alignments.
Coverage after merging secondary stacks: mean=6.18; stdev=8.21; max=140; n_reads=58059(39.2%)

Assembling stacks, allowing for gaps (min. match length 80.0%)...
  Assembled 9553 stacks into 9478 stacks.
Coverage after gapped assembly: mean=6.22; stdev=8.47; max=146; n_reads=58059(39.2%)

Merging secondary stacks, allowing for gaps (min. match length 80.0%)...
  Merged 1319 out of 59909 secondary reads (2.2%).
Coverage after merging gapped secondary stacks: mean=6.37; stdev=8.66; max=146; n_reads=59378(40.1%)

Final number of stacks built: 9478
Final coverage: mean=6.37; stdev=8.66; max=146; n_reads=59378(40.1%)
Calling consensus sequences and haplotypes for catalog assembly...
Writing tags, SNPs, and alleles files to '00_Data/05a_Stacks.denovo.ALL.M1n1/S_23_01866'...done.
ustacks is done.
