

-t gzfastq -f ./00_Data/03a_Demultiplex/S_23_01221.1.fq.gz -o 00_Data/05a_Stacks.denovo.ALL.M4n4/ -i 171 -m 3 --name S_23_01221 -M 4 -p 8


ustacks parameters selected:
  Input file: './00_Data/03a_Demultiplex/S_23_01221.1.fq.gz'
  Sample ID: 171
  Min depth of coverage to create a stack (m): 3
  Repeat removal algorithm: enabled
  Max distance allowed between stacks (M): 4
  Max distance allowed to align secondary reads: 6
  Max number of stacks allowed per de novo locus: 3
  Deleveraging algorithm: disabled
  Gapped assembly: enabled
  Minimum alignment length: 0.8
  Model type: SNP
  Alpha significance level for model: 0.05

Loading RAD-Tags...1M...2M...3M...4M...5M...

Loaded 5790896 reads; formed:
  231082 stacks representing 5303335 primary reads (91.6%)
  429451 secondary stacks representing 487561 secondary reads (8.4%)

Stack coverage: mean=22.95; stdev=317.50; max=75511; n_reads=5303335(91.6%)
Removing repetitive stacks: cov > 976 (mean+3*stdev)...
  Blacklisted 10422 stacks.
Coverage after repeat removal: mean=17.08; stdev=31.04; max=975; n_reads=3769854(65.1%)

Assembling stacks (max. dist. M=4)...
  Assembled 220660 stacks into 151969; blacklisted 3158 stacks.
Coverage after assembling stacks: mean=16.36; stdev=18.60; max=856; n_reads=2430128(42.0%)

Merging secondary stacks (max. dist. N=6 from consensus)...
  Merged 179805 out of 487561 secondary reads (36.9%), 57359 merged with gapped alignments.
Coverage after merging secondary stacks: mean=17.57; stdev=20.21; max=1075; n_reads=2609933(45.1%)

Assembling stacks, allowing for gaps (min. match length 80.0%)...
  Assembled 151969 stacks into 144768 stacks.
Coverage after gapped assembly: mean=18.46; stdev=21.25; max=1075; n_reads=2609933(45.1%)

Merging secondary stacks, allowing for gaps (min. match length 80.0%)...
  Merged 37502 out of 307756 secondary reads (12.2%).
Coverage after merging gapped secondary stacks: mean=18.73; stdev=22.57; max=1804; n_reads=2647435(45.7%)

Final number of stacks built: 144768
Final coverage: mean=18.73; stdev=22.57; max=1804; n_reads=2647435(45.7%)
Calling consensus sequences and haplotypes for catalog assembly...
Writing tags, SNPs, and alleles files to '00_Data/05a_Stacks.denovo.ALL.M4n4/S_23_01221'...done.
ustacks is done.
