

-t gzfastq -f ./00_Data/03a_Demultiplex/S_23_01251.1.fq.gz -o 00_Data/05a_Stacks.denovo.ALL.M4n4/ -i 185 -m 3 --name S_23_01251 -M 4 -p 8


ustacks parameters selected:
  Input file: './00_Data/03a_Demultiplex/S_23_01251.1.fq.gz'
  Sample ID: 185
  Min depth of coverage to create a stack (m): 3
  Repeat removal algorithm: enabled
  Max distance allowed between stacks (M): 4
  Max distance allowed to align secondary reads: 6
  Max number of stacks allowed per de novo locus: 3
  Deleveraging algorithm: disabled
  Gapped assembly: enabled
  Minimum alignment length: 0.8
  Model type: SNP
  Alpha significance level for model: 0.05

Loading RAD-Tags...1M...2M...3M...4M...5M...6M...

Loaded 6991535 reads; formed:
  221046 stacks representing 6446297 primary reads (92.2%)
  501000 secondary stacks representing 545238 secondary reads (7.8%)

Stack coverage: mean=29.16; stdev=381.81; max=74241; n_reads=6446297(92.2%)
Removing repetitive stacks: cov > 1175 (mean+3*stdev)...
  Blacklisted 12728 stacks.
Coverage after repeat removal: mean=21.46; stdev=38.66; max=1175; n_reads=4469812(63.9%)

Assembling stacks (max. dist. M=4)...
  Assembled 208318 stacks into 135192; blacklisted 3351 stacks.
Coverage after assembling stacks: mean=21.41; stdev=21.62; max=917; n_reads=2817323(40.3%)

Merging secondary stacks (max. dist. N=6 from consensus)...
  Merged 301448 out of 545238 secondary reads (55.3%), 94050 merged with gapped alignments.
Coverage after merging secondary stacks: mean=23.70; stdev=25.42; max=1708; n_reads=3118771(44.6%)

Assembling stacks, allowing for gaps (min. match length 80.0%)...
  Assembled 135192 stacks into 127665 stacks.
Coverage after gapped assembly: mean=25.14; stdev=26.83; max=1708; n_reads=3118771(44.6%)

Merging secondary stacks, allowing for gaps (min. match length 80.0%)...
  Merged 67116 out of 243790 secondary reads (27.5%).
Coverage after merging gapped secondary stacks: mean=25.68; stdev=30.90; max=3520; n_reads=3185887(45.6%)

Final number of stacks built: 127665
Final coverage: mean=25.68; stdev=30.90; max=3520; n_reads=3185887(45.6%)
Calling consensus sequences and haplotypes for catalog assembly...
Writing tags, SNPs, and alleles files to '00_Data/05a_Stacks.denovo.ALL.M4n4/S_23_01251'...done.
ustacks is done.
