

-t gzfastq -f ./00_Data/03a_Demultiplex/S_23_01154.1.fq.gz -o 00_Data/05a_Stacks.denovo.ALL.M1n1/ -i 117 -m 3 --name S_23_01154 -M 1 -p 8


ustacks parameters selected:
  Input file: './00_Data/03a_Demultiplex/S_23_01154.1.fq.gz'
  Sample ID: 117
  Min depth of coverage to create a stack (m): 3
  Repeat removal algorithm: enabled
  Max distance allowed between stacks (M): 1
  Max distance allowed to align secondary reads: 3
  Max number of stacks allowed per de novo locus: 3
  Deleveraging algorithm: disabled
  Gapped assembly: enabled
  Minimum alignment length: 0.8
  Model type: SNP
  Alpha significance level for model: 0.05

Loading RAD-Tags...1M...2M...3M...

Loaded 3367572 reads; formed:
  190927 stacks representing 3094382 primary reads (91.9%)
  238413 secondary stacks representing 273190 secondary reads (8.1%)

Stack coverage: mean=16.21; stdev=205.29; max=45552; n_reads=3094382(91.9%)
Removing repetitive stacks: cov > 633 (mean+3*stdev)...
  Blacklisted 8534 stacks.
Coverage after repeat removal: mean=12.06; stdev=21.52; max=633; n_reads=2200529(65.3%)

Assembling stacks (max. dist. M=1)...
  Assembled 182393 stacks into 152772; blacklisted 1792 stacks.
Coverage after assembling stacks: mean=11.75; stdev=14.07; max=638; n_reads=1771037(52.6%)

Merging secondary stacks (max. dist. N=3 from consensus)...
  Merged 99262 out of 273190 secondary reads (36.3%), 4415 merged with gapped alignments.
Coverage after merging secondary stacks: mean=12.41; stdev=14.57; max=655; n_reads=1870299(55.5%)

Assembling stacks, allowing for gaps (min. match length 80.0%)...
  Assembled 152772 stacks into 149822 stacks.
Coverage after gapped assembly: mean=12.65; stdev=14.82; max=655; n_reads=1870299(55.5%)

Merging secondary stacks, allowing for gaps (min. match length 80.0%)...
  Merged 9972 out of 173928 secondary reads (5.7%).
Coverage after merging gapped secondary stacks: mean=12.72; stdev=14.85; max=655; n_reads=1880271(55.8%)

Final number of stacks built: 149822
Final coverage: mean=12.72; stdev=14.85; max=655; n_reads=1880271(55.8%)
Calling consensus sequences and haplotypes for catalog assembly...
Writing tags, SNPs, and alleles files to '00_Data/05a_Stacks.denovo.ALL.M1n1/S_23_01154'...done.
ustacks is done.
