

-t gzfastq -f ./00_Data/03a_Demultiplex/S_23_02109.1.fq.gz -o 00_Data/05a_Stacks.denovo.ALL.M4n4/ -i 418 -m 3 --name S_23_02109 -M 4 -p 8


ustacks parameters selected:
  Input file: './00_Data/03a_Demultiplex/S_23_02109.1.fq.gz'
  Sample ID: 418
  Min depth of coverage to create a stack (m): 3
  Repeat removal algorithm: enabled
  Max distance allowed between stacks (M): 4
  Max distance allowed to align secondary reads: 6
  Max number of stacks allowed per de novo locus: 3
  Deleveraging algorithm: disabled
  Gapped assembly: enabled
  Minimum alignment length: 0.8
  Model type: SNP
  Alpha significance level for model: 0.05

Loading RAD-Tags...1M...2M...3M...4M...5M...6M...7M...

Loaded 7571780 reads; formed:
  247582 stacks representing 7052404 primary reads (93.1%)
  474697 secondary stacks representing 519376 secondary reads (6.9%)

Stack coverage: mean=28.49; stdev=361.10; max=78673; n_reads=7052404(93.1%)
Removing repetitive stacks: cov > 1112 (mean+3*stdev)...
  Blacklisted 13809 stacks.
Coverage after repeat removal: mean=21.17; stdev=36.66; max=1107; n_reads=4948532(65.4%)

Assembling stacks (max. dist. M=4)...
  Assembled 233773 stacks into 155714; blacklisted 3560 stacks.
Coverage after assembling stacks: mean=21.15; stdev=23.41; max=1661; n_reads=3211964(42.4%)

Merging secondary stacks (max. dist. N=6 from consensus)...
  Merged 254141 out of 519376 secondary reads (48.9%), 82855 merged with gapped alignments.
Coverage after merging secondary stacks: mean=22.83; stdev=26.74; max=3169; n_reads=3466105(45.8%)

Assembling stacks, allowing for gaps (min. match length 80.0%)...
  Assembled 155714 stacks into 146981 stacks.
Coverage after gapped assembly: mean=24.22; stdev=28.11; max=3169; n_reads=3466105(45.8%)

Merging secondary stacks, allowing for gaps (min. match length 80.0%)...
  Merged 50464 out of 265235 secondary reads (19.0%).
Coverage after merging gapped secondary stacks: mean=24.57; stdev=29.27; max=3170; n_reads=3516569(46.4%)

Final number of stacks built: 146981
Final coverage: mean=24.57; stdev=29.27; max=3170; n_reads=3516569(46.4%)
Calling consensus sequences and haplotypes for catalog assembly...
Writing tags, SNPs, and alleles files to '00_Data/05a_Stacks.denovo.ALL.M4n4/S_23_02109'...done.
ustacks is done.
