

-t gzfastq -f ./00_Data/03a_Demultiplex/S_23_02262.1.fq.gz -o 00_Data/05a_Stacks.denovo.ALL.M1n1/ -i 553 -m 3 --name S_23_02262 -M 1 -p 8


ustacks parameters selected:
  Input file: './00_Data/03a_Demultiplex/S_23_02262.1.fq.gz'
  Sample ID: 553
  Min depth of coverage to create a stack (m): 3
  Repeat removal algorithm: enabled
  Max distance allowed between stacks (M): 1
  Max distance allowed to align secondary reads: 3
  Max number of stacks allowed per de novo locus: 3
  Deleveraging algorithm: disabled
  Gapped assembly: enabled
  Minimum alignment length: 0.8
  Model type: SNP
  Alpha significance level for model: 0.05

Loading RAD-Tags...1M...2M...3M...4M...

Loaded 4303734 reads; formed:
  206176 stacks representing 3975628 primary reads (92.4%)
  294355 secondary stacks representing 328106 secondary reads (7.6%)

Stack coverage: mean=19.28; stdev=248.67; max=50486; n_reads=3975628(92.4%)
Removing repetitive stacks: cov > 766 (mean+3*stdev)...
  Blacklisted 10107 stacks.
Coverage after repeat removal: mean=14.22; stdev=25.58; max=764; n_reads=2788465(64.8%)

Assembling stacks (max. dist. M=1)...
  Assembled 196069 stacks into 162035; blacklisted 1982 stacks.
Coverage after assembling stacks: mean=13.98; stdev=16.00; max=841; n_reads=2233630(51.9%)

Merging secondary stacks (max. dist. N=3 from consensus)...
  Merged 136548 out of 328106 secondary reads (41.6%), 5783 merged with gapped alignments.
Coverage after merging secondary stacks: mean=14.83; stdev=16.65; max=866; n_reads=2370178(55.1%)

Assembling stacks, allowing for gaps (min. match length 80.0%)...
  Assembled 162035 stacks into 158445 stacks.
Coverage after gapped assembly: mean=15.17; stdev=17.01; max=866; n_reads=2370178(55.1%)

Merging secondary stacks, allowing for gaps (min. match length 80.0%)...
  Merged 12042 out of 191558 secondary reads (6.3%).
Coverage after merging gapped secondary stacks: mean=15.25; stdev=17.05; max=866; n_reads=2382220(55.4%)

Final number of stacks built: 158445
Final coverage: mean=15.25; stdev=17.05; max=866; n_reads=2382220(55.4%)
Calling consensus sequences and haplotypes for catalog assembly...
Writing tags, SNPs, and alleles files to '00_Data/05a_Stacks.denovo.ALL.M1n1/S_23_02262'...done.
ustacks is done.
