

-t gzfastq -f ./00_Data/03a_Demultiplex/S_23_01819.1.fq.gz -o 00_Data/05a_Stacks.denovo.ALL.M4n4/ -i 242 -m 3 --name S_23_01819 -M 4 -p 8


ustacks parameters selected:
  Input file: './00_Data/03a_Demultiplex/S_23_01819.1.fq.gz'
  Sample ID: 242
  Min depth of coverage to create a stack (m): 3
  Repeat removal algorithm: enabled
  Max distance allowed between stacks (M): 4
  Max distance allowed to align secondary reads: 6
  Max number of stacks allowed per de novo locus: 3
  Deleveraging algorithm: disabled
  Gapped assembly: enabled
  Minimum alignment length: 0.8
  Model type: SNP
  Alpha significance level for model: 0.05

Loading RAD-Tags...1M...2M...3M...

Loaded 3807852 reads; formed:
  193083 stacks representing 3524248 primary reads (92.6%)
  256412 secondary stacks representing 283604 secondary reads (7.4%)

Stack coverage: mean=18.25; stdev=224.12; max=43002; n_reads=3524248(92.6%)
Removing repetitive stacks: cov > 691 (mean+3*stdev)...
  Blacklisted 9701 stacks.
Coverage after repeat removal: mean=13.51; stdev=22.97; max=686; n_reads=2478343(65.1%)

Assembling stacks (max. dist. M=4)...
  Assembled 183382 stacks into 123228; blacklisted 2762 stacks.
Coverage after assembling stacks: mean=13.34; stdev=14.03; max=594; n_reads=1604093(42.1%)

Merging secondary stacks (max. dist. N=6 from consensus)...
  Merged 132370 out of 283604 secondary reads (46.7%), 43381 merged with gapped alignments.
Coverage after merging secondary stacks: mean=14.44; stdev=16.84; max=2063; n_reads=1736463(45.6%)

Assembling stacks, allowing for gaps (min. match length 80.0%)...
  Assembled 123228 stacks into 117346 stacks.
Coverage after gapped assembly: mean=15.19; stdev=17.61; max=2063; n_reads=1736463(45.6%)

Merging secondary stacks, allowing for gaps (min. match length 80.0%)...
  Merged 30871 out of 151234 secondary reads (20.4%).
Coverage after merging gapped secondary stacks: mean=15.46; stdev=18.72; max=2063; n_reads=1767334(46.4%)

Final number of stacks built: 117346
Final coverage: mean=15.46; stdev=18.72; max=2063; n_reads=1767334(46.4%)
Calling consensus sequences and haplotypes for catalog assembly...
Writing tags, SNPs, and alleles files to '00_Data/05a_Stacks.denovo.ALL.M4n4/S_23_01819'...done.
ustacks is done.
