

-t gzfastq -f ./00_Data/03a_Demultiplex/S_23_02124.1.fq.gz -o 00_Data/05a_Stacks.denovo.ALL.M1n1/ -i 433 -m 3 --name S_23_02124 -M 1 -p 8


ustacks parameters selected:
  Input file: './00_Data/03a_Demultiplex/S_23_02124.1.fq.gz'
  Sample ID: 433
  Min depth of coverage to create a stack (m): 3
  Repeat removal algorithm: enabled
  Max distance allowed between stacks (M): 1
  Max distance allowed to align secondary reads: 3
  Max number of stacks allowed per de novo locus: 3
  Deleveraging algorithm: disabled
  Gapped assembly: enabled
  Minimum alignment length: 0.8
  Model type: SNP
  Alpha significance level for model: 0.05

Loading RAD-Tags...1M...2M...3M...4M...5M...6M...7M...8M...9M...10M...11M...

Loaded 11281688 reads; formed:
  269206 stacks representing 10532253 primary reads (93.4%)
  681656 secondary stacks representing 749435 secondary reads (6.6%)

Stack coverage: mean=39.12; stdev=530.42; max=118913; n_reads=10532253(93.4%)
Removing repetitive stacks: cov > 1631 (mean+3*stdev)...
  Blacklisted 14903 stacks.
Coverage after repeat removal: mean=29.00; stdev=52.36; max=1628; n_reads=7374216(65.4%)

Assembling stacks (max. dist. M=1)...
  Assembled 254303 stacks into 205916; blacklisted 2910 stacks.
Coverage after assembling stacks: mean=29.07; stdev=31.06; max=1460; n_reads=5893201(52.2%)

Merging secondary stacks (max. dist. N=3 from consensus)...
  Merged 326551 out of 749435 secondary reads (43.6%), 14478 merged with gapped alignments.
Coverage after merging secondary stacks: mean=30.69; stdev=32.13; max=1489; n_reads=6219752(55.1%)

Assembling stacks, allowing for gaps (min. match length 80.0%)...
  Assembled 205916 stacks into 200277 stacks.
Coverage after gapped assembly: mean=31.56; stdev=32.81; max=1489; n_reads=6219752(55.1%)

Merging secondary stacks, allowing for gaps (min. match length 80.0%)...
  Merged 23562 out of 422884 secondary reads (5.6%).
Coverage after merging gapped secondary stacks: mean=31.68; stdev=32.82; max=1489; n_reads=6243314(55.3%)

Final number of stacks built: 200277
Final coverage: mean=31.68; stdev=32.82; max=1489; n_reads=6243314(55.3%)
Calling consensus sequences and haplotypes for catalog assembly...
Writing tags, SNPs, and alleles files to '00_Data/05a_Stacks.denovo.ALL.M1n1/S_23_02124'...done.
ustacks is done.
