

-t gzfastq -f ./00_Data/03a_Demultiplex/S_23_02177.1.fq.gz -o 00_Data/05a_Stacks.denovo.ALL.M4n4/ -i 487 -m 3 --name S_23_02177 -M 4 -p 8


ustacks parameters selected:
  Input file: './00_Data/03a_Demultiplex/S_23_02177.1.fq.gz'
  Sample ID: 487
  Min depth of coverage to create a stack (m): 3
  Repeat removal algorithm: enabled
  Max distance allowed between stacks (M): 4
  Max distance allowed to align secondary reads: 6
  Max number of stacks allowed per de novo locus: 3
  Deleveraging algorithm: disabled
  Gapped assembly: enabled
  Minimum alignment length: 0.8
  Model type: SNP
  Alpha significance level for model: 0.05

Loading RAD-Tags...1M...2M...3M...

Loaded 3989076 reads; formed:
  207613 stacks representing 3677663 primary reads (92.2%)
  276071 secondary stacks representing 311413 secondary reads (7.8%)

Stack coverage: mean=17.71; stdev=224.95; max=50232; n_reads=3677663(92.2%)
Removing repetitive stacks: cov > 693 (mean+3*stdev)...
  Blacklisted 9385 stacks.
Coverage after repeat removal: mean=13.22; stdev=23.28; max=690; n_reads=2620492(65.7%)

Assembling stacks (max. dist. M=4)...
  Assembled 198228 stacks into 134515; blacklisted 2955 stacks.
Coverage after assembling stacks: mean=12.81; stdev=14.14; max=714; n_reads=1682116(42.2%)

Merging secondary stacks (max. dist. N=6 from consensus)...
  Merged 130556 out of 311413 secondary reads (41.9%), 41719 merged with gapped alignments.
Coverage after merging secondary stacks: mean=13.80; stdev=15.49; max=754; n_reads=1812672(45.4%)

Assembling stacks, allowing for gaps (min. match length 80.0%)...
  Assembled 134515 stacks into 128170 stacks.
Coverage after gapped assembly: mean=14.51; stdev=16.34; max=1017; n_reads=1812672(45.4%)

Merging secondary stacks, allowing for gaps (min. match length 80.0%)...
  Merged 33694 out of 180857 secondary reads (18.6%).
Coverage after merging gapped secondary stacks: mean=14.78; stdev=17.25; max=1017; n_reads=1846366(46.3%)

Final number of stacks built: 128170
Final coverage: mean=14.78; stdev=17.25; max=1017; n_reads=1846366(46.3%)
Calling consensus sequences and haplotypes for catalog assembly...
Writing tags, SNPs, and alleles files to '00_Data/05a_Stacks.denovo.ALL.M4n4/S_23_02177'...done.
ustacks is done.
