

-t gzfastq -f ./00_Data/03a_Demultiplex/S_23_02201.1.fq.gz -o 00_Data/05a_Stacks.denovo.ALL.M4n4/ -i 509 -m 3 --name S_23_02201 -M 4 -p 8


ustacks parameters selected:
  Input file: './00_Data/03a_Demultiplex/S_23_02201.1.fq.gz'
  Sample ID: 509
  Min depth of coverage to create a stack (m): 3
  Repeat removal algorithm: enabled
  Max distance allowed between stacks (M): 4
  Max distance allowed to align secondary reads: 6
  Max number of stacks allowed per de novo locus: 3
  Deleveraging algorithm: disabled
  Gapped assembly: enabled
  Minimum alignment length: 0.8
  Model type: SNP
  Alpha significance level for model: 0.05

Loading RAD-Tags...1M...

Loaded 1962629 reads; formed:
  152580 stacks representing 1716722 primary reads (87.5%)
  203594 secondary stacks representing 245907 secondary reads (12.5%)

Stack coverage: mean=11.25; stdev=129.85; max=26615; n_reads=1716722(87.5%)
Removing repetitive stacks: cov > 401 (mean+3*stdev)...
  Blacklisted 6467 stacks.
Coverage after repeat removal: mean=8.58; stdev=16.53; max=400; n_reads=1253157(63.9%)

Assembling stacks (max. dist. M=4)...
  Assembled 146113 stacks into 101873; blacklisted 2387 stacks.
Coverage after assembling stacks: mean=8.23; stdev=13.66; max=372; n_reads=817177(41.6%)

Merging secondary stacks (max. dist. N=6 from consensus)...
  Merged 82908 out of 245907 secondary reads (33.7%), 27554 merged with gapped alignments.
Coverage after merging secondary stacks: mean=9.06; stdev=15.59; max=1477; n_reads=900085(45.9%)

Assembling stacks, allowing for gaps (min. match length 80.0%)...
  Assembled 101873 stacks into 98424 stacks.
Coverage after gapped assembly: mean=9.39; stdev=16.10; max=1477; n_reads=900085(45.9%)

Merging secondary stacks, allowing for gaps (min. match length 80.0%)...
  Merged 25516 out of 162999 secondary reads (15.7%).
Coverage after merging gapped secondary stacks: mean=9.66; stdev=16.96; max=1573; n_reads=925601(47.2%)

Final number of stacks built: 98424
Final coverage: mean=9.66; stdev=16.96; max=1573; n_reads=925601(47.2%)
Calling consensus sequences and haplotypes for catalog assembly...
Writing tags, SNPs, and alleles files to '00_Data/05a_Stacks.denovo.ALL.M4n4/S_23_02201'...done.
ustacks is done.
