

-t gzfastq -f ./00_Data/03a_Demultiplex/S_23_01818.1.fq.gz -o 00_Data/05a_Stacks.denovo.ALL.M4n4/ -i 241 -m 3 --name S_23_01818 -M 4 -p 8


ustacks parameters selected:
  Input file: './00_Data/03a_Demultiplex/S_23_01818.1.fq.gz'
  Sample ID: 241
  Min depth of coverage to create a stack (m): 3
  Repeat removal algorithm: enabled
  Max distance allowed between stacks (M): 4
  Max distance allowed to align secondary reads: 6
  Max number of stacks allowed per de novo locus: 3
  Deleveraging algorithm: disabled
  Gapped assembly: enabled
  Minimum alignment length: 0.8
  Model type: SNP
  Alpha significance level for model: 0.05

Loading RAD-Tags...1M...2M...3M...

Loaded 3559305 reads; formed:
  166311 stacks representing 3309087 primary reads (93.0%)
  224442 secondary stacks representing 250218 secondary reads (7.0%)

Stack coverage: mean=19.90; stdev=283.38; max=60135; n_reads=3309087(93.0%)
Removing repetitive stacks: cov > 871 (mean+3*stdev)...
  Blacklisted 7862 stacks.
Coverage after repeat removal: mean=14.32; stdev=27.30; max=858; n_reads=2268676(63.7%)

Assembling stacks (max. dist. M=4)...
  Assembled 158449 stacks into 105393; blacklisted 2392 stacks.
Coverage after assembling stacks: mean=13.75; stdev=14.97; max=569; n_reads=1414213(39.7%)

Merging secondary stacks (max. dist. N=6 from consensus)...
  Merged 112455 out of 250218 secondary reads (44.9%), 39239 merged with gapped alignments.
Coverage after merging secondary stacks: mean=14.85; stdev=19.17; max=2971; n_reads=1526668(42.9%)

Assembling stacks, allowing for gaps (min. match length 80.0%)...
  Assembled 105393 stacks into 100653 stacks.
Coverage after gapped assembly: mean=15.57; stdev=20.02; max=2971; n_reads=1526668(42.9%)

Merging secondary stacks, allowing for gaps (min. match length 80.0%)...
  Merged 25752 out of 137763 secondary reads (18.7%).
Coverage after merging gapped secondary stacks: mean=15.83; stdev=21.10; max=2971; n_reads=1552420(43.6%)

Final number of stacks built: 100653
Final coverage: mean=15.83; stdev=21.10; max=2971; n_reads=1552420(43.6%)
Calling consensus sequences and haplotypes for catalog assembly...
Writing tags, SNPs, and alleles files to '00_Data/05a_Stacks.denovo.ALL.M4n4/S_23_01818'...done.
ustacks is done.
