

-t gzfastq -f ./00_Data/03a_Demultiplex/S_23_02161.1.fq.gz -o 00_Data/05a_Stacks.denovo.ALL.M1n1/ -i 471 -m 3 --name S_23_02161 -M 1 -p 8


ustacks parameters selected:
  Input file: './00_Data/03a_Demultiplex/S_23_02161.1.fq.gz'
  Sample ID: 471
  Min depth of coverage to create a stack (m): 3
  Repeat removal algorithm: enabled
  Max distance allowed between stacks (M): 1
  Max distance allowed to align secondary reads: 3
  Max number of stacks allowed per de novo locus: 3
  Deleveraging algorithm: disabled
  Gapped assembly: enabled
  Minimum alignment length: 0.8
  Model type: SNP
  Alpha significance level for model: 0.05

Loading RAD-Tags...1M...2M...3M...

Loaded 3144338 reads; formed:
  203724 stacks representing 2864002 primary reads (91.1%)
  243732 secondary stacks representing 280336 secondary reads (8.9%)

Stack coverage: mean=14.06; stdev=165.81; max=33122; n_reads=2864002(91.1%)
Removing repetitive stacks: cov > 512 (mean+3*stdev)...
  Blacklisted 9424 stacks.
Coverage after repeat removal: mean=10.47; stdev=17.38; max=512; n_reads=2034031(64.7%)

Assembling stacks (max. dist. M=1)...
  Assembled 194300 stacks into 164744; blacklisted 1807 stacks.
Coverage after assembling stacks: mean=10.26; stdev=11.81; max=548; n_reads=1668710(53.1%)

Merging secondary stacks (max. dist. N=3 from consensus)...
  Merged 98277 out of 280336 secondary reads (35.1%), 4313 merged with gapped alignments.
Coverage after merging secondary stacks: mean=10.86; stdev=12.28; max=582; n_reads=1766987(56.2%)

Assembling stacks, allowing for gaps (min. match length 80.0%)...
  Assembled 164744 stacks into 161657 stacks.
Coverage after gapped assembly: mean=11.07; stdev=12.55; max=586; n_reads=1766987(56.2%)

Merging secondary stacks, allowing for gaps (min. match length 80.0%)...
  Merged 10502 out of 182059 secondary reads (5.8%).
Coverage after merging gapped secondary stacks: mean=11.14; stdev=12.58; max=586; n_reads=1777489(56.5%)

Final number of stacks built: 161657
Final coverage: mean=11.14; stdev=12.58; max=586; n_reads=1777489(56.5%)
Calling consensus sequences and haplotypes for catalog assembly...
Writing tags, SNPs, and alleles files to '00_Data/05a_Stacks.denovo.ALL.M1n1/S_23_02161'...done.
ustacks is done.
