

-t gzfastq -f ./00_Data/03a_Demultiplex/S_23_01072.1.fq.gz -o 00_Data/05a_Stacks.denovo.ALL.M1n1/ -i 64 -m 3 --name S_23_01072 -M 1 -p 8


ustacks parameters selected:
  Input file: './00_Data/03a_Demultiplex/S_23_01072.1.fq.gz'
  Sample ID: 64
  Min depth of coverage to create a stack (m): 3
  Repeat removal algorithm: enabled
  Max distance allowed between stacks (M): 1
  Max distance allowed to align secondary reads: 3
  Max number of stacks allowed per de novo locus: 3
  Deleveraging algorithm: disabled
  Gapped assembly: enabled
  Minimum alignment length: 0.8
  Model type: SNP
  Alpha significance level for model: 0.05

Loading RAD-Tags...1M...2M...3M...4M...5M...6M...7M...

Loaded 7635370 reads; formed:
  223460 stacks representing 7166241 primary reads (93.9%)
  435294 secondary stacks representing 469129 secondary reads (6.1%)

Stack coverage: mean=32.07; stdev=413.04; max=89610; n_reads=7166241(93.9%)
Removing repetitive stacks: cov > 1272 (mean+3*stdev)...
  Blacklisted 12084 stacks.
Coverage after repeat removal: mean=23.78; stdev=42.39; max=1260; n_reads=5027167(65.8%)

Assembling stacks (max. dist. M=1)...
  Assembled 211376 stacks into 171299; blacklisted 2234 stacks.
Coverage after assembling stacks: mean=23.69; stdev=25.70; max=1172; n_reads=3998361(52.4%)

Merging secondary stacks (max. dist. N=3 from consensus)...
  Merged 246148 out of 469129 secondary reads (52.5%), 10078 merged with gapped alignments.
Coverage after merging secondary stacks: mean=25.15; stdev=26.69; max=1195; n_reads=4244509(55.6%)

Assembling stacks, allowing for gaps (min. match length 80.0%)...
  Assembled 171299 stacks into 166910 stacks.
Coverage after gapped assembly: mean=25.82; stdev=27.19; max=1195; n_reads=4244509(55.6%)

Merging secondary stacks, allowing for gaps (min. match length 80.0%)...
  Merged 14781 out of 222981 secondary reads (6.6%).
Coverage after merging gapped secondary stacks: mean=25.91; stdev=27.22; max=1195; n_reads=4259290(55.8%)

Final number of stacks built: 166910
Final coverage: mean=25.91; stdev=27.22; max=1195; n_reads=4259290(55.8%)
Calling consensus sequences and haplotypes for catalog assembly...
Writing tags, SNPs, and alleles files to '00_Data/05a_Stacks.denovo.ALL.M1n1/S_23_01072'...done.
ustacks is done.
