

-t gzfastq -f ./00_Data/03a_Demultiplex/S_23_01807.1.fq.gz -o 00_Data/05a_Stacks.denovo.ALL.M1n1/ -i 231 -m 3 --name S_23_01807 -M 1 -p 8


ustacks parameters selected:
  Input file: './00_Data/03a_Demultiplex/S_23_01807.1.fq.gz'
  Sample ID: 231
  Min depth of coverage to create a stack (m): 3
  Repeat removal algorithm: enabled
  Max distance allowed between stacks (M): 1
  Max distance allowed to align secondary reads: 3
  Max number of stacks allowed per de novo locus: 3
  Deleveraging algorithm: disabled
  Gapped assembly: enabled
  Minimum alignment length: 0.8
  Model type: SNP
  Alpha significance level for model: 0.05

Loading RAD-Tags...1M...2M...3M...

Loaded 3455765 reads; formed:
  208040 stacks representing 3166202 primary reads (91.6%)
  255820 secondary stacks representing 289563 secondary reads (8.4%)

Stack coverage: mean=15.22; stdev=180.66; max=36521; n_reads=3166202(91.6%)
Removing repetitive stacks: cov > 558 (mean+3*stdev)...
  Blacklisted 10609 stacks.
Coverage after repeat removal: mean=11.25; stdev=18.73; max=557; n_reads=2222009(64.3%)

Assembling stacks (max. dist. M=1)...
  Assembled 197431 stacks into 166578; blacklisted 1880 stacks.
Coverage after assembling stacks: mean=11.00; stdev=12.13; max=517; n_reads=1808920(52.3%)

Merging secondary stacks (max. dist. N=3 from consensus)...
  Merged 115322 out of 289563 secondary reads (39.8%), 4909 merged with gapped alignments.
Coverage after merging secondary stacks: mean=11.70; stdev=12.66; max=534; n_reads=1924242(55.7%)

Assembling stacks, allowing for gaps (min. match length 80.0%)...
  Assembled 166578 stacks into 163298 stacks.
Coverage after gapped assembly: mean=11.94; stdev=12.93; max=534; n_reads=1924242(55.7%)

Merging secondary stacks, allowing for gaps (min. match length 80.0%)...
  Merged 11044 out of 174241 secondary reads (6.3%).
Coverage after merging gapped secondary stacks: mean=12.01; stdev=12.96; max=534; n_reads=1935286(56.0%)

Final number of stacks built: 163298
Final coverage: mean=12.01; stdev=12.96; max=534; n_reads=1935286(56.0%)
Calling consensus sequences and haplotypes for catalog assembly...
Writing tags, SNPs, and alleles files to '00_Data/05a_Stacks.denovo.ALL.M1n1/S_23_01807'...done.
ustacks is done.
