

-t gzfastq -f ./00_Data/03a_Demultiplex/S_23_02218.1.fq.gz -o 00_Data/05a_Stacks.denovo.ALL.M1n1/ -i 525 -m 3 --name S_23_02218 -M 1 -p 8


ustacks parameters selected:
  Input file: './00_Data/03a_Demultiplex/S_23_02218.1.fq.gz'
  Sample ID: 525
  Min depth of coverage to create a stack (m): 3
  Repeat removal algorithm: enabled
  Max distance allowed between stacks (M): 1
  Max distance allowed to align secondary reads: 3
  Max number of stacks allowed per de novo locus: 3
  Deleveraging algorithm: disabled
  Gapped assembly: enabled
  Minimum alignment length: 0.8
  Model type: SNP
  Alpha significance level for model: 0.05

Loading RAD-Tags...1M...2M...3M...

Loaded 3569810 reads; formed:
  186054 stacks representing 3297218 primary reads (92.4%)
  242960 secondary stacks representing 272592 secondary reads (7.6%)

Stack coverage: mean=17.72; stdev=241.69; max=50910; n_reads=3297218(92.4%)
Removing repetitive stacks: cov > 743 (mean+3*stdev)...
  Blacklisted 8070 stacks.
Coverage after repeat removal: mean=13.24; stdev=25.44; max=743; n_reads=2356705(66.0%)

Assembling stacks (max. dist. M=1)...
  Assembled 177984 stacks into 146869; blacklisted 1928 stacks.
Coverage after assembling stacks: mean=13.00; stdev=17.67; max=736; n_reads=1881955(52.7%)

Merging secondary stacks (max. dist. N=3 from consensus)...
  Merged 113865 out of 272592 secondary reads (41.8%), 4503 merged with gapped alignments.
Coverage after merging secondary stacks: mean=13.79; stdev=18.39; max=756; n_reads=1995820(55.9%)

Assembling stacks, allowing for gaps (min. match length 80.0%)...
  Assembled 146869 stacks into 144036 stacks.
Coverage after gapped assembly: mean=14.06; stdev=18.70; max=756; n_reads=1995820(55.9%)

Merging secondary stacks, allowing for gaps (min. match length 80.0%)...
  Merged 9403 out of 158727 secondary reads (5.9%).
Coverage after merging gapped secondary stacks: mean=14.13; stdev=18.72; max=756; n_reads=2005223(56.2%)

Final number of stacks built: 144036
Final coverage: mean=14.13; stdev=18.72; max=756; n_reads=2005223(56.2%)
Calling consensus sequences and haplotypes for catalog assembly...
Writing tags, SNPs, and alleles files to '00_Data/05a_Stacks.denovo.ALL.M1n1/S_23_02218'...done.
ustacks is done.
