

-t gzfastq -f ./00_Data/03a_Demultiplex/S_23_02093.1.fq.gz -o 00_Data/05a_Stacks.denovo.ALL.M1n1/ -i 402 -m 3 --name S_23_02093 -M 1 -p 8


ustacks parameters selected:
  Input file: './00_Data/03a_Demultiplex/S_23_02093.1.fq.gz'
  Sample ID: 402
  Min depth of coverage to create a stack (m): 3
  Repeat removal algorithm: enabled
  Max distance allowed between stacks (M): 1
  Max distance allowed to align secondary reads: 3
  Max number of stacks allowed per de novo locus: 3
  Deleveraging algorithm: disabled
  Gapped assembly: enabled
  Minimum alignment length: 0.8
  Model type: SNP
  Alpha significance level for model: 0.05

Loading RAD-Tags...

Loaded 518197 reads; formed:
  45776 stacks representing 340764 primary reads (65.8%)
  141914 secondary stacks representing 177433 secondary reads (34.2%)

Stack coverage: mean=7.44; stdev=57.35; max=7629; n_reads=340764(65.8%)
Removing repetitive stacks: cov > 180 (mean+3*stdev)...
  Blacklisted 2830 stacks.
Coverage after repeat removal: mean=5.67; stdev=9.24; max=180; n_reads=243702(47.0%)

Assembling stacks (max. dist. M=1)...
  Assembled 42946 stacks into 37918; blacklisted 421 stacks.
Coverage after assembling stacks: mean=5.31; stdev=7.25; max=196; n_reads=198398(38.3%)

Merging secondary stacks (max. dist. N=3 from consensus)...
  Merged 25560 out of 177433 secondary reads (14.4%), 722 merged with gapped alignments.
Coverage after merging secondary stacks: mean=5.99; stdev=8.31; max=258; n_reads=223958(43.2%)

Assembling stacks, allowing for gaps (min. match length 80.0%)...
  Assembled 37918 stacks into 37512 stacks.
Coverage after gapped assembly: mean=6.06; stdev=8.47; max=258; n_reads=223958(43.2%)

Merging secondary stacks, allowing for gaps (min. match length 80.0%)...
  Merged 5302 out of 151873 secondary reads (3.5%).
Coverage after merging gapped secondary stacks: mean=6.20; stdev=8.69; max=260; n_reads=229260(44.2%)

Final number of stacks built: 37512
Final coverage: mean=6.20; stdev=8.69; max=260; n_reads=229260(44.2%)
Calling consensus sequences and haplotypes for catalog assembly...
Writing tags, SNPs, and alleles files to '00_Data/05a_Stacks.denovo.ALL.M1n1/S_23_02093'...done.
ustacks is done.
