

-t gzfastq -f ./00_Data/03a_Demultiplex/S_23_01119.1.fq.gz -o 00_Data/05a_Stacks.denovo.ALL.M4n4/ -i 97 -m 3 --name S_23_01119 -M 4 -p 8


ustacks parameters selected:
  Input file: './00_Data/03a_Demultiplex/S_23_01119.1.fq.gz'
  Sample ID: 97
  Min depth of coverage to create a stack (m): 3
  Repeat removal algorithm: enabled
  Max distance allowed between stacks (M): 4
  Max distance allowed to align secondary reads: 6
  Max number of stacks allowed per de novo locus: 3
  Deleveraging algorithm: disabled
  Gapped assembly: enabled
  Minimum alignment length: 0.8
  Model type: SNP
  Alpha significance level for model: 0.05

Loading RAD-Tags...1M...

Loaded 1043826 reads; formed:
  100311 stacks representing 834972 primary reads (80.0%)
  166001 secondary stacks representing 208854 secondary reads (20.0%)

Stack coverage: mean=8.32; stdev=67.95; max=8554; n_reads=834972(80.0%)
Removing repetitive stacks: cov > 213 (mean+3*stdev)...
  Blacklisted 4990 stacks.
Coverage after repeat removal: mean=6.25; stdev=9.15; max=212; n_reads=595642(57.1%)

Assembling stacks (max. dist. M=4)...
  Assembled 95321 stacks into 68656; blacklisted 1493 stacks.
Coverage after assembling stacks: mean=6.00; stdev=6.82; max=206; n_reads=402034(38.5%)

Merging secondary stacks (max. dist. N=6 from consensus)...
  Merged 58079 out of 208854 secondary reads (27.8%), 22816 merged with gapped alignments.
Coverage after merging secondary stacks: mean=6.87; stdev=11.08; max=1226; n_reads=460113(44.1%)

Assembling stacks, allowing for gaps (min. match length 80.0%)...
  Assembled 68656 stacks into 66639 stacks.
Coverage after gapped assembly: mean=7.09; stdev=11.50; max=1226; n_reads=460113(44.1%)

Merging secondary stacks, allowing for gaps (min. match length 80.0%)...
  Merged 22186 out of 150775 secondary reads (14.7%).
Coverage after merging gapped secondary stacks: mean=7.43; stdev=13.18; max=1329; n_reads=482299(46.2%)

Final number of stacks built: 66639
Final coverage: mean=7.43; stdev=13.18; max=1329; n_reads=482299(46.2%)
Calling consensus sequences and haplotypes for catalog assembly...
Writing tags, SNPs, and alleles files to '00_Data/05a_Stacks.denovo.ALL.M4n4/S_23_01119'...done.
ustacks is done.
