

-t gzfastq -f ./00_Data/03a_Demultiplex/S_23_01873.1.fq.gz -o 00_Data/05a_Stacks.denovo.ALL.M1n1/ -i 278 -m 3 --name S_23_01873 -M 1 -p 8


ustacks parameters selected:
  Input file: './00_Data/03a_Demultiplex/S_23_01873.1.fq.gz'
  Sample ID: 278
  Min depth of coverage to create a stack (m): 3
  Repeat removal algorithm: enabled
  Max distance allowed between stacks (M): 1
  Max distance allowed to align secondary reads: 3
  Max number of stacks allowed per de novo locus: 3
  Deleveraging algorithm: disabled
  Gapped assembly: enabled
  Minimum alignment length: 0.8
  Model type: SNP
  Alpha significance level for model: 0.05

Loading RAD-Tags...1M...2M...3M...4M...

Loaded 4656182 reads; formed:
  200056 stacks representing 4327701 primary reads (92.9%)
  302265 secondary stacks representing 328481 secondary reads (7.1%)

Stack coverage: mean=21.63; stdev=268.30; max=49939; n_reads=4327701(92.9%)
Removing repetitive stacks: cov > 827 (mean+3*stdev)...
  Blacklisted 10336 stacks.
Coverage after repeat removal: mean=16.06; stdev=26.91; max=825; n_reads=3046379(65.4%)

Assembling stacks (max. dist. M=1)...
  Assembled 189720 stacks into 156559; blacklisted 1866 stacks.
Coverage after assembling stacks: mean=16.04; stdev=16.74; max=882; n_reads=2477829(53.2%)

Merging secondary stacks (max. dist. N=3 from consensus)...
  Merged 156154 out of 328481 secondary reads (47.5%), 6860 merged with gapped alignments.
Coverage after merging secondary stacks: mean=17.06; stdev=17.45; max=913; n_reads=2633983(56.6%)

Assembling stacks, allowing for gaps (min. match length 80.0%)...
  Assembled 156559 stacks into 152837 stacks.
Coverage after gapped assembly: mean=17.48; stdev=17.78; max=913; n_reads=2633983(56.6%)

Merging secondary stacks, allowing for gaps (min. match length 80.0%)...
  Merged 10847 out of 172327 secondary reads (6.3%).
Coverage after merging gapped secondary stacks: mean=17.55; stdev=17.81; max=915; n_reads=2644830(56.8%)

Final number of stacks built: 152837
Final coverage: mean=17.55; stdev=17.81; max=915; n_reads=2644830(56.8%)
Calling consensus sequences and haplotypes for catalog assembly...
Writing tags, SNPs, and alleles files to '00_Data/05a_Stacks.denovo.ALL.M1n1/S_23_01873'...done.
ustacks is done.
