

-t gzfastq -f ./00_Data/03a_Demultiplex/S_23_01822.1.fq.gz -o 00_Data/05a_Stacks.denovo.ALL.M1n1/ -i 245 -m 3 --name S_23_01822 -M 1 -p 8


ustacks parameters selected:
  Input file: './00_Data/03a_Demultiplex/S_23_01822.1.fq.gz'
  Sample ID: 245
  Min depth of coverage to create a stack (m): 3
  Repeat removal algorithm: enabled
  Max distance allowed between stacks (M): 1
  Max distance allowed to align secondary reads: 3
  Max number of stacks allowed per de novo locus: 3
  Deleveraging algorithm: disabled
  Gapped assembly: enabled
  Minimum alignment length: 0.8
  Model type: SNP
  Alpha significance level for model: 0.05

Loading RAD-Tags...

Loaded 197925 reads; formed:
  15078 stacks representing 112641 primary reads (56.9%)
  68443 secondary stacks representing 85284 secondary reads (43.1%)

Stack coverage: mean=7.47; stdev=39.84; max=2535; n_reads=112641(56.9%)
Removing repetitive stacks: cov > 127 (mean+3*stdev)...
  Blacklisted 831 stacks.
Coverage after repeat removal: mean=5.71; stdev=9.05; max=127; n_reads=81323(41.1%)

Assembling stacks (max. dist. M=1)...
  Assembled 14247 stacks into 12585; blacklisted 171 stacks.
Coverage after assembling stacks: mean=5.48; stdev=8.61; max=191; n_reads=67749(34.2%)

Merging secondary stacks (max. dist. N=3 from consensus)...
  Merged 11763 out of 85284 secondary reads (13.8%), 224 merged with gapped alignments.
Coverage after merging secondary stacks: mean=6.43; stdev=10.00; max=202; n_reads=79512(40.2%)

Assembling stacks, allowing for gaps (min. match length 80.0%)...
  Assembled 12585 stacks into 12470 stacks.
Coverage after gapped assembly: mean=6.49; stdev=10.22; max=202; n_reads=79512(40.2%)

Merging secondary stacks, allowing for gaps (min. match length 80.0%)...
  Merged 1823 out of 73521 secondary reads (2.5%).
Coverage after merging gapped secondary stacks: mean=6.64; stdev=10.38; max=203; n_reads=81335(41.1%)

Final number of stacks built: 12470
Final coverage: mean=6.64; stdev=10.38; max=203; n_reads=81335(41.1%)
Calling consensus sequences and haplotypes for catalog assembly...
Writing tags, SNPs, and alleles files to '00_Data/05a_Stacks.denovo.ALL.M1n1/S_23_01822'...done.
ustacks is done.
