

-t gzfastq -f ./00_Data/03a_Demultiplex/S_23_02219.1.fq.gz -o 00_Data/05a_Stacks.denovo.ALL.M4n4/ -i 526 -m 3 --name S_23_02219 -M 4 -p 8


ustacks parameters selected:
  Input file: './00_Data/03a_Demultiplex/S_23_02219.1.fq.gz'
  Sample ID: 526
  Min depth of coverage to create a stack (m): 3
  Repeat removal algorithm: enabled
  Max distance allowed between stacks (M): 4
  Max distance allowed to align secondary reads: 6
  Max number of stacks allowed per de novo locus: 3
  Deleveraging algorithm: disabled
  Gapped assembly: enabled
  Minimum alignment length: 0.8
  Model type: SNP
  Alpha significance level for model: 0.05

Loading RAD-Tags...1M...2M...

Loaded 2418621 reads; formed:
  129886 stacks representing 2112160 primary reads (87.3%)
  253437 secondary stacks representing 306461 secondary reads (12.7%)

Stack coverage: mean=16.26; stdev=114.71; max=18401; n_reads=2112160(87.3%)
Removing repetitive stacks: cov > 361 (mean+3*stdev)...
  Blacklisted 8218 stacks.
Coverage after repeat removal: mean=10.06; stdev=23.85; max=361; n_reads=1224391(50.6%)

Assembling stacks (max. dist. M=4)...
  Assembled 121668 stacks into 82598; blacklisted 2772 stacks.
Coverage after assembling stacks: mean=9.07; stdev=20.40; max=689; n_reads=716398(29.6%)

Merging secondary stacks (max. dist. N=6 from consensus)...
  Merged 99156 out of 306461 secondary reads (32.4%), 32378 merged with gapped alignments.
Coverage after merging secondary stacks: mean=10.32; stdev=22.75; max=958; n_reads=815554(33.7%)

Assembling stacks, allowing for gaps (min. match length 80.0%)...
  Assembled 82598 stacks into 80084 stacks.
Coverage after gapped assembly: mean=10.66; stdev=23.41; max=958; n_reads=815554(33.7%)

Merging secondary stacks, allowing for gaps (min. match length 80.0%)...
  Merged 24023 out of 207305 secondary reads (11.6%).
Coverage after merging gapped secondary stacks: mean=10.98; stdev=24.38; max=1098; n_reads=839577(34.7%)

Final number of stacks built: 80084
Final coverage: mean=10.98; stdev=24.38; max=1098; n_reads=839577(34.7%)
Calling consensus sequences and haplotypes for catalog assembly...
Writing tags, SNPs, and alleles files to '00_Data/05a_Stacks.denovo.ALL.M4n4/S_23_02219'...done.
ustacks is done.
