

-t gzfastq -f ./00_Data/03a_Demultiplex/S_23_02056.1.fq.gz -o 00_Data/05a_Stacks.denovo.ALL.M4n4/ -i 376 -m 3 --name S_23_02056 -M 4 -p 8


ustacks parameters selected:
  Input file: './00_Data/03a_Demultiplex/S_23_02056.1.fq.gz'
  Sample ID: 376
  Min depth of coverage to create a stack (m): 3
  Repeat removal algorithm: enabled
  Max distance allowed between stacks (M): 4
  Max distance allowed to align secondary reads: 6
  Max number of stacks allowed per de novo locus: 3
  Deleveraging algorithm: disabled
  Gapped assembly: enabled
  Minimum alignment length: 0.8
  Model type: SNP
  Alpha significance level for model: 0.05

Loading RAD-Tags...

Loaded 757414 reads; formed:
  71774 stacks representing 558224 primary reads (73.7%)
  158560 secondary stacks representing 199190 secondary reads (26.3%)

Stack coverage: mean=7.78; stdev=59.16; max=6704; n_reads=558224(73.7%)
Removing repetitive stacks: cov > 186 (mean+3*stdev)...
  Blacklisted 3505 stacks.
Coverage after repeat removal: mean=5.87; stdev=8.58; max=185; n_reads=401013(52.9%)

Assembling stacks (max. dist. M=4)...
  Assembled 68269 stacks into 49959; blacklisted 1114 stacks.
Coverage after assembling stacks: mean=5.63; stdev=6.75; max=239; n_reads=274261(36.2%)

Merging secondary stacks (max. dist. N=6 from consensus)...
  Merged 43836 out of 199190 secondary reads (22.0%), 16698 merged with gapped alignments.
Coverage after merging secondary stacks: mean=6.53; stdev=10.44; max=1107; n_reads=318097(42.0%)

Assembling stacks, allowing for gaps (min. match length 80.0%)...
  Assembled 49959 stacks into 48490 stacks.
Coverage after gapped assembly: mean=6.74; stdev=10.89; max=1107; n_reads=318097(42.0%)

Merging secondary stacks, allowing for gaps (min. match length 80.0%)...
  Merged 18246 out of 155354 secondary reads (11.7%).
Coverage after merging gapped secondary stacks: mean=7.12; stdev=13.94; max=1288; n_reads=336343(44.4%)

Final number of stacks built: 48490
Final coverage: mean=7.12; stdev=13.94; max=1288; n_reads=336343(44.4%)
Calling consensus sequences and haplotypes for catalog assembly...
Writing tags, SNPs, and alleles files to '00_Data/05a_Stacks.denovo.ALL.M4n4/S_23_02056'...done.
ustacks is done.
