

-t gzfastq -f ./00_Data/03a_Demultiplex/S_23_02111.1.fq.gz -o 00_Data/05a_Stacks.denovo.ALL.M1n1/ -i 420 -m 3 --name S_23_02111 -M 1 -p 8


ustacks parameters selected:
  Input file: './00_Data/03a_Demultiplex/S_23_02111.1.fq.gz'
  Sample ID: 420
  Min depth of coverage to create a stack (m): 3
  Repeat removal algorithm: enabled
  Max distance allowed between stacks (M): 1
  Max distance allowed to align secondary reads: 3
  Max number of stacks allowed per de novo locus: 3
  Deleveraging algorithm: disabled
  Gapped assembly: enabled
  Minimum alignment length: 0.8
  Model type: SNP
  Alpha significance level for model: 0.05

Loading RAD-Tags...1M...2M...3M...4M...5M...6M...7M...8M...9M...

Loaded 9519370 reads; formed:
  253793 stacks representing 8900075 primary reads (93.5%)
  568997 secondary stacks representing 619295 secondary reads (6.5%)

Stack coverage: mean=35.07; stdev=462.15; max=102330; n_reads=8900075(93.5%)
Removing repetitive stacks: cov > 1422 (mean+3*stdev)...
  Blacklisted 14765 stacks.
Coverage after repeat removal: mean=26.03; stdev=47.94; max=1419; n_reads=6220762(65.3%)

Assembling stacks (max. dist. M=1)...
  Assembled 239028 stacks into 193685; blacklisted 2635 stacks.
Coverage after assembling stacks: mean=25.96; stdev=29.38; max=1393; n_reads=4952890(52.0%)

Merging secondary stacks (max. dist. N=3 from consensus)...
  Merged 297904 out of 619295 secondary reads (48.1%), 13384 merged with gapped alignments.
Coverage after merging secondary stacks: mean=27.53; stdev=30.47; max=1438; n_reads=5250794(55.2%)

Assembling stacks, allowing for gaps (min. match length 80.0%)...
  Assembled 193685 stacks into 188588 stacks.
Coverage after gapped assembly: mean=28.28; stdev=31.20; max=1551; n_reads=5250794(55.2%)

Merging secondary stacks, allowing for gaps (min. match length 80.0%)...
  Merged 18865 out of 321391 secondary reads (5.9%).
Coverage after merging gapped secondary stacks: mean=28.38; stdev=31.23; max=1552; n_reads=5269659(55.4%)

Final number of stacks built: 188588
Final coverage: mean=28.38; stdev=31.23; max=1552; n_reads=5269659(55.4%)
Calling consensus sequences and haplotypes for catalog assembly...
Writing tags, SNPs, and alleles files to '00_Data/05a_Stacks.denovo.ALL.M1n1/S_23_02111'...done.
ustacks is done.
