

-t gzfastq -f ./00_Data/03a_Demultiplex/S_23_02079.1.fq.gz -o 00_Data/05a_Stacks.denovo.ALL.M4n4/ -i 392 -m 3 --name S_23_02079 -M 4 -p 8


ustacks parameters selected:
  Input file: './00_Data/03a_Demultiplex/S_23_02079.1.fq.gz'
  Sample ID: 392
  Min depth of coverage to create a stack (m): 3
  Repeat removal algorithm: enabled
  Max distance allowed between stacks (M): 4
  Max distance allowed to align secondary reads: 6
  Max number of stacks allowed per de novo locus: 3
  Deleveraging algorithm: disabled
  Gapped assembly: enabled
  Minimum alignment length: 0.8
  Model type: SNP
  Alpha significance level for model: 0.05

Loading RAD-Tags...1M...

Loaded 1584631 reads; formed:
  133829 stacks representing 1384307 primary reads (87.4%)
  165616 secondary stacks representing 200324 secondary reads (12.6%)

Stack coverage: mean=10.34; stdev=151.18; max=32134; n_reads=1384307(87.4%)
Removing repetitive stacks: cov > 464 (mean+3*stdev)...
  Blacklisted 5967 stacks.
Coverage after repeat removal: mean=7.75; stdev=13.61; max=464; n_reads=991203(62.6%)

Assembling stacks (max. dist. M=4)...
  Assembled 127862 stacks into 89008; blacklisted 1768 stacks.
Coverage after assembling stacks: mean=7.39; stdev=7.46; max=459; n_reads=643849(40.6%)

Merging secondary stacks (max. dist. N=6 from consensus)...
  Merged 68467 out of 200324 secondary reads (34.2%), 25374 merged with gapped alignments.
Coverage after merging secondary stacks: mean=8.18; stdev=10.09; max=938; n_reads=712316(45.0%)

Assembling stacks, allowing for gaps (min. match length 80.0%)...
  Assembled 89008 stacks into 85920 stacks.
Coverage after gapped assembly: mean=8.48; stdev=10.62; max=938; n_reads=712316(45.0%)

Merging secondary stacks, allowing for gaps (min. match length 80.0%)...
  Merged 23552 out of 131857 secondary reads (17.9%).
Coverage after merging gapped secondary stacks: mean=8.76; stdev=13.26; max=1705; n_reads=735868(46.4%)

Final number of stacks built: 85920
Final coverage: mean=8.76; stdev=13.26; max=1705; n_reads=735868(46.4%)
Calling consensus sequences and haplotypes for catalog assembly...
Writing tags, SNPs, and alleles files to '00_Data/05a_Stacks.denovo.ALL.M4n4/S_23_02079'...done.
ustacks is done.
