

-t gzfastq -f ./00_Data/03a_Demultiplex/S_23_02038.1.fq.gz -o 00_Data/05a_Stacks.denovo.ALL.M1n1/ -i 358 -m 3 --name S_23_02038 -M 1 -p 8


ustacks parameters selected:
  Input file: './00_Data/03a_Demultiplex/S_23_02038.1.fq.gz'
  Sample ID: 358
  Min depth of coverage to create a stack (m): 3
  Repeat removal algorithm: enabled
  Max distance allowed between stacks (M): 1
  Max distance allowed to align secondary reads: 3
  Max number of stacks allowed per de novo locus: 3
  Deleveraging algorithm: disabled
  Gapped assembly: enabled
  Minimum alignment length: 0.8
  Model type: SNP
  Alpha significance level for model: 0.05

Loading RAD-Tags...

Loaded 33382 reads; formed:
  1978 stacks representing 12562 primary reads (37.6%)
  17637 secondary stacks representing 20820 secondary reads (62.4%)

Stack coverage: mean=6.35; stdev=15.94; max=387; n_reads=12562(37.6%)
Removing repetitive stacks: cov > 55 (mean+3*stdev)...
  Blacklisted 94 stacks.
Coverage after repeat removal: mean=5.14; stdev=5.42; max=52; n_reads=9687(29.0%)

Assembling stacks (max. dist. M=1)...
  Assembled 1884 stacks into 1711; blacklisted 21 stacks.
Coverage after assembling stacks: mean=5.14; stdev=5.51; max=69; n_reads=8607(25.8%)

Merging secondary stacks (max. dist. N=3 from consensus)...
  Merged 2181 out of 20820 secondary reads (10.5%), 49 merged with gapped alignments.
Coverage after merging secondary stacks: mean=6.44; stdev=7.67; max=84; n_reads=10788(32.3%)

Assembling stacks, allowing for gaps (min. match length 80.0%)...
  Assembled 1711 stacks into 1695 stacks.
Coverage after gapped assembly: mean=6.50; stdev=7.80; max=84; n_reads=10788(32.3%)

Merging secondary stacks, allowing for gaps (min. match length 80.0%)...
  Merged 244 out of 18639 secondary reads (1.3%).
Coverage after merging gapped secondary stacks: mean=6.65; stdev=8.10; max=95; n_reads=11032(33.0%)

Final number of stacks built: 1695
Final coverage: mean=6.65; stdev=8.10; max=95; n_reads=11032(33.0%)
Calling consensus sequences and haplotypes for catalog assembly...
Writing tags, SNPs, and alleles files to '00_Data/05a_Stacks.denovo.ALL.M1n1/S_23_02038'...done.
ustacks is done.
