

-t gzfastq -f ./00_Data/03a_Demultiplex/S_23_02186.1.fq.gz -o 00_Data/05a_Stacks.denovo.ALL.M4n4/ -i 494 -m 3 --name S_23_02186 -M 4 -p 8


ustacks parameters selected:
  Input file: './00_Data/03a_Demultiplex/S_23_02186.1.fq.gz'
  Sample ID: 494
  Min depth of coverage to create a stack (m): 3
  Repeat removal algorithm: enabled
  Max distance allowed between stacks (M): 4
  Max distance allowed to align secondary reads: 6
  Max number of stacks allowed per de novo locus: 3
  Deleveraging algorithm: disabled
  Gapped assembly: enabled
  Minimum alignment length: 0.8
  Model type: SNP
  Alpha significance level for model: 0.05

Loading RAD-Tags...1M...2M...

Loaded 2284895 reads; formed:
  162283 stacks representing 2068634 primary reads (90.5%)
  187686 secondary stacks representing 216261 secondary reads (9.5%)

Stack coverage: mean=12.75; stdev=156.12; max=28842; n_reads=2068634(90.5%)
Removing repetitive stacks: cov > 482 (mean+3*stdev)...
  Blacklisted 7419 stacks.
Coverage after repeat removal: mean=9.38; stdev=16.62; max=482; n_reads=1452878(63.6%)

Assembling stacks (max. dist. M=4)...
  Assembled 154864 stacks into 106216; blacklisted 2323 stacks.
Coverage after assembling stacks: mean=9.04; stdev=9.87; max=484; n_reads=936912(41.0%)

Merging secondary stacks (max. dist. N=6 from consensus)...
  Merged 88961 out of 216261 secondary reads (41.1%), 27639 merged with gapped alignments.
Coverage after merging secondary stacks: mean=9.89; stdev=11.17; max=508; n_reads=1025873(44.9%)

Assembling stacks, allowing for gaps (min. match length 80.0%)...
  Assembled 106216 stacks into 102001 stacks.
Coverage after gapped assembly: mean=10.31; stdev=11.78; max=558; n_reads=1025873(44.9%)

Merging secondary stacks, allowing for gaps (min. match length 80.0%)...
  Merged 27003 out of 127300 secondary reads (21.2%).
Coverage after merging gapped secondary stacks: mean=10.58; stdev=13.84; max=1056; n_reads=1052876(46.1%)

Final number of stacks built: 102001
Final coverage: mean=10.58; stdev=13.84; max=1056; n_reads=1052876(46.1%)
Calling consensus sequences and haplotypes for catalog assembly...
Writing tags, SNPs, and alleles files to '00_Data/05a_Stacks.denovo.ALL.M4n4/S_23_02186'...done.
ustacks is done.
