

-t gzfastq -f ./00_Data/03a_Demultiplex/S_23_01056.1.fq.gz -o 00_Data/05a_Stacks.denovo.ALL.M1n1/ -i 48 -m 3 --name S_23_01056 -M 1 -p 8


ustacks parameters selected:
  Input file: './00_Data/03a_Demultiplex/S_23_01056.1.fq.gz'
  Sample ID: 48
  Min depth of coverage to create a stack (m): 3
  Repeat removal algorithm: enabled
  Max distance allowed between stacks (M): 1
  Max distance allowed to align secondary reads: 3
  Max number of stacks allowed per de novo locus: 3
  Deleveraging algorithm: disabled
  Gapped assembly: enabled
  Minimum alignment length: 0.8
  Model type: SNP
  Alpha significance level for model: 0.05

Loading RAD-Tags...1M...2M...3M...

Loaded 3630833 reads; formed:
  186184 stacks representing 3367616 primary reads (92.8%)
  236340 secondary stacks representing 263217 secondary reads (7.2%)

Stack coverage: mean=18.09; stdev=207.24; max=33576; n_reads=3367616(92.8%)
Removing repetitive stacks: cov > 640 (mean+3*stdev)...
  Blacklisted 9640 stacks.
Coverage after repeat removal: mean=13.29; stdev=22.60; max=640; n_reads=2346777(64.6%)

Assembling stacks (max. dist. M=1)...
  Assembled 176544 stacks into 147273; blacklisted 1743 stacks.
Coverage after assembling stacks: mean=13.08; stdev=15.44; max=674; n_reads=1899305(52.3%)

Merging secondary stacks (max. dist. N=3 from consensus)...
  Merged 115649 out of 263217 secondary reads (43.9%), 4867 merged with gapped alignments.
Coverage after merging secondary stacks: mean=13.87; stdev=16.07; max=689; n_reads=2014954(55.5%)

Assembling stacks, allowing for gaps (min. match length 80.0%)...
  Assembled 147273 stacks into 144225 stacks.
Coverage after gapped assembly: mean=14.17; stdev=16.40; max=689; n_reads=2014954(55.5%)

Merging secondary stacks, allowing for gaps (min. match length 80.0%)...
  Merged 9679 out of 147568 secondary reads (6.6%).
Coverage after merging gapped secondary stacks: mean=14.24; stdev=16.42; max=689; n_reads=2024633(55.8%)

Final number of stacks built: 144225
Final coverage: mean=14.24; stdev=16.42; max=689; n_reads=2024633(55.8%)
Calling consensus sequences and haplotypes for catalog assembly...
Writing tags, SNPs, and alleles files to '00_Data/05a_Stacks.denovo.ALL.M1n1/S_23_01056'...done.
ustacks is done.
