

-t gzfastq -f ./00_Data/03a_Demultiplex/S_23_02244.1.fq.gz -o 00_Data/05a_Stacks.denovo.ALL.M1n1/ -i 535 -m 3 --name S_23_02244 -M 1 -p 8


ustacks parameters selected:
  Input file: './00_Data/03a_Demultiplex/S_23_02244.1.fq.gz'
  Sample ID: 535
  Min depth of coverage to create a stack (m): 3
  Repeat removal algorithm: enabled
  Max distance allowed between stacks (M): 1
  Max distance allowed to align secondary reads: 3
  Max number of stacks allowed per de novo locus: 3
  Deleveraging algorithm: disabled
  Gapped assembly: enabled
  Minimum alignment length: 0.8
  Model type: SNP
  Alpha significance level for model: 0.05

Loading RAD-Tags...1M...2M...3M...4M...

Loaded 4495550 reads; formed:
  217706 stacks representing 4145638 primary reads (92.2%)
  314651 secondary stacks representing 349912 secondary reads (7.8%)

Stack coverage: mean=19.04; stdev=255.89; max=58619; n_reads=4145638(92.2%)
Removing repetitive stacks: cov > 787 (mean+3*stdev)...
  Blacklisted 10243 stacks.
Coverage after repeat removal: mean=14.15; stdev=25.51; max=786; n_reads=2935301(65.3%)

Assembling stacks (max. dist. M=1)...
  Assembled 207463 stacks into 171799; blacklisted 2092 stacks.
Coverage after assembling stacks: mean=13.93; stdev=15.58; max=938; n_reads=2360166(52.5%)

Merging secondary stacks (max. dist. N=3 from consensus)...
  Merged 143632 out of 349912 secondary reads (41.0%), 6294 merged with gapped alignments.
Coverage after merging secondary stacks: mean=14.78; stdev=16.21; max=973; n_reads=2503798(55.7%)

Assembling stacks, allowing for gaps (min. match length 80.0%)...
  Assembled 171799 stacks into 168004 stacks.
Coverage after gapped assembly: mean=15.11; stdev=16.55; max=973; n_reads=2503798(55.7%)

Merging secondary stacks, allowing for gaps (min. match length 80.0%)...
  Merged 11583 out of 206280 secondary reads (5.6%).
Coverage after merging gapped secondary stacks: mean=15.18; stdev=16.57; max=974; n_reads=2515381(56.0%)

Final number of stacks built: 168004
Final coverage: mean=15.18; stdev=16.57; max=974; n_reads=2515381(56.0%)
Calling consensus sequences and haplotypes for catalog assembly...
Writing tags, SNPs, and alleles files to '00_Data/05a_Stacks.denovo.ALL.M1n1/S_23_02244'...done.
ustacks is done.
