

-t gzfastq -f ./00_Data/03a_Demultiplex/S_23_01251.1.fq.gz -o 00_Data/05a_Stacks.denovo.ALL.M1n1/ -i 185 -m 3 --name S_23_01251 -M 1 -p 8


ustacks parameters selected:
  Input file: './00_Data/03a_Demultiplex/S_23_01251.1.fq.gz'
  Sample ID: 185
  Min depth of coverage to create a stack (m): 3
  Repeat removal algorithm: enabled
  Max distance allowed between stacks (M): 1
  Max distance allowed to align secondary reads: 3
  Max number of stacks allowed per de novo locus: 3
  Deleveraging algorithm: disabled
  Gapped assembly: enabled
  Minimum alignment length: 0.8
  Model type: SNP
  Alpha significance level for model: 0.05

Loading RAD-Tags...1M...2M...3M...4M...5M...6M...

Loaded 6991535 reads; formed:
  221046 stacks representing 6446297 primary reads (92.2%)
  501000 secondary stacks representing 545238 secondary reads (7.8%)

Stack coverage: mean=29.16; stdev=381.81; max=74241; n_reads=6446297(92.2%)
Removing repetitive stacks: cov > 1175 (mean+3*stdev)...
  Blacklisted 12728 stacks.
Coverage after repeat removal: mean=21.46; stdev=38.66; max=1175; n_reads=4469812(63.9%)

Assembling stacks (max. dist. M=1)...
  Assembled 208318 stacks into 167494; blacklisted 2329 stacks.
Coverage after assembling stacks: mean=21.45; stdev=22.25; max=1175; n_reads=3536719(50.6%)

Merging secondary stacks (max. dist. N=3 from consensus)...
  Merged 284014 out of 545238 secondary reads (52.1%), 11258 merged with gapped alignments.
Coverage after merging secondary stacks: mean=23.17; stdev=23.29; max=1202; n_reads=3820733(54.6%)

Assembling stacks, allowing for gaps (min. match length 80.0%)...
  Assembled 167494 stacks into 163333 stacks.
Coverage after gapped assembly: mean=23.77; stdev=23.78; max=1202; n_reads=3820733(54.6%)

Merging secondary stacks, allowing for gaps (min. match length 80.0%)...
  Merged 16947 out of 261224 secondary reads (6.5%).
Coverage after merging gapped secondary stacks: mean=23.87; stdev=23.82; max=1202; n_reads=3837680(54.9%)

Final number of stacks built: 163333
Final coverage: mean=23.87; stdev=23.82; max=1202; n_reads=3837680(54.9%)
Calling consensus sequences and haplotypes for catalog assembly...
Writing tags, SNPs, and alleles files to '00_Data/05a_Stacks.denovo.ALL.M1n1/S_23_01251'...done.
ustacks is done.
