

-t gzfastq -f ./00_Data/03a_Demultiplex/S_23_01808.1.fq.gz -o 00_Data/05a_Stacks.denovo.ALL.M1n1/ -i 232 -m 3 --name S_23_01808 -M 1 -p 8


ustacks parameters selected:
  Input file: './00_Data/03a_Demultiplex/S_23_01808.1.fq.gz'
  Sample ID: 232
  Min depth of coverage to create a stack (m): 3
  Repeat removal algorithm: enabled
  Max distance allowed between stacks (M): 1
  Max distance allowed to align secondary reads: 3
  Max number of stacks allowed per de novo locus: 3
  Deleveraging algorithm: disabled
  Gapped assembly: enabled
  Minimum alignment length: 0.8
  Model type: SNP
  Alpha significance level for model: 0.05

Loading RAD-Tags...1M...2M...3M...4M...5M...

Loaded 5751314 reads; formed:
  211360 stacks representing 5373265 primary reads (93.4%)
  343377 secondary stacks representing 378049 secondary reads (6.6%)

Stack coverage: mean=25.42; stdev=347.74; max=71158; n_reads=5373265(93.4%)
Removing repetitive stacks: cov > 1069 (mean+3*stdev)...
  Blacklisted 10843 stacks.
Coverage after repeat removal: mean=18.67; stdev=33.98; max=1066; n_reads=3743305(65.1%)

Assembling stacks (max. dist. M=1)...
  Assembled 200517 stacks into 164549; blacklisted 2114 stacks.
Coverage after assembling stacks: mean=18.43; stdev=20.50; max=1132; n_reads=2989044(52.0%)

Merging secondary stacks (max. dist. N=3 from consensus)...
  Merged 173665 out of 378049 secondary reads (45.9%), 7663 merged with gapped alignments.
Coverage after merging secondary stacks: mean=19.50; stdev=21.27; max=1174; n_reads=3162709(55.0%)

Assembling stacks, allowing for gaps (min. match length 80.0%)...
  Assembled 164549 stacks into 160580 stacks.
Coverage after gapped assembly: mean=19.99; stdev=21.71; max=1174; n_reads=3162709(55.0%)

Merging secondary stacks, allowing for gaps (min. match length 80.0%)...
  Merged 13171 out of 204384 secondary reads (6.4%).
Coverage after merging gapped secondary stacks: mean=20.07; stdev=21.72; max=1174; n_reads=3175880(55.2%)

Final number of stacks built: 160580
Final coverage: mean=20.07; stdev=21.72; max=1174; n_reads=3175880(55.2%)
Calling consensus sequences and haplotypes for catalog assembly...
Writing tags, SNPs, and alleles files to '00_Data/05a_Stacks.denovo.ALL.M1n1/S_23_01808'...done.
ustacks is done.
