

-t gzfastq -f ./00_Data/03a_Demultiplex/S_23_02105.1.fq.gz -o 00_Data/05a_Stacks.denovo.ALL.M1n1/ -i 414 -m 3 --name S_23_02105 -M 1 -p 8


ustacks parameters selected:
  Input file: './00_Data/03a_Demultiplex/S_23_02105.1.fq.gz'
  Sample ID: 414
  Min depth of coverage to create a stack (m): 3
  Repeat removal algorithm: enabled
  Max distance allowed between stacks (M): 1
  Max distance allowed to align secondary reads: 3
  Max number of stacks allowed per de novo locus: 3
  Deleveraging algorithm: disabled
  Gapped assembly: enabled
  Minimum alignment length: 0.8
  Model type: SNP
  Alpha significance level for model: 0.05

Loading RAD-Tags...1M...2M...3M...4M...5M...6M...7M...8M...

Loaded 8561737 reads; formed:
  239865 stacks representing 8003801 primary reads (93.5%)
  506785 secondary stacks representing 557936 secondary reads (6.5%)

Stack coverage: mean=33.37; stdev=442.18; max=93130; n_reads=8003801(93.5%)
Removing repetitive stacks: cov > 1360 (mean+3*stdev)...
  Blacklisted 13008 stacks.
Coverage after repeat removal: mean=24.69; stdev=44.81; max=1359; n_reads=5600047(65.4%)

Assembling stacks (max. dist. M=1)...
  Assembled 226857 stacks into 184176; blacklisted 2556 stacks.
Coverage after assembling stacks: mean=24.61; stdev=27.30; max=1380; n_reads=4463397(52.1%)

Merging secondary stacks (max. dist. N=3 from consensus)...
  Merged 251818 out of 557936 secondary reads (45.1%), 11233 merged with gapped alignments.
Coverage after merging secondary stacks: mean=26.00; stdev=28.26; max=1448; n_reads=4715215(55.1%)

Assembling stacks, allowing for gaps (min. match length 80.0%)...
  Assembled 184176 stacks into 179448 stacks.
Coverage after gapped assembly: mean=26.70; stdev=28.94; max=1690; n_reads=4715215(55.1%)

Merging secondary stacks, allowing for gaps (min. match length 80.0%)...
  Merged 18644 out of 306118 secondary reads (6.1%).
Coverage after merging gapped secondary stacks: mean=26.80; stdev=28.95; max=1690; n_reads=4733859(55.3%)

Final number of stacks built: 179448
Final coverage: mean=26.80; stdev=28.95; max=1690; n_reads=4733859(55.3%)
Calling consensus sequences and haplotypes for catalog assembly...
Writing tags, SNPs, and alleles files to '00_Data/05a_Stacks.denovo.ALL.M1n1/S_23_02105'...done.
ustacks is done.
