

-t gzfastq -f ./00_Data/03a_Demultiplex/S_23_01216.1.fq.gz -o 00_Data/05a_Stacks.denovo.ALL.M4n4/ -i 166 -m 3 --name S_23_01216 -M 4 -p 8


ustacks parameters selected:
  Input file: './00_Data/03a_Demultiplex/S_23_01216.1.fq.gz'
  Sample ID: 166
  Min depth of coverage to create a stack (m): 3
  Repeat removal algorithm: enabled
  Max distance allowed between stacks (M): 4
  Max distance allowed to align secondary reads: 6
  Max number of stacks allowed per de novo locus: 3
  Deleveraging algorithm: disabled
  Gapped assembly: enabled
  Minimum alignment length: 0.8
  Model type: SNP
  Alpha significance level for model: 0.05

Loading RAD-Tags...1M...2M...3M...4M...5M...6M...

Loaded 6518919 reads; formed:
  238745 stacks representing 6024344 primary reads (92.4%)
  443986 secondary stacks representing 494575 secondary reads (7.6%)

Stack coverage: mean=25.23; stdev=338.56; max=76364; n_reads=6024344(92.4%)
Removing repetitive stacks: cov > 1041 (mean+3*stdev)...
  Blacklisted 11703 stacks.
Coverage after repeat removal: mean=18.70; stdev=33.55; max=1021; n_reads=4244879(65.1%)

Assembling stacks (max. dist. M=4)...
  Assembled 227042 stacks into 152014; blacklisted 3536 stacks.
Coverage after assembling stacks: mean=18.27; stdev=19.84; max=859; n_reads=2707099(41.5%)

Merging secondary stacks (max. dist. N=6 from consensus)...
  Merged 220705 out of 494575 secondary reads (44.6%), 74692 merged with gapped alignments.
Coverage after merging secondary stacks: mean=19.75; stdev=22.14; max=1292; n_reads=2927804(44.9%)

Assembling stacks, allowing for gaps (min. match length 80.0%)...
  Assembled 152014 stacks into 143966 stacks.
Coverage after gapped assembly: mean=20.89; stdev=23.40; max=1292; n_reads=2927804(44.9%)

Merging secondary stacks, allowing for gaps (min. match length 80.0%)...
  Merged 48145 out of 273870 secondary reads (17.6%).
Coverage after merging gapped secondary stacks: mean=21.23; stdev=24.76; max=1456; n_reads=2975949(45.7%)

Final number of stacks built: 143966
Final coverage: mean=21.23; stdev=24.76; max=1456; n_reads=2975949(45.7%)
Calling consensus sequences and haplotypes for catalog assembly...
Writing tags, SNPs, and alleles files to '00_Data/05a_Stacks.denovo.ALL.M4n4/S_23_01216'...done.
ustacks is done.
