

-t gzfastq -f ./00_Data/03a_Demultiplex/S_23_02124.1.fq.gz -o 00_Data/05a_Stacks.denovo.ALL.M4n4/ -i 433 -m 3 --name S_23_02124 -M 4 -p 8


ustacks parameters selected:
  Input file: './00_Data/03a_Demultiplex/S_23_02124.1.fq.gz'
  Sample ID: 433
  Min depth of coverage to create a stack (m): 3
  Repeat removal algorithm: enabled
  Max distance allowed between stacks (M): 4
  Max distance allowed to align secondary reads: 6
  Max number of stacks allowed per de novo locus: 3
  Deleveraging algorithm: disabled
  Gapped assembly: enabled
  Minimum alignment length: 0.8
  Model type: SNP
  Alpha significance level for model: 0.05

Loading RAD-Tags...1M...2M...3M...4M...5M...6M...7M...8M...9M...10M...11M...

Loaded 11281688 reads; formed:
  269206 stacks representing 10532253 primary reads (93.4%)
  681656 secondary stacks representing 749435 secondary reads (6.6%)

Stack coverage: mean=39.12; stdev=530.42; max=118913; n_reads=10532253(93.4%)
Removing repetitive stacks: cov > 1631 (mean+3*stdev)...
  Blacklisted 14903 stacks.
Coverage after repeat removal: mean=29.00; stdev=52.36; max=1628; n_reads=7374216(65.4%)

Assembling stacks (max. dist. M=4)...
  Assembled 254303 stacks into 168335; blacklisted 4077 stacks.
Coverage after assembling stacks: mean=28.86; stdev=31.19; max=1348; n_reads=4731376(41.9%)

Merging secondary stacks (max. dist. N=6 from consensus)...
  Merged 360441 out of 749435 secondary reads (48.1%), 118503 merged with gapped alignments.
Coverage after merging secondary stacks: mean=31.06; stdev=33.97; max=1398; n_reads=5091817(45.1%)

Assembling stacks, allowing for gaps (min. match length 80.0%)...
  Assembled 168335 stacks into 158294 stacks.
Coverage after gapped assembly: mean=33.08; stdev=35.77; max=1398; n_reads=5091817(45.1%)

Merging secondary stacks, allowing for gaps (min. match length 80.0%)...
  Merged 74144 out of 388994 secondary reads (19.1%).
Coverage after merging gapped secondary stacks: mean=33.57; stdev=37.32; max=2129; n_reads=5165961(45.8%)

Final number of stacks built: 158294
Final coverage: mean=33.57; stdev=37.32; max=2129; n_reads=5165961(45.8%)
Calling consensus sequences and haplotypes for catalog assembly...
Writing tags, SNPs, and alleles files to '00_Data/05a_Stacks.denovo.ALL.M4n4/S_23_02124'...done.
ustacks is done.
