

-t gzfastq -f ./00_Data/03a_Demultiplex/S_23_01163.1.fq.gz -o 00_Data/05a_Stacks.denovo.ALL.M1n1/ -i 126 -m 3 --name S_23_01163 -M 1 -p 8


ustacks parameters selected:
  Input file: './00_Data/03a_Demultiplex/S_23_01163.1.fq.gz'
  Sample ID: 126
  Min depth of coverage to create a stack (m): 3
  Repeat removal algorithm: enabled
  Max distance allowed between stacks (M): 1
  Max distance allowed to align secondary reads: 3
  Max number of stacks allowed per de novo locus: 3
  Deleveraging algorithm: disabled
  Gapped assembly: enabled
  Minimum alignment length: 0.8
  Model type: SNP
  Alpha significance level for model: 0.05

Loading RAD-Tags...1M...2M...3M...

Loaded 3866759 reads; formed:
  198734 stacks representing 3565339 primary reads (92.2%)
  268579 secondary stacks representing 301420 secondary reads (7.8%)

Stack coverage: mean=17.94; stdev=226.98; max=50196; n_reads=3565339(92.2%)
Removing repetitive stacks: cov > 699 (mean+3*stdev)...
  Blacklisted 9305 stacks.
Coverage after repeat removal: mean=13.34; stdev=23.39; max=696; n_reads=2527285(65.4%)

Assembling stacks (max. dist. M=1)...
  Assembled 189429 stacks into 158147; blacklisted 1855 stacks.
Coverage after assembling stacks: mean=13.04; stdev=14.89; max=694; n_reads=2035557(52.6%)

Merging secondary stacks (max. dist. N=3 from consensus)...
  Merged 121455 out of 301420 secondary reads (40.3%), 5279 merged with gapped alignments.
Coverage after merging secondary stacks: mean=13.82; stdev=15.49; max=713; n_reads=2157012(55.8%)

Assembling stacks, allowing for gaps (min. match length 80.0%)...
  Assembled 158147 stacks into 154794 stacks.
Coverage after gapped assembly: mean=14.13; stdev=15.83; max=713; n_reads=2157012(55.8%)

Merging secondary stacks, allowing for gaps (min. match length 80.0%)...
  Merged 10494 out of 179965 secondary reads (5.8%).
Coverage after merging gapped secondary stacks: mean=14.20; stdev=15.86; max=713; n_reads=2167506(56.1%)

Final number of stacks built: 154794
Final coverage: mean=14.20; stdev=15.86; max=713; n_reads=2167506(56.1%)
Calling consensus sequences and haplotypes for catalog assembly...
Writing tags, SNPs, and alleles files to '00_Data/05a_Stacks.denovo.ALL.M1n1/S_23_01163'...done.
ustacks is done.
