

-t gzfastq -f ./00_Data/03a_Demultiplex/S_23_01893.1.fq.gz -o 00_Data/05a_Stacks.denovo.ALL.M4n4/ -i 286 -m 3 --name S_23_01893 -M 4 -p 8


ustacks parameters selected:
  Input file: './00_Data/03a_Demultiplex/S_23_01893.1.fq.gz'
  Sample ID: 286
  Min depth of coverage to create a stack (m): 3
  Repeat removal algorithm: enabled
  Max distance allowed between stacks (M): 4
  Max distance allowed to align secondary reads: 6
  Max number of stacks allowed per de novo locus: 3
  Deleveraging algorithm: disabled
  Gapped assembly: enabled
  Minimum alignment length: 0.8
  Model type: SNP
  Alpha significance level for model: 0.05

Loading RAD-Tags...1M...

Loaded 1243066 reads; formed:
  114352 stacks representing 1031189 primary reads (83.0%)
  171098 secondary stacks representing 211877 secondary reads (17.0%)

Stack coverage: mean=9.02; stdev=94.90; max=15165; n_reads=1031189(83.0%)
Removing repetitive stacks: cov > 294 (mean+3*stdev)...
  Blacklisted 5149 stacks.
Coverage after repeat removal: mean=6.69; stdev=11.40; max=293; n_reads=731054(58.8%)

Assembling stacks (max. dist. M=4)...
  Assembled 109203 stacks into 78088; blacklisted 1620 stacks.
Coverage after assembling stacks: mean=6.29; stdev=7.64; max=323; n_reads=480129(38.6%)

Merging secondary stacks (max. dist. N=6 from consensus)...
  Merged 62726 out of 211877 secondary reads (29.6%), 24360 merged with gapped alignments.
Coverage after merging secondary stacks: mean=7.12; stdev=11.32; max=1283; n_reads=542855(43.7%)

Assembling stacks, allowing for gaps (min. match length 80.0%)...
  Assembled 78088 stacks into 75727 stacks.
Coverage after gapped assembly: mean=7.34; stdev=11.78; max=1283; n_reads=542855(43.7%)

Merging secondary stacks, allowing for gaps (min. match length 80.0%)...
  Merged 21608 out of 149151 secondary reads (14.5%).
Coverage after merging gapped secondary stacks: mean=7.64; stdev=12.91; max=1283; n_reads=564463(45.4%)

Final number of stacks built: 75727
Final coverage: mean=7.64; stdev=12.91; max=1283; n_reads=564463(45.4%)
Calling consensus sequences and haplotypes for catalog assembly...
Writing tags, SNPs, and alleles files to '00_Data/05a_Stacks.denovo.ALL.M4n4/S_23_01893'...done.
ustacks is done.
