

-t gzfastq -f ./00_Data/03a_Demultiplex/S_23_01842.1.fq.gz -o 00_Data/05a_Stacks.denovo.ALL.M1n1/ -i 249 -m 3 --name S_23_01842 -M 1 -p 8


ustacks parameters selected:
  Input file: './00_Data/03a_Demultiplex/S_23_01842.1.fq.gz'
  Sample ID: 249
  Min depth of coverage to create a stack (m): 3
  Repeat removal algorithm: enabled
  Max distance allowed between stacks (M): 1
  Max distance allowed to align secondary reads: 3
  Max number of stacks allowed per de novo locus: 3
  Deleveraging algorithm: disabled
  Gapped assembly: enabled
  Minimum alignment length: 0.8
  Model type: SNP
  Alpha significance level for model: 0.05

Loading RAD-Tags...1M...2M...

Loaded 2823936 reads; formed:
  185785 stacks representing 2564487 primary reads (90.8%)
  224674 secondary stacks representing 259449 secondary reads (9.2%)

Stack coverage: mean=13.80; stdev=159.96; max=32339; n_reads=2564487(90.8%)
Removing repetitive stacks: cov > 494 (mean+3*stdev)...
  Blacklisted 8150 stacks.
Coverage after repeat removal: mean=10.40; stdev=17.01; max=492; n_reads=1846940(65.4%)

Assembling stacks (max. dist. M=1)...
  Assembled 177635 stacks into 150365; blacklisted 1641 stacks.
Coverage after assembling stacks: mean=10.20; stdev=11.05; max=487; n_reads=1515104(53.7%)

Merging secondary stacks (max. dist. N=3 from consensus)...
  Merged 95406 out of 259449 secondary reads (36.8%), 4096 merged with gapped alignments.
Coverage after merging secondary stacks: mean=10.85; stdev=11.55; max=548; n_reads=1610510(57.0%)

Assembling stacks, allowing for gaps (min. match length 80.0%)...
  Assembled 150365 stacks into 147657 stacks.
Coverage after gapped assembly: mean=11.05; stdev=11.76; max=548; n_reads=1610510(57.0%)

Merging secondary stacks, allowing for gaps (min. match length 80.0%)...
  Merged 9848 out of 164043 secondary reads (6.0%).
Coverage after merging gapped secondary stacks: mean=11.12; stdev=11.80; max=548; n_reads=1620358(57.4%)

Final number of stacks built: 147657
Final coverage: mean=11.12; stdev=11.80; max=548; n_reads=1620358(57.4%)
Calling consensus sequences and haplotypes for catalog assembly...
Writing tags, SNPs, and alleles files to '00_Data/05a_Stacks.denovo.ALL.M1n1/S_23_01842'...done.
ustacks is done.
