

-t gzfastq -f ./00_Data/03a_Demultiplex/S_23_02268.1.fq.gz -o 00_Data/05a_Stacks.denovo.ALL.M1n1/ -i 559 -m 3 --name S_23_02268 -M 1 -p 8


ustacks parameters selected:
  Input file: './00_Data/03a_Demultiplex/S_23_02268.1.fq.gz'
  Sample ID: 559
  Min depth of coverage to create a stack (m): 3
  Repeat removal algorithm: enabled
  Max distance allowed between stacks (M): 1
  Max distance allowed to align secondary reads: 3
  Max number of stacks allowed per de novo locus: 3
  Deleveraging algorithm: disabled
  Gapped assembly: enabled
  Minimum alignment length: 0.8
  Model type: SNP
  Alpha significance level for model: 0.05

Loading RAD-Tags...1M...2M...

Loaded 2583594 reads; formed:
  168667 stacks representing 2341937 primary reads (90.6%)
  209877 secondary stacks representing 241657 secondary reads (9.4%)

Stack coverage: mean=13.88; stdev=175.59; max=34177; n_reads=2341937(90.6%)
Removing repetitive stacks: cov > 541 (mean+3*stdev)...
  Blacklisted 7719 stacks.
Coverage after repeat removal: mean=10.25; stdev=18.53; max=541; n_reads=1649720(63.9%)

Assembling stacks (max. dist. M=1)...
  Assembled 160948 stacks into 135920; blacklisted 1591 stacks.
Coverage after assembling stacks: mean=9.91; stdev=11.66; max=552; n_reads=1329195(51.4%)

Merging secondary stacks (max. dist. N=3 from consensus)...
  Merged 82823 out of 241657 secondary reads (34.3%), 3508 merged with gapped alignments.
Coverage after merging secondary stacks: mean=10.53; stdev=12.14; max=562; n_reads=1412018(54.7%)

Assembling stacks, allowing for gaps (min. match length 80.0%)...
  Assembled 135920 stacks into 133479 stacks.
Coverage after gapped assembly: mean=10.72; stdev=12.39; max=562; n_reads=1412018(54.7%)

Merging secondary stacks, allowing for gaps (min. match length 80.0%)...
  Merged 9124 out of 158834 secondary reads (5.7%).
Coverage after merging gapped secondary stacks: mean=10.79; stdev=12.43; max=562; n_reads=1421142(55.0%)

Final number of stacks built: 133479
Final coverage: mean=10.79; stdev=12.43; max=562; n_reads=1421142(55.0%)
Calling consensus sequences and haplotypes for catalog assembly...
Writing tags, SNPs, and alleles files to '00_Data/05a_Stacks.denovo.ALL.M1n1/S_23_02268'...done.
ustacks is done.
