

-t gzfastq -f ./00_Data/03a_Demultiplex/S_23_02099.1.fq.gz -o 00_Data/05a_Stacks.denovo.ALL.M4n4/ -i 408 -m 3 --name S_23_02099 -M 4 -p 8


ustacks parameters selected:
  Input file: './00_Data/03a_Demultiplex/S_23_02099.1.fq.gz'
  Sample ID: 408
  Min depth of coverage to create a stack (m): 3
  Repeat removal algorithm: enabled
  Max distance allowed between stacks (M): 4
  Max distance allowed to align secondary reads: 6
  Max number of stacks allowed per de novo locus: 3
  Deleveraging algorithm: disabled
  Gapped assembly: enabled
  Minimum alignment length: 0.8
  Model type: SNP
  Alpha significance level for model: 0.05

Loading RAD-Tags...1M...2M...

Loaded 2285636 reads; formed:
  157748 stacks representing 2060583 primary reads (90.2%)
  191398 secondary stacks representing 225053 secondary reads (9.8%)

Stack coverage: mean=13.06; stdev=161.06; max=31045; n_reads=2060583(90.2%)
Removing repetitive stacks: cov > 497 (mean+3*stdev)...
  Blacklisted 7089 stacks.
Coverage after repeat removal: mean=9.58; stdev=17.09; max=497; n_reads=1442868(63.1%)

Assembling stacks (max. dist. M=4)...
  Assembled 150659 stacks into 103442; blacklisted 2233 stacks.
Coverage after assembling stacks: mean=9.16; stdev=10.41; max=647; n_reads=925120(40.5%)

Merging secondary stacks (max. dist. N=6 from consensus)...
  Merged 80864 out of 225053 secondary reads (35.9%), 28360 merged with gapped alignments.
Coverage after merging secondary stacks: mean=9.96; stdev=12.11; max=1099; n_reads=1005984(44.0%)

Assembling stacks, allowing for gaps (min. match length 80.0%)...
  Assembled 103442 stacks into 99531 stacks.
Coverage after gapped assembly: mean=10.36; stdev=12.72; max=1099; n_reads=1005984(44.0%)

Merging secondary stacks, allowing for gaps (min. match length 80.0%)...
  Merged 22485 out of 144189 secondary reads (15.6%).
Coverage after merging gapped secondary stacks: mean=10.59; stdev=13.84; max=1132; n_reads=1028469(45.0%)

Final number of stacks built: 99531
Final coverage: mean=10.59; stdev=13.84; max=1132; n_reads=1028469(45.0%)
Calling consensus sequences and haplotypes for catalog assembly...
Writing tags, SNPs, and alleles files to '00_Data/05a_Stacks.denovo.ALL.M4n4/S_23_02099'...done.
ustacks is done.
