

-t gzfastq -f ./00_Data/03a_Demultiplex/S_23_01899.1.fq.gz -o 00_Data/05a_Stacks.denovo.ALL.M4n4/ -i 291 -m 3 --name S_23_01899 -M 4 -p 8


ustacks parameters selected:
  Input file: './00_Data/03a_Demultiplex/S_23_01899.1.fq.gz'
  Sample ID: 291
  Min depth of coverage to create a stack (m): 3
  Repeat removal algorithm: enabled
  Max distance allowed between stacks (M): 4
  Max distance allowed to align secondary reads: 6
  Max number of stacks allowed per de novo locus: 3
  Deleveraging algorithm: disabled
  Gapped assembly: enabled
  Minimum alignment length: 0.8
  Model type: SNP
  Alpha significance level for model: 0.05

Loading RAD-Tags...1M...2M...

Loaded 2554350 reads; formed:
  178526 stacks representing 2313405 primary reads (90.6%)
  208394 secondary stacks representing 240945 secondary reads (9.4%)

Stack coverage: mean=12.96; stdev=159.51; max=34102; n_reads=2313405(90.6%)
Removing repetitive stacks: cov > 492 (mean+3*stdev)...
  Blacklisted 7784 stacks.
Coverage after repeat removal: mean=9.70; stdev=16.80; max=492; n_reads=1656182(64.8%)

Assembling stacks (max. dist. M=4)...
  Assembled 170742 stacks into 118144; blacklisted 2500 stacks.
Coverage after assembling stacks: mean=9.31; stdev=10.15; max=477; n_reads=1074540(42.1%)

Merging secondary stacks (max. dist. N=6 from consensus)...
  Merged 97589 out of 240945 secondary reads (40.5%), 33274 merged with gapped alignments.
Coverage after merging secondary stacks: mean=10.15; stdev=12.84; max=1814; n_reads=1172129(45.9%)

Assembling stacks, allowing for gaps (min. match length 80.0%)...
  Assembled 118144 stacks into 113368 stacks.
Coverage after gapped assembly: mean=10.59; stdev=13.40; max=1814; n_reads=1172129(45.9%)

Merging secondary stacks, allowing for gaps (min. match length 80.0%)...
  Merged 25772 out of 143356 secondary reads (18.0%).
Coverage after merging gapped secondary stacks: mean=10.83; stdev=14.48; max=1815; n_reads=1197901(46.9%)

Final number of stacks built: 113368
Final coverage: mean=10.83; stdev=14.48; max=1815; n_reads=1197901(46.9%)
Calling consensus sequences and haplotypes for catalog assembly...
Writing tags, SNPs, and alleles files to '00_Data/05a_Stacks.denovo.ALL.M4n4/S_23_01899'...done.
ustacks is done.
