

-t gzfastq -f ./00_Data/03a_Demultiplex/S_23_02101.1.fq.gz -o 00_Data/05a_Stacks.denovo.ALL.M4n4/ -i 410 -m 3 --name S_23_02101 -M 4 -p 8


ustacks parameters selected:
  Input file: './00_Data/03a_Demultiplex/S_23_02101.1.fq.gz'
  Sample ID: 410
  Min depth of coverage to create a stack (m): 3
  Repeat removal algorithm: enabled
  Max distance allowed between stacks (M): 4
  Max distance allowed to align secondary reads: 6
  Max number of stacks allowed per de novo locus: 3
  Deleveraging algorithm: disabled
  Gapped assembly: enabled
  Minimum alignment length: 0.8
  Model type: SNP
  Alpha significance level for model: 0.05

Loading RAD-Tags...1M...2M...3M...4M...

Loaded 4020034 reads; formed:
  220161 stacks representing 3677396 primary reads (91.5%)
  303737 secondary stacks representing 342638 secondary reads (8.5%)

Stack coverage: mean=16.70; stdev=204.05; max=43850; n_reads=3677396(91.5%)
Removing repetitive stacks: cov > 629 (mean+3*stdev)...
  Blacklisted 10729 stacks.
Coverage after repeat removal: mean=12.42; stdev=21.19; max=618; n_reads=2600505(64.7%)

Assembling stacks (max. dist. M=4)...
  Assembled 209432 stacks into 143197; blacklisted 3094 stacks.
Coverage after assembling stacks: mean=12.21; stdev=14.17; max=631; n_reads=1706566(42.5%)

Merging secondary stacks (max. dist. N=6 from consensus)...
  Merged 138424 out of 342638 secondary reads (40.4%), 44578 merged with gapped alignments.
Coverage after merging secondary stacks: mean=13.20; stdev=15.51; max=696; n_reads=1844990(45.9%)

Assembling stacks, allowing for gaps (min. match length 80.0%)...
  Assembled 143197 stacks into 136292 stacks.
Coverage after gapped assembly: mean=13.88; stdev=16.36; max=812; n_reads=1844990(45.9%)

Merging secondary stacks, allowing for gaps (min. match length 80.0%)...
  Merged 34424 out of 204214 secondary reads (16.9%).
Coverage after merging gapped secondary stacks: mean=14.14; stdev=17.24; max=855; n_reads=1879414(46.8%)

Final number of stacks built: 136292
Final coverage: mean=14.14; stdev=17.24; max=855; n_reads=1879414(46.8%)
Calling consensus sequences and haplotypes for catalog assembly...
Writing tags, SNPs, and alleles files to '00_Data/05a_Stacks.denovo.ALL.M4n4/S_23_02101'...done.
ustacks is done.
