

-t gzfastq -f ./00_Data/03a_Demultiplex/S_23_02159.1.fq.gz -o 00_Data/05a_Stacks.denovo.ALL.M4n4/ -i 468 -m 3 --name S_23_02159 -M 4 -p 8


ustacks parameters selected:
  Input file: './00_Data/03a_Demultiplex/S_23_02159.1.fq.gz'
  Sample ID: 468
  Min depth of coverage to create a stack (m): 3
  Repeat removal algorithm: enabled
  Max distance allowed between stacks (M): 4
  Max distance allowed to align secondary reads: 6
  Max number of stacks allowed per de novo locus: 3
  Deleveraging algorithm: disabled
  Gapped assembly: enabled
  Minimum alignment length: 0.8
  Model type: SNP
  Alpha significance level for model: 0.05

Loading RAD-Tags...1M...2M...3M...4M...5M...6M...7M...

Loaded 7856317 reads; formed:
  230849 stacks representing 7378180 primary reads (93.9%)
  435530 secondary stacks representing 478137 secondary reads (6.1%)

Stack coverage: mean=31.96; stdev=421.62; max=83167; n_reads=7378180(93.9%)
Removing repetitive stacks: cov > 1297 (mean+3*stdev)...
  Blacklisted 12856 stacks.
Coverage after repeat removal: mean=23.31; stdev=42.41; max=1295; n_reads=5081277(64.7%)

Assembling stacks (max. dist. M=4)...
  Assembled 217993 stacks into 142761; blacklisted 3533 stacks.
Coverage after assembling stacks: mean=23.12; stdev=24.90; max=1216; n_reads=3212518(40.9%)

Merging secondary stacks (max. dist. N=6 from consensus)...
  Merged 245178 out of 478137 secondary reads (51.3%), 79442 merged with gapped alignments.
Coverage after merging secondary stacks: mean=24.88; stdev=27.36; max=1443; n_reads=3457696(44.0%)

Assembling stacks, allowing for gaps (min. match length 80.0%)...
  Assembled 142761 stacks into 134800 stacks.
Coverage after gapped assembly: mean=26.40; stdev=28.85; max=1443; n_reads=3457696(44.0%)

Merging secondary stacks, allowing for gaps (min. match length 80.0%)...
  Merged 51472 out of 232959 secondary reads (22.1%).
Coverage after merging gapped secondary stacks: mean=26.79; stdev=30.19; max=1443; n_reads=3509168(44.7%)

Final number of stacks built: 134800
Final coverage: mean=26.79; stdev=30.19; max=1443; n_reads=3509168(44.7%)
Calling consensus sequences and haplotypes for catalog assembly...
Writing tags, SNPs, and alleles files to '00_Data/05a_Stacks.denovo.ALL.M4n4/S_23_02159'...done.
ustacks is done.
