

-t gzfastq -f ./00_Data/03a_Demultiplex/S_23_02029.1.fq.gz -o 00_Data/05a_Stacks.denovo.ALL.M1n1/ -i 349 -m 3 --name S_23_02029 -M 1 -p 8


ustacks parameters selected:
  Input file: './00_Data/03a_Demultiplex/S_23_02029.1.fq.gz'
  Sample ID: 349
  Min depth of coverage to create a stack (m): 3
  Repeat removal algorithm: enabled
  Max distance allowed between stacks (M): 1
  Max distance allowed to align secondary reads: 3
  Max number of stacks allowed per de novo locus: 3
  Deleveraging algorithm: disabled
  Gapped assembly: enabled
  Minimum alignment length: 0.8
  Model type: SNP
  Alpha significance level for model: 0.05

Loading RAD-Tags...1M...2M...3M...

Loaded 3416927 reads; formed:
  193736 stacks representing 3153254 primary reads (92.3%)
  235200 secondary stacks representing 263673 secondary reads (7.7%)

Stack coverage: mean=16.28; stdev=215.39; max=46176; n_reads=3153254(92.3%)
Removing repetitive stacks: cov > 663 (mean+3*stdev)...
  Blacklisted 8520 stacks.
Coverage after repeat removal: mean=12.11; stdev=21.87; max=663; n_reads=2243036(65.6%)

Assembling stacks (max. dist. M=1)...
  Assembled 185216 stacks into 154955; blacklisted 1815 stacks.
Coverage after assembling stacks: mean=11.74; stdev=13.21; max=754; n_reads=1795982(52.6%)

Merging secondary stacks (max. dist. N=3 from consensus)...
  Merged 107316 out of 263673 secondary reads (40.7%), 4502 merged with gapped alignments.
Coverage after merging secondary stacks: mean=12.45; stdev=13.76; max=793; n_reads=1903298(55.7%)

Assembling stacks, allowing for gaps (min. match length 80.0%)...
  Assembled 154955 stacks into 151761 stacks.
Coverage after gapped assembly: mean=12.71; stdev=14.06; max=793; n_reads=1903298(55.7%)

Merging secondary stacks, allowing for gaps (min. match length 80.0%)...
  Merged 9938 out of 156357 secondary reads (6.4%).
Coverage after merging gapped secondary stacks: mean=12.78; stdev=14.10; max=793; n_reads=1913236(56.0%)

Final number of stacks built: 151761
Final coverage: mean=12.78; stdev=14.10; max=793; n_reads=1913236(56.0%)
Calling consensus sequences and haplotypes for catalog assembly...
Writing tags, SNPs, and alleles files to '00_Data/05a_Stacks.denovo.ALL.M1n1/S_23_02029'...done.
ustacks is done.
