

-t gzfastq -f ./00_Data/03a_Demultiplex/S_23_01917.1.fq.gz -o 00_Data/05a_Stacks.denovo.ALL.M1n1/ -i 307 -m 3 --name S_23_01917 -M 1 -p 8


ustacks parameters selected:
  Input file: './00_Data/03a_Demultiplex/S_23_01917.1.fq.gz'
  Sample ID: 307
  Min depth of coverage to create a stack (m): 3
  Repeat removal algorithm: enabled
  Max distance allowed between stacks (M): 1
  Max distance allowed to align secondary reads: 3
  Max number of stacks allowed per de novo locus: 3
  Deleveraging algorithm: disabled
  Gapped assembly: enabled
  Minimum alignment length: 0.8
  Model type: SNP
  Alpha significance level for model: 0.05

Loading RAD-Tags...1M...2M...3M...

Loaded 3517406 reads; formed:
  190954 stacks representing 3249698 primary reads (92.4%)
  236747 secondary stacks representing 267708 secondary reads (7.6%)

Stack coverage: mean=17.02; stdev=218.42; max=43000; n_reads=3249698(92.4%)
Removing repetitive stacks: cov > 673 (mean+3*stdev)...
  Blacklisted 8925 stacks.
Coverage after repeat removal: mean=12.57; stdev=22.52; max=672; n_reads=2287674(65.0%)

Assembling stacks (max. dist. M=1)...
  Assembled 182029 stacks into 151816; blacklisted 1855 stacks.
Coverage after assembling stacks: mean=12.25; stdev=13.71; max=581; n_reads=1833629(52.1%)

Merging secondary stacks (max. dist. N=3 from consensus)...
  Merged 107963 out of 267708 secondary reads (40.3%), 4955 merged with gapped alignments.
Coverage after merging secondary stacks: mean=12.97; stdev=14.26; max=608; n_reads=1941592(55.2%)

Assembling stacks, allowing for gaps (min. match length 80.0%)...
  Assembled 151816 stacks into 148677 stacks.
Coverage after gapped assembly: mean=13.24; stdev=14.55; max=608; n_reads=1941592(55.2%)

Merging secondary stacks, allowing for gaps (min. match length 80.0%)...
  Merged 10971 out of 159745 secondary reads (6.9%).
Coverage after merging gapped secondary stacks: mean=13.32; stdev=14.59; max=608; n_reads=1952563(55.5%)

Final number of stacks built: 148677
Final coverage: mean=13.32; stdev=14.59; max=608; n_reads=1952563(55.5%)
Calling consensus sequences and haplotypes for catalog assembly...
Writing tags, SNPs, and alleles files to '00_Data/05a_Stacks.denovo.ALL.M1n1/S_23_01917'...done.
ustacks is done.
