

-t gzfastq -f ./00_Data/03a_Demultiplex/S_23_01905.1.fq.gz -o 00_Data/05a_Stacks.denovo.ALL.M4n4/ -i 296 -m 3 --name S_23_01905 -M 4 -p 8


ustacks parameters selected:
  Input file: './00_Data/03a_Demultiplex/S_23_01905.1.fq.gz'
  Sample ID: 296
  Min depth of coverage to create a stack (m): 3
  Repeat removal algorithm: enabled
  Max distance allowed between stacks (M): 4
  Max distance allowed to align secondary reads: 6
  Max number of stacks allowed per de novo locus: 3
  Deleveraging algorithm: disabled
  Gapped assembly: enabled
  Minimum alignment length: 0.8
  Model type: SNP
  Alpha significance level for model: 0.05

Loading RAD-Tags...1M...2M...3M...4M...5M...6M...

Loaded 6070586 reads; formed:
  223337 stacks representing 5623063 primary reads (92.6%)
  414155 secondary stacks representing 447523 secondary reads (7.4%)

Stack coverage: mean=25.18; stdev=351.26; max=80006; n_reads=5623063(92.6%)
Removing repetitive stacks: cov > 1079 (mean+3*stdev)...
  Blacklisted 11552 stacks.
Coverage after repeat removal: mean=18.68; stdev=34.39; max=1075; n_reads=3955857(65.2%)

Assembling stacks (max. dist. M=4)...
  Assembled 211785 stacks into 139248; blacklisted 3286 stacks.
Coverage after assembling stacks: mean=18.25; stdev=18.60; max=896; n_reads=2476664(40.8%)

Merging secondary stacks (max. dist. N=6 from consensus)...
  Merged 236254 out of 447523 secondary reads (52.8%), 73511 merged with gapped alignments.
Coverage after merging secondary stacks: mean=19.99; stdev=21.18; max=1391; n_reads=2712918(44.7%)

Assembling stacks, allowing for gaps (min. match length 80.0%)...
  Assembled 139248 stacks into 131792 stacks.
Coverage after gapped assembly: mean=21.15; stdev=22.34; max=1391; n_reads=2712918(44.7%)

Merging secondary stacks, allowing for gaps (min. match length 80.0%)...
  Merged 47139 out of 211269 secondary reads (22.3%).
Coverage after merging gapped secondary stacks: mean=21.52; stdev=24.62; max=2176; n_reads=2760057(45.5%)

Final number of stacks built: 131792
Final coverage: mean=21.52; stdev=24.62; max=2176; n_reads=2760057(45.5%)
Calling consensus sequences and haplotypes for catalog assembly...
Writing tags, SNPs, and alleles files to '00_Data/05a_Stacks.denovo.ALL.M4n4/S_23_01905'...done.
ustacks is done.
