

-t gzfastq -f ./00_Data/03a_Demultiplex/S_23_01050.1.fq.gz -o 00_Data/05a_Stacks.denovo.ALL.M4n4/ -i 42 -m 3 --name S_23_01050 -M 4 -p 8


ustacks parameters selected:
  Input file: './00_Data/03a_Demultiplex/S_23_01050.1.fq.gz'
  Sample ID: 42
  Min depth of coverage to create a stack (m): 3
  Repeat removal algorithm: enabled
  Max distance allowed between stacks (M): 4
  Max distance allowed to align secondary reads: 6
  Max number of stacks allowed per de novo locus: 3
  Deleveraging algorithm: disabled
  Gapped assembly: enabled
  Minimum alignment length: 0.8
  Model type: SNP
  Alpha significance level for model: 0.05

Loading RAD-Tags...1M...2M...

Loaded 2489583 reads; formed:
  166068 stacks representing 2258431 primary reads (90.7%)
  198151 secondary stacks representing 231152 secondary reads (9.3%)

Stack coverage: mean=13.60; stdev=139.94; max=20970; n_reads=2258431(90.7%)
Removing repetitive stacks: cov > 434 (mean+3*stdev)...
  Blacklisted 8575 stacks.
Coverage after repeat removal: mean=10.02; stdev=16.19; max=433; n_reads=1578480(63.4%)

Assembling stacks (max. dist. M=4)...
  Assembled 157493 stacks into 107570; blacklisted 2464 stacks.
Coverage after assembling stacks: mean=9.76; stdev=11.33; max=432; n_reads=1023463(41.1%)

Merging secondary stacks (max. dist. N=6 from consensus)...
  Merged 100062 out of 231152 secondary reads (43.3%), 33902 merged with gapped alignments.
Coverage after merging secondary stacks: mean=10.72; stdev=13.33; max=1063; n_reads=1123525(45.1%)

Assembling stacks, allowing for gaps (min. match length 80.0%)...
  Assembled 107570 stacks into 103177 stacks.
Coverage after gapped assembly: mean=11.18; stdev=13.96; max=1063; n_reads=1123525(45.1%)

Merging secondary stacks, allowing for gaps (min. match length 80.0%)...
  Merged 28642 out of 131090 secondary reads (21.8%).
Coverage after merging gapped secondary stacks: mean=11.47; stdev=15.41; max=1100; n_reads=1152167(46.3%)

Final number of stacks built: 103177
Final coverage: mean=11.47; stdev=15.41; max=1100; n_reads=1152167(46.3%)
Calling consensus sequences and haplotypes for catalog assembly...
Writing tags, SNPs, and alleles files to '00_Data/05a_Stacks.denovo.ALL.M4n4/S_23_01050'...done.
ustacks is done.
