

-t gzfastq -f ./00_Data/03a_Demultiplex/S_23_02249.1.fq.gz -o 00_Data/05a_Stacks.denovo.ALL.M4n4/ -i 540 -m 3 --name S_23_02249 -M 4 -p 8


ustacks parameters selected:
  Input file: './00_Data/03a_Demultiplex/S_23_02249.1.fq.gz'
  Sample ID: 540
  Min depth of coverage to create a stack (m): 3
  Repeat removal algorithm: enabled
  Max distance allowed between stacks (M): 4
  Max distance allowed to align secondary reads: 6
  Max number of stacks allowed per de novo locus: 3
  Deleveraging algorithm: disabled
  Gapped assembly: enabled
  Minimum alignment length: 0.8
  Model type: SNP
  Alpha significance level for model: 0.05

Loading RAD-Tags...1M...2M...3M...4M...

Loaded 4010075 reads; formed:
  208857 stacks representing 3660664 primary reads (91.3%)
  306113 secondary stacks representing 349411 secondary reads (8.7%)

Stack coverage: mean=17.53; stdev=236.11; max=56689; n_reads=3660664(91.3%)
Removing repetitive stacks: cov > 726 (mean+3*stdev)...
  Blacklisted 8861 stacks.
Coverage after repeat removal: mean=13.09; stdev=24.07; max=724; n_reads=2617871(65.3%)

Assembling stacks (max. dist. M=4)...
  Assembled 199996 stacks into 135765; blacklisted 3002 stacks.
Coverage after assembling stacks: mean=12.62; stdev=14.53; max=727; n_reads=1672164(41.7%)

Merging secondary stacks (max. dist. N=6 from consensus)...
  Merged 131937 out of 349411 secondary reads (37.8%), 44633 merged with gapped alignments.
Coverage after merging secondary stacks: mean=13.61; stdev=16.05; max=1032; n_reads=1804101(45.0%)

Assembling stacks, allowing for gaps (min. match length 80.0%)...
  Assembled 135765 stacks into 129371 stacks.
Coverage after gapped assembly: mean=14.30; stdev=16.82; max=1032; n_reads=1804101(45.0%)

Merging secondary stacks, allowing for gaps (min. match length 80.0%)...
  Merged 39450 out of 217474 secondary reads (18.1%).
Coverage after merging gapped secondary stacks: mean=14.62; stdev=17.89; max=1037; n_reads=1843551(46.0%)

Final number of stacks built: 129371
Final coverage: mean=14.62; stdev=17.89; max=1037; n_reads=1843551(46.0%)
Calling consensus sequences and haplotypes for catalog assembly...
Writing tags, SNPs, and alleles files to '00_Data/05a_Stacks.denovo.ALL.M4n4/S_23_02249'...done.
ustacks is done.
