

-t gzfastq -f ./00_Data/03a_Demultiplex/S_23_01248.1.fq.gz -o 00_Data/05a_Stacks.denovo.ALL.M4n4/ -i 182 -m 3 --name S_23_01248 -M 4 -p 8


ustacks parameters selected:
  Input file: './00_Data/03a_Demultiplex/S_23_01248.1.fq.gz'
  Sample ID: 182
  Min depth of coverage to create a stack (m): 3
  Repeat removal algorithm: enabled
  Max distance allowed between stacks (M): 4
  Max distance allowed to align secondary reads: 6
  Max number of stacks allowed per de novo locus: 3
  Deleveraging algorithm: disabled
  Gapped assembly: enabled
  Minimum alignment length: 0.8
  Model type: SNP
  Alpha significance level for model: 0.05

Loading RAD-Tags...1M...2M...3M...

Loaded 3116238 reads; formed:
  203433 stacks representing 2840822 primary reads (91.2%)
  240248 secondary stacks representing 275416 secondary reads (8.8%)

Stack coverage: mean=13.96; stdev=147.92; max=26563; n_reads=2840822(91.2%)
Removing repetitive stacks: cov > 458 (mean+3*stdev)...
  Blacklisted 10319 stacks.
Coverage after repeat removal: mean=10.46; stdev=16.13; max=456; n_reads=2019552(64.8%)

Assembling stacks (max. dist. M=4)...
  Assembled 193114 stacks into 132749; blacklisted 2894 stacks.
Coverage after assembling stacks: mean=10.35; stdev=10.87; max=444; n_reads=1340598(43.0%)

Merging secondary stacks (max. dist. N=6 from consensus)...
  Merged 124644 out of 275416 secondary reads (45.3%), 41181 merged with gapped alignments.
Coverage after merging secondary stacks: mean=11.31; stdev=13.36; max=1580; n_reads=1465242(47.0%)

Assembling stacks, allowing for gaps (min. match length 80.0%)...
  Assembled 132749 stacks into 126823 stacks.
Coverage after gapped assembly: mean=11.85; stdev=14.02; max=1580; n_reads=1465242(47.0%)

Merging secondary stacks, allowing for gaps (min. match length 80.0%)...
  Merged 32122 out of 150772 secondary reads (21.3%).
Coverage after merging gapped secondary stacks: mean=12.11; stdev=15.55; max=1966; n_reads=1497364(48.1%)

Final number of stacks built: 126823
Final coverage: mean=12.11; stdev=15.55; max=1966; n_reads=1497364(48.1%)
Calling consensus sequences and haplotypes for catalog assembly...
Writing tags, SNPs, and alleles files to '00_Data/05a_Stacks.denovo.ALL.M4n4/S_23_01248'...done.
ustacks is done.
