

-t gzfastq -f ./00_Data/03a_Demultiplex/S_23_02204.1.fq.gz -o 00_Data/05a_Stacks.denovo.ALL.M1n1/ -i 512 -m 3 --name S_23_02204 -M 1 -p 8


ustacks parameters selected:
  Input file: './00_Data/03a_Demultiplex/S_23_02204.1.fq.gz'
  Sample ID: 512
  Min depth of coverage to create a stack (m): 3
  Repeat removal algorithm: enabled
  Max distance allowed between stacks (M): 1
  Max distance allowed to align secondary reads: 3
  Max number of stacks allowed per de novo locus: 3
  Deleveraging algorithm: disabled
  Gapped assembly: enabled
  Minimum alignment length: 0.8
  Model type: SNP
  Alpha significance level for model: 0.05

Loading RAD-Tags...1M...2M...

Loaded 2356741 reads; formed:
  153522 stacks representing 2091273 primary reads (88.7%)
  224608 secondary stacks representing 265468 secondary reads (11.3%)

Stack coverage: mean=13.62; stdev=185.64; max=38393; n_reads=2091273(88.7%)
Removing repetitive stacks: cov > 571 (mean+3*stdev)...
  Blacklisted 6358 stacks.
Coverage after repeat removal: mean=10.30; stdev=21.48; max=566; n_reads=1515715(64.3%)

Assembling stacks (max. dist. M=1)...
  Assembled 147164 stacks into 123556; blacklisted 1659 stacks.
Coverage after assembling stacks: mean=9.89; stdev=16.54; max=581; n_reads=1204688(51.1%)

Merging secondary stacks (max. dist. N=3 from consensus)...
  Merged 84112 out of 265468 secondary reads (31.7%), 3439 merged with gapped alignments.
Coverage after merging secondary stacks: mean=10.59; stdev=17.33; max=601; n_reads=1288800(54.7%)

Assembling stacks, allowing for gaps (min. match length 80.0%)...
  Assembled 123556 stacks into 121738 stacks.
Coverage after gapped assembly: mean=10.75; stdev=17.54; max=601; n_reads=1288800(54.7%)

Merging secondary stacks, allowing for gaps (min. match length 80.0%)...
  Merged 8927 out of 181356 secondary reads (4.9%).
Coverage after merging gapped secondary stacks: mean=10.82; stdev=17.57; max=601; n_reads=1297727(55.1%)

Final number of stacks built: 121738
Final coverage: mean=10.82; stdev=17.57; max=601; n_reads=1297727(55.1%)
Calling consensus sequences and haplotypes for catalog assembly...
Writing tags, SNPs, and alleles files to '00_Data/05a_Stacks.denovo.ALL.M1n1/S_23_02204'...done.
ustacks is done.
