

-t gzfastq -f ./00_Data/03a_Demultiplex/S_23_02048.1.fq.gz -o 00_Data/05a_Stacks.denovo.ALL.M4n4/ -i 368 -m 3 --name S_23_02048 -M 4 -p 8


ustacks parameters selected:
  Input file: './00_Data/03a_Demultiplex/S_23_02048.1.fq.gz'
  Sample ID: 368
  Min depth of coverage to create a stack (m): 3
  Repeat removal algorithm: enabled
  Max distance allowed between stacks (M): 4
  Max distance allowed to align secondary reads: 6
  Max number of stacks allowed per de novo locus: 3
  Deleveraging algorithm: disabled
  Gapped assembly: enabled
  Minimum alignment length: 0.8
  Model type: SNP
  Alpha significance level for model: 0.05

Loading RAD-Tags...1M...2M...3M...

Loaded 3510665 reads; formed:
  197362 stacks representing 3235607 primary reads (92.2%)
  241450 secondary stacks representing 275058 secondary reads (7.8%)

Stack coverage: mean=16.39; stdev=194.40; max=40342; n_reads=3235607(92.2%)
Removing repetitive stacks: cov > 600 (mean+3*stdev)...
  Blacklisted 9220 stacks.
Coverage after repeat removal: mean=12.14; stdev=21.11; max=600; n_reads=2284578(65.1%)

Assembling stacks (max. dist. M=4)...
  Assembled 188142 stacks into 128337; blacklisted 2854 stacks.
Coverage after assembling stacks: mean=11.79; stdev=13.54; max=606; n_reads=1476048(42.0%)

Merging secondary stacks (max. dist. N=6 from consensus)...
  Merged 115111 out of 275058 secondary reads (41.8%), 37099 merged with gapped alignments.
Coverage after merging secondary stacks: mean=12.71; stdev=14.84; max=621; n_reads=1591159(45.3%)

Assembling stacks, allowing for gaps (min. match length 80.0%)...
  Assembled 128337 stacks into 122497 stacks.
Coverage after gapped assembly: mean=13.33; stdev=15.63; max=621; n_reads=1591159(45.3%)

Merging secondary stacks, allowing for gaps (min. match length 80.0%)...
  Merged 33428 out of 159947 secondary reads (20.9%).
Coverage after merging gapped secondary stacks: mean=13.61; stdev=16.73; max=654; n_reads=1624587(46.3%)

Final number of stacks built: 122497
Final coverage: mean=13.61; stdev=16.73; max=654; n_reads=1624587(46.3%)
Calling consensus sequences and haplotypes for catalog assembly...
Writing tags, SNPs, and alleles files to '00_Data/05a_Stacks.denovo.ALL.M4n4/S_23_02048'...done.
ustacks is done.
