

-t gzfastq -f ./00_Data/03a_Demultiplex/S_23_01026.1.fq.gz -o 00_Data/05a_Stacks.denovo.ALL.M4n4/ -i 35 -m 3 --name S_23_01026 -M 4 -p 8


ustacks parameters selected:
  Input file: './00_Data/03a_Demultiplex/S_23_01026.1.fq.gz'
  Sample ID: 35
  Min depth of coverage to create a stack (m): 3
  Repeat removal algorithm: enabled
  Max distance allowed between stacks (M): 4
  Max distance allowed to align secondary reads: 6
  Max number of stacks allowed per de novo locus: 3
  Deleveraging algorithm: disabled
  Gapped assembly: enabled
  Minimum alignment length: 0.8
  Model type: SNP
  Alpha significance level for model: 0.05

Loading RAD-Tags...1M...2M...3M...4M...5M...6M...

Loaded 6429738 reads; formed:
  230240 stacks representing 6007984 primary reads (93.4%)
  384377 secondary stacks representing 421754 secondary reads (6.6%)

Stack coverage: mean=26.09; stdev=352.43; max=79518; n_reads=6007984(93.4%)
Removing repetitive stacks: cov > 1084 (mean+3*stdev)...
  Blacklisted 12018 stacks.
Coverage after repeat removal: mean=19.32; stdev=34.54; max=1081; n_reads=4215783(65.6%)

Assembling stacks (max. dist. M=4)...
  Assembled 218222 stacks into 144055; blacklisted 3325 stacks.
Coverage after assembling stacks: mean=19.07; stdev=20.03; max=1017; n_reads=2679096(41.7%)

Merging secondary stacks (max. dist. N=6 from consensus)...
  Merged 207317 out of 421754 secondary reads (49.2%), 66811 merged with gapped alignments.
Coverage after merging secondary stacks: mean=20.55; stdev=22.11; max=1142; n_reads=2886413(44.9%)

Assembling stacks, allowing for gaps (min. match length 80.0%)...
  Assembled 144055 stacks into 136210 stacks.
Coverage after gapped assembly: mean=21.76; stdev=23.43; max=1142; n_reads=2886413(44.9%)

Merging secondary stacks, allowing for gaps (min. match length 80.0%)...
  Merged 49534 out of 214437 secondary reads (23.1%).
Coverage after merging gapped secondary stacks: mean=22.14; stdev=25.64; max=2224; n_reads=2935947(45.7%)

Final number of stacks built: 136210
Final coverage: mean=22.14; stdev=25.64; max=2224; n_reads=2935947(45.7%)
Calling consensus sequences and haplotypes for catalog assembly...
Writing tags, SNPs, and alleles files to '00_Data/05a_Stacks.denovo.ALL.M4n4/S_23_01026'...done.
ustacks is done.
