

-t gzfastq -f ./00_Data/03a_Demultiplex/S_23_02157.1.fq.gz -o 00_Data/05a_Stacks.denovo.ALL.M1n1/ -i 466 -m 3 --name S_23_02157 -M 1 -p 8


ustacks parameters selected:
  Input file: './00_Data/03a_Demultiplex/S_23_02157.1.fq.gz'
  Sample ID: 466
  Min depth of coverage to create a stack (m): 3
  Repeat removal algorithm: enabled
  Max distance allowed between stacks (M): 1
  Max distance allowed to align secondary reads: 3
  Max number of stacks allowed per de novo locus: 3
  Deleveraging algorithm: disabled
  Gapped assembly: enabled
  Minimum alignment length: 0.8
  Model type: SNP
  Alpha significance level for model: 0.05

Loading RAD-Tags...1M...2M...3M...

Loaded 3388800 reads; formed:
  211970 stacks representing 3094620 primary reads (91.3%)
  257847 secondary stacks representing 294180 secondary reads (8.7%)

Stack coverage: mean=14.60; stdev=148.30; max=26990; n_reads=3094620(91.3%)
Removing repetitive stacks: cov > 460 (mean+3*stdev)...
  Blacklisted 10915 stacks.
Coverage after repeat removal: mean=10.99; stdev=16.60; max=458; n_reads=2208616(65.2%)

Assembling stacks (max. dist. M=1)...
  Assembled 201055 stacks into 170856; blacklisted 1815 stacks.
Coverage after assembling stacks: mean=10.94; stdev=12.09; max=571; n_reads=1845291(54.5%)

Merging secondary stacks (max. dist. N=3 from consensus)...
  Merged 119133 out of 294180 secondary reads (40.5%), 4946 merged with gapped alignments.
Coverage after merging secondary stacks: mean=11.64; stdev=12.62; max=585; n_reads=1964424(58.0%)

Assembling stacks, allowing for gaps (min. match length 80.0%)...
  Assembled 170856 stacks into 167396 stacks.
Coverage after gapped assembly: mean=11.89; stdev=12.90; max=585; n_reads=1964424(58.0%)

Merging secondary stacks, allowing for gaps (min. match length 80.0%)...
  Merged 11122 out of 175047 secondary reads (6.4%).
Coverage after merging gapped secondary stacks: mean=11.95; stdev=12.93; max=585; n_reads=1975546(58.3%)

Final number of stacks built: 167396
Final coverage: mean=11.95; stdev=12.93; max=585; n_reads=1975546(58.3%)
Calling consensus sequences and haplotypes for catalog assembly...
Writing tags, SNPs, and alleles files to '00_Data/05a_Stacks.denovo.ALL.M1n1/S_23_02157'...done.
ustacks is done.
