

-t gzfastq -f ./00_Data/03a_Demultiplex/S_23_02205.1.fq.gz -o 00_Data/05a_Stacks.denovo.ALL.M4n4/ -i 513 -m 3 --name S_23_02205 -M 4 -p 8


ustacks parameters selected:
  Input file: './00_Data/03a_Demultiplex/S_23_02205.1.fq.gz'
  Sample ID: 513
  Min depth of coverage to create a stack (m): 3
  Repeat removal algorithm: enabled
  Max distance allowed between stacks (M): 4
  Max distance allowed to align secondary reads: 6
  Max number of stacks allowed per de novo locus: 3
  Deleveraging algorithm: disabled
  Gapped assembly: enabled
  Minimum alignment length: 0.8
  Model type: SNP
  Alpha significance level for model: 0.05

Loading RAD-Tags...1M...2M...3M...

Loaded 3794326 reads; formed:
  213413 stacks representing 3444327 primary reads (90.8%)
  306605 secondary stacks representing 349999 secondary reads (9.2%)

Stack coverage: mean=16.14; stdev=224.40; max=55435; n_reads=3444327(90.8%)
Removing repetitive stacks: cov > 690 (mean+3*stdev)...
  Blacklisted 9517 stacks.
Coverage after repeat removal: mean=11.95; stdev=21.56; max=689; n_reads=2436158(64.2%)

Assembling stacks (max. dist. M=4)...
  Assembled 203896 stacks into 138467; blacklisted 3071 stacks.
Coverage after assembling stacks: mean=11.53; stdev=12.84; max=653; n_reads=1558434(41.1%)

Merging secondary stacks (max. dist. N=6 from consensus)...
  Merged 137801 out of 349999 secondary reads (39.4%), 46019 merged with gapped alignments.
Coverage after merging secondary stacks: mean=12.55; stdev=14.43; max=750; n_reads=1696235(44.7%)

Assembling stacks, allowing for gaps (min. match length 80.0%)...
  Assembled 138467 stacks into 132139 stacks.
Coverage after gapped assembly: mean=13.16; stdev=15.15; max=750; n_reads=1696235(44.7%)

Merging secondary stacks, allowing for gaps (min. match length 80.0%)...
  Merged 38657 out of 212198 secondary reads (18.2%).
Coverage after merging gapped secondary stacks: mean=13.46; stdev=16.66; max=1442; n_reads=1734892(45.7%)

Final number of stacks built: 132139
Final coverage: mean=13.46; stdev=16.66; max=1442; n_reads=1734892(45.7%)
Calling consensus sequences and haplotypes for catalog assembly...
Writing tags, SNPs, and alleles files to '00_Data/05a_Stacks.denovo.ALL.M4n4/S_23_02205'...done.
ustacks is done.
