

-t gzfastq -f ./00_Data/03a_Demultiplex/S_23_01169.1.fq.gz -o 00_Data/05a_Stacks.denovo.ALL.M4n4/ -i 132 -m 3 --name S_23_01169 -M 4 -p 8


ustacks parameters selected:
  Input file: './00_Data/03a_Demultiplex/S_23_01169.1.fq.gz'
  Sample ID: 132
  Min depth of coverage to create a stack (m): 3
  Repeat removal algorithm: enabled
  Max distance allowed between stacks (M): 4
  Max distance allowed to align secondary reads: 6
  Max number of stacks allowed per de novo locus: 3
  Deleveraging algorithm: disabled
  Gapped assembly: enabled
  Minimum alignment length: 0.8
  Model type: SNP
  Alpha significance level for model: 0.05

Loading RAD-Tags...1M...2M...3M...4M...5M...

Loaded 5940495 reads; formed:
  202895 stacks representing 5584831 primary reads (94.0%)
  325195 secondary stacks representing 355664 secondary reads (6.0%)

Stack coverage: mean=27.53; stdev=366.23; max=72624; n_reads=5584831(94.0%)
Removing repetitive stacks: cov > 1127 (mean+3*stdev)...
  Blacklisted 10860 stacks.
Coverage after repeat removal: mean=20.12; stdev=36.56; max=1120; n_reads=3864632(65.1%)

Assembling stacks (max. dist. M=4)...
  Assembled 192035 stacks into 125771; blacklisted 3026 stacks.
Coverage after assembling stacks: mean=19.79; stdev=21.84; max=946; n_reads=2423908(40.8%)

Merging secondary stacks (max. dist. N=6 from consensus)...
  Merged 188947 out of 355664 secondary reads (53.1%), 62132 merged with gapped alignments.
Coverage after merging secondary stacks: mean=21.33; stdev=25.64; max=3264; n_reads=2612855(44.0%)

Assembling stacks, allowing for gaps (min. match length 80.0%)...
  Assembled 125771 stacks into 119275 stacks.
Coverage after gapped assembly: mean=22.52; stdev=26.87; max=3264; n_reads=2612855(44.0%)

Merging secondary stacks, allowing for gaps (min. match length 80.0%)...
  Merged 38115 out of 166717 secondary reads (22.9%).
Coverage after merging gapped secondary stacks: mean=22.85; stdev=27.85; max=3277; n_reads=2650970(44.6%)

Final number of stacks built: 119275
Final coverage: mean=22.85; stdev=27.85; max=3277; n_reads=2650970(44.6%)
Calling consensus sequences and haplotypes for catalog assembly...
Writing tags, SNPs, and alleles files to '00_Data/05a_Stacks.denovo.ALL.M4n4/S_23_01169'...done.
ustacks is done.
