

-t gzfastq -f ./00_Data/03a_Demultiplex/S_23_01203.1.fq.gz -o 00_Data/05a_Stacks.denovo.ALL.M1n1/ -i 153 -m 3 --name S_23_01203 -M 1 -p 8


ustacks parameters selected:
  Input file: './00_Data/03a_Demultiplex/S_23_01203.1.fq.gz'
  Sample ID: 153
  Min depth of coverage to create a stack (m): 3
  Repeat removal algorithm: enabled
  Max distance allowed between stacks (M): 1
  Max distance allowed to align secondary reads: 3
  Max number of stacks allowed per de novo locus: 3
  Deleveraging algorithm: disabled
  Gapped assembly: enabled
  Minimum alignment length: 0.8
  Model type: SNP
  Alpha significance level for model: 0.05

Loading RAD-Tags...1M...2M...

Loaded 2205652 reads; formed:
  172854 stacks representing 1953754 primary reads (88.6%)
  212512 secondary stacks representing 251898 secondary reads (11.4%)

Stack coverage: mean=11.30; stdev=130.35; max=26491; n_reads=1953754(88.6%)
Removing repetitive stacks: cov > 403 (mean+3*stdev)...
  Blacklisted 7719 stacks.
Coverage after repeat removal: mean=8.46; stdev=13.71; max=402; n_reads=1397747(63.4%)

Assembling stacks (max. dist. M=1)...
  Assembled 165135 stacks into 142241; blacklisted 1472 stacks.
Coverage after assembling stacks: mean=8.21; stdev=9.10; max=489; n_reads=1154293(52.3%)

Merging secondary stacks (max. dist. N=3 from consensus)...
  Merged 80821 out of 251898 secondary reads (32.1%), 3383 merged with gapped alignments.
Coverage after merging secondary stacks: mean=8.79; stdev=9.58; max=504; n_reads=1235114(56.0%)

Assembling stacks, allowing for gaps (min. match length 80.0%)...
  Assembled 142241 stacks into 139911 stacks.
Coverage after gapped assembly: mean=8.94; stdev=9.75; max=504; n_reads=1235114(56.0%)

Merging secondary stacks, allowing for gaps (min. match length 80.0%)...
  Merged 9929 out of 171077 secondary reads (5.8%).
Coverage after merging gapped secondary stacks: mean=9.01; stdev=9.80; max=504; n_reads=1245043(56.4%)

Final number of stacks built: 139911
Final coverage: mean=9.01; stdev=9.80; max=504; n_reads=1245043(56.4%)
Calling consensus sequences and haplotypes for catalog assembly...
Writing tags, SNPs, and alleles files to '00_Data/05a_Stacks.denovo.ALL.M1n1/S_23_01203'...done.
ustacks is done.
