

-t gzfastq -f ./00_Data/03a_Demultiplex/S_23_01107.1.fq.gz -o 00_Data/05a_Stacks.denovo.ALL.M4n4/ -i 85 -m 3 --name S_23_01107 -M 4 -p 8


ustacks parameters selected:
  Input file: './00_Data/03a_Demultiplex/S_23_01107.1.fq.gz'
  Sample ID: 85
  Min depth of coverage to create a stack (m): 3
  Repeat removal algorithm: enabled
  Max distance allowed between stacks (M): 4
  Max distance allowed to align secondary reads: 6
  Max number of stacks allowed per de novo locus: 3
  Deleveraging algorithm: disabled
  Gapped assembly: enabled
  Minimum alignment length: 0.8
  Model type: SNP
  Alpha significance level for model: 0.05

Loading RAD-Tags...1M...2M...3M...

Loaded 3625380 reads; formed:
  211420 stacks representing 3344072 primary reads (92.2%)
  249507 secondary stacks representing 281308 secondary reads (7.8%)

Stack coverage: mean=15.82; stdev=164.63; max=30767; n_reads=3344072(92.2%)
Removing repetitive stacks: cov > 510 (mean+3*stdev)...
  Blacklisted 10868 stacks.
Coverage after repeat removal: mean=12.03; stdev=18.08; max=507; n_reads=2412960(66.6%)

Assembling stacks (max. dist. M=4)...
  Assembled 200552 stacks into 136618; blacklisted 3032 stacks.
Coverage after assembling stacks: mean=12.12; stdev=12.66; max=442; n_reads=1615100(44.5%)

Merging secondary stacks (max. dist. N=6 from consensus)...
  Merged 137453 out of 281308 secondary reads (48.9%), 42043 merged with gapped alignments.
Coverage after merging secondary stacks: mean=13.15; stdev=14.03; max=497; n_reads=1752553(48.3%)

Assembling stacks, allowing for gaps (min. match length 80.0%)...
  Assembled 136618 stacks into 129961 stacks.
Coverage after gapped assembly: mean=13.84; stdev=14.78; max=497; n_reads=1752553(48.3%)

Merging secondary stacks, allowing for gaps (min. match length 80.0%)...
  Merged 35093 out of 143855 secondary reads (24.4%).
Coverage after merging gapped secondary stacks: mean=14.12; stdev=15.94; max=619; n_reads=1787646(49.3%)

Final number of stacks built: 129961
Final coverage: mean=14.12; stdev=15.94; max=619; n_reads=1787646(49.3%)
Calling consensus sequences and haplotypes for catalog assembly...
Writing tags, SNPs, and alleles files to '00_Data/05a_Stacks.denovo.ALL.M4n4/S_23_01107'...done.
ustacks is done.
