

-t gzfastq -f ./00_Data/03a_Demultiplex/S_23_01254.1.fq.gz -o 00_Data/05a_Stacks.denovo.ALL.M1n1/ -i 188 -m 3 --name S_23_01254 -M 1 -p 8


ustacks parameters selected:
  Input file: './00_Data/03a_Demultiplex/S_23_01254.1.fq.gz'
  Sample ID: 188
  Min depth of coverage to create a stack (m): 3
  Repeat removal algorithm: enabled
  Max distance allowed between stacks (M): 1
  Max distance allowed to align secondary reads: 3
  Max number of stacks allowed per de novo locus: 3
  Deleveraging algorithm: disabled
  Gapped assembly: enabled
  Minimum alignment length: 0.8
  Model type: SNP
  Alpha significance level for model: 0.05

Loading RAD-Tags...1M...2M...3M...

Loaded 3395430 reads; formed:
  187484 stacks representing 3138738 primary reads (92.4%)
  228063 secondary stacks representing 256692 secondary reads (7.6%)

Stack coverage: mean=16.74; stdev=206.60; max=37009; n_reads=3138738(92.4%)
Removing repetitive stacks: cov > 637 (mean+3*stdev)...
  Blacklisted 9115 stacks.
Coverage after repeat removal: mean=12.30; stdev=21.43; max=635; n_reads=2194608(64.6%)

Assembling stacks (max. dist. M=1)...
  Assembled 178369 stacks into 149266; blacklisted 1773 stacks.
Coverage after assembling stacks: mean=12.06; stdev=13.85; max=570; n_reads=1776138(52.3%)

Merging secondary stacks (max. dist. N=3 from consensus)...
  Merged 102292 out of 256692 secondary reads (39.9%), 4483 merged with gapped alignments.
Coverage after merging secondary stacks: mean=12.76; stdev=14.38; max=590; n_reads=1878430(55.3%)

Assembling stacks, allowing for gaps (min. match length 80.0%)...
  Assembled 149266 stacks into 146207 stacks.
Coverage after gapped assembly: mean=13.03; stdev=14.67; max=590; n_reads=1878430(55.3%)

Merging secondary stacks, allowing for gaps (min. match length 80.0%)...
  Merged 9979 out of 154400 secondary reads (6.5%).
Coverage after merging gapped secondary stacks: mean=13.10; stdev=14.70; max=591; n_reads=1888409(55.6%)

Final number of stacks built: 146207
Final coverage: mean=13.10; stdev=14.70; max=591; n_reads=1888409(55.6%)
Calling consensus sequences and haplotypes for catalog assembly...
Writing tags, SNPs, and alleles files to '00_Data/05a_Stacks.denovo.ALL.M1n1/S_23_01254'...done.
ustacks is done.
