

-t gzfastq -f ./00_Data/03a_Demultiplex/S_23_01846.1.fq.gz -o 00_Data/05a_Stacks.denovo.ALL.M4n4/ -i 253 -m 3 --name S_23_01846 -M 4 -p 8


ustacks parameters selected:
  Input file: './00_Data/03a_Demultiplex/S_23_01846.1.fq.gz'
  Sample ID: 253
  Min depth of coverage to create a stack (m): 3
  Repeat removal algorithm: enabled
  Max distance allowed between stacks (M): 4
  Max distance allowed to align secondary reads: 6
  Max number of stacks allowed per de novo locus: 3
  Deleveraging algorithm: disabled
  Gapped assembly: enabled
  Minimum alignment length: 0.8
  Model type: SNP
  Alpha significance level for model: 0.05

Loading RAD-Tags...1M...2M...

Loaded 2933446 reads; formed:
  185647 stacks representing 2672533 primary reads (91.1%)
  227396 secondary stacks representing 260913 secondary reads (8.9%)

Stack coverage: mean=14.40; stdev=172.85; max=30348; n_reads=2672533(91.1%)
Removing repetitive stacks: cov > 533 (mean+3*stdev)...
  Blacklisted 8792 stacks.
Coverage after repeat removal: mean=10.68; stdev=18.13; max=530; n_reads=1888091(64.4%)

Assembling stacks (max. dist. M=4)...
  Assembled 176855 stacks into 121565; blacklisted 2639 stacks.
Coverage after assembling stacks: mean=10.42; stdev=11.98; max=556; n_reads=1236182(42.1%)

Merging secondary stacks (max. dist. N=6 from consensus)...
  Merged 111479 out of 260913 secondary reads (42.7%), 37930 merged with gapped alignments.
Coverage after merging secondary stacks: mean=11.35; stdev=14.66; max=1990; n_reads=1347661(45.9%)

Assembling stacks, allowing for gaps (min. match length 80.0%)...
  Assembled 121565 stacks into 116301 stacks.
Coverage after gapped assembly: mean=11.88; stdev=15.29; max=1990; n_reads=1347661(45.9%)

Merging secondary stacks, allowing for gaps (min. match length 80.0%)...
  Merged 31116 out of 149434 secondary reads (20.8%).
Coverage after merging gapped secondary stacks: mean=12.16; stdev=16.17; max=1990; n_reads=1378777(47.0%)

Final number of stacks built: 116301
Final coverage: mean=12.16; stdev=16.17; max=1990; n_reads=1378777(47.0%)
Calling consensus sequences and haplotypes for catalog assembly...
Writing tags, SNPs, and alleles files to '00_Data/05a_Stacks.denovo.ALL.M4n4/S_23_01846'...done.
ustacks is done.
