

-t gzfastq -f ./00_Data/03a_Demultiplex/S_23_01171.1.fq.gz -o 00_Data/05a_Stacks.denovo.ALL.M4n4/ -i 134 -m 3 --name S_23_01171 -M 4 -p 8


ustacks parameters selected:
  Input file: './00_Data/03a_Demultiplex/S_23_01171.1.fq.gz'
  Sample ID: 134
  Min depth of coverage to create a stack (m): 3
  Repeat removal algorithm: enabled
  Max distance allowed between stacks (M): 4
  Max distance allowed to align secondary reads: 6
  Max number of stacks allowed per de novo locus: 3
  Deleveraging algorithm: disabled
  Gapped assembly: enabled
  Minimum alignment length: 0.8
  Model type: SNP
  Alpha significance level for model: 0.05

Loading RAD-Tags...1M...2M...3M...4M...

Loaded 4905681 reads; formed:
  223743 stacks representing 4573862 primary reads (93.2%)
  301876 secondary stacks representing 331819 secondary reads (6.8%)

Stack coverage: mean=20.44; stdev=251.36; max=52709; n_reads=4573862(93.2%)
Removing repetitive stacks: cov > 775 (mean+3*stdev)...
  Blacklisted 11785 stacks.
Coverage after repeat removal: mean=15.21; stdev=26.31; max=771; n_reads=3223057(65.7%)

Assembling stacks (max. dist. M=4)...
  Assembled 211958 stacks into 141549; blacklisted 3214 stacks.
Coverage after assembling stacks: mean=15.00; stdev=16.30; max=802; n_reads=2071018(42.2%)

Merging secondary stacks (max. dist. N=6 from consensus)...
  Merged 166614 out of 331819 secondary reads (50.2%), 51456 merged with gapped alignments.
Coverage after merging secondary stacks: mean=16.21; stdev=17.95; max=828; n_reads=2237632(45.6%)

Assembling stacks, allowing for gaps (min. match length 80.0%)...
  Assembled 141549 stacks into 134246 stacks.
Coverage after gapped assembly: mean=17.12; stdev=18.92; max=828; n_reads=2237632(45.6%)

Merging secondary stacks, allowing for gaps (min. match length 80.0%)...
  Merged 41964 out of 165205 secondary reads (25.4%).
Coverage after merging gapped secondary stacks: mean=17.44; stdev=20.76; max=1818; n_reads=2279596(46.5%)

Final number of stacks built: 134246
Final coverage: mean=17.44; stdev=20.76; max=1818; n_reads=2279596(46.5%)
Calling consensus sequences and haplotypes for catalog assembly...
Writing tags, SNPs, and alleles files to '00_Data/05a_Stacks.denovo.ALL.M4n4/S_23_01171'...done.
ustacks is done.
