

-t gzfastq -f ./00_Data/03a_Demultiplex/S_23_02129.1.fq.gz -o 00_Data/05a_Stacks.denovo.ALL.M1n1/ -i 439 -m 3 --name S_23_02129 -M 1 -p 8


ustacks parameters selected:
  Input file: './00_Data/03a_Demultiplex/S_23_02129.1.fq.gz'
  Sample ID: 439
  Min depth of coverage to create a stack (m): 3
  Repeat removal algorithm: enabled
  Max distance allowed between stacks (M): 1
  Max distance allowed to align secondary reads: 3
  Max number of stacks allowed per de novo locus: 3
  Deleveraging algorithm: disabled
  Gapped assembly: enabled
  Minimum alignment length: 0.8
  Model type: SNP
  Alpha significance level for model: 0.05

Loading RAD-Tags...1M...2M...3M...4M...5M...

Loaded 5257665 reads; formed:
  219824 stacks representing 4870076 primary reads (92.6%)
  346373 secondary stacks representing 387589 secondary reads (7.4%)

Stack coverage: mean=22.15; stdev=283.43; max=63807; n_reads=4870076(92.6%)
Removing repetitive stacks: cov > 873 (mean+3*stdev)...
  Blacklisted 10401 stacks.
Coverage after repeat removal: mean=16.42; stdev=29.57; max=873; n_reads=3438349(65.4%)

Assembling stacks (max. dist. M=1)...
  Assembled 209423 stacks into 173918; blacklisted 2078 stacks.
Coverage after assembling stacks: mean=16.13; stdev=18.77; max=952; n_reads=2767826(52.6%)

Merging secondary stacks (max. dist. N=3 from consensus)...
  Merged 150336 out of 387589 secondary reads (38.8%), 6919 merged with gapped alignments.
Coverage after merging secondary stacks: mean=17.01; stdev=19.41; max=970; n_reads=2918162(55.5%)

Assembling stacks, allowing for gaps (min. match length 80.0%)...
  Assembled 173918 stacks into 169826 stacks.
Coverage after gapped assembly: mean=17.42; stdev=19.83; max=970; n_reads=2918162(55.5%)

Merging secondary stacks, allowing for gaps (min. match length 80.0%)...
  Merged 14179 out of 237253 secondary reads (6.0%).
Coverage after merging gapped secondary stacks: mean=17.51; stdev=19.86; max=970; n_reads=2932341(55.8%)

Final number of stacks built: 169826
Final coverage: mean=17.51; stdev=19.86; max=970; n_reads=2932341(55.8%)
Calling consensus sequences and haplotypes for catalog assembly...
Writing tags, SNPs, and alleles files to '00_Data/05a_Stacks.denovo.ALL.M1n1/S_23_02129'...done.
ustacks is done.
