

-t gzfastq -f ./00_Data/03a_Demultiplex/S_23_01811.1.fq.gz -o 00_Data/05a_Stacks.denovo.ALL.M1n1/ -i 235 -m 3 --name S_23_01811 -M 1 -p 8


ustacks parameters selected:
  Input file: './00_Data/03a_Demultiplex/S_23_01811.1.fq.gz'
  Sample ID: 235
  Min depth of coverage to create a stack (m): 3
  Repeat removal algorithm: enabled
  Max distance allowed between stacks (M): 1
  Max distance allowed to align secondary reads: 3
  Max number of stacks allowed per de novo locus: 3
  Deleveraging algorithm: disabled
  Gapped assembly: enabled
  Minimum alignment length: 0.8
  Model type: SNP
  Alpha significance level for model: 0.05

Loading RAD-Tags...1M...2M...3M...4M...5M...6M...

Loaded 6472366 reads; formed:
  235182 stacks representing 6061616 primary reads (93.7%)
  375497 secondary stacks representing 410750 secondary reads (6.3%)

Stack coverage: mean=25.77; stdev=339.50; max=76095; n_reads=6061616(93.7%)
Removing repetitive stacks: cov > 1045 (mean+3*stdev)...
  Blacklisted 12223 stacks.
Coverage after repeat removal: mean=19.18; stdev=34.49; max=1043; n_reads=4276876(66.1%)

Assembling stacks (max. dist. M=1)...
  Assembled 222959 stacks into 182369; blacklisted 2353 stacks.
Coverage after assembling stacks: mean=19.01; stdev=20.71; max=1026; n_reads=3416125(52.8%)

Merging secondary stacks (max. dist. N=3 from consensus)...
  Merged 192195 out of 410750 secondary reads (46.8%), 8341 merged with gapped alignments.
Coverage after merging secondary stacks: mean=20.08; stdev=21.46; max=1061; n_reads=3608320(55.7%)

Assembling stacks, allowing for gaps (min. match length 80.0%)...
  Assembled 182369 stacks into 177739 stacks.
Coverage after gapped assembly: mean=20.61; stdev=21.98; max=1230; n_reads=3608320(55.7%)

Merging secondary stacks, allowing for gaps (min. match length 80.0%)...
  Merged 14020 out of 218555 secondary reads (6.4%).
Coverage after merging gapped secondary stacks: mean=20.69; stdev=22.00; max=1230; n_reads=3622340(56.0%)

Final number of stacks built: 177739
Final coverage: mean=20.69; stdev=22.00; max=1230; n_reads=3622340(56.0%)
Calling consensus sequences and haplotypes for catalog assembly...
Writing tags, SNPs, and alleles files to '00_Data/05a_Stacks.denovo.ALL.M1n1/S_23_01811'...done.
ustacks is done.
