

-t gzfastq -f ./00_Data/03a_Demultiplex/S_23_01116.1.fq.gz -o 00_Data/05a_Stacks.denovo.ALL.M1n1/ -i 94 -m 3 --name S_23_01116 -M 1 -p 8


ustacks parameters selected:
  Input file: './00_Data/03a_Demultiplex/S_23_01116.1.fq.gz'
  Sample ID: 94
  Min depth of coverage to create a stack (m): 3
  Repeat removal algorithm: enabled
  Max distance allowed between stacks (M): 1
  Max distance allowed to align secondary reads: 3
  Max number of stacks allowed per de novo locus: 3
  Deleveraging algorithm: disabled
  Gapped assembly: enabled
  Minimum alignment length: 0.8
  Model type: SNP
  Alpha significance level for model: 0.05

Loading RAD-Tags...1M...2M...3M...4M...5M...

Loaded 5317449 reads; formed:
  222080 stacks representing 4961597 primary reads (93.3%)
  322817 secondary stacks representing 355852 secondary reads (6.7%)

Stack coverage: mean=22.34; stdev=253.52; max=48763; n_reads=4961597(93.3%)
Removing repetitive stacks: cov > 783 (mean+3*stdev)...
  Blacklisted 10962 stacks.
Coverage after repeat removal: mean=16.86; stdev=26.65; max=776; n_reads=3560179(67.0%)

Assembling stacks (max. dist. M=1)...
  Assembled 211118 stacks into 175150; blacklisted 2050 stacks.
Coverage after assembling stacks: mean=16.98; stdev=17.95; max=771; n_reads=2935035(55.2%)

Merging secondary stacks (max. dist. N=3 from consensus)...
  Merged 167919 out of 355852 secondary reads (47.2%), 7378 merged with gapped alignments.
Coverage after merging secondary stacks: mean=17.96; stdev=18.61; max=779; n_reads=3102954(58.4%)

Assembling stacks, allowing for gaps (min. match length 80.0%)...
  Assembled 175150 stacks into 170941 stacks.
Coverage after gapped assembly: mean=18.40; stdev=18.99; max=779; n_reads=3102954(58.4%)

Merging secondary stacks, allowing for gaps (min. match length 80.0%)...
  Merged 11687 out of 187933 secondary reads (6.2%).
Coverage after merging gapped secondary stacks: mean=18.47; stdev=19.01; max=779; n_reads=3114641(58.6%)

Final number of stacks built: 170941
Final coverage: mean=18.47; stdev=19.01; max=779; n_reads=3114641(58.6%)
Calling consensus sequences and haplotypes for catalog assembly...
Writing tags, SNPs, and alleles files to '00_Data/05a_Stacks.denovo.ALL.M1n1/S_23_01116'...done.
ustacks is done.
