

-t gzfastq -f ./00_Data/03a_Demultiplex/S_23_02112.1.fq.gz -o 00_Data/05a_Stacks.denovo.ALL.M1n1/ -i 421 -m 3 --name S_23_02112 -M 1 -p 8


ustacks parameters selected:
  Input file: './00_Data/03a_Demultiplex/S_23_02112.1.fq.gz'
  Sample ID: 421
  Min depth of coverage to create a stack (m): 3
  Repeat removal algorithm: enabled
  Max distance allowed between stacks (M): 1
  Max distance allowed to align secondary reads: 3
  Max number of stacks allowed per de novo locus: 3
  Deleveraging algorithm: disabled
  Gapped assembly: enabled
  Minimum alignment length: 0.8
  Model type: SNP
  Alpha significance level for model: 0.05

Loading RAD-Tags...1M...2M...3M...4M...5M...6M...

Loaded 6090369 reads; formed:
  208566 stacks representing 5697360 primary reads (93.5%)
  362097 secondary stacks representing 393009 secondary reads (6.5%)

Stack coverage: mean=27.32; stdev=340.59; max=62422; n_reads=5697360(93.5%)
Removing repetitive stacks: cov > 1050 (mean+3*stdev)...
  Blacklisted 11725 stacks.
Coverage after repeat removal: mean=20.08; stdev=34.75; max=1050; n_reads=3952002(64.9%)

Assembling stacks (max. dist. M=1)...
  Assembled 196841 stacks into 161718; blacklisted 2047 stacks.
Coverage after assembling stacks: mean=20.03; stdev=21.73; max=1059; n_reads=3192983(52.4%)

Merging secondary stacks (max. dist. N=3 from consensus)...
  Merged 183998 out of 393009 secondary reads (46.8%), 8027 merged with gapped alignments.
Coverage after merging secondary stacks: mean=21.19; stdev=22.52; max=1083; n_reads=3376981(55.4%)

Assembling stacks, allowing for gaps (min. match length 80.0%)...
  Assembled 161718 stacks into 157704 stacks.
Coverage after gapped assembly: mean=21.73; stdev=23.06; max=1083; n_reads=3376981(55.4%)

Merging secondary stacks, allowing for gaps (min. match length 80.0%)...
  Merged 12732 out of 209011 secondary reads (6.1%).
Coverage after merging gapped secondary stacks: mean=21.81; stdev=23.09; max=1084; n_reads=3389713(55.7%)

Final number of stacks built: 157704
Final coverage: mean=21.81; stdev=23.09; max=1084; n_reads=3389713(55.7%)
Calling consensus sequences and haplotypes for catalog assembly...
Writing tags, SNPs, and alleles files to '00_Data/05a_Stacks.denovo.ALL.M1n1/S_23_02112'...done.
ustacks is done.
