

-t gzfastq -f ./00_Data/03a_Demultiplex/S_23_02252.1.fq.gz -o 00_Data/05a_Stacks.denovo.ALL.M4n4/ -i 543 -m 3 --name S_23_02252 -M 4 -p 8


ustacks parameters selected:
  Input file: './00_Data/03a_Demultiplex/S_23_02252.1.fq.gz'
  Sample ID: 543
  Min depth of coverage to create a stack (m): 3
  Repeat removal algorithm: enabled
  Max distance allowed between stacks (M): 4
  Max distance allowed to align secondary reads: 6
  Max number of stacks allowed per de novo locus: 3
  Deleveraging algorithm: disabled
  Gapped assembly: enabled
  Minimum alignment length: 0.8
  Model type: SNP
  Alpha significance level for model: 0.05

Loading RAD-Tags...1M...2M...3M...4M...5M...

Loaded 5428897 reads; formed:
  277451 stacks representing 5017316 primary reads (92.4%)
  368029 secondary stacks representing 411581 secondary reads (7.6%)

Stack coverage: mean=18.08; stdev=149.85; max=35778; n_reads=5017316(92.4%)
Removing repetitive stacks: cov > 468 (mean+3*stdev)...
  Blacklisted 19112 stacks.
Coverage after repeat removal: mean=13.69; stdev=19.79; max=468; n_reads=3536847(65.1%)

Assembling stacks (max. dist. M=4)...
  Assembled 258339 stacks into 167765; blacklisted 4404 stacks.
Coverage after assembling stacks: mean=13.66; stdev=10.98; max=459; n_reads=2224463(41.0%)

Merging secondary stacks (max. dist. N=6 from consensus)...
  Merged 199860 out of 411581 secondary reads (48.6%), 72521 merged with gapped alignments.
Coverage after merging secondary stacks: mean=14.89; stdev=12.89; max=1124; n_reads=2424323(44.7%)

Assembling stacks, allowing for gaps (min. match length 80.0%)...
  Assembled 167765 stacks into 157668 stacks.
Coverage after gapped assembly: mean=15.87; stdev=13.75; max=1124; n_reads=2424323(44.7%)

Merging secondary stacks, allowing for gaps (min. match length 80.0%)...
  Merged 45459 out of 211721 secondary reads (21.5%).
Coverage after merging gapped secondary stacks: mean=16.17; stdev=14.81; max=1453; n_reads=2469782(45.5%)

Final number of stacks built: 157668
Final coverage: mean=16.17; stdev=14.81; max=1453; n_reads=2469782(45.5%)
Calling consensus sequences and haplotypes for catalog assembly...
Writing tags, SNPs, and alleles files to '00_Data/05a_Stacks.denovo.ALL.M4n4/S_23_02252'...done.
ustacks is done.
