

-t gzfastq -f ./00_Data/03a_Demultiplex/S_23_02063.1.fq.gz -o 00_Data/05a_Stacks.denovo.ALL.M4n4/ -i 383 -m 3 --name S_23_02063 -M 4 -p 8


ustacks parameters selected:
  Input file: './00_Data/03a_Demultiplex/S_23_02063.1.fq.gz'
  Sample ID: 383
  Min depth of coverage to create a stack (m): 3
  Repeat removal algorithm: enabled
  Max distance allowed between stacks (M): 4
  Max distance allowed to align secondary reads: 6
  Max number of stacks allowed per de novo locus: 3
  Deleveraging algorithm: disabled
  Gapped assembly: enabled
  Minimum alignment length: 0.8
  Model type: SNP
  Alpha significance level for model: 0.05

Loading RAD-Tags...

Loaded 966 reads; formed:
  61 stacks representing 204 primary reads (21.1%)
  628 secondary stacks representing 762 secondary reads (78.9%)

Stack coverage: mean=3.34; stdev=0.60; max=5; n_reads=204(21.1%)
Removing repetitive stacks: cov > 6 (mean+3*stdev)...
  Blacklisted 0 stacks.
Coverage after repeat removal: mean=3.34; stdev=0.60; max=5; n_reads=204(21.1%)

Assembling stacks (max. dist. M=4)...
  Assembled 61 stacks into 61; blacklisted 0 stacks.
Coverage after assembling stacks: mean=3.34; stdev=0.60; max=5; n_reads=204(21.1%)

Merging secondary stacks (max. dist. N=6 from consensus)...
  Merged 7 out of 762 secondary reads (0.9%), 1 merged with gapped alignments.
Coverage after merging secondary stacks: mean=3.46; stdev=0.69; max=6; n_reads=211(21.8%)

Assembling stacks, allowing for gaps (min. match length 80.0%)...
  Assembled 61 stacks into 61 stacks.
Coverage after gapped assembly: mean=3.46; stdev=0.69; max=6; n_reads=211(21.8%)

Merging secondary stacks, allowing for gaps (min. match length 80.0%)...
  Merged 0 out of 755 secondary reads (0.0%).
Coverage after merging gapped secondary stacks: mean=3.46; stdev=0.69; max=6; n_reads=211(21.8%)

Final number of stacks built: 61
Final coverage: mean=3.46; stdev=0.69; max=6; n_reads=211(21.8%)
Calling consensus sequences and haplotypes for catalog assembly...
Writing tags, SNPs, and alleles files to '00_Data/05a_Stacks.denovo.ALL.M4n4/S_23_02063'...done.
ustacks is done.
