

-t gzfastq -f ./00_Data/03a_Demultiplex/S_23_01126.1.fq.gz -o 00_Data/05a_Stacks.denovo.ALL.M4n4/ -i 104 -m 3 --name S_23_01126 -M 4 -p 8


ustacks parameters selected:
  Input file: './00_Data/03a_Demultiplex/S_23_01126.1.fq.gz'
  Sample ID: 104
  Min depth of coverage to create a stack (m): 3
  Repeat removal algorithm: enabled
  Max distance allowed between stacks (M): 4
  Max distance allowed to align secondary reads: 6
  Max number of stacks allowed per de novo locus: 3
  Deleveraging algorithm: disabled
  Gapped assembly: enabled
  Minimum alignment length: 0.8
  Model type: SNP
  Alpha significance level for model: 0.05

Loading RAD-Tags...1M...2M...3M...4M...

Loaded 4180267 reads; formed:
  194184 stacks representing 3857671 primary reads (92.3%)
  289934 secondary stacks representing 322596 secondary reads (7.7%)

Stack coverage: mean=19.87; stdev=265.85; max=53785; n_reads=3857671(92.3%)
Removing repetitive stacks: cov > 818 (mean+3*stdev)...
  Blacklisted 9753 stacks.
Coverage after repeat removal: mean=14.50; stdev=26.93; max=814; n_reads=2674290(64.0%)

Assembling stacks (max. dist. M=4)...
  Assembled 184431 stacks into 123514; blacklisted 2853 stacks.
Coverage after assembling stacks: mean=13.91; stdev=15.77; max=799; n_reads=1674978(40.1%)

Merging secondary stacks (max. dist. N=6 from consensus)...
  Merged 152025 out of 322596 secondary reads (47.1%), 53354 merged with gapped alignments.
Coverage after merging secondary stacks: mean=15.17; stdev=20.04; max=3036; n_reads=1827003(43.7%)

Assembling stacks, allowing for gaps (min. match length 80.0%)...
  Assembled 123514 stacks into 117770 stacks.
Coverage after gapped assembly: mean=15.93; stdev=20.93; max=3036; n_reads=1827003(43.7%)

Merging secondary stacks, allowing for gaps (min. match length 80.0%)...
  Merged 34024 out of 170571 secondary reads (19.9%).
Coverage after merging gapped secondary stacks: mean=16.23; stdev=22.20; max=3037; n_reads=1861027(44.5%)

Final number of stacks built: 117770
Final coverage: mean=16.23; stdev=22.20; max=3037; n_reads=1861027(44.5%)
Calling consensus sequences and haplotypes for catalog assembly...
Writing tags, SNPs, and alleles files to '00_Data/05a_Stacks.denovo.ALL.M4n4/S_23_01126'...done.
ustacks is done.
