

-t gzfastq -f ./00_Data/03a_Demultiplex/S_23_02104.1.fq.gz -o 00_Data/05a_Stacks.denovo.ALL.M4n4/ -i 413 -m 3 --name S_23_02104 -M 4 -p 8


ustacks parameters selected:
  Input file: './00_Data/03a_Demultiplex/S_23_02104.1.fq.gz'
  Sample ID: 413
  Min depth of coverage to create a stack (m): 3
  Repeat removal algorithm: enabled
  Max distance allowed between stacks (M): 4
  Max distance allowed to align secondary reads: 6
  Max number of stacks allowed per de novo locus: 3
  Deleveraging algorithm: disabled
  Gapped assembly: enabled
  Minimum alignment length: 0.8
  Model type: SNP
  Alpha significance level for model: 0.05

Loading RAD-Tags...1M...2M...3M...4M...5M...6M...7M...8M...9M...10M...

Loaded 10026909 reads; formed:
  244734 stacks representing 9334862 primary reads (93.1%)
  631895 secondary stacks representing 692047 secondary reads (6.9%)

Stack coverage: mean=38.14; stdev=508.87; max=103872; n_reads=9334862(93.1%)
Removing repetitive stacks: cov > 1565 (mean+3*stdev)...
  Blacklisted 13900 stacks.
Coverage after repeat removal: mean=28.17; stdev=51.42; max=1562; n_reads=6502806(64.9%)

Assembling stacks (max. dist. M=4)...
  Assembled 230834 stacks into 151745; blacklisted 3866 stacks.
Coverage after assembling stacks: mean=27.99; stdev=30.85; max=1363; n_reads=4131309(41.2%)

Merging secondary stacks (max. dist. N=6 from consensus)...
  Merged 330534 out of 692047 secondary reads (47.8%), 109902 merged with gapped alignments.
Coverage after merging secondary stacks: mean=30.23; stdev=33.52; max=1391; n_reads=4461843(44.5%)

Assembling stacks, allowing for gaps (min. match length 80.0%)...
  Assembled 151745 stacks into 142992 stacks.
Coverage after gapped assembly: mean=32.14; stdev=35.36; max=1391; n_reads=4461843(44.5%)

Merging secondary stacks, allowing for gaps (min. match length 80.0%)...
  Merged 72222 out of 361513 secondary reads (20.0%).
Coverage after merging gapped secondary stacks: mean=32.66; stdev=36.98; max=1391; n_reads=4534065(45.2%)

Final number of stacks built: 142992
Final coverage: mean=32.66; stdev=36.98; max=1391; n_reads=4534065(45.2%)
Calling consensus sequences and haplotypes for catalog assembly...
Writing tags, SNPs, and alleles files to '00_Data/05a_Stacks.denovo.ALL.M4n4/S_23_02104'...done.
ustacks is done.
