

-t gzfastq -f ./00_Data/03a_Demultiplex/S_23_02095.1.fq.gz -o 00_Data/05a_Stacks.denovo.ALL.M4n4/ -i 404 -m 3 --name S_23_02095 -M 4 -p 8


ustacks parameters selected:
  Input file: './00_Data/03a_Demultiplex/S_23_02095.1.fq.gz'
  Sample ID: 404
  Min depth of coverage to create a stack (m): 3
  Repeat removal algorithm: enabled
  Max distance allowed between stacks (M): 4
  Max distance allowed to align secondary reads: 6
  Max number of stacks allowed per de novo locus: 3
  Deleveraging algorithm: disabled
  Gapped assembly: enabled
  Minimum alignment length: 0.8
  Model type: SNP
  Alpha significance level for model: 0.05

Loading RAD-Tags...1M...2M...3M...4M...5M...

Loaded 5391442 reads; formed:
  208419 stacks representing 5016532 primary reads (93.0%)
  339665 secondary stacks representing 374910 secondary reads (7.0%)

Stack coverage: mean=24.07; stdev=321.14; max=69178; n_reads=5016532(93.0%)
Removing repetitive stacks: cov > 988 (mean+3*stdev)...
  Blacklisted 10243 stacks.
Coverage after repeat removal: mean=17.69; stdev=31.23; max=978; n_reads=3505083(65.0%)

Assembling stacks (max. dist. M=4)...
  Assembled 198176 stacks into 132008; blacklisted 2955 stacks.
Coverage after assembling stacks: mean=17.61; stdev=19.13; max=818; n_reads=2268704(42.1%)

Merging secondary stacks (max. dist. N=6 from consensus)...
  Merged 164578 out of 374910 secondary reads (43.9%), 53417 merged with gapped alignments.
Coverage after merging secondary stacks: mean=18.89; stdev=20.91; max=1090; n_reads=2433282(45.1%)

Assembling stacks, allowing for gaps (min. match length 80.0%)...
  Assembled 132008 stacks into 125190 stacks.
Coverage after gapped assembly: mean=19.95; stdev=21.94; max=1090; n_reads=2433282(45.1%)

Merging secondary stacks, allowing for gaps (min. match length 80.0%)...
  Merged 37499 out of 210332 secondary reads (17.8%).
Coverage after merging gapped secondary stacks: mean=20.25; stdev=22.91; max=1132; n_reads=2470781(45.8%)

Final number of stacks built: 125190
Final coverage: mean=20.25; stdev=22.91; max=1132; n_reads=2470781(45.8%)
Calling consensus sequences and haplotypes for catalog assembly...
Writing tags, SNPs, and alleles files to '00_Data/05a_Stacks.denovo.ALL.M4n4/S_23_02095'...done.
ustacks is done.
