

-t gzfastq -f ./00_Data/03a_Demultiplex/S_23_00989.1.fq.gz -o 00_Data/05a_Stacks.denovo.ALL.M1n1/ -i 11 -m 3 --name S_23_00989 -M 1 -p 8


ustacks parameters selected:
  Input file: './00_Data/03a_Demultiplex/S_23_00989.1.fq.gz'
  Sample ID: 11
  Min depth of coverage to create a stack (m): 3
  Repeat removal algorithm: enabled
  Max distance allowed between stacks (M): 1
  Max distance allowed to align secondary reads: 3
  Max number of stacks allowed per de novo locus: 3
  Deleveraging algorithm: disabled
  Gapped assembly: enabled
  Minimum alignment length: 0.8
  Model type: SNP
  Alpha significance level for model: 0.05

Loading RAD-Tags...1M...2M...3M...4M...5M...6M...

Loaded 6644640 reads; formed:
  241514 stacks representing 6168736 primary reads (92.8%)
  431979 secondary stacks representing 475904 secondary reads (7.2%)

Stack coverage: mean=25.54; stdev=328.73; max=69718; n_reads=6168736(92.8%)
Removing repetitive stacks: cov > 1012 (mean+3*stdev)...
  Blacklisted 13071 stacks.
Coverage after repeat removal: mean=18.95; stdev=33.23; max=1008; n_reads=4328067(65.1%)

Assembling stacks (max. dist. M=1)...
  Assembled 228443 stacks into 186851; blacklisted 2397 stacks.
Coverage after assembling stacks: mean=18.85; stdev=20.06; max=1057; n_reads=3471272(52.2%)

Merging secondary stacks (max. dist. N=3 from consensus)...
  Merged 216846 out of 475904 secondary reads (45.6%), 9247 merged with gapped alignments.
Coverage after merging secondary stacks: mean=20.03; stdev=20.89; max=1092; n_reads=3688118(55.5%)

Assembling stacks, allowing for gaps (min. match length 80.0%)...
  Assembled 186851 stacks into 182035 stacks.
Coverage after gapped assembly: mean=20.57; stdev=21.32; max=1092; n_reads=3688118(55.5%)

Merging secondary stacks, allowing for gaps (min. match length 80.0%)...
  Merged 17199 out of 259058 secondary reads (6.6%).
Coverage after merging gapped secondary stacks: mean=20.66; stdev=21.35; max=1093; n_reads=3705317(55.8%)

Final number of stacks built: 182035
Final coverage: mean=20.66; stdev=21.35; max=1093; n_reads=3705317(55.8%)
Calling consensus sequences and haplotypes for catalog assembly...
Writing tags, SNPs, and alleles files to '00_Data/05a_Stacks.denovo.ALL.M1n1/S_23_00989'...done.
ustacks is done.
