

-t gzfastq -f ./00_Data/03a_Demultiplex/S_23_02246.1.fq.gz -o 00_Data/05a_Stacks.denovo.ALL.M1n1/ -i 537 -m 3 --name S_23_02246 -M 1 -p 8


ustacks parameters selected:
  Input file: './00_Data/03a_Demultiplex/S_23_02246.1.fq.gz'
  Sample ID: 537
  Min depth of coverage to create a stack (m): 3
  Repeat removal algorithm: enabled
  Max distance allowed between stacks (M): 1
  Max distance allowed to align secondary reads: 3
  Max number of stacks allowed per de novo locus: 3
  Deleveraging algorithm: disabled
  Gapped assembly: enabled
  Minimum alignment length: 0.8
  Model type: SNP
  Alpha significance level for model: 0.05

Loading RAD-Tags...1M...2M...3M...4M...5M...

Loaded 5090183 reads; formed:
  215261 stacks representing 4733744 primary reads (93.0%)
  320337 secondary stacks representing 356439 secondary reads (7.0%)

Stack coverage: mean=21.99; stdev=292.56; max=68300; n_reads=4733744(93.0%)
Removing repetitive stacks: cov > 900 (mean+3*stdev)...
  Blacklisted 9646 stacks.
Coverage after repeat removal: mean=16.39; stdev=29.39; max=898; n_reads=3370461(66.2%)

Assembling stacks (max. dist. M=1)...
  Assembled 205615 stacks into 169347; blacklisted 2061 stacks.
Coverage after assembling stacks: mean=16.25; stdev=18.20; max=816; n_reads=2714206(53.3%)

Merging secondary stacks (max. dist. N=3 from consensus)...
  Merged 144493 out of 356439 secondary reads (40.5%), 6244 merged with gapped alignments.
Coverage after merging secondary stacks: mean=17.11; stdev=18.80; max=838; n_reads=2858699(56.2%)

Assembling stacks, allowing for gaps (min. match length 80.0%)...
  Assembled 169347 stacks into 165368 stacks.
Coverage after gapped assembly: mean=17.53; stdev=19.19; max=838; n_reads=2858699(56.2%)

Merging secondary stacks, allowing for gaps (min. match length 80.0%)...
  Merged 12296 out of 211946 secondary reads (5.8%).
Coverage after merging gapped secondary stacks: mean=17.61; stdev=19.22; max=838; n_reads=2870995(56.4%)

Final number of stacks built: 165368
Final coverage: mean=17.61; stdev=19.22; max=838; n_reads=2870995(56.4%)
Calling consensus sequences and haplotypes for catalog assembly...
Writing tags, SNPs, and alleles files to '00_Data/05a_Stacks.denovo.ALL.M1n1/S_23_02246'...done.
ustacks is done.
