

-t gzfastq -f ./00_Data/03a_Demultiplex/S_23_01153.1.fq.gz -o 00_Data/05a_Stacks.denovo.ALL.M4n4/ -i 116 -m 3 --name S_23_01153 -M 4 -p 8


ustacks parameters selected:
  Input file: './00_Data/03a_Demultiplex/S_23_01153.1.fq.gz'
  Sample ID: 116
  Min depth of coverage to create a stack (m): 3
  Repeat removal algorithm: enabled
  Max distance allowed between stacks (M): 4
  Max distance allowed to align secondary reads: 6
  Max number of stacks allowed per de novo locus: 3
  Deleveraging algorithm: disabled
  Gapped assembly: enabled
  Minimum alignment length: 0.8
  Model type: SNP
  Alpha significance level for model: 0.05

Loading RAD-Tags...1M...2M...3M...

Loaded 3922974 reads; formed:
  210545 stacks representing 3579199 primary reads (91.2%)
  304920 secondary stacks representing 343775 secondary reads (8.8%)

Stack coverage: mean=17.00; stdev=217.90; max=48140; n_reads=3579199(91.2%)
Removing repetitive stacks: cov > 671 (mean+3*stdev)...
  Blacklisted 9632 stacks.
Coverage after repeat removal: mean=12.62; stdev=22.42; max=667; n_reads=2535746(64.6%)

Assembling stacks (max. dist. M=4)...
  Assembled 200913 stacks into 136973; blacklisted 2979 stacks.
Coverage after assembling stacks: mean=12.22; stdev=14.15; max=664; n_reads=1634342(41.7%)

Merging secondary stacks (max. dist. N=6 from consensus)...
  Merged 135131 out of 343775 secondary reads (39.3%), 45105 merged with gapped alignments.
Coverage after merging secondary stacks: mean=13.23; stdev=15.84; max=1167; n_reads=1769473(45.1%)

Assembling stacks, allowing for gaps (min. match length 80.0%)...
  Assembled 136973 stacks into 130526 stacks.
Coverage after gapped assembly: mean=13.90; stdev=16.68; max=1167; n_reads=1769473(45.1%)

Merging secondary stacks, allowing for gaps (min. match length 80.0%)...
  Merged 33835 out of 208644 secondary reads (16.2%).
Coverage after merging gapped secondary stacks: mean=14.17; stdev=17.61; max=1167; n_reads=1803308(46.0%)

Final number of stacks built: 130526
Final coverage: mean=14.17; stdev=17.61; max=1167; n_reads=1803308(46.0%)
Calling consensus sequences and haplotypes for catalog assembly...
Writing tags, SNPs, and alleles files to '00_Data/05a_Stacks.denovo.ALL.M4n4/S_23_01153'...done.
ustacks is done.
