

-t gzfastq -f ./00_Data/03a_Demultiplex/S_23_01249.1.fq.gz -o 00_Data/05a_Stacks.denovo.ALL.M1n1/ -i 183 -m 3 --name S_23_01249 -M 1 -p 8


ustacks parameters selected:
  Input file: './00_Data/03a_Demultiplex/S_23_01249.1.fq.gz'
  Sample ID: 183
  Min depth of coverage to create a stack (m): 3
  Repeat removal algorithm: enabled
  Max distance allowed between stacks (M): 1
  Max distance allowed to align secondary reads: 3
  Max number of stacks allowed per de novo locus: 3
  Deleveraging algorithm: disabled
  Gapped assembly: enabled
  Minimum alignment length: 0.8
  Model type: SNP
  Alpha significance level for model: 0.05

Loading RAD-Tags...1M...2M...3M...4M...

Loaded 4806243 reads; formed:
  202430 stacks representing 4486863 primary reads (93.4%)
  290701 secondary stacks representing 319380 secondary reads (6.6%)

Stack coverage: mean=22.17; stdev=279.48; max=53204; n_reads=4486863(93.4%)
Removing repetitive stacks: cov > 861 (mean+3*stdev)...
  Blacklisted 10380 stacks.
Coverage after repeat removal: mean=16.42; stdev=28.38; max=858; n_reads=3152777(65.6%)

Assembling stacks (max. dist. M=1)...
  Assembled 192050 stacks into 158134; blacklisted 1946 stacks.
Coverage after assembling stacks: mean=16.29; stdev=17.65; max=872; n_reads=2541065(52.9%)

Merging secondary stacks (max. dist. N=3 from consensus)...
  Merged 147642 out of 319380 secondary reads (46.2%), 6030 merged with gapped alignments.
Coverage after merging secondary stacks: mean=17.24; stdev=18.33; max=910; n_reads=2688707(55.9%)

Assembling stacks, allowing for gaps (min. match length 80.0%)...
  Assembled 158134 stacks into 154528 stacks.
Coverage after gapped assembly: mean=17.65; stdev=18.65; max=910; n_reads=2688707(55.9%)

Merging secondary stacks, allowing for gaps (min. match length 80.0%)...
  Merged 10897 out of 171738 secondary reads (6.3%).
Coverage after merging gapped secondary stacks: mean=17.72; stdev=18.68; max=910; n_reads=2699604(56.2%)

Final number of stacks built: 154528
Final coverage: mean=17.72; stdev=18.68; max=910; n_reads=2699604(56.2%)
Calling consensus sequences and haplotypes for catalog assembly...
Writing tags, SNPs, and alleles files to '00_Data/05a_Stacks.denovo.ALL.M1n1/S_23_01249'...done.
ustacks is done.
