

-t gzfastq -f ./00_Data/03a_Demultiplex/S_23_01158.1.fq.gz -o 00_Data/05a_Stacks.denovo.ALL.M4n4/ -i 121 -m 3 --name S_23_01158 -M 4 -p 8


ustacks parameters selected:
  Input file: './00_Data/03a_Demultiplex/S_23_01158.1.fq.gz'
  Sample ID: 121
  Min depth of coverage to create a stack (m): 3
  Repeat removal algorithm: enabled
  Max distance allowed between stacks (M): 4
  Max distance allowed to align secondary reads: 6
  Max number of stacks allowed per de novo locus: 3
  Deleveraging algorithm: disabled
  Gapped assembly: enabled
  Minimum alignment length: 0.8
  Model type: SNP
  Alpha significance level for model: 0.05

Loading RAD-Tags...1M...2M...

Loaded 2797073 reads; formed:
  186455 stacks representing 2533494 primary reads (90.6%)
  228334 secondary stacks representing 263579 secondary reads (9.4%)

Stack coverage: mean=13.59; stdev=171.13; max=36041; n_reads=2533494(90.6%)
Removing repetitive stacks: cov > 527 (mean+3*stdev)...
  Blacklisted 8181 stacks.
Coverage after repeat removal: mean=10.16; stdev=17.97; max=526; n_reads=1811701(64.8%)

Assembling stacks (max. dist. M=4)...
  Assembled 178274 stacks into 122404; blacklisted 2630 stacks.
Coverage after assembling stacks: mean=9.73; stdev=10.52; max=522; n_reads=1163879(41.6%)

Merging secondary stacks (max. dist. N=6 from consensus)...
  Merged 102930 out of 263579 secondary reads (39.1%), 34513 merged with gapped alignments.
Coverage after merging secondary stacks: mean=10.60; stdev=13.08; max=1921; n_reads=1266809(45.3%)

Assembling stacks, allowing for gaps (min. match length 80.0%)...
  Assembled 122404 stacks into 117348 stacks.
Coverage after gapped assembly: mean=11.06; stdev=13.64; max=1921; n_reads=1266809(45.3%)

Merging secondary stacks, allowing for gaps (min. match length 80.0%)...
  Merged 30773 out of 160649 secondary reads (19.2%).
Coverage after merging gapped secondary stacks: mean=11.33; stdev=14.67; max=1923; n_reads=1297582(46.4%)

Final number of stacks built: 117348
Final coverage: mean=11.33; stdev=14.67; max=1923; n_reads=1297582(46.4%)
Calling consensus sequences and haplotypes for catalog assembly...
Writing tags, SNPs, and alleles files to '00_Data/05a_Stacks.denovo.ALL.M4n4/S_23_01158'...done.
ustacks is done.
