

-t gzfastq -f ./00_Data/03a_Demultiplex/S_23_01927.1.fq.gz -o 00_Data/05a_Stacks.denovo.ALL.M4n4/ -i 317 -m 3 --name S_23_01927 -M 4 -p 8


ustacks parameters selected:
  Input file: './00_Data/03a_Demultiplex/S_23_01927.1.fq.gz'
  Sample ID: 317
  Min depth of coverage to create a stack (m): 3
  Repeat removal algorithm: enabled
  Max distance allowed between stacks (M): 4
  Max distance allowed to align secondary reads: 6
  Max number of stacks allowed per de novo locus: 3
  Deleveraging algorithm: disabled
  Gapped assembly: enabled
  Minimum alignment length: 0.8
  Model type: SNP
  Alpha significance level for model: 0.05

Loading RAD-Tags...1M...2M...

Loaded 2691109 reads; formed:
  177769 stacks representing 2439418 primary reads (90.6%)
  217987 secondary stacks representing 251691 secondary reads (9.4%)

Stack coverage: mean=13.72; stdev=179.22; max=39303; n_reads=2439418(90.6%)
Removing repetitive stacks: cov > 552 (mean+3*stdev)...
  Blacklisted 7531 stacks.
Coverage after repeat removal: mean=10.24; stdev=18.51; max=551; n_reads=1743494(64.8%)

Assembling stacks (max. dist. M=4)...
  Assembled 170238 stacks into 116789; blacklisted 2526 stacks.
Coverage after assembling stacks: mean=9.73; stdev=10.84; max=554; n_reads=1110021(41.2%)

Merging secondary stacks (max. dist. N=6 from consensus)...
  Merged 92476 out of 251691 secondary reads (36.7%), 30021 merged with gapped alignments.
Coverage after merging secondary stacks: mean=10.54; stdev=11.94; max=570; n_reads=1202497(44.7%)

Assembling stacks, allowing for gaps (min. match length 80.0%)...
  Assembled 116789 stacks into 112036 stacks.
Coverage after gapped assembly: mean=11.00; stdev=12.55; max=575; n_reads=1202497(44.7%)

Merging secondary stacks, allowing for gaps (min. match length 80.0%)...
  Merged 28681 out of 159215 secondary reads (18.0%).
Coverage after merging gapped secondary stacks: mean=11.26; stdev=13.74; max=905; n_reads=1231178(45.7%)

Final number of stacks built: 112036
Final coverage: mean=11.26; stdev=13.74; max=905; n_reads=1231178(45.7%)
Calling consensus sequences and haplotypes for catalog assembly...
Writing tags, SNPs, and alleles files to '00_Data/05a_Stacks.denovo.ALL.M4n4/S_23_01927'...done.
ustacks is done.
