

-t gzfastq -f ./00_Data/03a_Demultiplex/S_23_02256.1.fq.gz -o 00_Data/05a_Stacks.denovo.ALL.M1n1/ -i 547 -m 3 --name S_23_02256 -M 1 -p 8


ustacks parameters selected:
  Input file: './00_Data/03a_Demultiplex/S_23_02256.1.fq.gz'
  Sample ID: 547
  Min depth of coverage to create a stack (m): 3
  Repeat removal algorithm: enabled
  Max distance allowed between stacks (M): 1
  Max distance allowed to align secondary reads: 3
  Max number of stacks allowed per de novo locus: 3
  Deleveraging algorithm: disabled
  Gapped assembly: enabled
  Minimum alignment length: 0.8
  Model type: SNP
  Alpha significance level for model: 0.05

Loading RAD-Tags...1M...2M...3M...4M...5M...6M...

Loaded 6838061 reads; formed:
  228661 stacks representing 6399356 primary reads (93.6%)
  398395 secondary stacks representing 438705 secondary reads (6.4%)

Stack coverage: mean=27.99; stdev=368.21; max=73175; n_reads=6399356(93.6%)
Removing repetitive stacks: cov > 1133 (mean+3*stdev)...
  Blacklisted 12146 stacks.
Coverage after repeat removal: mean=20.62; stdev=37.73; max=1127; n_reads=4464911(65.3%)

Assembling stacks (max. dist. M=1)...
  Assembled 216515 stacks into 176331; blacklisted 2320 stacks.
Coverage after assembling stacks: mean=20.47; stdev=22.94; max=1121; n_reads=3555801(52.0%)

Merging secondary stacks (max. dist. N=3 from consensus)...
  Merged 202449 out of 438705 secondary reads (46.1%), 8865 merged with gapped alignments.
Coverage after merging secondary stacks: mean=21.63; stdev=23.77; max=1148; n_reads=3758250(55.0%)

Assembling stacks, allowing for gaps (min. match length 80.0%)...
  Assembled 176331 stacks into 171940 stacks.
Coverage after gapped assembly: mean=22.19; stdev=24.23; max=1148; n_reads=3758250(55.0%)

Merging secondary stacks, allowing for gaps (min. match length 80.0%)...
  Merged 14535 out of 236256 secondary reads (6.2%).
Coverage after merging gapped secondary stacks: mean=22.28; stdev=24.25; max=1148; n_reads=3772785(55.2%)

Final number of stacks built: 171940
Final coverage: mean=22.28; stdev=24.25; max=1148; n_reads=3772785(55.2%)
Calling consensus sequences and haplotypes for catalog assembly...
Writing tags, SNPs, and alleles files to '00_Data/05a_Stacks.denovo.ALL.M1n1/S_23_02256'...done.
ustacks is done.
