

-t gzfastq -f ./00_Data/03a_Demultiplex/S_23_01097.1.fq.gz -o 00_Data/05a_Stacks.denovo.ALL.M4n4/ -i 75 -m 3 --name S_23_01097 -M 4 -p 8


ustacks parameters selected:
  Input file: './00_Data/03a_Demultiplex/S_23_01097.1.fq.gz'
  Sample ID: 75
  Min depth of coverage to create a stack (m): 3
  Repeat removal algorithm: enabled
  Max distance allowed between stacks (M): 4
  Max distance allowed to align secondary reads: 6
  Max number of stacks allowed per de novo locus: 3
  Deleveraging algorithm: disabled
  Gapped assembly: enabled
  Minimum alignment length: 0.8
  Model type: SNP
  Alpha significance level for model: 0.05

Loading RAD-Tags...

Loaded 309232 reads; formed:
  27848 stacks representing 194937 primary reads (63.0%)
  90863 secondary stacks representing 114295 secondary reads (37.0%)

Stack coverage: mean=7.00; stdev=36.52; max=2866; n_reads=194937(63.0%)
Removing repetitive stacks: cov > 117 (mean+3*stdev)...
  Blacklisted 1501 stacks.
Coverage after repeat removal: mean=5.35; stdev=6.90; max=116; n_reads=141070(45.6%)

Assembling stacks (max. dist. M=4)...
  Assembled 26347 stacks into 19829; blacklisted 476 stacks.
Coverage after assembling stacks: mean=5.30; stdev=6.62; max=169; n_reads=102003(33.0%)

Merging secondary stacks (max. dist. N=6 from consensus)...
  Merged 25546 out of 114295 secondary reads (22.4%), 11524 merged with gapped alignments.
Coverage after merging secondary stacks: mean=6.63; stdev=13.87; max=909; n_reads=127549(41.2%)

Assembling stacks, allowing for gaps (min. match length 80.0%)...
  Assembled 19829 stacks into 19260 stacks.
Coverage after gapped assembly: mean=6.83; stdev=14.45; max=909; n_reads=127549(41.2%)

Merging secondary stacks, allowing for gaps (min. match length 80.0%)...
  Merged 8784 out of 88749 secondary reads (9.9%).
Coverage after merging gapped secondary stacks: mean=7.30; stdev=16.88; max=1118; n_reads=136333(44.1%)

Final number of stacks built: 19260
Final coverage: mean=7.30; stdev=16.88; max=1118; n_reads=136333(44.1%)
Calling consensus sequences and haplotypes for catalog assembly...
Writing tags, SNPs, and alleles files to '00_Data/05a_Stacks.denovo.ALL.M4n4/S_23_01097'...done.
ustacks is done.
