

-t gzfastq -f ./00_Data/03a_Demultiplex/S_23_01844.1.fq.gz -o 00_Data/05a_Stacks.denovo.ALL.M1n1/ -i 251 -m 3 --name S_23_01844 -M 1 -p 8


ustacks parameters selected:
  Input file: './00_Data/03a_Demultiplex/S_23_01844.1.fq.gz'
  Sample ID: 251
  Min depth of coverage to create a stack (m): 3
  Repeat removal algorithm: enabled
  Max distance allowed between stacks (M): 1
  Max distance allowed to align secondary reads: 3
  Max number of stacks allowed per de novo locus: 3
  Deleveraging algorithm: disabled
  Gapped assembly: enabled
  Minimum alignment length: 0.8
  Model type: SNP
  Alpha significance level for model: 0.05

Loading RAD-Tags...1M...

Loaded 1560987 reads; formed:
  140560 stacks representing 1352826 primary reads (86.7%)
  170231 secondary stacks representing 208161 secondary reads (13.3%)

Stack coverage: mean=9.62; stdev=87.55; max=12861; n_reads=1352826(86.7%)
Removing repetitive stacks: cov > 273 (mean+3*stdev)...
  Blacklisted 6346 stacks.
Coverage after repeat removal: mean=7.33; stdev=10.61; max=273; n_reads=983195(63.0%)

Assembling stacks (max. dist. M=1)...
  Assembled 134214 stacks into 117423; blacklisted 1127 stacks.
Coverage after assembling stacks: mean=7.15; stdev=7.97; max=346; n_reads=829550(53.1%)

Merging secondary stacks (max. dist. N=3 from consensus)...
  Merged 62269 out of 208161 secondary reads (29.9%), 2390 merged with gapped alignments.
Coverage after merging secondary stacks: mean=7.68; stdev=8.47; max=364; n_reads=891819(57.1%)

Assembling stacks, allowing for gaps (min. match length 80.0%)...
  Assembled 117423 stacks into 115758 stacks.
Coverage after gapped assembly: mean=7.80; stdev=8.63; max=364; n_reads=891819(57.1%)

Merging secondary stacks, allowing for gaps (min. match length 80.0%)...
  Merged 7929 out of 145892 secondary reads (5.4%).
Coverage after merging gapped secondary stacks: mean=7.87; stdev=8.69; max=364; n_reads=899748(57.6%)

Final number of stacks built: 115758
Final coverage: mean=7.87; stdev=8.69; max=364; n_reads=899748(57.6%)
Calling consensus sequences and haplotypes for catalog assembly...
Writing tags, SNPs, and alleles files to '00_Data/05a_Stacks.denovo.ALL.M1n1/S_23_01844'...done.
ustacks is done.
