

-t gzfastq -f ./00_Data/03a_Demultiplex/S_23_01862.1.fq.gz -o 00_Data/05a_Stacks.denovo.ALL.M4n4/ -i 268 -m 3 --name S_23_01862 -M 4 -p 8


ustacks parameters selected:
  Input file: './00_Data/03a_Demultiplex/S_23_01862.1.fq.gz'
  Sample ID: 268
  Min depth of coverage to create a stack (m): 3
  Repeat removal algorithm: enabled
  Max distance allowed between stacks (M): 4
  Max distance allowed to align secondary reads: 6
  Max number of stacks allowed per de novo locus: 3
  Deleveraging algorithm: disabled
  Gapped assembly: enabled
  Minimum alignment length: 0.8
  Model type: SNP
  Alpha significance level for model: 0.05

Loading RAD-Tags...

Loaded 1294 reads; formed:
  63 stacks representing 233 primary reads (18.0%)
  891 secondary stacks representing 1061 secondary reads (82.0%)

Stack coverage: mean=3.70; stdev=1.66; max=15; n_reads=233(18.0%)
Removing repetitive stacks: cov > 9 (mean+3*stdev)...
  Blacklisted 1 stacks.
Coverage after repeat removal: mean=3.52; stdev=0.84; max=6; n_reads=218(16.8%)

Assembling stacks (max. dist. M=4)...
  Assembled 62 stacks into 63; blacklisted 0 stacks.
Coverage after assembling stacks: mean=3.52; stdev=0.84; max=6; n_reads=218(16.8%)

Merging secondary stacks (max. dist. N=6 from consensus)...
  Merged 36 out of 1061 secondary reads (3.4%), 8 merged with gapped alignments.
Coverage after merging secondary stacks: mean=4.10; stdev=2.91; max=21; n_reads=254(19.6%)

Assembling stacks, allowing for gaps (min. match length 80.0%)...
  Assembled 63 stacks into 63 stacks.
Coverage after gapped assembly: mean=4.10; stdev=2.91; max=21; n_reads=254(19.6%)

Merging secondary stacks, allowing for gaps (min. match length 80.0%)...
  Merged 3 out of 1025 secondary reads (0.3%).
Coverage after merging gapped secondary stacks: mean=4.15; stdev=3.03; max=21; n_reads=257(19.9%)

Final number of stacks built: 63
Final coverage: mean=4.15; stdev=3.03; max=21; n_reads=257(19.9%)
Calling consensus sequences and haplotypes for catalog assembly...
Writing tags, SNPs, and alleles files to '00_Data/05a_Stacks.denovo.ALL.M4n4/S_23_01862'...done.
ustacks is done.
