

-t gzfastq -f ./00_Data/03a_Demultiplex/S_23_01195.1.fq.gz -o 00_Data/05a_Stacks.denovo.ALL.M1n1/ -i 144 -m 3 --name S_23_01195 -M 1 -p 8


ustacks parameters selected:
  Input file: './00_Data/03a_Demultiplex/S_23_01195.1.fq.gz'
  Sample ID: 144
  Min depth of coverage to create a stack (m): 3
  Repeat removal algorithm: enabled
  Max distance allowed between stacks (M): 1
  Max distance allowed to align secondary reads: 3
  Max number of stacks allowed per de novo locus: 3
  Deleveraging algorithm: disabled
  Gapped assembly: enabled
  Minimum alignment length: 0.8
  Model type: SNP
  Alpha significance level for model: 0.05

Loading RAD-Tags...1M...2M...3M...

Loaded 3158358 reads; formed:
  196490 stacks representing 2854178 primary reads (90.4%)
  268877 secondary stacks representing 304180 secondary reads (9.6%)

Stack coverage: mean=14.53; stdev=175.87; max=36816; n_reads=2854178(90.4%)
Removing repetitive stacks: cov > 543 (mean+3*stdev)...
  Blacklisted 9208 stacks.
Coverage after repeat removal: mean=10.85; stdev=18.51; max=540; n_reads=2031631(64.3%)

Assembling stacks (max. dist. M=1)...
  Assembled 187282 stacks into 157765; blacklisted 1865 stacks.
Coverage after assembling stacks: mean=10.57; stdev=11.80; max=542; n_reads=1645254(52.1%)

Merging secondary stacks (max. dist. N=3 from consensus)...
  Merged 116615 out of 304180 secondary reads (38.3%), 4939 merged with gapped alignments.
Coverage after merging secondary stacks: mean=11.32; stdev=12.41; max=576; n_reads=1761869(55.8%)

Assembling stacks, allowing for gaps (min. match length 80.0%)...
  Assembled 157765 stacks into 154668 stacks.
Coverage after gapped assembly: mean=11.55; stdev=12.65; max=576; n_reads=1761869(55.8%)

Merging secondary stacks, allowing for gaps (min. match length 80.0%)...
  Merged 10913 out of 187565 secondary reads (5.8%).
Coverage after merging gapped secondary stacks: mean=11.62; stdev=12.68; max=576; n_reads=1772782(56.1%)

Final number of stacks built: 154668
Final coverage: mean=11.62; stdev=12.68; max=576; n_reads=1772782(56.1%)
Calling consensus sequences and haplotypes for catalog assembly...
Writing tags, SNPs, and alleles files to '00_Data/05a_Stacks.denovo.ALL.M1n1/S_23_01195'...done.
ustacks is done.
