

-t gzfastq -f ./00_Data/03a_Demultiplex/S_23_02040.1.fq.gz -o 00_Data/05a_Stacks.denovo.ALL.M1n1/ -i 360 -m 3 --name S_23_02040 -M 1 -p 8


ustacks parameters selected:
  Input file: './00_Data/03a_Demultiplex/S_23_02040.1.fq.gz'
  Sample ID: 360
  Min depth of coverage to create a stack (m): 3
  Repeat removal algorithm: enabled
  Max distance allowed between stacks (M): 1
  Max distance allowed to align secondary reads: 3
  Max number of stacks allowed per de novo locus: 3
  Deleveraging algorithm: disabled
  Gapped assembly: enabled
  Minimum alignment length: 0.8
  Model type: SNP
  Alpha significance level for model: 0.05

Loading RAD-Tags...1M...2M...3M...4M...

Loaded 4490253 reads; formed:
  226095 stacks representing 4140286 primary reads (92.2%)
  315543 secondary stacks representing 349967 secondary reads (7.8%)

Stack coverage: mean=18.31; stdev=213.05; max=40819; n_reads=4140286(92.2%)
Removing repetitive stacks: cov > 658 (mean+3*stdev)...
  Blacklisted 11491 stacks.
Coverage after repeat removal: mean=13.73; stdev=22.29; max=655; n_reads=2946505(65.6%)

Assembling stacks (max. dist. M=1)...
  Assembled 214604 stacks into 178664; blacklisted 2072 stacks.
Coverage after assembling stacks: mean=13.67; stdev=14.57; max=632; n_reads=2409961(53.7%)

Merging secondary stacks (max. dist. N=3 from consensus)...
  Merged 152406 out of 349967 secondary reads (43.5%), 6154 merged with gapped alignments.
Coverage after merging secondary stacks: mean=14.54; stdev=15.20; max=673; n_reads=2562367(57.1%)

Assembling stacks, allowing for gaps (min. match length 80.0%)...
  Assembled 178664 stacks into 174547 stacks.
Coverage after gapped assembly: mean=14.88; stdev=15.54; max=673; n_reads=2562367(57.1%)

Merging secondary stacks, allowing for gaps (min. match length 80.0%)...
  Merged 12311 out of 197561 secondary reads (6.2%).
Coverage after merging gapped secondary stacks: mean=14.95; stdev=15.57; max=673; n_reads=2574678(57.3%)

Final number of stacks built: 174547
Final coverage: mean=14.95; stdev=15.57; max=673; n_reads=2574678(57.3%)
Calling consensus sequences and haplotypes for catalog assembly...
Writing tags, SNPs, and alleles files to '00_Data/05a_Stacks.denovo.ALL.M1n1/S_23_02040'...done.
ustacks is done.
