

-t gzfastq -f ./00_Data/03a_Demultiplex/S_23_01863.1.fq.gz -o 00_Data/05a_Stacks.denovo.ALL.M4n4/ -i 269 -m 3 --name S_23_01863 -M 4 -p 8


ustacks parameters selected:
  Input file: './00_Data/03a_Demultiplex/S_23_01863.1.fq.gz'
  Sample ID: 269
  Min depth of coverage to create a stack (m): 3
  Repeat removal algorithm: enabled
  Max distance allowed between stacks (M): 4
  Max distance allowed to align secondary reads: 6
  Max number of stacks allowed per de novo locus: 3
  Deleveraging algorithm: disabled
  Gapped assembly: enabled
  Minimum alignment length: 0.8
  Model type: SNP
  Alpha significance level for model: 0.05

Loading RAD-Tags...1M...2M...

Loaded 2185962 reads; formed:
  162586 stacks representing 1960882 primary reads (89.7%)
  191508 secondary stacks representing 225080 secondary reads (10.3%)

Stack coverage: mean=12.06; stdev=138.02; max=27155; n_reads=1960882(89.7%)
Removing repetitive stacks: cov > 427 (mean+3*stdev)...
  Blacklisted 7369 stacks.
Coverage after repeat removal: mean=8.97; stdev=15.14; max=427; n_reads=1392958(63.7%)

Assembling stacks (max. dist. M=4)...
  Assembled 155217 stacks into 108730; blacklisted 2250 stacks.
Coverage after assembling stacks: mean=8.63; stdev=9.67; max=413; n_reads=917387(42.0%)

Merging secondary stacks (max. dist. N=6 from consensus)...
  Merged 87196 out of 225080 secondary reads (38.7%), 30210 merged with gapped alignments.
Coverage after merging secondary stacks: mean=9.45; stdev=12.31; max=1868; n_reads=1004583(46.0%)

Assembling stacks, allowing for gaps (min. match length 80.0%)...
  Assembled 108730 stacks into 104605 stacks.
Coverage after gapped assembly: mean=9.84; stdev=12.86; max=1868; n_reads=1004583(46.0%)

Merging secondary stacks, allowing for gaps (min. match length 80.0%)...
  Merged 25109 out of 137884 secondary reads (18.2%).
Coverage after merging gapped secondary stacks: mean=10.08; stdev=13.72; max=1897; n_reads=1029692(47.1%)

Final number of stacks built: 104605
Final coverage: mean=10.08; stdev=13.72; max=1897; n_reads=1029692(47.1%)
Calling consensus sequences and haplotypes for catalog assembly...
Writing tags, SNPs, and alleles files to '00_Data/05a_Stacks.denovo.ALL.M4n4/S_23_01863'...done.
ustacks is done.
