

-t gzfastq -f ./00_Data/03a_Demultiplex/S_23_02210.1.fq.gz -o 00_Data/05a_Stacks.denovo.ALL.M4n4/ -i 517 -m 3 --name S_23_02210 -M 4 -p 8


ustacks parameters selected:
  Input file: './00_Data/03a_Demultiplex/S_23_02210.1.fq.gz'
  Sample ID: 517
  Min depth of coverage to create a stack (m): 3
  Repeat removal algorithm: enabled
  Max distance allowed between stacks (M): 4
  Max distance allowed to align secondary reads: 6
  Max number of stacks allowed per de novo locus: 3
  Deleveraging algorithm: disabled
  Gapped assembly: enabled
  Minimum alignment length: 0.8
  Model type: SNP
  Alpha significance level for model: 0.05

Loading RAD-Tags...1M...2M...3M...4M...

Loaded 4278285 reads; formed:
  203947 stacks representing 3966480 primary reads (92.7%)
  274290 secondary stacks representing 311805 secondary reads (7.3%)

Stack coverage: mean=19.45; stdev=262.73; max=61805; n_reads=3966480(92.7%)
Removing repetitive stacks: cov > 808 (mean+3*stdev)...
  Blacklisted 8749 stacks.
Coverage after repeat removal: mean=14.65; stdev=27.71; max=806; n_reads=2858725(66.8%)

Assembling stacks (max. dist. M=4)...
  Assembled 195198 stacks into 129998; blacklisted 3400 stacks.
Coverage after assembling stacks: mean=14.38; stdev=20.21; max=672; n_reads=1817600(42.5%)

Merging secondary stacks (max. dist. N=6 from consensus)...
  Merged 133904 out of 311805 secondary reads (42.9%), 41031 merged with gapped alignments.
Coverage after merging secondary stacks: mean=15.44; stdev=21.64; max=864; n_reads=1951504(45.6%)

Assembling stacks, allowing for gaps (min. match length 80.0%)...
  Assembled 129998 stacks into 124087 stacks.
Coverage after gapped assembly: mean=16.20; stdev=22.44; max=864; n_reads=1951504(45.6%)

Merging secondary stacks, allowing for gaps (min. match length 80.0%)...
  Merged 36031 out of 177901 secondary reads (20.3%).
Coverage after merging gapped secondary stacks: mean=16.50; stdev=24.28; max=2101; n_reads=1987535(46.5%)

Final number of stacks built: 124087
Final coverage: mean=16.50; stdev=24.28; max=2101; n_reads=1987535(46.5%)
Calling consensus sequences and haplotypes for catalog assembly...
Writing tags, SNPs, and alleles files to '00_Data/05a_Stacks.denovo.ALL.M4n4/S_23_02210'...done.
ustacks is done.
