

-t gzfastq -f ./00_Data/03a_Demultiplex/S_23_02125.1.fq.gz -o 00_Data/05a_Stacks.denovo.ALL.M1n1/ -i 435 -m 3 --name S_23_02125 -M 1 -p 8


ustacks parameters selected:
  Input file: './00_Data/03a_Demultiplex/S_23_02125.1.fq.gz'
  Sample ID: 435
  Min depth of coverage to create a stack (m): 3
  Repeat removal algorithm: enabled
  Max distance allowed between stacks (M): 1
  Max distance allowed to align secondary reads: 3
  Max number of stacks allowed per de novo locus: 3
  Deleveraging algorithm: disabled
  Gapped assembly: enabled
  Minimum alignment length: 0.8
  Model type: SNP
  Alpha significance level for model: 0.05

Loading RAD-Tags...1M...2M...3M...

Loaded 3297164 reads; formed:
  186901 stacks representing 2996862 primary reads (90.9%)
  263928 secondary stacks representing 300302 secondary reads (9.1%)

Stack coverage: mean=16.03; stdev=201.78; max=40681; n_reads=2996862(90.9%)
Removing repetitive stacks: cov > 622 (mean+3*stdev)...
  Blacklisted 9090 stacks.
Coverage after repeat removal: mean=11.75; stdev=20.91; max=622; n_reads=2090144(63.4%)

Assembling stacks (max. dist. M=1)...
  Assembled 177811 stacks into 149290; blacklisted 1768 stacks.
Coverage after assembling stacks: mean=11.44; stdev=13.39; max=645; n_reads=1685598(51.1%)

Merging secondary stacks (max. dist. N=3 from consensus)...
  Merged 110526 out of 300302 secondary reads (36.8%), 4973 merged with gapped alignments.
Coverage after merging secondary stacks: mean=12.19; stdev=13.98; max=660; n_reads=1796124(54.5%)

Assembling stacks, allowing for gaps (min. match length 80.0%)...
  Assembled 149290 stacks into 146395 stacks.
Coverage after gapped assembly: mean=12.44; stdev=14.23; max=660; n_reads=1796124(54.5%)

Merging secondary stacks, allowing for gaps (min. match length 80.0%)...
  Merged 11270 out of 189776 secondary reads (5.9%).
Coverage after merging gapped secondary stacks: mean=12.52; stdev=14.28; max=699; n_reads=1807394(54.8%)

Final number of stacks built: 146395
Final coverage: mean=12.52; stdev=14.28; max=699; n_reads=1807394(54.8%)
Calling consensus sequences and haplotypes for catalog assembly...
Writing tags, SNPs, and alleles files to '00_Data/05a_Stacks.denovo.ALL.M1n1/S_23_02125'...done.
ustacks is done.
