

-t gzfastq -f ./00_Data/03a_Demultiplex/S_23_01124.1.fq.gz -o 00_Data/05a_Stacks.denovo.ALL.M1n1/ -i 102 -m 3 --name S_23_01124 -M 1 -p 8


ustacks parameters selected:
  Input file: './00_Data/03a_Demultiplex/S_23_01124.1.fq.gz'
  Sample ID: 102
  Min depth of coverage to create a stack (m): 3
  Repeat removal algorithm: enabled
  Max distance allowed between stacks (M): 1
  Max distance allowed to align secondary reads: 3
  Max number of stacks allowed per de novo locus: 3
  Deleveraging algorithm: disabled
  Gapped assembly: enabled
  Minimum alignment length: 0.8
  Model type: SNP
  Alpha significance level for model: 0.05

Loading RAD-Tags...1M...2M...3M...

Loaded 3375268 reads; formed:
  181399 stacks representing 3141464 primary reads (93.1%)
  210714 secondary stacks representing 233804 secondary reads (6.9%)

Stack coverage: mean=17.32; stdev=203.81; max=33709; n_reads=3141464(93.1%)
Removing repetitive stacks: cov > 629 (mean+3*stdev)...
  Blacklisted 9166 stacks.
Coverage after repeat removal: mean=12.72; stdev=21.65; max=629; n_reads=2190837(64.9%)

Assembling stacks (max. dist. M=1)...
  Assembled 172233 stacks into 144039; blacklisted 1661 stacks.
Coverage after assembling stacks: mean=12.50; stdev=14.19; max=593; n_reads=1777115(52.7%)

Merging secondary stacks (max. dist. N=3 from consensus)...
  Merged 106859 out of 233804 secondary reads (45.7%), 4470 merged with gapped alignments.
Coverage after merging secondary stacks: mean=13.26; stdev=14.76; max=614; n_reads=1883974(55.8%)

Assembling stacks, allowing for gaps (min. match length 80.0%)...
  Assembled 144039 stacks into 141124 stacks.
Coverage after gapped assembly: mean=13.53; stdev=15.04; max=614; n_reads=1883974(55.8%)

Merging secondary stacks, allowing for gaps (min. match length 80.0%)...
  Merged 8676 out of 126945 secondary reads (6.8%).
Coverage after merging gapped secondary stacks: mean=13.60; stdev=15.09; max=648; n_reads=1892650(56.1%)

Final number of stacks built: 141124
Final coverage: mean=13.60; stdev=15.09; max=648; n_reads=1892650(56.1%)
Calling consensus sequences and haplotypes for catalog assembly...
Writing tags, SNPs, and alleles files to '00_Data/05a_Stacks.denovo.ALL.M1n1/S_23_01124'...done.
ustacks is done.
