

-t gzfastq -f ./00_Data/03a_Demultiplex/S_23_02145.1.fq.gz -o 00_Data/05a_Stacks.denovo.ALL.M1n1/ -i 454 -m 3 --name S_23_02145 -M 1 -p 8


ustacks parameters selected:
  Input file: './00_Data/03a_Demultiplex/S_23_02145.1.fq.gz'
  Sample ID: 454
  Min depth of coverage to create a stack (m): 3
  Repeat removal algorithm: enabled
  Max distance allowed between stacks (M): 1
  Max distance allowed to align secondary reads: 3
  Max number of stacks allowed per de novo locus: 3
  Deleveraging algorithm: disabled
  Gapped assembly: enabled
  Minimum alignment length: 0.8
  Model type: SNP
  Alpha significance level for model: 0.05

Loading RAD-Tags...1M...2M...3M...4M...

Loaded 4183116 reads; formed:
  200551 stacks representing 3874058 primary reads (92.6%)
  280119 secondary stacks representing 309058 secondary reads (7.4%)

Stack coverage: mean=19.32; stdev=240.27; max=43875; n_reads=3874058(92.6%)
Removing repetitive stacks: cov > 741 (mean+3*stdev)...
  Blacklisted 10220 stacks.
Coverage after repeat removal: mean=14.17; stdev=24.56; max=738; n_reads=2697372(64.5%)

Assembling stacks (max. dist. M=1)...
  Assembled 190331 stacks into 158140; blacklisted 1892 stacks.
Coverage after assembling stacks: mean=14.00; stdev=15.47; max=731; n_reads=2184409(52.2%)

Merging secondary stacks (max. dist. N=3 from consensus)...
  Merged 132299 out of 309058 secondary reads (42.8%), 5502 merged with gapped alignments.
Coverage after merging secondary stacks: mean=14.85; stdev=16.09; max=747; n_reads=2316708(55.4%)

Assembling stacks, allowing for gaps (min. match length 80.0%)...
  Assembled 158140 stacks into 154545 stacks.
Coverage after gapped assembly: mean=15.20; stdev=16.47; max=762; n_reads=2316708(55.4%)

Merging secondary stacks, allowing for gaps (min. match length 80.0%)...
  Merged 10642 out of 176759 secondary reads (6.0%).
Coverage after merging gapped secondary stacks: mean=15.27; stdev=16.49; max=762; n_reads=2327350(55.6%)

Final number of stacks built: 154545
Final coverage: mean=15.27; stdev=16.49; max=762; n_reads=2327350(55.6%)
Calling consensus sequences and haplotypes for catalog assembly...
Writing tags, SNPs, and alleles files to '00_Data/05a_Stacks.denovo.ALL.M1n1/S_23_02145'...done.
ustacks is done.
