

-t gzfastq -f ./00_Data/03a_Demultiplex/S_23_00979.1.fq.gz -o 00_Data/05a_Stacks.denovo.ALL.M4n4/ -i 1 -m 3 --name S_23_00979 -M 4 -p 8


ustacks parameters selected:
  Input file: './00_Data/03a_Demultiplex/S_23_00979.1.fq.gz'
  Sample ID: 1
  Min depth of coverage to create a stack (m): 3
  Repeat removal algorithm: enabled
  Max distance allowed between stacks (M): 4
  Max distance allowed to align secondary reads: 6
  Max number of stacks allowed per de novo locus: 3
  Deleveraging algorithm: disabled
  Gapped assembly: enabled
  Minimum alignment length: 0.8
  Model type: SNP
  Alpha significance level for model: 0.05

Loading RAD-Tags...1M...2M...

Loaded 2468092 reads; formed:
  183473 stacks representing 2217508 primary reads (89.8%)
  214450 secondary stacks representing 250584 secondary reads (10.2%)

Stack coverage: mean=12.09; stdev=138.61; max=26622; n_reads=2217508(89.8%)
Removing repetitive stacks: cov > 428 (mean+3*stdev)...
  Blacklisted 8784 stacks.
Coverage after repeat removal: mean=9.00; stdev=15.02; max=428; n_reads=1573019(63.7%)

Assembling stacks (max. dist. M=4)...
  Assembled 174689 stacks into 122097; blacklisted 2589 stacks.
Coverage after assembling stacks: mean=8.64; stdev=9.27; max=418; n_reads=1030331(41.7%)

Merging secondary stacks (max. dist. N=6 from consensus)...
  Merged 102803 out of 250584 secondary reads (41.0%), 36252 merged with gapped alignments.
Coverage after merging secondary stacks: mean=9.50; stdev=11.98; max=1617; n_reads=1133134(45.9%)

Assembling stacks, allowing for gaps (min. match length 80.0%)...
  Assembled 122097 stacks into 117348 stacks.
Coverage after gapped assembly: mean=9.90; stdev=12.55; max=1617; n_reads=1133134(45.9%)

Merging secondary stacks, allowing for gaps (min. match length 80.0%)...
  Merged 28937 out of 147781 secondary reads (19.6%).
Coverage after merging gapped secondary stacks: mean=10.15; stdev=13.93; max=1621; n_reads=1162071(47.1%)

Final number of stacks built: 117348
Final coverage: mean=10.15; stdev=13.93; max=1621; n_reads=1162071(47.1%)
Calling consensus sequences and haplotypes for catalog assembly...
Writing tags, SNPs, and alleles files to '00_Data/05a_Stacks.denovo.ALL.M4n4/S_23_00979'...done.
ustacks is done.
