

-t gzfastq -f ./00_Data/03a_Demultiplex/S_23_02163.1.fq.gz -o 00_Data/05a_Stacks.denovo.ALL.M1n1/ -i 473 -m 3 --name S_23_02163 -M 1 -p 8


ustacks parameters selected:
  Input file: './00_Data/03a_Demultiplex/S_23_02163.1.fq.gz'
  Sample ID: 473
  Min depth of coverage to create a stack (m): 3
  Repeat removal algorithm: enabled
  Max distance allowed between stacks (M): 1
  Max distance allowed to align secondary reads: 3
  Max number of stacks allowed per de novo locus: 3
  Deleveraging algorithm: disabled
  Gapped assembly: enabled
  Minimum alignment length: 0.8
  Model type: SNP
  Alpha significance level for model: 0.05

Loading RAD-Tags...1M...2M...

Loaded 2973671 reads; formed:
  185175 stacks representing 2693258 primary reads (90.6%)
  241205 secondary stacks representing 280413 secondary reads (9.4%)

Stack coverage: mean=14.54; stdev=188.53; max=41262; n_reads=2693258(90.6%)
Removing repetitive stacks: cov > 581 (mean+3*stdev)...
  Blacklisted 7917 stacks.
Coverage after repeat removal: mean=10.82; stdev=19.50; max=581; n_reads=1917269(64.5%)

Assembling stacks (max. dist. M=1)...
  Assembled 177258 stacks into 149541; blacklisted 1707 stacks.
Coverage after assembling stacks: mean=10.50; stdev=12.39; max=585; n_reads=1550084(52.1%)

Merging secondary stacks (max. dist. N=3 from consensus)...
  Merged 92486 out of 280413 secondary reads (33.0%), 4011 merged with gapped alignments.
Coverage after merging secondary stacks: mean=11.13; stdev=12.87; max=638; n_reads=1642570(55.2%)

Assembling stacks, allowing for gaps (min. match length 80.0%)...
  Assembled 149541 stacks into 146723 stacks.
Coverage after gapped assembly: mean=11.34; stdev=13.17; max=775; n_reads=1642570(55.2%)

Merging secondary stacks, allowing for gaps (min. match length 80.0%)...
  Merged 10526 out of 187927 secondary reads (5.6%).
Coverage after merging gapped secondary stacks: mean=11.42; stdev=13.20; max=775; n_reads=1653096(55.6%)

Final number of stacks built: 146723
Final coverage: mean=11.42; stdev=13.20; max=775; n_reads=1653096(55.6%)
Calling consensus sequences and haplotypes for catalog assembly...
Writing tags, SNPs, and alleles files to '00_Data/05a_Stacks.denovo.ALL.M1n1/S_23_02163'...done.
ustacks is done.
