

-t gzfastq -f ./00_Data/03a_Demultiplex/S_23_01070.1.fq.gz -o 00_Data/05a_Stacks.denovo.ALL.M4n4/ -i 62 -m 3 --name S_23_01070 -M 4 -p 8


ustacks parameters selected:
  Input file: './00_Data/03a_Demultiplex/S_23_01070.1.fq.gz'
  Sample ID: 62
  Min depth of coverage to create a stack (m): 3
  Repeat removal algorithm: enabled
  Max distance allowed between stacks (M): 4
  Max distance allowed to align secondary reads: 6
  Max number of stacks allowed per de novo locus: 3
  Deleveraging algorithm: disabled
  Gapped assembly: enabled
  Minimum alignment length: 0.8
  Model type: SNP
  Alpha significance level for model: 0.05

Loading RAD-Tags...1M...2M...

Loaded 2122180 reads; formed:
  159637 stacks representing 1902953 primary reads (89.7%)
  185007 secondary stacks representing 219227 secondary reads (10.3%)

Stack coverage: mean=11.92; stdev=122.27; max=18069; n_reads=1902953(89.7%)
Removing repetitive stacks: cov > 379 (mean+3*stdev)...
  Blacklisted 7640 stacks.
Coverage after repeat removal: mean=8.90; stdev=14.65; max=379; n_reads=1352088(63.7%)

Assembling stacks (max. dist. M=4)...
  Assembled 151997 stacks into 105524; blacklisted 2314 stacks.
Coverage after assembling stacks: mean=8.58; stdev=9.90; max=437; n_reads=882921(41.6%)

Merging secondary stacks (max. dist. N=6 from consensus)...
  Merged 86582 out of 219227 secondary reads (39.5%), 28564 merged with gapped alignments.
Coverage after merging secondary stacks: mean=9.42; stdev=11.35; max=509; n_reads=969503(45.7%)

Assembling stacks, allowing for gaps (min. match length 80.0%)...
  Assembled 105524 stacks into 101561 stacks.
Coverage after gapped assembly: mean=9.79; stdev=12.00; max=509; n_reads=969503(45.7%)

Merging secondary stacks, allowing for gaps (min. match length 80.0%)...
  Merged 26971 out of 132645 secondary reads (20.3%).
Coverage after merging gapped secondary stacks: mean=10.07; stdev=13.49; max=1037; n_reads=996474(47.0%)

Final number of stacks built: 101561
Final coverage: mean=10.07; stdev=13.49; max=1037; n_reads=996474(47.0%)
Calling consensus sequences and haplotypes for catalog assembly...
Writing tags, SNPs, and alleles files to '00_Data/05a_Stacks.denovo.ALL.M4n4/S_23_01070'...done.
ustacks is done.
