

-t gzfastq -f ./00_Data/03a_Demultiplex/S_23_01046.1.fq.gz -o 00_Data/05a_Stacks.denovo.ALL.M4n4/ -i 38 -m 3 --name S_23_01046 -M 4 -p 8


ustacks parameters selected:
  Input file: './00_Data/03a_Demultiplex/S_23_01046.1.fq.gz'
  Sample ID: 38
  Min depth of coverage to create a stack (m): 3
  Repeat removal algorithm: enabled
  Max distance allowed between stacks (M): 4
  Max distance allowed to align secondary reads: 6
  Max number of stacks allowed per de novo locus: 3
  Deleveraging algorithm: disabled
  Gapped assembly: enabled
  Minimum alignment length: 0.8
  Model type: SNP
  Alpha significance level for model: 0.05

Loading RAD-Tags...1M...2M...3M...4M...

Loaded 4808922 reads; formed:
  225062 stacks representing 4413543 primary reads (91.8%)
  352702 secondary stacks representing 395379 secondary reads (8.2%)

Stack coverage: mean=19.61; stdev=244.18; max=52221; n_reads=4413543(91.8%)
Removing repetitive stacks: cov > 753 (mean+3*stdev)...
  Blacklisted 11069 stacks.
Coverage after repeat removal: mean=14.47; stdev=25.51; max=753; n_reads=3096027(64.4%)

Assembling stacks (max. dist. M=4)...
  Assembled 213993 stacks into 145890; blacklisted 3251 stacks.
Coverage after assembling stacks: mean=14.06; stdev=16.55; max=733; n_reads=2001140(41.6%)

Merging secondary stacks (max. dist. N=6 from consensus)...
  Merged 166408 out of 395379 secondary reads (42.1%), 56788 merged with gapped alignments.
Coverage after merging secondary stacks: mean=15.23; stdev=18.86; max=2079; n_reads=2167548(45.1%)

Assembling stacks, allowing for gaps (min. match length 80.0%)...
  Assembled 145890 stacks into 138539 stacks.
Coverage after gapped assembly: mean=16.06; stdev=19.78; max=2079; n_reads=2167548(45.1%)

Merging secondary stacks, allowing for gaps (min. match length 80.0%)...
  Merged 42249 out of 228971 secondary reads (18.5%).
Coverage after merging gapped secondary stacks: mean=16.37; stdev=20.65; max=2079; n_reads=2209797(46.0%)

Final number of stacks built: 138539
Final coverage: mean=16.37; stdev=20.65; max=2079; n_reads=2209797(46.0%)
Calling consensus sequences and haplotypes for catalog assembly...
Writing tags, SNPs, and alleles files to '00_Data/05a_Stacks.denovo.ALL.M4n4/S_23_01046'...done.
ustacks is done.
