

-t gzfastq -f ./00_Data/03a_Demultiplex/S_23_02195.1.fq.gz -o 00_Data/05a_Stacks.denovo.ALL.M1n1/ -i 503 -m 3 --name S_23_02195 -M 1 -p 8


ustacks parameters selected:
  Input file: './00_Data/03a_Demultiplex/S_23_02195.1.fq.gz'
  Sample ID: 503
  Min depth of coverage to create a stack (m): 3
  Repeat removal algorithm: enabled
  Max distance allowed between stacks (M): 1
  Max distance allowed to align secondary reads: 3
  Max number of stacks allowed per de novo locus: 3
  Deleveraging algorithm: disabled
  Gapped assembly: enabled
  Minimum alignment length: 0.8
  Model type: SNP
  Alpha significance level for model: 0.05

Loading RAD-Tags...1M...2M...

Loaded 2138778 reads; formed:
  142184 stacks representing 1887337 primary reads (88.2%)
  211366 secondary stacks representing 251441 secondary reads (11.8%)

Stack coverage: mean=13.27; stdev=181.51; max=37860; n_reads=1887337(88.2%)
Removing repetitive stacks: cov > 558 (mean+3*stdev)...
  Blacklisted 6163 stacks.
Coverage after repeat removal: mean=9.83; stdev=19.53; max=554; n_reads=1337465(62.5%)

Assembling stacks (max. dist. M=1)...
  Assembled 136021 stacks into 115146; blacklisted 1457 stacks.
Coverage after assembling stacks: mean=9.47; stdev=14.70; max=577; n_reads=1075586(50.3%)

Merging secondary stacks (max. dist. N=3 from consensus)...
  Merged 76916 out of 251441 secondary reads (30.6%), 3004 merged with gapped alignments.
Coverage after merging secondary stacks: mean=10.15; stdev=15.41; max=592; n_reads=1152502(53.9%)

Assembling stacks, allowing for gaps (min. match length 80.0%)...
  Assembled 115146 stacks into 113476 stacks.
Coverage after gapped assembly: mean=10.30; stdev=15.62; max=592; n_reads=1152502(53.9%)

Merging secondary stacks, allowing for gaps (min. match length 80.0%)...
  Merged 8579 out of 174525 secondary reads (4.9%).
Coverage after merging gapped secondary stacks: mean=10.38; stdev=15.65; max=592; n_reads=1161081(54.3%)

Final number of stacks built: 113476
Final coverage: mean=10.38; stdev=15.65; max=592; n_reads=1161081(54.3%)
Calling consensus sequences and haplotypes for catalog assembly...
Writing tags, SNPs, and alleles files to '00_Data/05a_Stacks.denovo.ALL.M1n1/S_23_02195'...done.
ustacks is done.
