

-t gzfastq -f ./00_Data/03a_Demultiplex/S_23_01911.1.fq.gz -o 00_Data/05a_Stacks.denovo.ALL.M4n4/ -i 302 -m 3 --name S_23_01911 -M 4 -p 8


ustacks parameters selected:
  Input file: './00_Data/03a_Demultiplex/S_23_01911.1.fq.gz'
  Sample ID: 302
  Min depth of coverage to create a stack (m): 3
  Repeat removal algorithm: enabled
  Max distance allowed between stacks (M): 4
  Max distance allowed to align secondary reads: 6
  Max number of stacks allowed per de novo locus: 3
  Deleveraging algorithm: disabled
  Gapped assembly: enabled
  Minimum alignment length: 0.8
  Model type: SNP
  Alpha significance level for model: 0.05

Loading RAD-Tags...1M...2M...3M...

Loaded 3503280 reads; formed:
  204072 stacks representing 3183477 primary reads (90.9%)
  281597 secondary stacks representing 319803 secondary reads (9.1%)

Stack coverage: mean=15.60; stdev=205.59; max=46225; n_reads=3183477(90.9%)
Removing repetitive stacks: cov > 633 (mean+3*stdev)...
  Blacklisted 9283 stacks.
Coverage after repeat removal: mean=11.63; stdev=20.94; max=631; n_reads=2266309(64.7%)

Assembling stacks (max. dist. M=4)...
  Assembled 194789 stacks into 132712; blacklisted 2927 stacks.
Coverage after assembling stacks: mean=11.17; stdev=12.15; max=641; n_reads=1447213(41.3%)

Merging secondary stacks (max. dist. N=6 from consensus)...
  Merged 127033 out of 319803 secondary reads (39.7%), 41965 merged with gapped alignments.
Coverage after merging secondary stacks: mean=12.15; stdev=13.69; max=738; n_reads=1574246(44.9%)

Assembling stacks, allowing for gaps (min. match length 80.0%)...
  Assembled 132712 stacks into 126548 stacks.
Coverage after gapped assembly: mean=12.76; stdev=14.37; max=738; n_reads=1574246(44.9%)

Merging secondary stacks, allowing for gaps (min. match length 80.0%)...
  Merged 33814 out of 192770 secondary reads (17.5%).
Coverage after merging gapped secondary stacks: mean=13.03; stdev=15.93; max=1365; n_reads=1608060(45.9%)

Final number of stacks built: 126548
Final coverage: mean=13.03; stdev=15.93; max=1365; n_reads=1608060(45.9%)
Calling consensus sequences and haplotypes for catalog assembly...
Writing tags, SNPs, and alleles files to '00_Data/05a_Stacks.denovo.ALL.M4n4/S_23_01911'...done.
ustacks is done.
