

-t gzfastq -f ./00_Data/03a_Demultiplex/S_23_02053.1.fq.gz -o 00_Data/05a_Stacks.denovo.ALL.M4n4/ -i 373 -m 3 --name S_23_02053 -M 4 -p 8


ustacks parameters selected:
  Input file: './00_Data/03a_Demultiplex/S_23_02053.1.fq.gz'
  Sample ID: 373
  Min depth of coverage to create a stack (m): 3
  Repeat removal algorithm: enabled
  Max distance allowed between stacks (M): 4
  Max distance allowed to align secondary reads: 6
  Max number of stacks allowed per de novo locus: 3
  Deleveraging algorithm: disabled
  Gapped assembly: enabled
  Minimum alignment length: 0.8
  Model type: SNP
  Alpha significance level for model: 0.05

Loading RAD-Tags...1M...

Loaded 1122085 reads; formed:
  100992 stacks representing 926578 primary reads (82.6%)
  157278 secondary stacks representing 195507 secondary reads (17.4%)

Stack coverage: mean=9.17; stdev=69.69; max=8946; n_reads=926578(82.6%)
Removing repetitive stacks: cov > 219 (mean+3*stdev)...
  Blacklisted 5122 stacks.
Coverage after repeat removal: mean=6.90; stdev=9.71; max=218; n_reads=661450(58.9%)

Assembling stacks (max. dist. M=4)...
  Assembled 95870 stacks into 68174; blacklisted 1569 stacks.
Coverage after assembling stacks: mean=6.71; stdev=7.80; max=272; n_reads=445412(39.7%)

Merging secondary stacks (max. dist. N=6 from consensus)...
  Merged 57298 out of 195507 secondary reads (29.3%), 21212 merged with gapped alignments.
Coverage after merging secondary stacks: mean=7.57; stdev=11.13; max=1061; n_reads=502710(44.8%)

Assembling stacks, allowing for gaps (min. match length 80.0%)...
  Assembled 68174 stacks into 65917 stacks.
Coverage after gapped assembly: mean=7.84; stdev=11.61; max=1061; n_reads=502710(44.8%)

Merging secondary stacks, allowing for gaps (min. match length 80.0%)...
  Merged 21431 out of 138209 secondary reads (15.5%).
Coverage after merging gapped secondary stacks: mean=8.17; stdev=13.48; max=1216; n_reads=524141(46.7%)

Final number of stacks built: 65917
Final coverage: mean=8.17; stdev=13.48; max=1216; n_reads=524141(46.7%)
Calling consensus sequences and haplotypes for catalog assembly...
Writing tags, SNPs, and alleles files to '00_Data/05a_Stacks.denovo.ALL.M4n4/S_23_02053'...done.
ustacks is done.
