

-t gzfastq -f ./00_Data/03a_Demultiplex/S_23_02186.1.fq.gz -o 00_Data/05a_Stacks.denovo.ALL.M1n1/ -i 494 -m 3 --name S_23_02186 -M 1 -p 8


ustacks parameters selected:
  Input file: './00_Data/03a_Demultiplex/S_23_02186.1.fq.gz'
  Sample ID: 494
  Min depth of coverage to create a stack (m): 3
  Repeat removal algorithm: enabled
  Max distance allowed between stacks (M): 1
  Max distance allowed to align secondary reads: 3
  Max number of stacks allowed per de novo locus: 3
  Deleveraging algorithm: disabled
  Gapped assembly: enabled
  Minimum alignment length: 0.8
  Model type: SNP
  Alpha significance level for model: 0.05

Loading RAD-Tags...1M...2M...

Loaded 2284895 reads; formed:
  162283 stacks representing 2068634 primary reads (90.5%)
  187686 secondary stacks representing 216261 secondary reads (9.5%)

Stack coverage: mean=12.75; stdev=156.12; max=28842; n_reads=2068634(90.5%)
Removing repetitive stacks: cov > 482 (mean+3*stdev)...
  Blacklisted 7419 stacks.
Coverage after repeat removal: mean=9.38; stdev=16.62; max=482; n_reads=1452878(63.6%)

Assembling stacks (max. dist. M=1)...
  Assembled 154864 stacks into 131130; blacklisted 1480 stacks.
Coverage after assembling stacks: mean=9.07; stdev=10.35; max=484; n_reads=1174412(51.4%)

Merging secondary stacks (max. dist. N=3 from consensus)...
  Merged 82190 out of 216261 secondary reads (38.0%), 3242 merged with gapped alignments.
Coverage after merging secondary stacks: mean=9.71; stdev=10.85; max=504; n_reads=1256602(55.0%)

Assembling stacks, allowing for gaps (min. match length 80.0%)...
  Assembled 131130 stacks into 128958 stacks.
Coverage after gapped assembly: mean=9.87; stdev=11.08; max=546; n_reads=1256602(55.0%)

Merging secondary stacks, allowing for gaps (min. match length 80.0%)...
  Merged 8056 out of 134071 secondary reads (6.0%).
Coverage after merging gapped secondary stacks: mean=9.94; stdev=11.12; max=547; n_reads=1264658(55.3%)

Final number of stacks built: 128958
Final coverage: mean=9.94; stdev=11.12; max=547; n_reads=1264658(55.3%)
Calling consensus sequences and haplotypes for catalog assembly...
Writing tags, SNPs, and alleles files to '00_Data/05a_Stacks.denovo.ALL.M1n1/S_23_02186'...done.
ustacks is done.
