

-t gzfastq -f ./00_Data/03a_Demultiplex/S_23_02164.1.fq.gz -o 00_Data/05a_Stacks.denovo.ALL.M4n4/ -i 474 -m 3 --name S_23_02164 -M 4 -p 8


ustacks parameters selected:
  Input file: './00_Data/03a_Demultiplex/S_23_02164.1.fq.gz'
  Sample ID: 474
  Min depth of coverage to create a stack (m): 3
  Repeat removal algorithm: enabled
  Max distance allowed between stacks (M): 4
  Max distance allowed to align secondary reads: 6
  Max number of stacks allowed per de novo locus: 3
  Deleveraging algorithm: disabled
  Gapped assembly: enabled
  Minimum alignment length: 0.8
  Model type: SNP
  Alpha significance level for model: 0.05

Loading RAD-Tags...1M...

Loaded 1244045 reads; formed:
  111873 stacks representing 1051437 primary reads (84.5%)
  155504 secondary stacks representing 192608 secondary reads (15.5%)

Stack coverage: mean=9.40; stdev=101.53; max=17733; n_reads=1051437(84.5%)
Removing repetitive stacks: cov > 314 (mean+3*stdev)...
  Blacklisted 4951 stacks.
Coverage after repeat removal: mean=7.01; stdev=11.80; max=314; n_reads=749464(60.2%)

Assembling stacks (max. dist. M=4)...
  Assembled 106922 stacks into 76151; blacklisted 1568 stacks.
Coverage after assembling stacks: mean=6.65; stdev=7.90; max=329; n_reads=495007(39.8%)

Merging secondary stacks (max. dist. N=6 from consensus)...
  Merged 58331 out of 192608 secondary reads (30.3%), 21808 merged with gapped alignments.
Coverage after merging secondary stacks: mean=7.43; stdev=10.15; max=960; n_reads=553338(44.5%)

Assembling stacks, allowing for gaps (min. match length 80.0%)...
  Assembled 76151 stacks into 73806 stacks.
Coverage after gapped assembly: mean=7.68; stdev=10.61; max=960; n_reads=553338(44.5%)

Merging secondary stacks, allowing for gaps (min. match length 80.0%)...
  Merged 21216 out of 134277 secondary reads (15.8%).
Coverage after merging gapped secondary stacks: mean=7.97; stdev=12.18; max=1073; n_reads=574554(46.2%)

Final number of stacks built: 73806
Final coverage: mean=7.97; stdev=12.18; max=1073; n_reads=574554(46.2%)
Calling consensus sequences and haplotypes for catalog assembly...
Writing tags, SNPs, and alleles files to '00_Data/05a_Stacks.denovo.ALL.M4n4/S_23_02164'...done.
ustacks is done.
