

-t gzfastq -f ./00_Data/03a_Demultiplex/S_23_01106.1.fq.gz -o 00_Data/05a_Stacks.denovo.ALL.M1n1/ -i 84 -m 3 --name S_23_01106 -M 1 -p 8


ustacks parameters selected:
  Input file: './00_Data/03a_Demultiplex/S_23_01106.1.fq.gz'
  Sample ID: 84
  Min depth of coverage to create a stack (m): 3
  Repeat removal algorithm: enabled
  Max distance allowed between stacks (M): 1
  Max distance allowed to align secondary reads: 3
  Max number of stacks allowed per de novo locus: 3
  Deleveraging algorithm: disabled
  Gapped assembly: enabled
  Minimum alignment length: 0.8
  Model type: SNP
  Alpha significance level for model: 0.05

Loading RAD-Tags...1M...2M...3M...4M...

Loaded 4357481 reads; formed:
  218198 stacks representing 3999852 primary reads (91.8%)
  316672 secondary stacks representing 357629 secondary reads (8.2%)

Stack coverage: mean=18.33; stdev=235.56; max=53721; n_reads=3999852(91.8%)
Removing repetitive stacks: cov > 726 (mean+3*stdev)...
  Blacklisted 10365 stacks.
Coverage after repeat removal: mean=13.53; stdev=23.42; max=703; n_reads=2812965(64.6%)

Assembling stacks (max. dist. M=1)...
  Assembled 207833 stacks into 174065; blacklisted 2033 stacks.
Coverage after assembling stacks: mean=13.30; stdev=14.66; max=668; n_reads=2284014(52.4%)

Merging secondary stacks (max. dist. N=3 from consensus)...
  Merged 128996 out of 357629 secondary reads (36.1%), 6127 merged with gapped alignments.
Coverage after merging secondary stacks: mean=14.05; stdev=15.20; max=730; n_reads=2413010(55.4%)

Assembling stacks, allowing for gaps (min. match length 80.0%)...
  Assembled 174065 stacks into 170315 stacks.
Coverage after gapped assembly: mean=14.36; stdev=15.57; max=734; n_reads=2413010(55.4%)

Merging secondary stacks, allowing for gaps (min. match length 80.0%)...
  Merged 12845 out of 228633 secondary reads (5.6%).
Coverage after merging gapped secondary stacks: mean=14.44; stdev=15.59; max=734; n_reads=2425855(55.7%)

Final number of stacks built: 170315
Final coverage: mean=14.44; stdev=15.59; max=734; n_reads=2425855(55.7%)
Calling consensus sequences and haplotypes for catalog assembly...
Writing tags, SNPs, and alleles files to '00_Data/05a_Stacks.denovo.ALL.M1n1/S_23_01106'...done.
ustacks is done.
