

-t gzfastq -f ./00_Data/03a_Demultiplex/S_23_02176.1.fq.gz -o 00_Data/05a_Stacks.denovo.ALL.M1n1/ -i 486 -m 3 --name S_23_02176 -M 1 -p 8


ustacks parameters selected:
  Input file: './00_Data/03a_Demultiplex/S_23_02176.1.fq.gz'
  Sample ID: 486
  Min depth of coverage to create a stack (m): 3
  Repeat removal algorithm: enabled
  Max distance allowed between stacks (M): 1
  Max distance allowed to align secondary reads: 3
  Max number of stacks allowed per de novo locus: 3
  Deleveraging algorithm: disabled
  Gapped assembly: enabled
  Minimum alignment length: 0.8
  Model type: SNP
  Alpha significance level for model: 0.05

Loading RAD-Tags...1M...2M...3M...4M...

Loaded 4780492 reads; formed:
  224041 stacks representing 4446850 primary reads (93.0%)
  304059 secondary stacks representing 333642 secondary reads (7.0%)

Stack coverage: mean=19.85; stdev=256.67; max=56961; n_reads=4446850(93.0%)
Removing repetitive stacks: cov > 790 (mean+3*stdev)...
  Blacklisted 11065 stacks.
Coverage after repeat removal: mean=14.82; stdev=25.51; max=789; n_reads=3156393(66.0%)

Assembling stacks (max. dist. M=1)...
  Assembled 212976 stacks into 176345; blacklisted 2128 stacks.
Coverage after assembling stacks: mean=14.74; stdev=16.12; max=816; n_reads=2563834(53.6%)

Merging secondary stacks (max. dist. N=3 from consensus)...
  Merged 152239 out of 333642 secondary reads (45.6%), 6238 merged with gapped alignments.
Coverage after merging secondary stacks: mean=15.61; stdev=16.75; max=839; n_reads=2716073(56.8%)

Assembling stacks, allowing for gaps (min. match length 80.0%)...
  Assembled 176345 stacks into 172134 stacks.
Coverage after gapped assembly: mean=16.00; stdev=17.16; max=914; n_reads=2716073(56.8%)

Merging secondary stacks, allowing for gaps (min. match length 80.0%)...
  Merged 12203 out of 181403 secondary reads (6.7%).
Coverage after merging gapped secondary stacks: mean=16.07; stdev=17.19; max=914; n_reads=2728276(57.1%)

Final number of stacks built: 172134
Final coverage: mean=16.07; stdev=17.19; max=914; n_reads=2728276(57.1%)
Calling consensus sequences and haplotypes for catalog assembly...
Writing tags, SNPs, and alleles files to '00_Data/05a_Stacks.denovo.ALL.M1n1/S_23_02176'...done.
ustacks is done.
