

-t gzfastq -f ./00_Data/03a_Demultiplex/S_23_01798.1.fq.gz -o 00_Data/05a_Stacks.denovo.ALL.M1n1/ -i 221 -m 3 --name S_23_01798 -M 1 -p 8


ustacks parameters selected:
  Input file: './00_Data/03a_Demultiplex/S_23_01798.1.fq.gz'
  Sample ID: 221
  Min depth of coverage to create a stack (m): 3
  Repeat removal algorithm: enabled
  Max distance allowed between stacks (M): 1
  Max distance allowed to align secondary reads: 3
  Max number of stacks allowed per de novo locus: 3
  Deleveraging algorithm: disabled
  Gapped assembly: enabled
  Minimum alignment length: 0.8
  Model type: SNP
  Alpha significance level for model: 0.05

Loading RAD-Tags...1M...2M...3M...4M...

Loaded 4513322 reads; formed:
  205555 stacks representing 4150017 primary reads (92.0%)
  329154 secondary stacks representing 363305 secondary reads (8.0%)

Stack coverage: mean=20.19; stdev=300.04; max=70649; n_reads=4150017(92.0%)
Removing repetitive stacks: cov > 921 (mean+3*stdev)...
  Blacklisted 9311 stacks.
Coverage after repeat removal: mean=14.77; stdev=28.63; max=918; n_reads=2899326(64.2%)

Assembling stacks (max. dist. M=1)...
  Assembled 196244 stacks into 161958; blacklisted 1940 stacks.
Coverage after assembling stacks: mean=14.37; stdev=16.04; max=840; n_reads=2296338(50.9%)

Merging secondary stacks (max. dist. N=3 from consensus)...
  Merged 155362 out of 363305 secondary reads (42.8%), 6385 merged with gapped alignments.
Coverage after merging secondary stacks: mean=15.34; stdev=16.77; max=874; n_reads=2451700(54.3%)

Assembling stacks, allowing for gaps (min. match length 80.0%)...
  Assembled 161958 stacks into 158541 stacks.
Coverage after gapped assembly: mean=15.68; stdev=17.14; max=878; n_reads=2451700(54.3%)

Merging secondary stacks, allowing for gaps (min. match length 80.0%)...
  Merged 11947 out of 207943 secondary reads (5.7%).
Coverage after merging gapped secondary stacks: mean=15.75; stdev=17.17; max=880; n_reads=2463647(54.6%)

Final number of stacks built: 158541
Final coverage: mean=15.75; stdev=17.17; max=880; n_reads=2463647(54.6%)
Calling consensus sequences and haplotypes for catalog assembly...
Writing tags, SNPs, and alleles files to '00_Data/05a_Stacks.denovo.ALL.M1n1/S_23_01798'...done.
ustacks is done.
