

-t gzfastq -f ./00_Data/03a_Demultiplex/S_23_01789.1.fq.gz -o 00_Data/05a_Stacks.denovo.ALL.M1n1/ -i 214 -m 3 --name S_23_01789 -M 1 -p 8


ustacks parameters selected:
  Input file: './00_Data/03a_Demultiplex/S_23_01789.1.fq.gz'
  Sample ID: 214
  Min depth of coverage to create a stack (m): 3
  Repeat removal algorithm: enabled
  Max distance allowed between stacks (M): 1
  Max distance allowed to align secondary reads: 3
  Max number of stacks allowed per de novo locus: 3
  Deleveraging algorithm: disabled
  Gapped assembly: enabled
  Minimum alignment length: 0.8
  Model type: SNP
  Alpha significance level for model: 0.05

Loading RAD-Tags...1M...2M...3M...4M...5M...

Loaded 5161002 reads; formed:
  234997 stacks representing 4758323 primary reads (92.2%)
  360602 secondary stacks representing 402679 secondary reads (7.8%)

Stack coverage: mean=20.25; stdev=259.37; max=57619; n_reads=4758323(92.2%)
Removing repetitive stacks: cov > 799 (mean+3*stdev)...
  Blacklisted 11353 stacks.
Coverage after repeat removal: mean=15.06; stdev=26.51; max=797; n_reads=3367077(65.2%)

Assembling stacks (max. dist. M=1)...
  Assembled 223644 stacks into 186002; blacklisted 2254 stacks.
Coverage after assembling stacks: mean=14.84; stdev=16.76; max=871; n_reads=2723213(52.8%)

Merging secondary stacks (max. dist. N=3 from consensus)...
  Merged 157144 out of 402679 secondary reads (39.0%), 7406 merged with gapped alignments.
Coverage after merging secondary stacks: mean=15.70; stdev=17.37; max=900; n_reads=2880357(55.8%)

Assembling stacks, allowing for gaps (min. match length 80.0%)...
  Assembled 186002 stacks into 181617 stacks.
Coverage after gapped assembly: mean=16.08; stdev=17.71; max=900; n_reads=2880357(55.8%)

Merging secondary stacks, allowing for gaps (min. match length 80.0%)...
  Merged 14280 out of 245535 secondary reads (5.8%).
Coverage after merging gapped secondary stacks: mean=16.16; stdev=17.73; max=900; n_reads=2894637(56.1%)

Final number of stacks built: 181617
Final coverage: mean=16.16; stdev=17.73; max=900; n_reads=2894637(56.1%)
Calling consensus sequences and haplotypes for catalog assembly...
Writing tags, SNPs, and alleles files to '00_Data/05a_Stacks.denovo.ALL.M1n1/S_23_01789'...done.
ustacks is done.
