

-t gzfastq -f ./00_Data/03a_Demultiplex/S_23_02086.1.fq.gz -o 00_Data/05a_Stacks.denovo.ALL.M1n1/ -i 395 -m 3 --name S_23_02086 -M 1 -p 8


ustacks parameters selected:
  Input file: './00_Data/03a_Demultiplex/S_23_02086.1.fq.gz'
  Sample ID: 395
  Min depth of coverage to create a stack (m): 3
  Repeat removal algorithm: enabled
  Max distance allowed between stacks (M): 1
  Max distance allowed to align secondary reads: 3
  Max number of stacks allowed per de novo locus: 3
  Deleveraging algorithm: disabled
  Gapped assembly: enabled
  Minimum alignment length: 0.8
  Model type: SNP
  Alpha significance level for model: 0.05

Loading RAD-Tags...1M...2M...

Loaded 2807772 reads; formed:
  183587 stacks representing 2460717 primary reads (87.6%)
  297582 secondary stacks representing 347055 secondary reads (12.4%)

Stack coverage: mean=13.40; stdev=224.41; max=46326; n_reads=2460717(87.6%)
Removing repetitive stacks: cov > 687 (mean+3*stdev)...
  Blacklisted 7571 stacks.
Coverage after repeat removal: mean=9.67; stdev=20.50; max=687; n_reads=1702392(60.6%)

Assembling stacks (max. dist. M=1)...
  Assembled 176016 stacks into 147521; blacklisted 1798 stacks.
Coverage after assembling stacks: mean=9.09; stdev=11.12; max=599; n_reads=1323749(47.1%)

Merging secondary stacks (max. dist. N=3 from consensus)...
  Merged 99649 out of 347055 secondary reads (28.7%), 4436 merged with gapped alignments.
Coverage after merging secondary stacks: mean=9.78; stdev=11.68; max=627; n_reads=1423398(50.7%)

Assembling stacks, allowing for gaps (min. match length 80.0%)...
  Assembled 147521 stacks into 144843 stacks.
Coverage after gapped assembly: mean=9.96; stdev=11.91; max=627; n_reads=1423398(50.7%)

Merging secondary stacks, allowing for gaps (min. match length 80.0%)...
  Merged 13157 out of 247406 secondary reads (5.3%).
Coverage after merging gapped secondary stacks: mean=10.05; stdev=11.98; max=627; n_reads=1436555(51.2%)

Final number of stacks built: 144843
Final coverage: mean=10.05; stdev=11.98; max=627; n_reads=1436555(51.2%)
Calling consensus sequences and haplotypes for catalog assembly...
Writing tags, SNPs, and alleles files to '00_Data/05a_Stacks.denovo.ALL.M1n1/S_23_02086'...done.
ustacks is done.
