

-t gzfastq -f ./00_Data/03a_Demultiplex/S_23_01847.1.fq.gz -o 00_Data/05a_Stacks.denovo.ALL.M1n1/ -i 254 -m 3 --name S_23_01847 -M 1 -p 8


ustacks parameters selected:
  Input file: './00_Data/03a_Demultiplex/S_23_01847.1.fq.gz'
  Sample ID: 254
  Min depth of coverage to create a stack (m): 3
  Repeat removal algorithm: enabled
  Max distance allowed between stacks (M): 1
  Max distance allowed to align secondary reads: 3
  Max number of stacks allowed per de novo locus: 3
  Deleveraging algorithm: disabled
  Gapped assembly: enabled
  Minimum alignment length: 0.8
  Model type: SNP
  Alpha significance level for model: 0.05

Loading RAD-Tags...1M...2M...3M...4M...5M...6M...

Loaded 6697931 reads; formed:
  230974 stacks representing 6237136 primary reads (93.1%)
  421139 secondary stacks representing 460795 secondary reads (6.9%)

Stack coverage: mean=27.00; stdev=355.67; max=78701; n_reads=6237136(93.1%)
Removing repetitive stacks: cov > 1095 (mean+3*stdev)...
  Blacklisted 11799 stacks.
Coverage after repeat removal: mean=20.06; stdev=35.22; max=1087; n_reads=4396540(65.6%)

Assembling stacks (max. dist. M=1)...
  Assembled 219175 stacks into 179822; blacklisted 2271 stacks.
Coverage after assembling stacks: mean=19.98; stdev=21.04; max=991; n_reads=3542903(52.9%)

Merging secondary stacks (max. dist. N=3 from consensus)...
  Merged 208687 out of 460795 secondary reads (45.3%), 9137 merged with gapped alignments.
Coverage after merging secondary stacks: mean=21.16; stdev=21.85; max=1015; n_reads=3751590(56.0%)

Assembling stacks, allowing for gaps (min. match length 80.0%)...
  Assembled 179822 stacks into 175294 stacks.
Coverage after gapped assembly: mean=21.72; stdev=22.30; max=1015; n_reads=3751590(56.0%)

Merging secondary stacks, allowing for gaps (min. match length 80.0%)...
  Merged 15134 out of 252108 secondary reads (6.0%).
Coverage after merging gapped secondary stacks: mean=21.80; stdev=22.32; max=1017; n_reads=3766724(56.2%)

Final number of stacks built: 175294
Final coverage: mean=21.80; stdev=22.32; max=1017; n_reads=3766724(56.2%)
Calling consensus sequences and haplotypes for catalog assembly...
Writing tags, SNPs, and alleles files to '00_Data/05a_Stacks.denovo.ALL.M1n1/S_23_01847'...done.
ustacks is done.
