

-t gzfastq -f ./00_Data/03a_Demultiplex/S_23_00986.1.fq.gz -o 00_Data/05a_Stacks.denovo.ALL.M1n1/ -i 8 -m 3 --name S_23_00986 -M 1 -p 8


ustacks parameters selected:
  Input file: './00_Data/03a_Demultiplex/S_23_00986.1.fq.gz'
  Sample ID: 8
  Min depth of coverage to create a stack (m): 3
  Repeat removal algorithm: enabled
  Max distance allowed between stacks (M): 1
  Max distance allowed to align secondary reads: 3
  Max number of stacks allowed per de novo locus: 3
  Deleveraging algorithm: disabled
  Gapped assembly: enabled
  Minimum alignment length: 0.8
  Model type: SNP
  Alpha significance level for model: 0.05

Loading RAD-Tags...1M...2M...3M...

Loaded 3919998 reads; formed:
  189583 stacks representing 3640639 primary reads (92.9%)
  254574 secondary stacks representing 279359 secondary reads (7.1%)

Stack coverage: mean=19.20; stdev=236.67; max=40890; n_reads=3640639(92.9%)
Removing repetitive stacks: cov > 730 (mean+3*stdev)...
  Blacklisted 9878 stacks.
Coverage after repeat removal: mean=14.08; stdev=25.05; max=730; n_reads=2530464(64.6%)

Assembling stacks (max. dist. M=1)...
  Assembled 179705 stacks into 148786; blacklisted 1809 stacks.
Coverage after assembling stacks: mean=13.78; stdev=15.15; max=651; n_reads=2021498(51.6%)

Merging secondary stacks (max. dist. N=3 from consensus)...
  Merged 130829 out of 279359 secondary reads (46.8%), 5218 merged with gapped alignments.
Coverage after merging secondary stacks: mean=14.67; stdev=15.83; max=691; n_reads=2152327(54.9%)

Assembling stacks, allowing for gaps (min. match length 80.0%)...
  Assembled 148786 stacks into 145490 stacks.
Coverage after gapped assembly: mean=15.01; stdev=16.15; max=691; n_reads=2152327(54.9%)

Merging secondary stacks, allowing for gaps (min. match length 80.0%)...
  Merged 10016 out of 148530 secondary reads (6.7%).
Coverage after merging gapped secondary stacks: mean=15.08; stdev=16.19; max=693; n_reads=2162343(55.2%)

Final number of stacks built: 145490
Final coverage: mean=15.08; stdev=16.19; max=693; n_reads=2162343(55.2%)
Calling consensus sequences and haplotypes for catalog assembly...
Writing tags, SNPs, and alleles files to '00_Data/05a_Stacks.denovo.ALL.M1n1/S_23_00986'...done.
ustacks is done.
