

-t gzfastq -f ./00_Data/03a_Demultiplex/S_23_01256.1.fq.gz -o 00_Data/05a_Stacks.denovo.ALL.M4n4/ -i 190 -m 3 --name S_23_01256 -M 4 -p 8


ustacks parameters selected:
  Input file: './00_Data/03a_Demultiplex/S_23_01256.1.fq.gz'
  Sample ID: 190
  Min depth of coverage to create a stack (m): 3
  Repeat removal algorithm: enabled
  Max distance allowed between stacks (M): 4
  Max distance allowed to align secondary reads: 6
  Max number of stacks allowed per de novo locus: 3
  Deleveraging algorithm: disabled
  Gapped assembly: enabled
  Minimum alignment length: 0.8
  Model type: SNP
  Alpha significance level for model: 0.05

Loading RAD-Tags...1M...2M...3M...

Loaded 3718268 reads; formed:
  198583 stacks representing 3408680 primary reads (91.7%)
  274331 secondary stacks representing 309588 secondary reads (8.3%)

Stack coverage: mean=17.17; stdev=214.10; max=41662; n_reads=3408680(91.7%)
Removing repetitive stacks: cov > 660 (mean+3*stdev)...
  Blacklisted 9545 stacks.
Coverage after repeat removal: mean=12.63; stdev=22.17; max=660; n_reads=2387860(64.2%)

Assembling stacks (max. dist. M=4)...
  Assembled 189038 stacks into 128376; blacklisted 2912 stacks.
Coverage after assembling stacks: mean=12.27; stdev=13.58; max=579; n_reads=1536257(41.3%)

Merging secondary stacks (max. dist. N=6 from consensus)...
  Merged 134773 out of 309588 secondary reads (43.5%), 44709 merged with gapped alignments.
Coverage after merging secondary stacks: mean=13.35; stdev=15.91; max=1986; n_reads=1671030(44.9%)

Assembling stacks, allowing for gaps (min. match length 80.0%)...
  Assembled 128376 stacks into 122418 stacks.
Coverage after gapped assembly: mean=14.01; stdev=16.66; max=1986; n_reads=1671030(44.9%)

Merging secondary stacks, allowing for gaps (min. match length 80.0%)...
  Merged 34223 out of 174815 secondary reads (19.6%).
Coverage after merging gapped secondary stacks: mean=14.30; stdev=18.09; max=2418; n_reads=1705253(45.9%)

Final number of stacks built: 122418
Final coverage: mean=14.30; stdev=18.09; max=2418; n_reads=1705253(45.9%)
Calling consensus sequences and haplotypes for catalog assembly...
Writing tags, SNPs, and alleles files to '00_Data/05a_Stacks.denovo.ALL.M4n4/S_23_01256'...done.
ustacks is done.
