

-t gzfastq -f ./00_Data/03a_Demultiplex/S_23_02117.1.fq.gz -o 00_Data/05a_Stacks.denovo.ALL.M1n1/ -i 426 -m 3 --name S_23_02117 -M 1 -p 8


ustacks parameters selected:
  Input file: './00_Data/03a_Demultiplex/S_23_02117.1.fq.gz'
  Sample ID: 426
  Min depth of coverage to create a stack (m): 3
  Repeat removal algorithm: enabled
  Max distance allowed between stacks (M): 1
  Max distance allowed to align secondary reads: 3
  Max number of stacks allowed per de novo locus: 3
  Deleveraging algorithm: disabled
  Gapped assembly: enabled
  Minimum alignment length: 0.8
  Model type: SNP
  Alpha significance level for model: 0.05

Loading RAD-Tags...1M...2M...3M...4M...

Loaded 4325432 reads; formed:
  219039 stacks representing 3965266 primary reads (91.7%)
  320540 secondary stacks representing 360166 secondary reads (8.3%)

Stack coverage: mean=18.10; stdev=222.32; max=46443; n_reads=3965266(91.7%)
Removing repetitive stacks: cov > 686 (mean+3*stdev)...
  Blacklisted 10444 stacks.
Coverage after repeat removal: mean=13.36; stdev=23.56; max=682; n_reads=2787758(64.5%)

Assembling stacks (max. dist. M=1)...
  Assembled 208595 stacks into 173845; blacklisted 2077 stacks.
Coverage after assembling stacks: mean=13.10; stdev=14.85; max=541; n_reads=2246201(51.9%)

Merging secondary stacks (max. dist. N=3 from consensus)...
  Merged 134161 out of 360166 secondary reads (37.2%), 6083 merged with gapped alignments.
Coverage after merging secondary stacks: mean=13.88; stdev=15.43; max=589; n_reads=2380362(55.0%)

Assembling stacks, allowing for gaps (min. match length 80.0%)...
  Assembled 173845 stacks into 170099 stacks.
Coverage after gapped assembly: mean=14.19; stdev=15.78; max=696; n_reads=2380362(55.0%)

Merging secondary stacks, allowing for gaps (min. match length 80.0%)...
  Merged 12940 out of 226005 secondary reads (5.7%).
Coverage after merging gapped secondary stacks: mean=14.27; stdev=15.81; max=696; n_reads=2393302(55.3%)

Final number of stacks built: 170099
Final coverage: mean=14.27; stdev=15.81; max=696; n_reads=2393302(55.3%)
Calling consensus sequences and haplotypes for catalog assembly...
Writing tags, SNPs, and alleles files to '00_Data/05a_Stacks.denovo.ALL.M1n1/S_23_02117'...done.
ustacks is done.
