

-t gzfastq -f ./00_Data/03a_Demultiplex/S_23_00992.1.fq.gz -o 00_Data/05a_Stacks.denovo.ALL.M1n1/ -i 14 -m 3 --name S_23_00992 -M 1 -p 8


ustacks parameters selected:
  Input file: './00_Data/03a_Demultiplex/S_23_00992.1.fq.gz'
  Sample ID: 14
  Min depth of coverage to create a stack (m): 3
  Repeat removal algorithm: enabled
  Max distance allowed between stacks (M): 1
  Max distance allowed to align secondary reads: 3
  Max number of stacks allowed per de novo locus: 3
  Deleveraging algorithm: disabled
  Gapped assembly: enabled
  Minimum alignment length: 0.8
  Model type: SNP
  Alpha significance level for model: 0.05

Loading RAD-Tags...1M...2M...3M...4M...5M...

Loaded 5165743 reads; formed:
  204997 stacks representing 4829862 primary reads (93.5%)
  306358 secondary stacks representing 335881 secondary reads (6.5%)

Stack coverage: mean=23.56; stdev=298.04; max=56309; n_reads=4829862(93.5%)
Removing repetitive stacks: cov > 918 (mean+3*stdev)...
  Blacklisted 10666 stacks.
Coverage after repeat removal: mean=17.38; stdev=30.58; max=918; n_reads=3377756(65.4%)

Assembling stacks (max. dist. M=1)...
  Assembled 194331 stacks into 160086; blacklisted 1996 stacks.
Coverage after assembling stacks: mean=17.20; stdev=19.07; max=958; n_reads=2715580(52.6%)

Merging secondary stacks (max. dist. N=3 from consensus)...
  Merged 151536 out of 335881 secondary reads (45.1%), 6529 merged with gapped alignments.
Coverage after merging secondary stacks: mean=18.16; stdev=19.78; max=988; n_reads=2867116(55.5%)

Assembling stacks, allowing for gaps (min. match length 80.0%)...
  Assembled 160086 stacks into 156213 stacks.
Coverage after gapped assembly: mean=18.62; stdev=20.15; max=988; n_reads=2867116(55.5%)

Merging secondary stacks, allowing for gaps (min. match length 80.0%)...
  Merged 11804 out of 184345 secondary reads (6.4%).
Coverage after merging gapped secondary stacks: mean=18.70; stdev=20.17; max=988; n_reads=2878920(55.7%)

Final number of stacks built: 156213
Final coverage: mean=18.70; stdev=20.17; max=988; n_reads=2878920(55.7%)
Calling consensus sequences and haplotypes for catalog assembly...
Writing tags, SNPs, and alleles files to '00_Data/05a_Stacks.denovo.ALL.M1n1/S_23_00992'...done.
ustacks is done.
