

-t gzfastq -f ./00_Data/03a_Demultiplex/S_23_01064.1.fq.gz -o 00_Data/05a_Stacks.denovo.ALL.M4n4/ -i 56 -m 3 --name S_23_01064 -M 4 -p 8


ustacks parameters selected:
  Input file: './00_Data/03a_Demultiplex/S_23_01064.1.fq.gz'
  Sample ID: 56
  Min depth of coverage to create a stack (m): 3
  Repeat removal algorithm: enabled
  Max distance allowed between stacks (M): 4
  Max distance allowed to align secondary reads: 6
  Max number of stacks allowed per de novo locus: 3
  Deleveraging algorithm: disabled
  Gapped assembly: enabled
  Minimum alignment length: 0.8
  Model type: SNP
  Alpha significance level for model: 0.05

Loading RAD-Tags...1M...2M...3M...4M...

Loaded 4108281 reads; formed:
  218625 stacks representing 3776160 primary reads (91.9%)
  296319 secondary stacks representing 332121 secondary reads (8.1%)

Stack coverage: mean=17.27; stdev=208.19; max=42244; n_reads=3776160(91.9%)
Removing repetitive stacks: cov > 642 (mean+3*stdev)...
  Blacklisted 11161 stacks.
Coverage after repeat removal: mean=12.78; stdev=22.21; max=637; n_reads=2651918(64.6%)

Assembling stacks (max. dist. M=4)...
  Assembled 207464 stacks into 141306; blacklisted 3107 stacks.
Coverage after assembling stacks: mean=12.40; stdev=13.84; max=611; n_reads=1710435(41.6%)

Merging secondary stacks (max. dist. N=6 from consensus)...
  Merged 146322 out of 332121 secondary reads (44.1%), 46914 merged with gapped alignments.
Coverage after merging secondary stacks: mean=13.46; stdev=15.39; max=742; n_reads=1856757(45.2%)

Assembling stacks, allowing for gaps (min. match length 80.0%)...
  Assembled 141306 stacks into 134667 stacks.
Coverage after gapped assembly: mean=14.14; stdev=16.23; max=742; n_reads=1856757(45.2%)

Merging secondary stacks, allowing for gaps (min. match length 80.0%)...
  Merged 37242 out of 185799 secondary reads (20.0%).
Coverage after merging gapped secondary stacks: mean=14.43; stdev=17.19; max=856; n_reads=1893999(46.1%)

Final number of stacks built: 134667
Final coverage: mean=14.43; stdev=17.19; max=856; n_reads=1893999(46.1%)
Calling consensus sequences and haplotypes for catalog assembly...
Writing tags, SNPs, and alleles files to '00_Data/05a_Stacks.denovo.ALL.M4n4/S_23_01064'...done.
ustacks is done.
