

-t gzfastq -f ./00_Data/03a_Demultiplex/S_23_02030.1.fq.gz -o 00_Data/05a_Stacks.denovo.ALL.M4n4/ -i 350 -m 3 --name S_23_02030 -M 4 -p 8


ustacks parameters selected:
  Input file: './00_Data/03a_Demultiplex/S_23_02030.1.fq.gz'
  Sample ID: 350
  Min depth of coverage to create a stack (m): 3
  Repeat removal algorithm: enabled
  Max distance allowed between stacks (M): 4
  Max distance allowed to align secondary reads: 6
  Max number of stacks allowed per de novo locus: 3
  Deleveraging algorithm: disabled
  Gapped assembly: enabled
  Minimum alignment length: 0.8
  Model type: SNP
  Alpha significance level for model: 0.05

Loading RAD-Tags...

Loaded 274194 reads; formed:
  22418 stacks representing 161446 primary reads (58.9%)
  90105 secondary stacks representing 112748 secondary reads (41.1%)

Stack coverage: mean=7.20; stdev=46.33; max=3533; n_reads=161446(58.9%)
Removing repetitive stacks: cov > 147 (mean+3*stdev)...
  Blacklisted 1327 stacks.
Coverage after repeat removal: mean=5.37; stdev=8.24; max=147; n_reads=113261(41.3%)

Assembling stacks (max. dist. M=4)...
  Assembled 21091 stacks into 15911; blacklisted 370 stacks.
Coverage after assembling stacks: mean=5.18; stdev=7.16; max=166; n_reads=80192(29.2%)

Merging secondary stacks (max. dist. N=6 from consensus)...
  Merged 19935 out of 112748 secondary reads (17.7%), 8288 merged with gapped alignments.
Coverage after merging secondary stacks: mean=6.47; stdev=12.52; max=632; n_reads=100127(36.5%)

Assembling stacks, allowing for gaps (min. match length 80.0%)...
  Assembled 15911 stacks into 15519 stacks.
Coverage after gapped assembly: mean=6.64; stdev=13.00; max=655; n_reads=100127(36.5%)

Merging secondary stacks, allowing for gaps (min. match length 80.0%)...
  Merged 9986 out of 92813 secondary reads (10.8%).
Coverage after merging gapped secondary stacks: mean=7.30; stdev=17.46; max=828; n_reads=110113(40.2%)

Final number of stacks built: 15519
Final coverage: mean=7.30; stdev=17.46; max=828; n_reads=110113(40.2%)
Calling consensus sequences and haplotypes for catalog assembly...
Writing tags, SNPs, and alleles files to '00_Data/05a_Stacks.denovo.ALL.M4n4/S_23_02030'...done.
ustacks is done.
