

-t gzfastq -f ./00_Data/03a_Demultiplex/S_23_01124.1.fq.gz -o 00_Data/05a_Stacks.denovo.ALL.M4n4/ -i 102 -m 3 --name S_23_01124 -M 4 -p 8


ustacks parameters selected:
  Input file: './00_Data/03a_Demultiplex/S_23_01124.1.fq.gz'
  Sample ID: 102
  Min depth of coverage to create a stack (m): 3
  Repeat removal algorithm: enabled
  Max distance allowed between stacks (M): 4
  Max distance allowed to align secondary reads: 6
  Max number of stacks allowed per de novo locus: 3
  Deleveraging algorithm: disabled
  Gapped assembly: enabled
  Minimum alignment length: 0.8
  Model type: SNP
  Alpha significance level for model: 0.05

Loading RAD-Tags...1M...2M...3M...

Loaded 3375268 reads; formed:
  181399 stacks representing 3141464 primary reads (93.1%)
  210714 secondary stacks representing 233804 secondary reads (6.9%)

Stack coverage: mean=17.32; stdev=203.81; max=33709; n_reads=3141464(93.1%)
Removing repetitive stacks: cov > 629 (mean+3*stdev)...
  Blacklisted 9166 stacks.
Coverage after repeat removal: mean=12.72; stdev=21.65; max=629; n_reads=2190837(64.9%)

Assembling stacks (max. dist. M=4)...
  Assembled 172233 stacks into 116129; blacklisted 2601 stacks.
Coverage after assembling stacks: mean=12.50; stdev=13.70; max=584; n_reads=1415949(42.0%)

Merging secondary stacks (max. dist. N=6 from consensus)...
  Merged 114813 out of 233804 secondary reads (49.1%), 35983 merged with gapped alignments.
Coverage after merging secondary stacks: mean=13.51; stdev=15.87; max=1801; n_reads=1530762(45.4%)

Assembling stacks, allowing for gaps (min. match length 80.0%)...
  Assembled 116129 stacks into 110768 stacks.
Coverage after gapped assembly: mean=14.19; stdev=16.61; max=1801; n_reads=1530762(45.4%)

Merging secondary stacks, allowing for gaps (min. match length 80.0%)...
  Merged 27512 out of 118991 secondary reads (23.1%).
Coverage after merging gapped secondary stacks: mean=14.44; stdev=17.70; max=1951; n_reads=1558274(46.2%)

Final number of stacks built: 110768
Final coverage: mean=14.44; stdev=17.70; max=1951; n_reads=1558274(46.2%)
Calling consensus sequences and haplotypes for catalog assembly...
Writing tags, SNPs, and alleles files to '00_Data/05a_Stacks.denovo.ALL.M4n4/S_23_01124'...done.
ustacks is done.
