

-t gzfastq -f ./00_Data/03a_Demultiplex/S_23_02158.1.fq.gz -o 00_Data/05a_Stacks.denovo.ALL.M1n1/ -i 467 -m 3 --name S_23_02158 -M 1 -p 8


ustacks parameters selected:
  Input file: './00_Data/03a_Demultiplex/S_23_02158.1.fq.gz'
  Sample ID: 467
  Min depth of coverage to create a stack (m): 3
  Repeat removal algorithm: enabled
  Max distance allowed between stacks (M): 1
  Max distance allowed to align secondary reads: 3
  Max number of stacks allowed per de novo locus: 3
  Deleveraging algorithm: disabled
  Gapped assembly: enabled
  Minimum alignment length: 0.8
  Model type: SNP
  Alpha significance level for model: 0.05

Loading RAD-Tags...1M...2M...3M...4M...5M...6M...

Loaded 6359348 reads; formed:
  244843 stacks representing 5897321 primary reads (92.7%)
  419092 secondary stacks representing 462027 secondary reads (7.3%)

Stack coverage: mean=24.09; stdev=306.54; max=66023; n_reads=5897321(92.7%)
Removing repetitive stacks: cov > 944 (mean+3*stdev)...
  Blacklisted 13071 stacks.
Coverage after repeat removal: mean=17.88; stdev=31.21; max=937; n_reads=4144820(65.2%)

Assembling stacks (max. dist. M=1)...
  Assembled 231772 stacks into 191010; blacklisted 2420 stacks.
Coverage after assembling stacks: mean=17.77; stdev=19.47; max=792; n_reads=3346029(52.6%)

Merging secondary stacks (max. dist. N=3 from consensus)...
  Merged 200549 out of 462027 secondary reads (43.4%), 9149 merged with gapped alignments.
Coverage after merging secondary stacks: mean=18.83; stdev=20.22; max=819; n_reads=3546578(55.8%)

Assembling stacks, allowing for gaps (min. match length 80.0%)...
  Assembled 191010 stacks into 186298 stacks.
Coverage after gapped assembly: mean=19.32; stdev=20.72; max=1139; n_reads=3546578(55.8%)

Merging secondary stacks, allowing for gaps (min. match length 80.0%)...
  Merged 15668 out of 261478 secondary reads (6.0%).
Coverage after merging gapped secondary stacks: mean=19.40; stdev=20.75; max=1139; n_reads=3562246(56.0%)

Final number of stacks built: 186298
Final coverage: mean=19.40; stdev=20.75; max=1139; n_reads=3562246(56.0%)
Calling consensus sequences and haplotypes for catalog assembly...
Writing tags, SNPs, and alleles files to '00_Data/05a_Stacks.denovo.ALL.M1n1/S_23_02158'...done.
ustacks is done.
