

-t gzfastq -f ./00_Data/03a_Demultiplex/S_23_02207.1.fq.gz -o 00_Data/05a_Stacks.denovo.ALL.M1n1/ -i 515 -m 3 --name S_23_02207 -M 1 -p 8


ustacks parameters selected:
  Input file: './00_Data/03a_Demultiplex/S_23_02207.1.fq.gz'
  Sample ID: 515
  Min depth of coverage to create a stack (m): 3
  Repeat removal algorithm: enabled
  Max distance allowed between stacks (M): 1
  Max distance allowed to align secondary reads: 3
  Max number of stacks allowed per de novo locus: 3
  Deleveraging algorithm: disabled
  Gapped assembly: enabled
  Minimum alignment length: 0.8
  Model type: SNP
  Alpha significance level for model: 0.05

Loading RAD-Tags...1M...

Loaded 1650155 reads; formed:
  113729 stacks representing 1416046 primary reads (85.8%)
  191064 secondary stacks representing 234109 secondary reads (14.2%)

Stack coverage: mean=12.45; stdev=114.13; max=20280; n_reads=1416046(85.8%)
Removing repetitive stacks: cov > 355 (mean+3*stdev)...
  Blacklisted 5209 stacks.
Coverage after repeat removal: mean=9.33; stdev=21.81; max=355; n_reads=1012442(61.4%)

Assembling stacks (max. dist. M=1)...
  Assembled 108520 stacks into 91571; blacklisted 1470 stacks.
Coverage after assembling stacks: mean=8.58; stdev=19.11; max=566; n_reads=769942(46.7%)

Merging secondary stacks (max. dist. N=3 from consensus)...
  Merged 60766 out of 234109 secondary reads (26.0%), 2078 merged with gapped alignments.
Coverage after merging secondary stacks: mean=9.26; stdev=20.03; max=579; n_reads=830708(50.3%)

Assembling stacks, allowing for gaps (min. match length 80.0%)...
  Assembled 91571 stacks into 90562 stacks.
Coverage after gapped assembly: mean=9.36; stdev=20.21; max=579; n_reads=830708(50.3%)

Merging secondary stacks, allowing for gaps (min. match length 80.0%)...
  Merged 6747 out of 173343 secondary reads (3.9%).
Coverage after merging gapped secondary stacks: mean=9.44; stdev=20.23; max=579; n_reads=837455(50.8%)

Final number of stacks built: 90562
Final coverage: mean=9.44; stdev=20.23; max=579; n_reads=837455(50.8%)
Calling consensus sequences and haplotypes for catalog assembly...
Writing tags, SNPs, and alleles files to '00_Data/05a_Stacks.denovo.ALL.M1n1/S_23_02207'...done.
ustacks is done.
