

-t gzfastq -f ./00_Data/03a_Demultiplex/S_23_00996.1.fq.gz -o 00_Data/05a_Stacks.denovo.ALL.M1n1/ -i 18 -m 3 --name S_23_00996 -M 1 -p 8


ustacks parameters selected:
  Input file: './00_Data/03a_Demultiplex/S_23_00996.1.fq.gz'
  Sample ID: 18
  Min depth of coverage to create a stack (m): 3
  Repeat removal algorithm: enabled
  Max distance allowed between stacks (M): 1
  Max distance allowed to align secondary reads: 3
  Max number of stacks allowed per de novo locus: 3
  Deleveraging algorithm: disabled
  Gapped assembly: enabled
  Minimum alignment length: 0.8
  Model type: SNP
  Alpha significance level for model: 0.05

Loading RAD-Tags...1M...2M...

Loaded 2680513 reads; formed:
  187036 stacks representing 2389262 primary reads (89.1%)
  251130 secondary stacks representing 291251 secondary reads (10.9%)

Stack coverage: mean=12.77; stdev=144.26; max=27229; n_reads=2389262(89.1%)
Removing repetitive stacks: cov > 446 (mean+3*stdev)...
  Blacklisted 8624 stacks.
Coverage after repeat removal: mean=9.56; stdev=15.98; max=443; n_reads=1704827(63.6%)

Assembling stacks (max. dist. M=1)...
  Assembled 178412 stacks into 151605; blacklisted 1758 stacks.
Coverage after assembling stacks: mean=9.26; stdev=10.52; max=546; n_reads=1384937(51.7%)

Merging secondary stacks (max. dist. N=3 from consensus)...
  Merged 97334 out of 291251 secondary reads (33.4%), 4002 merged with gapped alignments.
Coverage after merging secondary stacks: mean=9.91; stdev=11.05; max=568; n_reads=1482271(55.3%)

Assembling stacks, allowing for gaps (min. match length 80.0%)...
  Assembled 151605 stacks into 148928 stacks.
Coverage after gapped assembly: mean=10.09; stdev=11.30; max=568; n_reads=1482271(55.3%)

Merging secondary stacks, allowing for gaps (min. match length 80.0%)...
  Merged 10545 out of 193917 secondary reads (5.4%).
Coverage after merging gapped secondary stacks: mean=10.16; stdev=11.33; max=568; n_reads=1492816(55.7%)

Final number of stacks built: 148928
Final coverage: mean=10.16; stdev=11.33; max=568; n_reads=1492816(55.7%)
Calling consensus sequences and haplotypes for catalog assembly...
Writing tags, SNPs, and alleles files to '00_Data/05a_Stacks.denovo.ALL.M1n1/S_23_00996'...done.
ustacks is done.
