

-t gzfastq -f ./00_Data/03a_Demultiplex/S_23_01104.1.fq.gz -o 00_Data/05a_Stacks.denovo.ALL.M1n1/ -i 82 -m 3 --name S_23_01104 -M 1 -p 8


ustacks parameters selected:
  Input file: './00_Data/03a_Demultiplex/S_23_01104.1.fq.gz'
  Sample ID: 82
  Min depth of coverage to create a stack (m): 3
  Repeat removal algorithm: enabled
  Max distance allowed between stacks (M): 1
  Max distance allowed to align secondary reads: 3
  Max number of stacks allowed per de novo locus: 3
  Deleveraging algorithm: disabled
  Gapped assembly: enabled
  Minimum alignment length: 0.8
  Model type: SNP
  Alpha significance level for model: 0.05

Loading RAD-Tags...1M...2M...

Loaded 2739820 reads; formed:
  190117 stacks representing 2463481 primary reads (89.9%)
  236778 secondary stacks representing 276339 secondary reads (10.1%)

Stack coverage: mean=12.96; stdev=154.72; max=32227; n_reads=2463481(89.9%)
Removing repetitive stacks: cov > 478 (mean+3*stdev)...
  Blacklisted 8588 stacks.
Coverage after repeat removal: mean=9.63; stdev=16.63; max=478; n_reads=1748419(63.8%)

Assembling stacks (max. dist. M=1)...
  Assembled 181529 stacks into 154884; blacklisted 1697 stacks.
Coverage after assembling stacks: mean=9.29; stdev=10.68; max=468; n_reads=1421365(51.9%)

Merging secondary stacks (max. dist. N=3 from consensus)...
  Merged 88630 out of 276339 secondary reads (32.1%), 3821 merged with gapped alignments.
Coverage after merging secondary stacks: mean=9.87; stdev=11.15; max=486; n_reads=1509995(55.1%)

Assembling stacks, allowing for gaps (min. match length 80.0%)...
  Assembled 154884 stacks into 152239 stacks.
Coverage after gapped assembly: mean=10.05; stdev=11.35; max=486; n_reads=1509995(55.1%)

Merging secondary stacks, allowing for gaps (min. match length 80.0%)...
  Merged 10729 out of 187709 secondary reads (5.7%).
Coverage after merging gapped secondary stacks: mean=10.12; stdev=11.39; max=486; n_reads=1520724(55.5%)

Final number of stacks built: 152239
Final coverage: mean=10.12; stdev=11.39; max=486; n_reads=1520724(55.5%)
Calling consensus sequences and haplotypes for catalog assembly...
Writing tags, SNPs, and alleles files to '00_Data/05a_Stacks.denovo.ALL.M1n1/S_23_01104'...done.
ustacks is done.
