

-t gzfastq -f ./00_Data/03a_Demultiplex/S_23_01114.1.fq.gz -o 00_Data/05a_Stacks.denovo.ALL.M1n1/ -i 92 -m 3 --name S_23_01114 -M 1 -p 8


ustacks parameters selected:
  Input file: './00_Data/03a_Demultiplex/S_23_01114.1.fq.gz'
  Sample ID: 92
  Min depth of coverage to create a stack (m): 3
  Repeat removal algorithm: enabled
  Max distance allowed between stacks (M): 1
  Max distance allowed to align secondary reads: 3
  Max number of stacks allowed per de novo locus: 3
  Deleveraging algorithm: disabled
  Gapped assembly: enabled
  Minimum alignment length: 0.8
  Model type: SNP
  Alpha significance level for model: 0.05

Loading RAD-Tags...1M...2M...3M...

Loaded 3756460 reads; formed:
  214743 stacks representing 3395681 primary reads (90.4%)
  319153 secondary stacks representing 360779 secondary reads (9.6%)

Stack coverage: mean=15.81; stdev=193.79; max=42684; n_reads=3395681(90.4%)
Removing repetitive stacks: cov > 598 (mean+3*stdev)...
  Blacklisted 10591 stacks.
Coverage after repeat removal: mean=11.74; stdev=20.58; max=598; n_reads=2397548(63.8%)

Assembling stacks (max. dist. M=1)...
  Assembled 204152 stacks into 171377; blacklisted 2014 stacks.
Coverage after assembling stacks: mean=11.42; stdev=13.14; max=613; n_reads=1930622(51.4%)

Merging secondary stacks (max. dist. N=3 from consensus)...
  Merged 135800 out of 360779 secondary reads (37.6%), 6056 merged with gapped alignments.
Coverage after merging secondary stacks: mean=12.22; stdev=13.76; max=632; n_reads=2066422(55.0%)

Assembling stacks, allowing for gaps (min. match length 80.0%)...
  Assembled 171377 stacks into 167935 stacks.
Coverage after gapped assembly: mean=12.48; stdev=14.05; max=632; n_reads=2066422(55.0%)

Merging secondary stacks, allowing for gaps (min. match length 80.0%)...
  Merged 13160 out of 224979 secondary reads (5.8%).
Coverage after merging gapped secondary stacks: mean=12.55; stdev=14.09; max=632; n_reads=2079582(55.4%)

Final number of stacks built: 167935
Final coverage: mean=12.55; stdev=14.09; max=632; n_reads=2079582(55.4%)
Calling consensus sequences and haplotypes for catalog assembly...
Writing tags, SNPs, and alleles files to '00_Data/05a_Stacks.denovo.ALL.M1n1/S_23_01114'...done.
ustacks is done.
