

-t gzfastq -f ./00_Data/03a_Demultiplex/S_23_02128.1.fq.gz -o 00_Data/05a_Stacks.denovo.ALL.M4n4/ -i 438 -m 3 --name S_23_02128 -M 4 -p 8


ustacks parameters selected:
  Input file: './00_Data/03a_Demultiplex/S_23_02128.1.fq.gz'
  Sample ID: 438
  Min depth of coverage to create a stack (m): 3
  Repeat removal algorithm: enabled
  Max distance allowed between stacks (M): 4
  Max distance allowed to align secondary reads: 6
  Max number of stacks allowed per de novo locus: 3
  Deleveraging algorithm: disabled
  Gapped assembly: enabled
  Minimum alignment length: 0.8
  Model type: SNP
  Alpha significance level for model: 0.05

Loading RAD-Tags...1M...2M...3M...

Loaded 3830939 reads; formed:
  219859 stacks representing 3444685 primary reads (89.9%)
  338326 secondary stacks representing 386254 secondary reads (10.1%)

Stack coverage: mean=15.67; stdev=200.47; max=46262; n_reads=3444685(89.9%)
Removing repetitive stacks: cov > 618 (mean+3*stdev)...
  Blacklisted 10386 stacks.
Coverage after repeat removal: mean=11.64; stdev=19.88; max=618; n_reads=2437583(63.6%)

Assembling stacks (max. dist. M=4)...
  Assembled 209473 stacks into 143471; blacklisted 3103 stacks.
Coverage after assembling stacks: mean=11.33; stdev=12.43; max=556; n_reads=1587987(41.5%)

Merging secondary stacks (max. dist. N=6 from consensus)...
  Merged 139723 out of 386254 secondary reads (36.2%), 48055 merged with gapped alignments.
Coverage after merging secondary stacks: mean=12.33; stdev=14.07; max=1071; n_reads=1727710(45.1%)

Assembling stacks, allowing for gaps (min. match length 80.0%)...
  Assembled 143471 stacks into 136776 stacks.
Coverage after gapped assembly: mean=12.95; stdev=14.83; max=1103; n_reads=1727710(45.1%)

Merging secondary stacks, allowing for gaps (min. match length 80.0%)...
  Merged 37050 out of 246531 secondary reads (15.0%).
Coverage after merging gapped secondary stacks: mean=13.23; stdev=15.96; max=1309; n_reads=1764760(46.1%)

Final number of stacks built: 136776
Final coverage: mean=13.23; stdev=15.96; max=1309; n_reads=1764760(46.1%)
Calling consensus sequences and haplotypes for catalog assembly...
Writing tags, SNPs, and alleles files to '00_Data/05a_Stacks.denovo.ALL.M4n4/S_23_02128'...done.
ustacks is done.
