

-t gzfastq -f ./00_Data/03a_Demultiplex/S_23_01175.1.fq.gz -o 00_Data/05a_Stacks.denovo.ALL.M1n1/ -i 138 -m 3 --name S_23_01175 -M 1 -p 8


ustacks parameters selected:
  Input file: './00_Data/03a_Demultiplex/S_23_01175.1.fq.gz'
  Sample ID: 138
  Min depth of coverage to create a stack (m): 3
  Repeat removal algorithm: enabled
  Max distance allowed between stacks (M): 1
  Max distance allowed to align secondary reads: 3
  Max number of stacks allowed per de novo locus: 3
  Deleveraging algorithm: disabled
  Gapped assembly: enabled
  Minimum alignment length: 0.8
  Model type: SNP
  Alpha significance level for model: 0.05

Loading RAD-Tags...1M...2M...3M...4M...5M...

Loaded 5796312 reads; formed:
  228117 stacks representing 5414318 primary reads (93.4%)
  351927 secondary stacks representing 381994 secondary reads (6.6%)

Stack coverage: mean=23.73; stdev=300.73; max=64607; n_reads=5414318(93.4%)
Removing repetitive stacks: cov > 926 (mean+3*stdev)...
  Blacklisted 11947 stacks.
Coverage after repeat removal: mean=17.60; stdev=30.85; max=925; n_reads=3803955(65.6%)

Assembling stacks (max. dist. M=1)...
  Assembled 216170 stacks into 177753; blacklisted 2174 stacks.
Coverage after assembling stacks: mean=17.47; stdev=18.40; max=901; n_reads=3061838(52.8%)

Merging secondary stacks (max. dist. N=3 from consensus)...
  Merged 187246 out of 381994 secondary reads (49.0%), 7646 merged with gapped alignments.
Coverage after merging secondary stacks: mean=18.54; stdev=19.15; max=940; n_reads=3249084(56.1%)

Assembling stacks, allowing for gaps (min. match length 80.0%)...
  Assembled 177753 stacks into 173417 stacks.
Coverage after gapped assembly: mean=19.01; stdev=19.53; max=940; n_reads=3249084(56.1%)

Merging secondary stacks, allowing for gaps (min. match length 80.0%)...
  Merged 12817 out of 194748 secondary reads (6.6%).
Coverage after merging gapped secondary stacks: mean=19.08; stdev=19.57; max=942; n_reads=3261901(56.3%)

Final number of stacks built: 173417
Final coverage: mean=19.08; stdev=19.57; max=942; n_reads=3261901(56.3%)
Calling consensus sequences and haplotypes for catalog assembly...
Writing tags, SNPs, and alleles files to '00_Data/05a_Stacks.denovo.ALL.M1n1/S_23_01175'...done.
ustacks is done.
