

-t gzfastq -f ./00_Data/03a_Demultiplex/S_23_01151.1.fq.gz -o 00_Data/05a_Stacks.denovo.ALL.M1n1/ -i 114 -m 3 --name S_23_01151 -M 1 -p 8


ustacks parameters selected:
  Input file: './00_Data/03a_Demultiplex/S_23_01151.1.fq.gz'
  Sample ID: 114
  Min depth of coverage to create a stack (m): 3
  Repeat removal algorithm: enabled
  Max distance allowed between stacks (M): 1
  Max distance allowed to align secondary reads: 3
  Max number of stacks allowed per de novo locus: 3
  Deleveraging algorithm: disabled
  Gapped assembly: enabled
  Minimum alignment length: 0.8
  Model type: SNP
  Alpha significance level for model: 0.05

Loading RAD-Tags...1M...2M...3M...4M...5M...6M...

Loaded 6860672 reads; formed:
  237599 stacks representing 6375167 primary reads (92.9%)
  445778 secondary stacks representing 485505 secondary reads (7.1%)

Stack coverage: mean=26.83; stdev=345.51; max=72740; n_reads=6375167(92.9%)
Removing repetitive stacks: cov > 1064 (mean+3*stdev)...
  Blacklisted 13400 stacks.
Coverage after repeat removal: mean=19.77; stdev=35.80; max=1054; n_reads=4433489(64.6%)

Assembling stacks (max. dist. M=1)...
  Assembled 224199 stacks into 183948; blacklisted 2350 stacks.
Coverage after assembling stacks: mean=19.41; stdev=21.72; max=925; n_reads=3519652(51.3%)

Merging secondary stacks (max. dist. N=3 from consensus)...
  Merged 230399 out of 485505 secondary reads (47.5%), 9675 merged with gapped alignments.
Coverage after merging secondary stacks: mean=20.68; stdev=22.69; max=956; n_reads=3750051(54.7%)

Assembling stacks, allowing for gaps (min. match length 80.0%)...
  Assembled 183948 stacks into 179290 stacks.
Coverage after gapped assembly: mean=21.23; stdev=23.20; max=956; n_reads=3750051(54.7%)

Merging secondary stacks, allowing for gaps (min. match length 80.0%)...
  Merged 14454 out of 255106 secondary reads (5.7%).
Coverage after merging gapped secondary stacks: mean=21.31; stdev=23.22; max=956; n_reads=3764505(54.9%)

Final number of stacks built: 179290
Final coverage: mean=21.31; stdev=23.22; max=956; n_reads=3764505(54.9%)
Calling consensus sequences and haplotypes for catalog assembly...
Writing tags, SNPs, and alleles files to '00_Data/05a_Stacks.denovo.ALL.M1n1/S_23_01151'...done.
ustacks is done.
