

-t gzfastq -f ./00_Data/03a_Demultiplex/S_23_01903.1.fq.gz -o 00_Data/05a_Stacks.denovo.ALL.M4n4/ -i 294 -m 3 --name S_23_01903 -M 4 -p 8


ustacks parameters selected:
  Input file: './00_Data/03a_Demultiplex/S_23_01903.1.fq.gz'
  Sample ID: 294
  Min depth of coverage to create a stack (m): 3
  Repeat removal algorithm: enabled
  Max distance allowed between stacks (M): 4
  Max distance allowed to align secondary reads: 6
  Max number of stacks allowed per de novo locus: 3
  Deleveraging algorithm: disabled
  Gapped assembly: enabled
  Minimum alignment length: 0.8
  Model type: SNP
  Alpha significance level for model: 0.05

Loading RAD-Tags...1M...

Loaded 1935285 reads; formed:
  142441 stacks representing 1657070 primary reads (85.6%)
  227908 secondary stacks representing 278215 secondary reads (14.4%)

Stack coverage: mean=11.63; stdev=119.05; max=21909; n_reads=1657070(85.6%)
Removing repetitive stacks: cov > 369 (mean+3*stdev)...
  Blacklisted 11959 stacks.
Coverage after repeat removal: mean=7.27; stdev=14.91; max=369; n_reads=949239(49.0%)

Assembling stacks (max. dist. M=4)...
  Assembled 130482 stacks into 89672; blacklisted 2156 stacks.
Coverage after assembling stacks: mean=6.34; stdev=6.98; max=315; n_reads=552900(28.6%)

Merging secondary stacks (max. dist. N=6 from consensus)...
  Merged 88900 out of 278215 secondary reads (32.0%), 41788 merged with gapped alignments.
Coverage after merging secondary stacks: mean=7.36; stdev=10.74; max=815; n_reads=641800(33.2%)

Assembling stacks, allowing for gaps (min. match length 80.0%)...
  Assembled 89672 stacks into 86559 stacks.
Coverage after gapped assembly: mean=7.64; stdev=11.37; max=818; n_reads=641800(33.2%)

Merging secondary stacks, allowing for gaps (min. match length 80.0%)...
  Merged 35368 out of 189315 secondary reads (18.7%).
Coverage after merging gapped secondary stacks: mean=8.06; stdev=14.46; max=1541; n_reads=677168(35.0%)

Final number of stacks built: 86559
Final coverage: mean=8.06; stdev=14.46; max=1541; n_reads=677168(35.0%)
Calling consensus sequences and haplotypes for catalog assembly...
Writing tags, SNPs, and alleles files to '00_Data/05a_Stacks.denovo.ALL.M4n4/S_23_01903'...done.
ustacks is done.
