

-t gzfastq -f ./00_Data/03a_Demultiplex/S_23_01008.1.fq.gz -o 00_Data/05a_Stacks.denovo.ALL.M4n4/ -i 30 -m 3 --name S_23_01008 -M 4 -p 8


ustacks parameters selected:
  Input file: './00_Data/03a_Demultiplex/S_23_01008.1.fq.gz'
  Sample ID: 30
  Min depth of coverage to create a stack (m): 3
  Repeat removal algorithm: enabled
  Max distance allowed between stacks (M): 4
  Max distance allowed to align secondary reads: 6
  Max number of stacks allowed per de novo locus: 3
  Deleveraging algorithm: disabled
  Gapped assembly: enabled
  Minimum alignment length: 0.8
  Model type: SNP
  Alpha significance level for model: 0.05

Loading RAD-Tags...1M...2M...3M...4M...5M...

Loaded 5701958 reads; formed:
  231231 stacks representing 5273495 primary reads (92.5%)
  388879 secondary stacks representing 428463 secondary reads (7.5%)

Stack coverage: mean=22.81; stdev=294.88; max=65494; n_reads=5273495(92.5%)
Removing repetitive stacks: cov > 908 (mean+3*stdev)...
  Blacklisted 12081 stacks.
Coverage after repeat removal: mean=16.97; stdev=30.92; max=902; n_reads=3718284(65.2%)

Assembling stacks (max. dist. M=4)...
  Assembled 219150 stacks into 144545; blacklisted 3368 stacks.
Coverage after assembling stacks: mean=16.67; stdev=18.33; max=826; n_reads=2348963(41.2%)

Merging secondary stacks (max. dist. N=6 from consensus)...
  Merged 207606 out of 428463 secondary reads (48.5%), 65405 merged with gapped alignments.
Coverage after merging secondary stacks: mean=18.14; stdev=20.80; max=1381; n_reads=2556569(44.8%)

Assembling stacks, allowing for gaps (min. match length 80.0%)...
  Assembled 144545 stacks into 136734 stacks.
Coverage after gapped assembly: mean=19.21; stdev=21.87; max=1381; n_reads=2556569(44.8%)

Merging secondary stacks, allowing for gaps (min. match length 80.0%)...
  Merged 54133 out of 220857 secondary reads (24.5%).
Coverage after merging gapped secondary stacks: mean=19.62; stdev=23.94; max=1882; n_reads=2610702(45.8%)

Final number of stacks built: 136734
Final coverage: mean=19.62; stdev=23.94; max=1882; n_reads=2610702(45.8%)
Calling consensus sequences and haplotypes for catalog assembly...
Writing tags, SNPs, and alleles files to '00_Data/05a_Stacks.denovo.ALL.M4n4/S_23_01008'...done.
ustacks is done.
