

-t gzfastq -f ./00_Data/03a_Demultiplex/S_23_01061.1.fq.gz -o 00_Data/05a_Stacks.denovo.ALL.M4n4/ -i 53 -m 3 --name S_23_01061 -M 4 -p 8


ustacks parameters selected:
  Input file: './00_Data/03a_Demultiplex/S_23_01061.1.fq.gz'
  Sample ID: 53
  Min depth of coverage to create a stack (m): 3
  Repeat removal algorithm: enabled
  Max distance allowed between stacks (M): 4
  Max distance allowed to align secondary reads: 6
  Max number of stacks allowed per de novo locus: 3
  Deleveraging algorithm: disabled
  Gapped assembly: enabled
  Minimum alignment length: 0.8
  Model type: SNP
  Alpha significance level for model: 0.05

Loading RAD-Tags...1M...2M...

Loaded 2307738 reads; formed:
  164601 stacks representing 2076062 primary reads (90.0%)
  196993 secondary stacks representing 231676 secondary reads (10.0%)

Stack coverage: mean=12.61; stdev=125.82; max=17226; n_reads=2076062(90.0%)
Removing repetitive stacks: cov > 391 (mean+3*stdev)...
  Blacklisted 7804 stacks.
Coverage after repeat removal: mean=9.37; stdev=15.11; max=391; n_reads=1469273(63.7%)

Assembling stacks (max. dist. M=4)...
  Assembled 156797 stacks into 109211; blacklisted 2390 stacks.
Coverage after assembling stacks: mean=9.05; stdev=10.49; max=431; n_reads=964068(41.8%)

Merging secondary stacks (max. dist. N=6 from consensus)...
  Merged 93702 out of 231676 secondary reads (40.4%), 32441 merged with gapped alignments.
Coverage after merging secondary stacks: mean=9.93; stdev=12.57; max=1264; n_reads=1057770(45.8%)

Assembling stacks, allowing for gaps (min. match length 80.0%)...
  Assembled 109211 stacks into 104944 stacks.
Coverage after gapped assembly: mean=10.34; stdev=13.16; max=1264; n_reads=1057770(45.8%)

Merging secondary stacks, allowing for gaps (min. match length 80.0%)...
  Merged 27094 out of 137974 secondary reads (19.6%).
Coverage after merging gapped secondary stacks: mean=10.61; stdev=14.45; max=1397; n_reads=1084864(47.0%)

Final number of stacks built: 104944
Final coverage: mean=10.61; stdev=14.45; max=1397; n_reads=1084864(47.0%)
Calling consensus sequences and haplotypes for catalog assembly...
Writing tags, SNPs, and alleles files to '00_Data/05a_Stacks.denovo.ALL.M4n4/S_23_01061'...done.
ustacks is done.
