

-t gzfastq -f ./00_Data/03a_Demultiplex/S_23_02108.1.fq.gz -o 00_Data/05a_Stacks.denovo.ALL.M1n1/ -i 417 -m 3 --name S_23_02108 -M 1 -p 8


ustacks parameters selected:
  Input file: './00_Data/03a_Demultiplex/S_23_02108.1.fq.gz'
  Sample ID: 417
  Min depth of coverage to create a stack (m): 3
  Repeat removal algorithm: enabled
  Max distance allowed between stacks (M): 1
  Max distance allowed to align secondary reads: 3
  Max number of stacks allowed per de novo locus: 3
  Deleveraging algorithm: disabled
  Gapped assembly: enabled
  Minimum alignment length: 0.8
  Model type: SNP
  Alpha significance level for model: 0.05

Loading RAD-Tags...1M...2M...3M...

Loaded 3772599 reads; formed:
  193114 stacks representing 3495475 primary reads (92.7%)
  248950 secondary stacks representing 277124 secondary reads (7.3%)

Stack coverage: mean=18.10; stdev=220.22; max=38663; n_reads=3495475(92.7%)
Removing repetitive stacks: cov > 679 (mean+3*stdev)...
  Blacklisted 9739 stacks.
Coverage after repeat removal: mean=13.31; stdev=23.30; max=679; n_reads=2440140(64.7%)

Assembling stacks (max. dist. M=1)...
  Assembled 183375 stacks into 152873; blacklisted 1787 stacks.
Coverage after assembling stacks: mean=13.11; stdev=15.13; max=701; n_reads=1977633(52.4%)

Merging secondary stacks (max. dist. N=3 from consensus)...
  Merged 115025 out of 277124 secondary reads (41.5%), 5259 merged with gapped alignments.
Coverage after merging secondary stacks: mean=13.87; stdev=15.70; max=734; n_reads=2092658(55.5%)

Assembling stacks, allowing for gaps (min. match length 80.0%)...
  Assembled 152873 stacks into 149461 stacks.
Coverage after gapped assembly: mean=14.20; stdev=16.02; max=734; n_reads=2092658(55.5%)

Merging secondary stacks, allowing for gaps (min. match length 80.0%)...
  Merged 10048 out of 162099 secondary reads (6.2%).
Coverage after merging gapped secondary stacks: mean=14.26; stdev=16.04; max=735; n_reads=2102706(55.7%)

Final number of stacks built: 149461
Final coverage: mean=14.26; stdev=16.04; max=735; n_reads=2102706(55.7%)
Calling consensus sequences and haplotypes for catalog assembly...
Writing tags, SNPs, and alleles files to '00_Data/05a_Stacks.denovo.ALL.M1n1/S_23_02108'...done.
ustacks is done.
