

-t gzfastq -f ./00_Data/03a_Demultiplex/S_23_02196.1.fq.gz -o 00_Data/05a_Stacks.denovo.ALL.M1n1/ -i 504 -m 3 --name S_23_02196 -M 1 -p 8


ustacks parameters selected:
  Input file: './00_Data/03a_Demultiplex/S_23_02196.1.fq.gz'
  Sample ID: 504
  Min depth of coverage to create a stack (m): 3
  Repeat removal algorithm: enabled
  Max distance allowed between stacks (M): 1
  Max distance allowed to align secondary reads: 3
  Max number of stacks allowed per de novo locus: 3
  Deleveraging algorithm: disabled
  Gapped assembly: enabled
  Minimum alignment length: 0.8
  Model type: SNP
  Alpha significance level for model: 0.05

Loading RAD-Tags...1M...2M...3M...

Loaded 3205492 reads; formed:
  178558 stacks representing 2870309 primary reads (89.5%)
  281247 secondary stacks representing 335183 secondary reads (10.5%)

Stack coverage: mean=16.07; stdev=132.82; max=25860; n_reads=2870309(89.5%)
Removing repetitive stacks: cov > 415 (mean+3*stdev)...
  Blacklisted 9264 stacks.
Coverage after repeat removal: mean=10.66; stdev=25.20; max=415; n_reads=1804257(56.3%)

Assembling stacks (max. dist. M=1)...
  Assembled 169294 stacks into 141084; blacklisted 2307 stacks.
Coverage after assembling stacks: mean=9.66; stdev=20.65; max=604; n_reads=1333886(41.6%)

Merging secondary stacks (max. dist. N=3 from consensus)...
  Merged 96453 out of 335183 secondary reads (28.8%), 3514 merged with gapped alignments.
Coverage after merging secondary stacks: mean=10.36; stdev=21.62; max=627; n_reads=1430339(44.6%)

Assembling stacks, allowing for gaps (min. match length 80.0%)...
  Assembled 141084 stacks into 139256 stacks.
Coverage after gapped assembly: mean=10.50; stdev=21.81; max=627; n_reads=1430339(44.6%)

Merging secondary stacks, allowing for gaps (min. match length 80.0%)...
  Merged 9242 out of 238730 secondary reads (3.9%).
Coverage after merging gapped secondary stacks: mean=10.57; stdev=21.84; max=627; n_reads=1439581(44.9%)

Final number of stacks built: 139256
Final coverage: mean=10.57; stdev=21.84; max=627; n_reads=1439581(44.9%)
Calling consensus sequences and haplotypes for catalog assembly...
Writing tags, SNPs, and alleles files to '00_Data/05a_Stacks.denovo.ALL.M1n1/S_23_02196'...done.
ustacks is done.
