

-t gzfastq -f ./00_Data/03a_Demultiplex/S_23_01261.1.fq.gz -o 00_Data/05a_Stacks.denovo.ALL.M4n4/ -i 195 -m 3 --name S_23_01261 -M 4 -p 8


ustacks parameters selected:
  Input file: './00_Data/03a_Demultiplex/S_23_01261.1.fq.gz'
  Sample ID: 195
  Min depth of coverage to create a stack (m): 3
  Repeat removal algorithm: enabled
  Max distance allowed between stacks (M): 4
  Max distance allowed to align secondary reads: 6
  Max number of stacks allowed per de novo locus: 3
  Deleveraging algorithm: disabled
  Gapped assembly: enabled
  Minimum alignment length: 0.8
  Model type: SNP
  Alpha significance level for model: 0.05

Loading RAD-Tags...1M...2M...3M...4M...5M...6M...

Loaded 6934380 reads; formed:
  236151 stacks representing 6447094 primary reads (93.0%)
  439773 secondary stacks representing 487286 secondary reads (7.0%)

Stack coverage: mean=27.30; stdev=358.77; max=81114; n_reads=6447094(93.0%)
Removing repetitive stacks: cov > 1104 (mean+3*stdev)...
  Blacklisted 11905 stacks.
Coverage after repeat removal: mean=20.35; stdev=36.32; max=1104; n_reads=4563954(65.8%)

Assembling stacks (max. dist. M=4)...
  Assembled 224246 stacks into 148124; blacklisted 3554 stacks.
Coverage after assembling stacks: mean=20.25; stdev=22.10; max=1102; n_reads=2922303(42.1%)

Merging secondary stacks (max. dist. N=6 from consensus)...
  Merged 231897 out of 487286 secondary reads (47.6%), 72865 merged with gapped alignments.
Coverage after merging secondary stacks: mean=21.86; stdev=24.14; max=1296; n_reads=3154200(45.5%)

Assembling stacks, allowing for gaps (min. match length 80.0%)...
  Assembled 148124 stacks into 139734 stacks.
Coverage after gapped assembly: mean=23.21; stdev=25.35; max=1296; n_reads=3154200(45.5%)

Merging secondary stacks, allowing for gaps (min. match length 80.0%)...
  Merged 56231 out of 255389 secondary reads (22.0%).
Coverage after merging gapped secondary stacks: mean=23.62; stdev=27.23; max=1792; n_reads=3210431(46.3%)

Final number of stacks built: 139734
Final coverage: mean=23.62; stdev=27.23; max=1792; n_reads=3210431(46.3%)
Calling consensus sequences and haplotypes for catalog assembly...
Writing tags, SNPs, and alleles files to '00_Data/05a_Stacks.denovo.ALL.M4n4/S_23_01261'...done.
ustacks is done.
