

-t gzfastq -f ./00_Data/03a_Demultiplex/S_23_02080.1.fq.gz -o 00_Data/05a_Stacks.denovo.ALL.M1n1/ -i 393 -m 3 --name S_23_02080 -M 1 -p 8


ustacks parameters selected:
  Input file: './00_Data/03a_Demultiplex/S_23_02080.1.fq.gz'
  Sample ID: 393
  Min depth of coverage to create a stack (m): 3
  Repeat removal algorithm: enabled
  Max distance allowed between stacks (M): 1
  Max distance allowed to align secondary reads: 3
  Max number of stacks allowed per de novo locus: 3
  Deleveraging algorithm: disabled
  Gapped assembly: enabled
  Minimum alignment length: 0.8
  Model type: SNP
  Alpha significance level for model: 0.05

Loading RAD-Tags...1M...2M...3M...4M...5M...6M...7M...8M...9M...

Loaded 9109224 reads; formed:
  248551 stacks representing 8517735 primary reads (93.5%)
  540094 secondary stacks representing 591489 secondary reads (6.5%)

Stack coverage: mean=34.27; stdev=545.91; max=150983; n_reads=8517735(93.5%)
Removing repetitive stacks: cov > 1673 (mean+3*stdev)...
  Blacklisted 11962 stacks.
Coverage after repeat removal: mean=25.91; stdev=46.11; max=1662; n_reads=6129222(67.3%)

Assembling stacks (max. dist. M=1)...
  Assembled 236589 stacks into 193307; blacklisted 2281 stacks.
Coverage after assembling stacks: mean=25.96; stdev=24.91; max=1382; n_reads=4953958(54.4%)

Merging secondary stacks (max. dist. N=3 from consensus)...
  Merged 260857 out of 591489 secondary reads (44.1%), 11195 merged with gapped alignments.
Coverage after merging secondary stacks: mean=27.33; stdev=25.71; max=1432; n_reads=5214815(57.2%)

Assembling stacks, allowing for gaps (min. match length 80.0%)...
  Assembled 193307 stacks into 188229 stacks.
Coverage after gapped assembly: mean=28.08; stdev=26.24; max=1432; n_reads=5214815(57.2%)

Merging secondary stacks, allowing for gaps (min. match length 80.0%)...
  Merged 18024 out of 330632 secondary reads (5.5%).
Coverage after merging gapped secondary stacks: mean=28.17; stdev=26.26; max=1432; n_reads=5232839(57.4%)

Final number of stacks built: 188229
Final coverage: mean=28.17; stdev=26.26; max=1432; n_reads=5232839(57.4%)
Calling consensus sequences and haplotypes for catalog assembly...
Writing tags, SNPs, and alleles files to '00_Data/05a_Stacks.denovo.ALL.M1n1/S_23_02080'...done.
ustacks is done.
