

-t gzfastq -f ./00_Data/03a_Demultiplex/S_23_01006.1.fq.gz -o 00_Data/05a_Stacks.denovo.ALL.M1n1/ -i 28 -m 3 --name S_23_01006 -M 1 -p 8


ustacks parameters selected:
  Input file: './00_Data/03a_Demultiplex/S_23_01006.1.fq.gz'
  Sample ID: 28
  Min depth of coverage to create a stack (m): 3
  Repeat removal algorithm: enabled
  Max distance allowed between stacks (M): 1
  Max distance allowed to align secondary reads: 3
  Max number of stacks allowed per de novo locus: 3
  Deleveraging algorithm: disabled
  Gapped assembly: enabled
  Minimum alignment length: 0.8
  Model type: SNP
  Alpha significance level for model: 0.05

Loading RAD-Tags...1M...2M...3M...4M...5M...6M...

Loaded 6178364 reads; formed:
  208141 stacks representing 5774157 primary reads (93.5%)
  366941 secondary stacks representing 404207 secondary reads (6.5%)

Stack coverage: mean=27.74; stdev=373.86; max=74933; n_reads=5774157(93.5%)
Removing repetitive stacks: cov > 1150 (mean+3*stdev)...
  Blacklisted 11229 stacks.
Coverage after repeat removal: mean=20.16; stdev=36.61; max=1144; n_reads=3969805(64.3%)

Assembling stacks (max. dist. M=1)...
  Assembled 196912 stacks into 160909; blacklisted 2123 stacks.
Coverage after assembling stacks: mean=20.00; stdev=22.27; max=993; n_reads=3170998(51.3%)

Merging secondary stacks (max. dist. N=3 from consensus)...
  Merged 187633 out of 404207 secondary reads (46.4%), 8474 merged with gapped alignments.
Coverage after merging secondary stacks: mean=21.18; stdev=23.07; max=1020; n_reads=3358631(54.4%)

Assembling stacks, allowing for gaps (min. match length 80.0%)...
  Assembled 160909 stacks into 157079 stacks.
Coverage after gapped assembly: mean=21.71; stdev=23.57; max=1020; n_reads=3358631(54.4%)

Merging secondary stacks, allowing for gaps (min. match length 80.0%)...
  Merged 14078 out of 216574 secondary reads (6.5%).
Coverage after merging gapped secondary stacks: mean=21.80; stdev=23.59; max=1020; n_reads=3372709(54.6%)

Final number of stacks built: 157079
Final coverage: mean=21.80; stdev=23.59; max=1020; n_reads=3372709(54.6%)
Calling consensus sequences and haplotypes for catalog assembly...
Writing tags, SNPs, and alleles files to '00_Data/05a_Stacks.denovo.ALL.M1n1/S_23_01006'...done.
ustacks is done.
