

-t gzfastq -f ./00_Data/03a_Demultiplex/S_23_01858.1.fq.gz -o 00_Data/05a_Stacks.denovo.ALL.M1n1/ -i 265 -m 3 --name S_23_01858 -M 1 -p 8


ustacks parameters selected:
  Input file: './00_Data/03a_Demultiplex/S_23_01858.1.fq.gz'
  Sample ID: 265
  Min depth of coverage to create a stack (m): 3
  Repeat removal algorithm: enabled
  Max distance allowed between stacks (M): 1
  Max distance allowed to align secondary reads: 3
  Max number of stacks allowed per de novo locus: 3
  Deleveraging algorithm: disabled
  Gapped assembly: enabled
  Minimum alignment length: 0.8
  Model type: SNP
  Alpha significance level for model: 0.05

Loading RAD-Tags...1M...2M...3M...

Loaded 3206962 reads; formed:
  198561 stacks representing 2902767 primary reads (90.5%)
  267795 secondary stacks representing 304195 secondary reads (9.5%)

Stack coverage: mean=14.62; stdev=180.93; max=39117; n_reads=2902767(90.5%)
Removing repetitive stacks: cov > 558 (mean+3*stdev)...
  Blacklisted 8917 stacks.
Coverage after repeat removal: mean=10.90; stdev=19.06; max=558; n_reads=2066472(64.4%)

Assembling stacks (max. dist. M=1)...
  Assembled 189644 stacks into 160377; blacklisted 1748 stacks.
Coverage after assembling stacks: mean=10.65; stdev=12.46; max=571; n_reads=1686495(52.6%)

Merging secondary stacks (max. dist. N=3 from consensus)...
  Merged 112311 out of 304195 secondary reads (36.9%), 4851 merged with gapped alignments.
Coverage after merging secondary stacks: mean=11.36; stdev=13.05; max=607; n_reads=1798806(56.1%)

Assembling stacks, allowing for gaps (min. match length 80.0%)...
  Assembled 160377 stacks into 157181 stacks.
Coverage after gapped assembly: mean=11.59; stdev=13.30; max=607; n_reads=1798806(56.1%)

Merging secondary stacks, allowing for gaps (min. match length 80.0%)...
  Merged 11408 out of 191884 secondary reads (5.9%).
Coverage after merging gapped secondary stacks: mean=11.66; stdev=13.35; max=609; n_reads=1810214(56.4%)

Final number of stacks built: 157181
Final coverage: mean=11.66; stdev=13.35; max=609; n_reads=1810214(56.4%)
Calling consensus sequences and haplotypes for catalog assembly...
Writing tags, SNPs, and alleles files to '00_Data/05a_Stacks.denovo.ALL.M1n1/S_23_01858'...done.
ustacks is done.
