

-t gzfastq -f ./00_Data/03a_Demultiplex/S_23_02194.1.fq.gz -o 00_Data/05a_Stacks.denovo.ALL.M4n4/ -i 502 -m 3 --name S_23_02194 -M 4 -p 8


ustacks parameters selected:
  Input file: './00_Data/03a_Demultiplex/S_23_02194.1.fq.gz'
  Sample ID: 502
  Min depth of coverage to create a stack (m): 3
  Repeat removal algorithm: enabled
  Max distance allowed between stacks (M): 4
  Max distance allowed to align secondary reads: 6
  Max number of stacks allowed per de novo locus: 3
  Deleveraging algorithm: disabled
  Gapped assembly: enabled
  Minimum alignment length: 0.8
  Model type: SNP
  Alpha significance level for model: 0.05

Loading RAD-Tags...1M...

Loaded 1554237 reads; formed:
  137047 stacks representing 1313095 primary reads (84.5%)
  195242 secondary stacks representing 241142 secondary reads (15.5%)

Stack coverage: mean=9.58; stdev=92.76; max=16162; n_reads=1313095(84.5%)
Removing repetitive stacks: cov > 288 (mean+3*stdev)...
  Blacklisted 6014 stacks.
Coverage after repeat removal: mean=7.38; stdev=12.04; max=287; n_reads=966494(62.2%)

Assembling stacks (max. dist. M=4)...
  Assembled 131033 stacks into 93527; blacklisted 2095 stacks.
Coverage after assembling stacks: mean=7.32; stdev=10.19; max=295; n_reads=667585(43.0%)

Merging secondary stacks (max. dist. N=6 from consensus)...
  Merged 74006 out of 241142 secondary reads (30.7%), 25666 merged with gapped alignments.
Coverage after merging secondary stacks: mean=8.13; stdev=12.44; max=1117; n_reads=741591(47.7%)

Assembling stacks, allowing for gaps (min. match length 80.0%)...
  Assembled 93527 stacks into 90545 stacks.
Coverage after gapped assembly: mean=8.40; stdev=12.87; max=1117; n_reads=741591(47.7%)

Merging secondary stacks, allowing for gaps (min. match length 80.0%)...
  Merged 24046 out of 167136 secondary reads (14.4%).
Coverage after merging gapped secondary stacks: mean=8.68; stdev=13.96; max=1179; n_reads=765637(49.3%)

Final number of stacks built: 90545
Final coverage: mean=8.68; stdev=13.96; max=1179; n_reads=765637(49.3%)
Calling consensus sequences and haplotypes for catalog assembly...
Writing tags, SNPs, and alleles files to '00_Data/05a_Stacks.denovo.ALL.M4n4/S_23_02194'...done.
ustacks is done.
