

--vcf 00_Data/06a_Filtering.denovo.buccinum.M1n1//A_90K/01_r75_MAF01/populations.snps.vcf --recode --indv S_23_02256 --indv S_23_00994 --indv S_23_01054 --indv S_23_01852 --indv S_23_01847 --indv S_23_01872 --indv S_23_01804 --indv S_23_01811 --indv S_23_01216 --indv S_23_01010 --indv S_23_01060 --indv S_23_01155 --indv S_23_01026 --indv S_23_01905 --indv S_23_01809 --indv S_23_01277 --indv S_23_01244 --indv S_23_01108 --indv S_23_02028 --indv S_23_01145 --indv S_23_01073 --indv S_23_01098 --indv S_23_01175 --indv S_23_01059 --indv S_23_01999 --indv S_23_01196 --indv S_23_02192 --indv S_23_02116 --indv S_23_01245 --indv S_23_02156 --indv S_23_01208 --indv S_23_02180 --indv S_23_01201 --indv S_23_01272 --indv S_23_01857 --indv S_23_02143 --indv S_23_01200 --indv S_23_01218 --indv S_23_01209 --indv S_23_01159 --indv S_23_01115 --indv S_23_02159 --indv S_23_01102 --indv S_23_01789 --indv S_23_01151 --indv S_23_01207 --indv S_23_01146 --indv S_23_01246 --indv S_23_01802 --indv S_23_01875 --indv S_23_02155 --indv S_23_01103 --indv S_23_01072 --indv S_23_02006 --indv S_23_01253 --indv S_23_01873 --indv S_23_01157 --indv S_23_01076 --indv S_23_01894 --indv S_23_01214 --indv S_23_01003 --indv S_23_02140 --indv S_23_01813 --indv S_23_01864 --indv S_23_01918 --indv S_23_01096 --indv S_23_01113 --indv S_23_02179 --indv S_23_02144 --indv S_23_01252 --indv S_23_01915 --indv S_23_02115 --indv S_23_01855 --indv S_23_01122 --indv S_23_00992 --indv S_23_00983 --indv S_23_01047 --indv S_23_02146 --indv S_23_01162 --indv S_23_02111 --indv S_23_02105 --indv S_23_02214 --indv S_23_02113 --indv S_23_01172 --indv S_23_02102 --indv S_23_02059 --indv S_23_02139 --indv S_23_02162 --indv S_23_01210 --indv S_23_02119 --indv S_23_02109 --indv S_23_01249 --indv S_23_01823 --indv S_23_02169 --indv S_23_02026 --indv S_23_01878 --indv S_23_01046 --indv S_23_02158 --indv S_23_02124 --indv S_23_01164 --indv S_23_02032 --indv S_23_02118 --indv S_23_02057 --indv S_23_01212 --indv S_23_02005 --indv S_23_01171 --indv S_23_01263 --indv S_23_02260 --indv S_23_01170 --indv S_23_01217 --indv S_23_02161_rep --indv S_23_02008 --indv S_23_02104 --indv S_23_01065 --indv S_23_01259 --indv S_23_01007 --indv S_23_02040 --indv S_23_01197 --indv S_23_02125_rep --indv S_23_01045 --indv S_23_02160 --indv S_23_01874 --indv S_23_02120 --indv S_23_00988 --indv S_23_02151 --indv S_23_00989 --indv S_23_02178 --indv S_23_01251 --indv S_23_02154 --indv S_23_01261 --indv S_23_02257 --indv S_23_02112 --indv S_23_00995 --indv S_23_00982 --indv S_23_02259 --indv S_23_02107 --indv S_23_01144 --indv S_23_02011 --indv S_23_01808 --indv S_23_01815 --indv S_23_02240 --indv S_23_02096 --indv S_23_02122 --indv S_23_02014 --indv S_23_01198 --indv S_23_01222 --indv S_23_02176 --indv S_23_01053 --indv S_23_01168 --indv S_23_01152 --indv S_23_02123 --indv S_23_01118 --indv S_23_02181 --indv S_23_02101 --indv S_23_02255 --indv S_23_01803_rep --indv S_23_02267 --indv S_23_01178 --indv S_23_02166 --indv S_23_02136 --indv S_23_02174 --indv S_23_02145 --indv S_23_02127 --indv S_23_01278 --indv S_23_01258 --indv S_23_01064 --indv S_23_01173 --indv S_23_02149 --indv S_23_01221 --indv S_23_01204 --indv S_23_01177 --indv S_23_01008 --indv S_23_01149 --indv S_23_01268 --indv S_23_01916 --indv S_23_02095 --indv S_23_02245 --indv S_23_01224 --indv S_23_01147 --indv S_23_02121 --indv S_23_01106 --indv S_23_02106 --indv S_23_02262 --indv S_23_01123 --indv S_23_01262 --indv S_23_01116 --indv S_23_02009 --indv S_23_02132 --indv S_23_01215 --indv S_23_02117 --indv S_23_01013 --indv S_23_02167 --indv S_23_02141 --indv S_23_01877 --indv S_23_02175 --indv S_23_02244 --indv S_23_00997 --indv S_23_01160 --indv S_23_02134 --indv S_23_01256 --indv S_23_02251 --indv S_23_01923 --indv S_23_02001 --indv S_23_01819 --indv S_23_02129 --indv S_23_01798 --indv S_23_01153 --indv S_23_00981 --indv S_23_02147 --indv S_23_02152 --indv S_23_02246 --indv S_23_02254 --indv S_23_02150 --indv S_23_01260 --indv S_23_01807 --indv S_23_02153 --indv S_23_02237 --indv S_23_02168 --indv S_23_01109 --indv S_23_02137 --indv S_23_01928 --indv S_23_01270 --indv S_23_01805 --indv S_23_01156 --indv S_23_01206 --indv S_23_01859 --indv S_23_01150 --indv S_23_01273 --indv S_23_00986 --indv S_23_00990 --indv S_23_02037 --indv S_23_02033 --indv S_23_01114 --indv S_23_02263 --indv S_23_02126 --indv S_23_01169 --indv S_23_01254 --indv S_23_02177 --indv S_23_01111 --indv S_23_01824 --indv S_23_01126 --indv S_23_02108 --indv S_23_01205 --indv S_23_01917 --indv S_23_01194 --indv S_23_01174 --indv S_23_02034 --indv S_23_02148 --indv S_23_01858 --indv S_23_01195 --indv S_23_01871 --indv S_23_01228 --indv S_23_01006 --indv S_23_01163 --indv S_23_02249 --indv S_23_00999 --indv S_23_02210 --indv S_23_01925 --indv S_23_02131 --indv S_23_00980 --indv S_23_01795 --indv S_23_02029 --indv S_23_02128 --indv S_23_02114 --indv S_23_01099 --indv S_23_01267 --indv S_23_01124 --indv S_23_01860 --indv S_23_01048 --indv S_23_01911 --indv S_23_01926 --indv S_23_02205 --indv S_23_01869 --indv S_23_01247 --indv S_23_02157 --indv S_23_02021 --indv S_23_02213 --indv S_23_01004 --indv S_23_00991 --indv S_23_02100 --indv S_23_01043 --indv S_23_01056 --indv S_23_01067 --indv S_23_01846 --indv S_23_01904 --indv S_23_01810 --indv S_23_02247 --indv S_23_02017 --indv S_23_02110 --indv S_23_01107 --indv S_23_02258 --indv S_23_01848 --indv S_23_01851 --indv S_23_02211 --indv S_23_01269 --indv S_23_02218 --indv S_23_02239 --indv S_23_01213 --indv S_23_02048 --indv S_23_01011 --indv S_23_01924 --indv S_23_01912 --indv S_23_02098 --indv S_23_01005 --indv S_23_01817 --indv S_23_01900 --indv S_23_02241 --indv S_23_01078 --indv S_23_01199 --indv S_23_02165 --indv S_23_02264 --indv S_23_02022 --indv S_23_02170 --indv S_23_01907 --indv S_23_01250 --indv S_23_01248 --indv S_23_02200 --indv S_23_01257 --indv S_23_00993 --indv S_23_02138 --indv S_23_02133 --indv S_23_01276 --indv S_23_01828 --indv S_23_00985 --indv S_23_01842 --indv S_23_01104 --indv S_23_01227 --indv S_23_01154 --indv S_23_01077 --indv S_23_01275 --indv S_23_01265 --indv S_23_00996 --indv S_23_01264 --indv S_23_01801 --indv S_23_00998 --indv S_23_01193 --indv S_23_01266 --indv S_23_01002 --indv S_23_01176 --indv S_23_01223 --indv S_23_01843 --indv S_23_01167 --indv S_23_02020 --indv S_23_01806 --indv S_23_01158 --indv S_23_02035 --indv S_23_01161 --indv S_23_01274 --indv S_23_02198 --indv S_23_01890 --indv S_23_01876 --indv S_23_00979 --indv S_23_00987 --indv S_23_01165 --indv S_23_01899 --indv S_23_02042 --indv S_23_01895 --indv S_23_01797 --indv S_23_01128 --indv S_23_02199 --indv S_23_01220 --indv S_23_01927 --indv S_23_01792 --indv S_23_02238 --indv S_23_02268 --indv S_23_01799 --indv S_23_02163 --indv S_23_01921 --indv S_23_02269 --indv S_23_01796 --indv S_23_02250 --indv S_23_01226 --indv S_23_02019 --indv S_23_01898 --indv S_23_01896 --indv S_23_02193 --indv S_23_01000 --indv S_23_02212 --indv S_23_02186 --indv S_23_01211 --indv S_23_00984 --indv S_23_01794 --indv S_23_01203 --indv S_23_01908 --indv S_23_01818 --indv S_23_02171 --indv S_23_01821 --indv S_23_01800 --indv S_23_01166 --indv S_23_01255 --indv S_23_02243 --indv S_23_01001 --indv S_23_01075 --indv S_23_01867 --indv S_23_02172 --indv S_23_01120 --indv S_23_01863 --indv S_23_02190 --indv S_23_02027 --indv S_23_02208 --indv S_23_02099 --indv S_23_01070 --indv S_23_01850 --indv S_23_02004 --indv S_23_02025 --indv S_23_02173 --indv S_23_01050 --indv S_23_02031 --indv S_23_01865 --indv S_23_02142 --indv S_23_01814 --indv S_23_01061 --indv S_23_01219 --indv S_23_02010 --indv S_23_01012 --indv S_23_01271 --indv S_23_02187 --indv S_23_02046 --indv S_23_02002 --indv S_23_02189 --indv S_23_01148 --indv S_23_01845 --indv S_23_01820 --indv S_23_01112 --indv S_23_01812 --indv S_23_01117 --indv S_23_02196 --indv S_23_01844 --indv S_23_02204 --indv S_23_02201 --indv S_23_02191 --out 00_Data/06a_Filtering.denovo.buccinum.M1n1//A_90K/02_MissingData/populations.snps.431ind.vcf



VCFtools - 0.1.16
(C) Adam Auton and Anthony Marcketta 2009

Parameters as interpreted:
	--vcf 00_Data/06a_Filtering.denovo.buccinum.M1n1//A_90K/01_r75_MAF01/populations.snps.vcf
	--out 00_Data/06a_Filtering.denovo.buccinum.M1n1//A_90K/02_MissingData/populations.snps.431ind.vcf
	--recode
	--indv S_23_00979
	--indv S_23_00980
	--indv S_23_00981
	--indv S_23_00982
	--indv S_23_00983
	--indv S_23_00984
	--indv S_23_00985
	--indv S_23_00986
	--indv S_23_00987
	--indv S_23_00988
	--indv S_23_00989
	--indv S_23_00990
	--indv S_23_00991
	--indv S_23_00992
	--indv S_23_00993
	--indv S_23_00994
	--indv S_23_00995
	--indv S_23_00996
	--indv S_23_00997
	--indv S_23_00998
	--indv S_23_00999
	--indv S_23_01000
	--indv S_23_01001
	--indv S_23_01002
	--indv S_23_01003
	--indv S_23_01004
	--indv S_23_01005
	--indv S_23_01006
	--indv S_23_01007
	--indv S_23_01008
	--indv S_23_01010
	--indv S_23_01011
	--indv S_23_01012
	--indv S_23_01013
	--indv S_23_01026
	--indv S_23_01043
	--indv S_23_01045
	--indv S_23_01046
	--indv S_23_01047
	--indv S_23_01048
	--indv S_23_01050
	--indv S_23_01053
	--indv S_23_01054
	--indv S_23_01056
	--indv S_23_01059
	--indv S_23_01060
	--indv S_23_01061
	--indv S_23_01064
	--indv S_23_01065
	--indv S_23_01067
	--indv S_23_01070
	--indv S_23_01072
	--indv S_23_01073
	--indv S_23_01075
	--indv S_23_01076
	--indv S_23_01077
	--indv S_23_01078
	--indv S_23_01096
	--indv S_23_01098
	--indv S_23_01099
	--indv S_23_01102
	--indv S_23_01103
	--indv S_23_01104
	--indv S_23_01106
	--indv S_23_01107
	--indv S_23_01108
	--indv S_23_01109
	--indv S_23_01111
	--indv S_23_01112
	--indv S_23_01113
	--indv S_23_01114
	--indv S_23_01115
	--indv S_23_01116
	--indv S_23_01117
	--indv S_23_01118
	--indv S_23_01120
	--indv S_23_01122
	--indv S_23_01123
	--indv S_23_01124
	--indv S_23_01126
	--indv S_23_01128
	--indv S_23_01144
	--indv S_23_01145
	--indv S_23_01146
	--indv S_23_01147
	--indv S_23_01148
	--indv S_23_01149
	--indv S_23_01150
	--indv S_23_01151
	--indv S_23_01152
	--indv S_23_01153
	--indv S_23_01154
	--indv S_23_01155
	--indv S_23_01156
	--indv S_23_01157
	--indv S_23_01158
	--indv S_23_01159
	--indv S_23_01160
	--indv S_23_01161
	--indv S_23_01162
	--indv S_23_01163
	--indv S_23_01164
	--indv S_23_01165
	--indv S_23_01166
	--indv S_23_01167
	--indv S_23_01168
	--indv S_23_01169
	--indv S_23_01170
	--indv S_23_01171
	--indv S_23_01172
	--indv S_23_01173
	--indv S_23_01174
	--indv S_23_01175
	--indv S_23_01176
	--indv S_23_01177
	--indv S_23_01178
	--indv S_23_01193
	--indv S_23_01194
	--indv S_23_01195
	--indv S_23_01196
	--indv S_23_01197
	--indv S_23_01198
	--indv S_23_01199
	--indv S_23_01200
	--indv S_23_01201
	--indv S_23_01203
	--indv S_23_01204
	--indv S_23_01205
	--indv S_23_01206
	--indv S_23_01207
	--indv S_23_01208
	--indv S_23_01209
	--indv S_23_01210
	--indv S_23_01211
	--indv S_23_01212
	--indv S_23_01213
	--indv S_23_01214
	--indv S_23_01215
	--indv S_23_01216
	--indv S_23_01217
	--indv S_23_01218
	--indv S_23_01219
	--indv S_23_01220
	--indv S_23_01221
	--indv S_23_01222
	--indv S_23_01223
	--indv S_23_01224
	--indv S_23_01226
	--indv S_23_01227
	--indv S_23_01228
	--indv S_23_01244
	--indv S_23_01245
	--indv S_23_01246
	--indv S_23_01247
	--indv S_23_01248
	--indv S_23_01249
	--indv S_23_01250
	--indv S_23_01251
	--indv S_23_01252
	--indv S_23_01253
	--indv S_23_01254
	--indv S_23_01255
	--indv S_23_01256
	--indv S_23_01257
	--indv S_23_01258
	--indv S_23_01259
	--indv S_23_01260
	--indv S_23_01261
	--indv S_23_01262
	--indv S_23_01263
	--indv S_23_01264
	--indv S_23_01265
	--indv S_23_01266
	--indv S_23_01267
	--indv S_23_01268
	--indv S_23_01269
	--indv S_23_01270
	--indv S_23_01271
	--indv S_23_01272
	--indv S_23_01273
	--indv S_23_01274
	--indv S_23_01275
	--indv S_23_01276
	--indv S_23_01277
	--indv S_23_01278
	--indv S_23_01789
	--indv S_23_01792
	--indv S_23_01794
	--indv S_23_01795
	--indv S_23_01796
	--indv S_23_01797
	--indv S_23_01798
	--indv S_23_01799
	--indv S_23_01800
	--indv S_23_01801
	--indv S_23_01802
	--indv S_23_01803_rep
	--indv S_23_01804
	--indv S_23_01805
	--indv S_23_01806
	--indv S_23_01807
	--indv S_23_01808
	--indv S_23_01809
	--indv S_23_01810
	--indv S_23_01811
	--indv S_23_01812
	--indv S_23_01813
	--indv S_23_01814
	--indv S_23_01815
	--indv S_23_01817
	--indv S_23_01818
	--indv S_23_01819
	--indv S_23_01820
	--indv S_23_01821
	--indv S_23_01823
	--indv S_23_01824
	--indv S_23_01828
	--indv S_23_01842
	--indv S_23_01843
	--indv S_23_01844
	--indv S_23_01845
	--indv S_23_01846
	--indv S_23_01847
	--indv S_23_01848
	--indv S_23_01850
	--indv S_23_01851
	--indv S_23_01852
	--indv S_23_01855
	--indv S_23_01857
	--indv S_23_01858
	--indv S_23_01859
	--indv S_23_01860
	--indv S_23_01863
	--indv S_23_01864
	--indv S_23_01865
	--indv S_23_01867
	--indv S_23_01869
	--indv S_23_01871
	--indv S_23_01872
	--indv S_23_01873
	--indv S_23_01874
	--indv S_23_01875
	--indv S_23_01876
	--indv S_23_01877
	--indv S_23_01878
	--indv S_23_01890
	--indv S_23_01894
	--indv S_23_01895
	--indv S_23_01896
	--indv S_23_01898
	--indv S_23_01899
	--indv S_23_01900
	--indv S_23_01904
	--indv S_23_01905
	--indv S_23_01907
	--indv S_23_01908
	--indv S_23_01911
	--indv S_23_01912
	--indv S_23_01915
	--indv S_23_01916
	--indv S_23_01917
	--indv S_23_01918
	--indv S_23_01921
	--indv S_23_01923
	--indv S_23_01924
	--indv S_23_01925
	--indv S_23_01926
	--indv S_23_01927
	--indv S_23_01928
	--indv S_23_01999
	--indv S_23_02001
	--indv S_23_02002
	--indv S_23_02004
	--indv S_23_02005
	--indv S_23_02006
	--indv S_23_02008
	--indv S_23_02009
	--indv S_23_02010
	--indv S_23_02011
	--indv S_23_02014
	--indv S_23_02017
	--indv S_23_02019
	--indv S_23_02020
	--indv S_23_02021
	--indv S_23_02022
	--indv S_23_02025
	--indv S_23_02026
	--indv S_23_02027
	--indv S_23_02028
	--indv S_23_02029
	--indv S_23_02031
	--indv S_23_02032
	--indv S_23_02033
	--indv S_23_02034
	--indv S_23_02035
	--indv S_23_02037
	--indv S_23_02040
	--indv S_23_02042
	--indv S_23_02046
	--indv S_23_02048
	--indv S_23_02057
	--indv S_23_02059
	--indv S_23_02095
	--indv S_23_02096
	--indv S_23_02098
	--indv S_23_02099
	--indv S_23_02100
	--indv S_23_02101
	--indv S_23_02102
	--indv S_23_02104
	--indv S_23_02105
	--indv S_23_02106
	--indv S_23_02107
	--indv S_23_02108
	--indv S_23_02109
	--indv S_23_02110
	--indv S_23_02111
	--indv S_23_02112
	--indv S_23_02113
	--indv S_23_02114
	--indv S_23_02115
	--indv S_23_02116
	--indv S_23_02117
	--indv S_23_02118
	--indv S_23_02119
	--indv S_23_02120
	--indv S_23_02121
	--indv S_23_02122
	--indv S_23_02123
	--indv S_23_02124
	--indv S_23_02125_rep
	--indv S_23_02126
	--indv S_23_02127
	--indv S_23_02128
	--indv S_23_02129
	--indv S_23_02131
	--indv S_23_02132
	--indv S_23_02133
	--indv S_23_02134
	--indv S_23_02136
	--indv S_23_02137
	--indv S_23_02138
	--indv S_23_02139
	--indv S_23_02140
	--indv S_23_02141
	--indv S_23_02142
	--indv S_23_02143
	--indv S_23_02144
	--indv S_23_02145
	--indv S_23_02146
	--indv S_23_02147
	--indv S_23_02148
	--indv S_23_02149
	--indv S_23_02150
	--indv S_23_02151
	--indv S_23_02152
	--indv S_23_02153
	--indv S_23_02154
	--indv S_23_02155
	--indv S_23_02156
	--indv S_23_02157
	--indv S_23_02158
	--indv S_23_02159
	--indv S_23_02160
	--indv S_23_02161_rep
	--indv S_23_02162
	--indv S_23_02163
	--indv S_23_02165
	--indv S_23_02166
	--indv S_23_02167
	--indv S_23_02168
	--indv S_23_02169
	--indv S_23_02170
	--indv S_23_02171
	--indv S_23_02172
	--indv S_23_02173
	--indv S_23_02174
	--indv S_23_02175
	--indv S_23_02176
	--indv S_23_02177
	--indv S_23_02178
	--indv S_23_02179
	--indv S_23_02180
	--indv S_23_02181
	--indv S_23_02186
	--indv S_23_02187
	--indv S_23_02189
	--indv S_23_02190
	--indv S_23_02191
	--indv S_23_02192
	--indv S_23_02193
	--indv S_23_02196
	--indv S_23_02198
	--indv S_23_02199
	--indv S_23_02200
	--indv S_23_02201
	--indv S_23_02204
	--indv S_23_02205
	--indv S_23_02208
	--indv S_23_02210
	--indv S_23_02211
	--indv S_23_02212
	--indv S_23_02213
	--indv S_23_02214
	--indv S_23_02218
	--indv S_23_02237
	--indv S_23_02238
	--indv S_23_02239
	--indv S_23_02240
	--indv S_23_02241
	--indv S_23_02243
	--indv S_23_02244
	--indv S_23_02245
	--indv S_23_02246
	--indv S_23_02247
	--indv S_23_02249
	--indv S_23_02250
	--indv S_23_02251
	--indv S_23_02254
	--indv S_23_02255
	--indv S_23_02256
	--indv S_23_02257
	--indv S_23_02258
	--indv S_23_02259
	--indv S_23_02260
	--indv S_23_02262
	--indv S_23_02263
	--indv S_23_02264
	--indv S_23_02267
	--indv S_23_02268
	--indv S_23_02269

Keeping individuals in 'keep' list
After filtering, kept 431 out of 451 Individuals
Outputting VCF file...
After filtering, kept 161785 out of a possible 161785 Sites
Run Time = 91.00 seconds
