

--cv /media/genyoda/Extra_Storage/Projets/Buccin_ddRAD_2024/./00_Data/06a_Filtering.denovo.buccinum.M1n1/A_90K/08_Final/populations.23405snps.431ind.single.final.bed 5 -j8


****                   ADMIXTURE Version 1.3.0                  ****
****                    Copyright 2008-2015                     ****
****           David Alexander, Suyash Shringarpure,            ****
****                John  Novembre, Ken Lange                   ****
****                                                            ****
****                 Please cite our paper!                     ****
****   Information at www.genetics.ucla.edu/software/admixture  ****

Cross-validation will be performed.  Folds=5.
Parallel execution requested.  Will use 8 threads.
Random seed: 43
Point estimation method: Block relaxation algorithm
Convergence acceleration algorithm: QuasiNewton, 3 secant conditions
Point estimation will terminate when objective function delta < 0.0001
Estimation of standard errors disabled; will compute point estimates only.
Size of G: 431x23405
Performing five EM steps to prime main algorithm
1 (EM) 	Elapsed: 0.999	Loglikelihood: -8.37032e+06	(delta): 6.22904e+06
2 (EM) 	Elapsed: 1.312	Loglikelihood: -8.04095e+06	(delta): 329377
3 (EM) 	Elapsed: 1.402	Loglikelihood: -7.96733e+06	(delta): 73617.8
4 (EM) 	Elapsed: 1.14	Loglikelihood: -7.9266e+06	(delta): 40727.5
5 (EM) 	Elapsed: 1.164	Loglikelihood: -7.89843e+06	(delta): 28175.3
Initial loglikelihood: -7.89843e+06
Starting main algorithm
1 (QN/Block) 	Elapsed: 2.722	Loglikelihood: -7.63074e+06	(delta): 267681
2 (QN/Block) 	Elapsed: 2.71	Loglikelihood: -7.53657e+06	(delta): 94177.1
3 (QN/Block) 	Elapsed: 2.778	Loglikelihood: -7.52073e+06	(delta): 15838
4 (QN/Block) 	Elapsed: 2.807	Loglikelihood: -7.51413e+06	(delta): 6604.14
5 (QN/Block) 	Elapsed: 2.85	Loglikelihood: -7.51118e+06	(delta): 2943.77
6 (QN/Block) 	Elapsed: 2.774	Loglikelihood: -7.5085e+06	(delta): 2680.53
7 (QN/Block) 	Elapsed: 2.76	Loglikelihood: -7.50708e+06	(delta): 1422.62
8 (QN/Block) 	Elapsed: 2.814	Loglikelihood: -7.50614e+06	(delta): 933.604
9 (QN/Block) 	Elapsed: 2.757	Loglikelihood: -7.50566e+06	(delta): 484.739
10 (QN/Block) 	Elapsed: 2.76	Loglikelihood: -7.5052e+06	(delta): 459.254
11 (QN/Block) 	Elapsed: 2.798	Loglikelihood: -7.50427e+06	(delta): 931.508
12 (QN/Block) 	Elapsed: 2.791	Loglikelihood: -7.50349e+06	(delta): 780.378
13 (QN/Block) 	Elapsed: 2.737	Loglikelihood: -7.50255e+06	(delta): 940.68
14 (QN/Block) 	Elapsed: 2.749	Loglikelihood: -7.50206e+06	(delta): 491.484
15 (QN/Block) 	Elapsed: 2.743	Loglikelihood: -7.50156e+06	(delta): 501.496
16 (QN/Block) 	Elapsed: 2.806	Loglikelihood: -7.50137e+06	(delta): 188.157
17 (QN/Block) 	Elapsed: 2.749	Loglikelihood: -7.5013e+06	(delta): 63.4202
18 (QN/Block) 	Elapsed: 2.735	Loglikelihood: -7.50127e+06	(delta): 32.4154
19 (QN/Block) 	Elapsed: 2.741	Loglikelihood: -7.50125e+06	(delta): 18.497
20 (QN/Block) 	Elapsed: 2.748	Loglikelihood: -7.50124e+06	(delta): 14.931
21 (QN/Block) 	Elapsed: 2.748	Loglikelihood: -7.50123e+06	(delta): 8.43561
22 (QN/Block) 	Elapsed: 2.762	Loglikelihood: -7.50122e+06	(delta): 9.87173
23 (QN/Block) 	Elapsed: 2.745	Loglikelihood: -7.50122e+06	(delta): 2.53641
24 (QN/Block) 	Elapsed: 2.731	Loglikelihood: -7.50122e+06	(delta): 1.04795
25 (QN/Block) 	Elapsed: 2.743	Loglikelihood: -7.50122e+06	(delta): 0.403081
26 (QN/Block) 	Elapsed: 2.75	Loglikelihood: -7.50122e+06	(delta): 0.187037
27 (QN/Block) 	Elapsed: 2.737	Loglikelihood: -7.50122e+06	(delta): 0.0119918
28 (QN/Block) 	Elapsed: 2.766	Loglikelihood: -7.50122e+06	(delta): 0.00764118
29 (QN/Block) 	Elapsed: 2.754	Loglikelihood: -7.50122e+06	(delta): 0.000659449
30 (QN/Block) 	Elapsed: 2.757	Loglikelihood: -7.50122e+06	(delta): 0.000266284
31 (QN/Block) 	Elapsed: 2.738	Loglikelihood: -7.50122e+06	(delta): 6.02836e-05
Summary: 
Converged in 31 iterations (92.15 sec)
Loglikelihood: -7501215.190447
Fst divergences between estimated populations: 
	Pop0	Pop1	Pop2	Pop3	
Pop0	
Pop1	0.044	
Pop2	0.041	0.039	
Pop3	0.082	0.086	0.085	
Pop4	0.035	0.033	0.030	0.073	
CV error (K=5): 0.46583
Writing output files.
