

--cv /media/genyoda/Extra_Storage/Projets/Buccin_ddRAD_2024/./00_Data/06a_Filtering.denovo.buccinum.M1n1/A_90K/08_Final/populations.23405snps.431ind.single.final.bed 11 -j8


****                   ADMIXTURE Version 1.3.0                  ****
****                    Copyright 2008-2015                     ****
****           David Alexander, Suyash Shringarpure,            ****
****                John  Novembre, Ken Lange                   ****
****                                                            ****
****                 Please cite our paper!                     ****
****   Information at www.genetics.ucla.edu/software/admixture  ****

Cross-validation will be performed.  Folds=5.
Parallel execution requested.  Will use 8 threads.
Random seed: 43
Point estimation method: Block relaxation algorithm
Convergence acceleration algorithm: QuasiNewton, 3 secant conditions
Point estimation will terminate when objective function delta < 0.0001
Estimation of standard errors disabled; will compute point estimates only.
Size of G: 431x23405
Performing five EM steps to prime main algorithm
1 (EM) 	Elapsed: 1.782	Loglikelihood: -8.33426e+06	(delta): 5.59504e+06
2 (EM) 	Elapsed: 1.778	Loglikelihood: -7.99574e+06	(delta): 338516
3 (EM) 	Elapsed: 1.777	Loglikelihood: -7.9398e+06	(delta): 55943
4 (EM) 	Elapsed: 1.773	Loglikelihood: -7.90923e+06	(delta): 30573.9
5 (EM) 	Elapsed: 1.774	Loglikelihood: -7.88542e+06	(delta): 23802.6
Initial loglikelihood: -7.88542e+06
Starting main algorithm
1 (QN/Block) 	Elapsed: 3.715	Loglikelihood: -7.54394e+06	(delta): 341478
2 (QN/Block) 	Elapsed: 3.709	Loglikelihood: -7.46405e+06	(delta): 79896
3 (QN/Block) 	Elapsed: 3.797	Loglikelihood: -7.43593e+06	(delta): 28123.1
4 (QN/Block) 	Elapsed: 3.873	Loglikelihood: -7.4136e+06	(delta): 22326.1
5 (QN/Block) 	Elapsed: 3.841	Loglikelihood: -7.40312e+06	(delta): 10482
6 (QN/Block) 	Elapsed: 3.812	Loglikelihood: -7.39128e+06	(delta): 11838.6
7 (QN/Block) 	Elapsed: 3.863	Loglikelihood: -7.38578e+06	(delta): 5497.82
8 (QN/Block) 	Elapsed: 3.805	Loglikelihood: -7.38238e+06	(delta): 3396.55
9 (QN/Block) 	Elapsed: 3.828	Loglikelihood: -7.3804e+06	(delta): 1980.32
10 (QN/Block) 	Elapsed: 3.857	Loglikelihood: -7.37913e+06	(delta): 1269.72
11 (QN/Block) 	Elapsed: 3.82	Loglikelihood: -7.37825e+06	(delta): 888.328
12 (QN/Block) 	Elapsed: 3.866	Loglikelihood: -7.37754e+06	(delta): 704.273
13 (QN/Block) 	Elapsed: 3.847	Loglikelihood: -7.37709e+06	(delta): 448.685
14 (QN/Block) 	Elapsed: 3.803	Loglikelihood: -7.37677e+06	(delta): 326.194
15 (QN/Block) 	Elapsed: 3.804	Loglikelihood: -7.37651e+06	(delta): 254.907
16 (QN/Block) 	Elapsed: 3.828	Loglikelihood: -7.37634e+06	(delta): 170.119
17 (QN/Block) 	Elapsed: 3.796	Loglikelihood: -7.37626e+06	(delta): 81.7261
18 (QN/Block) 	Elapsed: 3.829	Loglikelihood: -7.37609e+06	(delta): 169.029
19 (QN/Block) 	Elapsed: 3.788	Loglikelihood: -7.37601e+06	(delta): 85.4515
20 (QN/Block) 	Elapsed: 3.8	Loglikelihood: -7.37593e+06	(delta): 79.8715
21 (QN/Block) 	Elapsed: 4.62	Loglikelihood: -7.37585e+06	(delta): 76.1323
22 (QN/Block) 	Elapsed: 4.779	Loglikelihood: -7.37576e+06	(delta): 87.315
23 (QN/Block) 	Elapsed: 4.757	Loglikelihood: -7.37571e+06	(delta): 50.7344
24 (QN/Block) 	Elapsed: 4.777	Loglikelihood: -7.37562e+06	(delta): 87.9578
25 (QN/Block) 	Elapsed: 4.78	Loglikelihood: -7.37557e+06	(delta): 50.478
26 (QN/Block) 	Elapsed: 4.766	Loglikelihood: -7.37553e+06	(delta): 46.3214
27 (QN/Block) 	Elapsed: 4.829	Loglikelihood: -7.37547e+06	(delta): 53.3001
28 (QN/Block) 	Elapsed: 4.812	Loglikelihood: -7.3754e+06	(delta): 69.6797
29 (QN/Block) 	Elapsed: 4.834	Loglikelihood: -7.37538e+06	(delta): 20.3363
30 (QN/Block) 	Elapsed: 4.752	Loglikelihood: -7.37537e+06	(delta): 18.195
31 (QN/Block) 	Elapsed: 4.843	Loglikelihood: -7.37535e+06	(delta): 10.9958
32 (QN/Block) 	Elapsed: 4.796	Loglikelihood: -7.37533e+06	(delta): 19.4574
33 (QN/Block) 	Elapsed: 4.83	Loglikelihood: -7.37533e+06	(delta): 6.86899
34 (QN/Block) 	Elapsed: 4.833	Loglikelihood: -7.37532e+06	(delta): 3.51394
35 (QN/Block) 	Elapsed: 4.811	Loglikelihood: -7.37532e+06	(delta): 2.84599
36 (QN/Block) 	Elapsed: 4.816	Loglikelihood: -7.37532e+06	(delta): 3.10386
37 (QN/Block) 	Elapsed: 4.795	Loglikelihood: -7.37532e+06	(delta): 3.31989
38 (QN/Block) 	Elapsed: 4.756	Loglikelihood: -7.37531e+06	(delta): 1.08082
39 (QN/Block) 	Elapsed: 4.837	Loglikelihood: -7.37531e+06	(delta): 1.00551
40 (QN/Block) 	Elapsed: 4.86	Loglikelihood: -7.37531e+06	(delta): 0.24878
41 (QN/Block) 	Elapsed: 4.847	Loglikelihood: -7.37531e+06	(delta): 0.25559
42 (QN/Block) 	Elapsed: 4.818	Loglikelihood: -7.37531e+06	(delta): 0.275261
43 (QN/Block) 	Elapsed: 4.85	Loglikelihood: -7.37531e+06	(delta): 0.223812
44 (QN/Block) 	Elapsed: 4.832	Loglikelihood: -7.37531e+06	(delta): 0.23135
45 (QN/Block) 	Elapsed: 4.815	Loglikelihood: -7.37531e+06	(delta): 0.267145
46 (QN/Block) 	Elapsed: 4.825	Loglikelihood: -7.37531e+06	(delta): 0.327004
47 (QN/Block) 	Elapsed: 4.83	Loglikelihood: -7.37531e+06	(delta): 0.431026
48 (QN/Block) 	Elapsed: 4.829	Loglikelihood: -7.37531e+06	(delta): 0.584932
49 (QN/Block) 	Elapsed: 4.831	Loglikelihood: -7.37531e+06	(delta): 0.78495
50 (QN/Block) 	Elapsed: 4.821	Loglikelihood: -7.37531e+06	(delta): 0.983122
51 (QN/Block) 	Elapsed: 4.805	Loglikelihood: -7.37531e+06	(delta): 1.35793
52 (QN/Block) 	Elapsed: 4.831	Loglikelihood: -7.37531e+06	(delta): 2.04655
53 (QN/Block) 	Elapsed: 4.836	Loglikelihood: -7.3753e+06	(delta): 1.55226
54 (QN/Block) 	Elapsed: 4.806	Loglikelihood: -7.3753e+06	(delta): 0.657284
55 (QN/Block) 	Elapsed: 4.828	Loglikelihood: -7.3753e+06	(delta): 0.771354
56 (QN/Block) 	Elapsed: 4.764	Loglikelihood: -7.3753e+06	(delta): 0.132582
57 (QN/Block) 	Elapsed: 4.824	Loglikelihood: -7.3753e+06	(delta): 0.0666988
58 (QN/Block) 	Elapsed: 4.82	Loglikelihood: -7.3753e+06	(delta): 0.0763187
59 (QN/Block) 	Elapsed: 4.799	Loglikelihood: -7.3753e+06	(delta): 0.0121542
60 (QN/Block) 	Elapsed: 4.774	Loglikelihood: -7.3753e+06	(delta): 0.00452072
61 (QN/Block) 	Elapsed: 4.768	Loglikelihood: -7.3753e+06	(delta): 0.00371943
62 (QN/Block) 	Elapsed: 4.79	Loglikelihood: -7.3753e+06	(delta): 0.00103388
63 (QN/Block) 	Elapsed: 4.779	Loglikelihood: -7.3753e+06	(delta): 0.00129613
64 (QN/Block) 	Elapsed: 4.799	Loglikelihood: -7.3753e+06	(delta): 0.000179539
65 (QN/Block) 	Elapsed: 4.778	Loglikelihood: -7.3753e+06	(delta): 0.000140096
66 (QN/Block) 	Elapsed: 4.82	Loglikelihood: -7.3753e+06	(delta): 4.1062e-05
Summary: 
Converged in 66 iterations (307.584 sec)
Loglikelihood: -7375301.891569
Fst divergences between estimated populations: 
	Pop0	Pop1	Pop2	Pop3	Pop4	Pop5	Pop6	Pop7	Pop8	Pop9	
Pop0	
Pop1	0.044	
Pop2	0.077	0.086	
Pop3	0.056	0.059	0.089	
Pop4	0.056	0.065	0.094	0.067	
Pop5	0.048	0.058	0.089	0.059	0.032	
Pop6	0.050	0.060	0.082	0.061	0.059	0.055	
Pop7	0.050	0.059	0.090	0.062	0.040	0.030	0.057	
Pop8	0.044	0.053	0.086	0.057	0.055	0.048	0.052	0.049	
Pop9	0.090	0.098	0.055	0.101	0.105	0.101	0.096	0.102	0.098	
Pop10	0.096	0.104	0.061	0.109	0.110	0.106	0.102	0.107	0.104	0.045	
CV error (K=11): 0.48209
Writing output files.
