

--cv /media/genyoda/Extra_Storage/Projets/Buccin_ddRAD_2024/./00_Data/06a_Filtering.denovo.buccinum.M1n1/A_90K/08_Final/populations.23405snps.431ind.single.final.bed 16 -j8


****                   ADMIXTURE Version 1.3.0                  ****
****                    Copyright 2008-2015                     ****
****           David Alexander, Suyash Shringarpure,            ****
****                John  Novembre, Ken Lange                   ****
****                                                            ****
****                 Please cite our paper!                     ****
****   Information at www.genetics.ucla.edu/software/admixture  ****

Cross-validation will be performed.  Folds=5.
Parallel execution requested.  Will use 8 threads.
Random seed: 43
Point estimation method: Block relaxation algorithm
Convergence acceleration algorithm: QuasiNewton, 3 secant conditions
Point estimation will terminate when objective function delta < 0.0001
Estimation of standard errors disabled; will compute point estimates only.
Size of G: 431x23405
Performing five EM steps to prime main algorithm
1 (EM) 	Elapsed: 2.583	Loglikelihood: -8.30695e+06	(delta): 5.40521e+06
2 (EM) 	Elapsed: 2.576	Loglikelihood: -7.96319e+06	(delta): 343753
3 (EM) 	Elapsed: 2.583	Loglikelihood: -7.91466e+06	(delta): 48538.5
4 (EM) 	Elapsed: 2.577	Loglikelihood: -7.8898e+06	(delta): 24852.4
5 (EM) 	Elapsed: 2.584	Loglikelihood: -7.86967e+06	(delta): 20137.3
Initial loglikelihood: -7.86967e+06
Starting main algorithm
1 (QN/Block) 	Elapsed: 4.62	Loglikelihood: -7.49015e+06	(delta): 379513
2 (QN/Block) 	Elapsed: 4.587	Loglikelihood: -7.40194e+06	(delta): 88215.4
3 (QN/Block) 	Elapsed: 4.731	Loglikelihood: -7.36421e+06	(delta): 37727.7
4 (QN/Block) 	Elapsed: 4.758	Loglikelihood: -7.34242e+06	(delta): 21790.2
5 (QN/Block) 	Elapsed: 4.725	Loglikelihood: -7.33233e+06	(delta): 10088.5
6 (QN/Block) 	Elapsed: 4.744	Loglikelihood: -7.32403e+06	(delta): 8297.51
7 (QN/Block) 	Elapsed: 4.791	Loglikelihood: -7.31978e+06	(delta): 4255.42
8 (QN/Block) 	Elapsed: 4.709	Loglikelihood: -7.31657e+06	(delta): 3207.38
9 (QN/Block) 	Elapsed: 4.692	Loglikelihood: -7.31404e+06	(delta): 2528.03
10 (QN/Block) 	Elapsed: 4.724	Loglikelihood: -7.3124e+06	(delta): 1641.17
11 (QN/Block) 	Elapsed: 4.664	Loglikelihood: -7.31112e+06	(delta): 1285.42
12 (QN/Block) 	Elapsed: 4.742	Loglikelihood: -7.31015e+06	(delta): 964.332
13 (QN/Block) 	Elapsed: 4.684	Loglikelihood: -7.3091e+06	(delta): 1053.71
14 (QN/Block) 	Elapsed: 4.688	Loglikelihood: -7.30815e+06	(delta): 948.815
15 (QN/Block) 	Elapsed: 4.713	Loglikelihood: -7.30721e+06	(delta): 943.894
16 (QN/Block) 	Elapsed: 4.721	Loglikelihood: -7.30682e+06	(delta): 389.102
17 (QN/Block) 	Elapsed: 4.701	Loglikelihood: -7.30622e+06	(delta): 595.295
18 (QN/Block) 	Elapsed: 4.747	Loglikelihood: -7.30597e+06	(delta): 248.818
19 (QN/Block) 	Elapsed: 4.714	Loglikelihood: -7.30582e+06	(delta): 149.572
20 (QN/Block) 	Elapsed: 4.766	Loglikelihood: -7.30569e+06	(delta): 128.415
21 (QN/Block) 	Elapsed: 4.76	Loglikelihood: -7.30562e+06	(delta): 76.3059
22 (QN/Block) 	Elapsed: 4.741	Loglikelihood: -7.30551e+06	(delta): 106.005
23 (QN/Block) 	Elapsed: 4.729	Loglikelihood: -7.30542e+06	(delta): 95.6467
24 (QN/Block) 	Elapsed: 4.727	Loglikelihood: -7.30537e+06	(delta): 48.4711
25 (QN/Block) 	Elapsed: 4.723	Loglikelihood: -7.30535e+06	(delta): 18.4072
26 (QN/Block) 	Elapsed: 4.683	Loglikelihood: -7.30533e+06	(delta): 17.0868
27 (QN/Block) 	Elapsed: 4.682	Loglikelihood: -7.30531e+06	(delta): 18.0421
28 (QN/Block) 	Elapsed: 4.686	Loglikelihood: -7.3053e+06	(delta): 10.5499
29 (QN/Block) 	Elapsed: 4.696	Loglikelihood: -7.30529e+06	(delta): 12.3
30 (QN/Block) 	Elapsed: 4.77	Loglikelihood: -7.30528e+06	(delta): 9.44099
31 (QN/Block) 	Elapsed: 4.784	Loglikelihood: -7.30526e+06	(delta): 18.3921
32 (QN/Block) 	Elapsed: 4.766	Loglikelihood: -7.30521e+06	(delta): 52.6758
33 (QN/Block) 	Elapsed: 4.736	Loglikelihood: -7.30519e+06	(delta): 22.9188
34 (QN/Block) 	Elapsed: 4.764	Loglikelihood: -7.30518e+06	(delta): 8.00309
35 (QN/Block) 	Elapsed: 4.744	Loglikelihood: -7.30517e+06	(delta): 8.30381
36 (QN/Block) 	Elapsed: 4.736	Loglikelihood: -7.30516e+06	(delta): 9.20964
37 (QN/Block) 	Elapsed: 4.759	Loglikelihood: -7.30515e+06	(delta): 10.0915
38 (QN/Block) 	Elapsed: 4.75	Loglikelihood: -7.30514e+06	(delta): 9.93191
39 (QN/Block) 	Elapsed: 4.786	Loglikelihood: -7.30513e+06	(delta): 11.6848
40 (QN/Block) 	Elapsed: 4.686	Loglikelihood: -7.30512e+06	(delta): 9.09145
41 (QN/Block) 	Elapsed: 4.714	Loglikelihood: -7.3051e+06	(delta): 20.3666
42 (QN/Block) 	Elapsed: 4.734	Loglikelihood: -7.30509e+06	(delta): 8.35215
43 (QN/Block) 	Elapsed: 4.686	Loglikelihood: -7.30509e+06	(delta): 6.98705
44 (QN/Block) 	Elapsed: 4.705	Loglikelihood: -7.30508e+06	(delta): 9.45216
45 (QN/Block) 	Elapsed: 4.732	Loglikelihood: -7.30504e+06	(delta): 34.2041
46 (QN/Block) 	Elapsed: 4.724	Loglikelihood: -7.30503e+06	(delta): 12.1887
47 (QN/Block) 	Elapsed: 4.707	Loglikelihood: -7.30501e+06	(delta): 16.4737
48 (QN/Block) 	Elapsed: 4.734	Loglikelihood: -7.30501e+06	(delta): 7.93979
49 (QN/Block) 	Elapsed: 4.696	Loglikelihood: -7.30499e+06	(delta): 11.0958
50 (QN/Block) 	Elapsed: 4.706	Loglikelihood: -7.30496e+06	(delta): 32.6675
51 (QN/Block) 	Elapsed: 4.734	Loglikelihood: -7.30495e+06	(delta): 17.2149
52 (QN/Block) 	Elapsed: 4.667	Loglikelihood: -7.30494e+06	(delta): 3.94597
53 (QN/Block) 	Elapsed: 4.682	Loglikelihood: -7.30494e+06	(delta): 3.2811
54 (QN/Block) 	Elapsed: 4.683	Loglikelihood: -7.30493e+06	(delta): 7.00862
55 (QN/Block) 	Elapsed: 4.693	Loglikelihood: -7.30492e+06	(delta): 9.33902
56 (QN/Block) 	Elapsed: 4.687	Loglikelihood: -7.30491e+06	(delta): 8.9455
57 (QN/Block) 	Elapsed: 4.703	Loglikelihood: -7.30487e+06	(delta): 45.9565
58 (QN/Block) 	Elapsed: 4.774	Loglikelihood: -7.30484e+06	(delta): 22.3677
59 (QN/Block) 	Elapsed: 4.743	Loglikelihood: -7.30484e+06	(delta): 4.74285
60 (QN/Block) 	Elapsed: 4.753	Loglikelihood: -7.30484e+06	(delta): 2.15377
61 (QN/Block) 	Elapsed: 4.675	Loglikelihood: -7.30483e+06	(delta): 2.62297
62 (QN/Block) 	Elapsed: 4.668	Loglikelihood: -7.30483e+06	(delta): 2.10019
63 (QN/Block) 	Elapsed: 4.681	Loglikelihood: -7.30483e+06	(delta): 0.805605
64 (QN/Block) 	Elapsed: 4.716	Loglikelihood: -7.30483e+06	(delta): 0.648522
65 (QN/Block) 	Elapsed: 4.692	Loglikelihood: -7.30483e+06	(delta): 0.58097
66 (QN/Block) 	Elapsed: 4.697	Loglikelihood: -7.30483e+06	(delta): 0.456016
67 (QN/Block) 	Elapsed: 4.694	Loglikelihood: -7.30483e+06	(delta): 0.509826
68 (QN/Block) 	Elapsed: 4.718	Loglikelihood: -7.30483e+06	(delta): 0.451375
69 (QN/Block) 	Elapsed: 4.716	Loglikelihood: -7.30483e+06	(delta): 0.356765
70 (QN/Block) 	Elapsed: 4.652	Loglikelihood: -7.30483e+06	(delta): 0.791208
71 (QN/Block) 	Elapsed: 4.685	Loglikelihood: -7.30483e+06	(delta): 0.916732
72 (QN/Block) 	Elapsed: 4.727	Loglikelihood: -7.30483e+06	(delta): 0.731721
73 (QN/Block) 	Elapsed: 4.68	Loglikelihood: -7.30483e+06	(delta): 0.71494
74 (QN/Block) 	Elapsed: 4.728	Loglikelihood: -7.30483e+06	(delta): 0.447396
75 (QN/Block) 	Elapsed: 4.661	Loglikelihood: -7.30482e+06	(delta): 1.38903
76 (QN/Block) 	Elapsed: 4.656	Loglikelihood: -7.30482e+06	(delta): 2.00142
77 (QN/Block) 	Elapsed: 4.713	Loglikelihood: -7.30482e+06	(delta): 2.03711
78 (QN/Block) 	Elapsed: 4.689	Loglikelihood: -7.30482e+06	(delta): 0.410468
79 (QN/Block) 	Elapsed: 4.715	Loglikelihood: -7.30482e+06	(delta): 0.504235
80 (QN/Block) 	Elapsed: 4.742	Loglikelihood: -7.30482e+06	(delta): 0.233383
81 (QN/Block) 	Elapsed: 4.662	Loglikelihood: -7.30482e+06	(delta): 2.02963
82 (QN/Block) 	Elapsed: 4.66	Loglikelihood: -7.30481e+06	(delta): 9.02905
83 (QN/Block) 	Elapsed: 4.769	Loglikelihood: -7.3048e+06	(delta): 10.7705
84 (QN/Block) 	Elapsed: 4.756	Loglikelihood: -7.3048e+06	(delta): 1.29318
85 (QN/Block) 	Elapsed: 4.717	Loglikelihood: -7.30479e+06	(delta): 0.551385
86 (QN/Block) 	Elapsed: 4.777	Loglikelihood: -7.30479e+06	(delta): 1.86757
87 (QN/Block) 	Elapsed: 4.705	Loglikelihood: -7.30479e+06	(delta): 1.2035
88 (QN/Block) 	Elapsed: 4.664	Loglikelihood: -7.30479e+06	(delta): 2.51558
89 (QN/Block) 	Elapsed: 4.714	Loglikelihood: -7.30479e+06	(delta): 3.6832
90 (QN/Block) 	Elapsed: 4.683	Loglikelihood: -7.30478e+06	(delta): 0.831884
91 (QN/Block) 	Elapsed: 4.8	Loglikelihood: -7.30478e+06	(delta): 0.217204
92 (QN/Block) 	Elapsed: 4.79	Loglikelihood: -7.30478e+06	(delta): 0.444133
93 (QN/Block) 	Elapsed: 4.794	Loglikelihood: -7.30478e+06	(delta): 0.501421
94 (QN/Block) 	Elapsed: 4.841	Loglikelihood: -7.30478e+06	(delta): 0.223815
95 (QN/Block) 	Elapsed: 4.793	Loglikelihood: -7.30478e+06	(delta): 0.170458
96 (QN/Block) 	Elapsed: 4.806	Loglikelihood: -7.30478e+06	(delta): 0.0776897
97 (QN/Block) 	Elapsed: 4.769	Loglikelihood: -7.30478e+06	(delta): 0.0635214
98 (QN/Block) 	Elapsed: 4.787	Loglikelihood: -7.30478e+06	(delta): 0.0658104
99 (QN/Block) 	Elapsed: 4.796	Loglikelihood: -7.30478e+06	(delta): 0.0543473
100 (QN/Block) 	Elapsed: 4.825	Loglikelihood: -7.30478e+06	(delta): 0.102066
101 (QN/Block) 	Elapsed: 4.812	Loglikelihood: -7.30478e+06	(delta): 0.0217023
102 (QN/Block) 	Elapsed: 4.832	Loglikelihood: -7.30478e+06	(delta): 0.0419058
103 (QN/Block) 	Elapsed: 4.81	Loglikelihood: -7.30478e+06	(delta): 0.0311466
104 (QN/Block) 	Elapsed: 4.785	Loglikelihood: -7.30478e+06	(delta): 0.081637
105 (QN/Block) 	Elapsed: 4.797	Loglikelihood: -7.30478e+06	(delta): 0.0810788
106 (QN/Block) 	Elapsed: 4.779	Loglikelihood: -7.30478e+06	(delta): 0.0394964
107 (QN/Block) 	Elapsed: 4.783	Loglikelihood: -7.30478e+06	(delta): 0.0169861
108 (QN/Block) 	Elapsed: 4.766	Loglikelihood: -7.30478e+06	(delta): 0.0357502
109 (QN/Block) 	Elapsed: 4.814	Loglikelihood: -7.30478e+06	(delta): 0.0198674
110 (QN/Block) 	Elapsed: 4.781	Loglikelihood: -7.30478e+06	(delta): 0.03015
111 (QN/Block) 	Elapsed: 4.804	Loglikelihood: -7.30478e+06	(delta): 0.0339981
112 (QN/Block) 	Elapsed: 4.742	Loglikelihood: -7.30478e+06	(delta): 0.0832577
113 (QN/Block) 	Elapsed: 4.773	Loglikelihood: -7.30478e+06	(delta): 0.0575232
114 (QN/Block) 	Elapsed: 4.784	Loglikelihood: -7.30478e+06	(delta): 0.021211
115 (QN/Block) 	Elapsed: 4.782	Loglikelihood: -7.30478e+06	(delta): 0.0348757
116 (QN/Block) 	Elapsed: 4.836	Loglikelihood: -7.30478e+06	(delta): 0.0149745
117 (QN/Block) 	Elapsed: 4.788	Loglikelihood: -7.30478e+06	(delta): 0.00478622
118 (QN/Block) 	Elapsed: 4.759	Loglikelihood: -7.30478e+06	(delta): 0.0130911
119 (QN/Block) 	Elapsed: 4.792	Loglikelihood: -7.30478e+06	(delta): 0.00369786
120 (QN/Block) 	Elapsed: 4.779	Loglikelihood: -7.30478e+06	(delta): 0.000975653
121 (QN/Block) 	Elapsed: 4.755	Loglikelihood: -7.30478e+06	(delta): 0.000502144
122 (QN/Block) 	Elapsed: 4.783	Loglikelihood: -7.30478e+06	(delta): 0.000275189
123 (QN/Block) 	Elapsed: 4.772	Loglikelihood: -7.30478e+06	(delta): 0.000163388
124 (QN/Block) 	Elapsed: 4.75	Loglikelihood: -7.30478e+06	(delta): 0.000149704
125 (QN/Block) 	Elapsed: 4.781	Loglikelihood: -7.30478e+06	(delta): 0.000114909
126 (QN/Block) 	Elapsed: 4.761	Loglikelihood: -7.30478e+06	(delta): 3.60878e-05
Summary: 
Converged in 126 iterations (612.584 sec)
Loglikelihood: -7304782.206207
Fst divergences between estimated populations: 
	Pop0	Pop1	Pop2	Pop3	Pop4	Pop5	Pop6	Pop7	Pop8	Pop9	Pop10	Pop11	Pop12	Pop13	Pop14	
Pop0	
Pop1	0.061	
Pop2	0.041	0.065	
Pop3	0.049	0.064	0.056	
Pop4	0.079	0.078	0.083	0.082	
Pop5	0.066	0.066	0.070	0.070	0.084	
Pop6	0.111	0.103	0.112	0.115	0.125	0.112	
Pop7	0.064	0.055	0.067	0.067	0.079	0.064	0.107	
Pop8	0.105	0.097	0.107	0.109	0.119	0.104	0.045	0.100	
Pop9	0.063	0.062	0.063	0.067	0.080	0.064	0.104	0.063	0.098	
Pop10	0.058	0.056	0.062	0.059	0.060	0.063	0.108	0.060	0.102	0.058	
Pop11	0.073	0.092	0.079	0.082	0.109	0.097	0.139	0.094	0.134	0.093	0.089	
Pop12	0.075	0.069	0.080	0.078	0.090	0.074	0.116	0.068	0.110	0.078	0.069	0.105	
Pop13	0.042	0.065	0.051	0.053	0.083	0.072	0.113	0.066	0.108	0.067	0.062	0.082	0.079	
Pop14	0.077	0.090	0.082	0.082	0.108	0.095	0.137	0.093	0.132	0.092	0.088	0.102	0.103	0.082	
Pop15	0.093	0.085	0.096	0.098	0.108	0.091	0.061	0.087	0.055	0.084	0.090	0.122	0.098	0.096	0.121	
CV error (K=16): 0.51386
Writing output files.
