

--cv /media/genyoda/Extra_Storage/Projets/Buccin_ddRAD_2024/./00_Data/06a_Filtering.denovo.buccinum.M1n1/A_90K/08_Final/populations.23405snps.431ind.single.final.bed 6 -j8


****                   ADMIXTURE Version 1.3.0                  ****
****                    Copyright 2008-2015                     ****
****           David Alexander, Suyash Shringarpure,            ****
****                John  Novembre, Ken Lange                   ****
****                                                            ****
****                 Please cite our paper!                     ****
****   Information at www.genetics.ucla.edu/software/admixture  ****

Cross-validation will be performed.  Folds=5.
Parallel execution requested.  Will use 8 threads.
Random seed: 43
Point estimation method: Block relaxation algorithm
Convergence acceleration algorithm: QuasiNewton, 3 secant conditions
Point estimation will terminate when objective function delta < 0.0001
Estimation of standard errors disabled; will compute point estimates only.
Size of G: 431x23405
Performing five EM steps to prime main algorithm
1 (EM) 	Elapsed: 0.634	Loglikelihood: -8.3669e+06	(delta): 6.01545e+06
2 (EM) 	Elapsed: 0.625	Loglikelihood: -8.03514e+06	(delta): 331762
3 (EM) 	Elapsed: 0.625	Loglikelihood: -7.96599e+06	(delta): 69148.9
4 (EM) 	Elapsed: 0.627	Loglikelihood: -7.92754e+06	(delta): 38448.7
5 (EM) 	Elapsed: 0.622	Loglikelihood: -7.90024e+06	(delta): 27307
Initial loglikelihood: -7.90024e+06
Starting main algorithm
1 (QN/Block) 	Elapsed: 2.236	Loglikelihood: -7.61617e+06	(delta): 284067
2 (QN/Block) 	Elapsed: 2.246	Loglikelihood: -7.51845e+06	(delta): 97721.5
3 (QN/Block) 	Elapsed: 2.292	Loglikelihood: -7.49745e+06	(delta): 20994.5
4 (QN/Block) 	Elapsed: 2.285	Loglikelihood: -7.49106e+06	(delta): 6393.35
5 (QN/Block) 	Elapsed: 2.287	Loglikelihood: -7.48766e+06	(delta): 3396.67
6 (QN/Block) 	Elapsed: 2.301	Loglikelihood: -7.48503e+06	(delta): 2639.37
7 (QN/Block) 	Elapsed: 2.278	Loglikelihood: -7.48351e+06	(delta): 1517.4
8 (QN/Block) 	Elapsed: 2.282	Loglikelihood: -7.48273e+06	(delta): 781.837
9 (QN/Block) 	Elapsed: 2.283	Loglikelihood: -7.48176e+06	(delta): 965.602
10 (QN/Block) 	Elapsed: 2.29	Loglikelihood: -7.48055e+06	(delta): 1211.53
11 (QN/Block) 	Elapsed: 2.276	Loglikelihood: -7.4796e+06	(delta): 949.767
12 (QN/Block) 	Elapsed: 2.307	Loglikelihood: -7.47872e+06	(delta): 881.095
13 (QN/Block) 	Elapsed: 2.527	Loglikelihood: -7.47805e+06	(delta): 664.513
14 (QN/Block) 	Elapsed: 2.535	Loglikelihood: -7.47768e+06	(delta): 371.845
15 (QN/Block) 	Elapsed: 2.535	Loglikelihood: -7.47751e+06	(delta): 176.497
16 (QN/Block) 	Elapsed: 2.525	Loglikelihood: -7.47739e+06	(delta): 116.082
17 (QN/Block) 	Elapsed: 2.513	Loglikelihood: -7.47729e+06	(delta): 95.9746
18 (QN/Block) 	Elapsed: 2.508	Loglikelihood: -7.4772e+06	(delta): 93.574
19 (QN/Block) 	Elapsed: 2.52	Loglikelihood: -7.47715e+06	(delta): 50.425
20 (QN/Block) 	Elapsed: 2.526	Loglikelihood: -7.4771e+06	(delta): 52.6261
21 (QN/Block) 	Elapsed: 2.52	Loglikelihood: -7.47705e+06	(delta): 41.5818
22 (QN/Block) 	Elapsed: 2.54	Loglikelihood: -7.47703e+06	(delta): 28.0831
23 (QN/Block) 	Elapsed: 2.523	Loglikelihood: -7.477e+06	(delta): 23.1708
24 (QN/Block) 	Elapsed: 2.525	Loglikelihood: -7.47699e+06	(delta): 15.7882
25 (QN/Block) 	Elapsed: 2.53	Loglikelihood: -7.47698e+06	(delta): 8.11566
26 (QN/Block) 	Elapsed: 2.533	Loglikelihood: -7.47698e+06	(delta): 3.79098
27 (QN/Block) 	Elapsed: 2.562	Loglikelihood: -7.47697e+06	(delta): 2.09026
28 (QN/Block) 	Elapsed: 2.539	Loglikelihood: -7.47697e+06	(delta): 0.137607
29 (QN/Block) 	Elapsed: 2.513	Loglikelihood: -7.47697e+06	(delta): 0.114705
30 (QN/Block) 	Elapsed: 2.554	Loglikelihood: -7.47697e+06	(delta): 0.0490503
31 (QN/Block) 	Elapsed: 2.517	Loglikelihood: -7.47697e+06	(delta): 0.00975254
32 (QN/Block) 	Elapsed: 2.526	Loglikelihood: -7.47697e+06	(delta): 0.00962286
33 (QN/Block) 	Elapsed: 2.537	Loglikelihood: -7.47697e+06	(delta): 0.000648234
34 (QN/Block) 	Elapsed: 2.535	Loglikelihood: -7.47697e+06	(delta): 0.000117802
35 (QN/Block) 	Elapsed: 2.507	Loglikelihood: -7.47697e+06	(delta): 1.81282e-05
Summary: 
Converged in 35 iterations (89.29 sec)
Loglikelihood: -7476973.523202
Fst divergences between estimated populations: 
	Pop0	Pop1	Pop2	Pop3	Pop4	
Pop0	
Pop1	0.089	
Pop2	0.090	0.039	
Pop3	0.041	0.092	0.093	
Pop4	0.044	0.093	0.094	0.039	
Pop5	0.035	0.081	0.082	0.030	0.033	
CV error (K=6): 0.46747
Writing output files.
