

--cv /media/genyoda/Extra_Storage/Projets/Buccin_ddRAD_2024/./00_Data/06a_Filtering.denovo.buccinum.M1n1/A_90K/08_Final/populations.23405snps.431ind.single.final.bed 3 -j8


****                   ADMIXTURE Version 1.3.0                  ****
****                    Copyright 2008-2015                     ****
****           David Alexander, Suyash Shringarpure,            ****
****                John  Novembre, Ken Lange                   ****
****                                                            ****
****                 Please cite our paper!                     ****
****   Information at www.genetics.ucla.edu/software/admixture  ****

Cross-validation will be performed.  Folds=5.
Parallel execution requested.  Will use 8 threads.
Random seed: 43
Point estimation method: Block relaxation algorithm
Convergence acceleration algorithm: QuasiNewton, 3 secant conditions
Point estimation will terminate when objective function delta < 0.0001
Estimation of standard errors disabled; will compute point estimates only.
Size of G: 431x23405
Performing five EM steps to prime main algorithm
1 (EM) 	Elapsed: 0.291	Loglikelihood: -8.33397e+06	(delta): 7.08701e+06
2 (EM) 	Elapsed: 0.343	Loglikelihood: -8.01912e+06	(delta): 314847
3 (EM) 	Elapsed: 0.331	Loglikelihood: -7.94222e+06	(delta): 76900.3
4 (EM) 	Elapsed: 0.333	Loglikelihood: -7.90163e+06	(delta): 40588.2
5 (EM) 	Elapsed: 0.337	Loglikelihood: -7.87637e+06	(delta): 25267
Initial loglikelihood: -7.87637e+06
Starting main algorithm
1 (QN/Block) 	Elapsed: 1.919	Loglikelihood: -7.68403e+06	(delta): 192331
2 (QN/Block) 	Elapsed: 1.93	Loglikelihood: -7.62598e+06	(delta): 58054.3
3 (QN/Block) 	Elapsed: 1.991	Loglikelihood: -7.59687e+06	(delta): 29105.9
4 (QN/Block) 	Elapsed: 1.975	Loglikelihood: -7.5807e+06	(delta): 16176.8
5 (QN/Block) 	Elapsed: 2.005	Loglikelihood: -7.57463e+06	(delta): 6066.44
6 (QN/Block) 	Elapsed: 1.967	Loglikelihood: -7.5721e+06	(delta): 2534.69
7 (QN/Block) 	Elapsed: 1.906	Loglikelihood: -7.57164e+06	(delta): 453.847
8 (QN/Block) 	Elapsed: 1.997	Loglikelihood: -7.57148e+06	(delta): 164.733
9 (QN/Block) 	Elapsed: 1.956	Loglikelihood: -7.57135e+06	(delta): 123.304
10 (QN/Block) 	Elapsed: 1.975	Loglikelihood: -7.57126e+06	(delta): 98.8984
11 (QN/Block) 	Elapsed: 1.966	Loglikelihood: -7.57115e+06	(delta): 103.193
12 (QN/Block) 	Elapsed: 1.97	Loglikelihood: -7.57109e+06	(delta): 64.8801
13 (QN/Block) 	Elapsed: 1.987	Loglikelihood: -7.57105e+06	(delta): 35.6456
14 (QN/Block) 	Elapsed: 1.977	Loglikelihood: -7.57102e+06	(delta): 35.8499
15 (QN/Block) 	Elapsed: 1.971	Loglikelihood: -7.57099e+06	(delta): 21.6672
16 (QN/Block) 	Elapsed: 1.999	Loglikelihood: -7.57097e+06	(delta): 24.067
17 (QN/Block) 	Elapsed: 1.956	Loglikelihood: -7.57096e+06	(delta): 8.18868
18 (QN/Block) 	Elapsed: 1.942	Loglikelihood: -7.57096e+06	(delta): 5.64625
19 (QN/Block) 	Elapsed: 1.961	Loglikelihood: -7.57095e+06	(delta): 2.86754
20 (QN/Block) 	Elapsed: 1.957	Loglikelihood: -7.57095e+06	(delta): 1.93232
21 (QN/Block) 	Elapsed: 1.949	Loglikelihood: -7.57095e+06	(delta): 1.0264
22 (QN/Block) 	Elapsed: 1.963	Loglikelihood: -7.57095e+06	(delta): 0.191624
23 (QN/Block) 	Elapsed: 1.976	Loglikelihood: -7.57095e+06	(delta): 0.0769036
24 (QN/Block) 	Elapsed: 1.944	Loglikelihood: -7.57095e+06	(delta): 0.0220393
25 (QN/Block) 	Elapsed: 1.955	Loglikelihood: -7.57095e+06	(delta): 0.0013382
26 (QN/Block) 	Elapsed: 1.957	Loglikelihood: -7.57095e+06	(delta): 0.000662155
27 (QN/Block) 	Elapsed: 1.959	Loglikelihood: -7.57095e+06	(delta): 4.37545e-05
Summary: 
Converged in 27 iterations (55.098 sec)
Loglikelihood: -7570950.329401
Fst divergences between estimated populations: 
	Pop0	Pop1	
Pop0	
Pop1	0.080	
Pop2	0.072	0.024	
CV error (K=3): 0.46522
Writing output files.
