

--cv /media/genyoda/Extra_Storage/Projets/Buccin_ddRAD_2024/./00_Data/06a_Filtering.denovo.buccinum.M1n1/A_90K/08_Final/populations.23405snps.431ind.single.final.bed 4 -j8


****                   ADMIXTURE Version 1.3.0                  ****
****                    Copyright 2008-2015                     ****
****           David Alexander, Suyash Shringarpure,            ****
****                John  Novembre, Ken Lange                   ****
****                                                            ****
****                 Please cite our paper!                     ****
****   Information at www.genetics.ucla.edu/software/admixture  ****

Cross-validation will be performed.  Folds=5.
Parallel execution requested.  Will use 8 threads.
Random seed: 43
Point estimation method: Block relaxation algorithm
Convergence acceleration algorithm: QuasiNewton, 3 secant conditions
Point estimation will terminate when objective function delta < 0.0001
Estimation of standard errors disabled; will compute point estimates only.
Size of G: 431x23405
Performing five EM steps to prime main algorithm
1 (EM) 	Elapsed: 0.588	Loglikelihood: -8.36898e+06	(delta): 6.53203e+06
2 (EM) 	Elapsed: 0.6	Loglikelihood: -8.04023e+06	(delta): 328743
3 (EM) 	Elapsed: 0.611	Loglikelihood: -7.96222e+06	(delta): 78013.6
4 (EM) 	Elapsed: 0.66	Loglikelihood: -7.92005e+06	(delta): 42164.7
5 (EM) 	Elapsed: 0.64	Loglikelihood: -7.89224e+06	(delta): 27812.2
Initial loglikelihood: -7.89224e+06
Starting main algorithm
1 (QN/Block) 	Elapsed: 2.512	Loglikelihood: -7.66351e+06	(delta): 228734
2 (QN/Block) 	Elapsed: 2.541	Loglikelihood: -7.57704e+06	(delta): 86469.9
3 (QN/Block) 	Elapsed: 2.59	Loglikelihood: -7.55308e+06	(delta): 23959.4
4 (QN/Block) 	Elapsed: 2.589	Loglikelihood: -7.54248e+06	(delta): 10599.2
5 (QN/Block) 	Elapsed: 2.779	Loglikelihood: -7.53617e+06	(delta): 6306.57
6 (QN/Block) 	Elapsed: 2.764	Loglikelihood: -7.53251e+06	(delta): 3665.87
7 (QN/Block) 	Elapsed: 2.737	Loglikelihood: -7.5307e+06	(delta): 1809.13
8 (QN/Block) 	Elapsed: 2.725	Loglikelihood: -7.53028e+06	(delta): 414.882
9 (QN/Block) 	Elapsed: 2.734	Loglikelihood: -7.53015e+06	(delta): 135.259
10 (QN/Block) 	Elapsed: 2.749	Loglikelihood: -7.53004e+06	(delta): 110.195
11 (QN/Block) 	Elapsed: 2.734	Loglikelihood: -7.52998e+06	(delta): 53.4003
12 (QN/Block) 	Elapsed: 2.728	Loglikelihood: -7.52994e+06	(delta): 45.1092
13 (QN/Block) 	Elapsed: 2.718	Loglikelihood: -7.52992e+06	(delta): 18.2753
14 (QN/Block) 	Elapsed: 2.731	Loglikelihood: -7.52991e+06	(delta): 12.0615
15 (QN/Block) 	Elapsed: 2.738	Loglikelihood: -7.5299e+06	(delta): 7.08457
16 (QN/Block) 	Elapsed: 2.731	Loglikelihood: -7.5299e+06	(delta): 5.39625
17 (QN/Block) 	Elapsed: 2.718	Loglikelihood: -7.52989e+06	(delta): 1.94108
18 (QN/Block) 	Elapsed: 2.744	Loglikelihood: -7.52989e+06	(delta): 0.583064
19 (QN/Block) 	Elapsed: 2.736	Loglikelihood: -7.52989e+06	(delta): 0.0908216
20 (QN/Block) 	Elapsed: 2.721	Loglikelihood: -7.52989e+06	(delta): 0.0263506
21 (QN/Block) 	Elapsed: 2.726	Loglikelihood: -7.52989e+06	(delta): 0.0172362
22 (QN/Block) 	Elapsed: 2.737	Loglikelihood: -7.52989e+06	(delta): 0.0021405
23 (QN/Block) 	Elapsed: 2.718	Loglikelihood: -7.52989e+06	(delta): 0.000534855
24 (QN/Block) 	Elapsed: 2.744	Loglikelihood: -7.52989e+06	(delta): 4.30802e-05
Summary: 
Converged in 24 iterations (68.498 sec)
Loglikelihood: -7529892.879043
Fst divergences between estimated populations: 
	Pop0	Pop1	Pop2	
Pop0	
Pop1	0.084	
Pop2	0.031	0.071	
Pop3	0.036	0.084	0.030	
CV error (K=4): 0.46415
Writing output files.
