populations v2.64, executed 2024-03-04 05:52:19 (zlib-1.2.11)
populations -P ./00_Data/05b_Stacks.ref -M ./00_Data/05b_Stacks.ref/popmap.coverage_20x.txt --out-path ./00_Data/05b_Stacks.ref -t 8 -r 0.8 --write-single-snp --vcf
Locus/sample distributions will be written to './00_Data/05b_Stacks.ref/populations.log.distribs'.
populations parameters selected:
  Percent samples limit per population: 0.8
  Locus Population limit: 1
  Percent samples overall: 0
  Minor allele frequency cutoff: 0
  Maximum observed heterozygosity cutoff: 1
  Applying Fst correction: none.
  Pi/Fis kernel smoothing: off
  F-stats kernel smoothing: off
  Bootstrap resampling: off

Parsing population map...
The population map contained 310 samples, 1 population(s), 1 group(s).
Working on 310 samples.
Working on 1 population(s):
    NoPop: S_23_00979, S_23_00980, S_23_00981, S_23_00984, S_23_00985, S_23_00986, S_23_00987, S_23_00988, S_23_00990, S_23_00993, S_23_00996, 
           S_23_00998, S_23_00999, S_23_01000, S_23_01001, S_23_01002, S_23_01004, S_23_01005, S_23_01011, S_23_01012, S_23_01043, S_23_01047, 
           S_23_01048, S_23_01050, S_23_01051, S_23_01056, S_23_01058, S_23_01061, S_23_01064, S_23_01067, S_23_01070, S_23_01075, S_23_01076_rep, 
           S_23_01077, S_23_01078, S_23_01094, S_23_01097, S_23_01099, S_23_01104, S_23_01107, S_23_01109, S_23_01111, S_23_01112, S_23_01114, 
           S_23_01117, S_23_01118, S_23_01119, S_23_01120, S_23_01124, S_23_01125, S_23_01127, S_23_01128, S_23_01148, S_23_01150, S_23_01153, 
           S_23_01154, S_23_01158, S_23_01161, S_23_01163, S_23_01165, S_23_01166, S_23_01167, S_23_01168, S_23_01172, S_23_01173, S_23_01174, 
           S_23_01176, S_23_01177, S_23_01178, S_23_01193, S_23_01194, S_23_01195, S_23_01197, S_23_01198, S_23_01199, S_23_01202, S_23_01203, 
           S_23_01205, S_23_01206, S_23_01207, S_23_01211, S_23_01213, S_23_01218, S_23_01219, S_23_01220, S_23_01223, S_23_01226, S_23_01227, 
           S_23_01228, S_23_01244, S_23_01247, S_23_01248, S_23_01250, S_23_01254, S_23_01255, S_23_01256, S_23_01257, S_23_01258, S_23_01263, 
           S_23_01264, S_23_01265, S_23_01266, S_23_01267, S_23_01268, S_23_01269, S_23_01270, S_23_01271, S_23_01273, S_23_01274, S_23_01275, 
           S_23_01276, S_23_01790, S_23_01792, S_23_01794, S_23_01795, S_23_01796, S_23_01797, S_23_01799, S_23_01800, S_23_01801, S_23_01803, 
           S_23_01803_rep, S_23_01806, S_23_01807, S_23_01810, S_23_01812, S_23_01814, S_23_01817, S_23_01819, S_23_01820, S_23_01821, 
           S_23_01822, S_23_01828, S_23_01842, S_23_01843, S_23_01844, S_23_01845, S_23_01846, S_23_01848, S_23_01849, S_23_01850, S_23_01851, 
           S_23_01853, S_23_01854, S_23_01856, S_23_01858, S_23_01859, S_23_01860, S_23_01863, S_23_01864, S_23_01865, S_23_01867, S_23_01869, 
           S_23_01871, S_23_01876, S_23_01890, S_23_01893, S_23_01895, S_23_01896, S_23_01898, S_23_01899, S_23_01900, S_23_01901, S_23_01903, 
           S_23_01906, S_23_01907, S_23_01908, S_23_01909, S_23_01911, S_23_01912, S_23_01917, S_23_01921, S_23_01923, S_23_01924, S_23_01926, 
           S_23_01927, S_23_02001, S_23_02002, S_23_02003, S_23_02004, S_23_02007, S_23_02008, S_23_02010, S_23_02013, S_23_02014, S_23_02016, 
           S_23_02017, S_23_02019, S_23_02020, S_23_02021, S_23_02022, S_23_02023, S_23_02024, S_23_02025, S_23_02027, S_23_02029, S_23_02031, 
           S_23_02033, S_23_02035, S_23_02037, S_23_02040, S_23_02041, S_23_02042, S_23_02045, S_23_02046, S_23_02048, S_23_02053, S_23_02057, 
           S_23_02061, S_23_02064, S_23_02067, S_23_02077, S_23_02079, S_23_02080, S_23_02086, S_23_02089, S_23_02090, S_23_02094, S_23_02097, 
           S_23_02098, S_23_02099, S_23_02100, S_23_02101, S_23_02103, S_23_02104, S_23_02106, S_23_02108, S_23_02110, S_23_02111, S_23_02114, 
           S_23_02116, S_23_02117, S_23_02118, S_23_02124, S_23_02125, S_23_02125_rep, S_23_02126, S_23_02128, S_23_02131, S_23_02133, 
           S_23_02135, S_23_02138, S_23_02142, S_23_02144, S_23_02145, S_23_02147, S_23_02148, S_23_02150, S_23_02153, S_23_02157, S_23_02161, 
           S_23_02163, S_23_02164, S_23_02165, S_23_02168, S_23_02170, S_23_02171, S_23_02172, S_23_02173, S_23_02175, S_23_02177, S_23_02184, 
           S_23_02185, S_23_02186, S_23_02187, S_23_02188, S_23_02189, S_23_02190, S_23_02191, S_23_02193, S_23_02194, S_23_02195, S_23_02196, 
           S_23_02197, S_23_02198, S_23_02200, S_23_02201, S_23_02202, S_23_02203, S_23_02204, S_23_02206, S_23_02207, S_23_02208, S_23_02211, 
           S_23_02212, S_23_02213, S_23_02215, S_23_02216, S_23_02217, S_23_02219, S_23_02238, S_23_02239, S_23_02240, S_23_02241, S_23_02242, 
           S_23_02243, S_23_02244_rep, S_23_02247, S_23_02248, S_23_02250, S_23_02253, S_23_02255, S_23_02257, S_23_02258, S_23_02263, 
           S_23_02264, S_23_02266, S_23_02267, S_23_02268, S_23_02270
Working on 1 group(s) of populations:
    defaultgrp: NoPop

SNPs and calls will be written in VCF format to './00_Data/05b_Stacks.ref/populations.snps.vcf'
Raw haplotypes will be written to './00_Data/05b_Stacks.ref/populations.haplotypes.tsv'
Population-level summary statistics will be written to './00_Data/05b_Stacks.ref/populations.sumstats.tsv'
Population-level haplotype summary statistics will be written to './00_Data/05b_Stacks.ref/populations.hapstats.tsv'

Processing data in batches:
  * load a batch of catalog loci and apply filters
  * compute SNP- and haplotype-wise per-population statistics
  * write the above statistics in the output files
  * export the genotypes/haplotypes in specified format(s)
More details in './00_Data/05b_Stacks.ref/populations.log.distribs'.

Now processing...
JAAQRG010000135.1 
JAAQRG010000231.1 
JAAQRG010000330.1 
JAAQRG010000339.1 
JAAQRG010000389.1 
JAAQRG010000525.1 
JAAQRG010000755.1 
JAAQRG010001411.1 
JAAQRG010001521.1 
JAAQRG010001723.1 
JAAQRG010001808.1 
JAAQRG010001859.1 
JAAQRG010003105.1 
JAAQRG010003232.1 
JAAQRG010003526.1 
JAAQRG010003734.1 
JAAQRG010004105.1 
JAAQRG010004534.1 
JAAQRG010004551.1 
JAAQRG010004859.1 
JAAQRG010005038.1 
JAAQRG010005070.1 
JAAQRG010005584.1 
JAAQRG010005683.1 
JAAQRG010005774.1 
JAAQRG010005862.1 
JAAQRG010006084.1 
JAAQRG010006178.1 
JAAQRG010006477.1 
JAAQRG010006580.1 
JAAQRG010006801.1 
JAAQRG010006995.1 
JAAQRG010007159.1 
JAAQRG010007431.1 
JAAQRG010007457.1 
JAAQRG010008310.1 
JAAQRG010008539.1 
JAAQRG010008564.1 
JAAQRG010008933.1 
JAAQRG010008941.1 
JAAQRG010008960.1 
JAAQRG010009058.1 
JAAQRG010009426.1 
JAAQRG010009454.1 
JAAQRG010009561.1 
JAAQRG010009676.1 
JAAQRG010009798.1 
JAAQRG010009915.1 
JAAQRG010009957.1 
JAAQRG010010051.1 
JAAQRG010010306.1 
JAAQRG010010446.1 
JAAQRG010010487.1 
JAAQRG010010615.1 
JAAQRG010010686.1 
JAAQRG010010691.1 
JAAQRG010010782.1 
JAAQRG010010876.1 
JAAQRG010012058.1 
JAAQRG010012188.1 
JAAQRG010012306.1 
JAAQRG010012768.1 
JAAQRG010012875.1 
JAAQRG010013002.1 
JAAQRG010013152.1 
JAAQRG010013835.1 
JAAQRG010013843.1 
JAAQRG010014010.1 
JAAQRG010014263.1 
JAAQRG010014406.1 
JAAQRG010014737.1 
JAAQRG010014877.1 
JAAQRG010015002.1 
JAAQRG010015083.1 
JAAQRG010015176.1 
JAAQRG010015397.1 
JAAQRG010015509.1 
JAAQRG010016645.1 
JAAQRG010017533.1 
JAAQRG010017995.1 
JAAQRG010018574.1 
JAAQRG010018955.1 
JAAQRG010019008.1 
JAAQRG010019111.1 
JAAQRG010019914.1 
JAAQRG010020276.1 
JAAQRG010020320.1 
JAAQRG010020455.1 
JAAQRG010020687.1 
JAAQRG010021008.1 
JAAQRG010021076.1 
JAAQRG010021122.1 
JAAQRG010021667.1 
JAAQRG010021753.1 
JAAQRG010021852.1 
JAAQRG010022055.1 
JAAQRG010022403.1 
JAAQRG010022871.1 
JAAQRG010022919.1 
JAAQRG010023068.1 
JAAQRG010023088.1 
JAAQRG010023671.1 
JAAQRG010023825.1 
JAAQRG010023910.1 
JAAQRG010024032.1 
JAAQRG010024700.1 
JAAQRG010024706.1 
JAAQRG010024717.1 
JAAQRG010024996.1 
JAAQRG010025012.1 
JAAQRG010025149.1 
JAAQRG010025231.1 
JAAQRG010025445.1 
JAAQRG010025560.1 
JAAQRG010025587.1 
JAAQRG010025668.1 
JAAQRG010025697.1 
JAAQRG010026037.1 
JAAQRG010026298.1 
JAAQRG010026460.1 
JAAQRG010026492.1 
JAAQRG010026585.1 
JAAQRG010026676.1 
JAAQRG010026793.1 
JAAQRG010026805.1 
JAAQRG010026877.1 
JAAQRG010026886.1 
JAAQRG010027082.1 
JAAQRG010027223.1 
JAAQRG010027248.1 
JAAQRG010027250.1 
JAAQRG010027360.1 
JAAQRG010027387.1 
JAAQRG010027425.1 
JAAQRG010028124.1 
JAAQRG010028265.1 
JAAQRG010028519.1 
JAAQRG010028548.1 
JAAQRG010028890.1 
JAAQRG010029399.1 
JAAQRG010029438.1 
JAAQRG010029761.1 
JAAQRG010029804.1 
JAAQRG010029972.1 
JAAQRG010030026.1 
JAAQRG010030365.1 
JAAQRG010030480.1 
JAAQRG010030501.1 
JAAQRG010030585.1 
JAAQRG010030629.1 
JAAQRG010030675.1 
JAAQRG010030771.1 
JAAQRG010030792.1 
JAAQRG010030832.1 
JAAQRG010031285.1 
JAAQRG010031446.1 
JAAQRG010031585.1 
JAAQRG010031880.1 
JAAQRG010031927.1 
JAAQRG010032138.1 
JAAQRG010032565.1 
JAAQRG010033062.1 
JAAQRG010033166.1 
JAAQRG010033454.1 
JAAQRG010033782.1 
JAAQRG010033876.1 
JAAQRG010034051.1 
JAAQRG010034502.1 
JAAQRG010035066.1 
JAAQRG010035178.1 
JAAQRG010035503.1 
JAAQRG010035512.1 
JAAQRG010035549.1 
JAAQRG010035854.1 
JAAQRG010036020.1 
JAAQRG010036269.1 
JAAQRG010036344.1 
JAAQRG010036598.1 
JAAQRG010037021.1 
JAAQRG010037551.1 
JAAQRG010037588.1 
JAAQRG010037608.1 
JAAQRG010037708.1 
JAAQRG010037879.1 
JAAQRG010037966.1 
JAAQRG010038111.1 
JAAQRG010038230.1 
JAAQRG010038328.1 
JAAQRG010038810.1 
JAAQRG010038889.1 
JAAQRG010038952.1 
JAAQRG010039154.1 
JAAQRG010039690.1 
JAAQRG010039801.1 
JAAQRG010039819.1 
JAAQRG010040112.1 
JAAQRG010040584.1 
JAAQRG010040647.1 
JAAQRG010040654.1 
JAAQRG010040673.1 
JAAQRG010040735.1 
JAAQRG010040792.1 
JAAQRG010040910.1 
JAAQRG010041071.1 
JAAQRG010041317.1 
JAAQRG010041483.1 
JAAQRG010042011.1 
JAAQRG010042239.1 
JAAQRG010042281.1 
JAAQRG010042395.1 
JAAQRG010042553.1 
JAAQRG010042581.1 
JAAQRG010042878.1 
JAAQRG010043281.1 
JAAQRG010043373.1 
JAAQRG010043764.1 
JAAQRG010044458.1 
JAAQRG010044737.1 
JAAQRG010044786.1 
JAAQRG010044860.1 
JAAQRG010045027.1 
JAAQRG010045183.1 
JAAQRG010045496.1 
JAAQRG010045608.1 
JAAQRG010046000.1 
JAAQRG010046119.1 
JAAQRG010046244.1 
JAAQRG010047542.1 
JAAQRG010047958.1 
JAAQRG010048399.1 
JAAQRG010048452.1 
JAAQRG010048486.1 
JAAQRG010049119.1 
JAAQRG010049375.1 
JAAQRG010049428.1 
JAAQRG010049586.1 
JAAQRG010049644.1 
JAAQRG010049950.1 
JAAQRG010050130.1 
JAAQRG010050203.1 
JAAQRG010050423.1 
JAAQRG010050594.1 
JAAQRG010051009.1 
JAAQRG010051191.1 
JAAQRG010051244.1 
JAAQRG010052146.1 
JAAQRG010052154.1 
JAAQRG010052197.1 
JAAQRG010052285.1 
JAAQRG010052353.1 
JAAQRG010052407.1 
JAAQRG010052417.1 
JAAQRG010052436.1 
JAAQRG010052485.1 
JAAQRG010052678.1 
JAAQRG010052685.1 
JAAQRG010052952.1 
JAAQRG010053119.1 
JAAQRG010053873.1 
JAAQRG010054363.1 
JAAQRG010054637.1 
JAAQRG010054719.1 
JAAQRG010054852.1 
JAAQRG010055049.1 
JAAQRG010055104.1 
JAAQRG010055735.1 
JAAQRG010056234.1 
JAAQRG010058091.1 
JAAQRG010058134.1 
JAAQRG010058536.1 
JAAQRG010058616.1 
JAAQRG010058973.1 
JAAQRG010059203.1 
JAAQRG010059315.1 
JAAQRG010060173.1 
JAAQRG010060251.1 
JAAQRG010060507.1 
JAAQRG010060883.1 
JAAQRG010061097.1 
JAAQRG010061235.1 
JAAQRG010061923.1 
JAAQRG010062028.1 
JAAQRG010062312.1 
JAAQRG010062607.1 
JAAQRG010064111.1 
JAAQRG010064421.1 
JAAQRG010064466.1 
JAAQRG010064485.1 
JAAQRG010064707.1 
JAAQRG010065051.1 
JAAQRG010065497.1 
JAAQRG010065706.1 
JAAQRG010065821.1 
JAAQRG010065890.1 
JAAQRG010065912.1 
JAAQRG010066101.1 
JAAQRG010068213.1 
JAAQRG010068218.1 
JAAQRG010068780.1 
JAAQRG010069438.1 
JAAQRG010069632.1 
JAAQRG010069678.1 
JAAQRG010069946.1 
JAAQRG010070170.1 
JAAQRG010070242.1 
JAAQRG010070283.1 
JAAQRG010070500.1 
JAAQRG010070671.1 
JAAQRG010070767.1 
JAAQRG010070950.1 
JAAQRG010071209.1 
JAAQRG010071817.1 
JAAQRG010072334.1 
JAAQRG010072519.1 
JAAQRG010072573.1 
JAAQRG010073326.1 
JAAQRG010073557.1 
JAAQRG010073572.1 
JAAQRG010073574.1 
JAAQRG010073647.1 
JAAQRG010073924.1 
JAAQRG010073955.1 
JAAQRG010074296.1 
JAAQRG010074399.1 
JAAQRG010074913.1 
JAAQRG010075091.1 
JAAQRG010075318.1 
JAAQRG010075815.1 
JAAQRG010075924.1 
JAAQRG010076123.1 
JAAQRG010076549.1 
JAAQRG010076913.1 
JAAQRG010077047.1 
JAAQRG010077104.1 
JAAQRG010077199.1 
JAAQRG010077241.1 
JAAQRG010077512.1 
JAAQRG010077673.1 
JAAQRG010077728.1 
JAAQRG010077842.1 
JAAQRG010077848.1 
JAAQRG010078391.1 
JAAQRG010078524.1 
JAAQRG010078643.1 
JAAQRG010078702.1 
JAAQRG010079179.1 
JAAQRG010079855.1 
JAAQRG010080248.1 
JAAQRG010080268.1 
JAAQRG010080402.1 
JAAQRG010080647.1 
JAAQRG010080978.1 
JAAQRG010081184.1 
JAAQRG010081200.1 
JAAQRG010081250.1 
JAAQRG010081320.1 
JAAQRG010081543.1 
JAAQRG010081648.1 
JAAQRG010082253.1 
JAAQRG010083074.1 
JAAQRG010083654.1 
JAAQRG010083660.1 
JAAQRG010083827.1 
JAAQRG010083876.1 
JAAQRG010084095.1 
JAAQRG010084231.1 
JAAQRG010085108.1 
JAAQRG010085341.1 
JAAQRG010085676.1 
JAAQRG010086471.1 
JAAQRG010086753.1 
JAAQRG010086867.1 
JAAQRG010087091.1 
JAAQRG010087146.1 
JAAQRG010087538.1 
JAAQRG010087750.1 
JAAQRG010087937.1 
JAAQRG010087996.1 
JAAQRG010088339.1 
JAAQRG010088422.1 
JAAQRG010088588.1 
JAAQRG010088610.1 
JAAQRG010089160.1 
JAAQRG010089507.1 
JAAQRG010090082.1 
JAAQRG010090132.1 
JAAQRG010090186.1 
JAAQRG010090492.1 
JAAQRG010090507.1 
JAAQRG010090570.1 
JAAQRG010090893.1 
JAAQRG010090966.1 
JAAQRG010090974.1 
JAAQRG010091452.1 
JAAQRG010091987.1 
JAAQRG010092089.1 
JAAQRG010092125.1 
JAAQRG010092194.1 
JAAQRG010092569.1 
JAAQRG010092794.1 
JAAQRG010093228.1 
JAAQRG010093635.1 
JAAQRG010093719.1 
JAAQRG010093985.1 
JAAQRG010094094.1 
JAAQRG010094739.1 
JAAQRG010095166.1 
JAAQRG010095309.1 
JAAQRG010095467.1 
JAAQRG010095643.1 
JAAQRG010095815.1 
JAAQRG010096271.1 
JAAQRG010096411.1 
JAAQRG010096440.1 
JAAQRG010096964.1 
JAAQRG010097881.1 
JAAQRG010098312.1 
JAAQRG010098656.1 
JAAQRG010098815.1 
JAAQRG010099192.1 
JAAQRG010099197.1 
JAAQRG010099262.1 
JAAQRG010099845.1 
JAAQRG010099875.1 
JAAQRG010100014.1 
JAAQRG010100321.1 
JAAQRG010100613.1 
JAAQRG010100834.1 
JAAQRG010100841.1 
JAAQRG010101176.1 
JAAQRG010101464.1 
JAAQRG010101558.1 
JAAQRG010101608.1 
JAAQRG010102264.1 
JAAQRG010102437.1 
JAAQRG010102815.1 
JAAQRG010102916.1 
JAAQRG010103060.1 
JAAQRG010103261.1 
JAAQRG010103469.1 
JAAQRG010103914.1 
JAAQRG010104131.1 
JAAQRG010104205.1 
JAAQRG010104618.1 
JAAQRG010104765.1 
JAAQRG010104894.1 
JAAQRG010104900.1 
JAAQRG010104912.1 
JAAQRG010105641.1 
JAAQRG010106025.1 
JAAQRG010106256.1 
JAAQRG010106453.1 
JAAQRG010106535.1 
JAAQRG010106707.1 
JAAQRG010107692.1 
JAAQRG010107742.1 
JAAQRG010108551.1 
JAAQRG010108563.1 
JAAQRG010108669.1 
JAAQRG010108804.1 
JAAQRG010108822.1 
JAAQRG010109178.1 
JAAQRG010109257.1 
JAAQRG010109871.1 
JAAQRG010110510.1 
JAAQRG010110796.1 
JAAQRG010111520.1 
JAAQRG010111683.1 
JAAQRG010111809.1 
JAAQRG010111858.1 
JAAQRG010111978.1 
JAAQRG010112099.1 
JAAQRG010112112.1 
JAAQRG010112289.1 
JAAQRG010113543.1 
JAAQRG010114177.1 
JAAQRG010114438.1 
JAAQRG010114446.1 
JAAQRG010114769.1 
JAAQRG010115102.1 
JAAQRG010115266.1 
JAAQRG010115268.1 
JAAQRG010115405.1 
JAAQRG010115459.1 
JAAQRG010116440.1 
JAAQRG010116650.1 
JAAQRG010117089.1 
JAAQRG010117193.1 
JAAQRG010117201.1 
JAAQRG010117721.1 
JAAQRG010117735.1 
JAAQRG010117907.1 
JAAQRG010118123.1 
JAAQRG010118350.1 
JAAQRG010118927.1 
JAAQRG010119029.1 
JAAQRG010119104.1 
JAAQRG010119172.1 
JAAQRG010119662.1 
JAAQRG010120090.1 
JAAQRG010120244.1 
JAAQRG010120758.1 
JAAQRG010121001.1 
JAAQRG010121069.1 
JAAQRG010121754.1 
JAAQRG010121838.1 
JAAQRG010121895.1 
JAAQRG010122461.1 
JAAQRG010123101.1 
JAAQRG010123343.1 
JAAQRG010123481.1 
JAAQRG010123706.1 
JAAQRG010123879.1 
JAAQRG010123934.1 
JAAQRG010123955.1 
JAAQRG010124434.1 
JAAQRG010124553.1 
JAAQRG010124652.1 
JAAQRG010125091.1 
JAAQRG010125113.1 
JAAQRG010125461.1 
JAAQRG010125665.1 
JAAQRG010125912.1 
JAAQRG010126080.1 
JAAQRG010126100.1 
JAAQRG010126159.1 
JAAQRG010126269.1 
JAAQRG010126270.1 
JAAQRG010126278.1 
JAAQRG010126381.1 
JAAQRG010126550.1 
JAAQRG010126702.1 
JAAQRG010128886.1 
JAAQRG010129066.1 
JAAQRG010129452.1 
JAAQRG010129755.1 
JAAQRG010130041.1 
JAAQRG010130118.1 
JAAQRG010130237.1 
JAAQRG010130400.1 
JAAQRG010131963.1 
JAAQRG010132184.1 
JAAQRG010133175.1 
JAAQRG010133311.1 
JAAQRG010133666.1 
JAAQRG010134242.1 
JAAQRG010134560.1 
JAAQRG010134693.1 
JAAQRG010134822.1 
JAAQRG010135093.1 
JAAQRG010135337.1 
JAAQRG010135812.1 
JAAQRG010136212.1 
JAAQRG010137432.1 
JAAQRG010137530.1 
JAAQRG010137985.1 
JAAQRG010138001.1 
JAAQRG010138193.1 
JAAQRG010138748.1 
JAAQRG010139426.1 
JAAQRG010139680.1 
JAAQRG010140643.1 
JAAQRG010141197.1 
JAAQRG010141220.1 
JAAQRG010142322.1 
JAAQRG010142612.1 
JAAQRG010142921.1 
JAAQRG010143295.1 
JAAQRG010144020.1 
JAAQRG010144566.1 
JAAQRG010145686.1 
JAAQRG010145803.1 
JAAQRG010145827.1 
JAAQRG010146804.1 
JAAQRG010147185.1 
JAAQRG010147528.1 
JAAQRG010148343.1 
JAAQRG010148619.1 
JAAQRG010148822.1 
JAAQRG010149464.1 
JAAQRG010149506.1 
JAAQRG010151058.1 
JAAQRG010151799.1 
JAAQRG010152660.1 
JAAQRG010153248.1 
JAAQRG010153352.1 
JAAQRG010153459.1 
JAAQRG010153552.1 
JAAQRG010153749.1 
JAAQRG010153769.1 
JAAQRG010155126.1 
JAAQRG010155847.1 
JAAQRG010156139.1 
JAAQRG010156157.1 
JAAQRG010156683.1 
JAAQRG010156737.1 
JAAQRG010156779.1 
JAAQRG010156904.1 
JAAQRG010157038.1 
JAAQRG010158627.1 
JAAQRG010158841.1 
JAAQRG010159277.1 
JAAQRG010159289.1 
JAAQRG010159389.1 
JAAQRG010160764.1 
JAAQRG010160968.1 
JAAQRG010161272.1 
JAAQRG010161376.1 
JAAQRG010161648.1 
JAAQRG010162047.1 
JAAQRG010162070.1 
JAAQRG010162364.1 
JAAQRG010162756.1 
JAAQRG010163122.1 
JAAQRG010163461.1 
JAAQRG010164077.1 
JAAQRG010164148.1 
JAAQRG010164272.1 
JAAQRG010165632.1 
JAAQRG010166653.1 
JAAQRG010167225.1 
JAAQRG010167616.1 
JAAQRG010167719.1 
JAAQRG010167745.1 
JAAQRG010167998.1 
JAAQRG010168451.1 
JAAQRG010168473.1 
JAAQRG010168621.1 
JAAQRG010168949.1 
JAAQRG010169101.1 
JAAQRG010169301.1 
JAAQRG010170921.1 
JAAQRG010171270.1 
JAAQRG010171836.1 
JAAQRG010172195.1 
JAAQRG010173431.1 
JAAQRG010173443.1 
JAAQRG010173808.1 
JAAQRG010174069.1 
JAAQRG010175085.1 
JAAQRG010175282.1 
JAAQRG010176538.1 
JAAQRG010177106.1 
JAAQRG010177381.1 
JAAQRG010177920.1 
JAAQRG010178731.1 
JAAQRG010181498.1 
JAAQRG010181894.1 
JAAQRG010182223.1 
JAAQRG010182787.1 
JAAQRG010183043.1 
JAAQRG010183426.1 
JAAQRG010183609.1 
JAAQRG010183721.1 
JAAQRG010184252.1 
JAAQRG010185077.1 
JAAQRG010186458.1 
JAAQRG010187149.1 
JAAQRG010188045.1 
JAAQRG010188144.1 
JAAQRG010188349.1 
JAAQRG010188618.1 
JAAQRG010188676.1 
JAAQRG010188881.1 
JAAQRG010189029.1 
JAAQRG010189568.1 
JAAQRG010190410.1 
JAAQRG010191024.1 
JAAQRG010191696.1 
JAAQRG010191914.1 
JAAQRG010192345.1 
JAAQRG010192840.1 
JAAQRG010193210.1 
JAAQRG010193233.1 
JAAQRG010193481.1 
JAAQRG010193840.1 
JAAQRG010194202.1 
JAAQRG010194348.1 
JAAQRG010194352.1 
JAAQRG010194884.1 
JAAQRG010195020.1 
JAAQRG010195067.1 
JAAQRG010195173.1 
JAAQRG010195415.1 
JAAQRG010195580.1 
JAAQRG010195897.1 
JAAQRG010195919.1 
JAAQRG010196704.1 
JAAQRG010197336.1 
JAAQRG010198018.1 
JAAQRG010198463.1 
JAAQRG010198988.1 
JAAQRG010199284.1 
JAAQRG010199320.1 
JAAQRG010199605.1 
JAAQRG010199630.1 
JAAQRG010199848.1 
JAAQRG010200014.1 
JAAQRG010200281.1 
JAAQRG010200668.1 
JAAQRG010200717.1 
JAAQRG010201013.1 
JAAQRG010201361.1 
JAAQRG010201569.1 
JAAQRG010201886.1 
JAAQRG010202440.1 
JAAQRG010203391.1 
JAAQRG010203686.1 
JAAQRG010204012.1 
JAAQRG010204060.1 
JAAQRG010204924.1 
JAAQRG010205225.1 
JAAQRG010205738.1 
JAAQRG010205745.1 
JAAQRG010205784.1 
JAAQRG010205791.1 
JAAQRG010206067.1 
JAAQRG010206668.1 
JAAQRG010207047.1 
JAAQRG010207105.1 
JAAQRG010207162.1 
JAAQRG010207275.1 
JAAQRG010207487.1 
JAAQRG010207971.1 
JAAQRG010208045.1 
JAAQRG010208238.1 
JAAQRG010208645.1 
JAAQRG010208968.1 
JAAQRG010209054.1 
JAAQRG010209298.1 
JAAQRG010209443.1 
JAAQRG010209450.1 
JAAQRG010209543.1 
JAAQRG010209547.1 
JAAQRG010209568.1 
JAAQRG010209740.1 
JAAQRG010209786.1 
JAAQRG010209893.1 
JAAQRG010209910.1 
JAAQRG010210253.1 
JAAQRG010210384.1 
JAAQRG010211117.1 
JAAQRG010211156.1 
JAAQRG010211487.1 
JAAQRG010211950.1 
JAAQRG010212603.1 
JAAQRG010213199.1 
JAAQRG010213204.1 
JAAQRG010213339.1 
JAAQRG010214151.1 
JAAQRG010215109.1 
JAAQRG010215748.1 
JAAQRG010216060.1 
JAAQRG010216364.1 
JAAQRG010217139.1 
JAAQRG010217602.1 
JAAQRG010217662.1 
JAAQRG010217916.1 
JAAQRG010218540.1 
JAAQRG010218808.1 
JAAQRG010218843.1 
JAAQRG010218956.1 
JAAQRG010219247.1 
JAAQRG010219386.1 
JAAQRG010219871.1 
JAAQRG010219896.1 
JAAQRG010220130.1 
JAAQRG010220131.1 
JAAQRG010220532.1 
JAAQRG010220682.1 
JAAQRG010220691.1 
JAAQRG010220813.1 
JAAQRG010221064.1 
JAAQRG010222344.1 
JAAQRG010222429.1 
JAAQRG010222592.1 
JAAQRG010222668.1 
JAAQRG010223271.1 
JAAQRG010223435.1 
JAAQRG010223558.1 
JAAQRG010223711.1 
JAAQRG010224017.1 
JAAQRG010224430.1 
JAAQRG010225363.1 
JAAQRG010226450.1 
JAAQRG010226632.1 
JAAQRG010226752.1 
JAAQRG010227247.1 
JAAQRG010227823.1 
JAAQRG010228105.1 
JAAQRG010228300.1 
JAAQRG010228753.1 
JAAQRG010228775.1 
JAAQRG010229178.1 
JAAQRG010229437.1 
JAAQRG010229626.1 
JAAQRG010231052.1 
JAAQRG010231262.1 
JAAQRG010231440.1 
JAAQRG010231722.1 
JAAQRG010232157.1 
JAAQRG010232423.1 
JAAQRG010232477.1 
JAAQRG010232597.1 
JAAQRG010232782.1 
JAAQRG010232956.1 
JAAQRG010233387.1 
JAAQRG010233580.1 
JAAQRG010234184.1 
JAAQRG010234664.1 
JAAQRG010235319.1 
JAAQRG010235347.1 
JAAQRG010235810.1 
JAAQRG010236004.1 
JAAQRG010236159.1 
JAAQRG010236327.1 
JAAQRG010236627.1 
JAAQRG010237988.1 
JAAQRG010238515.1 
JAAQRG010238687.1 
JAAQRG010238770.1 
JAAQRG010238965.1 
JAAQRG010239051.1 
JAAQRG010239339.1 
JAAQRG010239379.1 
JAAQRG010239566.1 
JAAQRG010239916.1 
JAAQRG010240083.1 
JAAQRG010240258.1 
JAAQRG010240573.1 
JAAQRG010241174.1 
JAAQRG010242463.1 
JAAQRG010243327.1 
JAAQRG010243638.1 
JAAQRG010243702.1 
JAAQRG010243913.1 
JAAQRG010244226.1 
JAAQRG010244590.1 
JAAQRG010244877.1 
JAAQRG010244999.1 
JAAQRG010245518.1 
JAAQRG010245678.1 
JAAQRG010245810.1 
JAAQRG010246012.1 
JAAQRG010246125.1 
JAAQRG010246167.1 
JAAQRG010246271.1 
JAAQRG010246286.1 
JAAQRG010246736.1 
JAAQRG010246818.1 
JAAQRG010247472.1 
JAAQRG010248281.1 
JAAQRG010248396.1 
JAAQRG010248625.1 
JAAQRG010248907.1 
JAAQRG010248942.1 
JAAQRG010249265.1 
JAAQRG010249809.1 
JAAQRG010249884.1 
JAAQRG010250021.1 
JAAQRG010250151.1 
JAAQRG010250523.1 
JAAQRG010250791.1 
JAAQRG010251188.1 
JAAQRG010251356.1 
JAAQRG010251359.1 
JAAQRG010251844.1 
JAAQRG010252189.1 
JAAQRG010252191.1 
JAAQRG010252265.1 
JAAQRG010252899.1 
JAAQRG010253001.1 
JAAQRG010253952.1 
JAAQRG010254085.1 
JAAQRG010254782.1 
JAAQRG010254878.1 
JAAQRG010255220.1 
JAAQRG010255715.1 
JAAQRG010256253.1 
JAAQRG010256898.1 
JAAQRG010257581.1 
JAAQRG010257830.1 
JAAQRG010258558.1 
JAAQRG010258767.1 
JAAQRG010259083.1 
JAAQRG010259432.1 
JAAQRG010260352.1 
JAAQRG010260614.1 
JAAQRG010261003.1 
JAAQRG010261104.1 
JAAQRG010261538.1 
JAAQRG010261563.1 
JAAQRG010262030.1 
JAAQRG010262065.1 
JAAQRG010262247.1 
JAAQRG010262523.1 
JAAQRG010262648.1 
JAAQRG010263468.1 
JAAQRG010263501.1 
JAAQRG010263529.1 
JAAQRG010263732.1 
JAAQRG010263767.1 
JAAQRG010263931.1 
JAAQRG010264075.1 
JAAQRG010264124.1 
JAAQRG010264457.1 
JAAQRG010265041.1 
JAAQRG010265503.1 
JAAQRG010265609.1 
JAAQRG010265619.1 
JAAQRG010265801.1 
JAAQRG010265853.1 
JAAQRG010266421.1 
JAAQRG010267052.1 
JAAQRG010267663.1 
JAAQRG010268251.1 
JAAQRG010268364.1 
JAAQRG010268511.1 
JAAQRG010268792.1 
JAAQRG010268808.1 
JAAQRG010269203.1 
JAAQRG010269867.1 
JAAQRG010270119.1 
JAAQRG010270170.1 
JAAQRG010270338.1 
JAAQRG010271204.1 
JAAQRG010271490.1 
JAAQRG010271511.1 
JAAQRG010271682.1 
JAAQRG010271767.1 
JAAQRG010271796.1 
JAAQRG010271988.1 
JAAQRG010272067.1 
JAAQRG010272086.1 
JAAQRG010272486.1 
JAAQRG010273057.1 
JAAQRG010273083.1 
JAAQRG010273093.1 
JAAQRG010273195.1 
JAAQRG010273373.1 
JAAQRG010273504.1 
JAAQRG010273541.1 
JAAQRG010273597.1 
JAAQRG010273725.1 
JAAQRG010273868.1 
JAAQRG010273882.1 
JAAQRG010273896.1 
JAAQRG010273959.1 
JAAQRG010274122.1 
JAAQRG010274633.1 
JAAQRG010275029.1 
JAAQRG010275220.1 
JAAQRG010275601.1 
JAAQRG010275666.1 
JAAQRG010275792.1 
JAAQRG010276241.1 
JAAQRG010276841.1 
JAAQRG010276931.1 
JAAQRG010277641.1 
JAAQRG010278312.1 
JAAQRG010278891.1 
JAAQRG010278962.1 
JAAQRG010279979.1 
JAAQRG010279987.1 
JAAQRG010280178.1 
JAAQRG010280190.1 
JAAQRG010280194.1 
JAAQRG010280718.1 
JAAQRG010282224.1 
JAAQRG010282502.1 
JAAQRG010282717.1 
JAAQRG010282747.1 
JAAQRG010282772.1 
JAAQRG010283183.1 
JAAQRG010283264.1 
JAAQRG010283371.1 
JAAQRG010283653.1 
JAAQRG010283699.1 
JAAQRG010284587.1 
JAAQRG010284975.1 
JAAQRG010285134.1 
JAAQRG010285168.1 
JAAQRG010285329.1 
JAAQRG010285369.1 
JAAQRG010285684.1 
JAAQRG010286147.1 
JAAQRG010286315.1 
JAAQRG010286459.1 
JAAQRG010286570.1 
JAAQRG010287089.1 
JAAQRG010287134.1 
JAAQRG010287265.1 
JAAQRG010287292.1 
JAAQRG010287984.1 
JAAQRG010288289.1 
JAAQRG010288743.1 
JAAQRG010288827.1 
JAAQRG010288893.1 
JAAQRG010289157.1 
JAAQRG010289300.1 
JAAQRG010289376.1 
JAAQRG010290232.1 
JAAQRG010290968.1 
JAAQRG010291068.1 
JAAQRG010291360.1 
JAAQRG010291662.1 
JAAQRG010291924.1 
JAAQRG010292055.1 
JAAQRG010292540.1 
JAAQRG010292762.1 
JAAQRG010292865.1 
JAAQRG010292969.1 
JAAQRG010293097.1 
JAAQRG010293504.1 
JAAQRG010293588.1 
JAAQRG010293590.1 
JAAQRG010293944.1 
JAAQRG010294060.1 
JAAQRG010294433.1 
JAAQRG010294693.1 
JAAQRG010294920.1 
JAAQRG010295829.1 
JAAQRG010296277.1 
JAAQRG010296992.1 
JAAQRG010297582.1 
JAAQRG010297672.1 
JAAQRG010298687.1 
JAAQRG010298886.1 
JAAQRG010299183.1 
JAAQRG010299917.1 
JAAQRG010300106.1 
JAAQRG010300441.1 
JAAQRG010300485.1 
JAAQRG010301111.1 
JAAQRG010301120.1 
JAAQRG010301718.1 
JAAQRG010302092.1 
JAAQRG010302237.1 
JAAQRG010302277.1 
JAAQRG010302386.1 
JAAQRG010302387.1 
JAAQRG010302538.1 
JAAQRG010302577.1 
JAAQRG010302769.1 
JAAQRG010303301.1 
JAAQRG010304294.1 
JAAQRG010304734.1 
JAAQRG010304966.1 
JAAQRG010305071.1 
JAAQRG010305351.1 
JAAQRG010305711.1 
JAAQRG010305929.1 
JAAQRG010305986.1 
JAAQRG010306312.1 
JAAQRG010306809.1 
JAAQRG010307148.1 
JAAQRG010307248.1 
JAAQRG010307514.1 
JAAQRG010307651.1 
JAAQRG010308302.1 
JAAQRG010308921.1 
JAAQRG010309364.1 
JAAQRG010309547.1 
JAAQRG010309571.1 
JAAQRG010310104.1 
JAAQRG010310275.1 
JAAQRG010311201.1 
JAAQRG010311284.1 
JAAQRG010311534.1 
JAAQRG010311782.1 
JAAQRG010311787.1 
JAAQRG010312756.1 
JAAQRG010313064.1 
JAAQRG010313252.1 
JAAQRG010313295.1 
JAAQRG010313306.1 
JAAQRG010313335.1 
JAAQRG010313819.1 
JAAQRG010313904.1 
JAAQRG010314102.1 
JAAQRG010314182.1 
JAAQRG010314193.1 
JAAQRG010314300.1 
JAAQRG010314414.1 
JAAQRG010314636.1 
JAAQRG010314892.1 
JAAQRG010315080.1 
JAAQRG010315142.1 
JAAQRG010315365.1 
JAAQRG010315907.1 
JAAQRG010316083.1 
JAAQRG010316577.1 
JAAQRG010316678.1 
JAAQRG010316714.1 
JAAQRG010316794.1 
JAAQRG010316969.1 
JAAQRG010317001.1 
JAAQRG010317232.1 
JAAQRG010317327.1 
JAAQRG010317646.1 
JAAQRG010318107.1 
JAAQRG010318745.1 
JAAQRG010319008.1 
JAAQRG010319585.1 
JAAQRG010319970.1 
JAAQRG010320040.1 
JAAQRG010320155.1 
JAAQRG010320370.1 
JAAQRG010321061.1 
JAAQRG010321317.1 
JAAQRG010321333.1 
JAAQRG010321701.1 
JAAQRG010322520.1 
JAAQRG010322604.1 
JAAQRG010323294.1 
JAAQRG010323650.1 
JAAQRG010323704.1 
JAAQRG010324437.1 
JAAQRG010324489.1 
JAAQRG010324962.1 
JAAQRG010325501.1 
JAAQRG010325566.1 
JAAQRG010325638.1 
JAAQRG010325743.1 
JAAQRG010325787.1 
JAAQRG010326669.1 
JAAQRG010326979.1 
JAAQRG010326992.1 
JAAQRG010327073.1 
JAAQRG010327162.1 
JAAQRG010327955.1 
JAAQRG010328106.1 
JAAQRG010328290.1 
JAAQRG010328311.1 
JAAQRG010328529.1 
JAAQRG010328641.1 
JAAQRG010328950.1 
JAAQRG010328977.1 
JAAQRG010329171.1 
JAAQRG010330462.1 
JAAQRG010331514.1 
JAAQRG010331764.1 
JAAQRG010332154.1 
JAAQRG010332296.1 
JAAQRG010332873.1 
JAAQRG010332948.1 
JAAQRG010333058.1 
JAAQRG010333126.1 
JAAQRG010333153.1 
JAAQRG010333494.1 
JAAQRG010333700.1 
JAAQRG010333843.1 
JAAQRG010333905.1 
JAAQRG010334684.1 
JAAQRG010335326.1 
JAAQRG010335826.1 
JAAQRG010336245.1 
JAAQRG010336418.1 
JAAQRG010336576.1 
JAAQRG010336615.1 
JAAQRG010336626.1 
JAAQRG010336662.1 
JAAQRG010336669.1 
JAAQRG010336686.1 
JAAQRG010336721.1 
JAAQRG010336749.1 
JAAQRG010336791.1 
JAAQRG010336917.1 
JAAQRG010336954.1 
JAAQRG010337201.1 
JAAQRG010337336.1 
JAAQRG010337869.1 
JAAQRG010338448.1 
JAAQRG010338542.1 
JAAQRG010338792.1 
JAAQRG010338863.1 
JAAQRG010338893.1 
JAAQRG010339008.1 
JAAQRG010339135.1 
JAAQRG010339415.1 
JAAQRG010339456.1 
JAAQRG010339553.1 
JAAQRG010339556.1 
JAAQRG010339561.1 
JAAQRG010339626.1 

Removed 21397 loci that did not pass sample/population constraints from 22671 loci.
Kept 1274 loci, composed of 169167 sites; 1628 of those sites were filtered, 1120 variant sites remained.
    166442 genomic sites, of which 2507 were covered by multiple loci (1.5%).
Mean genotyped sites per locus: 129.30bp (stderr 1.32).

Population summary statistics (more detail in populations.sumstats_summary.tsv):
  NoPop: 292.76 samples per locus; pi: 0.039528; all/variant/polymorphic sites: 164725/1120/1120; private alleles: 0
Populations is done.
